<?xml version="1.0" encoding="UTF-8"?>
<TestRun id="57701c9d-9806-4888-84eb-efe540169657" name="Ashley.lewis@ASH 2017-03-16 11:46:39" runUser="DEV2\Ashley.lewis" xmlns="http://microsoft.com/schemas/VisualStudio/TeamTest/2010">
  <TestSettings name="ExampleWorkflowExecutionSpecs" id="3264dd0f-6fc1-4cb9-b44f-c649fef29609">
    <Description>Run example workflow execution specs.</Description>
    <Deployment userDeploymentRoot="D:\Repos\GENDEV\Warewolf-ESB\Dev\TestScripts\Tests\MSTest\CI\TestResults" useDefaultDeploymentRoot="false" enabled="false" runDeploymentRoot="Ashley.lewis_ASH 2017-03-16 11_46_39" />
    <Execution>
      <Timeouts testTimeout="180000" />
      <TestTypeSpecific />
      <AgentRule name="Execution Agents">
      </AgentRule>
    </Execution>
    <Properties />
  </TestSettings>
  <Times creation="2017-03-16T11:46:39.2050371+02:00" queuing="2017-03-16T11:46:40.2563318+02:00" start="2017-03-16T11:46:40.4169806+02:00" finish="2017-03-16T11:55:25.9379856+02:00" />
  <ResultSummary outcome="Failed">
    <Counters total="222" executed="222" passed="205" error="0" failed="17" timeout="0" aborted="0" inconclusive="0" passedButRunAborted="0" notRunnable="0" notExecuted="0" disconnected="0" warning="0" completed="0" inProgress="0" pending="0" />
  </ResultSummary>
  <TestDefinitions>
    <UnitTest name="InsertForAllFilterTypeAndDefaultProvider_14" storage="d:\repos\gendev\warewolf-esb\dev\warewolf.specs\dev2.studio.core.specs.dll" id="7ce736f3-c51a-5485-41e9-e6ad19c0cbb4">
      <Description>Insert for All FilterType and Default Provider: 14</Description>
      <Execution id="64aa2237-d73b-4ea4-8481-214fdc0f62af" />
      <Properties>
        <Property>
          <Key>Parameter:filterType</Key>
          <Value>All</Value>
        </Property>
        <Property>
          <Key>Parameter:caretposition</Key>
          <Value>18</Value>
        </Property>
        <Property>
          <Key>VariantName</Key>
          <Value>14</Value>
        </Property>
        <Property>
          <Key>Parameter:option</Key>
          <Value>[[rec().var2]]</Value>
        </Property>
        <Property>
          <Key>Parameter:dropDownList</Key>
          <Value>[[var2]],[[rec().var2]]</Value>
        </Property>
        <Property>
          <Key>Parameter:testName</Key>
          <Value>14</Value>
        </Property>
        <Property>
          <Key>Parameter:provider</Key>
          <Value>Default</Value>
        </Property>
        <Property>
          <Key>Parameter:input</Key>
          <Value>text[[var2]]text</Value>
        </Property>
        <Property>
          <Key>FeatureTitle</Key>
          <Value>DefaultIntellisense</Value>
        </Property>
        <Property>
          <Key>Parameter:index</Key>
          <Value>10</Value>
        </Property>
        <Property>
          <Key>Parameter:result</Key>
          <Value>text[[rec().var2]]text</Value>
        </Property>
        <Property>
          <Key>Parameter:varlist</Key>
          <Value>[[var]],[[var2]],[[rec()]],[[rec().var2]],[[rec().var]]</Value>
        </Property>
      </Properties>
      <TestMethod codeBase="D:/Repos/GENDEV/Warewolf-ESB/Dev/Warewolf.Specs/Dev2.Studio.Core.Specs.DLL" adapterTypeName="Microsoft.VisualStudio.TestTools.TestTypes.Unit.UnitTestAdapter, Microsoft.VisualStudio.QualityTools.Tips.UnitTest.Adapter, Version=14.0.0.0, Culture=neutral, PublicKeyToken=b03f5f7f11d50a3a" className="Dev2.Studio.Core.Specs.IntellisenseSpecs.DefaultIntellisenseFeature, Dev2.Studio.Core.Specs, Version=0.0.6284.21037, Culture=neutral, PublicKeyToken=null" name="InsertForAllFilterTypeAndDefaultProvider_14" />
    </UnitTest>
    <UnitTest name="InsertForRecordsetFieldsFilterTypeAndDefaultProvider_8" storage="d:\repos\gendev\warewolf-esb\dev\warewolf.specs\dev2.studio.core.specs.dll" id="957790de-fbcb-20ce-4f00-8a7bfe34f8d6">
      <Description>Insert for RecordsetFields FilterType and Default Provider: 8</Description>
      <Execution id="c1ec0ffb-f098-498f-a49b-7245337654f3" />
      <Properties>
        <Property>
          <Key>Parameter:filterType</Key>
          <Value>RecordsetFields</Value>
        </Property>
        <Property>
          <Key>Parameter:caretposition</Key>
          <Value>12</Value>
        </Property>
        <Property>
          <Key>VariantName</Key>
          <Value>8</Value>
        </Property>
        <Property>
          <Key>Parameter:option</Key>
          <Value>[[rec(*).a]]</Value>
        </Property>
        <Property>
          <Key>Parameter:dropDownList</Key>
          <Value>[[rec().a]],[[rec(*).a]]</Value>
        </Property>
        <Property>
          <Key>Parameter:testName</Key>
          <Value>8</Value>
        </Property>
        <Property>
          <Key>Parameter:provider</Key>
          <Value>Default</Value>
        </Property>
        <Property>
          <Key>Parameter:input</Key>
          <Value>a a</Value>
        </Property>
        <Property>
          <Key>FeatureTitle</Key>
          <Value>DefaultIntellisense</Value>
        </Property>
        <Property>
          <Key>Parameter:index</Key>
          <Value>1</Value>
        </Property>
        <Property>
          <Key>Parameter:result</Key>
          <Value>[[rec(*).a]] a</Value>
        </Property>
        <Property>
          <Key>Parameter:varlist</Key>
          <Value>[[a]],[[rec()]],[[rec().a]],[[set()]],[[set().z]],[[rec(*)]],[[rec(*).a]],[[set(*)]],[[set(*).z]]</Value>
        </Property>
      </Properties>
      <TestMethod codeBase="D:/Repos/GENDEV/Warewolf-ESB/Dev/Warewolf.Specs/Dev2.Studio.Core.Specs.DLL" adapterTypeName="Microsoft.VisualStudio.TestTools.TestTypes.Unit.UnitTestAdapter, Microsoft.VisualStudio.QualityTools.Tips.UnitTest.Adapter, Version=14.0.0.0, Culture=neutral, PublicKeyToken=b03f5f7f11d50a3a" className="Dev2.Studio.Core.Specs.IntellisenseSpecs.DefaultIntellisenseFeature, Dev2.Studio.Core.Specs, Version=0.0.6284.21037, Culture=neutral, PublicKeyToken=null" name="InsertForRecordsetFieldsFilterTypeAndDefaultProvider_8" />
    </UnitTest>
    <UnitTest name="InsertForRecordsetFieldsFilterTypeAndDefaultProvider_10" storage="d:\repos\gendev\warewolf-esb\dev\warewolf.specs\dev2.studio.core.specs.dll" id="0193e41a-bae7-8e20-ee4d-94e82dc866cc">
      <Description>Insert for RecordsetFields FilterType and Default Provider: 10</Description>
      <Execution id="55b90dfb-2a0c-487a-a6fa-561ce8125972" />
      <Properties>
        <Property>
          <Key>Parameter:filterType</Key>
          <Value>RecordsetFields</Value>
        </Property>
        <Property>
          <Key>Parameter:caretposition</Key>
          <Value>11</Value>
        </Property>
        <Property>
          <Key>VariantName</Key>
          <Value>10</Value>
        </Property>
        <Property>
          <Key>Parameter:option</Key>
          <Value>[[rec().z]]</Value>
        </Property>
        <Property>
          <Key>Parameter:dropDownList</Key>
          <Value>[[rec().a]],[[rec(*).a]],[[rec().z]],[[rec(*).z]]</Value>
        </Property>
        <Property>
          <Key>Parameter:testName</Key>
          <Value>10</Value>
        </Property>
        <Property>
          <Key>Parameter:provider</Key>
          <Value>Default</Value>
        </Property>
        <Property>
          <Key>Parameter:input</Key>
          <Value>[[rec().a]],[[rec().a]]</Value>
        </Property>
        <Property>
          <Key>FeatureTitle</Key>
          <Value>DefaultIntellisense</Value>
        </Property>
        <Property>
          <Key>Parameter:index</Key>
          <Value>5</Value>
        </Property>
        <Property>
          <Key>Parameter:result</Key>
          <Value>[[rec().z]],[[rec().a]]</Value>
        </Property>
        <Property>
          <Key>Parameter:varlist</Key>
          <Value>[[rec()]],[[rec().a]],[[a]],[[rec().z]],[[rec(*)]],[[rec(*).a]],[[rec(*).z]]</Value>
        </Property>
      </Properties>
      <TestMethod codeBase="D:/Repos/GENDEV/Warewolf-ESB/Dev/Warewolf.Specs/Dev2.Studio.Core.Specs.DLL" adapterTypeName="Microsoft.VisualStudio.TestTools.TestTypes.Unit.UnitTestAdapter, Microsoft.VisualStudio.QualityTools.Tips.UnitTest.Adapter, Version=14.0.0.0, Culture=neutral, PublicKeyToken=b03f5f7f11d50a3a" className="Dev2.Studio.Core.Specs.IntellisenseSpecs.DefaultIntellisenseFeature, Dev2.Studio.Core.Specs, Version=0.0.6284.21037, Culture=neutral, PublicKeyToken=null" name="InsertForRecordsetFieldsFilterTypeAndDefaultProvider_10" />
    </UnitTest>
    <UnitTest name="InsertForAllFilterTypeAndDefaultProvider_11" storage="d:\repos\gendev\warewolf-esb\dev\warewolf.specs\dev2.studio.core.specs.dll" id="fd9775b8-5082-0ae9-609d-327882c7e59b">
      <Description>Insert for All FilterType and Default Provider: 11</Description>
      <Execution id="6c8aaadd-fa3c-4ddd-9a48-d4c77dbc8902" />
      <Properties>
        <Property>
          <Key>Parameter:filterType</Key>
          <Value>All</Value>
        </Property>
        <Property>
          <Key>Parameter:caretposition</Key>
          <Value>22</Value>
        </Property>
        <Property>
          <Key>VariantName</Key>
          <Value>11</Value>
        </Property>
        <Property>
          <Key>Parameter:option</Key>
          <Value>[[rec(*).var2]]</Value>
        </Property>
        <Property>
          <Key>Parameter:dropDownList</Key>
          <Value>[[var]],[[var2]],[[rec().var]],[[rec(*).var]],[[rec().var2]],[[rec(*).var2]]</Value>
        </Property>
        <Property>
          <Key>Parameter:testName</Key>
          <Value>11</Value>
        </Property>
        <Property>
          <Key>Parameter:provider</Key>
          <Value>Default</Value>
        </Property>
        <Property>
          <Key>Parameter:input</Key>
          <Value>[[var]][[var]]</Value>
        </Property>
        <Property>
          <Key>FeatureTitle</Key>
          <Value>DefaultIntellisense</Value>
        </Property>
        <Property>
          <Key>Parameter:index</Key>
          <Value>12</Value>
        </Property>
        <Property>
          <Key>Parameter:result</Key>
          <Value>[[var]][[rec(*).var2]]</Value>
        </Property>
        <Property>
          <Key>Parameter:varlist</Key>
          <Value>[[var]],[[var2]],[[rec()]],[[rec().var2]],[[rec(*).var2]],[[rec().var]],[[rec(*).var]]</Value>
        </Property>
      </Properties>
      <TestMethod codeBase="D:/Repos/GENDEV/Warewolf-ESB/Dev/Warewolf.Specs/Dev2.Studio.Core.Specs.DLL" adapterTypeName="Microsoft.VisualStudio.TestTools.TestTypes.Unit.UnitTestAdapter, Microsoft.VisualStudio.QualityTools.Tips.UnitTest.Adapter, Version=14.0.0.0, Culture=neutral, PublicKeyToken=b03f5f7f11d50a3a" className="Dev2.Studio.Core.Specs.IntellisenseSpecs.DefaultIntellisenseFeature, Dev2.Studio.Core.Specs, Version=0.0.6284.21037, Culture=neutral, PublicKeyToken=null" name="InsertForAllFilterTypeAndDefaultProvider_11" />
    </UnitTest>
    <UnitTest name="TestWFWithAggregateCalculate" storage="d:\repos\gendev\warewolf-esb\dev\warewolf.specs\dev2.activities.specs.dll" id="67420e28-07ca-60e3-b333-db57cab750ce">
      <Description>Test WF with Aggregate Calculate</Description>
      <TestCategory>
        <TestCategoryItem TestCategory="TestFramework" />
      </TestCategory>
      <Execution id="85b8eb3a-7827-4036-a5db-11ad227c4fc9" />
      <Properties>
        <Property>
          <Key>FeatureTitle</Key>
          <Value>StudioTestFramework</Value>
        </Property>
      </Properties>
      <TestMethod codeBase="D:/Repos/GENDEV/Warewolf-ESB/Dev/Warewolf.Specs/Dev2.Activities.Specs.DLL" adapterTypeName="Microsoft.VisualStudio.TestTools.TestTypes.Unit.UnitTestAdapter, Microsoft.VisualStudio.QualityTools.Tips.UnitTest.Adapter, Version=14.0.0.0, Culture=neutral, PublicKeyToken=b03f5f7f11d50a3a" className="Dev2.Activities.Specs.TestFramework.StudioTestFrameworkFeature, Dev2.Activities.Specs, Version=0.0.6284.21160, Culture=neutral, PublicKeyToken=null" name="TestWFWithAggregateCalculate" />
    </UnitTest>
    <UnitTest name="DeleteAnDisabledTest" storage="d:\repos\gendev\warewolf-esb\dev\warewolf.specs\dev2.activities.specs.dll" id="0c9c7614-6a5a-4aeb-e1b1-311b92485073">
      <Description>Delete an Disabled Test</Description>
      <TestCategory>
        <TestCategoryItem TestCategory="TestFramework" />
      </TestCategory>
      <Execution id="e7f03e47-4c6b-4328-9848-0bff4c276576" />
      <Properties>
        <Property>
          <Key>FeatureTitle</Key>
          <Value>StudioTestFramework</Value>
        </Property>
      </Properties>
      <TestMethod codeBase="D:/Repos/GENDEV/Warewolf-ESB/Dev/Warewolf.Specs/Dev2.Activities.Specs.DLL" adapterTypeName="Microsoft.VisualStudio.TestTools.TestTypes.Unit.UnitTestAdapter, Microsoft.VisualStudio.QualityTools.Tips.UnitTest.Adapter, Version=14.0.0.0, Culture=neutral, PublicKeyToken=b03f5f7f11d50a3a" className="Dev2.Activities.Specs.TestFramework.StudioTestFrameworkFeature, Dev2.Activities.Specs, Version=0.0.6284.21160, Culture=neutral, PublicKeyToken=null" name="DeleteAnDisabledTest" />
    </UnitTest>
    <UnitTest name="TestWFWithCountRecord" storage="d:\repos\gendev\warewolf-esb\dev\warewolf.specs\dev2.activities.specs.dll" id="78af3c83-cb15-4087-4bee-72feb118f0a5">
      <Description>Test WF with Count Record</Description>
      <TestCategory>
        <TestCategoryItem TestCategory="TestFramework" />
      </TestCategory>
      <Execution id="72d002d4-ebcf-447b-8e49-989de441805e" />
      <Properties>
        <Property>
          <Key>FeatureTitle</Key>
          <Value>StudioTestFramework</Value>
        </Property>
      </Properties>
      <TestMethod codeBase="D:/Repos/GENDEV/Warewolf-ESB/Dev/Warewolf.Specs/Dev2.Activities.Specs.DLL" adapterTypeName="Microsoft.VisualStudio.TestTools.TestTypes.Unit.UnitTestAdapter, Microsoft.VisualStudio.QualityTools.Tips.UnitTest.Adapter, Version=14.0.0.0, Culture=neutral, PublicKeyToken=b03f5f7f11d50a3a" className="Dev2.Activities.Specs.TestFramework.StudioTestFrameworkFeature, Dev2.Activities.Specs, Version=0.0.6284.21160, Culture=neutral, PublicKeyToken=null" name="TestWFWithCountRecord" />
    </UnitTest>
    <UnitTest name="InsertForJsonFilterTypeAndDefaultProvider_4" storage="d:\repos\gendev\warewolf-esb\dev\warewolf.specs\dev2.studio.core.specs.dll" id="1c8e4cee-0a69-0ad2-23fc-79b8fcc2236f">
      <Description>Insert for Json FilterType and Default Provider: 4</Description>
      <Execution id="7f8f15df-b383-411d-94ce-5b87b8f889db" />
      <Properties>
        <Property>
          <Key>Parameter:filterType</Key>
          <Value>JsonObject</Value>
        </Property>
        <Property>
          <Key>Parameter:caretposition</Key>
          <Value>16</Value>
        </Property>
        <Property>
          <Key>VariantName</Key>
          <Value>4</Value>
        </Property>
        <Property>
          <Key>Parameter:option</Key>
          <Value>[[@Person.name]]</Value>
        </Property>
        <Property>
          <Key>Parameter:dropDownList</Key>
          <Value>[[@Person.name]]</Value>
        </Property>
        <Property>
          <Key>Parameter:testName</Key>
          <Value>4</Value>
        </Property>
        <Property>
          <Key>Parameter:provider</Key>
          <Value>Default</Value>
        </Property>
        <Property>
          <Key>Parameter:input</Key>
          <Value>[[@Person.</Value>
        </Property>
        <Property>
          <Key>FeatureTitle</Key>
          <Value>DefaultIntellisense</Value>
        </Property>
        <Property>
          <Key>Parameter:index</Key>
          <Value>10</Value>
        </Property>
        <Property>
          <Key>Parameter:result</Key>
          <Value>[[@Person.name]]</Value>
        </Property>
        <Property>
          <Key>Parameter:varlist</Key>
          <Value>[[@Person]],[[@Person.name]]</Value>
        </Property>
      </Properties>
      <TestMethod codeBase="D:/Repos/GENDEV/Warewolf-ESB/Dev/Warewolf.Specs/Dev2.Studio.Core.Specs.DLL" adapterTypeName="Microsoft.VisualStudio.TestTools.TestTypes.Unit.UnitTestAdapter, Microsoft.VisualStudio.QualityTools.Tips.UnitTest.Adapter, Version=14.0.0.0, Culture=neutral, PublicKeyToken=b03f5f7f11d50a3a" className="Dev2.Studio.Core.Specs.IntellisenseSpecs.DefaultIntellisenseFeature, Dev2.Studio.Core.Specs, Version=0.0.6284.21037, Culture=neutral, PublicKeyToken=null" name="InsertForJsonFilterTypeAndDefaultProvider_4" />
    </UnitTest>
    <UnitTest name="InsertForAllFilterTypeAndCalculateProvider_8" storage="d:\repos\gendev\warewolf-esb\dev\warewolf.specs\dev2.studio.core.specs.dll" id="a841a69e-d4f5-c397-a237-c245f7952c3d">
      <Description>Insert for All FilterType and Calculate Provider: 8</Description>
      <Execution id="dfee9b53-3204-4d90-bcf9-102e357698c2" />
      <Properties>
        <Property>
          <Key>Parameter:filterType</Key>
          <Value>All</Value>
        </Property>
        <Property>
          <Key>Parameter:caretposition</Key>
          <Value>11</Value>
        </Property>
        <Property>
          <Key>VariantName</Key>
          <Value>8</Value>
        </Property>
        <Property>
          <Key>Parameter:option</Key>
          <Value>[[att]]</Value>
        </Property>
        <Property>
          <Key>Parameter:dropDownList</Key>
          <Value>[[att]]</Value>
        </Property>
        <Property>
          <Key>Parameter:testName</Key>
          <Value>8</Value>
        </Property>
        <Property>
          <Key>Parameter:provider</Key>
          <Value>Default, Calculate</Value>
        </Property>
        <Property>
          <Key>Parameter:input</Key>
          <Value>tan([[at]]) tan([[a]])</Value>
        </Property>
        <Property>
          <Key>FeatureTitle</Key>
          <Value>DefaultIntellisense</Value>
        </Property>
        <Property>
          <Key>Parameter:index</Key>
          <Value>8</Value>
        </Property>
        <Property>
          <Key>Parameter:result</Key>
          <Value>tan([[att]]) tan([[a]])</Value>
        </Property>
        <Property>
          <Key>Parameter:varlist</Key>
          <Value>&lt;a/&gt;&lt;att/&gt;&lt;sum&gt;&lt;b/&gt;&lt;/sum&gt;</Value>
        </Property>
      </Properties>
      <TestMethod codeBase="D:/Repos/GENDEV/Warewolf-ESB/Dev/Warewolf.Specs/Dev2.Studio.Core.Specs.DLL" adapterTypeName="Microsoft.VisualStudio.TestTools.TestTypes.Unit.UnitTestAdapter, Microsoft.VisualStudio.QualityTools.Tips.UnitTest.Adapter, Version=14.0.0.0, Culture=neutral, PublicKeyToken=b03f5f7f11d50a3a" className="Dev2.Studio.Core.Specs.IntellisenseSpecs.DefaultIntellisenseFeature, Dev2.Studio.Core.Specs, Version=0.0.6284.21037, Culture=neutral, PublicKeyToken=null" name="InsertForAllFilterTypeAndCalculateProvider_8" />
    </UnitTest>
    <UnitTest name="InsertForAllFilterTypeAndDefaultProvider_5" storage="d:\repos\gendev\warewolf-esb\dev\warewolf.specs\dev2.studio.core.specs.dll" id="53bceb39-1211-f8e8-53fc-2e5024f27d50">
      <Description>Insert for All FilterType and Default Provider: 5</Description>
      <Execution id="25bc4174-c994-4c7f-afed-f1f09e92743c" />
      <Properties>
        <Property>
          <Key>Parameter:filterType</Key>
          <Value>All</Value>
        </Property>
        <Property>
          <Key>Parameter:caretposition</Key>
          <Value>20</Value>
        </Property>
        <Property>
          <Key>VariantName</Key>
          <Value>5</Value>
        </Property>
        <Property>
          <Key>Parameter:option</Key>
          <Value>[[var2]]</Value>
        </Property>
        <Property>
          <Key>Parameter:dropDownList</Key>
          <Value>[[var]],[[var2]]</Value>
        </Property>
        <Property>
          <Key>Parameter:testName</Key>
          <Value>5</Value>
        </Property>
        <Property>
          <Key>Parameter:provider</Key>
          <Value>Default</Value>
        </Property>
        <Property>
          <Key>Parameter:input</Key>
          <Value>text[[rec().[[var</Value>
        </Property>
        <Property>
          <Key>FeatureTitle</Key>
          <Value>DefaultIntellisense</Value>
        </Property>
        <Property>
          <Key>Parameter:index</Key>
          <Value>17</Value>
        </Property>
        <Property>
          <Key>Parameter:result</Key>
          <Value>text[[rec().[[var2]]</Value>
        </Property>
        <Property>
          <Key>Parameter:varlist</Key>
          <Value>[[var]],[[var2]],[[rec()]],[[rec().var2]],[[rec().var]]</Value>
        </Property>
      </Properties>
      <TestMethod codeBase="D:/Repos/GENDEV/Warewolf-ESB/Dev/Warewolf.Specs/Dev2.Studio.Core.Specs.DLL" adapterTypeName="Microsoft.VisualStudio.TestTools.TestTypes.Unit.UnitTestAdapter, Microsoft.VisualStudio.QualityTools.Tips.UnitTest.Adapter, Version=14.0.0.0, Culture=neutral, PublicKeyToken=b03f5f7f11d50a3a" className="Dev2.Studio.Core.Specs.IntellisenseSpecs.DefaultIntellisenseFeature, Dev2.Studio.Core.Specs, Version=0.0.6284.21037, Culture=neutral, PublicKeyToken=null" name="InsertForAllFilterTypeAndDefaultProvider_5" />
    </UnitTest>
    <UnitTest name="TestWFWithAssignObject" storage="d:\repos\gendev\warewolf-esb\dev\warewolf.specs\dev2.activities.specs.dll" id="39ac3426-339b-03f1-5b9b-51bb69804c53">
      <Description>Test WF with Assign Object</Description>
      <TestCategory>
        <TestCategoryItem TestCategory="TestFramework" />
      </TestCategory>
      <Execution id="8160fd22-f104-4ac6-8736-947f50467a29" />
      <Properties>
        <Property>
          <Key>FeatureTitle</Key>
          <Value>StudioTestFramework</Value>
        </Property>
      </Properties>
      <TestMethod codeBase="D:/Repos/GENDEV/Warewolf-ESB/Dev/Warewolf.Specs/Dev2.Activities.Specs.DLL" adapterTypeName="Microsoft.VisualStudio.TestTools.TestTypes.Unit.UnitTestAdapter, Microsoft.VisualStudio.QualityTools.Tips.UnitTest.Adapter, Version=14.0.0.0, Culture=neutral, PublicKeyToken=b03f5f7f11d50a3a" className="Dev2.Activities.Specs.TestFramework.StudioTestFrameworkFeature, Dev2.Activities.Specs, Version=0.0.6284.21160, Culture=neutral, PublicKeyToken=null" name="TestWFWithAssignObject" />
    </UnitTest>
    <UnitTest name="DeleteFolderWithResourcesDeletesAllTests" storage="d:\repos\gendev\warewolf-esb\dev\warewolf.specs\dev2.activities.specs.dll" id="45bef883-5404-57ca-e724-ad4a627d53d9">
      <Description>Delete folder with resources deletes all tests</Description>
      <TestCategory>
        <TestCategoryItem TestCategory="TestFramework" />
      </TestCategory>
      <Execution id="5eb4e53c-f6d3-4ecd-b0e1-876c5c442d41" />
      <Properties>
        <Property>
          <Key>FeatureTitle</Key>
          <Value>StudioTestFramework</Value>
        </Property>
      </Properties>
      <TestMethod codeBase="D:/Repos/GENDEV/Warewolf-ESB/Dev/Warewolf.Specs/Dev2.Activities.Specs.DLL" adapterTypeName="Microsoft.VisualStudio.TestTools.TestTypes.Unit.UnitTestAdapter, Microsoft.VisualStudio.QualityTools.Tips.UnitTest.Adapter, Version=14.0.0.0, Culture=neutral, PublicKeyToken=b03f5f7f11d50a3a" className="Dev2.Activities.Specs.TestFramework.StudioTestFrameworkFeature, Dev2.Activities.Specs, Version=0.0.6284.21160, Culture=neutral, PublicKeyToken=null" name="DeleteFolderWithResourcesDeletesAllTests" />
    </UnitTest>
    <UnitTest name="InsertForJsonFilterTypeAndDefaultProvider_9" storage="d:\repos\gendev\warewolf-esb\dev\warewolf.specs\dev2.studio.core.specs.dll" id="8c0fc86a-9c6a-fc31-51b3-d421b501ace0">
      <Description>Insert for Json FilterType and Default Provider: 9</Description>
      <Execution id="d8acf5c7-3c8d-474f-9f73-7b29ddd9e612" />
      <Properties>
        <Property>
          <Key>Parameter:filterType</Key>
          <Value>JsonObject</Value>
        </Property>
        <Property>
          <Key>Parameter:caretposition</Key>
          <Value>16</Value>
        </Property>
        <Property>
          <Key>VariantName</Key>
          <Value>9</Value>
        </Property>
        <Property>
          <Key>Parameter:option</Key>
          <Value>[[@Person.name]]</Value>
        </Property>
        <Property>
          <Key>Parameter:dropDownList</Key>
          <Value>[[@Person.Age]],[[@Person.name]],[[@Person]]</Value>
        </Property>
        <Property>
          <Key>Parameter:testName</Key>
          <Value>9</Value>
        </Property>
        <Property>
          <Key>Parameter:provider</Key>
          <Value>Default</Value>
        </Property>
        <Property>
          <Key>Parameter:input</Key>
          <Value>@P</Value>
        </Property>
        <Property>
          <Key>FeatureTitle</Key>
          <Value>DefaultIntellisense</Value>
        </Property>
        <Property>
          <Key>Parameter:index</Key>
          <Value>2</Value>
        </Property>
        <Property>
          <Key>Parameter:result</Key>
          <Value>[[@Person.name]]</Value>
        </Property>
        <Property>
          <Key>Parameter:varlist</Key>
          <Value>[[@Person]],[[@Person.name]],[[@Person.Age]]</Value>
        </Property>
      </Properties>
      <TestMethod codeBase="D:/Repos/GENDEV/Warewolf-ESB/Dev/Warewolf.Specs/Dev2.Studio.Core.Specs.DLL" adapterTypeName="Microsoft.VisualStudio.TestTools.TestTypes.Unit.UnitTestAdapter, Microsoft.VisualStudio.QualityTools.Tips.UnitTest.Adapter, Version=14.0.0.0, Culture=neutral, PublicKeyToken=b03f5f7f11d50a3a" className="Dev2.Studio.Core.Specs.IntellisenseSpecs.DefaultIntellisenseFeature, Dev2.Studio.Core.Specs, Version=0.0.6284.21037, Culture=neutral, PublicKeyToken=null" name="InsertForJsonFilterTypeAndDefaultProvider_9" />
    </UnitTest>
    <UnitTest name="TestWFWithRandom" storage="d:\repos\gendev\warewolf-esb\dev\warewolf.specs\dev2.activities.specs.dll" id="6cddc4bc-7907-beb9-e411-b23623bf139b">
      <Description>Test WF with Random</Description>
      <TestCategory>
        <TestCategoryItem TestCategory="TestFramework" />
      </TestCategory>
      <Execution id="21fa2357-427d-44f2-acd0-6195aa1c39f0" />
      <Properties>
        <Property>
          <Key>FeatureTitle</Key>
          <Value>StudioTestFramework</Value>
        </Property>
      </Properties>
      <TestMethod codeBase="D:/Repos/GENDEV/Warewolf-ESB/Dev/Warewolf.Specs/Dev2.Activities.Specs.DLL" adapterTypeName="Microsoft.VisualStudio.TestTools.TestTypes.Unit.UnitTestAdapter, Microsoft.VisualStudio.QualityTools.Tips.UnitTest.Adapter, Version=14.0.0.0, Culture=neutral, PublicKeyToken=b03f5f7f11d50a3a" className="Dev2.Activities.Specs.TestFramework.StudioTestFrameworkFeature, Dev2.Activities.Specs, Version=0.0.6284.21160, Culture=neutral, PublicKeyToken=null" name="TestWFWithRandom" />
    </UnitTest>
    <UnitTest name="TestWFWithRabbitMqConsume" storage="d:\repos\gendev\warewolf-esb\dev\warewolf.specs\dev2.activities.specs.dll" id="51a92cf6-09f8-e546-4877-010ca59c1c31">
      <Description>Test WF with RabbitMq Consume</Description>
      <TestCategory>
        <TestCategoryItem TestCategory="TestFramework" />
      </TestCategory>
      <Execution id="e44eddcf-c096-4022-8786-8e6b5cbef70d" />
      <Properties>
        <Property>
          <Key>FeatureTitle</Key>
          <Value>StudioTestFramework</Value>
        </Property>
      </Properties>
      <TestMethod codeBase="D:/Repos/GENDEV/Warewolf-ESB/Dev/Warewolf.Specs/Dev2.Activities.Specs.DLL" adapterTypeName="Microsoft.VisualStudio.TestTools.TestTypes.Unit.UnitTestAdapter, Microsoft.VisualStudio.QualityTools.Tips.UnitTest.Adapter, Version=14.0.0.0, Culture=neutral, PublicKeyToken=b03f5f7f11d50a3a" className="Dev2.Activities.Specs.TestFramework.StudioTestFrameworkFeature, Dev2.Activities.Specs, Version=0.0.6284.21160, Culture=neutral, PublicKeyToken=null" name="TestWFWithRabbitMqConsume" />
    </UnitTest>
    <UnitTest name="InsertForRecordsetFieldsFilterTypeAndDefaultProvider_1" storage="d:\repos\gendev\warewolf-esb\dev\warewolf.specs\dev2.studio.core.specs.dll" id="35e6c9fc-fecf-66cb-c6b6-1bc0d33ee746">
      <Description>Insert for RecordsetFields FilterType and Default Provider: 1</Description>
      <Execution id="70002bc2-3b00-400e-b333-234c3c06c63c" />
      <Properties>
        <Property>
          <Key>Parameter:filterType</Key>
          <Value>RecordsetFields</Value>
        </Property>
        <Property>
          <Key>Parameter:caretposition</Key>
          <Value>12</Value>
        </Property>
        <Property>
          <Key>VariantName</Key>
          <Value>1</Value>
        </Property>
        <Property>
          <Key>Parameter:option</Key>
          <Value>[[rec(*).a]]</Value>
        </Property>
        <Property>
          <Key>Parameter:dropDownList</Key>
          <Value>[[rec().a]],[[rec(*).a]]</Value>
        </Property>
        <Property>
          <Key>Parameter:testName</Key>
          <Value>1</Value>
        </Property>
        <Property>
          <Key>Parameter:provider</Key>
          <Value>Default</Value>
        </Property>
        <Property>
          <Key>Parameter:input</Key>
          <Value>a</Value>
        </Property>
        <Property>
          <Key>FeatureTitle</Key>
          <Value>DefaultIntellisense</Value>
        </Property>
        <Property>
          <Key>Parameter:index</Key>
          <Value>1</Value>
        </Property>
        <Property>
          <Key>Parameter:result</Key>
          <Value>[[rec(*).a]]</Value>
        </Property>
        <Property>
          <Key>Parameter:varlist</Key>
          <Value>[[a]],[[rec()]],[[rec().a]],[[set()]],[[set().z]],[[rec(*)]],[[rec(*).a]],[[set(*)]],[[set(*).z]]</Value>
        </Property>
      </Properties>
      <TestMethod codeBase="D:/Repos/GENDEV/Warewolf-ESB/Dev/Warewolf.Specs/Dev2.Studio.Core.Specs.DLL" adapterTypeName="Microsoft.VisualStudio.TestTools.TestTypes.Unit.UnitTestAdapter, Microsoft.VisualStudio.QualityTools.Tips.UnitTest.Adapter, Version=14.0.0.0, Culture=neutral, PublicKeyToken=b03f5f7f11d50a3a" className="Dev2.Studio.Core.Specs.IntellisenseSpecs.DefaultIntellisenseFeature, Dev2.Studio.Core.Specs, Version=0.0.6284.21037, Culture=neutral, PublicKeyToken=null" name="InsertForRecordsetFieldsFilterTypeAndDefaultProvider_1" />
    </UnitTest>
    <UnitTest name="LoadingExistingTests" storage="d:\repos\gendev\warewolf-esb\dev\warewolf.specs\dev2.activities.specs.dll" id="433b852c-f49c-ab8b-fffa-dd321f48e9c4">
      <Description>Loading existing Tests</Description>
      <TestCategory>
        <TestCategoryItem TestCategory="TestFramework" />
      </TestCategory>
      <Execution id="8405dfef-c471-428e-8425-bdcadcd1e4f5" />
      <Properties>
        <Property>
          <Key>FeatureTitle</Key>
          <Value>StudioTestFramework</Value>
        </Property>
      </Properties>
      <TestMethod codeBase="D:/Repos/GENDEV/Warewolf-ESB/Dev/Warewolf.Specs/Dev2.Activities.Specs.DLL" adapterTypeName="Microsoft.VisualStudio.TestTools.TestTypes.Unit.UnitTestAdapter, Microsoft.VisualStudio.QualityTools.Tips.UnitTest.Adapter, Version=14.0.0.0, Culture=neutral, PublicKeyToken=b03f5f7f11d50a3a" className="Dev2.Activities.Specs.TestFramework.StudioTestFrameworkFeature, Dev2.Activities.Specs, Version=0.0.6284.21160, Culture=neutral, PublicKeyToken=null" name="LoadingExistingTests" />
    </UnitTest>
    <UnitTest name="InsertForJsonFilterTypeAndDefaultProvider_23" storage="d:\repos\gendev\warewolf-esb\dev\warewolf.specs\dev2.studio.core.specs.dll" id="7b0d0ac0-2e89-a1ac-9c45-d62d679c879e">
      <Description>Insert for Json FilterType and Default Provider: 23</Description>
      <Execution id="0716e841-09eb-4991-87fa-2405bbd67772" />
      <Properties>
        <Property>
          <Key>Parameter:filterType</Key>
          <Value>JsonObject</Value>
        </Property>
        <Property>
          <Key>Parameter:caretposition</Key>
          <Value>22</Value>
        </Property>
        <Property>
          <Key>VariantName</Key>
          <Value>23</Value>
        </Property>
        <Property>
          <Key>Parameter:option</Key>
          <Value>[[@Person.Child.Name]]</Value>
        </Property>
        <Property>
          <Key>Parameter:dropDownList</Key>
          <Value>[[@Person.Child.Name]]</Value>
        </Property>
        <Property>
          <Key>Parameter:testName</Key>
          <Value>23</Value>
        </Property>
        <Property>
          <Key>Parameter:provider</Key>
          <Value>Default</Value>
        </Property>
        <Property>
          <Key>Parameter:input</Key>
          <Value>Name</Value>
        </Property>
        <Property>
          <Key>FeatureTitle</Key>
          <Value>DefaultIntellisense</Value>
        </Property>
        <Property>
          <Key>Parameter:index</Key>
          <Value>1</Value>
        </Property>
        <Property>
          <Key>Parameter:result</Key>
          <Value>[[@Person.Child.Name]]</Value>
        </Property>
        <Property>
          <Key>Parameter:varlist</Key>
          <Value>[[@Person]],[[@Person.name]],[[@Person.Age]],[[@Person.Child.Name]]</Value>
        </Property>
      </Properties>
      <TestMethod codeBase="D:/Repos/GENDEV/Warewolf-ESB/Dev/Warewolf.Specs/Dev2.Studio.Core.Specs.DLL" adapterTypeName="Microsoft.VisualStudio.TestTools.TestTypes.Unit.UnitTestAdapter, Microsoft.VisualStudio.QualityTools.Tips.UnitTest.Adapter, Version=14.0.0.0, Culture=neutral, PublicKeyToken=b03f5f7f11d50a3a" className="Dev2.Studio.Core.Specs.IntellisenseSpecs.DefaultIntellisenseFeature, Dev2.Studio.Core.Specs, Version=0.0.6284.21037, Culture=neutral, PublicKeyToken=null" name="InsertForJsonFilterTypeAndDefaultProvider_23" />
    </UnitTest>
    <UnitTest name="InsertForAllFilterTypeAndFileProvider_5" storage="d:\repos\gendev\warewolf-esb\dev\warewolf.specs\dev2.studio.core.specs.dll" id="d1ec9805-5953-3f77-a4d2-b6c7261b3c19">
      <Description>Insert for All FilterType and File Provider: 5</Description>
      <Execution id="5485682b-db30-467a-ad6c-a7f930084477" />
      <Properties>
        <Property>
          <Key>Parameter:filterType</Key>
          <Value>All</Value>
        </Property>
        <Property>
          <Key>VariantName</Key>
          <Value>5</Value>
        </Property>
        <Property>
          <Key>Parameter:dropDownList</Key>
          <Value>[[file(*).name]],[[file(*)]],[[file().name]],[[file()]],[[myfile]]</Value>
        </Property>
        <Property>
          <Key>Parameter:pathStructure</Key>
          <Value>
          </Value>
        </Property>
        <Property>
          <Key>FeatureTitle</Key>
          <Value>DefaultIntellisense</Value>
        </Property>
        <Property>
          <Key>Parameter:provider</Key>
          <Value>Default, File</Value>
        </Property>
        <Property>
          <Key>Parameter:index</Key>
          <Value>18</Value>
        </Property>
        <Property>
          <Key>Parameter:result</Key>
          <Value>c:\[[myfile]][[file().name]]</Value>
        </Property>
        <Property>
          <Key>Parameter:caretposition</Key>
          <Value>28</Value>
        </Property>
        <Property>
          <Key>Parameter:testName</Key>
          <Value>5</Value>
        </Property>
        <Property>
          <Key>Parameter:input</Key>
          <Value>c:\[[myfile]][[fil</Value>
        </Property>
        <Property>
          <Key>Parameter:varlist</Key>
          <Value>&lt;myfile/&gt;&lt;file&gt;&lt;name/&gt;&lt;/file&gt;</Value>
        </Property>
        <Property>
          <Key>Parameter:option</Key>
          <Value>[[file().name]]</Value>
        </Property>
      </Properties>
      <TestMethod codeBase="D:/Repos/GENDEV/Warewolf-ESB/Dev/Warewolf.Specs/Dev2.Studio.Core.Specs.DLL" adapterTypeName="Microsoft.VisualStudio.TestTools.TestTypes.Unit.UnitTestAdapter, Microsoft.VisualStudio.QualityTools.Tips.UnitTest.Adapter, Version=14.0.0.0, Culture=neutral, PublicKeyToken=b03f5f7f11d50a3a" className="Dev2.Studio.Core.Specs.IntellisenseSpecs.DefaultIntellisenseFeature, Dev2.Studio.Core.Specs, Version=0.0.6284.21037, Culture=neutral, PublicKeyToken=null" name="InsertForAllFilterTypeAndFileProvider_5" />
    </UnitTest>
    <UnitTest name="ScheduleWithHistory" storage="d:\repos\gendev\warewolf-esb\dev\warewolf.specs\dev2.activities.specs.dll" id="2f888c58-e556-0cd9-574e-154298558283">
      <Description>Schedule with history</Description>
      <TestCategory>
        <TestCategoryItem TestCategory="Scheduler" />
      </TestCategory>
      <Execution id="3d8b7fb8-1827-4ff5-8334-4bc52d5092c2" />
      <Properties>
        <Property>
          <Key>FeatureTitle</Key>
          <Value>Scheduler</Value>
        </Property>
      </Properties>
      <TestMethod codeBase="D:/Repos/GENDEV/Warewolf-ESB/Dev/Warewolf.Specs/Dev2.Activities.Specs.DLL" adapterTypeName="Microsoft.VisualStudio.TestTools.TestTypes.Unit.UnitTestAdapter, Microsoft.VisualStudio.QualityTools.Tips.UnitTest.Adapter, Version=14.0.0.0, Culture=neutral, PublicKeyToken=b03f5f7f11d50a3a" className="Dev2.Activities.Specs.Scheduler.SchedulerFeature, Dev2.Activities.Specs, Version=0.0.6284.21160, Culture=neutral, PublicKeyToken=null" name="ScheduleWithHistory" />
    </UnitTest>
    <UnitTest name="TestWFWithWebGet" storage="d:\repos\gendev\warewolf-esb\dev\warewolf.specs\dev2.activities.specs.dll" id="50e19035-45b2-164a-4d5e-a6469b1529dc">
      <Description>Test WF with Web Get</Description>
      <TestCategory>
        <TestCategoryItem TestCategory="TestFramework" />
      </TestCategory>
      <Execution id="2fa8f48d-265e-42e4-bc00-cb0347cbeded" />
      <Properties>
        <Property>
          <Key>FeatureTitle</Key>
          <Value>StudioTestFramework</Value>
        </Property>
      </Properties>
      <TestMethod codeBase="D:/Repos/GENDEV/Warewolf-ESB/Dev/Warewolf.Specs/Dev2.Activities.Specs.DLL" adapterTypeName="Microsoft.VisualStudio.TestTools.TestTypes.Unit.UnitTestAdapter, Microsoft.VisualStudio.QualityTools.Tips.UnitTest.Adapter, Version=14.0.0.0, Culture=neutral, PublicKeyToken=b03f5f7f11d50a3a" className="Dev2.Activities.Specs.TestFramework.StudioTestFrameworkFeature, Dev2.Activities.Specs, Version=0.0.6284.21160, Culture=neutral, PublicKeyToken=null" name="TestWFWithWebGet" />
    </UnitTest>
    <UnitTest name="InsertForRecordsetFieldsFilterTypeAndDefaultProvider_4" storage="d:\repos\gendev\warewolf-esb\dev\warewolf.specs\dev2.studio.core.specs.dll" id="ee4f42db-de40-7591-422a-6fa057a0b801">
      <Description>Insert for RecordsetFields FilterType and Default Provider: 4</Description>
      <Execution id="fa8c06e2-b989-4fd2-ac9d-199fa83d68ea" />
      <Properties>
        <Property>
          <Key>Parameter:filterType</Key>
          <Value>RecordsetFields</Value>
        </Property>
        <Property>
          <Key>Parameter:caretposition</Key>
          <Value>11</Value>
        </Property>
        <Property>
          <Key>VariantName</Key>
          <Value>4</Value>
        </Property>
        <Property>
          <Key>Parameter:option</Key>
          <Value>
          </Value>
        </Property>
        <Property>
          <Key>Parameter:dropDownList</Key>
          <Value>
          </Value>
        </Property>
        <Property>
          <Key>Parameter:testName</Key>
          <Value>4</Value>
        </Property>
        <Property>
          <Key>Parameter:provider</Key>
          <Value>Default</Value>
        </Property>
        <Property>
          <Key>Parameter:input</Key>
          <Value>[[rec().a]]</Value>
        </Property>
        <Property>
          <Key>FeatureTitle</Key>
          <Value>DefaultIntellisense</Value>
        </Property>
        <Property>
          <Key>Parameter:index</Key>
          <Value>11</Value>
        </Property>
        <Property>
          <Key>Parameter:result</Key>
          <Value>[[rec().a]]</Value>
        </Property>
        <Property>
          <Key>Parameter:varlist</Key>
          <Value>[[a]],[[rec()]],[[rec().a]],[[set()]],[[set().z]],[[rec(*)]],[[rec(*).a]],[[set(*)]],[[set(*).z]]</Value>
        </Property>
      </Properties>
      <TestMethod codeBase="D:/Repos/GENDEV/Warewolf-ESB/Dev/Warewolf.Specs/Dev2.Studio.Core.Specs.DLL" adapterTypeName="Microsoft.VisualStudio.TestTools.TestTypes.Unit.UnitTestAdapter, Microsoft.VisualStudio.QualityTools.Tips.UnitTest.Adapter, Version=14.0.0.0, Culture=neutral, PublicKeyToken=b03f5f7f11d50a3a" className="Dev2.Studio.Core.Specs.IntellisenseSpecs.DefaultIntellisenseFeature, Dev2.Studio.Core.Specs, Version=0.0.6284.21037, Culture=neutral, PublicKeyToken=null" name="InsertForRecordsetFieldsFilterTypeAndDefaultProvider_4" />
    </UnitTest>
    <UnitTest name="InsertForAllFilterTypeAndDefaultProvider_18" storage="d:\repos\gendev\warewolf-esb\dev\warewolf.specs\dev2.studio.core.specs.dll" id="f3a866ac-fb80-193a-9798-ab0756bd3be8">
      <Description>Insert for All FilterType and Default Provider: 18</Description>
      <Execution id="2dde27e7-4269-4d49-8771-f4a18ac7a139" />
      <Properties>
        <Property>
          <Key>Parameter:filterType</Key>
          <Value>All</Value>
        </Property>
        <Property>
          <Key>Parameter:caretposition</Key>
          <Value>7</Value>
        </Property>
        <Property>
          <Key>VariantName</Key>
          <Value>18</Value>
        </Property>
        <Property>
          <Key>Parameter:option</Key>
          <Value>[[var]]</Value>
        </Property>
        <Property>
          <Key>Parameter:dropDownList</Key>
          <Value>[[var]],[[var2]],[[rec().var]],[[rec().var2]]</Value>
        </Property>
        <Property>
          <Key>Parameter:testName</Key>
          <Value>18</Value>
        </Property>
        <Property>
          <Key>Parameter:provider</Key>
          <Value>Default</Value>
        </Property>
        <Property>
          <Key>Parameter:input</Key>
          <Value>[[</Value>
        </Property>
        <Property>
          <Key>FeatureTitle</Key>
          <Value>DefaultIntellisense</Value>
        </Property>
        <Property>
          <Key>Parameter:index</Key>
          <Value>2</Value>
        </Property>
        <Property>
          <Key>Parameter:result</Key>
          <Value>[[var]]</Value>
        </Property>
        <Property>
          <Key>Parameter:varlist</Key>
          <Value>[[var]],[[var2]],[[rec()]],[[rec().var2]],[[rec().var]]</Value>
        </Property>
      </Properties>
      <TestMethod codeBase="D:/Repos/GENDEV/Warewolf-ESB/Dev/Warewolf.Specs/Dev2.Studio.Core.Specs.DLL" adapterTypeName="Microsoft.VisualStudio.TestTools.TestTypes.Unit.UnitTestAdapter, Microsoft.VisualStudio.QualityTools.Tips.UnitTest.Adapter, Version=14.0.0.0, Culture=neutral, PublicKeyToken=b03f5f7f11d50a3a" className="Dev2.Studio.Core.Specs.IntellisenseSpecs.DefaultIntellisenseFeature, Dev2.Studio.Core.Specs, Version=0.0.6284.21037, Culture=neutral, PublicKeyToken=null" name="InsertForAllFilterTypeAndDefaultProvider_18" />
    </UnitTest>
    <UnitTest name="TestWFWithMove" storage="d:\repos\gendev\warewolf-esb\dev\warewolf.specs\dev2.activities.specs.dll" id="d88e8b77-1762-1bc5-1471-0dc06a64092c">
      <Description>Test WF with Move</Description>
      <TestCategory>
        <TestCategoryItem TestCategory="TestFramework" />
      </TestCategory>
      <Execution id="b0f47874-68c7-4ac1-8899-7aae09f6a9b1" />
      <Properties>
        <Property>
          <Key>FeatureTitle</Key>
          <Value>StudioTestFramework</Value>
        </Property>
      </Properties>
      <TestMethod codeBase="D:/Repos/GENDEV/Warewolf-ESB/Dev/Warewolf.Specs/Dev2.Activities.Specs.DLL" adapterTypeName="Microsoft.VisualStudio.TestTools.TestTypes.Unit.UnitTestAdapter, Microsoft.VisualStudio.QualityTools.Tips.UnitTest.Adapter, Version=14.0.0.0, Culture=neutral, PublicKeyToken=b03f5f7f11d50a3a" className="Dev2.Activities.Specs.TestFramework.StudioTestFrameworkFeature, Dev2.Activities.Specs, Version=0.0.6284.21160, Culture=neutral, PublicKeyToken=null" name="TestWFWithMove" />
    </UnitTest>
    <UnitTest name="InsertForAllFilterTypeAndCalculateProvider_3" storage="d:\repos\gendev\warewolf-esb\dev\warewolf.specs\dev2.studio.core.specs.dll" id="dfa5b666-44bc-fb85-9c82-bdfe10cae7f4">
      <Description>Insert for All FilterType and Calculate Provider: 3</Description>
      <Execution id="96928eb6-8904-4a6e-b7a7-38a10d021a76" />
      <Properties>
        <Property>
          <Key>Parameter:filterType</Key>
          <Value>All</Value>
        </Property>
        <Property>
          <Key>Parameter:caretposition</Key>
          <Value>11</Value>
        </Property>
        <Property>
          <Key>VariantName</Key>
          <Value>3</Value>
        </Property>
        <Property>
          <Key>Parameter:option</Key>
          <Value>[[att]]</Value>
        </Property>
        <Property>
          <Key>Parameter:dropDownList</Key>
          <Value>[[att]]</Value>
        </Property>
        <Property>
          <Key>Parameter:testName</Key>
          <Value>3</Value>
        </Property>
        <Property>
          <Key>Parameter:provider</Key>
          <Value>Default, Calculate</Value>
        </Property>
        <Property>
          <Key>Parameter:input</Key>
          <Value>tan([[at</Value>
        </Property>
        <Property>
          <Key>FeatureTitle</Key>
          <Value>DefaultIntellisense</Value>
        </Property>
        <Property>
          <Key>Parameter:index</Key>
          <Value>8</Value>
        </Property>
        <Property>
          <Key>Parameter:result</Key>
          <Value>tan([[att]]</Value>
        </Property>
        <Property>
          <Key>Parameter:varlist</Key>
          <Value>&lt;att/&gt;&lt;sum&gt;&lt;b/&gt;&lt;/sum&gt;</Value>
        </Property>
      </Properties>
      <TestMethod codeBase="D:/Repos/GENDEV/Warewolf-ESB/Dev/Warewolf.Specs/Dev2.Studio.Core.Specs.DLL" adapterTypeName="Microsoft.VisualStudio.TestTools.TestTypes.Unit.UnitTestAdapter, Microsoft.VisualStudio.QualityTools.Tips.UnitTest.Adapter, Version=14.0.0.0, Culture=neutral, PublicKeyToken=b03f5f7f11d50a3a" className="Dev2.Studio.Core.Specs.IntellisenseSpecs.DefaultIntellisenseFeature, Dev2.Studio.Core.Specs, Version=0.0.6284.21037, Culture=neutral, PublicKeyToken=null" name="InsertForAllFilterTypeAndCalculateProvider_3" />
    </UnitTest>
    <UnitTest name="DuplicateTestNewTestHasName" storage="d:\repos\gendev\warewolf-esb\dev\warewolf.specs\dev2.activities.specs.dll" id="fa262058-72b4-1b29-f17f-4de753413655">
      <Description>Duplicate test new test has name</Description>
      <TestCategory>
        <TestCategoryItem TestCategory="TestFramework" />
      </TestCategory>
      <Execution id="1543a721-7208-42ac-8274-7ba29c8abe7c" />
      <Properties>
        <Property>
          <Key>FeatureTitle</Key>
          <Value>StudioTestFramework</Value>
        </Property>
      </Properties>
      <TestMethod codeBase="D:/Repos/GENDEV/Warewolf-ESB/Dev/Warewolf.Specs/Dev2.Activities.Specs.DLL" adapterTypeName="Microsoft.VisualStudio.TestTools.TestTypes.Unit.UnitTestAdapter, Microsoft.VisualStudio.QualityTools.Tips.UnitTest.Adapter, Version=14.0.0.0, Culture=neutral, PublicKeyToken=b03f5f7f11d50a3a" className="Dev2.Activities.Specs.TestFramework.StudioTestFrameworkFeature, Dev2.Activities.Specs, Version=0.0.6284.21160, Culture=neutral, PublicKeyToken=null" name="DuplicateTestNewTestHasName" />
    </UnitTest>
    <UnitTest name="ValidationMessagesWhenInvalidVariables_2" storage="d:\repos\gendev\warewolf-esb\dev\warewolf.specs\dev2.studio.core.specs.dll" id="429fd901-2126-fd21-2e6a-a04914fa3003">
      <Description>Validation messages when Invalid Variables: 2</Description>
      <Execution id="73886556-f3ea-43c1-ad09-584721b288f7" />
      <Properties>
        <Property>
          <Key>FeatureTitle</Key>
          <Value>DefaultIntellisense</Value>
        </Property>
        <Property>
          <Key>VariantName</Key>
          <Value>2</Value>
        </Property>
        <Property>
          <Key>Parameter:No</Key>
          <Value>2</Value>
        </Property>
        <Property>
          <Key>Parameter:Error</Key>
          <Value>Variable name [[rec"()".a]] contains invalid character(s). Only use alphanumeric _ and -</Value>
        </Property>
        <Property>
          <Key>Parameter:Variable</Key>
          <Value>[[rec"()".a]]</Value>
        </Property>
      </Properties>
      <TestMethod codeBase="D:/Repos/GENDEV/Warewolf-ESB/Dev/Warewolf.Specs/Dev2.Studio.Core.Specs.DLL" adapterTypeName="Microsoft.VisualStudio.TestTools.TestTypes.Unit.UnitTestAdapter, Microsoft.VisualStudio.QualityTools.Tips.UnitTest.Adapter, Version=14.0.0.0, Culture=neutral, PublicKeyToken=b03f5f7f11d50a3a" className="Dev2.Studio.Core.Specs.IntellisenseSpecs.DefaultIntellisenseFeature, Dev2.Studio.Core.Specs, Version=0.0.6284.21037, Culture=neutral, PublicKeyToken=null" name="ValidationMessagesWhenInvalidVariables_2" />
    </UnitTest>
    <UnitTest name="RunSelectedTestPassedWithAssignTeststepPasses" storage="d:\repos\gendev\warewolf-esb\dev\warewolf.specs\dev2.activities.specs.dll" id="ffec8354-71d8-7291-e86f-c7cc4c4e5d97">
      <Description>Run Selected Test passed with assign teststep Passes</Description>
      <TestCategory>
        <TestCategoryItem TestCategory="TestFramework" />
      </TestCategory>
      <Execution id="811b9d56-765e-4495-a166-3630a6b8a3d3" />
      <Properties>
        <Property>
          <Key>FeatureTitle</Key>
          <Value>StudioTestFramework</Value>
        </Property>
      </Properties>
      <TestMethod codeBase="D:/Repos/GENDEV/Warewolf-ESB/Dev/Warewolf.Specs/Dev2.Activities.Specs.DLL" adapterTypeName="Microsoft.VisualStudio.TestTools.TestTypes.Unit.UnitTestAdapter, Microsoft.VisualStudio.QualityTools.Tips.UnitTest.Adapter, Version=14.0.0.0, Culture=neutral, PublicKeyToken=b03f5f7f11d50a3a" className="Dev2.Activities.Specs.TestFramework.StudioTestFrameworkFeature, Dev2.Activities.Specs, Version=0.0.6284.21160, Culture=neutral, PublicKeyToken=null" name="RunSelectedTestPassedWithAssignTeststepPasses" />
    </UnitTest>
    <UnitTest name="SaveANewTestFailsWhenWorkflowDeleted" storage="d:\repos\gendev\warewolf-esb\dev\warewolf.specs\dev2.activities.specs.dll" id="2b32866c-e315-7447-35f5-4fae23ed796d">
      <Description>Save a New Test fails when workflow deleted</Description>
      <TestCategory>
        <TestCategoryItem TestCategory="TestFramework" />
      </TestCategory>
      <Execution id="7b17922d-6e88-45dd-8c28-d0b4b7f9b782" />
      <Properties>
        <Property>
          <Key>FeatureTitle</Key>
          <Value>StudioTestFramework</Value>
        </Property>
      </Properties>
      <TestMethod codeBase="D:/Repos/GENDEV/Warewolf-ESB/Dev/Warewolf.Specs/Dev2.Activities.Specs.DLL" adapterTypeName="Microsoft.VisualStudio.TestTools.TestTypes.Unit.UnitTestAdapter, Microsoft.VisualStudio.QualityTools.Tips.UnitTest.Adapter, Version=14.0.0.0, Culture=neutral, PublicKeyToken=b03f5f7f11d50a3a" className="Dev2.Activities.Specs.TestFramework.StudioTestFrameworkFeature, Dev2.Activities.Specs, Version=0.0.6284.21160, Culture=neutral, PublicKeyToken=null" name="SaveANewTestFailsWhenWorkflowDeleted" />
    </UnitTest>
    <UnitTest name="InsertForAllFilterTypeAndCalculateProvider_7" storage="d:\repos\gendev\warewolf-esb\dev\warewolf.specs\dev2.studio.core.specs.dll" id="a62898d9-8f94-1004-ca48-bdb836a00a05">
      <Description>Insert for All FilterType and Calculate Provider: 7</Description>
      <Execution id="bc2df52c-f787-4939-9c94-56fd2a3ac591" />
      <Properties>
        <Property>
          <Key>Parameter:filterType</Key>
          <Value>All</Value>
        </Property>
        <Property>
          <Key>Parameter:caretposition</Key>
          <Value>12</Value>
        </Property>
        <Property>
          <Key>VariantName</Key>
          <Value>7</Value>
        </Property>
        <Property>
          <Key>Parameter:option</Key>
          <Value>[[b]]</Value>
        </Property>
        <Property>
          <Key>Parameter:dropDownList</Key>
          <Value>[[b]],bin2dec,bin2hex,bin2oct</Value>
        </Property>
        <Property>
          <Key>Parameter:testName</Key>
          <Value>7</Value>
        </Property>
        <Property>
          <Key>Parameter:provider</Key>
          <Value>Default, Calculate</Value>
        </Property>
        <Property>
          <Key>Parameter:input</Key>
          <Value>=[[b]]+b</Value>
        </Property>
        <Property>
          <Key>FeatureTitle</Key>
          <Value>DefaultIntellisense</Value>
        </Property>
        <Property>
          <Key>Parameter:index</Key>
          <Value>8</Value>
        </Property>
        <Property>
          <Key>Parameter:result</Key>
          <Value>=[[b]]+[[b]]</Value>
        </Property>
        <Property>
          <Key>Parameter:varlist</Key>
          <Value>&lt;a/&gt;&lt;b/&gt;&lt;c/&gt;</Value>
        </Property>
      </Properties>
      <TestMethod codeBase="D:/Repos/GENDEV/Warewolf-ESB/Dev/Warewolf.Specs/Dev2.Studio.Core.Specs.DLL" adapterTypeName="Microsoft.VisualStudio.TestTools.TestTypes.Unit.UnitTestAdapter, Microsoft.VisualStudio.QualityTools.Tips.UnitTest.Adapter, Version=14.0.0.0, Culture=neutral, PublicKeyToken=b03f5f7f11d50a3a" className="Dev2.Studio.Core.Specs.IntellisenseSpecs.DefaultIntellisenseFeature, Dev2.Studio.Core.Specs, Version=0.0.6284.21037, Culture=neutral, PublicKeyToken=null" name="InsertForAllFilterTypeAndCalculateProvider_7" />
    </UnitTest>
    <UnitTest name="InsertForRecordsetsOnlyFilterTypeAndDefaultProvider_4" storage="d:\repos\gendev\warewolf-esb\dev\warewolf.specs\dev2.studio.core.specs.dll" id="dbe1e08e-a5be-b3c2-3f4b-a0879dd82739">
      <Description>Insert for RecordsetsOnly FilterType and Default Provider: 4</Description>
      <Execution id="c1733230-fec1-4bb5-bbd2-f9ea17c7e19b" />
      <Properties>
        <Property>
          <Key>Parameter:filterType</Key>
          <Value>RecordsetsOnly</Value>
        </Property>
        <Property>
          <Key>Parameter:caretposition</Key>
          <Value>11</Value>
        </Property>
        <Property>
          <Key>VariantName</Key>
          <Value>4</Value>
        </Property>
        <Property>
          <Key>Parameter:option</Key>
          <Value>
          </Value>
        </Property>
        <Property>
          <Key>Parameter:dropDownList</Key>
          <Value>[[sum()]],[[mus()]]</Value>
        </Property>
        <Property>
          <Key>Parameter:testName</Key>
          <Value>4</Value>
        </Property>
        <Property>
          <Key>Parameter:provider</Key>
          <Value>Default</Value>
        </Property>
        <Property>
          <Key>Parameter:input</Key>
          <Value>[[sum()]] s</Value>
        </Property>
        <Property>
          <Key>FeatureTitle</Key>
          <Value>DefaultIntellisense</Value>
        </Property>
        <Property>
          <Key>Parameter:index</Key>
          <Value>11</Value>
        </Property>
        <Property>
          <Key>Parameter:result</Key>
          <Value>[[sum()]] s</Value>
        </Property>
        <Property>
          <Key>Parameter:varlist</Key>
          <Value>[[b]],[[sum().b]],[[mus().b]],[[sum()]],[[mus()]]</Value>
        </Property>
      </Properties>
      <TestMethod codeBase="D:/Repos/GENDEV/Warewolf-ESB/Dev/Warewolf.Specs/Dev2.Studio.Core.Specs.DLL" adapterTypeName="Microsoft.VisualStudio.TestTools.TestTypes.Unit.UnitTestAdapter, Microsoft.VisualStudio.QualityTools.Tips.UnitTest.Adapter, Version=14.0.0.0, Culture=neutral, PublicKeyToken=b03f5f7f11d50a3a" className="Dev2.Studio.Core.Specs.IntellisenseSpecs.DefaultIntellisenseFeature, Dev2.Studio.Core.Specs, Version=0.0.6284.21037, Culture=neutral, PublicKeyToken=null" name="InsertForRecordsetsOnlyFilterTypeAndDefaultProvider_4" />
    </UnitTest>
    <UnitTest name="RunSelectedTestFailsWhenWorkflowDeleted" storage="d:\repos\gendev\warewolf-esb\dev\warewolf.specs\dev2.activities.specs.dll" id="15acd136-5e33-3d3a-8966-f2f31167417f">
      <Description>Run Selected Test fails when workflow deleted</Description>
      <TestCategory>
        <TestCategoryItem TestCategory="TestFramework" />
      </TestCategory>
      <Execution id="856d0bf9-b63b-4def-ba3d-f260b19e7fdf" />
      <Properties>
        <Property>
          <Key>FeatureTitle</Key>
          <Value>StudioTestFramework</Value>
        </Property>
      </Properties>
      <TestMethod codeBase="D:/Repos/GENDEV/Warewolf-ESB/Dev/Warewolf.Specs/Dev2.Activities.Specs.DLL" adapterTypeName="Microsoft.VisualStudio.TestTools.TestTypes.Unit.UnitTestAdapter, Microsoft.VisualStudio.QualityTools.Tips.UnitTest.Adapter, Version=14.0.0.0, Culture=neutral, PublicKeyToken=b03f5f7f11d50a3a" className="Dev2.Activities.Specs.TestFramework.StudioTestFrameworkFeature, Dev2.Activities.Specs, Version=0.0.6284.21160, Culture=neutral, PublicKeyToken=null" name="RunSelectedTestFailsWhenWorkflowDeleted" />
    </UnitTest>
    <UnitTest name="InsertForAllFilterTypeAndDefaultProvider_17" storage="d:\repos\gendev\warewolf-esb\dev\warewolf.specs\dev2.studio.core.specs.dll" id="ff3aad7e-4287-c1f9-7dd8-79c72d295def">
      <Description>Insert for All FilterType and Default Provider: 17</Description>
      <Execution id="61345d89-5387-4237-9d1c-1810783e38a0" />
      <Properties>
        <Property>
          <Key>Parameter:filterType</Key>
          <Value>All</Value>
        </Property>
        <Property>
          <Key>Parameter:caretposition</Key>
          <Value>7</Value>
        </Property>
        <Property>
          <Key>VariantName</Key>
          <Value>17</Value>
        </Property>
        <Property>
          <Key>Parameter:option</Key>
          <Value>[[var]]</Value>
        </Property>
        <Property>
          <Key>Parameter:dropDownList</Key>
          <Value>[[var]],[[var2]],[[rec().var]],[[rec().var2]]</Value>
        </Property>
        <Property>
          <Key>Parameter:testName</Key>
          <Value>17</Value>
        </Property>
        <Property>
          <Key>Parameter:provider</Key>
          <Value>Default</Value>
        </Property>
        <Property>
          <Key>Parameter:input</Key>
          <Value>[[[[a]]]]</Value>
        </Property>
        <Property>
          <Key>FeatureTitle</Key>
          <Value>DefaultIntellisense</Value>
        </Property>
        <Property>
          <Key>Parameter:index</Key>
          <Value>5</Value>
        </Property>
        <Property>
          <Key>Parameter:result</Key>
          <Value>[[var]]]]</Value>
        </Property>
        <Property>
          <Key>Parameter:varlist</Key>
          <Value>[[var]],[[var2]],[[rec()]],[[rec().var2]],[[rec().var]]</Value>
        </Property>
      </Properties>
      <TestMethod codeBase="D:/Repos/GENDEV/Warewolf-ESB/Dev/Warewolf.Specs/Dev2.Studio.Core.Specs.DLL" adapterTypeName="Microsoft.VisualStudio.TestTools.TestTypes.Unit.UnitTestAdapter, Microsoft.VisualStudio.QualityTools.Tips.UnitTest.Adapter, Version=14.0.0.0, Culture=neutral, PublicKeyToken=b03f5f7f11d50a3a" className="Dev2.Studio.Core.Specs.IntellisenseSpecs.DefaultIntellisenseFeature, Dev2.Studio.Core.Specs, Version=0.0.6284.21037, Culture=neutral, PublicKeyToken=null" name="InsertForAllFilterTypeAndDefaultProvider_17" />
    </UnitTest>
    <UnitTest name="TestWFWithSharepointReadFolder" storage="d:\repos\gendev\warewolf-esb\dev\warewolf.specs\dev2.activities.specs.dll" id="c4d6f25a-8d47-3573-0917-4b5d1c247b3c">
      <Description>Test WF with Sharepoint Read Folder</Description>
      <TestCategory>
        <TestCategoryItem TestCategory="TestFramework" />
      </TestCategory>
      <Execution id="fdcf1e2d-b3d9-48e9-ad4e-39e24ea17e02" />
      <Properties>
        <Property>
          <Key>FeatureTitle</Key>
          <Value>StudioTestFramework</Value>
        </Property>
      </Properties>
      <TestMethod codeBase="D:/Repos/GENDEV/Warewolf-ESB/Dev/Warewolf.Specs/Dev2.Activities.Specs.DLL" adapterTypeName="Microsoft.VisualStudio.TestTools.TestTypes.Unit.UnitTestAdapter, Microsoft.VisualStudio.QualityTools.Tips.UnitTest.Adapter, Version=14.0.0.0, Culture=neutral, PublicKeyToken=b03f5f7f11d50a3a" className="Dev2.Activities.Specs.TestFramework.StudioTestFrameworkFeature, Dev2.Activities.Specs, Version=0.0.6284.21160, Culture=neutral, PublicKeyToken=null" name="TestWFWithSharepointReadFolder" />
    </UnitTest>
    <UnitTest name="ScheduleWithErrorInDebug" storage="d:\repos\gendev\warewolf-esb\dev\warewolf.specs\dev2.activities.specs.dll" id="37fc7d64-38b9-e22c-8aa9-82b037f0d42a">
      <Description>Schedule with ErrorInDebug</Description>
      <TestCategory>
        <TestCategoryItem TestCategory="Scheduler" />
      </TestCategory>
      <Execution id="23ed289f-4c84-47a3-b6a4-4a0f76342f1d" />
      <Properties>
        <Property>
          <Key>FeatureTitle</Key>
          <Value>Scheduler</Value>
        </Property>
      </Properties>
      <TestMethod codeBase="D:/Repos/GENDEV/Warewolf-ESB/Dev/Warewolf.Specs/Dev2.Activities.Specs.DLL" adapterTypeName="Microsoft.VisualStudio.TestTools.TestTypes.Unit.UnitTestAdapter, Microsoft.VisualStudio.QualityTools.Tips.UnitTest.Adapter, Version=14.0.0.0, Culture=neutral, PublicKeyToken=b03f5f7f11d50a3a" className="Dev2.Activities.Specs.Scheduler.SchedulerFeature, Dev2.Activities.Specs, Version=0.0.6284.21160, Culture=neutral, PublicKeyToken=null" name="ScheduleWithErrorInDebug" />
    </UnitTest>
    <UnitTest name="RunATestWithMockStep" storage="d:\repos\gendev\warewolf-esb\dev\warewolf.specs\dev2.activities.specs.dll" id="12441baa-b62c-a8e7-6125-0c86dcd5d998">
      <Description>Run a test with mock step</Description>
      <TestCategory>
        <TestCategoryItem TestCategory="TestFramework" />
      </TestCategory>
      <Execution id="5c9f786d-a252-4915-ac33-70a6c1b60065" />
      <Properties>
        <Property>
          <Key>FeatureTitle</Key>
          <Value>StudioTestFramework</Value>
        </Property>
      </Properties>
      <TestMethod codeBase="D:/Repos/GENDEV/Warewolf-ESB/Dev/Warewolf.Specs/Dev2.Activities.Specs.DLL" adapterTypeName="Microsoft.VisualStudio.TestTools.TestTypes.Unit.UnitTestAdapter, Microsoft.VisualStudio.QualityTools.Tips.UnitTest.Adapter, Version=14.0.0.0, Culture=neutral, PublicKeyToken=b03f5f7f11d50a3a" className="Dev2.Activities.Specs.TestFramework.StudioTestFrameworkFeature, Dev2.Activities.Specs, Version=0.0.6284.21160, Culture=neutral, PublicKeyToken=null" name="RunATestWithMockStep" />
    </UnitTest>
    <UnitTest name="RunATestWithSingleScalarInputsAndOutputsFailure" storage="d:\repos\gendev\warewolf-esb\dev\warewolf.specs\dev2.activities.specs.dll" id="319d8484-9df9-f8a6-5298-ebacc574a0e9">
      <Description>Run a test with single scalar inputs and outputs failure</Description>
      <TestCategory>
        <TestCategoryItem TestCategory="TestFramework" />
      </TestCategory>
      <Execution id="719a5b54-26af-4517-a16f-8813c4e0edb1" />
      <Properties>
        <Property>
          <Key>FeatureTitle</Key>
          <Value>StudioTestFramework</Value>
        </Property>
      </Properties>
      <TestMethod codeBase="D:/Repos/GENDEV/Warewolf-ESB/Dev/Warewolf.Specs/Dev2.Activities.Specs.DLL" adapterTypeName="Microsoft.VisualStudio.TestTools.TestTypes.Unit.UnitTestAdapter, Microsoft.VisualStudio.QualityTools.Tips.UnitTest.Adapter, Version=14.0.0.0, Culture=neutral, PublicKeyToken=b03f5f7f11d50a3a" className="Dev2.Activities.Specs.TestFramework.StudioTestFrameworkFeature, Dev2.Activities.Specs, Version=0.0.6284.21160, Culture=neutral, PublicKeyToken=null" name="RunATestWithSingleScalarInputsAndOutputsFailure" />
    </UnitTest>
    <UnitTest name="CreateNewTest" storage="d:\repos\gendev\warewolf-esb\dev\warewolf.specs\dev2.activities.specs.dll" id="d6c0eda4-8a11-858b-11a0-8e5595d53ee6">
      <Description>Create New Test</Description>
      <TestCategory>
        <TestCategoryItem TestCategory="TestFramework" />
      </TestCategory>
      <Execution id="76fa0a23-9446-4d95-8c5d-d88f137ff307" />
      <Properties>
        <Property>
          <Key>FeatureTitle</Key>
          <Value>StudioTestFramework</Value>
        </Property>
      </Properties>
      <TestMethod codeBase="D:/Repos/GENDEV/Warewolf-ESB/Dev/Warewolf.Specs/Dev2.Activities.Specs.DLL" adapterTypeName="Microsoft.VisualStudio.TestTools.TestTypes.Unit.UnitTestAdapter, Microsoft.VisualStudio.QualityTools.Tips.UnitTest.Adapter, Version=14.0.0.0, Culture=neutral, PublicKeyToken=b03f5f7f11d50a3a" className="Dev2.Activities.Specs.TestFramework.StudioTestFrameworkFeature, Dev2.Activities.Specs, Version=0.0.6284.21160, Culture=neutral, PublicKeyToken=null" name="CreateNewTest" />
    </UnitTest>
    <UnitTest name="InsertForJsonFilterTypeAndDefaultProvider_45" storage="d:\repos\gendev\warewolf-esb\dev\warewolf.specs\dev2.studio.core.specs.dll" id="1de4f972-13a0-7d24-0757-90ccbe761829">
      <Description>Insert for Json FilterType and Default Provider: 45</Description>
      <Execution id="32c044bc-23e2-4a7c-b239-6350396722a2" />
      <Properties>
        <Property>
          <Key>Parameter:filterType</Key>
          <Value>JsonObject</Value>
        </Property>
        <Property>
          <Key>Parameter:caretposition</Key>
          <Value>26</Value>
        </Property>
        <Property>
          <Key>VariantName</Key>
          <Value>45</Value>
        </Property>
        <Property>
          <Key>Parameter:option</Key>
          <Value>[[@Person.Childs(*).name]]</Value>
        </Property>
        <Property>
          <Key>Parameter:dropDownList</Key>
          <Value>[[@Person.Childs(*).name]],[[@Person.Childs().name]]</Value>
        </Property>
        <Property>
          <Key>Parameter:testName</Key>
          <Value>45</Value>
        </Property>
        <Property>
          <Key>Parameter:provider</Key>
          <Value>Default</Value>
        </Property>
        <Property>
          <Key>Parameter:input</Key>
          <Value>[[@</Value>
        </Property>
        <Property>
          <Key>FeatureTitle</Key>
          <Value>DefaultIntellisense</Value>
        </Property>
        <Property>
          <Key>Parameter:index</Key>
          <Value>3</Value>
        </Property>
        <Property>
          <Key>Parameter:result</Key>
          <Value>[[@Person.Childs(*).name]]</Value>
        </Property>
        <Property>
          <Key>Parameter:varlist</Key>
          <Value>[[@Person]],[[@Person.Childs(*).name]],[[@Person.Childs().name]]</Value>
        </Property>
      </Properties>
      <TestMethod codeBase="D:/Repos/GENDEV/Warewolf-ESB/Dev/Warewolf.Specs/Dev2.Studio.Core.Specs.DLL" adapterTypeName="Microsoft.VisualStudio.TestTools.TestTypes.Unit.UnitTestAdapter, Microsoft.VisualStudio.QualityTools.Tips.UnitTest.Adapter, Version=14.0.0.0, Culture=neutral, PublicKeyToken=b03f5f7f11d50a3a" className="Dev2.Studio.Core.Specs.IntellisenseSpecs.DefaultIntellisenseFeature, Dev2.Studio.Core.Specs, Version=0.0.6284.21037, Culture=neutral, PublicKeyToken=null" name="InsertForJsonFilterTypeAndDefaultProvider_45" />
    </UnitTest>
    <UnitTest name="InsertForRecordsetsOnlyFilterTypeAndDefaultProvider_3" storage="d:\repos\gendev\warewolf-esb\dev\warewolf.specs\dev2.studio.core.specs.dll" id="ed432c94-8144-b268-683f-f81335c92738">
      <Description>Insert for RecordsetsOnly FilterType and Default Provider: 3</Description>
      <Execution id="01838e52-4956-4481-ad83-f51d87d4c740" />
      <Properties>
        <Property>
          <Key>Parameter:filterType</Key>
          <Value>RecordsetsOnly</Value>
        </Property>
        <Property>
          <Key>Parameter:caretposition</Key>
          <Value>3</Value>
        </Property>
        <Property>
          <Key>VariantName</Key>
          <Value>3</Value>
        </Property>
        <Property>
          <Key>Parameter:option</Key>
          <Value>
          </Value>
        </Property>
        <Property>
          <Key>Parameter:dropDownList</Key>
          <Value>
          </Value>
        </Property>
        <Property>
          <Key>Parameter:testName</Key>
          <Value>3</Value>
        </Property>
        <Property>
          <Key>Parameter:provider</Key>
          <Value>Default</Value>
        </Property>
        <Property>
          <Key>Parameter:input</Key>
          <Value>[[()]]</Value>
        </Property>
        <Property>
          <Key>FeatureTitle</Key>
          <Value>DefaultIntellisense</Value>
        </Property>
        <Property>
          <Key>Parameter:index</Key>
          <Value>3</Value>
        </Property>
        <Property>
          <Key>Parameter:result</Key>
          <Value>[[()]]</Value>
        </Property>
        <Property>
          <Key>Parameter:varlist</Key>
          <Value>[[b]],[[sum().b]],[[mus().b]],[[sum()]],[[mus()]]</Value>
        </Property>
      </Properties>
      <TestMethod codeBase="D:/Repos/GENDEV/Warewolf-ESB/Dev/Warewolf.Specs/Dev2.Studio.Core.Specs.DLL" adapterTypeName="Microsoft.VisualStudio.TestTools.TestTypes.Unit.UnitTestAdapter, Microsoft.VisualStudio.QualityTools.Tips.UnitTest.Adapter, Version=14.0.0.0, Culture=neutral, PublicKeyToken=b03f5f7f11d50a3a" className="Dev2.Studio.Core.Specs.IntellisenseSpecs.DefaultIntellisenseFeature, Dev2.Studio.Core.Specs, Version=0.0.6284.21037, Culture=neutral, PublicKeyToken=null" name="InsertForRecordsetsOnlyFilterTypeAndDefaultProvider_3" />
    </UnitTest>
    <UnitTest name="InsertForAllFilterTypeAndFileProvider_3" storage="d:\repos\gendev\warewolf-esb\dev\warewolf.specs\dev2.studio.core.specs.dll" id="1a898cb3-fb39-d0df-1eab-d9e3d9b93817">
      <Description>Insert for All FilterType and File Provider: 3</Description>
      <Execution id="bc72205f-1d84-4e4a-9112-c10fcd222924" />
      <Properties>
        <Property>
          <Key>Parameter:filterType</Key>
          <Value>All</Value>
        </Property>
        <Property>
          <Key>VariantName</Key>
          <Value>3</Value>
        </Property>
        <Property>
          <Key>Parameter:dropDownList</Key>
          <Value>[[file(*).name]],[[file(*)]],[[file().name]],[[file()]],[[myfile]]</Value>
        </Property>
        <Property>
          <Key>Parameter:pathStructure</Key>
          <Value>
          </Value>
        </Property>
        <Property>
          <Key>FeatureTitle</Key>
          <Value>DefaultIntellisense</Value>
        </Property>
        <Property>
          <Key>Parameter:provider</Key>
          <Value>Default, File</Value>
        </Property>
        <Property>
          <Key>Parameter:index</Key>
          <Value>8</Value>
        </Property>
        <Property>
          <Key>Parameter:result</Key>
          <Value>c:\[[file().name]]</Value>
        </Property>
        <Property>
          <Key>Parameter:caretposition</Key>
          <Value>18</Value>
        </Property>
        <Property>
          <Key>Parameter:testName</Key>
          <Value>3</Value>
        </Property>
        <Property>
          <Key>Parameter:input</Key>
          <Value>c:\[[fil]]</Value>
        </Property>
        <Property>
          <Key>Parameter:varlist</Key>
          <Value>&lt;myfile/&gt;&lt;file&gt;&lt;name/&gt;&lt;/file&gt;</Value>
        </Property>
        <Property>
          <Key>Parameter:option</Key>
          <Value>[[file().name]]</Value>
        </Property>
      </Properties>
      <TestMethod codeBase="D:/Repos/GENDEV/Warewolf-ESB/Dev/Warewolf.Specs/Dev2.Studio.Core.Specs.DLL" adapterTypeName="Microsoft.VisualStudio.TestTools.TestTypes.Unit.UnitTestAdapter, Microsoft.VisualStudio.QualityTools.Tips.UnitTest.Adapter, Version=14.0.0.0, Culture=neutral, PublicKeyToken=b03f5f7f11d50a3a" className="Dev2.Studio.Core.Specs.IntellisenseSpecs.DefaultIntellisenseFeature, Dev2.Studio.Core.Specs, Version=0.0.6284.21037, Culture=neutral, PublicKeyToken=null" name="InsertForAllFilterTypeAndFileProvider_3" />
    </UnitTest>
    <UnitTest name="InsertForAllFilterTypeAndDefaultProvider_3" storage="d:\repos\gendev\warewolf-esb\dev\warewolf.specs\dev2.studio.core.specs.dll" id="0a1aa2d7-6a07-48c6-e043-333db7349610">
      <Description>Insert for All FilterType and Default Provider: 3</Description>
      <Execution id="392fb2f1-6eee-4580-af2d-3b216b3ad098" />
      <Properties>
        <Property>
          <Key>Parameter:filterType</Key>
          <Value>All</Value>
        </Property>
        <Property>
          <Key>Parameter:caretposition</Key>
          <Value>18</Value>
        </Property>
        <Property>
          <Key>VariantName</Key>
          <Value>3</Value>
        </Property>
        <Property>
          <Key>Parameter:option</Key>
          <Value>[[rec().var2]]</Value>
        </Property>
        <Property>
          <Key>Parameter:dropDownList</Key>
          <Value>[[rec().var]],[[rec().var2]]</Value>
        </Property>
        <Property>
          <Key>Parameter:testName</Key>
          <Value>3</Value>
        </Property>
        <Property>
          <Key>Parameter:provider</Key>
          <Value>Default</Value>
        </Property>
        <Property>
          <Key>Parameter:input</Key>
          <Value>text[[rec().var]]</Value>
        </Property>
        <Property>
          <Key>FeatureTitle</Key>
          <Value>DefaultIntellisense</Value>
        </Property>
        <Property>
          <Key>Parameter:index</Key>
          <Value>15</Value>
        </Property>
        <Property>
          <Key>Parameter:result</Key>
          <Value>text[[rec().var2]]</Value>
        </Property>
        <Property>
          <Key>Parameter:varlist</Key>
          <Value>[[var]],[[var2]],[[rec()]],[[rec().var2]],[[rec().var]]</Value>
        </Property>
      </Properties>
      <TestMethod codeBase="D:/Repos/GENDEV/Warewolf-ESB/Dev/Warewolf.Specs/Dev2.Studio.Core.Specs.DLL" adapterTypeName="Microsoft.VisualStudio.TestTools.TestTypes.Unit.UnitTestAdapter, Microsoft.VisualStudio.QualityTools.Tips.UnitTest.Adapter, Version=14.0.0.0, Culture=neutral, PublicKeyToken=b03f5f7f11d50a3a" className="Dev2.Studio.Core.Specs.IntellisenseSpecs.DefaultIntellisenseFeature, Dev2.Studio.Core.Specs, Version=0.0.6284.21037, Culture=neutral, PublicKeyToken=null" name="InsertForAllFilterTypeAndDefaultProvider_3" />
    </UnitTest>
    <UnitTest name="InsertForJsonFilterTypeAndDefaultProvider_42" storage="d:\repos\gendev\warewolf-esb\dev\warewolf.specs\dev2.studio.core.specs.dll" id="930f6720-e4db-da3d-3330-ac5a6e4f4acb">
      <Description>Insert for Json FilterType and Default Provider: 42</Description>
      <Execution id="ff89c0c8-2cf8-4fec-b53a-432db55a4860" />
      <Properties>
        <Property>
          <Key>Parameter:filterType</Key>
          <Value>JsonObject</Value>
        </Property>
        <Property>
          <Key>Parameter:caretposition</Key>
          <Value>28</Value>
        </Property>
        <Property>
          <Key>VariantName</Key>
          <Value>42</Value>
        </Property>
        <Property>
          <Key>Parameter:option</Key>
          <Value>[[@Person]]</Value>
        </Property>
        <Property>
          <Key>Parameter:dropDownList</Key>
          <Value>[[@Person.Childs(*).name]],[[@Person.Childs().name]]</Value>
        </Property>
        <Property>
          <Key>Parameter:testName</Key>
          <Value>42</Value>
        </Property>
        <Property>
          <Key>Parameter:provider</Key>
          <Value>Default</Value>
        </Property>
        <Property>
          <Key>Parameter:input</Key>
          <Value>[[@Person.Childs([[</Value>
        </Property>
        <Property>
          <Key>FeatureTitle</Key>
          <Value>DefaultIntellisense</Value>
        </Property>
        <Property>
          <Key>Parameter:index</Key>
          <Value>19</Value>
        </Property>
        <Property>
          <Key>Parameter:result</Key>
          <Value>[[@Person.Childs([[@Person]]</Value>
        </Property>
        <Property>
          <Key>Parameter:varlist</Key>
          <Value>[[@Person]],[[@Person.Childs(*).name]],[[@Person.Childs().name]]</Value>
        </Property>
      </Properties>
      <TestMethod codeBase="D:/Repos/GENDEV/Warewolf-ESB/Dev/Warewolf.Specs/Dev2.Studio.Core.Specs.DLL" adapterTypeName="Microsoft.VisualStudio.TestTools.TestTypes.Unit.UnitTestAdapter, Microsoft.VisualStudio.QualityTools.Tips.UnitTest.Adapter, Version=14.0.0.0, Culture=neutral, PublicKeyToken=b03f5f7f11d50a3a" className="Dev2.Studio.Core.Specs.IntellisenseSpecs.DefaultIntellisenseFeature, Dev2.Studio.Core.Specs, Version=0.0.6284.21037, Culture=neutral, PublicKeyToken=null" name="InsertForJsonFilterTypeAndDefaultProvider_42" />
    </UnitTest>
    <UnitTest name="TestWFWithJavaScript" storage="d:\repos\gendev\warewolf-esb\dev\warewolf.specs\dev2.activities.specs.dll" id="595cc337-2831-9543-32b0-fd7ab12ced81">
      <Description>Test WF with JavaScript</Description>
      <TestCategory>
        <TestCategoryItem TestCategory="TestFramework" />
      </TestCategory>
      <Execution id="08416313-1158-4e5b-9b7d-e9e4c1069e2f" />
      <Properties>
        <Property>
          <Key>FeatureTitle</Key>
          <Value>StudioTestFramework</Value>
        </Property>
      </Properties>
      <TestMethod codeBase="D:/Repos/GENDEV/Warewolf-ESB/Dev/Warewolf.Specs/Dev2.Activities.Specs.DLL" adapterTypeName="Microsoft.VisualStudio.TestTools.TestTypes.Unit.UnitTestAdapter, Microsoft.VisualStudio.QualityTools.Tips.UnitTest.Adapter, Version=14.0.0.0, Culture=neutral, PublicKeyToken=b03f5f7f11d50a3a" className="Dev2.Activities.Specs.TestFramework.StudioTestFrameworkFeature, Dev2.Activities.Specs, Version=0.0.6284.21160, Culture=neutral, PublicKeyToken=null" name="TestWFWithJavaScript" />
    </UnitTest>
    <UnitTest name="TestWFWithRuby" storage="d:\repos\gendev\warewolf-esb\dev\warewolf.specs\dev2.activities.specs.dll" id="87366c3e-d117-f9f4-00ee-89317dd8159e">
      <Description>Test WF with Ruby</Description>
      <TestCategory>
        <TestCategoryItem TestCategory="TestFramework" />
      </TestCategory>
      <Execution id="9fe34d53-b768-4294-90ae-778e4ae7d3d0" />
      <Properties>
        <Property>
          <Key>FeatureTitle</Key>
          <Value>StudioTestFramework</Value>
        </Property>
      </Properties>
      <TestMethod codeBase="D:/Repos/GENDEV/Warewolf-ESB/Dev/Warewolf.Specs/Dev2.Activities.Specs.DLL" adapterTypeName="Microsoft.VisualStudio.TestTools.TestTypes.Unit.UnitTestAdapter, Microsoft.VisualStudio.QualityTools.Tips.UnitTest.Adapter, Version=14.0.0.0, Culture=neutral, PublicKeyToken=b03f5f7f11d50a3a" className="Dev2.Activities.Specs.TestFramework.StudioTestFrameworkFeature, Dev2.Activities.Specs, Version=0.0.6284.21160, Culture=neutral, PublicKeyToken=null" name="TestWFWithRuby" />
    </UnitTest>
    <UnitTest name="TestWFWithDecision" storage="d:\repos\gendev\warewolf-esb\dev\warewolf.specs\dev2.activities.specs.dll" id="13e8f521-666a-180f-ceb0-0969313ba61a">
      <Description>Test WF with Decision</Description>
      <TestCategory>
        <TestCategoryItem TestCategory="TestFramework" />
      </TestCategory>
      <Execution id="4758d2a6-8cfc-4cb4-b460-faf59281935c" />
      <Properties>
        <Property>
          <Key>FeatureTitle</Key>
          <Value>StudioTestFramework</Value>
        </Property>
      </Properties>
      <TestMethod codeBase="D:/Repos/GENDEV/Warewolf-ESB/Dev/Warewolf.Specs/Dev2.Activities.Specs.DLL" adapterTypeName="Microsoft.VisualStudio.TestTools.TestTypes.Unit.UnitTestAdapter, Microsoft.VisualStudio.QualityTools.Tips.UnitTest.Adapter, Version=14.0.0.0, Culture=neutral, PublicKeyToken=b03f5f7f11d50a3a" className="Dev2.Activities.Specs.TestFramework.StudioTestFrameworkFeature, Dev2.Activities.Specs, Version=0.0.6284.21160, Culture=neutral, PublicKeyToken=null" name="TestWFWithDecision" />
    </UnitTest>
    <UnitTest name="CreatingTaskWithScheduleStatudDisabled" storage="d:\repos\gendev\warewolf-esb\dev\warewolf.specs\dev2.activities.specs.dll" id="a1df71f7-3789-3152-b47a-d837060ff9be">
      <Description>Creating task with schedule statud disabled</Description>
      <TestCategory>
        <TestCategoryItem TestCategory="Scheduler" />
      </TestCategory>
      <Execution id="c66c68d3-f25b-4725-9f57-943a32ea5b64" />
      <Properties>
        <Property>
          <Key>FeatureTitle</Key>
          <Value>Scheduler</Value>
        </Property>
      </Properties>
      <TestMethod codeBase="D:/Repos/GENDEV/Warewolf-ESB/Dev/Warewolf.Specs/Dev2.Activities.Specs.DLL" adapterTypeName="Microsoft.VisualStudio.TestTools.TestTypes.Unit.UnitTestAdapter, Microsoft.VisualStudio.QualityTools.Tips.UnitTest.Adapter, Version=14.0.0.0, Culture=neutral, PublicKeyToken=b03f5f7f11d50a3a" className="Dev2.Activities.Specs.Scheduler.SchedulerFeature, Dev2.Activities.Specs, Version=0.0.6284.21160, Culture=neutral, PublicKeyToken=null" name="CreatingTaskWithScheduleStatudDisabled" />
    </UnitTest>
    <UnitTest name="InsertForAllFilterTypeAndDefaultProvider_7" storage="d:\repos\gendev\warewolf-esb\dev\warewolf.specs\dev2.studio.core.specs.dll" id="ee4a8f92-ec95-9923-6b77-4c77d4b86312">
      <Description>Insert for All FilterType and Default Provider: 7</Description>
      <Execution id="8252de48-f4a4-4f1a-aa41-6b59d7635a42" />
      <Properties>
        <Property>
          <Key>Parameter:filterType</Key>
          <Value>All</Value>
        </Property>
        <Property>
          <Key>Parameter:caretposition</Key>
          <Value>20</Value>
        </Property>
        <Property>
          <Key>VariantName</Key>
          <Value>7</Value>
        </Property>
        <Property>
          <Key>Parameter:option</Key>
          <Value>[[var2]]</Value>
        </Property>
        <Property>
          <Key>Parameter:dropDownList</Key>
          <Value>[[var]],[[var2]]</Value>
        </Property>
        <Property>
          <Key>Parameter:testName</Key>
          <Value>7</Value>
        </Property>
        <Property>
          <Key>Parameter:provider</Key>
          <Value>Default</Value>
        </Property>
        <Property>
          <Key>Parameter:input</Key>
          <Value>text[[rec().[[var]]]]</Value>
        </Property>
        <Property>
          <Key>FeatureTitle</Key>
          <Value>DefaultIntellisense</Value>
        </Property>
        <Property>
          <Key>Parameter:index</Key>
          <Value>17</Value>
        </Property>
        <Property>
          <Key>Parameter:result</Key>
          <Value>text[[rec().[[var2]]]]</Value>
        </Property>
        <Property>
          <Key>Parameter:varlist</Key>
          <Value>[[var]],[[var2]],[[rec()]],[[rec().var2]],[[rec().var]]</Value>
        </Property>
      </Properties>
      <TestMethod codeBase="D:/Repos/GENDEV/Warewolf-ESB/Dev/Warewolf.Specs/Dev2.Studio.Core.Specs.DLL" adapterTypeName="Microsoft.VisualStudio.TestTools.TestTypes.Unit.UnitTestAdapter, Microsoft.VisualStudio.QualityTools.Tips.UnitTest.Adapter, Version=14.0.0.0, Culture=neutral, PublicKeyToken=b03f5f7f11d50a3a" className="Dev2.Studio.Core.Specs.IntellisenseSpecs.DefaultIntellisenseFeature, Dev2.Studio.Core.Specs, Version=0.0.6284.21037, Culture=neutral, PublicKeyToken=null" name="InsertForAllFilterTypeAndDefaultProvider_7" />
    </UnitTest>
    <UnitTest name="CloseTestWindow" storage="d:\repos\gendev\warewolf-esb\dev\warewolf.specs\dev2.activities.specs.dll" id="bd29c03b-f70e-2e03-a4e7-893f63fbe301">
      <Description>Close test window</Description>
      <TestCategory>
        <TestCategoryItem TestCategory="TestFramework" />
      </TestCategory>
      <Execution id="2307a872-e22c-4c18-b5bd-185e2bdae489" />
      <Properties>
        <Property>
          <Key>FeatureTitle</Key>
          <Value>StudioTestFramework</Value>
        </Property>
      </Properties>
      <TestMethod codeBase="D:/Repos/GENDEV/Warewolf-ESB/Dev/Warewolf.Specs/Dev2.Activities.Specs.DLL" adapterTypeName="Microsoft.VisualStudio.TestTools.TestTypes.Unit.UnitTestAdapter, Microsoft.VisualStudio.QualityTools.Tips.UnitTest.Adapter, Version=14.0.0.0, Culture=neutral, PublicKeyToken=b03f5f7f11d50a3a" className="Dev2.Activities.Specs.TestFramework.StudioTestFrameworkFeature, Dev2.Activities.Specs, Version=0.0.6284.21160, Culture=neutral, PublicKeyToken=null" name="CloseTestWindow" />
    </UnitTest>
    <UnitTest name="TestWFWithMySql" storage="d:\repos\gendev\warewolf-esb\dev\warewolf.specs\dev2.activities.specs.dll" id="5cf9e980-5018-4b25-43a1-dad46f9351b9">
      <Description>Test WF with MySql</Description>
      <TestCategory>
        <TestCategoryItem TestCategory="TestFramework" />
      </TestCategory>
      <Execution id="67f28852-ebbf-4991-9c86-a5d0a2759b3e" />
      <Properties>
        <Property>
          <Key>FeatureTitle</Key>
          <Value>StudioTestFramework</Value>
        </Property>
      </Properties>
      <TestMethod codeBase="D:/Repos/GENDEV/Warewolf-ESB/Dev/Warewolf.Specs/Dev2.Activities.Specs.DLL" adapterTypeName="Microsoft.VisualStudio.TestTools.TestTypes.Unit.UnitTestAdapter, Microsoft.VisualStudio.QualityTools.Tips.UnitTest.Adapter, Version=14.0.0.0, Culture=neutral, PublicKeyToken=b03f5f7f11d50a3a" className="Dev2.Activities.Specs.TestFramework.StudioTestFrameworkFeature, Dev2.Activities.Specs, Version=0.0.6284.21160, Culture=neutral, PublicKeyToken=null" name="TestWFWithMySql" />
    </UnitTest>
    <UnitTest name="InsertForAllFilterTypeAndDefaultProvider_9" storage="d:\repos\gendev\warewolf-esb\dev\warewolf.specs\dev2.studio.core.specs.dll" id="1f298afd-6d6e-c1d4-f1da-d6465923f536">
      <Description>Insert for All FilterType and Default Provider: 9</Description>
      <Execution id="66b4b4f8-20b1-41b2-be30-e9f83555dad0" />
      <Properties>
        <Property>
          <Key>Parameter:filterType</Key>
          <Value>All</Value>
        </Property>
        <Property>
          <Key>Parameter:caretposition</Key>
          <Value>20</Value>
        </Property>
        <Property>
          <Key>VariantName</Key>
          <Value>9</Value>
        </Property>
        <Property>
          <Key>Parameter:option</Key>
          <Value>[[rec().var]]</Value>
        </Property>
        <Property>
          <Key>Parameter:dropDownList</Key>
          <Value>[[var]],[[var2]],[[rec().var]],[[rec().var2]]</Value>
        </Property>
        <Property>
          <Key>Parameter:testName</Key>
          <Value>9</Value>
        </Property>
        <Property>
          <Key>Parameter:provider</Key>
          <Value>Default</Value>
        </Property>
        <Property>
          <Key>Parameter:input</Key>
          <Value>[[var]][[</Value>
        </Property>
        <Property>
          <Key>FeatureTitle</Key>
          <Value>DefaultIntellisense</Value>
        </Property>
        <Property>
          <Key>Parameter:index</Key>
          <Value>9</Value>
        </Property>
        <Property>
          <Key>Parameter:result</Key>
          <Value>[[var]][[rec().var]]</Value>
        </Property>
        <Property>
          <Key>Parameter:varlist</Key>
          <Value>[[var]],[[var2]],[[rec()]],[[rec().var2]],[[rec().var]]</Value>
        </Property>
      </Properties>
      <TestMethod codeBase="D:/Repos/GENDEV/Warewolf-ESB/Dev/Warewolf.Specs/Dev2.Studio.Core.Specs.DLL" adapterTypeName="Microsoft.VisualStudio.TestTools.TestTypes.Unit.UnitTestAdapter, Microsoft.VisualStudio.QualityTools.Tips.UnitTest.Adapter, Version=14.0.0.0, Culture=neutral, PublicKeyToken=b03f5f7f11d50a3a" className="Dev2.Studio.Core.Specs.IntellisenseSpecs.DefaultIntellisenseFeature, Dev2.Studio.Core.Specs, Version=0.0.6284.21037, Culture=neutral, PublicKeyToken=null" name="InsertForAllFilterTypeAndDefaultProvider_9" />
    </UnitTest>
    <UnitTest name="DuplicateATest" storage="d:\repos\gendev\warewolf-esb\dev\warewolf.specs\dev2.activities.specs.dll" id="8f84e02a-db07-e6a9-dd02-431bbff27d8f">
      <Description>Duplicate a test</Description>
      <TestCategory>
        <TestCategoryItem TestCategory="TestFramework" />
      </TestCategory>
      <Execution id="5f5a6290-300b-4e39-be37-d3d79d497eb1" />
      <Properties>
        <Property>
          <Key>FeatureTitle</Key>
          <Value>StudioTestFramework</Value>
        </Property>
      </Properties>
      <TestMethod codeBase="D:/Repos/GENDEV/Warewolf-ESB/Dev/Warewolf.Specs/Dev2.Activities.Specs.DLL" adapterTypeName="Microsoft.VisualStudio.TestTools.TestTypes.Unit.UnitTestAdapter, Microsoft.VisualStudio.QualityTools.Tips.UnitTest.Adapter, Version=14.0.0.0, Culture=neutral, PublicKeyToken=b03f5f7f11d50a3a" className="Dev2.Activities.Specs.TestFramework.StudioTestFrameworkFeature, Dev2.Activities.Specs, Version=0.0.6284.21160, Culture=neutral, PublicKeyToken=null" name="DuplicateATest" />
    </UnitTest>
    <UnitTest name="InsertForJsonFilterTypeAndDefaultProvider_14" storage="d:\repos\gendev\warewolf-esb\dev\warewolf.specs\dev2.studio.core.specs.dll" id="6b3e35ba-db3b-68c6-c360-a0bdb9565998">
      <Description>Insert for Json FilterType and Default Provider: 14</Description>
      <Execution id="ca972239-03d8-4a0c-8988-3d6c174fc099" />
      <Properties>
        <Property>
          <Key>Parameter:filterType</Key>
          <Value>JsonObject</Value>
        </Property>
        <Property>
          <Key>Parameter:caretposition</Key>
          <Value>16</Value>
        </Property>
        <Property>
          <Key>VariantName</Key>
          <Value>14</Value>
        </Property>
        <Property>
          <Key>Parameter:option</Key>
          <Value>[[@Person.name]]</Value>
        </Property>
        <Property>
          <Key>Parameter:dropDownList</Key>
          <Value>[[@Person.Age]],[[@Person.name]]</Value>
        </Property>
        <Property>
          <Key>Parameter:testName</Key>
          <Value>14</Value>
        </Property>
        <Property>
          <Key>Parameter:provider</Key>
          <Value>Default</Value>
        </Property>
        <Property>
          <Key>Parameter:input</Key>
          <Value>@Person.</Value>
        </Property>
        <Property>
          <Key>FeatureTitle</Key>
          <Value>DefaultIntellisense</Value>
        </Property>
        <Property>
          <Key>Parameter:index</Key>
          <Value>8</Value>
        </Property>
        <Property>
          <Key>Parameter:result</Key>
          <Value>[[@Person.name]]</Value>
        </Property>
        <Property>
          <Key>Parameter:varlist</Key>
          <Value>[[@Person]],[[@Person.name]],[[@Person.Age]]</Value>
        </Property>
      </Properties>
      <TestMethod codeBase="D:/Repos/GENDEV/Warewolf-ESB/Dev/Warewolf.Specs/Dev2.Studio.Core.Specs.DLL" adapterTypeName="Microsoft.VisualStudio.TestTools.TestTypes.Unit.UnitTestAdapter, Microsoft.VisualStudio.QualityTools.Tips.UnitTest.Adapter, Version=14.0.0.0, Culture=neutral, PublicKeyToken=b03f5f7f11d50a3a" className="Dev2.Studio.Core.Specs.IntellisenseSpecs.DefaultIntellisenseFeature, Dev2.Studio.Core.Specs, Version=0.0.6284.21037, Culture=neutral, PublicKeyToken=null" name="InsertForJsonFilterTypeAndDefaultProvider_14" />
    </UnitTest>
    <UnitTest name="RunSelectedTestInWebWithInputVariableValue" storage="d:\repos\gendev\warewolf-esb\dev\warewolf.specs\dev2.activities.specs.dll" id="c1c795b1-dad5-a168-dca7-b625ff7c1f7a">
      <Description>Run Selected Test in Web with input variable value</Description>
      <TestCategory>
        <TestCategoryItem TestCategory="TestFramework" />
      </TestCategory>
      <Execution id="e37ff4fc-58b9-4ad3-8d5e-a17c4bfe51cb" />
      <Properties>
        <Property>
          <Key>FeatureTitle</Key>
          <Value>StudioTestFramework</Value>
        </Property>
      </Properties>
      <TestMethod codeBase="D:/Repos/GENDEV/Warewolf-ESB/Dev/Warewolf.Specs/Dev2.Activities.Specs.DLL" adapterTypeName="Microsoft.VisualStudio.TestTools.TestTypes.Unit.UnitTestAdapter, Microsoft.VisualStudio.QualityTools.Tips.UnitTest.Adapter, Version=14.0.0.0, Culture=neutral, PublicKeyToken=b03f5f7f11d50a3a" className="Dev2.Activities.Specs.TestFramework.StudioTestFrameworkFeature, Dev2.Activities.Specs, Version=0.0.6284.21160, Culture=neutral, PublicKeyToken=null" name="RunSelectedTestInWebWithInputVariableValue" />
    </UnitTest>
    <UnitTest name="InsertForAllFilterTypeAndFileProvider_11" storage="d:\repos\gendev\warewolf-esb\dev\warewolf.specs\dev2.studio.core.specs.dll" id="cbcda65f-c03c-06db-76bc-50e7ec9e4f5a">
      <Description>Insert for All FilterType and File Provider: 11</Description>
      <Execution id="86712864-ea57-424f-a330-60a08f10d920" />
      <Properties>
        <Property>
          <Key>Parameter:filterType</Key>
          <Value>All</Value>
        </Property>
        <Property>
          <Key>VariantName</Key>
          <Value>11</Value>
        </Property>
        <Property>
          <Key>Parameter:dropDownList</Key>
          <Value>c:\FolderA\FileA.txt</Value>
        </Property>
        <Property>
          <Key>Parameter:pathStructure</Key>
          <Value>c:\,c:\FolderA,c:\FolderA\FileA.txt</Value>
        </Property>
        <Property>
          <Key>FeatureTitle</Key>
          <Value>DefaultIntellisense</Value>
        </Property>
        <Property>
          <Key>Parameter:provider</Key>
          <Value>Default, File</Value>
        </Property>
        <Property>
          <Key>Parameter:index</Key>
          <Value>15</Value>
        </Property>
        <Property>
          <Key>Parameter:result</Key>
          <Value>del c:\FolderA\FileA.txt</Value>
        </Property>
        <Property>
          <Key>Parameter:caretposition</Key>
          <Value>24</Value>
        </Property>
        <Property>
          <Key>Parameter:testName</Key>
          <Value>11</Value>
        </Property>
        <Property>
          <Key>Parameter:input</Key>
          <Value>del c:\FolderA\</Value>
        </Property>
        <Property>
          <Key>Parameter:varlist</Key>
          <Value>&lt;c/&gt;&lt;cd/&gt;</Value>
        </Property>
        <Property>
          <Key>Parameter:option</Key>
          <Value>c:\FolderA\FileA.txt</Value>
        </Property>
      </Properties>
      <TestMethod codeBase="D:/Repos/GENDEV/Warewolf-ESB/Dev/Warewolf.Specs/Dev2.Studio.Core.Specs.DLL" adapterTypeName="Microsoft.VisualStudio.TestTools.TestTypes.Unit.UnitTestAdapter, Microsoft.VisualStudio.QualityTools.Tips.UnitTest.Adapter, Version=14.0.0.0, Culture=neutral, PublicKeyToken=b03f5f7f11d50a3a" className="Dev2.Studio.Core.Specs.IntellisenseSpecs.DefaultIntellisenseFeature, Dev2.Studio.Core.Specs, Version=0.0.6284.21037, Culture=neutral, PublicKeyToken=null" name="InsertForAllFilterTypeAndFileProvider_11" />
    </UnitTest>
    <UnitTest name="ValidationMessagesWhenInvalidVariables_5" storage="d:\repos\gendev\warewolf-esb\dev\warewolf.specs\dev2.studio.core.specs.dll" id="5f8bec46-c9e9-482e-b321-1c69409ab622">
      <Description>Validation messages when Invalid Variables: 5</Description>
      <Execution id="1b35bd1f-7687-478d-ba23-55759df9d33d" />
      <Properties>
        <Property>
          <Key>FeatureTitle</Key>
          <Value>DefaultIntellisense</Value>
        </Property>
        <Property>
          <Key>VariantName</Key>
          <Value>5</Value>
        </Property>
        <Property>
          <Key>Parameter:No</Key>
          <Value>5</Value>
        </Property>
        <Property>
          <Key>Parameter:Error</Key>
          <Value>Variable name [[@]] contains invalid character(s). Only use alphanumeric _ and -</Value>
        </Property>
        <Property>
          <Key>Parameter:Variable</Key>
          <Value>[[@]]</Value>
        </Property>
      </Properties>
      <TestMethod codeBase="D:/Repos/GENDEV/Warewolf-ESB/Dev/Warewolf.Specs/Dev2.Studio.Core.Specs.DLL" adapterTypeName="Microsoft.VisualStudio.TestTools.TestTypes.Unit.UnitTestAdapter, Microsoft.VisualStudio.QualityTools.Tips.UnitTest.Adapter, Version=14.0.0.0, Culture=neutral, PublicKeyToken=b03f5f7f11d50a3a" className="Dev2.Studio.Core.Specs.IntellisenseSpecs.DefaultIntellisenseFeature, Dev2.Studio.Core.Specs, Version=0.0.6284.21037, Culture=neutral, PublicKeyToken=null" name="ValidationMessagesWhenInvalidVariables_5" />
    </UnitTest>
    <UnitTest name="InsertForJsonFilterTypeAndDefaultProvider_1" storage="d:\repos\gendev\warewolf-esb\dev\warewolf.specs\dev2.studio.core.specs.dll" id="9004c837-784e-e491-3ff3-71e973fc0f0d">
      <Description>Insert for Json FilterType and Default Provider: 1</Description>
      <Execution id="530023aa-b6ab-4d4b-93af-2a774e9efba7" />
      <Properties>
        <Property>
          <Key>Parameter:filterType</Key>
          <Value>JsonObject</Value>
        </Property>
        <Property>
          <Key>Parameter:caretposition</Key>
          <Value>16</Value>
        </Property>
        <Property>
          <Key>VariantName</Key>
          <Value>1</Value>
        </Property>
        <Property>
          <Key>Parameter:option</Key>
          <Value>[[@Person.name]]</Value>
        </Property>
        <Property>
          <Key>Parameter:dropDownList</Key>
          <Value>[[@Person.name]],[[@Person]]</Value>
        </Property>
        <Property>
          <Key>Parameter:testName</Key>
          <Value>1</Value>
        </Property>
        <Property>
          <Key>Parameter:provider</Key>
          <Value>Default</Value>
        </Property>
        <Property>
          <Key>Parameter:input</Key>
          <Value>@P</Value>
        </Property>
        <Property>
          <Key>FeatureTitle</Key>
          <Value>DefaultIntellisense</Value>
        </Property>
        <Property>
          <Key>Parameter:index</Key>
          <Value>2</Value>
        </Property>
        <Property>
          <Key>Parameter:result</Key>
          <Value>[[@Person.name]]</Value>
        </Property>
        <Property>
          <Key>Parameter:varlist</Key>
          <Value>[[@Person]],[[@Person.name]]</Value>
        </Property>
      </Properties>
      <TestMethod codeBase="D:/Repos/GENDEV/Warewolf-ESB/Dev/Warewolf.Specs/Dev2.Studio.Core.Specs.DLL" adapterTypeName="Microsoft.VisualStudio.TestTools.TestTypes.Unit.UnitTestAdapter, Microsoft.VisualStudio.QualityTools.Tips.UnitTest.Adapter, Version=14.0.0.0, Culture=neutral, PublicKeyToken=b03f5f7f11d50a3a" className="Dev2.Studio.Core.Specs.IntellisenseSpecs.DefaultIntellisenseFeature, Dev2.Studio.Core.Specs, Version=0.0.6284.21037, Culture=neutral, PublicKeyToken=null" name="InsertForJsonFilterTypeAndDefaultProvider_1" />
    </UnitTest>
    <UnitTest name="TestWFWithAssign" storage="d:\repos\gendev\warewolf-esb\dev\warewolf.specs\dev2.activities.specs.dll" id="8fb5cbbc-575a-5177-1615-5778ec6214fc">
      <Description>Test WF with Assign</Description>
      <TestCategory>
        <TestCategoryItem TestCategory="TestFramework" />
      </TestCategory>
      <Execution id="ce0c7b16-37b3-4278-af68-ec6076254547" />
      <Properties>
        <Property>
          <Key>FeatureTitle</Key>
          <Value>StudioTestFramework</Value>
        </Property>
      </Properties>
      <TestMethod codeBase="D:/Repos/GENDEV/Warewolf-ESB/Dev/Warewolf.Specs/Dev2.Activities.Specs.DLL" adapterTypeName="Microsoft.VisualStudio.TestTools.TestTypes.Unit.UnitTestAdapter, Microsoft.VisualStudio.QualityTools.Tips.UnitTest.Adapter, Version=14.0.0.0, Culture=neutral, PublicKeyToken=b03f5f7f11d50a3a" className="Dev2.Activities.Specs.TestFramework.StudioTestFrameworkFeature, Dev2.Activities.Specs, Version=0.0.6284.21160, Culture=neutral, PublicKeyToken=null" name="TestWFWithAssign" />
    </UnitTest>
    <UnitTest name="InsertForAllFilterTypeAndFileProvider_2" storage="d:\repos\gendev\warewolf-esb\dev\warewolf.specs\dev2.studio.core.specs.dll" id="5bd468d8-29d7-60e5-7a14-9dbd6e103991">
      <Description>Insert for All FilterType and File Provider: 2</Description>
      <Execution id="cc57b057-5c61-40ae-835d-12648d8de2ce" />
      <Properties>
        <Property>
          <Key>Parameter:filterType</Key>
          <Value>All</Value>
        </Property>
        <Property>
          <Key>VariantName</Key>
          <Value>2</Value>
        </Property>
        <Property>
          <Key>Parameter:dropDownList</Key>
          <Value>[[file(*).name]],[[file(*)]],[[file().name]],[[file()]],[[myfile]]</Value>
        </Property>
        <Property>
          <Key>Parameter:pathStructure</Key>
          <Value>
          </Value>
        </Property>
        <Property>
          <Key>FeatureTitle</Key>
          <Value>DefaultIntellisense</Value>
        </Property>
        <Property>
          <Key>Parameter:provider</Key>
          <Value>Default, File</Value>
        </Property>
        <Property>
          <Key>Parameter:index</Key>
          <Value>8</Value>
        </Property>
        <Property>
          <Key>Parameter:result</Key>
          <Value>c:\[[myfile]]</Value>
        </Property>
        <Property>
          <Key>Parameter:caretposition</Key>
          <Value>13</Value>
        </Property>
        <Property>
          <Key>Parameter:testName</Key>
          <Value>2</Value>
        </Property>
        <Property>
          <Key>Parameter:input</Key>
          <Value>c:\[[fil]]</Value>
        </Property>
        <Property>
          <Key>Parameter:varlist</Key>
          <Value>&lt;myfile/&gt;&lt;file&gt;&lt;name/&gt;&lt;/file&gt;</Value>
        </Property>
        <Property>
          <Key>Parameter:option</Key>
          <Value>[[myfile]]</Value>
        </Property>
      </Properties>
      <TestMethod codeBase="D:/Repos/GENDEV/Warewolf-ESB/Dev/Warewolf.Specs/Dev2.Studio.Core.Specs.DLL" adapterTypeName="Microsoft.VisualStudio.TestTools.TestTypes.Unit.UnitTestAdapter, Microsoft.VisualStudio.QualityTools.Tips.UnitTest.Adapter, Version=14.0.0.0, Culture=neutral, PublicKeyToken=b03f5f7f11d50a3a" className="Dev2.Studio.Core.Specs.IntellisenseSpecs.DefaultIntellisenseFeature, Dev2.Studio.Core.Specs, Version=0.0.6284.21037, Culture=neutral, PublicKeyToken=null" name="InsertForAllFilterTypeAndFileProvider_2" />
    </UnitTest>
    <UnitTest name="InsertForJsonFilterTypeAndDefaultProvider_3" storage="d:\repos\gendev\warewolf-esb\dev\warewolf.specs\dev2.studio.core.specs.dll" id="a437a8d1-5a89-43db-b3bf-6049333adf01">
      <Description>Insert for Json FilterType and Default Provider: 3</Description>
      <Execution id="f1c42843-c456-457a-988d-e1b00277be03" />
      <Properties>
        <Property>
          <Key>Parameter:filterType</Key>
          <Value>JsonObject</Value>
        </Property>
        <Property>
          <Key>Parameter:caretposition</Key>
          <Value>16</Value>
        </Property>
        <Property>
          <Key>VariantName</Key>
          <Value>3</Value>
        </Property>
        <Property>
          <Key>Parameter:option</Key>
          <Value>[[@Person.name]]</Value>
        </Property>
        <Property>
          <Key>Parameter:dropDownList</Key>
          <Value>[[@Person.name]]</Value>
        </Property>
        <Property>
          <Key>Parameter:testName</Key>
          <Value>3</Value>
        </Property>
        <Property>
          <Key>Parameter:provider</Key>
          <Value>Default</Value>
        </Property>
        <Property>
          <Key>Parameter:input</Key>
          <Value>@Person.</Value>
        </Property>
        <Property>
          <Key>FeatureTitle</Key>
          <Value>DefaultIntellisense</Value>
        </Property>
        <Property>
          <Key>Parameter:index</Key>
          <Value>8</Value>
        </Property>
        <Property>
          <Key>Parameter:result</Key>
          <Value>[[@Person.name]]</Value>
        </Property>
        <Property>
          <Key>Parameter:varlist</Key>
          <Value>[[@Person]],[[@Person.name]]</Value>
        </Property>
      </Properties>
      <TestMethod codeBase="D:/Repos/GENDEV/Warewolf-ESB/Dev/Warewolf.Specs/Dev2.Studio.Core.Specs.DLL" adapterTypeName="Microsoft.VisualStudio.TestTools.TestTypes.Unit.UnitTestAdapter, Microsoft.VisualStudio.QualityTools.Tips.UnitTest.Adapter, Version=14.0.0.0, Culture=neutral, PublicKeyToken=b03f5f7f11d50a3a" className="Dev2.Studio.Core.Specs.IntellisenseSpecs.DefaultIntellisenseFeature, Dev2.Studio.Core.Specs, Version=0.0.6284.21037, Culture=neutral, PublicKeyToken=null" name="InsertForJsonFilterTypeAndDefaultProvider_3" />
    </UnitTest>
    <UnitTest name="EditExistingTestValidateStar" storage="d:\repos\gendev\warewolf-esb\dev\warewolf.specs\dev2.activities.specs.dll" id="0e322d96-07cf-2eea-4fde-23a3841aec45">
      <Description>Edit existing test validate star</Description>
      <TestCategory>
        <TestCategoryItem TestCategory="TestFramework" />
      </TestCategory>
      <Execution id="93040bd4-2695-4133-a3d0-aa1912e962aa" />
      <Properties>
        <Property>
          <Key>FeatureTitle</Key>
          <Value>StudioTestFramework</Value>
        </Property>
      </Properties>
      <TestMethod codeBase="D:/Repos/GENDEV/Warewolf-ESB/Dev/Warewolf.Specs/Dev2.Activities.Specs.DLL" adapterTypeName="Microsoft.VisualStudio.TestTools.TestTypes.Unit.UnitTestAdapter, Microsoft.VisualStudio.QualityTools.Tips.UnitTest.Adapter, Version=14.0.0.0, Culture=neutral, PublicKeyToken=b03f5f7f11d50a3a" className="Dev2.Activities.Specs.TestFramework.StudioTestFrameworkFeature, Dev2.Activities.Specs, Version=0.0.6284.21160, Culture=neutral, PublicKeyToken=null" name="EditExistingTestValidateStar" />
    </UnitTest>
    <UnitTest name="InsertForRecordsetFieldsFilterTypeAndDefaultProvider_6" storage="d:\repos\gendev\warewolf-esb\dev\warewolf.specs\dev2.studio.core.specs.dll" id="d601df32-b7bc-fb3a-10f7-34746c593c3a">
      <Description>Insert for RecordsetFields FilterType and Default Provider: 6</Description>
      <Execution id="2245f50a-9f8c-4a14-b16a-0949a0a224e1" />
      <Properties>
        <Property>
          <Key>Parameter:filterType</Key>
          <Value>RecordsetFields</Value>
        </Property>
        <Property>
          <Key>Parameter:caretposition</Key>
          <Value>11</Value>
        </Property>
        <Property>
          <Key>VariantName</Key>
          <Value>6</Value>
        </Property>
        <Property>
          <Key>Parameter:option</Key>
          <Value>[[rec().z]]</Value>
        </Property>
        <Property>
          <Key>Parameter:dropDownList</Key>
          <Value>[[rec().a]],[[rec(*).a]],[[rec().z]],[[rec(*).z]]</Value>
        </Property>
        <Property>
          <Key>Parameter:testName</Key>
          <Value>6</Value>
        </Property>
        <Property>
          <Key>Parameter:provider</Key>
          <Value>Default</Value>
        </Property>
        <Property>
          <Key>Parameter:input</Key>
          <Value>[[rec</Value>
        </Property>
        <Property>
          <Key>FeatureTitle</Key>
          <Value>DefaultIntellisense</Value>
        </Property>
        <Property>
          <Key>Parameter:index</Key>
          <Value>5</Value>
        </Property>
        <Property>
          <Key>Parameter:result</Key>
          <Value>[[rec().z]]</Value>
        </Property>
        <Property>
          <Key>Parameter:varlist</Key>
          <Value>[[rec()]],[[rec().a]],[[a]],[[rec().z]],[[rec(*)]],[[rec(*).a]],[[rec(*).z]]</Value>
        </Property>
      </Properties>
      <TestMethod codeBase="D:/Repos/GENDEV/Warewolf-ESB/Dev/Warewolf.Specs/Dev2.Studio.Core.Specs.DLL" adapterTypeName="Microsoft.VisualStudio.TestTools.TestTypes.Unit.UnitTestAdapter, Microsoft.VisualStudio.QualityTools.Tips.UnitTest.Adapter, Version=14.0.0.0, Culture=neutral, PublicKeyToken=b03f5f7f11d50a3a" className="Dev2.Studio.Core.Specs.IntellisenseSpecs.DefaultIntellisenseFeature, Dev2.Studio.Core.Specs, Version=0.0.6284.21037, Culture=neutral, PublicKeyToken=null" name="InsertForRecordsetFieldsFilterTypeAndDefaultProvider_6" />
    </UnitTest>
    <UnitTest name="InsertForAllFilterTypeAndDateTimeProvider_6" storage="d:\repos\gendev\warewolf-esb\dev\warewolf.specs\dev2.studio.core.specs.dll" id="81134d24-594e-9ffe-460c-1c95ddebb51b">
      <Description>Insert for All FilterType and DateTime Provider: 6</Description>
      <Execution id="487af6ee-ad3a-4883-9370-9066a015706b" />
      <Properties>
        <Property>
          <Key>Parameter:filterType</Key>
          <Value>All</Value>
        </Property>
        <Property>
          <Key>Parameter:caretposition</Key>
          <Value>8</Value>
        </Property>
        <Property>
          <Key>VariantName</Key>
          <Value>6</Value>
        </Property>
        <Property>
          <Key>Parameter:option</Key>
          <Value>min</Value>
        </Property>
        <Property>
          <Key>Parameter:dropDownList</Key>
          <Value>[[rec(*).minss]],[[rec().minss]],[[min]],m,M,min,mm,MM</Value>
        </Property>
        <Property>
          <Key>Parameter:testName</Key>
          <Value>6</Value>
        </Property>
        <Property>
          <Key>Parameter:provider</Key>
          <Value>Default, DateTime</Value>
        </Property>
        <Property>
          <Key>Parameter:input</Key>
          <Value>text m</Value>
        </Property>
        <Property>
          <Key>FeatureTitle</Key>
          <Value>DefaultIntellisense</Value>
        </Property>
        <Property>
          <Key>Parameter:index</Key>
          <Value>6</Value>
        </Property>
        <Property>
          <Key>Parameter:result</Key>
          <Value>text min</Value>
        </Property>
        <Property>
          <Key>Parameter:varlist</Key>
          <Value>&lt;ww/&gt;&lt;min/&gt;&lt;rec&gt;&lt;minss/&gt;&lt;/rec&gt;</Value>
        </Property>
      </Properties>
      <TestMethod codeBase="D:/Repos/GENDEV/Warewolf-ESB/Dev/Warewolf.Specs/Dev2.Studio.Core.Specs.DLL" adapterTypeName="Microsoft.VisualStudio.TestTools.TestTypes.Unit.UnitTestAdapter, Microsoft.VisualStudio.QualityTools.Tips.UnitTest.Adapter, Version=14.0.0.0, Culture=neutral, PublicKeyToken=b03f5f7f11d50a3a" className="Dev2.Studio.Core.Specs.IntellisenseSpecs.DefaultIntellisenseFeature, Dev2.Studio.Core.Specs, Version=0.0.6284.21037, Culture=neutral, PublicKeyToken=null" name="InsertForAllFilterTypeAndDateTimeProvider_6" />
    </UnitTest>
    <UnitTest name="InsertForRecordsetFieldsFilterTypeAndDefaultProvider_3" storage="d:\repos\gendev\warewolf-esb\dev\warewolf.specs\dev2.studio.core.specs.dll" id="0c2b0547-7b7a-607a-cf89-123880ec6286">
      <Description>Insert for RecordsetFields FilterType and Default Provider: 3</Description>
      <Execution id="e9d7336d-3a1f-44a2-93d0-ec9fdba3976d" />
      <Properties>
        <Property>
          <Key>Parameter:filterType</Key>
          <Value>RecordsetFields</Value>
        </Property>
        <Property>
          <Key>Parameter:caretposition</Key>
          <Value>3</Value>
        </Property>
        <Property>
          <Key>VariantName</Key>
          <Value>3</Value>
        </Property>
        <Property>
          <Key>Parameter:option</Key>
          <Value>
          </Value>
        </Property>
        <Property>
          <Key>Parameter:dropDownList</Key>
          <Value>
          </Value>
        </Property>
        <Property>
          <Key>Parameter:testName</Key>
          <Value>3</Value>
        </Property>
        <Property>
          <Key>Parameter:provider</Key>
          <Value>Default</Value>
        </Property>
        <Property>
          <Key>Parameter:input</Key>
          <Value>[[()]]</Value>
        </Property>
        <Property>
          <Key>FeatureTitle</Key>
          <Value>DefaultIntellisense</Value>
        </Property>
        <Property>
          <Key>Parameter:index</Key>
          <Value>3</Value>
        </Property>
        <Property>
          <Key>Parameter:result</Key>
          <Value>[[()]]</Value>
        </Property>
        <Property>
          <Key>Parameter:varlist</Key>
          <Value>[[a]],[[rec()]],[[rec().a]],[[set()]],[[set().z]],[[rec(*)]],[[rec(*).a]],[[set(*)]],[[set(*).z]]</Value>
        </Property>
      </Properties>
      <TestMethod codeBase="D:/Repos/GENDEV/Warewolf-ESB/Dev/Warewolf.Specs/Dev2.Studio.Core.Specs.DLL" adapterTypeName="Microsoft.VisualStudio.TestTools.TestTypes.Unit.UnitTestAdapter, Microsoft.VisualStudio.QualityTools.Tips.UnitTest.Adapter, Version=14.0.0.0, Culture=neutral, PublicKeyToken=b03f5f7f11d50a3a" className="Dev2.Studio.Core.Specs.IntellisenseSpecs.DefaultIntellisenseFeature, Dev2.Studio.Core.Specs, Version=0.0.6284.21037, Culture=neutral, PublicKeyToken=null" name="InsertForRecordsetFieldsFilterTypeAndDefaultProvider_3" />
    </UnitTest>
    <UnitTest name="EditExistingTest" storage="d:\repos\gendev\warewolf-esb\dev\warewolf.specs\dev2.activities.specs.dll" id="2bd5d5cf-0bca-f770-a62a-3521f56d7a06">
      <Description>Edit existing test</Description>
      <TestCategory>
        <TestCategoryItem TestCategory="TestFramework" />
      </TestCategory>
      <Execution id="e8a7b3a8-b9a8-4f03-b5a2-cc4915565053" />
      <Properties>
        <Property>
          <Key>FeatureTitle</Key>
          <Value>StudioTestFramework</Value>
        </Property>
      </Properties>
      <TestMethod codeBase="D:/Repos/GENDEV/Warewolf-ESB/Dev/Warewolf.Specs/Dev2.Activities.Specs.DLL" adapterTypeName="Microsoft.VisualStudio.TestTools.TestTypes.Unit.UnitTestAdapter, Microsoft.VisualStudio.QualityTools.Tips.UnitTest.Adapter, Version=14.0.0.0, Culture=neutral, PublicKeyToken=b03f5f7f11d50a3a" className="Dev2.Activities.Specs.TestFramework.StudioTestFrameworkFeature, Dev2.Activities.Specs, Version=0.0.6284.21160, Culture=neutral, PublicKeyToken=null" name="EditExistingTest" />
    </UnitTest>
    <UnitTest name="TestWFWithWebPut" storage="d:\repos\gendev\warewolf-esb\dev\warewolf.specs\dev2.activities.specs.dll" id="f28921f2-625c-600f-f981-4a95c6708989">
      <Description>Test WF with Web Put</Description>
      <TestCategory>
        <TestCategoryItem TestCategory="TestFramework" />
      </TestCategory>
      <Execution id="29e508b4-0db8-4c9c-9ab7-bbcc0ac344f8" />
      <Properties>
        <Property>
          <Key>FeatureTitle</Key>
          <Value>StudioTestFramework</Value>
        </Property>
      </Properties>
      <TestMethod codeBase="D:/Repos/GENDEV/Warewolf-ESB/Dev/Warewolf.Specs/Dev2.Activities.Specs.DLL" adapterTypeName="Microsoft.VisualStudio.TestTools.TestTypes.Unit.UnitTestAdapter, Microsoft.VisualStudio.QualityTools.Tips.UnitTest.Adapter, Version=14.0.0.0, Culture=neutral, PublicKeyToken=b03f5f7f11d50a3a" className="Dev2.Activities.Specs.TestFramework.StudioTestFrameworkFeature, Dev2.Activities.Specs, Version=0.0.6284.21160, Culture=neutral, PublicKeyToken=null" name="TestWFWithWebPut" />
    </UnitTest>
    <UnitTest name="InsertForRecordsetsOnlyFilterTypeAndDefaultProvider_13" storage="d:\repos\gendev\warewolf-esb\dev\warewolf.specs\dev2.studio.core.specs.dll" id="5e78e0eb-0868-66d9-a6fd-b7e44fdf5dec">
      <Description>Insert for RecordsetsOnly FilterType and Default Provider: 13</Description>
      <Execution id="8c4d3f8b-960c-4269-b2b5-179838433d1a" />
      <Properties>
        <Property>
          <Key>Parameter:filterType</Key>
          <Value>RecordsetFields</Value>
        </Property>
        <Property>
          <Key>Parameter:caretposition</Key>
          <Value>23</Value>
        </Property>
        <Property>
          <Key>VariantName</Key>
          <Value>13</Value>
        </Property>
        <Property>
          <Key>Parameter:option</Key>
          <Value>[[sum().ba]]</Value>
        </Property>
        <Property>
          <Key>Parameter:dropDownList</Key>
          <Value>[[sum().b]],[[sum().ba]],[[mus().b]]</Value>
        </Property>
        <Property>
          <Key>Parameter:testName</Key>
          <Value>13</Value>
        </Property>
        <Property>
          <Key>Parameter:provider</Key>
          <Value>Default</Value>
        </Property>
        <Property>
          <Key>Parameter:input</Key>
          <Value>[[sum().b]][[sum().b]]</Value>
        </Property>
        <Property>
          <Key>FeatureTitle</Key>
          <Value>DefaultIntellisense</Value>
        </Property>
        <Property>
          <Key>Parameter:index</Key>
          <Value>20</Value>
        </Property>
        <Property>
          <Key>Parameter:result</Key>
          <Value>[[sum().b]][[sum().ba]]</Value>
        </Property>
        <Property>
          <Key>Parameter:varlist</Key>
          <Value>[[b]],[[sum().b]],[[mus().b]],[[sum()]],[[mus()]],[[sum().ba]]</Value>
        </Property>
      </Properties>
      <TestMethod codeBase="D:/Repos/GENDEV/Warewolf-ESB/Dev/Warewolf.Specs/Dev2.Studio.Core.Specs.DLL" adapterTypeName="Microsoft.VisualStudio.TestTools.TestTypes.Unit.UnitTestAdapter, Microsoft.VisualStudio.QualityTools.Tips.UnitTest.Adapter, Version=14.0.0.0, Culture=neutral, PublicKeyToken=b03f5f7f11d50a3a" className="Dev2.Studio.Core.Specs.IntellisenseSpecs.DefaultIntellisenseFeature, Dev2.Studio.Core.Specs, Version=0.0.6284.21037, Culture=neutral, PublicKeyToken=null" name="InsertForRecordsetsOnlyFilterTypeAndDefaultProvider_13" />
    </UnitTest>
    <UnitTest name="InsertForRecordsetFieldsFilterTypeAndDefaultProvider_2" storage="d:\repos\gendev\warewolf-esb\dev\warewolf.specs\dev2.studio.core.specs.dll" id="4420bed6-dc3f-4713-6478-0b9805bddd9a">
      <Description>Insert for RecordsetFields FilterType and Default Provider: 2</Description>
      <Execution id="13f3b30b-e79f-4aa9-9abf-9352e58f2a8c" />
      <Properties>
        <Property>
          <Key>Parameter:filterType</Key>
          <Value>RecordsetFields</Value>
        </Property>
        <Property>
          <Key>Parameter:caretposition</Key>
          <Value>1</Value>
        </Property>
        <Property>
          <Key>VariantName</Key>
          <Value>2</Value>
        </Property>
        <Property>
          <Key>Parameter:option</Key>
          <Value>
          </Value>
        </Property>
        <Property>
          <Key>Parameter:dropDownList</Key>
          <Value>
          </Value>
        </Property>
        <Property>
          <Key>Parameter:testName</Key>
          <Value>2</Value>
        </Property>
        <Property>
          <Key>Parameter:provider</Key>
          <Value>Default</Value>
        </Property>
        <Property>
          <Key>Parameter:input</Key>
          <Value>b</Value>
        </Property>
        <Property>
          <Key>FeatureTitle</Key>
          <Value>DefaultIntellisense</Value>
        </Property>
        <Property>
          <Key>Parameter:index</Key>
          <Value>1</Value>
        </Property>
        <Property>
          <Key>Parameter:result</Key>
          <Value>b</Value>
        </Property>
        <Property>
          <Key>Parameter:varlist</Key>
          <Value>[[a]],[[rec()]],[[rec().a]],[[set()]],[[set().z]],[[rec(*)]],[[rec(*).a]],[[set(*)]],[[set(*).z]]</Value>
        </Property>
      </Properties>
      <TestMethod codeBase="D:/Repos/GENDEV/Warewolf-ESB/Dev/Warewolf.Specs/Dev2.Studio.Core.Specs.DLL" adapterTypeName="Microsoft.VisualStudio.TestTools.TestTypes.Unit.UnitTestAdapter, Microsoft.VisualStudio.QualityTools.Tips.UnitTest.Adapter, Version=14.0.0.0, Culture=neutral, PublicKeyToken=b03f5f7f11d50a3a" className="Dev2.Studio.Core.Specs.IntellisenseSpecs.DefaultIntellisenseFeature, Dev2.Studio.Core.Specs, Version=0.0.6284.21037, Culture=neutral, PublicKeyToken=null" name="InsertForRecordsetFieldsFilterTypeAndDefaultProvider_2" />
    </UnitTest>
    <UnitTest name="InsertForJsonFilterTypeAndDefaultProvider_21" storage="d:\repos\gendev\warewolf-esb\dev\warewolf.specs\dev2.studio.core.specs.dll" id="80ab407f-dec4-bbbc-a187-fd33ed327117">
      <Description>Insert for Json FilterType and Default Provider: 21</Description>
      <Execution id="ade59b23-7652-4547-b1f2-064cc707a545" />
      <Properties>
        <Property>
          <Key>Parameter:filterType</Key>
          <Value>JsonObject</Value>
        </Property>
        <Property>
          <Key>Parameter:caretposition</Key>
          <Value>15</Value>
        </Property>
        <Property>
          <Key>VariantName</Key>
          <Value>21</Value>
        </Property>
        <Property>
          <Key>Parameter:option</Key>
          <Value>[[@Person.Age]]</Value>
        </Property>
        <Property>
          <Key>Parameter:dropDownList</Key>
          <Value>[[@Person.Age]]</Value>
        </Property>
        <Property>
          <Key>Parameter:testName</Key>
          <Value>21</Value>
        </Property>
        <Property>
          <Key>Parameter:provider</Key>
          <Value>Default</Value>
        </Property>
        <Property>
          <Key>Parameter:input</Key>
          <Value>Age</Value>
        </Property>
        <Property>
          <Key>FeatureTitle</Key>
          <Value>DefaultIntellisense</Value>
        </Property>
        <Property>
          <Key>Parameter:index</Key>
          <Value>3</Value>
        </Property>
        <Property>
          <Key>Parameter:result</Key>
          <Value>[[@Person.Age]]</Value>
        </Property>
        <Property>
          <Key>Parameter:varlist</Key>
          <Value>[[@Person]],[[@Person.name]],[[@Person.Age]]</Value>
        </Property>
      </Properties>
      <TestMethod codeBase="D:/Repos/GENDEV/Warewolf-ESB/Dev/Warewolf.Specs/Dev2.Studio.Core.Specs.DLL" adapterTypeName="Microsoft.VisualStudio.TestTools.TestTypes.Unit.UnitTestAdapter, Microsoft.VisualStudio.QualityTools.Tips.UnitTest.Adapter, Version=14.0.0.0, Culture=neutral, PublicKeyToken=b03f5f7f11d50a3a" className="Dev2.Studio.Core.Specs.IntellisenseSpecs.DefaultIntellisenseFeature, Dev2.Studio.Core.Specs, Version=0.0.6284.21037, Culture=neutral, PublicKeyToken=null" name="InsertForJsonFilterTypeAndDefaultProvider_21" />
    </UnitTest>
    <UnitTest name="TestWFWithCreateAndDeleteFolder" storage="d:\repos\gendev\warewolf-esb\dev\warewolf.specs\dev2.activities.specs.dll" id="53ba1773-984e-e562-3419-95dcf34e5eb1">
      <Description>Test WF with Create and Delete folder</Description>
      <TestCategory>
        <TestCategoryItem TestCategory="TestFramework" />
      </TestCategory>
      <Execution id="26dd7b04-5194-45f6-9bac-30c14b6bc584" />
      <Properties>
        <Property>
          <Key>FeatureTitle</Key>
          <Value>StudioTestFramework</Value>
        </Property>
      </Properties>
      <TestMethod codeBase="D:/Repos/GENDEV/Warewolf-ESB/Dev/Warewolf.Specs/Dev2.Activities.Specs.DLL" adapterTypeName="Microsoft.VisualStudio.TestTools.TestTypes.Unit.UnitTestAdapter, Microsoft.VisualStudio.QualityTools.Tips.UnitTest.Adapter, Version=14.0.0.0, Culture=neutral, PublicKeyToken=b03f5f7f11d50a3a" className="Dev2.Activities.Specs.TestFramework.StudioTestFrameworkFeature, Dev2.Activities.Specs, Version=0.0.6284.21160, Culture=neutral, PublicKeyToken=null" name="TestWFWithCreateAndDeleteFolder" />
    </UnitTest>
    <UnitTest name="TestWFWithBaseConvert" storage="d:\repos\gendev\warewolf-esb\dev\warewolf.specs\dev2.activities.specs.dll" id="cb6584f2-c60c-062f-f0d0-871d75678bc7">
      <Description>Test WF with BaseConvert</Description>
      <TestCategory>
        <TestCategoryItem TestCategory="TestFramework" />
      </TestCategory>
      <Execution id="3ad8668b-3e29-4b60-aba8-786f6d92f6bc" />
      <Properties>
        <Property>
          <Key>FeatureTitle</Key>
          <Value>StudioTestFramework</Value>
        </Property>
      </Properties>
      <TestMethod codeBase="D:/Repos/GENDEV/Warewolf-ESB/Dev/Warewolf.Specs/Dev2.Activities.Specs.DLL" adapterTypeName="Microsoft.VisualStudio.TestTools.TestTypes.Unit.UnitTestAdapter, Microsoft.VisualStudio.QualityTools.Tips.UnitTest.Adapter, Version=14.0.0.0, Culture=neutral, PublicKeyToken=b03f5f7f11d50a3a" className="Dev2.Activities.Specs.TestFramework.StudioTestFrameworkFeature, Dev2.Activities.Specs, Version=0.0.6284.21160, Culture=neutral, PublicKeyToken=null" name="TestWFWithBaseConvert" />
    </UnitTest>
    <UnitTest name="TestWFWithCalculateOutputsWithNoVariable" storage="d:\repos\gendev\warewolf-esb\dev\warewolf.specs\dev2.activities.specs.dll" id="c344b4b0-d01e-3458-4be4-2f3092ee3560">
      <Description>Test WF with Calculate outputs with no variable</Description>
      <TestCategory>
        <TestCategoryItem TestCategory="TestFramework" />
      </TestCategory>
      <Execution id="d7204ebb-700e-42e5-a0b9-3b8e336de6a7" />
      <Properties>
        <Property>
          <Key>FeatureTitle</Key>
          <Value>StudioTestFramework</Value>
        </Property>
      </Properties>
      <TestMethod codeBase="D:/Repos/GENDEV/Warewolf-ESB/Dev/Warewolf.Specs/Dev2.Activities.Specs.DLL" adapterTypeName="Microsoft.VisualStudio.TestTools.TestTypes.Unit.UnitTestAdapter, Microsoft.VisualStudio.QualityTools.Tips.UnitTest.Adapter, Version=14.0.0.0, Culture=neutral, PublicKeyToken=b03f5f7f11d50a3a" className="Dev2.Activities.Specs.TestFramework.StudioTestFrameworkFeature, Dev2.Activities.Specs, Version=0.0.6284.21160, Culture=neutral, PublicKeyToken=null" name="TestWFWithCalculateOutputsWithNoVariable" />
    </UnitTest>
    <UnitTest name="InsertForAllFilterTypeAndDateTimeProvider_2" storage="d:\repos\gendev\warewolf-esb\dev\warewolf.specs\dev2.studio.core.specs.dll" id="7b5bbfba-e49d-01db-2de8-5f8403e2d0a3">
      <Description>Insert for All FilterType and DateTime Provider: 2</Description>
      <Execution id="935c166b-beb9-4aa8-9b53-b94a2133afea" />
      <Properties>
        <Property>
          <Key>Parameter:filterType</Key>
          <Value>All</Value>
        </Property>
        <Property>
          <Key>Parameter:caretposition</Key>
          <Value>3</Value>
        </Property>
        <Property>
          <Key>VariantName</Key>
          <Value>2</Value>
        </Property>
        <Property>
          <Key>Parameter:option</Key>
          <Value>min</Value>
        </Property>
        <Property>
          <Key>Parameter:dropDownList</Key>
          <Value>[[rec(*).minss]],[[rec().minss]],[[min]],m,M,min,mm,MM</Value>
        </Property>
        <Property>
          <Key>Parameter:testName</Key>
          <Value>2</Value>
        </Property>
        <Property>
          <Key>Parameter:provider</Key>
          <Value>Default, DateTime</Value>
        </Property>
        <Property>
          <Key>Parameter:input</Key>
          <Value>m</Value>
        </Property>
        <Property>
          <Key>FeatureTitle</Key>
          <Value>DefaultIntellisense</Value>
        </Property>
        <Property>
          <Key>Parameter:index</Key>
          <Value>1</Value>
        </Property>
        <Property>
          <Key>Parameter:result</Key>
          <Value>min</Value>
        </Property>
        <Property>
          <Key>Parameter:varlist</Key>
          <Value>&lt;ww/&gt;&lt;min/&gt;&lt;rec&gt;&lt;minss/&gt;&lt;/rec&gt;</Value>
        </Property>
      </Properties>
      <TestMethod codeBase="D:/Repos/GENDEV/Warewolf-ESB/Dev/Warewolf.Specs/Dev2.Studio.Core.Specs.DLL" adapterTypeName="Microsoft.VisualStudio.TestTools.TestTypes.Unit.UnitTestAdapter, Microsoft.VisualStudio.QualityTools.Tips.UnitTest.Adapter, Version=14.0.0.0, Culture=neutral, PublicKeyToken=b03f5f7f11d50a3a" className="Dev2.Studio.Core.Specs.IntellisenseSpecs.DefaultIntellisenseFeature, Dev2.Studio.Core.Specs, Version=0.0.6284.21037, Culture=neutral, PublicKeyToken=null" name="InsertForAllFilterTypeAndDateTimeProvider_2" />
    </UnitTest>
    <UnitTest name="InsertForRecordsetFieldsFilterTypeAndDefaultProvider_7" storage="d:\repos\gendev\warewolf-esb\dev\warewolf.specs\dev2.studio.core.specs.dll" id="499d9b1f-7bcc-91e6-2438-a5390c0e7f4b">
      <Description>Insert for RecordsetFields FilterType and Default Provider: 7</Description>
      <Execution id="096ef535-11e3-4166-a3bb-732e9d2d6682" />
      <Properties>
        <Property>
          <Key>Parameter:filterType</Key>
          <Value>RecordsetFields</Value>
        </Property>
        <Property>
          <Key>Parameter:caretposition</Key>
          <Value>15</Value>
        </Property>
        <Property>
          <Key>VariantName</Key>
          <Value>7</Value>
        </Property>
        <Property>
          <Key>Parameter:option</Key>
          <Value>[[rec().a]]</Value>
        </Property>
        <Property>
          <Key>Parameter:dropDownList</Key>
          <Value>[[rec().a]],[[rec(*).a]],[[set().z]],[[set(*).z]]</Value>
        </Property>
        <Property>
          <Key>Parameter:testName</Key>
          <Value>7</Value>
        </Property>
        <Property>
          <Key>Parameter:provider</Key>
          <Value>Default</Value>
        </Property>
        <Property>
          <Key>Parameter:input</Key>
          <Value>rec e</Value>
        </Property>
        <Property>
          <Key>FeatureTitle</Key>
          <Value>DefaultIntellisense</Value>
        </Property>
        <Property>
          <Key>Parameter:index</Key>
          <Value>5</Value>
        </Property>
        <Property>
          <Key>Parameter:result</Key>
          <Value>rec [[rec().a]]</Value>
        </Property>
        <Property>
          <Key>Parameter:varlist</Key>
          <Value>[[a]],[[rec()]],[[rec().a]],[[set()]],[[set().z]],[[rec(*)]],[[rec(*).a]],[[set(*)]],[[set(*).z]]</Value>
        </Property>
      </Properties>
      <TestMethod codeBase="D:/Repos/GENDEV/Warewolf-ESB/Dev/Warewolf.Specs/Dev2.Studio.Core.Specs.DLL" adapterTypeName="Microsoft.VisualStudio.TestTools.TestTypes.Unit.UnitTestAdapter, Microsoft.VisualStudio.QualityTools.Tips.UnitTest.Adapter, Version=14.0.0.0, Culture=neutral, PublicKeyToken=b03f5f7f11d50a3a" className="Dev2.Studio.Core.Specs.IntellisenseSpecs.DefaultIntellisenseFeature, Dev2.Studio.Core.Specs, Version=0.0.6284.21037, Culture=neutral, PublicKeyToken=null" name="InsertForRecordsetFieldsFilterTypeAndDefaultProvider_7" />
    </UnitTest>
    <UnitTest name="InsertForAllFilterTypeAndCalculateProvider_1" storage="d:\repos\gendev\warewolf-esb\dev\warewolf.specs\dev2.studio.core.specs.dll" id="0dfc2b42-0190-0e70-0fb3-168eae4d0638">
      <Description>Insert for All FilterType and Calculate Provider: 1</Description>
      <Execution id="fc0fdfc8-ce21-41d6-82dc-df0262d9ae59" />
      <Properties>
        <Property>
          <Key>Parameter:filterType</Key>
          <Value>All</Value>
        </Property>
        <Property>
          <Key>Parameter:caretposition</Key>
          <Value>4</Value>
        </Property>
        <Property>
          <Key>VariantName</Key>
          <Value>1</Value>
        </Property>
        <Property>
          <Key>Parameter:option</Key>
          <Value>atan</Value>
        </Property>
        <Property>
          <Key>Parameter:dropDownList</Key>
          <Value>[[att]],atan,atan2,atanh</Value>
        </Property>
        <Property>
          <Key>Parameter:testName</Key>
          <Value>1</Value>
        </Property>
        <Property>
          <Key>Parameter:provider</Key>
          <Value>Default, Calculate</Value>
        </Property>
        <Property>
          <Key>Parameter:input</Key>
          <Value>at</Value>
        </Property>
        <Property>
          <Key>FeatureTitle</Key>
          <Value>DefaultIntellisense</Value>
        </Property>
        <Property>
          <Key>Parameter:index</Key>
          <Value>2</Value>
        </Property>
        <Property>
          <Key>Parameter:result</Key>
          <Value>atan</Value>
        </Property>
        <Property>
          <Key>Parameter:varlist</Key>
          <Value>&lt;att/&gt;&lt;sum&gt;&lt;b/&gt;&lt;/sum&gt;</Value>
        </Property>
      </Properties>
      <TestMethod codeBase="D:/Repos/GENDEV/Warewolf-ESB/Dev/Warewolf.Specs/Dev2.Studio.Core.Specs.DLL" adapterTypeName="Microsoft.VisualStudio.TestTools.TestTypes.Unit.UnitTestAdapter, Microsoft.VisualStudio.QualityTools.Tips.UnitTest.Adapter, Version=14.0.0.0, Culture=neutral, PublicKeyToken=b03f5f7f11d50a3a" className="Dev2.Studio.Core.Specs.IntellisenseSpecs.DefaultIntellisenseFeature, Dev2.Studio.Core.Specs, Version=0.0.6284.21037, Culture=neutral, PublicKeyToken=null" name="InsertForAllFilterTypeAndCalculateProvider_1" />
    </UnitTest>
    <UnitTest name="TestWFWithReplace" storage="d:\repos\gendev\warewolf-esb\dev\warewolf.specs\dev2.activities.specs.dll" id="c25a4d07-41ed-47a9-fa5f-571bad9d6201">
      <Description>Test WF with Replace</Description>
      <TestCategory>
        <TestCategoryItem TestCategory="TestFramework" />
      </TestCategory>
      <Execution id="e9b1691f-56f5-4a07-8677-37ec46be8b81" />
      <Properties>
        <Property>
          <Key>FeatureTitle</Key>
          <Value>StudioTestFramework</Value>
        </Property>
      </Properties>
      <TestMethod codeBase="D:/Repos/GENDEV/Warewolf-ESB/Dev/Warewolf.Specs/Dev2.Activities.Specs.DLL" adapterTypeName="Microsoft.VisualStudio.TestTools.TestTypes.Unit.UnitTestAdapter, Microsoft.VisualStudio.QualityTools.Tips.UnitTest.Adapter, Version=14.0.0.0, Culture=neutral, PublicKeyToken=b03f5f7f11d50a3a" className="Dev2.Activities.Specs.TestFramework.StudioTestFrameworkFeature, Dev2.Activities.Specs, Version=0.0.6284.21160, Culture=neutral, PublicKeyToken=null" name="TestWFWithReplace" />
    </UnitTest>
    <UnitTest name="LoadingExistingTestsHasCorrectTestStatus" storage="d:\repos\gendev\warewolf-esb\dev\warewolf.specs\dev2.activities.specs.dll" id="158a1177-d842-6921-8636-6a0e27532020">
      <Description>Loading existing Tests has correct Test Status</Description>
      <TestCategory>
        <TestCategoryItem TestCategory="TestFramework" />
      </TestCategory>
      <Execution id="03da3d86-b3dc-47c1-b236-eb1c4ee81cca" />
      <Properties>
        <Property>
          <Key>FeatureTitle</Key>
          <Value>StudioTestFramework</Value>
        </Property>
      </Properties>
      <TestMethod codeBase="D:/Repos/GENDEV/Warewolf-ESB/Dev/Warewolf.Specs/Dev2.Activities.Specs.DLL" adapterTypeName="Microsoft.VisualStudio.TestTools.TestTypes.Unit.UnitTestAdapter, Microsoft.VisualStudio.QualityTools.Tips.UnitTest.Adapter, Version=14.0.0.0, Culture=neutral, PublicKeyToken=b03f5f7f11d50a3a" className="Dev2.Activities.Specs.TestFramework.StudioTestFrameworkFeature, Dev2.Activities.Specs, Version=0.0.6284.21160, Culture=neutral, PublicKeyToken=null" name="LoadingExistingTestsHasCorrectTestStatus" />
    </UnitTest>
    <UnitTest name="TestWFWithCreate" storage="d:\repos\gendev\warewolf-esb\dev\warewolf.specs\dev2.activities.specs.dll" id="18d4aaba-5e56-eb96-8373-444f85de3d3a">
      <Description>Test WF with Create</Description>
      <TestCategory>
        <TestCategoryItem TestCategory="TestFramework" />
      </TestCategory>
      <Execution id="63e9a470-2a9c-469c-9ff1-8623f0b1863d" />
      <Properties>
        <Property>
          <Key>FeatureTitle</Key>
          <Value>StudioTestFramework</Value>
        </Property>
      </Properties>
      <TestMethod codeBase="D:/Repos/GENDEV/Warewolf-ESB/Dev/Warewolf.Specs/Dev2.Activities.Specs.DLL" adapterTypeName="Microsoft.VisualStudio.TestTools.TestTypes.Unit.UnitTestAdapter, Microsoft.VisualStudio.QualityTools.Tips.UnitTest.Adapter, Version=14.0.0.0, Culture=neutral, PublicKeyToken=b03f5f7f11d50a3a" className="Dev2.Activities.Specs.TestFramework.StudioTestFrameworkFeature, Dev2.Activities.Specs, Version=0.0.6284.21160, Culture=neutral, PublicKeyToken=null" name="TestWFWithCreate" />
    </UnitTest>
    <UnitTest name="InsertForJsonFilterTypeAndDefaultProvider_22" storage="d:\repos\gendev\warewolf-esb\dev\warewolf.specs\dev2.studio.core.specs.dll" id="8fac3cce-0a7c-fd0c-9451-c21ee3ab3bbd">
      <Description>Insert for Json FilterType and Default Provider: 22</Description>
      <Execution id="ba159815-fff7-45e6-978e-470748e4e00f" />
      <Properties>
        <Property>
          <Key>Parameter:filterType</Key>
          <Value>JsonObject</Value>
        </Property>
        <Property>
          <Key>Parameter:caretposition</Key>
          <Value>22</Value>
        </Property>
        <Property>
          <Key>VariantName</Key>
          <Value>22</Value>
        </Property>
        <Property>
          <Key>Parameter:option</Key>
          <Value>[[@Person.Child.Name]]</Value>
        </Property>
        <Property>
          <Key>Parameter:dropDownList</Key>
          <Value>[[@Person.Child.Name]]</Value>
        </Property>
        <Property>
          <Key>Parameter:testName</Key>
          <Value>22</Value>
        </Property>
        <Property>
          <Key>Parameter:provider</Key>
          <Value>Default</Value>
        </Property>
        <Property>
          <Key>Parameter:input</Key>
          <Value>Name</Value>
        </Property>
        <Property>
          <Key>FeatureTitle</Key>
          <Value>DefaultIntellisense</Value>
        </Property>
        <Property>
          <Key>Parameter:index</Key>
          <Value>4</Value>
        </Property>
        <Property>
          <Key>Parameter:result</Key>
          <Value>[[@Person.Child.Name]]</Value>
        </Property>
        <Property>
          <Key>Parameter:varlist</Key>
          <Value>[[@Person]],[[@Person.name]],[[@Person.Age]],[[@Person.Child.Name]]</Value>
        </Property>
      </Properties>
      <TestMethod codeBase="D:/Repos/GENDEV/Warewolf-ESB/Dev/Warewolf.Specs/Dev2.Studio.Core.Specs.DLL" adapterTypeName="Microsoft.VisualStudio.TestTools.TestTypes.Unit.UnitTestAdapter, Microsoft.VisualStudio.QualityTools.Tips.UnitTest.Adapter, Version=14.0.0.0, Culture=neutral, PublicKeyToken=b03f5f7f11d50a3a" className="Dev2.Studio.Core.Specs.IntellisenseSpecs.DefaultIntellisenseFeature, Dev2.Studio.Core.Specs, Version=0.0.6284.21037, Culture=neutral, PublicKeyToken=null" name="InsertForJsonFilterTypeAndDefaultProvider_22" />
    </UnitTest>
    <UnitTest name="InsertForAllFilterTypeAndFileProvider_10" storage="d:\repos\gendev\warewolf-esb\dev\warewolf.specs\dev2.studio.core.specs.dll" id="2c11eab4-8957-fb2a-5d0d-57d761165078">
      <Description>Insert for All FilterType and File Provider: 10</Description>
      <Execution id="409c40eb-2871-4ffb-a1a2-057df2d2d90a" />
      <Properties>
        <Property>
          <Key>Parameter:filterType</Key>
          <Value>All</Value>
        </Property>
        <Property>
          <Key>VariantName</Key>
          <Value>10</Value>
        </Property>
        <Property>
          <Key>Parameter:dropDownList</Key>
          <Value>[[c]],[[cd]],c:\,c:\FolderA,c:\FolderA\FileA.txt</Value>
        </Property>
        <Property>
          <Key>Parameter:pathStructure</Key>
          <Value>c:\,c:\FolderA,c:\FolderA\FileA.txt</Value>
        </Property>
        <Property>
          <Key>FeatureTitle</Key>
          <Value>DefaultIntellisense</Value>
        </Property>
        <Property>
          <Key>Parameter:provider</Key>
          <Value>Default, File</Value>
        </Property>
        <Property>
          <Key>Parameter:index</Key>
          <Value>16</Value>
        </Property>
        <Property>
          <Key>Parameter:result</Key>
          <Value>del c:\FolderA [[cd]]</Value>
        </Property>
        <Property>
          <Key>Parameter:caretposition</Key>
          <Value>21</Value>
        </Property>
        <Property>
          <Key>Parameter:testName</Key>
          <Value>10</Value>
        </Property>
        <Property>
          <Key>Parameter:input</Key>
          <Value>del c:\FolderA c</Value>
        </Property>
        <Property>
          <Key>Parameter:varlist</Key>
          <Value>&lt;c/&gt;&lt;cd/&gt;</Value>
        </Property>
        <Property>
          <Key>Parameter:option</Key>
          <Value>[[cd]]</Value>
        </Property>
      </Properties>
      <TestMethod codeBase="D:/Repos/GENDEV/Warewolf-ESB/Dev/Warewolf.Specs/Dev2.Studio.Core.Specs.DLL" adapterTypeName="Microsoft.VisualStudio.TestTools.TestTypes.Unit.UnitTestAdapter, Microsoft.VisualStudio.QualityTools.Tips.UnitTest.Adapter, Version=14.0.0.0, Culture=neutral, PublicKeyToken=b03f5f7f11d50a3a" className="Dev2.Studio.Core.Specs.IntellisenseSpecs.DefaultIntellisenseFeature, Dev2.Studio.Core.Specs, Version=0.0.6284.21037, Culture=neutral, PublicKeyToken=null" name="InsertForAllFilterTypeAndFileProvider_10" />
    </UnitTest>
    <UnitTest name="TestWFWithSharepointUploadFile" storage="d:\repos\gendev\warewolf-esb\dev\warewolf.specs\dev2.activities.specs.dll" id="5356bc83-3854-454e-e0c3-c2f90675028d">
      <Description>Test WF with Sharepoint Upload File</Description>
      <TestCategory>
        <TestCategoryItem TestCategory="TestFramework" />
      </TestCategory>
      <Execution id="2d43e7a1-226d-4132-8c3d-928d8b928d4a" />
      <Properties>
        <Property>
          <Key>FeatureTitle</Key>
          <Value>StudioTestFramework</Value>
        </Property>
      </Properties>
      <TestMethod codeBase="D:/Repos/GENDEV/Warewolf-ESB/Dev/Warewolf.Specs/Dev2.Activities.Specs.DLL" adapterTypeName="Microsoft.VisualStudio.TestTools.TestTypes.Unit.UnitTestAdapter, Microsoft.VisualStudio.QualityTools.Tips.UnitTest.Adapter, Version=14.0.0.0, Culture=neutral, PublicKeyToken=b03f5f7f11d50a3a" className="Dev2.Activities.Specs.TestFramework.StudioTestFrameworkFeature, Dev2.Activities.Specs, Version=0.0.6284.21160, Culture=neutral, PublicKeyToken=null" name="TestWFWithSharepointUploadFile" />
    </UnitTest>
    <UnitTest name="CreateNewTestWithServiceThatAsRecordsetInputs" storage="d:\repos\gendev\warewolf-esb\dev\warewolf.specs\dev2.activities.specs.dll" id="8ba62538-aab0-6ff1-63da-f26099a220a6">
      <Description>Create New Test with Service that as recordset inputs</Description>
      <TestCategory>
        <TestCategoryItem TestCategory="TestFramework" />
      </TestCategory>
      <Execution id="6f1dd084-8ade-4a24-a1e1-b9911dfe61a5" />
      <Properties>
        <Property>
          <Key>FeatureTitle</Key>
          <Value>StudioTestFramework</Value>
        </Property>
      </Properties>
      <TestMethod codeBase="D:/Repos/GENDEV/Warewolf-ESB/Dev/Warewolf.Specs/Dev2.Activities.Specs.DLL" adapterTypeName="Microsoft.VisualStudio.TestTools.TestTypes.Unit.UnitTestAdapter, Microsoft.VisualStudio.QualityTools.Tips.UnitTest.Adapter, Version=14.0.0.0, Culture=neutral, PublicKeyToken=b03f5f7f11d50a3a" className="Dev2.Activities.Specs.TestFramework.StudioTestFrameworkFeature, Dev2.Activities.Specs, Version=0.0.6284.21160, Culture=neutral, PublicKeyToken=null" name="CreateNewTestWithServiceThatAsRecordsetInputs" />
    </UnitTest>
    <UnitTest name="InsertForAllFilterTypeAndDefaultProvider_13" storage="d:\repos\gendev\warewolf-esb\dev\warewolf.specs\dev2.studio.core.specs.dll" id="6592a0d5-60ff-7eb7-3f12-61253b2eac25">
      <Description>Insert for All FilterType and Default Provider: 13</Description>
      <Execution id="a661d6e8-4642-4be1-8117-378802de8d98" />
      <Properties>
        <Property>
          <Key>Parameter:filterType</Key>
          <Value>All</Value>
        </Property>
        <Property>
          <Key>Parameter:caretposition</Key>
          <Value>13</Value>
        </Property>
        <Property>
          <Key>VariantName</Key>
          <Value>13</Value>
        </Property>
        <Property>
          <Key>Parameter:option</Key>
          <Value>
          </Value>
        </Property>
        <Property>
          <Key>Parameter:dropDownList</Key>
          <Value>
          </Value>
        </Property>
        <Property>
          <Key>Parameter:testName</Key>
          <Value>13</Value>
        </Property>
        <Property>
          <Key>Parameter:provider</Key>
          <Value>Default</Value>
        </Property>
        <Property>
          <Key>Parameter:input</Key>
          <Value>[[var]] text</Value>
        </Property>
        <Property>
          <Key>FeatureTitle</Key>
          <Value>DefaultIntellisense</Value>
        </Property>
        <Property>
          <Key>Parameter:index</Key>
          <Value>13</Value>
        </Property>
        <Property>
          <Key>Parameter:result</Key>
          <Value>[[var]] text</Value>
        </Property>
        <Property>
          <Key>Parameter:varlist</Key>
          <Value>[[var]],[[var2]],[[rec()]],[[rec().var2]],[[rec().var]]</Value>
        </Property>
      </Properties>
      <TestMethod codeBase="D:/Repos/GENDEV/Warewolf-ESB/Dev/Warewolf.Specs/Dev2.Studio.Core.Specs.DLL" adapterTypeName="Microsoft.VisualStudio.TestTools.TestTypes.Unit.UnitTestAdapter, Microsoft.VisualStudio.QualityTools.Tips.UnitTest.Adapter, Version=14.0.0.0, Culture=neutral, PublicKeyToken=b03f5f7f11d50a3a" className="Dev2.Studio.Core.Specs.IntellisenseSpecs.DefaultIntellisenseFeature, Dev2.Studio.Core.Specs, Version=0.0.6284.21037, Culture=neutral, PublicKeyToken=null" name="InsertForAllFilterTypeAndDefaultProvider_13" />
    </UnitTest>
    <UnitTest name="SaveMultipleNewTestsEnabledSaveAfterEdit" storage="d:\repos\gendev\warewolf-esb\dev\warewolf.specs\dev2.activities.specs.dll" id="f3c72e1a-d4d9-394d-d95f-e35997ce60b3">
      <Description>Save multiple New Tests Enabled Save after Edit</Description>
      <TestCategory>
        <TestCategoryItem TestCategory="TestFramework" />
      </TestCategory>
      <Execution id="16b1c7f8-9614-4c2a-b909-d8faeb6a052a" />
      <Properties>
        <Property>
          <Key>FeatureTitle</Key>
          <Value>StudioTestFramework</Value>
        </Property>
      </Properties>
      <TestMethod codeBase="D:/Repos/GENDEV/Warewolf-ESB/Dev/Warewolf.Specs/Dev2.Activities.Specs.DLL" adapterTypeName="Microsoft.VisualStudio.TestTools.TestTypes.Unit.UnitTestAdapter, Microsoft.VisualStudio.QualityTools.Tips.UnitTest.Adapter, Version=14.0.0.0, Culture=neutral, PublicKeyToken=b03f5f7f11d50a3a" className="Dev2.Activities.Specs.TestFramework.StudioTestFrameworkFeature, Dev2.Activities.Specs, Version=0.0.6284.21160, Culture=neutral, PublicKeyToken=null" name="SaveMultipleNewTestsEnabledSaveAfterEdit" />
    </UnitTest>
    <UnitTest name="TestWFWithRenameFile" storage="d:\repos\gendev\warewolf-esb\dev\warewolf.specs\dev2.activities.specs.dll" id="a3835629-4808-e4cd-8137-2c27da7a1fec">
      <Description>Test WF with Rename File</Description>
      <TestCategory>
        <TestCategoryItem TestCategory="TestFramework" />
      </TestCategory>
      <Execution id="2d5e7052-2b34-4dac-8844-c9a0d10ca709" />
      <Properties>
        <Property>
          <Key>FeatureTitle</Key>
          <Value>StudioTestFramework</Value>
        </Property>
      </Properties>
      <TestMethod codeBase="D:/Repos/GENDEV/Warewolf-ESB/Dev/Warewolf.Specs/Dev2.Activities.Specs.DLL" adapterTypeName="Microsoft.VisualStudio.TestTools.TestTypes.Unit.UnitTestAdapter, Microsoft.VisualStudio.QualityTools.Tips.UnitTest.Adapter, Version=14.0.0.0, Culture=neutral, PublicKeyToken=b03f5f7f11d50a3a" className="Dev2.Activities.Specs.TestFramework.StudioTestFrameworkFeature, Dev2.Activities.Specs, Version=0.0.6284.21160, Culture=neutral, PublicKeyToken=null" name="TestWFWithRenameFile" />
    </UnitTest>
    <UnitTest name="InsertForRecordsetsOnlyFilterTypeAndDefaultProvider_2" storage="d:\repos\gendev\warewolf-esb\dev\warewolf.specs\dev2.studio.core.specs.dll" id="9398219e-e347-2b85-5a22-d27163ae56ee">
      <Description>Insert for RecordsetsOnly FilterType and Default Provider: 2</Description>
      <Execution id="b4cf1cd2-ebf6-480f-87eb-378b062fafff" />
      <Properties>
        <Property>
          <Key>Parameter:filterType</Key>
          <Value>RecordsetsOnly</Value>
        </Property>
        <Property>
          <Key>Parameter:caretposition</Key>
          <Value>1</Value>
        </Property>
        <Property>
          <Key>VariantName</Key>
          <Value>2</Value>
        </Property>
        <Property>
          <Key>Parameter:option</Key>
          <Value>
          </Value>
        </Property>
        <Property>
          <Key>Parameter:dropDownList</Key>
          <Value>
          </Value>
        </Property>
        <Property>
          <Key>Parameter:testName</Key>
          <Value>2</Value>
        </Property>
        <Property>
          <Key>Parameter:provider</Key>
          <Value>Default</Value>
        </Property>
        <Property>
          <Key>Parameter:input</Key>
          <Value>b</Value>
        </Property>
        <Property>
          <Key>FeatureTitle</Key>
          <Value>DefaultIntellisense</Value>
        </Property>
        <Property>
          <Key>Parameter:index</Key>
          <Value>1</Value>
        </Property>
        <Property>
          <Key>Parameter:result</Key>
          <Value>b</Value>
        </Property>
        <Property>
          <Key>Parameter:varlist</Key>
          <Value>[[b]],[[sum().b]],[[mus().b]],[[sum()]],[[mus()]]</Value>
        </Property>
      </Properties>
      <TestMethod codeBase="D:/Repos/GENDEV/Warewolf-ESB/Dev/Warewolf.Specs/Dev2.Studio.Core.Specs.DLL" adapterTypeName="Microsoft.VisualStudio.TestTools.TestTypes.Unit.UnitTestAdapter, Microsoft.VisualStudio.QualityTools.Tips.UnitTest.Adapter, Version=14.0.0.0, Culture=neutral, PublicKeyToken=b03f5f7f11d50a3a" className="Dev2.Studio.Core.Specs.IntellisenseSpecs.DefaultIntellisenseFeature, Dev2.Studio.Core.Specs, Version=0.0.6284.21037, Culture=neutral, PublicKeyToken=null" name="InsertForRecordsetsOnlyFilterTypeAndDefaultProvider_2" />
    </UnitTest>
    <UnitTest name="TestWFWithDataSplit" storage="d:\repos\gendev\warewolf-esb\dev\warewolf.specs\dev2.activities.specs.dll" id="01717870-5e55-3dc9-bb3a-d6f8c5b39631">
      <Description>Test WF with Data split</Description>
      <TestCategory>
        <TestCategoryItem TestCategory="TestFramework" />
      </TestCategory>
      <Execution id="c6862d58-2d44-49f8-a7a0-7bcf8ac0e556" />
      <Properties>
        <Property>
          <Key>FeatureTitle</Key>
          <Value>StudioTestFramework</Value>
        </Property>
      </Properties>
      <TestMethod codeBase="D:/Repos/GENDEV/Warewolf-ESB/Dev/Warewolf.Specs/Dev2.Activities.Specs.DLL" adapterTypeName="Microsoft.VisualStudio.TestTools.TestTypes.Unit.UnitTestAdapter, Microsoft.VisualStudio.QualityTools.Tips.UnitTest.Adapter, Version=14.0.0.0, Culture=neutral, PublicKeyToken=b03f5f7f11d50a3a" className="Dev2.Activities.Specs.TestFramework.StudioTestFrameworkFeature, Dev2.Activities.Specs, Version=0.0.6284.21160, Culture=neutral, PublicKeyToken=null" name="TestWFWithDataSplit" />
    </UnitTest>
    <UnitTest name="TestWFWithSharepointDeleteFile" storage="d:\repos\gendev\warewolf-esb\dev\warewolf.specs\dev2.activities.specs.dll" id="1a50a430-ee80-86a1-b715-409b066b787a">
      <Description>Test WF with Sharepoint Delete File</Description>
      <TestCategory>
        <TestCategoryItem TestCategory="TestFramework" />
      </TestCategory>
      <Execution id="8917ddb9-5e35-4bba-beb7-bba1edf20418" />
      <Properties>
        <Property>
          <Key>FeatureTitle</Key>
          <Value>StudioTestFramework</Value>
        </Property>
      </Properties>
      <TestMethod codeBase="D:/Repos/GENDEV/Warewolf-ESB/Dev/Warewolf.Specs/Dev2.Activities.Specs.DLL" adapterTypeName="Microsoft.VisualStudio.TestTools.TestTypes.Unit.UnitTestAdapter, Microsoft.VisualStudio.QualityTools.Tips.UnitTest.Adapter, Version=14.0.0.0, Culture=neutral, PublicKeyToken=b03f5f7f11d50a3a" className="Dev2.Activities.Specs.TestFramework.StudioTestFrameworkFeature, Dev2.Activities.Specs, Version=0.0.6284.21160, Culture=neutral, PublicKeyToken=null" name="TestWFWithSharepointDeleteFile" />
    </UnitTest>
    <UnitTest name="TestWFWithDataMerge" storage="d:\repos\gendev\warewolf-esb\dev\warewolf.specs\dev2.activities.specs.dll" id="0a43d5cd-cbe2-011c-a428-d48c79f65844">
      <Description>Test WF with Data Merge</Description>
      <TestCategory>
        <TestCategoryItem TestCategory="TestFramework" />
      </TestCategory>
      <Execution id="96284a0f-b9b7-4650-91c3-2675b7dc04a5" />
      <Properties>
        <Property>
          <Key>FeatureTitle</Key>
          <Value>StudioTestFramework</Value>
        </Property>
      </Properties>
      <TestMethod codeBase="D:/Repos/GENDEV/Warewolf-ESB/Dev/Warewolf.Specs/Dev2.Activities.Specs.DLL" adapterTypeName="Microsoft.VisualStudio.TestTools.TestTypes.Unit.UnitTestAdapter, Microsoft.VisualStudio.QualityTools.Tips.UnitTest.Adapter, Version=14.0.0.0, Culture=neutral, PublicKeyToken=b03f5f7f11d50a3a" className="Dev2.Activities.Specs.TestFramework.StudioTestFrameworkFeature, Dev2.Activities.Specs, Version=0.0.6284.21160, Culture=neutral, PublicKeyToken=null" name="TestWFWithDataMerge" />
    </UnitTest>
    <UnitTest name="RunAllUnselectsAllTestsOnSelectionShowsCorectDebug" storage="d:\repos\gendev\warewolf-esb\dev\warewolf.specs\dev2.activities.specs.dll" id="f30824ba-11d9-fc1e-c21d-faa8fb260b46">
      <Description>Run all unselects all tests on selection shows corect debug</Description>
      <TestCategory>
        <TestCategoryItem TestCategory="TestFramework" />
      </TestCategory>
      <Execution id="0b421b4c-9492-40e3-91d5-b7a9cefc8488" />
      <Properties>
        <Property>
          <Key>FeatureTitle</Key>
          <Value>StudioTestFramework</Value>
        </Property>
      </Properties>
      <TestMethod codeBase="D:/Repos/GENDEV/Warewolf-ESB/Dev/Warewolf.Specs/Dev2.Activities.Specs.DLL" adapterTypeName="Microsoft.VisualStudio.TestTools.TestTypes.Unit.UnitTestAdapter, Microsoft.VisualStudio.QualityTools.Tips.UnitTest.Adapter, Version=14.0.0.0, Culture=neutral, PublicKeyToken=b03f5f7f11d50a3a" className="Dev2.Activities.Specs.TestFramework.StudioTestFrameworkFeature, Dev2.Activities.Specs, Version=0.0.6284.21160, Culture=neutral, PublicKeyToken=null" name="RunAllUnselectsAllTestsOnSelectionShowsCorectDebug" />
    </UnitTest>
    <UnitTest name="InsertForJsonFilterTypeAndDefaultProvider_5" storage="d:\repos\gendev\warewolf-esb\dev\warewolf.specs\dev2.studio.core.specs.dll" id="88f8f36e-45b4-39bc-29d9-c76ee5cffbeb">
      <Description>Insert for Json FilterType and Default Provider: 5</Description>
      <Execution id="94c84bba-1329-4b4e-92f6-0e70d8496e9d" />
      <Properties>
        <Property>
          <Key>Parameter:filterType</Key>
          <Value>JsonObject</Value>
        </Property>
        <Property>
          <Key>Parameter:caretposition</Key>
          <Value>16</Value>
        </Property>
        <Property>
          <Key>VariantName</Key>
          <Value>5</Value>
        </Property>
        <Property>
          <Key>Parameter:option</Key>
          <Value>[[@Person.name]]</Value>
        </Property>
        <Property>
          <Key>Parameter:dropDownList</Key>
          <Value>[[@Person.name]]</Value>
        </Property>
        <Property>
          <Key>Parameter:testName</Key>
          <Value>5</Value>
        </Property>
        <Property>
          <Key>Parameter:provider</Key>
          <Value>Default</Value>
        </Property>
        <Property>
          <Key>Parameter:input</Key>
          <Value>[[@Person.name</Value>
        </Property>
        <Property>
          <Key>FeatureTitle</Key>
          <Value>DefaultIntellisense</Value>
        </Property>
        <Property>
          <Key>Parameter:index</Key>
          <Value>15</Value>
        </Property>
        <Property>
          <Key>Parameter:result</Key>
          <Value>[[@Person.name]]</Value>
        </Property>
        <Property>
          <Key>Parameter:varlist</Key>
          <Value>[[@Person]],[[@Person.name]]</Value>
        </Property>
      </Properties>
      <TestMethod codeBase="D:/Repos/GENDEV/Warewolf-ESB/Dev/Warewolf.Specs/Dev2.Studio.Core.Specs.DLL" adapterTypeName="Microsoft.VisualStudio.TestTools.TestTypes.Unit.UnitTestAdapter, Microsoft.VisualStudio.QualityTools.Tips.UnitTest.Adapter, Version=14.0.0.0, Culture=neutral, PublicKeyToken=b03f5f7f11d50a3a" className="Dev2.Studio.Core.Specs.IntellisenseSpecs.DefaultIntellisenseFeature, Dev2.Studio.Core.Specs, Version=0.0.6284.21037, Culture=neutral, PublicKeyToken=null" name="InsertForJsonFilterTypeAndDefaultProvider_5" />
    </UnitTest>
    <UnitTest name="InsertForJsonFilterTypeAndDefaultProvider_6" storage="d:\repos\gendev\warewolf-esb\dev\warewolf.specs\dev2.studio.core.specs.dll" id="dbc55623-8471-d595-0e2e-45ec40c84e36">
      <Description>Insert for Json FilterType and Default Provider: 6</Description>
      <Execution id="4d13d57a-b345-466f-befc-c3ee003f3836" />
      <Properties>
        <Property>
          <Key>Parameter:filterType</Key>
          <Value>JsonObject</Value>
        </Property>
        <Property>
          <Key>Parameter:caretposition</Key>
          <Value>16</Value>
        </Property>
        <Property>
          <Key>VariantName</Key>
          <Value>6</Value>
        </Property>
        <Property>
          <Key>Parameter:option</Key>
          <Value>[[@Person.name]]</Value>
        </Property>
        <Property>
          <Key>Parameter:dropDownList</Key>
          <Value>[[@Person.name]]</Value>
        </Property>
        <Property>
          <Key>Parameter:testName</Key>
          <Value>6</Value>
        </Property>
        <Property>
          <Key>Parameter:provider</Key>
          <Value>Default</Value>
        </Property>
        <Property>
          <Key>Parameter:input</Key>
          <Value>name</Value>
        </Property>
        <Property>
          <Key>FeatureTitle</Key>
          <Value>DefaultIntellisense</Value>
        </Property>
        <Property>
          <Key>Parameter:index</Key>
          <Value>4</Value>
        </Property>
        <Property>
          <Key>Parameter:result</Key>
          <Value>[[@Person.name]]</Value>
        </Property>
        <Property>
          <Key>Parameter:varlist</Key>
          <Value>[[@Person]],[[@Person.name]]</Value>
        </Property>
      </Properties>
      <TestMethod codeBase="D:/Repos/GENDEV/Warewolf-ESB/Dev/Warewolf.Specs/Dev2.Studio.Core.Specs.DLL" adapterTypeName="Microsoft.VisualStudio.TestTools.TestTypes.Unit.UnitTestAdapter, Microsoft.VisualStudio.QualityTools.Tips.UnitTest.Adapter, Version=14.0.0.0, Culture=neutral, PublicKeyToken=b03f5f7f11d50a3a" className="Dev2.Studio.Core.Specs.IntellisenseSpecs.DefaultIntellisenseFeature, Dev2.Studio.Core.Specs, Version=0.0.6284.21037, Culture=neutral, PublicKeyToken=null" name="InsertForJsonFilterTypeAndDefaultProvider_6" />
    </UnitTest>
    <UnitTest name="TestWFWithSharepointUpdateListItem" storage="d:\repos\gendev\warewolf-esb\dev\warewolf.specs\dev2.activities.specs.dll" id="9928e76b-881e-723b-8a62-3b9629243985">
      <Description>Test WF with Sharepoint Update List Item</Description>
      <TestCategory>
        <TestCategoryItem TestCategory="TestFramework" />
      </TestCategory>
      <Execution id="162ff1b5-a110-4050-8bea-a9c08bd7aa73" />
      <Properties>
        <Property>
          <Key>FeatureTitle</Key>
          <Value>StudioTestFramework</Value>
        </Property>
      </Properties>
      <TestMethod codeBase="D:/Repos/GENDEV/Warewolf-ESB/Dev/Warewolf.Specs/Dev2.Activities.Specs.DLL" adapterTypeName="Microsoft.VisualStudio.TestTools.TestTypes.Unit.UnitTestAdapter, Microsoft.VisualStudio.QualityTools.Tips.UnitTest.Adapter, Version=14.0.0.0, Culture=neutral, PublicKeyToken=b03f5f7f11d50a3a" className="Dev2.Activities.Specs.TestFramework.StudioTestFrameworkFeature, Dev2.Activities.Specs, Version=0.0.6284.21160, Culture=neutral, PublicKeyToken=null" name="TestWFWithSharepointUpdateListItem" />
    </UnitTest>
    <UnitTest name="InsertForAllFilterTypeAndCalculateProvider_6" storage="d:\repos\gendev\warewolf-esb\dev\warewolf.specs\dev2.studio.core.specs.dll" id="6e41fe82-b780-e4fc-dd8c-a460490889b0">
      <Description>Insert for All FilterType and Calculate Provider: 6</Description>
      <Execution id="1739e09d-27ec-46ba-9d85-ead0693bebc7" />
      <Properties>
        <Property>
          <Key>Parameter:filterType</Key>
          <Value>All</Value>
        </Property>
        <Property>
          <Key>Parameter:caretposition</Key>
          <Value>11</Value>
        </Property>
        <Property>
          <Key>VariantName</Key>
          <Value>6</Value>
        </Property>
        <Property>
          <Key>Parameter:option</Key>
          <Value>
          </Value>
        </Property>
        <Property>
          <Key>Parameter:dropDownList</Key>
          <Value>
          </Value>
        </Property>
        <Property>
          <Key>Parameter:testName</Key>
          <Value>6</Value>
        </Property>
        <Property>
          <Key>Parameter:provider</Key>
          <Value>Default, Calculate</Value>
        </Property>
        <Property>
          <Key>Parameter:input</Key>
          <Value>tan([[at]])</Value>
        </Property>
        <Property>
          <Key>FeatureTitle</Key>
          <Value>DefaultIntellisense</Value>
        </Property>
        <Property>
          <Key>Parameter:index</Key>
          <Value>11</Value>
        </Property>
        <Property>
          <Key>Parameter:result</Key>
          <Value>tan([[at]])</Value>
        </Property>
        <Property>
          <Key>Parameter:varlist</Key>
          <Value>&lt;att/&gt;&lt;sum&gt;&lt;b/&gt;&lt;/sum&gt;</Value>
        </Property>
      </Properties>
      <TestMethod codeBase="D:/Repos/GENDEV/Warewolf-ESB/Dev/Warewolf.Specs/Dev2.Studio.Core.Specs.DLL" adapterTypeName="Microsoft.VisualStudio.TestTools.TestTypes.Unit.UnitTestAdapter, Microsoft.VisualStudio.QualityTools.Tips.UnitTest.Adapter, Version=14.0.0.0, Culture=neutral, PublicKeyToken=b03f5f7f11d50a3a" className="Dev2.Studio.Core.Specs.IntellisenseSpecs.DefaultIntellisenseFeature, Dev2.Studio.Core.Specs, Version=0.0.6284.21037, Culture=neutral, PublicKeyToken=null" name="InsertForAllFilterTypeAndCalculateProvider_6" />
    </UnitTest>
    <UnitTest name="InsertForAllFilterTypeAndDateTimeProvider_3" storage="d:\repos\gendev\warewolf-esb\dev\warewolf.specs\dev2.studio.core.specs.dll" id="a5f68ab3-0b57-72ca-c4ce-0adf6e5c0a49">
      <Description>Insert for All FilterType and DateTime Provider: 3</Description>
      <Execution id="51a017a5-2e7a-42ce-9698-85c11616d740" />
      <Properties>
        <Property>
          <Key>Parameter:filterType</Key>
          <Value>All</Value>
        </Property>
        <Property>
          <Key>Parameter:caretposition</Key>
          <Value>19</Value>
        </Property>
        <Property>
          <Key>VariantName</Key>
          <Value>3</Value>
        </Property>
        <Property>
          <Key>Parameter:option</Key>
          <Value>[[rec().minss]]</Value>
        </Property>
        <Property>
          <Key>Parameter:dropDownList</Key>
          <Value>[[rec(*).minss]],[[rec().minss]],[[min]]</Value>
        </Property>
        <Property>
          <Key>Parameter:testName</Key>
          <Value>3</Value>
        </Property>
        <Property>
          <Key>Parameter:provider</Key>
          <Value>Default, DateTime</Value>
        </Property>
        <Property>
          <Key>Parameter:input</Key>
          <Value>text[[m]]</Value>
        </Property>
        <Property>
          <Key>FeatureTitle</Key>
          <Value>DefaultIntellisense</Value>
        </Property>
        <Property>
          <Key>Parameter:index</Key>
          <Value>7</Value>
        </Property>
        <Property>
          <Key>Parameter:result</Key>
          <Value>text[[rec().minss]]</Value>
        </Property>
        <Property>
          <Key>Parameter:varlist</Key>
          <Value>&lt;ww/&gt;&lt;min/&gt;&lt;rec&gt;&lt;minss/&gt;&lt;/rec&gt;</Value>
        </Property>
      </Properties>
      <TestMethod codeBase="D:/Repos/GENDEV/Warewolf-ESB/Dev/Warewolf.Specs/Dev2.Studio.Core.Specs.DLL" adapterTypeName="Microsoft.VisualStudio.TestTools.TestTypes.Unit.UnitTestAdapter, Microsoft.VisualStudio.QualityTools.Tips.UnitTest.Adapter, Version=14.0.0.0, Culture=neutral, PublicKeyToken=b03f5f7f11d50a3a" className="Dev2.Studio.Core.Specs.IntellisenseSpecs.DefaultIntellisenseFeature, Dev2.Studio.Core.Specs, Version=0.0.6284.21037, Culture=neutral, PublicKeyToken=null" name="InsertForAllFilterTypeAndDateTimeProvider_3" />
    </UnitTest>
    <UnitTest name="InsertForAllFilterTypeAndDefaultProvider_12" storage="d:\repos\gendev\warewolf-esb\dev\warewolf.specs\dev2.studio.core.specs.dll" id="28c834f1-b045-fb0e-3bfa-be8f4d54f3e8">
      <Description>Insert for All FilterType and Default Provider: 12</Description>
      <Execution id="700350fc-0471-44b4-be00-85c6cb6e6ee8" />
      <Properties>
        <Property>
          <Key>Parameter:filterType</Key>
          <Value>All</Value>
        </Property>
        <Property>
          <Key>Parameter:caretposition</Key>
          <Value>7</Value>
        </Property>
        <Property>
          <Key>VariantName</Key>
          <Value>12</Value>
        </Property>
        <Property>
          <Key>Parameter:option</Key>
          <Value>
          </Value>
        </Property>
        <Property>
          <Key>Parameter:dropDownList</Key>
          <Value>
          </Value>
        </Property>
        <Property>
          <Key>Parameter:testName</Key>
          <Value>12</Value>
        </Property>
        <Property>
          <Key>Parameter:provider</Key>
          <Value>Default</Value>
        </Property>
        <Property>
          <Key>Parameter:input</Key>
          <Value>[[var]]</Value>
        </Property>
        <Property>
          <Key>FeatureTitle</Key>
          <Value>DefaultIntellisense</Value>
        </Property>
        <Property>
          <Key>Parameter:index</Key>
          <Value>7</Value>
        </Property>
        <Property>
          <Key>Parameter:result</Key>
          <Value>[[var]]</Value>
        </Property>
        <Property>
          <Key>Parameter:varlist</Key>
          <Value>[[var]],[[var2]],[[rec()]],[[rec().var2]],[[rec().var]]</Value>
        </Property>
      </Properties>
      <TestMethod codeBase="D:/Repos/GENDEV/Warewolf-ESB/Dev/Warewolf.Specs/Dev2.Studio.Core.Specs.DLL" adapterTypeName="Microsoft.VisualStudio.TestTools.TestTypes.Unit.UnitTestAdapter, Microsoft.VisualStudio.QualityTools.Tips.UnitTest.Adapter, Version=14.0.0.0, Culture=neutral, PublicKeyToken=b03f5f7f11d50a3a" className="Dev2.Studio.Core.Specs.IntellisenseSpecs.DefaultIntellisenseFeature, Dev2.Studio.Core.Specs, Version=0.0.6284.21037, Culture=neutral, PublicKeyToken=null" name="InsertForAllFilterTypeAndDefaultProvider_12" />
    </UnitTest>
    <UnitTest name="TestWFWithWebDelete" storage="d:\repos\gendev\warewolf-esb\dev\warewolf.specs\dev2.activities.specs.dll" id="5be8f232-547e-ba27-1051-44f206ceb36b">
      <Description>Test WF with Web Delete</Description>
      <TestCategory>
        <TestCategoryItem TestCategory="TestFramework" />
      </TestCategory>
      <Execution id="9a1a4e8f-4416-4a97-8490-cf2823fbf0a7" />
      <Properties>
        <Property>
          <Key>FeatureTitle</Key>
          <Value>StudioTestFramework</Value>
        </Property>
      </Properties>
      <TestMethod codeBase="D:/Repos/GENDEV/Warewolf-ESB/Dev/Warewolf.Specs/Dev2.Activities.Specs.DLL" adapterTypeName="Microsoft.VisualStudio.TestTools.TestTypes.Unit.UnitTestAdapter, Microsoft.VisualStudio.QualityTools.Tips.UnitTest.Adapter, Version=14.0.0.0, Culture=neutral, PublicKeyToken=b03f5f7f11d50a3a" className="Dev2.Activities.Specs.TestFramework.StudioTestFrameworkFeature, Dev2.Activities.Specs, Version=0.0.6284.21160, Culture=neutral, PublicKeyToken=null" name="TestWFWithWebDelete" />
    </UnitTest>
    <UnitTest name="InsertForJsonFilterTypeAndDefaultProvider_17" storage="d:\repos\gendev\warewolf-esb\dev\warewolf.specs\dev2.studio.core.specs.dll" id="2d73c85f-9c8d-6e04-343e-5da061f14932">
      <Description>Insert for Json FilterType and Default Provider: 17</Description>
      <Execution id="b6cc3a72-f26b-4554-8802-3a1d94f9ef9b" />
      <Properties>
        <Property>
          <Key>Parameter:filterType</Key>
          <Value>JsonObject</Value>
        </Property>
        <Property>
          <Key>Parameter:caretposition</Key>
          <Value>15</Value>
        </Property>
        <Property>
          <Key>VariantName</Key>
          <Value>17</Value>
        </Property>
        <Property>
          <Key>Parameter:option</Key>
          <Value>[[@Person.Age]]</Value>
        </Property>
        <Property>
          <Key>Parameter:dropDownList</Key>
          <Value>[[@Person.name]],[[@Person.Age]]</Value>
        </Property>
        <Property>
          <Key>Parameter:testName</Key>
          <Value>17</Value>
        </Property>
        <Property>
          <Key>Parameter:provider</Key>
          <Value>Default</Value>
        </Property>
        <Property>
          <Key>Parameter:input</Key>
          <Value>[[@Person.</Value>
        </Property>
        <Property>
          <Key>FeatureTitle</Key>
          <Value>DefaultIntellisense</Value>
        </Property>
        <Property>
          <Key>Parameter:index</Key>
          <Value>10</Value>
        </Property>
        <Property>
          <Key>Parameter:result</Key>
          <Value>[[@Person.Age]]</Value>
        </Property>
        <Property>
          <Key>Parameter:varlist</Key>
          <Value>[[@Person]],[[@Person.name]],[[@Person.Age]]</Value>
        </Property>
      </Properties>
      <TestMethod codeBase="D:/Repos/GENDEV/Warewolf-ESB/Dev/Warewolf.Specs/Dev2.Studio.Core.Specs.DLL" adapterTypeName="Microsoft.VisualStudio.TestTools.TestTypes.Unit.UnitTestAdapter, Microsoft.VisualStudio.QualityTools.Tips.UnitTest.Adapter, Version=14.0.0.0, Culture=neutral, PublicKeyToken=b03f5f7f11d50a3a" className="Dev2.Studio.Core.Specs.IntellisenseSpecs.DefaultIntellisenseFeature, Dev2.Studio.Core.Specs, Version=0.0.6284.21037, Culture=neutral, PublicKeyToken=null" name="InsertForJsonFilterTypeAndDefaultProvider_17" />
    </UnitTest>
    <UnitTest name="TestWFWithFindIndex" storage="d:\repos\gendev\warewolf-esb\dev\warewolf.specs\dev2.activities.specs.dll" id="4066a9a2-2586-1d03-88a9-c70399428371">
      <Description>Test WF with Find Index</Description>
      <TestCategory>
        <TestCategoryItem TestCategory="TestFramework" />
      </TestCategory>
      <Execution id="450145e8-9348-4ade-a070-800def115943" />
      <Properties>
        <Property>
          <Key>FeatureTitle</Key>
          <Value>StudioTestFramework</Value>
        </Property>
      </Properties>
      <TestMethod codeBase="D:/Repos/GENDEV/Warewolf-ESB/Dev/Warewolf.Specs/Dev2.Activities.Specs.DLL" adapterTypeName="Microsoft.VisualStudio.TestTools.TestTypes.Unit.UnitTestAdapter, Microsoft.VisualStudio.QualityTools.Tips.UnitTest.Adapter, Version=14.0.0.0, Culture=neutral, PublicKeyToken=b03f5f7f11d50a3a" className="Dev2.Activities.Specs.TestFramework.StudioTestFrameworkFeature, Dev2.Activities.Specs, Version=0.0.6284.21160, Culture=neutral, PublicKeyToken=null" name="TestWFWithFindIndex" />
    </UnitTest>
    <UnitTest name="InsertForJsonFilterTypeAndDefaultProvider_20" storage="d:\repos\gendev\warewolf-esb\dev\warewolf.specs\dev2.studio.core.specs.dll" id="4fb2f292-6bdc-1b52-7977-0e91f763d343">
      <Description>Insert for Json FilterType and Default Provider: 20</Description>
      <Execution id="e866321a-2a86-4bcf-a305-ed4905f01992" />
      <Properties>
        <Property>
          <Key>Parameter:filterType</Key>
          <Value>JsonObject</Value>
        </Property>
        <Property>
          <Key>Parameter:caretposition</Key>
          <Value>16</Value>
        </Property>
        <Property>
          <Key>VariantName</Key>
          <Value>20</Value>
        </Property>
        <Property>
          <Key>Parameter:option</Key>
          <Value>[[@Person.name]]</Value>
        </Property>
        <Property>
          <Key>Parameter:dropDownList</Key>
          <Value>[[@Person.name]]</Value>
        </Property>
        <Property>
          <Key>Parameter:testName</Key>
          <Value>20</Value>
        </Property>
        <Property>
          <Key>Parameter:provider</Key>
          <Value>Default</Value>
        </Property>
        <Property>
          <Key>Parameter:input</Key>
          <Value>name</Value>
        </Property>
        <Property>
          <Key>FeatureTitle</Key>
          <Value>DefaultIntellisense</Value>
        </Property>
        <Property>
          <Key>Parameter:index</Key>
          <Value>4</Value>
        </Property>
        <Property>
          <Key>Parameter:result</Key>
          <Value>[[@Person.name]]</Value>
        </Property>
        <Property>
          <Key>Parameter:varlist</Key>
          <Value>[[@Person]],[[@Person.name]],[[@Person.Age]]</Value>
        </Property>
      </Properties>
      <TestMethod codeBase="D:/Repos/GENDEV/Warewolf-ESB/Dev/Warewolf.Specs/Dev2.Studio.Core.Specs.DLL" adapterTypeName="Microsoft.VisualStudio.TestTools.TestTypes.Unit.UnitTestAdapter, Microsoft.VisualStudio.QualityTools.Tips.UnitTest.Adapter, Version=14.0.0.0, Culture=neutral, PublicKeyToken=b03f5f7f11d50a3a" className="Dev2.Studio.Core.Specs.IntellisenseSpecs.DefaultIntellisenseFeature, Dev2.Studio.Core.Specs, Version=0.0.6284.21037, Culture=neutral, PublicKeyToken=null" name="InsertForJsonFilterTypeAndDefaultProvider_20" />
    </UnitTest>
    <UnitTest name="InsertForRecordsetsOnlyFilterTypeAndDefaultProvider_8" storage="d:\repos\gendev\warewolf-esb\dev\warewolf.specs\dev2.studio.core.specs.dll" id="13b68975-120e-7665-e3c1-c48367338e4f">
      <Description>Insert for RecordsetsOnly FilterType and Default Provider: 8</Description>
      <Execution id="ccdf8f43-038b-4e33-97eb-8ebf463ab430" />
      <Properties>
        <Property>
          <Key>Parameter:filterType</Key>
          <Value>All</Value>
        </Property>
        <Property>
          <Key>Parameter:caretposition</Key>
          <Value>11</Value>
        </Property>
        <Property>
          <Key>VariantName</Key>
          <Value>8</Value>
        </Property>
        <Property>
          <Key>Parameter:option</Key>
          <Value>[[b]]</Value>
        </Property>
        <Property>
          <Key>Parameter:dropDownList</Key>
          <Value>[[b]],[[sum().b]],[[sum().ba]],[[mus().b]]</Value>
        </Property>
        <Property>
          <Key>Parameter:testName</Key>
          <Value>8</Value>
        </Property>
        <Property>
          <Key>Parameter:provider</Key>
          <Value>Default</Value>
        </Property>
        <Property>
          <Key>Parameter:input</Key>
          <Value>[[sum(b).b]]</Value>
        </Property>
        <Property>
          <Key>FeatureTitle</Key>
          <Value>DefaultIntellisense</Value>
        </Property>
        <Property>
          <Key>Parameter:index</Key>
          <Value>7</Value>
        </Property>
        <Property>
          <Key>Parameter:result</Key>
          <Value>[[sum([[b]]).b]]</Value>
        </Property>
        <Property>
          <Key>Parameter:varlist</Key>
          <Value>[[b]],[[sum().b]],[[mus().b]],[[sum()]],[[mus()]],[[sum().ba]]</Value>
        </Property>
      </Properties>
      <TestMethod codeBase="D:/Repos/GENDEV/Warewolf-ESB/Dev/Warewolf.Specs/Dev2.Studio.Core.Specs.DLL" adapterTypeName="Microsoft.VisualStudio.TestTools.TestTypes.Unit.UnitTestAdapter, Microsoft.VisualStudio.QualityTools.Tips.UnitTest.Adapter, Version=14.0.0.0, Culture=neutral, PublicKeyToken=b03f5f7f11d50a3a" className="Dev2.Studio.Core.Specs.IntellisenseSpecs.DefaultIntellisenseFeature, Dev2.Studio.Core.Specs, Version=0.0.6284.21037, Culture=neutral, PublicKeyToken=null" name="InsertForRecordsetsOnlyFilterTypeAndDefaultProvider_8" />
    </UnitTest>
    <UnitTest name="InsertForAllFilterTypeAndFileProvider_6" storage="d:\repos\gendev\warewolf-esb\dev\warewolf.specs\dev2.studio.core.specs.dll" id="ce9aa5af-e81f-c381-69ee-727b5c31d002">
      <Description>Insert for All FilterType and File Provider: 6</Description>
      <Execution id="0ab3813f-a83b-450d-971b-61d0fc9f8cc3" />
      <Properties>
        <Property>
          <Key>Parameter:filterType</Key>
          <Value>All</Value>
        </Property>
        <Property>
          <Key>VariantName</Key>
          <Value>6</Value>
        </Property>
        <Property>
          <Key>Parameter:dropDownList</Key>
          <Value>[[file(*).name]],[[file().name]]</Value>
        </Property>
        <Property>
          <Key>Parameter:pathStructure</Key>
          <Value>
          </Value>
        </Property>
        <Property>
          <Key>FeatureTitle</Key>
          <Value>DefaultIntellisense</Value>
        </Property>
        <Property>
          <Key>Parameter:provider</Key>
          <Value>Default, File</Value>
        </Property>
        <Property>
          <Key>Parameter:index</Key>
          <Value>11</Value>
        </Property>
        <Property>
          <Key>Parameter:result</Key>
          <Value>[[myfile]].</Value>
        </Property>
        <Property>
          <Key>Parameter:caretposition</Key>
          <Value>11</Value>
        </Property>
        <Property>
          <Key>Parameter:testName</Key>
          <Value>6</Value>
        </Property>
        <Property>
          <Key>Parameter:input</Key>
          <Value>[[myfile]].</Value>
        </Property>
        <Property>
          <Key>Parameter:varlist</Key>
          <Value>&lt;myfile/&gt;&lt;file&gt;&lt;name/&gt;&lt;/file&gt;</Value>
        </Property>
        <Property>
          <Key>Parameter:option</Key>
          <Value>
          </Value>
        </Property>
      </Properties>
      <TestMethod codeBase="D:/Repos/GENDEV/Warewolf-ESB/Dev/Warewolf.Specs/Dev2.Studio.Core.Specs.DLL" adapterTypeName="Microsoft.VisualStudio.TestTools.TestTypes.Unit.UnitTestAdapter, Microsoft.VisualStudio.QualityTools.Tips.UnitTest.Adapter, Version=14.0.0.0, Culture=neutral, PublicKeyToken=b03f5f7f11d50a3a" className="Dev2.Studio.Core.Specs.IntellisenseSpecs.DefaultIntellisenseFeature, Dev2.Studio.Core.Specs, Version=0.0.6284.21037, Culture=neutral, PublicKeyToken=null" name="InsertForAllFilterTypeAndFileProvider_6" />
    </UnitTest>
    <UnitTest name="InsertForRecordsetsOnlyFilterTypeAndDefaultProvider_10" storage="d:\repos\gendev\warewolf-esb\dev\warewolf.specs\dev2.studio.core.specs.dll" id="78213eb9-f281-c7aa-d80b-5e27d2007c6a">
      <Description>Insert for RecordsetsOnly FilterType and Default Provider: 10</Description>
      <Execution id="8cc1d1ee-ac89-4559-99d6-3f398cd13f06" />
      <Properties>
        <Property>
          <Key>Parameter:filterType</Key>
          <Value>All</Value>
        </Property>
        <Property>
          <Key>Parameter:caretposition</Key>
          <Value>11</Value>
        </Property>
        <Property>
          <Key>VariantName</Key>
          <Value>10</Value>
        </Property>
        <Property>
          <Key>Parameter:option</Key>
          <Value>[[sum().b]]</Value>
        </Property>
        <Property>
          <Key>Parameter:dropDownList</Key>
          <Value>[[sum().b]],[[sum().ba]]</Value>
        </Property>
        <Property>
          <Key>Parameter:testName</Key>
          <Value>10</Value>
        </Property>
        <Property>
          <Key>Parameter:provider</Key>
          <Value>Default</Value>
        </Property>
        <Property>
          <Key>Parameter:input</Key>
          <Value>[[sum([[b]]).b]]</Value>
        </Property>
        <Property>
          <Key>FeatureTitle</Key>
          <Value>DefaultIntellisense</Value>
        </Property>
        <Property>
          <Key>Parameter:index</Key>
          <Value>14</Value>
        </Property>
        <Property>
          <Key>Parameter:result</Key>
          <Value>[[sum().b]]</Value>
        </Property>
        <Property>
          <Key>Parameter:varlist</Key>
          <Value>[[ba]],[[b]],[[sum().b]],[[mus().b]],[[sum()]],[[mus()]],[[sum().ba]]</Value>
        </Property>
      </Properties>
      <TestMethod codeBase="D:/Repos/GENDEV/Warewolf-ESB/Dev/Warewolf.Specs/Dev2.Studio.Core.Specs.DLL" adapterTypeName="Microsoft.VisualStudio.TestTools.TestTypes.Unit.UnitTestAdapter, Microsoft.VisualStudio.QualityTools.Tips.UnitTest.Adapter, Version=14.0.0.0, Culture=neutral, PublicKeyToken=b03f5f7f11d50a3a" className="Dev2.Studio.Core.Specs.IntellisenseSpecs.DefaultIntellisenseFeature, Dev2.Studio.Core.Specs, Version=0.0.6284.21037, Culture=neutral, PublicKeyToken=null" name="InsertForRecordsetsOnlyFilterTypeAndDefaultProvider_10" />
    </UnitTest>
    <UnitTest name="TestWFWithCmdScript" storage="d:\repos\gendev\warewolf-esb\dev\warewolf.specs\dev2.activities.specs.dll" id="61773ec1-43e7-f5d9-6470-705a65c99919">
      <Description>Test WF with Cmd Script</Description>
      <TestCategory>
        <TestCategoryItem TestCategory="TestFramework" />
      </TestCategory>
      <Execution id="8a4a8c7e-719b-4584-91dd-29103f6f16e8" />
      <Properties>
        <Property>
          <Key>FeatureTitle</Key>
          <Value>StudioTestFramework</Value>
        </Property>
      </Properties>
      <TestMethod codeBase="D:/Repos/GENDEV/Warewolf-ESB/Dev/Warewolf.Specs/Dev2.Activities.Specs.DLL" adapterTypeName="Microsoft.VisualStudio.TestTools.TestTypes.Unit.UnitTestAdapter, Microsoft.VisualStudio.QualityTools.Tips.UnitTest.Adapter, Version=14.0.0.0, Culture=neutral, PublicKeyToken=b03f5f7f11d50a3a" className="Dev2.Activities.Specs.TestFramework.StudioTestFrameworkFeature, Dev2.Activities.Specs, Version=0.0.6284.21160, Culture=neutral, PublicKeyToken=null" name="TestWFWithCmdScript" />
    </UnitTest>
    <UnitTest name="InsertForRecordsetsOnlyFilterTypeAndDefaultProvider_12" storage="d:\repos\gendev\warewolf-esb\dev\warewolf.specs\dev2.studio.core.specs.dll" id="3b35be7d-3067-f341-3f67-a46e0588a1f9">
      <Description>Insert for RecordsetsOnly FilterType and Default Provider: 12</Description>
      <Execution id="989fe204-00cb-4349-b971-a608988a9597" />
      <Properties>
        <Property>
          <Key>Parameter:filterType</Key>
          <Value>RecordsetsOnly</Value>
        </Property>
        <Property>
          <Key>Parameter:caretposition</Key>
          <Value>19</Value>
        </Property>
        <Property>
          <Key>VariantName</Key>
          <Value>12</Value>
        </Property>
        <Property>
          <Key>Parameter:option</Key>
          <Value>[[mus()]]</Value>
        </Property>
        <Property>
          <Key>Parameter:dropDownList</Key>
          <Value>[[sum()]],[[mus()]]</Value>
        </Property>
        <Property>
          <Key>Parameter:testName</Key>
          <Value>12</Value>
        </Property>
        <Property>
          <Key>Parameter:provider</Key>
          <Value>Default</Value>
        </Property>
        <Property>
          <Key>Parameter:input</Key>
          <Value>[[sum()]] s</Value>
        </Property>
        <Property>
          <Key>FeatureTitle</Key>
          <Value>DefaultIntellisense</Value>
        </Property>
        <Property>
          <Key>Parameter:index</Key>
          <Value>11</Value>
        </Property>
        <Property>
          <Key>Parameter:result</Key>
          <Value>[[sum()]] [[mus()]]</Value>
        </Property>
        <Property>
          <Key>Parameter:varlist</Key>
          <Value>[[b]],[[sum().b]],[[mus().b]],[[sum()]],[[mus()]]</Value>
        </Property>
      </Properties>
      <TestMethod codeBase="D:/Repos/GENDEV/Warewolf-ESB/Dev/Warewolf.Specs/Dev2.Studio.Core.Specs.DLL" adapterTypeName="Microsoft.VisualStudio.TestTools.TestTypes.Unit.UnitTestAdapter, Microsoft.VisualStudio.QualityTools.Tips.UnitTest.Adapter, Version=14.0.0.0, Culture=neutral, PublicKeyToken=b03f5f7f11d50a3a" className="Dev2.Studio.Core.Specs.IntellisenseSpecs.DefaultIntellisenseFeature, Dev2.Studio.Core.Specs, Version=0.0.6284.21037, Culture=neutral, PublicKeyToken=null" name="InsertForRecordsetsOnlyFilterTypeAndDefaultProvider_12" />
    </UnitTest>
    <UnitTest name="InsertForAllFilterTypeAndDefaultProvider_15" storage="d:\repos\gendev\warewolf-esb\dev\warewolf.specs\dev2.studio.core.specs.dll" id="e1d69772-4bbb-801f-8158-ce8a5d5c7c12">
      <Description>Insert for All FilterType and Default Provider: 15</Description>
      <Execution id="f6f3f1ce-7a4b-4200-9fd1-f65fb1b82d94" />
      <Properties>
        <Property>
          <Key>Parameter:filterType</Key>
          <Value>All</Value>
        </Property>
        <Property>
          <Key>Parameter:caretposition</Key>
          <Value>14</Value>
        </Property>
        <Property>
          <Key>VariantName</Key>
          <Value>15</Value>
        </Property>
        <Property>
          <Key>Parameter:option</Key>
          <Value>[[rec().var2]]</Value>
        </Property>
        <Property>
          <Key>Parameter:dropDownList</Key>
          <Value>[[var]],[[var2]],[[rec().var]],[[rec().var2]]</Value>
        </Property>
        <Property>
          <Key>Parameter:testName</Key>
          <Value>15</Value>
        </Property>
        <Property>
          <Key>Parameter:provider</Key>
          <Value>Default</Value>
        </Property>
        <Property>
          <Key>Parameter:input</Key>
          <Value>r</Value>
        </Property>
        <Property>
          <Key>FeatureTitle</Key>
          <Value>DefaultIntellisense</Value>
        </Property>
        <Property>
          <Key>Parameter:index</Key>
          <Value>1</Value>
        </Property>
        <Property>
          <Key>Parameter:result</Key>
          <Value>[[rec().var2]]</Value>
        </Property>
        <Property>
          <Key>Parameter:varlist</Key>
          <Value>[[var]],[[var2]],[[rec()]],[[rec().var2]],[[rec().var]]</Value>
        </Property>
      </Properties>
      <TestMethod codeBase="D:/Repos/GENDEV/Warewolf-ESB/Dev/Warewolf.Specs/Dev2.Studio.Core.Specs.DLL" adapterTypeName="Microsoft.VisualStudio.TestTools.TestTypes.Unit.UnitTestAdapter, Microsoft.VisualStudio.QualityTools.Tips.UnitTest.Adapter, Version=14.0.0.0, Culture=neutral, PublicKeyToken=b03f5f7f11d50a3a" className="Dev2.Studio.Core.Specs.IntellisenseSpecs.DefaultIntellisenseFeature, Dev2.Studio.Core.Specs, Version=0.0.6284.21037, Culture=neutral, PublicKeyToken=null" name="InsertForAllFilterTypeAndDefaultProvider_15" />
    </UnitTest>
    <UnitTest name="RunATestExpectingError" storage="d:\repos\gendev\warewolf-esb\dev\warewolf.specs\dev2.activities.specs.dll" id="35f8e990-614e-d0af-45a5-7311b5e7e6cf">
      <Description>Run a test expecting error</Description>
      <TestCategory>
        <TestCategoryItem TestCategory="TestFramework" />
      </TestCategory>
      <Execution id="7919ce8c-edc6-4ca8-9650-3be5fd2bd12d" />
      <Properties>
        <Property>
          <Key>FeatureTitle</Key>
          <Value>StudioTestFramework</Value>
        </Property>
      </Properties>
      <TestMethod codeBase="D:/Repos/GENDEV/Warewolf-ESB/Dev/Warewolf.Specs/Dev2.Activities.Specs.DLL" adapterTypeName="Microsoft.VisualStudio.TestTools.TestTypes.Unit.UnitTestAdapter, Microsoft.VisualStudio.QualityTools.Tips.UnitTest.Adapter, Version=14.0.0.0, Culture=neutral, PublicKeyToken=b03f5f7f11d50a3a" className="Dev2.Activities.Specs.TestFramework.StudioTestFrameworkFeature, Dev2.Activities.Specs, Version=0.0.6284.21160, Culture=neutral, PublicKeyToken=null" name="RunATestExpectingError" />
    </UnitTest>
    <UnitTest name="TestWFWithCaseConvert" storage="d:\repos\gendev\warewolf-esb\dev\warewolf.specs\dev2.activities.specs.dll" id="23eecf22-9572-ecf7-bd52-66316427a72a">
      <Description>Test WF with CaseConvert</Description>
      <TestCategory>
        <TestCategoryItem TestCategory="TestFramework" />
      </TestCategory>
      <Execution id="fd59a7f5-362b-49a6-ab32-1d4676c8dc2d" />
      <Properties>
        <Property>
          <Key>FeatureTitle</Key>
          <Value>StudioTestFramework</Value>
        </Property>
      </Properties>
      <TestMethod codeBase="D:/Repos/GENDEV/Warewolf-ESB/Dev/Warewolf.Specs/Dev2.Activities.Specs.DLL" adapterTypeName="Microsoft.VisualStudio.TestTools.TestTypes.Unit.UnitTestAdapter, Microsoft.VisualStudio.QualityTools.Tips.UnitTest.Adapter, Version=14.0.0.0, Culture=neutral, PublicKeyToken=b03f5f7f11d50a3a" className="Dev2.Activities.Specs.TestFramework.StudioTestFrameworkFeature, Dev2.Activities.Specs, Version=0.0.6284.21160, Culture=neutral, PublicKeyToken=null" name="TestWFWithCaseConvert" />
    </UnitTest>
    <UnitTest name="InsertForJsonFilterTypeAndDefaultProvider_43" storage="d:\repos\gendev\warewolf-esb\dev\warewolf.specs\dev2.studio.core.specs.dll" id="f1c74dcb-c1c2-1557-6f7c-608990e09121">
      <Description>Insert for Json FilterType and Default Provider: 43</Description>
      <Execution id="98425261-5e0c-4459-888a-a3c89a605af9" />
      <Properties>
        <Property>
          <Key>Parameter:filterType</Key>
          <Value>JsonObject</Value>
        </Property>
        <Property>
          <Key>Parameter:caretposition</Key>
          <Value>43</Value>
        </Property>
        <Property>
          <Key>VariantName</Key>
          <Value>43</Value>
        </Property>
        <Property>
          <Key>Parameter:option</Key>
          <Value>[[@Person.Childs(*).name]]</Value>
        </Property>
        <Property>
          <Key>Parameter:dropDownList</Key>
          <Value>[[@Person.Childs(*).name]],[[@Person.Childs().name]]</Value>
        </Property>
        <Property>
          <Key>Parameter:testName</Key>
          <Value>43</Value>
        </Property>
        <Property>
          <Key>Parameter:provider</Key>
          <Value>Default</Value>
        </Property>
        <Property>
          <Key>Parameter:input</Key>
          <Value>[[@Person.Childs([[</Value>
        </Property>
        <Property>
          <Key>FeatureTitle</Key>
          <Value>DefaultIntellisense</Value>
        </Property>
        <Property>
          <Key>Parameter:index</Key>
          <Value>19</Value>
        </Property>
        <Property>
          <Key>Parameter:result</Key>
          <Value>[[@Person.Childs([[@Person.Childs(*).name]]</Value>
        </Property>
        <Property>
          <Key>Parameter:varlist</Key>
          <Value>[[@Person]],[[@Person.Childs(*).name]],[[@Person.Childs().name]]</Value>
        </Property>
      </Properties>
      <TestMethod codeBase="D:/Repos/GENDEV/Warewolf-ESB/Dev/Warewolf.Specs/Dev2.Studio.Core.Specs.DLL" adapterTypeName="Microsoft.VisualStudio.TestTools.TestTypes.Unit.UnitTestAdapter, Microsoft.VisualStudio.QualityTools.Tips.UnitTest.Adapter, Version=14.0.0.0, Culture=neutral, PublicKeyToken=b03f5f7f11d50a3a" className="Dev2.Studio.Core.Specs.IntellisenseSpecs.DefaultIntellisenseFeature, Dev2.Studio.Core.Specs, Version=0.0.6284.21037, Culture=neutral, PublicKeyToken=null" name="InsertForJsonFilterTypeAndDefaultProvider_43" />
    </UnitTest>
    <UnitTest name="TestWFWithXpath" storage="d:\repos\gendev\warewolf-esb\dev\warewolf.specs\dev2.activities.specs.dll" id="934d7688-a5a0-e549-e852-6734b93cfdbf">
      <Description>Test WF with Xpath</Description>
      <TestCategory>
        <TestCategoryItem TestCategory="TestFramework" />
      </TestCategory>
      <Execution id="44de032f-ab32-4913-a6e0-ae05aa21c19a" />
      <Properties>
        <Property>
          <Key>FeatureTitle</Key>
          <Value>StudioTestFramework</Value>
        </Property>
      </Properties>
      <TestMethod codeBase="D:/Repos/GENDEV/Warewolf-ESB/Dev/Warewolf.Specs/Dev2.Activities.Specs.DLL" adapterTypeName="Microsoft.VisualStudio.TestTools.TestTypes.Unit.UnitTestAdapter, Microsoft.VisualStudio.QualityTools.Tips.UnitTest.Adapter, Version=14.0.0.0, Culture=neutral, PublicKeyToken=b03f5f7f11d50a3a" className="Dev2.Activities.Specs.TestFramework.StudioTestFrameworkFeature, Dev2.Activities.Specs, Version=0.0.6284.21160, Culture=neutral, PublicKeyToken=null" name="TestWFWithXpath" />
    </UnitTest>
    <UnitTest name="RunATestWithSingleScalarInputsAndOutputs" storage="d:\repos\gendev\warewolf-esb\dev\warewolf.specs\dev2.activities.specs.dll" id="d5a8a751-23f1-d02d-6283-25f495a95bb3">
      <Description>Run a test with single scalar inputs and outputs</Description>
      <TestCategory>
        <TestCategoryItem TestCategory="TestFramework" />
      </TestCategory>
      <Execution id="bead5154-303b-45b1-a42e-25f9bf4c73ac" />
      <Properties>
        <Property>
          <Key>FeatureTitle</Key>
          <Value>StudioTestFramework</Value>
        </Property>
      </Properties>
      <TestMethod codeBase="D:/Repos/GENDEV/Warewolf-ESB/Dev/Warewolf.Specs/Dev2.Activities.Specs.DLL" adapterTypeName="Microsoft.VisualStudio.TestTools.TestTypes.Unit.UnitTestAdapter, Microsoft.VisualStudio.QualityTools.Tips.UnitTest.Adapter, Version=14.0.0.0, Culture=neutral, PublicKeyToken=b03f5f7f11d50a3a" className="Dev2.Activities.Specs.TestFramework.StudioTestFrameworkFeature, Dev2.Activities.Specs, Version=0.0.6284.21160, Culture=neutral, PublicKeyToken=null" name="RunATestWithSingleScalarInputsAndOutputs" />
    </UnitTest>
    <UnitTest name="RunAllTestsInWeb" storage="d:\repos\gendev\warewolf-esb\dev\warewolf.specs\dev2.activities.specs.dll" id="8af99262-d0f2-6de5-9df9-c5d89e0d4548">
      <Description>Run All Tests in Web</Description>
      <TestCategory>
        <TestCategoryItem TestCategory="TestFramework" />
      </TestCategory>
      <Execution id="3c6cd21a-6ac3-4f75-be3f-ae77f759051b" />
      <Properties>
        <Property>
          <Key>FeatureTitle</Key>
          <Value>StudioTestFramework</Value>
        </Property>
      </Properties>
      <TestMethod codeBase="D:/Repos/GENDEV/Warewolf-ESB/Dev/Warewolf.Specs/Dev2.Activities.Specs.DLL" adapterTypeName="Microsoft.VisualStudio.TestTools.TestTypes.Unit.UnitTestAdapter, Microsoft.VisualStudio.QualityTools.Tips.UnitTest.Adapter, Version=14.0.0.0, Culture=neutral, PublicKeyToken=b03f5f7f11d50a3a" className="Dev2.Activities.Specs.TestFramework.StudioTestFrameworkFeature, Dev2.Activities.Specs, Version=0.0.6284.21160, Culture=neutral, PublicKeyToken=null" name="RunAllTestsInWeb" />
    </UnitTest>
    <UnitTest name="RunSelectedTestShowsStopOption" storage="d:\repos\gendev\warewolf-esb\dev\warewolf.specs\dev2.activities.specs.dll" id="fe9db2d1-7edd-1c41-6dd0-1809a49a7a27">
      <Description>Run Selected Test Shows Stop Option</Description>
      <TestCategory>
        <TestCategoryItem TestCategory="TestFramework" />
      </TestCategory>
      <Execution id="c5def6d6-37b4-407d-9976-334b43c0d257" />
      <Properties>
        <Property>
          <Key>FeatureTitle</Key>
          <Value>StudioTestFramework</Value>
        </Property>
      </Properties>
      <TestMethod codeBase="D:/Repos/GENDEV/Warewolf-ESB/Dev/Warewolf.Specs/Dev2.Activities.Specs.DLL" adapterTypeName="Microsoft.VisualStudio.TestTools.TestTypes.Unit.UnitTestAdapter, Microsoft.VisualStudio.QualityTools.Tips.UnitTest.Adapter, Version=14.0.0.0, Culture=neutral, PublicKeyToken=b03f5f7f11d50a3a" className="Dev2.Activities.Specs.TestFramework.StudioTestFrameworkFeature, Dev2.Activities.Specs, Version=0.0.6284.21160, Culture=neutral, PublicKeyToken=null" name="RunSelectedTestShowsStopOption" />
    </UnitTest>
    <UnitTest name="InsertForJsonFilterTypeAndDefaultProvider_28" storage="d:\repos\gendev\warewolf-esb\dev\warewolf.specs\dev2.studio.core.specs.dll" id="f315fa5d-28ae-754e-776d-64f6ca4cc01e">
      <Description>Insert for Json FilterType and Default Provider: 28</Description>
      <Execution id="673fdf2a-4094-4b3e-aa5e-6f415cdf5c40" />
      <Properties>
        <Property>
          <Key>Parameter:filterType</Key>
          <Value>JsonObject</Value>
        </Property>
        <Property>
          <Key>Parameter:caretposition</Key>
          <Value>25</Value>
        </Property>
        <Property>
          <Key>VariantName</Key>
          <Value>28</Value>
        </Property>
        <Property>
          <Key>Parameter:option</Key>
          <Value>[[@Person.Child.Name]]</Value>
        </Property>
        <Property>
          <Key>Parameter:dropDownList</Key>
          <Value>[[@Person.Age]],[[@Person.name]],[[@Person]],[[@Person.Child.Name]]</Value>
        </Property>
        <Property>
          <Key>Parameter:testName</Key>
          <Value>28</Value>
        </Property>
        <Property>
          <Key>Parameter:provider</Key>
          <Value>Default</Value>
        </Property>
        <Property>
          <Key>Parameter:input</Key>
          <Value>]] P</Value>
        </Property>
        <Property>
          <Key>FeatureTitle</Key>
          <Value>DefaultIntellisense</Value>
        </Property>
        <Property>
          <Key>Parameter:index</Key>
          <Value>4</Value>
        </Property>
        <Property>
          <Key>Parameter:result</Key>
          <Value>]] [[@Person.Child.Name]]</Value>
        </Property>
        <Property>
          <Key>Parameter:varlist</Key>
          <Value>[[@Person]],[[@Person.name]],[[@Person.Age]],[[@Person.Child.Name]]</Value>
        </Property>
      </Properties>
      <TestMethod codeBase="D:/Repos/GENDEV/Warewolf-ESB/Dev/Warewolf.Specs/Dev2.Studio.Core.Specs.DLL" adapterTypeName="Microsoft.VisualStudio.TestTools.TestTypes.Unit.UnitTestAdapter, Microsoft.VisualStudio.QualityTools.Tips.UnitTest.Adapter, Version=14.0.0.0, Culture=neutral, PublicKeyToken=b03f5f7f11d50a3a" className="Dev2.Studio.Core.Specs.IntellisenseSpecs.DefaultIntellisenseFeature, Dev2.Studio.Core.Specs, Version=0.0.6284.21037, Culture=neutral, PublicKeyToken=null" name="InsertForJsonFilterTypeAndDefaultProvider_28" />
    </UnitTest>
    <UnitTest name="TestWFWithSharepointReadListItem" storage="d:\repos\gendev\warewolf-esb\dev\warewolf.specs\dev2.activities.specs.dll" id="476fcbbb-ee1d-56d6-b23e-e4b8ceef206a">
      <Description>Test WF with Sharepoint Read List Item</Description>
      <TestCategory>
        <TestCategoryItem TestCategory="TestFramework" />
      </TestCategory>
      <Execution id="e0b744b4-0a6e-4778-a6c5-1083d769031a" />
      <Properties>
        <Property>
          <Key>FeatureTitle</Key>
          <Value>StudioTestFramework</Value>
        </Property>
      </Properties>
      <TestMethod codeBase="D:/Repos/GENDEV/Warewolf-ESB/Dev/Warewolf.Specs/Dev2.Activities.Specs.DLL" adapterTypeName="Microsoft.VisualStudio.TestTools.TestTypes.Unit.UnitTestAdapter, Microsoft.VisualStudio.QualityTools.Tips.UnitTest.Adapter, Version=14.0.0.0, Culture=neutral, PublicKeyToken=b03f5f7f11d50a3a" className="Dev2.Activities.Specs.TestFramework.StudioTestFrameworkFeature, Dev2.Activities.Specs, Version=0.0.6284.21160, Culture=neutral, PublicKeyToken=null" name="TestWFWithSharepointReadListItem" />
    </UnitTest>
    <UnitTest name="ValidationMessagesWhenInvalidVariables_7" storage="d:\repos\gendev\warewolf-esb\dev\warewolf.specs\dev2.studio.core.specs.dll" id="f41e8652-a1eb-247b-c6db-dcd7f67cf994">
      <Description>Validation messages when Invalid Variables: 7</Description>
      <Execution id="d4c0f115-a7c5-4dd7-ad70-4ef4ed4daef8" />
      <Properties>
        <Property>
          <Key>FeatureTitle</Key>
          <Value>DefaultIntellisense</Value>
        </Property>
        <Property>
          <Key>VariantName</Key>
          <Value>7</Value>
        </Property>
        <Property>
          <Key>Parameter:No</Key>
          <Value>7</Value>
        </Property>
        <Property>
          <Key>Parameter:Error</Key>
          <Value>Invalid region detected: A close ]] without a related open [[</Value>
        </Property>
        <Property>
          <Key>Parameter:Variable</Key>
          <Value>[[var]]00]]</Value>
        </Property>
      </Properties>
      <TestMethod codeBase="D:/Repos/GENDEV/Warewolf-ESB/Dev/Warewolf.Specs/Dev2.Studio.Core.Specs.DLL" adapterTypeName="Microsoft.VisualStudio.TestTools.TestTypes.Unit.UnitTestAdapter, Microsoft.VisualStudio.QualityTools.Tips.UnitTest.Adapter, Version=14.0.0.0, Culture=neutral, PublicKeyToken=b03f5f7f11d50a3a" className="Dev2.Studio.Core.Specs.IntellisenseSpecs.DefaultIntellisenseFeature, Dev2.Studio.Core.Specs, Version=0.0.6284.21037, Culture=neutral, PublicKeyToken=null" name="ValidationMessagesWhenInvalidVariables_7" />
    </UnitTest>
    <UnitTest name="InsertForAllFilterTypeAndFileProvider_1" storage="d:\repos\gendev\warewolf-esb\dev\warewolf.specs\dev2.studio.core.specs.dll" id="a9701ed3-b206-1f54-96be-dc78ce5d0ac0">
      <Description>Insert for All FilterType and File Provider: 1</Description>
      <Execution id="b865d6cb-8adf-4059-9205-ed48faba52bf" />
      <Properties>
        <Property>
          <Key>Parameter:filterType</Key>
          <Value>All</Value>
        </Property>
        <Property>
          <Key>VariantName</Key>
          <Value>1</Value>
        </Property>
        <Property>
          <Key>Parameter:dropDownList</Key>
          <Value>[[file(*).name]],[[file(*)]],[[file().name]],[[file()]],[[myfile]]</Value>
        </Property>
        <Property>
          <Key>Parameter:pathStructure</Key>
          <Value>
          </Value>
        </Property>
        <Property>
          <Key>FeatureTitle</Key>
          <Value>DefaultIntellisense</Value>
        </Property>
        <Property>
          <Key>Parameter:provider</Key>
          <Value>Default, File</Value>
        </Property>
        <Property>
          <Key>Parameter:index</Key>
          <Value>8</Value>
        </Property>
        <Property>
          <Key>Parameter:result</Key>
          <Value>c:\[[myfile]]</Value>
        </Property>
        <Property>
          <Key>Parameter:caretposition</Key>
          <Value>13</Value>
        </Property>
        <Property>
          <Key>Parameter:testName</Key>
          <Value>1</Value>
        </Property>
        <Property>
          <Key>Parameter:input</Key>
          <Value>c:\[[fil</Value>
        </Property>
        <Property>
          <Key>Parameter:varlist</Key>
          <Value>&lt;myfile/&gt;&lt;file&gt;&lt;name/&gt;&lt;/file&gt;</Value>
        </Property>
        <Property>
          <Key>Parameter:option</Key>
          <Value>[[myfile]]</Value>
        </Property>
      </Properties>
      <TestMethod codeBase="D:/Repos/GENDEV/Warewolf-ESB/Dev/Warewolf.Specs/Dev2.Studio.Core.Specs.DLL" adapterTypeName="Microsoft.VisualStudio.TestTools.TestTypes.Unit.UnitTestAdapter, Microsoft.VisualStudio.QualityTools.Tips.UnitTest.Adapter, Version=14.0.0.0, Culture=neutral, PublicKeyToken=b03f5f7f11d50a3a" className="Dev2.Studio.Core.Specs.IntellisenseSpecs.DefaultIntellisenseFeature, Dev2.Studio.Core.Specs, Version=0.0.6284.21037, Culture=neutral, PublicKeyToken=null" name="InsertForAllFilterTypeAndFileProvider_1" />
    </UnitTest>
    <UnitTest name="RunAllTestsInWebWithFailingTest" storage="d:\repos\gendev\warewolf-esb\dev\warewolf.specs\dev2.activities.specs.dll" id="d755ae8a-b96c-ef84-9566-2cc099d65a0b">
      <Description>Run All Tests in Web with failing test</Description>
      <TestCategory>
        <TestCategoryItem TestCategory="TestFramework" />
      </TestCategory>
      <Execution id="d1ec84d8-62bc-42c0-b4f1-728c08537ee8" />
      <Properties>
        <Property>
          <Key>FeatureTitle</Key>
          <Value>StudioTestFramework</Value>
        </Property>
      </Properties>
      <TestMethod codeBase="D:/Repos/GENDEV/Warewolf-ESB/Dev/Warewolf.Specs/Dev2.Activities.Specs.DLL" adapterTypeName="Microsoft.VisualStudio.TestTools.TestTypes.Unit.UnitTestAdapter, Microsoft.VisualStudio.QualityTools.Tips.UnitTest.Adapter, Version=14.0.0.0, Culture=neutral, PublicKeyToken=b03f5f7f11d50a3a" className="Dev2.Activities.Specs.TestFramework.StudioTestFrameworkFeature, Dev2.Activities.Specs, Version=0.0.6284.21160, Culture=neutral, PublicKeyToken=null" name="RunAllTestsInWebWithFailingTest" />
    </UnitTest>
    <UnitTest name="InsertForJsonFilterTypeAndDefaultProvider_11" storage="d:\repos\gendev\warewolf-esb\dev\warewolf.specs\dev2.studio.core.specs.dll" id="b562271c-6963-eeb4-6a90-754f22f5f0c5">
      <Description>Insert for Json FilterType and Default Provider: 11</Description>
      <Execution id="27aed13b-1e33-4fe0-92f8-ad9af8998b99" />
      <Properties>
        <Property>
          <Key>Parameter:filterType</Key>
          <Value>JsonObject</Value>
        </Property>
        <Property>
          <Key>Parameter:caretposition</Key>
          <Value>15</Value>
        </Property>
        <Property>
          <Key>VariantName</Key>
          <Value>11</Value>
        </Property>
        <Property>
          <Key>Parameter:option</Key>
          <Value>[[@Person.Age]]</Value>
        </Property>
        <Property>
          <Key>Parameter:dropDownList</Key>
          <Value>[[@Person.Age]],[[@Person.name]],[[@Person]]</Value>
        </Property>
        <Property>
          <Key>Parameter:testName</Key>
          <Value>11</Value>
        </Property>
        <Property>
          <Key>Parameter:provider</Key>
          <Value>Default</Value>
        </Property>
        <Property>
          <Key>Parameter:input</Key>
          <Value>[[</Value>
        </Property>
        <Property>
          <Key>FeatureTitle</Key>
          <Value>DefaultIntellisense</Value>
        </Property>
        <Property>
          <Key>Parameter:index</Key>
          <Value>2</Value>
        </Property>
        <Property>
          <Key>Parameter:result</Key>
          <Value>[[@Person.Age]]</Value>
        </Property>
        <Property>
          <Key>Parameter:varlist</Key>
          <Value>[[@Person]],[[@Person.name]],[[@Person.Age]]</Value>
        </Property>
      </Properties>
      <TestMethod codeBase="D:/Repos/GENDEV/Warewolf-ESB/Dev/Warewolf.Specs/Dev2.Studio.Core.Specs.DLL" adapterTypeName="Microsoft.VisualStudio.TestTools.TestTypes.Unit.UnitTestAdapter, Microsoft.VisualStudio.QualityTools.Tips.UnitTest.Adapter, Version=14.0.0.0, Culture=neutral, PublicKeyToken=b03f5f7f11d50a3a" className="Dev2.Studio.Core.Specs.IntellisenseSpecs.DefaultIntellisenseFeature, Dev2.Studio.Core.Specs, Version=0.0.6284.21037, Culture=neutral, PublicKeyToken=null" name="InsertForJsonFilterTypeAndDefaultProvider_11" />
    </UnitTest>
    <UnitTest name="InsertForAllFilterTypeAndDefaultProvider_10" storage="d:\repos\gendev\warewolf-esb\dev\warewolf.specs\dev2.studio.core.specs.dll" id="a9e64bb1-8447-cc97-c16a-f0f6f9d46526">
      <Description>Insert for All FilterType and Default Provider: 10</Description>
      <Execution id="30138cdd-83e1-4080-bec6-08e22b401ccf" />
      <Properties>
        <Property>
          <Key>Parameter:filterType</Key>
          <Value>All</Value>
        </Property>
        <Property>
          <Key>Parameter:caretposition</Key>
          <Value>22</Value>
        </Property>
        <Property>
          <Key>VariantName</Key>
          <Value>10</Value>
        </Property>
        <Property>
          <Key>Parameter:option</Key>
          <Value>[[rec(*).var2]]</Value>
        </Property>
        <Property>
          <Key>Parameter:dropDownList</Key>
          <Value>[[var]],[[var2]],[[rec().var]],[[rec(*).var]],[[rec().var2]],[[rec(*).var2]]</Value>
        </Property>
        <Property>
          <Key>Parameter:testName</Key>
          <Value>10</Value>
        </Property>
        <Property>
          <Key>Parameter:provider</Key>
          <Value>Default</Value>
        </Property>
        <Property>
          <Key>Parameter:input</Key>
          <Value>[[var]][[var</Value>
        </Property>
        <Property>
          <Key>FeatureTitle</Key>
          <Value>DefaultIntellisense</Value>
        </Property>
        <Property>
          <Key>Parameter:index</Key>
          <Value>12</Value>
        </Property>
        <Property>
          <Key>Parameter:result</Key>
          <Value>[[var]][[rec(*).var2]]</Value>
        </Property>
        <Property>
          <Key>Parameter:varlist</Key>
          <Value>[[var]],[[var2]],[[rec()]],[[rec().var2]],[[rec(*).var2]],[[rec().var]],[[rec(*).var]]</Value>
        </Property>
      </Properties>
      <TestMethod codeBase="D:/Repos/GENDEV/Warewolf-ESB/Dev/Warewolf.Specs/Dev2.Studio.Core.Specs.DLL" adapterTypeName="Microsoft.VisualStudio.TestTools.TestTypes.Unit.UnitTestAdapter, Microsoft.VisualStudio.QualityTools.Tips.UnitTest.Adapter, Version=14.0.0.0, Culture=neutral, PublicKeyToken=b03f5f7f11d50a3a" className="Dev2.Studio.Core.Specs.IntellisenseSpecs.DefaultIntellisenseFeature, Dev2.Studio.Core.Specs, Version=0.0.6284.21037, Culture=neutral, PublicKeyToken=null" name="InsertForAllFilterTypeAndDefaultProvider_10" />
    </UnitTest>
    <UnitTest name="ScheduleWithLocalUser" storage="d:\repos\gendev\warewolf-esb\dev\warewolf.specs\dev2.activities.specs.dll" id="36f0ac1c-ab96-58f2-a880-a5d18ee771e4">
      <Description>Schedule with LocalUser</Description>
      <TestCategory>
        <TestCategoryItem TestCategory="Scheduler" />
      </TestCategory>
      <Execution id="a0d54953-d271-4a15-8903-a7f429d27ab4" />
      <Properties>
        <Property>
          <Key>FeatureTitle</Key>
          <Value>Scheduler</Value>
        </Property>
      </Properties>
      <TestMethod codeBase="D:/Repos/GENDEV/Warewolf-ESB/Dev/Warewolf.Specs/Dev2.Activities.Specs.DLL" adapterTypeName="Microsoft.VisualStudio.TestTools.TestTypes.Unit.UnitTestAdapter, Microsoft.VisualStudio.QualityTools.Tips.UnitTest.Adapter, Version=14.0.0.0, Culture=neutral, PublicKeyToken=b03f5f7f11d50a3a" className="Dev2.Activities.Specs.Scheduler.SchedulerFeature, Dev2.Activities.Specs, Version=0.0.6284.21160, Culture=neutral, PublicKeyToken=null" name="ScheduleWithLocalUser" />
    </UnitTest>
    <UnitTest name="TestWFWithDateTime" storage="d:\repos\gendev\warewolf-esb\dev\warewolf.specs\dev2.activities.specs.dll" id="48334420-5f7b-32ec-3b64-3ccd55956250">
      <Description>Test WF with DateTime</Description>
      <TestCategory>
        <TestCategoryItem TestCategory="TestFramework" />
      </TestCategory>
      <Execution id="bcbe879d-908f-4a10-a231-1bccd7a00275" />
      <Properties>
        <Property>
          <Key>FeatureTitle</Key>
          <Value>StudioTestFramework</Value>
        </Property>
      </Properties>
      <TestMethod codeBase="D:/Repos/GENDEV/Warewolf-ESB/Dev/Warewolf.Specs/Dev2.Activities.Specs.DLL" adapterTypeName="Microsoft.VisualStudio.TestTools.TestTypes.Unit.UnitTestAdapter, Microsoft.VisualStudio.QualityTools.Tips.UnitTest.Adapter, Version=14.0.0.0, Culture=neutral, PublicKeyToken=b03f5f7f11d50a3a" className="Dev2.Activities.Specs.TestFramework.StudioTestFrameworkFeature, Dev2.Activities.Specs, Version=0.0.6284.21160, Culture=neutral, PublicKeyToken=null" name="TestWFWithDateTime" />
    </UnitTest>
    <UnitTest name="InsertForJsonFilterTypeAndDefaultProvider_16" storage="d:\repos\gendev\warewolf-esb\dev\warewolf.specs\dev2.studio.core.specs.dll" id="e7d3f2bc-0d2b-6161-56ff-83390936ce06">
      <Description>Insert for Json FilterType and Default Provider: 16</Description>
      <Execution id="73ac90d0-bcd3-457a-bee2-647a47d3177e" />
      <Properties>
        <Property>
          <Key>Parameter:filterType</Key>
          <Value>JsonObject</Value>
        </Property>
        <Property>
          <Key>Parameter:caretposition</Key>
          <Value>16</Value>
        </Property>
        <Property>
          <Key>VariantName</Key>
          <Value>16</Value>
        </Property>
        <Property>
          <Key>Parameter:option</Key>
          <Value>[[@Person.name]]</Value>
        </Property>
        <Property>
          <Key>Parameter:dropDownList</Key>
          <Value>[[@Person.Age]],[[@Person.name]]</Value>
        </Property>
        <Property>
          <Key>Parameter:testName</Key>
          <Value>16</Value>
        </Property>
        <Property>
          <Key>Parameter:provider</Key>
          <Value>Default</Value>
        </Property>
        <Property>
          <Key>Parameter:input</Key>
          <Value>[[@Person.</Value>
        </Property>
        <Property>
          <Key>FeatureTitle</Key>
          <Value>DefaultIntellisense</Value>
        </Property>
        <Property>
          <Key>Parameter:index</Key>
          <Value>10</Value>
        </Property>
        <Property>
          <Key>Parameter:result</Key>
          <Value>[[@Person.name]]</Value>
        </Property>
        <Property>
          <Key>Parameter:varlist</Key>
          <Value>[[@Person]],[[@Person.name]],[[@Person.Age]]</Value>
        </Property>
      </Properties>
      <TestMethod codeBase="D:/Repos/GENDEV/Warewolf-ESB/Dev/Warewolf.Specs/Dev2.Studio.Core.Specs.DLL" adapterTypeName="Microsoft.VisualStudio.TestTools.TestTypes.Unit.UnitTestAdapter, Microsoft.VisualStudio.QualityTools.Tips.UnitTest.Adapter, Version=14.0.0.0, Culture=neutral, PublicKeyToken=b03f5f7f11d50a3a" className="Dev2.Studio.Core.Specs.IntellisenseSpecs.DefaultIntellisenseFeature, Dev2.Studio.Core.Specs, Version=0.0.6284.21037, Culture=neutral, PublicKeyToken=null" name="InsertForJsonFilterTypeAndDefaultProvider_16" />
    </UnitTest>
    <UnitTest name="InsertForRecordsetsOnlyFilterTypeAndDefaultProvider_15" storage="d:\repos\gendev\warewolf-esb\dev\warewolf.specs\dev2.studio.core.specs.dll" id="169b7852-776e-1f41-3fc5-1f49dd6f0dda">
      <Description>Insert for RecordsetsOnly FilterType and Default Provider: 15</Description>
      <Execution id="fde768c8-45fd-47bd-88e9-7842ce78b0bd" />
      <Properties>
        <Property>
          <Key>Parameter:filterType</Key>
          <Value>All</Value>
        </Property>
        <Property>
          <Key>Parameter:caretposition</Key>
          <Value>17</Value>
        </Property>
        <Property>
          <Key>VariantName</Key>
          <Value>15</Value>
        </Property>
        <Property>
          <Key>Parameter:option</Key>
          <Value>[[ba]]</Value>
        </Property>
        <Property>
          <Key>Parameter:dropDownList</Key>
          <Value>[[b]],[[ba]],[[sum().b]],[[sum().ba]],[[mus().b]]</Value>
        </Property>
        <Property>
          <Key>Parameter:testName</Key>
          <Value>15</Value>
        </Property>
        <Property>
          <Key>Parameter:provider</Key>
          <Value>Default</Value>
        </Property>
        <Property>
          <Key>Parameter:input</Key>
          <Value>[[sum().b]]b</Value>
        </Property>
        <Property>
          <Key>FeatureTitle</Key>
          <Value>DefaultIntellisense</Value>
        </Property>
        <Property>
          <Key>Parameter:index</Key>
          <Value>12</Value>
        </Property>
        <Property>
          <Key>Parameter:result</Key>
          <Value>[[sum().b]][[ba]]</Value>
        </Property>
        <Property>
          <Key>Parameter:varlist</Key>
          <Value>[[ba]],[[b]],[[sum().b]],[[mus().b]],[[sum()]],[[mus()]],[[sum().ba]]</Value>
        </Property>
      </Properties>
      <TestMethod codeBase="D:/Repos/GENDEV/Warewolf-ESB/Dev/Warewolf.Specs/Dev2.Studio.Core.Specs.DLL" adapterTypeName="Microsoft.VisualStudio.TestTools.TestTypes.Unit.UnitTestAdapter, Microsoft.VisualStudio.QualityTools.Tips.UnitTest.Adapter, Version=14.0.0.0, Culture=neutral, PublicKeyToken=b03f5f7f11d50a3a" className="Dev2.Studio.Core.Specs.IntellisenseSpecs.DefaultIntellisenseFeature, Dev2.Studio.Core.Specs, Version=0.0.6284.21037, Culture=neutral, PublicKeyToken=null" name="InsertForRecordsetsOnlyFilterTypeAndDefaultProvider_15" />
    </UnitTest>
    <UnitTest name="InsertForJsonFilterTypeAndDefaultProvider_12" storage="d:\repos\gendev\warewolf-esb\dev\warewolf.specs\dev2.studio.core.specs.dll" id="0a0f94aa-2e17-60a5-8f80-b71ea97ca88e">
      <Description>Insert for Json FilterType and Default Provider: 12</Description>
      <Execution id="9f2658f5-a87a-445f-82bf-59a11aea448b" />
      <Properties>
        <Property>
          <Key>Parameter:filterType</Key>
          <Value>JsonObject</Value>
        </Property>
        <Property>
          <Key>Parameter:caretposition</Key>
          <Value>16</Value>
        </Property>
        <Property>
          <Key>VariantName</Key>
          <Value>12</Value>
        </Property>
        <Property>
          <Key>Parameter:option</Key>
          <Value>[[@Person.name]]</Value>
        </Property>
        <Property>
          <Key>Parameter:dropDownList</Key>
          <Value>[[@Person.Age]],[[@Person.name]],[[@Person]]</Value>
        </Property>
        <Property>
          <Key>Parameter:testName</Key>
          <Value>12</Value>
        </Property>
        <Property>
          <Key>Parameter:provider</Key>
          <Value>Default</Value>
        </Property>
        <Property>
          <Key>Parameter:input</Key>
          <Value>[[</Value>
        </Property>
        <Property>
          <Key>FeatureTitle</Key>
          <Value>DefaultIntellisense</Value>
        </Property>
        <Property>
          <Key>Parameter:index</Key>
          <Value>2</Value>
        </Property>
        <Property>
          <Key>Parameter:result</Key>
          <Value>[[@Person.name]]</Value>
        </Property>
        <Property>
          <Key>Parameter:varlist</Key>
          <Value>[[@Person]],[[@Person.name]],[[@Person.Age]]</Value>
        </Property>
      </Properties>
      <TestMethod codeBase="D:/Repos/GENDEV/Warewolf-ESB/Dev/Warewolf.Specs/Dev2.Studio.Core.Specs.DLL" adapterTypeName="Microsoft.VisualStudio.TestTools.TestTypes.Unit.UnitTestAdapter, Microsoft.VisualStudio.QualityTools.Tips.UnitTest.Adapter, Version=14.0.0.0, Culture=neutral, PublicKeyToken=b03f5f7f11d50a3a" className="Dev2.Studio.Core.Specs.IntellisenseSpecs.DefaultIntellisenseFeature, Dev2.Studio.Core.Specs, Version=0.0.6284.21037, Culture=neutral, PublicKeyToken=null" name="InsertForJsonFilterTypeAndDefaultProvider_12" />
    </UnitTest>
    <UnitTest name="InsertForAllFilterTypeAndDateTimeProvider_5" storage="d:\repos\gendev\warewolf-esb\dev\warewolf.specs\dev2.studio.core.specs.dll" id="d84ba11b-e99a-1bee-4ab2-96f4eb853466">
      <Description>Insert for All FilterType and DateTime Provider: 5</Description>
      <Execution id="360672a0-ea07-4abb-9aca-cd1542e7c76b" />
      <Properties>
        <Property>
          <Key>Parameter:filterType</Key>
          <Value>All</Value>
        </Property>
        <Property>
          <Key>Parameter:caretposition</Key>
          <Value>8</Value>
        </Property>
        <Property>
          <Key>VariantName</Key>
          <Value>5</Value>
        </Property>
        <Property>
          <Key>Parameter:option</Key>
          <Value>min</Value>
        </Property>
        <Property>
          <Key>Parameter:dropDownList</Key>
          <Value>[[rec(*).minss]],[[rec().minss]],[[min]],min</Value>
        </Property>
        <Property>
          <Key>Parameter:testName</Key>
          <Value>5</Value>
        </Property>
        <Property>
          <Key>Parameter:provider</Key>
          <Value>Default, DateTime</Value>
        </Property>
        <Property>
          <Key>Parameter:input</Key>
          <Value>text mi</Value>
        </Property>
        <Property>
          <Key>FeatureTitle</Key>
          <Value>DefaultIntellisense</Value>
        </Property>
        <Property>
          <Key>Parameter:index</Key>
          <Value>7</Value>
        </Property>
        <Property>
          <Key>Parameter:result</Key>
          <Value>text min</Value>
        </Property>
        <Property>
          <Key>Parameter:varlist</Key>
          <Value>&lt;ww/&gt;&lt;min/&gt;&lt;rec&gt;&lt;minss/&gt;&lt;/rec&gt;</Value>
        </Property>
      </Properties>
      <TestMethod codeBase="D:/Repos/GENDEV/Warewolf-ESB/Dev/Warewolf.Specs/Dev2.Studio.Core.Specs.DLL" adapterTypeName="Microsoft.VisualStudio.TestTools.TestTypes.Unit.UnitTestAdapter, Microsoft.VisualStudio.QualityTools.Tips.UnitTest.Adapter, Version=14.0.0.0, Culture=neutral, PublicKeyToken=b03f5f7f11d50a3a" className="Dev2.Studio.Core.Specs.IntellisenseSpecs.DefaultIntellisenseFeature, Dev2.Studio.Core.Specs, Version=0.0.6284.21037, Culture=neutral, PublicKeyToken=null" name="InsertForAllFilterTypeAndDateTimeProvider_5" />
    </UnitTest>
    <UnitTest name="InsertForAllFilterTypeAndDefaultProvider_1" storage="d:\repos\gendev\warewolf-esb\dev\warewolf.specs\dev2.studio.core.specs.dll" id="28b68618-dee8-0ae3-0b6b-7d40f29603a0">
      <Description>Insert for All FilterType and Default Provider: 1</Description>
      <Execution id="8ce83317-7df0-4178-923e-e921f323ee7f" />
      <Properties>
        <Property>
          <Key>Parameter:filterType</Key>
          <Value>All</Value>
        </Property>
        <Property>
          <Key>Parameter:caretposition</Key>
          <Value>12</Value>
        </Property>
        <Property>
          <Key>VariantName</Key>
          <Value>1</Value>
        </Property>
        <Property>
          <Key>Parameter:option</Key>
          <Value>[[var]]</Value>
        </Property>
        <Property>
          <Key>Parameter:dropDownList</Key>
          <Value>[[var]],[[var2]],[[rec().var]],[[rec().var2]]</Value>
        </Property>
        <Property>
          <Key>Parameter:testName</Key>
          <Value>1</Value>
        </Property>
        <Property>
          <Key>Parameter:provider</Key>
          <Value>Default</Value>
        </Property>
        <Property>
          <Key>Parameter:input</Key>
          <Value>text var</Value>
        </Property>
        <Property>
          <Key>FeatureTitle</Key>
          <Value>DefaultIntellisense</Value>
        </Property>
        <Property>
          <Key>Parameter:index</Key>
          <Value>8</Value>
        </Property>
        <Property>
          <Key>Parameter:result</Key>
          <Value>text [[var]]</Value>
        </Property>
        <Property>
          <Key>Parameter:varlist</Key>
          <Value>[[var]],[[var2]],[[rec()]],[[rec().var]],[[rec().var2]]</Value>
        </Property>
      </Properties>
      <TestMethod codeBase="D:/Repos/GENDEV/Warewolf-ESB/Dev/Warewolf.Specs/Dev2.Studio.Core.Specs.DLL" adapterTypeName="Microsoft.VisualStudio.TestTools.TestTypes.Unit.UnitTestAdapter, Microsoft.VisualStudio.QualityTools.Tips.UnitTest.Adapter, Version=14.0.0.0, Culture=neutral, PublicKeyToken=b03f5f7f11d50a3a" className="Dev2.Studio.Core.Specs.IntellisenseSpecs.DefaultIntellisenseFeature, Dev2.Studio.Core.Specs, Version=0.0.6284.21037, Culture=neutral, PublicKeyToken=null" name="InsertForAllFilterTypeAndDefaultProvider_1" />
    </UnitTest>
    <UnitTest name="InsertForAllFilterTypeAndDateTimeProvider_8" storage="d:\repos\gendev\warewolf-esb\dev\warewolf.specs\dev2.studio.core.specs.dll" id="1c1fe023-9759-3151-f103-b3e7f4579746">
      <Description>Insert for All FilterType and DateTime Provider: 8</Description>
      <Execution id="9fa88c38-48a7-49ec-94a9-445b3e987736" />
      <Properties>
        <Property>
          <Key>Parameter:filterType</Key>
          <Value>All</Value>
        </Property>
        <Property>
          <Key>Parameter:caretposition</Key>
          <Value>12</Value>
        </Property>
        <Property>
          <Key>VariantName</Key>
          <Value>8</Value>
        </Property>
        <Property>
          <Key>Parameter:option</Key>
          <Value>[[min]]</Value>
        </Property>
        <Property>
          <Key>Parameter:dropDownList</Key>
          <Value>[[rec(*).minss]],[[rec().minss]],[[min]],m,M,min,mm,MM</Value>
        </Property>
        <Property>
          <Key>Parameter:testName</Key>
          <Value>8</Value>
        </Property>
        <Property>
          <Key>Parameter:provider</Key>
          <Value>Default, DateTime</Value>
        </Property>
        <Property>
          <Key>Parameter:input</Key>
          <Value>text mute</Value>
        </Property>
        <Property>
          <Key>FeatureTitle</Key>
          <Value>DefaultIntellisense</Value>
        </Property>
        <Property>
          <Key>Parameter:index</Key>
          <Value>6</Value>
        </Property>
        <Property>
          <Key>Parameter:result</Key>
          <Value>text [[min]]</Value>
        </Property>
        <Property>
          <Key>Parameter:varlist</Key>
          <Value>&lt;ww/&gt;&lt;min/&gt;&lt;rec&gt;&lt;minss/&gt;&lt;/rec&gt;</Value>
        </Property>
      </Properties>
      <TestMethod codeBase="D:/Repos/GENDEV/Warewolf-ESB/Dev/Warewolf.Specs/Dev2.Studio.Core.Specs.DLL" adapterTypeName="Microsoft.VisualStudio.TestTools.TestTypes.Unit.UnitTestAdapter, Microsoft.VisualStudio.QualityTools.Tips.UnitTest.Adapter, Version=14.0.0.0, Culture=neutral, PublicKeyToken=b03f5f7f11d50a3a" className="Dev2.Studio.Core.Specs.IntellisenseSpecs.DefaultIntellisenseFeature, Dev2.Studio.Core.Specs, Version=0.0.6284.21037, Culture=neutral, PublicKeyToken=null" name="InsertForAllFilterTypeAndDateTimeProvider_8" />
    </UnitTest>
    <UnitTest name="RunATestWithSingleScalarInputsAndOutputsInvalidNoVariable" storage="d:\repos\gendev\warewolf-esb\dev\warewolf.specs\dev2.activities.specs.dll" id="cbc9dadf-f658-0a1a-34c8-b7b012cb0cc9">
      <Description>Run a test with single scalar inputs and outputs invalid no variable</Description>
      <TestCategory>
        <TestCategoryItem TestCategory="TestFramework" />
      </TestCategory>
      <Execution id="3bffa49c-c6dc-4b31-a42f-9b1a42e349cd" />
      <Properties>
        <Property>
          <Key>FeatureTitle</Key>
          <Value>StudioTestFramework</Value>
        </Property>
      </Properties>
      <TestMethod codeBase="D:/Repos/GENDEV/Warewolf-ESB/Dev/Warewolf.Specs/Dev2.Activities.Specs.DLL" adapterTypeName="Microsoft.VisualStudio.TestTools.TestTypes.Unit.UnitTestAdapter, Microsoft.VisualStudio.QualityTools.Tips.UnitTest.Adapter, Version=14.0.0.0, Culture=neutral, PublicKeyToken=b03f5f7f11d50a3a" className="Dev2.Activities.Specs.TestFramework.StudioTestFrameworkFeature, Dev2.Activities.Specs, Version=0.0.6284.21160, Culture=neutral, PublicKeyToken=null" name="RunATestWithSingleScalarInputsAndOutputsInvalidNoVariable" />
    </UnitTest>
    <UnitTest name="TestWFWithFormatNumber" storage="d:\repos\gendev\warewolf-esb\dev\warewolf.specs\dev2.activities.specs.dll" id="2a8e2871-c365-a27d-787f-d35c98ebcae5">
      <Description>Test WF with FormatNumber</Description>
      <TestCategory>
        <TestCategoryItem TestCategory="TestFramework" />
      </TestCategory>
      <Execution id="34e096ad-dcc4-4565-8b12-9b2c2841d60c" />
      <Properties>
        <Property>
          <Key>FeatureTitle</Key>
          <Value>StudioTestFramework</Value>
        </Property>
      </Properties>
      <TestMethod codeBase="D:/Repos/GENDEV/Warewolf-ESB/Dev/Warewolf.Specs/Dev2.Activities.Specs.DLL" adapterTypeName="Microsoft.VisualStudio.TestTools.TestTypes.Unit.UnitTestAdapter, Microsoft.VisualStudio.QualityTools.Tips.UnitTest.Adapter, Version=14.0.0.0, Culture=neutral, PublicKeyToken=b03f5f7f11d50a3a" className="Dev2.Activities.Specs.TestFramework.StudioTestFrameworkFeature, Dev2.Activities.Specs, Version=0.0.6284.21160, Culture=neutral, PublicKeyToken=null" name="TestWFWithFormatNumber" />
    </UnitTest>
    <UnitTest name="TestWFWithSharepointCopyFile" storage="d:\repos\gendev\warewolf-esb\dev\warewolf.specs\dev2.activities.specs.dll" id="af9fdfe9-e17d-5b8e-b899-3f5890756994">
      <Description>Test WF with Sharepoint Copy File</Description>
      <TestCategory>
        <TestCategoryItem TestCategory="TestFramework" />
      </TestCategory>
      <Execution id="7692547d-6216-4714-a574-0741090153cc" />
      <Properties>
        <Property>
          <Key>FeatureTitle</Key>
          <Value>StudioTestFramework</Value>
        </Property>
      </Properties>
      <TestMethod codeBase="D:/Repos/GENDEV/Warewolf-ESB/Dev/Warewolf.Specs/Dev2.Activities.Specs.DLL" adapterTypeName="Microsoft.VisualStudio.TestTools.TestTypes.Unit.UnitTestAdapter, Microsoft.VisualStudio.QualityTools.Tips.UnitTest.Adapter, Version=14.0.0.0, Culture=neutral, PublicKeyToken=b03f5f7f11d50a3a" className="Dev2.Activities.Specs.TestFramework.StudioTestFrameworkFeature, Dev2.Activities.Specs, Version=0.0.6284.21160, Culture=neutral, PublicKeyToken=null" name="TestWFWithSharepointCopyFile" />
    </UnitTest>
    <UnitTest name="InsertForRecordsetsOnlyFilterTypeAndDefaultProvider_16" storage="d:\repos\gendev\warewolf-esb\dev\warewolf.specs\dev2.studio.core.specs.dll" id="b2674236-ed13-6c43-25ae-d6ee515d70f3">
      <Description>Insert for RecordsetsOnly FilterType and Default Provider: 16</Description>
      <Execution id="c93f1bd2-9f7c-4941-b63f-7c5cec536a31" />
      <Properties>
        <Property>
          <Key>Parameter:filterType</Key>
          <Value>RecordsetsOnly</Value>
        </Property>
        <Property>
          <Key>Parameter:caretposition</Key>
          <Value>10</Value>
        </Property>
        <Property>
          <Key>VariantName</Key>
          <Value>16</Value>
        </Property>
        <Property>
          <Key>Parameter:option</Key>
          <Value>[[sum()]]</Value>
        </Property>
        <Property>
          <Key>Parameter:dropDownList</Key>
          <Value>[[sum()]],[[mus()]]</Value>
        </Property>
        <Property>
          <Key>Parameter:testName</Key>
          <Value>16</Value>
        </Property>
        <Property>
          <Key>Parameter:provider</Key>
          <Value>Default</Value>
        </Property>
        <Property>
          <Key>Parameter:input</Key>
          <Value>=u</Value>
        </Property>
        <Property>
          <Key>FeatureTitle</Key>
          <Value>DefaultIntellisense</Value>
        </Property>
        <Property>
          <Key>Parameter:index</Key>
          <Value>2</Value>
        </Property>
        <Property>
          <Key>Parameter:result</Key>
          <Value>=[[sum()]]</Value>
        </Property>
        <Property>
          <Key>Parameter:varlist</Key>
          <Value>[[b]],[[sum().b]],[[mus().b]],[[sum()]],[[mus()]]</Value>
        </Property>
      </Properties>
      <TestMethod codeBase="D:/Repos/GENDEV/Warewolf-ESB/Dev/Warewolf.Specs/Dev2.Studio.Core.Specs.DLL" adapterTypeName="Microsoft.VisualStudio.TestTools.TestTypes.Unit.UnitTestAdapter, Microsoft.VisualStudio.QualityTools.Tips.UnitTest.Adapter, Version=14.0.0.0, Culture=neutral, PublicKeyToken=b03f5f7f11d50a3a" className="Dev2.Studio.Core.Specs.IntellisenseSpecs.DefaultIntellisenseFeature, Dev2.Studio.Core.Specs, Version=0.0.6284.21037, Culture=neutral, PublicKeyToken=null" name="InsertForRecordsetsOnlyFilterTypeAndDefaultProvider_16" />
    </UnitTest>
    <UnitTest name="ValidationMessagesWhenInvalidVariables_6" storage="d:\repos\gendev\warewolf-esb\dev\warewolf.specs\dev2.studio.core.specs.dll" id="f8e54e4b-7982-278f-ab74-4f161d60ad25">
      <Description>Validation messages when Invalid Variables: 6</Description>
      <Execution id="be7510ae-4f6e-4047-b156-287f2e6dbd97" />
      <Properties>
        <Property>
          <Key>FeatureTitle</Key>
          <Value>DefaultIntellisense</Value>
        </Property>
        <Property>
          <Key>VariantName</Key>
          <Value>6</Value>
        </Property>
        <Property>
          <Key>Parameter:No</Key>
          <Value>6</Value>
        </Property>
        <Property>
          <Key>Parameter:Error</Key>
          <Value>Variable name [[var#]] contains invalid character(s). Only use alphanumeric _ and -</Value>
        </Property>
        <Property>
          <Key>Parameter:Variable</Key>
          <Value>[[var#]]</Value>
        </Property>
      </Properties>
      <TestMethod codeBase="D:/Repos/GENDEV/Warewolf-ESB/Dev/Warewolf.Specs/Dev2.Studio.Core.Specs.DLL" adapterTypeName="Microsoft.VisualStudio.TestTools.TestTypes.Unit.UnitTestAdapter, Microsoft.VisualStudio.QualityTools.Tips.UnitTest.Adapter, Version=14.0.0.0, Culture=neutral, PublicKeyToken=b03f5f7f11d50a3a" className="Dev2.Studio.Core.Specs.IntellisenseSpecs.DefaultIntellisenseFeature, Dev2.Studio.Core.Specs, Version=0.0.6284.21037, Culture=neutral, PublicKeyToken=null" name="ValidationMessagesWhenInvalidVariables_6" />
    </UnitTest>
    <UnitTest name="InsertForJsonFilterTypeAndDefaultProvider_2" storage="d:\repos\gendev\warewolf-esb\dev\warewolf.specs\dev2.studio.core.specs.dll" id="c51d98ca-9a69-c9b2-568e-ebafba27bfcb">
      <Description>Insert for Json FilterType and Default Provider: 2</Description>
      <Execution id="c491d15e-5b56-4578-b317-1d70b23ff116" />
      <Properties>
        <Property>
          <Key>Parameter:filterType</Key>
          <Value>JsonObject</Value>
        </Property>
        <Property>
          <Key>Parameter:caretposition</Key>
          <Value>16</Value>
        </Property>
        <Property>
          <Key>VariantName</Key>
          <Value>2</Value>
        </Property>
        <Property>
          <Key>Parameter:option</Key>
          <Value>[[@Person.name]]</Value>
        </Property>
        <Property>
          <Key>Parameter:dropDownList</Key>
          <Value>[[@Person.name]],[[@Person]]</Value>
        </Property>
        <Property>
          <Key>Parameter:testName</Key>
          <Value>2</Value>
        </Property>
        <Property>
          <Key>Parameter:provider</Key>
          <Value>Default</Value>
        </Property>
        <Property>
          <Key>Parameter:input</Key>
          <Value>[[</Value>
        </Property>
        <Property>
          <Key>FeatureTitle</Key>
          <Value>DefaultIntellisense</Value>
        </Property>
        <Property>
          <Key>Parameter:index</Key>
          <Value>3</Value>
        </Property>
        <Property>
          <Key>Parameter:result</Key>
          <Value>[[@Person.name]]</Value>
        </Property>
        <Property>
          <Key>Parameter:varlist</Key>
          <Value>[[@Person]],[[@Person.name]]</Value>
        </Property>
      </Properties>
      <TestMethod codeBase="D:/Repos/GENDEV/Warewolf-ESB/Dev/Warewolf.Specs/Dev2.Studio.Core.Specs.DLL" adapterTypeName="Microsoft.VisualStudio.TestTools.TestTypes.Unit.UnitTestAdapter, Microsoft.VisualStudio.QualityTools.Tips.UnitTest.Adapter, Version=14.0.0.0, Culture=neutral, PublicKeyToken=b03f5f7f11d50a3a" className="Dev2.Studio.Core.Specs.IntellisenseSpecs.DefaultIntellisenseFeature, Dev2.Studio.Core.Specs, Version=0.0.6284.21037, Culture=neutral, PublicKeyToken=null" name="InsertForJsonFilterTypeAndDefaultProvider_2" />
    </UnitTest>
    <UnitTest name="TestWFWithReadFile" storage="d:\repos\gendev\warewolf-esb\dev\warewolf.specs\dev2.activities.specs.dll" id="f957ea5a-3757-ecad-89bd-2b57ea79b6e6">
      <Description>Test WF with Read File</Description>
      <TestCategory>
        <TestCategoryItem TestCategory="TestFramework" />
      </TestCategory>
      <Execution id="7219f830-c6df-4e2b-a6cd-db9e4b037087" />
      <Properties>
        <Property>
          <Key>FeatureTitle</Key>
          <Value>StudioTestFramework</Value>
        </Property>
      </Properties>
      <TestMethod codeBase="D:/Repos/GENDEV/Warewolf-ESB/Dev/Warewolf.Specs/Dev2.Activities.Specs.DLL" adapterTypeName="Microsoft.VisualStudio.TestTools.TestTypes.Unit.UnitTestAdapter, Microsoft.VisualStudio.QualityTools.Tips.UnitTest.Adapter, Version=14.0.0.0, Culture=neutral, PublicKeyToken=b03f5f7f11d50a3a" className="Dev2.Activities.Specs.TestFramework.StudioTestFrameworkFeature, Dev2.Activities.Specs, Version=0.0.6284.21160, Culture=neutral, PublicKeyToken=null" name="TestWFWithReadFile" />
    </UnitTest>
    <UnitTest name="InsertForAllFilterTypeAndDefaultProvider_8" storage="d:\repos\gendev\warewolf-esb\dev\warewolf.specs\dev2.studio.core.specs.dll" id="4bf46b0b-07a6-9ff1-1be8-7946a3642e6c">
      <Description>Insert for All FilterType and Default Provider: 8</Description>
      <Execution id="c3ebacb6-c960-4a81-b3a7-746b5967e56e" />
      <Properties>
        <Property>
          <Key>Parameter:filterType</Key>
          <Value>All</Value>
        </Property>
        <Property>
          <Key>Parameter:caretposition</Key>
          <Value>21</Value>
        </Property>
        <Property>
          <Key>VariantName</Key>
          <Value>8</Value>
        </Property>
        <Property>
          <Key>Parameter:option</Key>
          <Value>[[rec(*).var]]</Value>
        </Property>
        <Property>
          <Key>Parameter:dropDownList</Key>
          <Value>[[var]],[[var2]],[[rec().var]],[[rec(*).var]],[[rec().var2]],[[rec(*).var2]]</Value>
        </Property>
        <Property>
          <Key>Parameter:testName</Key>
          <Value>8</Value>
        </Property>
        <Property>
          <Key>Parameter:provider</Key>
          <Value>Default</Value>
        </Property>
        <Property>
          <Key>Parameter:input</Key>
          <Value>[[var]]v</Value>
        </Property>
        <Property>
          <Key>FeatureTitle</Key>
          <Value>DefaultIntellisense</Value>
        </Property>
        <Property>
          <Key>Parameter:index</Key>
          <Value>8</Value>
        </Property>
        <Property>
          <Key>Parameter:result</Key>
          <Value>[[var]][[rec(*).var]]</Value>
        </Property>
        <Property>
          <Key>Parameter:varlist</Key>
          <Value>[[var]],[[var2]],[[rec()]],[[rec().var2]],[[rec(*).var2]],[[rec().var]],[[rec(*).var]]</Value>
        </Property>
      </Properties>
      <TestMethod codeBase="D:/Repos/GENDEV/Warewolf-ESB/Dev/Warewolf.Specs/Dev2.Studio.Core.Specs.DLL" adapterTypeName="Microsoft.VisualStudio.TestTools.TestTypes.Unit.UnitTestAdapter, Microsoft.VisualStudio.QualityTools.Tips.UnitTest.Adapter, Version=14.0.0.0, Culture=neutral, PublicKeyToken=b03f5f7f11d50a3a" className="Dev2.Studio.Core.Specs.IntellisenseSpecs.DefaultIntellisenseFeature, Dev2.Studio.Core.Specs, Version=0.0.6284.21037, Culture=neutral, PublicKeyToken=null" name="InsertForAllFilterTypeAndDefaultProvider_8" />
    </UnitTest>
    <UnitTest name="InsertForJsonFilterTypeAndDefaultProvider_39" storage="d:\repos\gendev\warewolf-esb\dev\warewolf.specs\dev2.studio.core.specs.dll" id="793c23eb-dc30-5d5b-ef28-b66f551eceb2">
      <Description>Insert for Json FilterType and Default Provider: 39</Description>
      <Execution id="3b1ced1f-b2d6-4e62-8391-c120d6f733ce" />
      <Properties>
        <Property>
          <Key>Parameter:filterType</Key>
          <Value>JsonObject</Value>
        </Property>
        <Property>
          <Key>Parameter:caretposition</Key>
          <Value>26</Value>
        </Property>
        <Property>
          <Key>VariantName</Key>
          <Value>39</Value>
        </Property>
        <Property>
          <Key>Parameter:option</Key>
          <Value>[[@Person.Childs(*).name]]</Value>
        </Property>
        <Property>
          <Key>Parameter:dropDownList</Key>
          <Value>[[@Person]],[[@Person.Childs(*).name]]</Value>
        </Property>
        <Property>
          <Key>Parameter:testName</Key>
          <Value>39</Value>
        </Property>
        <Property>
          <Key>Parameter:provider</Key>
          <Value>Default</Value>
        </Property>
        <Property>
          <Key>Parameter:input</Key>
          <Value>[[P</Value>
        </Property>
        <Property>
          <Key>FeatureTitle</Key>
          <Value>DefaultIntellisense</Value>
        </Property>
        <Property>
          <Key>Parameter:index</Key>
          <Value>3</Value>
        </Property>
        <Property>
          <Key>Parameter:result</Key>
          <Value>[[@Person.Childs(*).name]]</Value>
        </Property>
        <Property>
          <Key>Parameter:varlist</Key>
          <Value>[[@Person]],[[@Person.Childs(*).name]]</Value>
        </Property>
      </Properties>
      <TestMethod codeBase="D:/Repos/GENDEV/Warewolf-ESB/Dev/Warewolf.Specs/Dev2.Studio.Core.Specs.DLL" adapterTypeName="Microsoft.VisualStudio.TestTools.TestTypes.Unit.UnitTestAdapter, Microsoft.VisualStudio.QualityTools.Tips.UnitTest.Adapter, Version=14.0.0.0, Culture=neutral, PublicKeyToken=b03f5f7f11d50a3a" className="Dev2.Studio.Core.Specs.IntellisenseSpecs.DefaultIntellisenseFeature, Dev2.Studio.Core.Specs, Version=0.0.6284.21037, Culture=neutral, PublicKeyToken=null" name="InsertForJsonFilterTypeAndDefaultProvider_39" />
    </UnitTest>
    <UnitTest name="TestWFWithDeleteRecords" storage="d:\repos\gendev\warewolf-esb\dev\warewolf.specs\dev2.activities.specs.dll" id="85d05142-6e5e-7197-4024-dfbf3471069e">
      <Description>Test WF with Delete Records</Description>
      <TestCategory>
        <TestCategoryItem TestCategory="TestFramework" />
      </TestCategory>
      <Execution id="7dcc480d-95c6-49b2-8b87-ecb2d930330f" />
      <Properties>
        <Property>
          <Key>FeatureTitle</Key>
          <Value>StudioTestFramework</Value>
        </Property>
      </Properties>
      <TestMethod codeBase="D:/Repos/GENDEV/Warewolf-ESB/Dev/Warewolf.Specs/Dev2.Activities.Specs.DLL" adapterTypeName="Microsoft.VisualStudio.TestTools.TestTypes.Unit.UnitTestAdapter, Microsoft.VisualStudio.QualityTools.Tips.UnitTest.Adapter, Version=14.0.0.0, Culture=neutral, PublicKeyToken=b03f5f7f11d50a3a" className="Dev2.Activities.Specs.TestFramework.StudioTestFrameworkFeature, Dev2.Activities.Specs, Version=0.0.6284.21160, Culture=neutral, PublicKeyToken=null" name="TestWFWithDeleteRecords" />
    </UnitTest>
    <UnitTest name="InsertForJsonFilterTypeAndDefaultProvider_26" storage="d:\repos\gendev\warewolf-esb\dev\warewolf.specs\dev2.studio.core.specs.dll" id="1cfc45be-bf71-665d-da0d-8afc99aa9a8e">
      <Description>Insert for Json FilterType and Default Provider: 26</Description>
      <Execution id="d9836fad-8a48-4f9c-a25c-b5d2902d8900" />
      <Properties>
        <Property>
          <Key>Parameter:filterType</Key>
          <Value>JsonObject</Value>
        </Property>
        <Property>
          <Key>Parameter:caretposition</Key>
          <Value>31</Value>
        </Property>
        <Property>
          <Key>VariantName</Key>
          <Value>26</Value>
        </Property>
        <Property>
          <Key>Parameter:option</Key>
          <Value>[[@Person.Child.Name]]</Value>
        </Property>
        <Property>
          <Key>Parameter:dropDownList</Key>
          <Value>[[@Person.Age]],[[@Person.name]],[[@Person]],[[@Person.Child.Name]]</Value>
        </Property>
        <Property>
          <Key>Parameter:testName</Key>
          <Value>26</Value>
        </Property>
        <Property>
          <Key>Parameter:provider</Key>
          <Value>Default</Value>
        </Property>
        <Property>
          <Key>Parameter:input</Key>
          <Value>[[Junk]] P</Value>
        </Property>
        <Property>
          <Key>FeatureTitle</Key>
          <Value>DefaultIntellisense</Value>
        </Property>
        <Property>
          <Key>Parameter:index</Key>
          <Value>10</Value>
        </Property>
        <Property>
          <Key>Parameter:result</Key>
          <Value>[[Junk]] [[@Person.Child.Name]]</Value>
        </Property>
        <Property>
          <Key>Parameter:varlist</Key>
          <Value>[[@Person]],[[@Person.name]],[[@Person.Age]],[[@Person.Child.Name]]</Value>
        </Property>
      </Properties>
      <TestMethod codeBase="D:/Repos/GENDEV/Warewolf-ESB/Dev/Warewolf.Specs/Dev2.Studio.Core.Specs.DLL" adapterTypeName="Microsoft.VisualStudio.TestTools.TestTypes.Unit.UnitTestAdapter, Microsoft.VisualStudio.QualityTools.Tips.UnitTest.Adapter, Version=14.0.0.0, Culture=neutral, PublicKeyToken=b03f5f7f11d50a3a" className="Dev2.Studio.Core.Specs.IntellisenseSpecs.DefaultIntellisenseFeature, Dev2.Studio.Core.Specs, Version=0.0.6284.21037, Culture=neutral, PublicKeyToken=null" name="InsertForJsonFilterTypeAndDefaultProvider_26" />
    </UnitTest>
    <UnitTest name="InsertForJsonFilterTypeAndDefaultProvider_18" storage="d:\repos\gendev\warewolf-esb\dev\warewolf.specs\dev2.studio.core.specs.dll" id="9f824d34-1a6d-ba86-711d-c50a4168aab3">
      <Description>Insert for Json FilterType and Default Provider: 18</Description>
      <Execution id="2c571210-c6d4-43e6-92a8-44d7b9c498e4" />
      <Properties>
        <Property>
          <Key>Parameter:filterType</Key>
          <Value>JsonObject</Value>
        </Property>
        <Property>
          <Key>Parameter:caretposition</Key>
          <Value>16</Value>
        </Property>
        <Property>
          <Key>VariantName</Key>
          <Value>18</Value>
        </Property>
        <Property>
          <Key>Parameter:option</Key>
          <Value>[[@Person.name]]</Value>
        </Property>
        <Property>
          <Key>Parameter:dropDownList</Key>
          <Value>[[@Person.name]]</Value>
        </Property>
        <Property>
          <Key>Parameter:testName</Key>
          <Value>18</Value>
        </Property>
        <Property>
          <Key>Parameter:provider</Key>
          <Value>Default</Value>
        </Property>
        <Property>
          <Key>Parameter:input</Key>
          <Value>[[@Person.name</Value>
        </Property>
        <Property>
          <Key>FeatureTitle</Key>
          <Value>DefaultIntellisense</Value>
        </Property>
        <Property>
          <Key>Parameter:index</Key>
          <Value>15</Value>
        </Property>
        <Property>
          <Key>Parameter:result</Key>
          <Value>[[@Person.name]]</Value>
        </Property>
        <Property>
          <Key>Parameter:varlist</Key>
          <Value>[[@Person]],[[@Person.name]],[[@Person.Age]]</Value>
        </Property>
      </Properties>
      <TestMethod codeBase="D:/Repos/GENDEV/Warewolf-ESB/Dev/Warewolf.Specs/Dev2.Studio.Core.Specs.DLL" adapterTypeName="Microsoft.VisualStudio.TestTools.TestTypes.Unit.UnitTestAdapter, Microsoft.VisualStudio.QualityTools.Tips.UnitTest.Adapter, Version=14.0.0.0, Culture=neutral, PublicKeyToken=b03f5f7f11d50a3a" className="Dev2.Studio.Core.Specs.IntellisenseSpecs.DefaultIntellisenseFeature, Dev2.Studio.Core.Specs, Version=0.0.6284.21037, Culture=neutral, PublicKeyToken=null" name="InsertForJsonFilterTypeAndDefaultProvider_18" />
    </UnitTest>
    <UnitTest name="RunATestWithSingleScalarInputsAndOutputsInvalidNoInputVariable" storage="d:\repos\gendev\warewolf-esb\dev\warewolf.specs\dev2.activities.specs.dll" id="664d5865-961d-d5ad-0c4b-7b38130a055b">
      <Description>Run a test with single scalar inputs and outputs invalid no input variable</Description>
      <TestCategory>
        <TestCategoryItem TestCategory="TestFramework" />
      </TestCategory>
      <Execution id="31c3ee65-e5d8-46a7-8627-16c8f7400817" />
      <Properties>
        <Property>
          <Key>FeatureTitle</Key>
          <Value>StudioTestFramework</Value>
        </Property>
      </Properties>
      <TestMethod codeBase="D:/Repos/GENDEV/Warewolf-ESB/Dev/Warewolf.Specs/Dev2.Activities.Specs.DLL" adapterTypeName="Microsoft.VisualStudio.TestTools.TestTypes.Unit.UnitTestAdapter, Microsoft.VisualStudio.QualityTools.Tips.UnitTest.Adapter, Version=14.0.0.0, Culture=neutral, PublicKeyToken=b03f5f7f11d50a3a" className="Dev2.Activities.Specs.TestFramework.StudioTestFrameworkFeature, Dev2.Activities.Specs, Version=0.0.6284.21160, Culture=neutral, PublicKeyToken=null" name="RunATestWithSingleScalarInputsAndOutputsInvalidNoInputVariable" />
    </UnitTest>
    <UnitTest name="InsertForJsonFilterTypeAndDefaultProvider_8" storage="d:\repos\gendev\warewolf-esb\dev\warewolf.specs\dev2.studio.core.specs.dll" id="5c7cd0ab-4434-eb66-7ca1-7f9e3aab2862">
      <Description>Insert for Json FilterType and Default Provider: 8</Description>
      <Execution id="057580cf-4640-4bc3-a059-b01d9fd81402" />
      <Properties>
        <Property>
          <Key>Parameter:filterType</Key>
          <Value>JsonObject</Value>
        </Property>
        <Property>
          <Key>Parameter:caretposition</Key>
          <Value>16</Value>
        </Property>
        <Property>
          <Key>VariantName</Key>
          <Value>8</Value>
        </Property>
        <Property>
          <Key>Parameter:option</Key>
          <Value>[[@Person.name]]</Value>
        </Property>
        <Property>
          <Key>Parameter:dropDownList</Key>
          <Value>[[@Person.name]],[[@Person]]</Value>
        </Property>
        <Property>
          <Key>Parameter:testName</Key>
          <Value>8</Value>
        </Property>
        <Property>
          <Key>Parameter:provider</Key>
          <Value>Default</Value>
        </Property>
        <Property>
          <Key>Parameter:input</Key>
          <Value>rson</Value>
        </Property>
        <Property>
          <Key>FeatureTitle</Key>
          <Value>DefaultIntellisense</Value>
        </Property>
        <Property>
          <Key>Parameter:index</Key>
          <Value>3</Value>
        </Property>
        <Property>
          <Key>Parameter:result</Key>
          <Value>[[@Person.name]]</Value>
        </Property>
        <Property>
          <Key>Parameter:varlist</Key>
          <Value>[[@Person]],[[@Person.name]]</Value>
        </Property>
      </Properties>
      <TestMethod codeBase="D:/Repos/GENDEV/Warewolf-ESB/Dev/Warewolf.Specs/Dev2.Studio.Core.Specs.DLL" adapterTypeName="Microsoft.VisualStudio.TestTools.TestTypes.Unit.UnitTestAdapter, Microsoft.VisualStudio.QualityTools.Tips.UnitTest.Adapter, Version=14.0.0.0, Culture=neutral, PublicKeyToken=b03f5f7f11d50a3a" className="Dev2.Studio.Core.Specs.IntellisenseSpecs.DefaultIntellisenseFeature, Dev2.Studio.Core.Specs, Version=0.0.6284.21037, Culture=neutral, PublicKeyToken=null" name="InsertForJsonFilterTypeAndDefaultProvider_8" />
    </UnitTest>
    <UnitTest name="TestWFWithSqlServer" storage="d:\repos\gendev\warewolf-esb\dev\warewolf.specs\dev2.activities.specs.dll" id="4bf3632b-2e4a-3ab0-2adc-ac4ab248f075">
      <Description>Test WF with Sql Server</Description>
      <TestCategory>
        <TestCategoryItem TestCategory="TestFramework" />
      </TestCategory>
      <Execution id="3e8df6b1-7fa0-4408-985a-0e95aacddc85" />
      <Properties>
        <Property>
          <Key>FeatureTitle</Key>
          <Value>StudioTestFramework</Value>
        </Property>
      </Properties>
      <TestMethod codeBase="D:/Repos/GENDEV/Warewolf-ESB/Dev/Warewolf.Specs/Dev2.Activities.Specs.DLL" adapterTypeName="Microsoft.VisualStudio.TestTools.TestTypes.Unit.UnitTestAdapter, Microsoft.VisualStudio.QualityTools.Tips.UnitTest.Adapter, Version=14.0.0.0, Culture=neutral, PublicKeyToken=b03f5f7f11d50a3a" className="Dev2.Activities.Specs.TestFramework.StudioTestFrameworkFeature, Dev2.Activities.Specs, Version=0.0.6284.21160, Culture=neutral, PublicKeyToken=null" name="TestWFWithSqlServer" />
    </UnitTest>
    <UnitTest name="TestWFWithSqlBulkInsert" storage="d:\repos\gendev\warewolf-esb\dev\warewolf.specs\dev2.activities.specs.dll" id="ecf4be2b-cc76-dc41-12ab-2e6ca71173e3">
      <Description>Test WF with SqlBulk Insert</Description>
      <TestCategory>
        <TestCategoryItem TestCategory="TestFramework" />
      </TestCategory>
      <Execution id="3665bbd6-7149-406c-9854-42d7ce57736a" />
      <Properties>
        <Property>
          <Key>FeatureTitle</Key>
          <Value>StudioTestFramework</Value>
        </Property>
      </Properties>
      <TestMethod codeBase="D:/Repos/GENDEV/Warewolf-ESB/Dev/Warewolf.Specs/Dev2.Activities.Specs.DLL" adapterTypeName="Microsoft.VisualStudio.TestTools.TestTypes.Unit.UnitTestAdapter, Microsoft.VisualStudio.QualityTools.Tips.UnitTest.Adapter, Version=14.0.0.0, Culture=neutral, PublicKeyToken=b03f5f7f11d50a3a" className="Dev2.Activities.Specs.TestFramework.StudioTestFrameworkFeature, Dev2.Activities.Specs, Version=0.0.6284.21160, Culture=neutral, PublicKeyToken=null" name="TestWFWithSqlBulkInsert" />
    </UnitTest>
    <UnitTest name="InsertForRecordsetFieldsFilterTypeAndDefaultProvider_5" storage="d:\repos\gendev\warewolf-esb\dev\warewolf.specs\dev2.studio.core.specs.dll" id="7c5e645a-6e42-f244-0307-a775ac6ec45d">
      <Description>Insert for RecordsetFields FilterType and Default Provider: 5</Description>
      <Execution id="5617de69-c638-4775-ac49-e4e86d555abd" />
      <Properties>
        <Property>
          <Key>Parameter:filterType</Key>
          <Value>RecordsetFields</Value>
        </Property>
        <Property>
          <Key>Parameter:caretposition</Key>
          <Value>11</Value>
        </Property>
        <Property>
          <Key>VariantName</Key>
          <Value>5</Value>
        </Property>
        <Property>
          <Key>Parameter:option</Key>
          <Value>[[rec().z]]</Value>
        </Property>
        <Property>
          <Key>Parameter:dropDownList</Key>
          <Value>[[rec().a]],[[rec(*).a]],[[rec().z]],[[rec(*).z]]</Value>
        </Property>
        <Property>
          <Key>Parameter:testName</Key>
          <Value>5</Value>
        </Property>
        <Property>
          <Key>Parameter:provider</Key>
          <Value>Default</Value>
        </Property>
        <Property>
          <Key>Parameter:input</Key>
          <Value>[[rec().a]]</Value>
        </Property>
        <Property>
          <Key>FeatureTitle</Key>
          <Value>DefaultIntellisense</Value>
        </Property>
        <Property>
          <Key>Parameter:index</Key>
          <Value>5</Value>
        </Property>
        <Property>
          <Key>Parameter:result</Key>
          <Value>[[rec().z]]</Value>
        </Property>
        <Property>
          <Key>Parameter:varlist</Key>
          <Value>[[rec()]],[[rec().a]],[[a]],[[rec().z]],[[rec(*)]],[[rec(*).a]],[[rec(*).z]]</Value>
        </Property>
      </Properties>
      <TestMethod codeBase="D:/Repos/GENDEV/Warewolf-ESB/Dev/Warewolf.Specs/Dev2.Studio.Core.Specs.DLL" adapterTypeName="Microsoft.VisualStudio.TestTools.TestTypes.Unit.UnitTestAdapter, Microsoft.VisualStudio.QualityTools.Tips.UnitTest.Adapter, Version=14.0.0.0, Culture=neutral, PublicKeyToken=b03f5f7f11d50a3a" className="Dev2.Studio.Core.Specs.IntellisenseSpecs.DefaultIntellisenseFeature, Dev2.Studio.Core.Specs, Version=0.0.6284.21037, Culture=neutral, PublicKeyToken=null" name="InsertForRecordsetFieldsFilterTypeAndDefaultProvider_5" />
    </UnitTest>
    <UnitTest name="InsertForJsonFilterTypeAndDefaultProvider_41" storage="d:\repos\gendev\warewolf-esb\dev\warewolf.specs\dev2.studio.core.specs.dll" id="9acdd79f-edc7-95b2-f6b0-886f6551686b">
      <Description>Insert for Json FilterType and Default Provider: 41</Description>
      <Execution id="64bba547-a83c-40b7-92e8-f3cd7d3734b0" />
      <Properties>
        <Property>
          <Key>Parameter:filterType</Key>
          <Value>JsonObject</Value>
        </Property>
        <Property>
          <Key>Parameter:caretposition</Key>
          <Value>26</Value>
        </Property>
        <Property>
          <Key>VariantName</Key>
          <Value>41</Value>
        </Property>
        <Property>
          <Key>Parameter:option</Key>
          <Value>[[@Person.Childs(*).name]]</Value>
        </Property>
        <Property>
          <Key>Parameter:dropDownList</Key>
          <Value>[[@Person.Childs(*).name]]</Value>
        </Property>
        <Property>
          <Key>Parameter:testName</Key>
          <Value>41</Value>
        </Property>
        <Property>
          <Key>Parameter:provider</Key>
          <Value>Default</Value>
        </Property>
        <Property>
          <Key>Parameter:input</Key>
          <Value>[[@Person.Childs(*</Value>
        </Property>
        <Property>
          <Key>FeatureTitle</Key>
          <Value>DefaultIntellisense</Value>
        </Property>
        <Property>
          <Key>Parameter:index</Key>
          <Value>19</Value>
        </Property>
        <Property>
          <Key>Parameter:result</Key>
          <Value>[[@Person.Childs(*).name]]</Value>
        </Property>
        <Property>
          <Key>Parameter:varlist</Key>
          <Value>[[@Person]],[[@Person.Childs(*).name]],[[@Person.Childs().name]]</Value>
        </Property>
      </Properties>
      <TestMethod codeBase="D:/Repos/GENDEV/Warewolf-ESB/Dev/Warewolf.Specs/Dev2.Studio.Core.Specs.DLL" adapterTypeName="Microsoft.VisualStudio.TestTools.TestTypes.Unit.UnitTestAdapter, Microsoft.VisualStudio.QualityTools.Tips.UnitTest.Adapter, Version=14.0.0.0, Culture=neutral, PublicKeyToken=b03f5f7f11d50a3a" className="Dev2.Studio.Core.Specs.IntellisenseSpecs.DefaultIntellisenseFeature, Dev2.Studio.Core.Specs, Version=0.0.6284.21037, Culture=neutral, PublicKeyToken=null" name="InsertForJsonFilterTypeAndDefaultProvider_41" />
    </UnitTest>
    <UnitTest name="TestWFWithUnzipFile" storage="d:\repos\gendev\warewolf-esb\dev\warewolf.specs\dev2.activities.specs.dll" id="e56cb2a6-ad81-9ccd-d628-b0d95041463b">
      <Description>Test WF with Unzip File</Description>
      <TestCategory>
        <TestCategoryItem TestCategory="TestFramework" />
      </TestCategory>
      <Execution id="78db62f4-0696-4783-bf4e-c22431febaf7" />
      <Properties>
        <Property>
          <Key>FeatureTitle</Key>
          <Value>StudioTestFramework</Value>
        </Property>
      </Properties>
      <TestMethod codeBase="D:/Repos/GENDEV/Warewolf-ESB/Dev/Warewolf.Specs/Dev2.Activities.Specs.DLL" adapterTypeName="Microsoft.VisualStudio.TestTools.TestTypes.Unit.UnitTestAdapter, Microsoft.VisualStudio.QualityTools.Tips.UnitTest.Adapter, Version=14.0.0.0, Culture=neutral, PublicKeyToken=b03f5f7f11d50a3a" className="Dev2.Activities.Specs.TestFramework.StudioTestFrameworkFeature, Dev2.Activities.Specs, Version=0.0.6284.21160, Culture=neutral, PublicKeyToken=null" name="TestWFWithUnzipFile" />
    </UnitTest>
    <UnitTest name="InsertForJsonFilterTypeAndDefaultProvider_44" storage="d:\repos\gendev\warewolf-esb\dev\warewolf.specs\dev2.studio.core.specs.dll" id="c5fbec34-0868-7bba-abdf-3fdf19d5eb18">
      <Description>Insert for Json FilterType and Default Provider: 44</Description>
      <Execution id="fa8774ff-4080-4938-873e-dd8c44bf46d1" />
      <Properties>
        <Property>
          <Key>Parameter:filterType</Key>
          <Value>JsonObject</Value>
        </Property>
        <Property>
          <Key>Parameter:caretposition</Key>
          <Value>26</Value>
        </Property>
        <Property>
          <Key>VariantName</Key>
          <Value>44</Value>
        </Property>
        <Property>
          <Key>Parameter:option</Key>
          <Value>[[@Person.Childs(*).name]]</Value>
        </Property>
        <Property>
          <Key>Parameter:dropDownList</Key>
          <Value>[[@Person.Childs(*).name]],[[@Person.Childs().name]]</Value>
        </Property>
        <Property>
          <Key>Parameter:testName</Key>
          <Value>44</Value>
        </Property>
        <Property>
          <Key>Parameter:provider</Key>
          <Value>Default</Value>
        </Property>
        <Property>
          <Key>Parameter:input</Key>
          <Value>@</Value>
        </Property>
        <Property>
          <Key>FeatureTitle</Key>
          <Value>DefaultIntellisense</Value>
        </Property>
        <Property>
          <Key>Parameter:index</Key>
          <Value>1</Value>
        </Property>
        <Property>
          <Key>Parameter:result</Key>
          <Value>[[@Person.Childs(*).name]]</Value>
        </Property>
        <Property>
          <Key>Parameter:varlist</Key>
          <Value>[[@Person]],[[@Person.Childs(*).name]],[[@Person.Childs().name]]</Value>
        </Property>
      </Properties>
      <TestMethod codeBase="D:/Repos/GENDEV/Warewolf-ESB/Dev/Warewolf.Specs/Dev2.Studio.Core.Specs.DLL" adapterTypeName="Microsoft.VisualStudio.TestTools.TestTypes.Unit.UnitTestAdapter, Microsoft.VisualStudio.QualityTools.Tips.UnitTest.Adapter, Version=14.0.0.0, Culture=neutral, PublicKeyToken=b03f5f7f11d50a3a" className="Dev2.Studio.Core.Specs.IntellisenseSpecs.DefaultIntellisenseFeature, Dev2.Studio.Core.Specs, Version=0.0.6284.21037, Culture=neutral, PublicKeyToken=null" name="InsertForJsonFilterTypeAndDefaultProvider_44" />
    </UnitTest>
    <UnitTest name="InsertForAllFilterTypeAndFileProvider_4" storage="d:\repos\gendev\warewolf-esb\dev\warewolf.specs\dev2.studio.core.specs.dll" id="1b1d140d-7202-652a-29ed-79cfb711d080">
      <Description>Insert for All FilterType and File Provider: 4</Description>
      <Execution id="1524fb0c-4c61-4a31-9b5d-4d3a525c0405" />
      <Properties>
        <Property>
          <Key>Parameter:filterType</Key>
          <Value>All</Value>
        </Property>
        <Property>
          <Key>VariantName</Key>
          <Value>4</Value>
        </Property>
        <Property>
          <Key>Parameter:dropDownList</Key>
          <Value>
          </Value>
        </Property>
        <Property>
          <Key>Parameter:pathStructure</Key>
          <Value>
          </Value>
        </Property>
        <Property>
          <Key>FeatureTitle</Key>
          <Value>DefaultIntellisense</Value>
        </Property>
        <Property>
          <Key>Parameter:provider</Key>
          <Value>Default, File</Value>
        </Property>
        <Property>
          <Key>Parameter:index</Key>
          <Value>13</Value>
        </Property>
        <Property>
          <Key>Parameter:result</Key>
          <Value>c:\[[myfile]][[</Value>
        </Property>
        <Property>
          <Key>Parameter:caretposition</Key>
          <Value>13</Value>
        </Property>
        <Property>
          <Key>Parameter:testName</Key>
          <Value>4</Value>
        </Property>
        <Property>
          <Key>Parameter:input</Key>
          <Value>c:\[[myfile]][[</Value>
        </Property>
        <Property>
          <Key>Parameter:varlist</Key>
          <Value>&lt;myfile/&gt;&lt;file&gt;&lt;name/&gt;&lt;/file&gt;</Value>
        </Property>
        <Property>
          <Key>Parameter:option</Key>
          <Value>
          </Value>
        </Property>
      </Properties>
      <TestMethod codeBase="D:/Repos/GENDEV/Warewolf-ESB/Dev/Warewolf.Specs/Dev2.Studio.Core.Specs.DLL" adapterTypeName="Microsoft.VisualStudio.TestTools.TestTypes.Unit.UnitTestAdapter, Microsoft.VisualStudio.QualityTools.Tips.UnitTest.Adapter, Version=14.0.0.0, Culture=neutral, PublicKeyToken=b03f5f7f11d50a3a" className="Dev2.Studio.Core.Specs.IntellisenseSpecs.DefaultIntellisenseFeature, Dev2.Studio.Core.Specs, Version=0.0.6284.21037, Culture=neutral, PublicKeyToken=null" name="InsertForAllFilterTypeAndFileProvider_4" />
    </UnitTest>
    <UnitTest name="RunATestWithAssertStepAssign" storage="d:\repos\gendev\warewolf-esb\dev\warewolf.specs\dev2.activities.specs.dll" id="a33c0289-d0ab-a6d4-01f2-e64e7c47ef25">
      <Description>Run a test with Assert step assign</Description>
      <TestCategory>
        <TestCategoryItem TestCategory="s4" />
        <TestCategoryItem TestCategory="TestFramework" />
      </TestCategory>
      <Execution id="4e81d5c6-d301-4fe9-bf38-eda4201e42b0" />
      <Properties>
        <Property>
          <Key>FeatureTitle</Key>
          <Value>StudioTestFramework</Value>
        </Property>
      </Properties>
      <TestMethod codeBase="D:/Repos/GENDEV/Warewolf-ESB/Dev/Warewolf.Specs/Dev2.Activities.Specs.DLL" adapterTypeName="Microsoft.VisualStudio.TestTools.TestTypes.Unit.UnitTestAdapter, Microsoft.VisualStudio.QualityTools.Tips.UnitTest.Adapter, Version=14.0.0.0, Culture=neutral, PublicKeyToken=b03f5f7f11d50a3a" className="Dev2.Activities.Specs.TestFramework.StudioTestFrameworkFeature, Dev2.Activities.Specs, Version=0.0.6284.21160, Culture=neutral, PublicKeyToken=null" name="RunATestWithAssertStepAssign" />
    </UnitTest>
    <UnitTest name="InsertForRecordsetsOnlyFilterTypeAndDefaultProvider_1" storage="d:\repos\gendev\warewolf-esb\dev\warewolf.specs\dev2.studio.core.specs.dll" id="326bce6f-337e-4f26-f512-f2e299a5520f">
      <Description>Insert for RecordsetsOnly FilterType and Default Provider: 1</Description>
      <Execution id="dfb74306-e892-4eb4-9f6c-e97da567083a" />
      <Properties>
        <Property>
          <Key>Parameter:filterType</Key>
          <Value>RecordsetsOnly</Value>
        </Property>
        <Property>
          <Key>Parameter:caretposition</Key>
          <Value>9</Value>
        </Property>
        <Property>
          <Key>VariantName</Key>
          <Value>1</Value>
        </Property>
        <Property>
          <Key>Parameter:option</Key>
          <Value>[[sum()]]</Value>
        </Property>
        <Property>
          <Key>Parameter:dropDownList</Key>
          <Value>[[sum()]],[[mus()]]</Value>
        </Property>
        <Property>
          <Key>Parameter:testName</Key>
          <Value>1</Value>
        </Property>
        <Property>
          <Key>Parameter:provider</Key>
          <Value>Default</Value>
        </Property>
        <Property>
          <Key>Parameter:input</Key>
          <Value>u</Value>
        </Property>
        <Property>
          <Key>FeatureTitle</Key>
          <Value>DefaultIntellisense</Value>
        </Property>
        <Property>
          <Key>Parameter:index</Key>
          <Value>1</Value>
        </Property>
        <Property>
          <Key>Parameter:result</Key>
          <Value>[[sum()]]</Value>
        </Property>
        <Property>
          <Key>Parameter:varlist</Key>
          <Value>[[b]],[[sum().b]],[[mus().b]],[[sum()]],[[mus()]]</Value>
        </Property>
      </Properties>
      <TestMethod codeBase="D:/Repos/GENDEV/Warewolf-ESB/Dev/Warewolf.Specs/Dev2.Studio.Core.Specs.DLL" adapterTypeName="Microsoft.VisualStudio.TestTools.TestTypes.Unit.UnitTestAdapter, Microsoft.VisualStudio.QualityTools.Tips.UnitTest.Adapter, Version=14.0.0.0, Culture=neutral, PublicKeyToken=b03f5f7f11d50a3a" className="Dev2.Studio.Core.Specs.IntellisenseSpecs.DefaultIntellisenseFeature, Dev2.Studio.Core.Specs, Version=0.0.6284.21037, Culture=neutral, PublicKeyToken=null" name="InsertForRecordsetsOnlyFilterTypeAndDefaultProvider_1" />
    </UnitTest>
    <UnitTest name="LoadingExistingTestsHasCorrectNameForDisplay" storage="d:\repos\gendev\warewolf-esb\dev\warewolf.specs\dev2.activities.specs.dll" id="b4688a00-7e37-b528-9c85-44ccb1024020">
      <Description>Loading existing Tests has correct Name for display</Description>
      <TestCategory>
        <TestCategoryItem TestCategory="TestFramework" />
      </TestCategory>
      <Execution id="80fe1e4c-5a85-4d50-875e-63d1202043bb" />
      <Properties>
        <Property>
          <Key>FeatureTitle</Key>
          <Value>StudioTestFramework</Value>
        </Property>
      </Properties>
      <TestMethod codeBase="D:/Repos/GENDEV/Warewolf-ESB/Dev/Warewolf.Specs/Dev2.Activities.Specs.DLL" adapterTypeName="Microsoft.VisualStudio.TestTools.TestTypes.Unit.UnitTestAdapter, Microsoft.VisualStudio.QualityTools.Tips.UnitTest.Adapter, Version=14.0.0.0, Culture=neutral, PublicKeyToken=b03f5f7f11d50a3a" className="Dev2.Activities.Specs.TestFramework.StudioTestFrameworkFeature, Dev2.Activities.Specs, Version=0.0.6284.21160, Culture=neutral, PublicKeyToken=null" name="LoadingExistingTestsHasCorrectNameForDisplay" />
    </UnitTest>
    <UnitTest name="InsertForJsonFilterTypeAndDefaultProvider_25" storage="d:\repos\gendev\warewolf-esb\dev\warewolf.specs\dev2.studio.core.specs.dll" id="1b8e37b9-3d35-d2d7-524b-231c50c25a91">
      <Description>Insert for Json FilterType and Default Provider: 25</Description>
      <Execution id="4c8801bb-1e25-4ead-b0ed-29d50a4b3e42" />
      <Properties>
        <Property>
          <Key>Parameter:filterType</Key>
          <Value>JsonObject</Value>
        </Property>
        <Property>
          <Key>Parameter:caretposition</Key>
          <Value>27</Value>
        </Property>
        <Property>
          <Key>VariantName</Key>
          <Value>25</Value>
        </Property>
        <Property>
          <Key>Parameter:option</Key>
          <Value>[[@Person.Child.Name]]</Value>
        </Property>
        <Property>
          <Key>Parameter:dropDownList</Key>
          <Value>[[@Person.Age]],[[@Person.name]],[[@Person]],[[@Person.Child.Name]]</Value>
        </Property>
        <Property>
          <Key>Parameter:testName</Key>
          <Value>25</Value>
        </Property>
        <Property>
          <Key>Parameter:provider</Key>
          <Value>Default</Value>
        </Property>
        <Property>
          <Key>Parameter:input</Key>
          <Value>Junk P</Value>
        </Property>
        <Property>
          <Key>FeatureTitle</Key>
          <Value>DefaultIntellisense</Value>
        </Property>
        <Property>
          <Key>Parameter:index</Key>
          <Value>6</Value>
        </Property>
        <Property>
          <Key>Parameter:result</Key>
          <Value>Junk [[@Person.Child.Name]]</Value>
        </Property>
        <Property>
          <Key>Parameter:varlist</Key>
          <Value>[[@Person]],[[@Person.name]],[[@Person.Age]],[[@Person.Child.Name]]</Value>
        </Property>
      </Properties>
      <TestMethod codeBase="D:/Repos/GENDEV/Warewolf-ESB/Dev/Warewolf.Specs/Dev2.Studio.Core.Specs.DLL" adapterTypeName="Microsoft.VisualStudio.TestTools.TestTypes.Unit.UnitTestAdapter, Microsoft.VisualStudio.QualityTools.Tips.UnitTest.Adapter, Version=14.0.0.0, Culture=neutral, PublicKeyToken=b03f5f7f11d50a3a" className="Dev2.Studio.Core.Specs.IntellisenseSpecs.DefaultIntellisenseFeature, Dev2.Studio.Core.Specs, Version=0.0.6284.21037, Culture=neutral, PublicKeyToken=null" name="InsertForJsonFilterTypeAndDefaultProvider_25" />
    </UnitTest>
    <UnitTest name="RecsetOnlyHasNoErrorsForValidVariableIndexes_Variant0" storage="d:\repos\gendev\warewolf-esb\dev\warewolf.specs\dev2.studio.core.specs.dll" id="ffd05fc4-15e9-3384-2b07-bbffa2887ac2">
      <Description>Recset only has no errors for valid variable indexes: Variant 0</Description>
      <Execution id="18b3a368-d711-4c95-afc0-98ee804e0304" />
      <Properties>
        <Property>
          <Key>VariantName</Key>
          <Value>Variant 0</Value>
        </Property>
        <Property>
          <Key>Parameter:expectError</Key>
          <Value>true</Value>
        </Property>
        <Property>
          <Key>Parameter:testName</Key>
          <Value>1</Value>
        </Property>
        <Property>
          <Key>Parameter:input</Key>
          <Value>[[sum([[x]])]]</Value>
        </Property>
        <Property>
          <Key>FeatureTitle</Key>
          <Value>DefaultIntellisense</Value>
        </Property>
        <Property>
          <Key>Parameter:varlist</Key>
          <Value>&lt;x/&gt;&lt;sum&gt;&lt;b/&gt;&lt;/sum&gt;&lt;mus&gt;&lt;b/&gt;&lt;/mus&gt;</Value>
        </Property>
      </Properties>
      <TestMethod codeBase="D:/Repos/GENDEV/Warewolf-ESB/Dev/Warewolf.Specs/Dev2.Studio.Core.Specs.DLL" adapterTypeName="Microsoft.VisualStudio.TestTools.TestTypes.Unit.UnitTestAdapter, Microsoft.VisualStudio.QualityTools.Tips.UnitTest.Adapter, Version=14.0.0.0, Culture=neutral, PublicKeyToken=b03f5f7f11d50a3a" className="Dev2.Studio.Core.Specs.IntellisenseSpecs.DefaultIntellisenseFeature, Dev2.Studio.Core.Specs, Version=0.0.6284.21037, Culture=neutral, PublicKeyToken=null" name="RecsetOnlyHasNoErrorsForValidVariableIndexes_Variant0" />
    </UnitTest>
    <UnitTest name="InsertForRecordsetsOnlyFilterTypeAndDefaultProvider_5" storage="d:\repos\gendev\warewolf-esb\dev\warewolf.specs\dev2.studio.core.specs.dll" id="ffeec795-d22d-1d6f-3282-54a80365f3e4">
      <Description>Insert for RecordsetsOnly FilterType and Default Provider: 5</Description>
      <Execution id="33f6861d-bc6b-454d-940e-f53834ec63cd" />
      <Properties>
        <Property>
          <Key>Parameter:filterType</Key>
          <Value>RecordsetsOnly</Value>
        </Property>
        <Property>
          <Key>Parameter:caretposition</Key>
          <Value>19</Value>
        </Property>
        <Property>
          <Key>VariantName</Key>
          <Value>5</Value>
        </Property>
        <Property>
          <Key>Parameter:option</Key>
          <Value>[[mus()]]</Value>
        </Property>
        <Property>
          <Key>Parameter:dropDownList</Key>
          <Value>[[sum()]],[[mus()]]</Value>
        </Property>
        <Property>
          <Key>Parameter:testName</Key>
          <Value>5</Value>
        </Property>
        <Property>
          <Key>Parameter:provider</Key>
          <Value>Default</Value>
        </Property>
        <Property>
          <Key>Parameter:input</Key>
          <Value>[[sum()]] [[</Value>
        </Property>
        <Property>
          <Key>FeatureTitle</Key>
          <Value>DefaultIntellisense</Value>
        </Property>
        <Property>
          <Key>Parameter:index</Key>
          <Value>12</Value>
        </Property>
        <Property>
          <Key>Parameter:result</Key>
          <Value>[[sum()]] [[mus()]]</Value>
        </Property>
        <Property>
          <Key>Parameter:varlist</Key>
          <Value>[[b]],[[sum().b]],[[mus().b]],[[sum()]],[[mus()]]</Value>
        </Property>
      </Properties>
      <TestMethod codeBase="D:/Repos/GENDEV/Warewolf-ESB/Dev/Warewolf.Specs/Dev2.Studio.Core.Specs.DLL" adapterTypeName="Microsoft.VisualStudio.TestTools.TestTypes.Unit.UnitTestAdapter, Microsoft.VisualStudio.QualityTools.Tips.UnitTest.Adapter, Version=14.0.0.0, Culture=neutral, PublicKeyToken=b03f5f7f11d50a3a" className="Dev2.Studio.Core.Specs.IntellisenseSpecs.DefaultIntellisenseFeature, Dev2.Studio.Core.Specs, Version=0.0.6284.21037, Culture=neutral, PublicKeyToken=null" name="InsertForRecordsetsOnlyFilterTypeAndDefaultProvider_5" />
    </UnitTest>
    <UnitTest name="RenameExistingTest" storage="d:\repos\gendev\warewolf-esb\dev\warewolf.specs\dev2.activities.specs.dll" id="341e82fa-aa7d-e3bf-ebb8-4f7553464f16">
      <Description>Rename existing test</Description>
      <TestCategory>
        <TestCategoryItem TestCategory="TestFramework" />
      </TestCategory>
      <Execution id="7db1e782-3f06-4c16-9fa8-edeb2b40bcab" />
      <Properties>
        <Property>
          <Key>FeatureTitle</Key>
          <Value>StudioTestFramework</Value>
        </Property>
      </Properties>
      <TestMethod codeBase="D:/Repos/GENDEV/Warewolf-ESB/Dev/Warewolf.Specs/Dev2.Activities.Specs.DLL" adapterTypeName="Microsoft.VisualStudio.TestTools.TestTypes.Unit.UnitTestAdapter, Microsoft.VisualStudio.QualityTools.Tips.UnitTest.Adapter, Version=14.0.0.0, Culture=neutral, PublicKeyToken=b03f5f7f11d50a3a" className="Dev2.Activities.Specs.TestFramework.StudioTestFrameworkFeature, Dev2.Activities.Specs, Version=0.0.6284.21160, Culture=neutral, PublicKeyToken=null" name="RenameExistingTest" />
    </UnitTest>
    <UnitTest name="TestWFWithCalculate" storage="d:\repos\gendev\warewolf-esb\dev\warewolf.specs\dev2.activities.specs.dll" id="e0fa4f4e-32e1-8b14-0ed2-e64e10bc307c">
      <Description>Test WF with Calculate</Description>
      <TestCategory>
        <TestCategoryItem TestCategory="TestFramework" />
      </TestCategory>
      <Execution id="316cd47f-9990-441e-a2c1-9c99557f07d5" />
      <Properties>
        <Property>
          <Key>FeatureTitle</Key>
          <Value>StudioTestFramework</Value>
        </Property>
      </Properties>
      <TestMethod codeBase="D:/Repos/GENDEV/Warewolf-ESB/Dev/Warewolf.Specs/Dev2.Activities.Specs.DLL" adapterTypeName="Microsoft.VisualStudio.TestTools.TestTypes.Unit.UnitTestAdapter, Microsoft.VisualStudio.QualityTools.Tips.UnitTest.Adapter, Version=14.0.0.0, Culture=neutral, PublicKeyToken=b03f5f7f11d50a3a" className="Dev2.Activities.Specs.TestFramework.StudioTestFrameworkFeature, Dev2.Activities.Specs, Version=0.0.6284.21160, Culture=neutral, PublicKeyToken=null" name="TestWFWithCalculate" />
    </UnitTest>
    <UnitTest name="ValidationMessagesWhenInvalidVariables_4" storage="d:\repos\gendev\warewolf-esb\dev\warewolf.specs\dev2.studio.core.specs.dll" id="6414cf03-7edd-c303-d741-f048b9ee4ce8">
      <Description>Validation messages when Invalid Variables: 4</Description>
      <Execution id="69971d6a-123e-4159-99b6-0e765fd5cce7" />
      <Properties>
        <Property>
          <Key>FeatureTitle</Key>
          <Value>DefaultIntellisense</Value>
        </Property>
        <Property>
          <Key>VariantName</Key>
          <Value>4</Value>
        </Property>
        <Property>
          <Key>Parameter:No</Key>
          <Value>4</Value>
        </Property>
        <Property>
          <Key>Parameter:Error</Key>
          <Value>Recordset field [[1]] begins with a number</Value>
        </Property>
        <Property>
          <Key>Parameter:Variable</Key>
          <Value>[[1]]</Value>
        </Property>
      </Properties>
      <TestMethod codeBase="D:/Repos/GENDEV/Warewolf-ESB/Dev/Warewolf.Specs/Dev2.Studio.Core.Specs.DLL" adapterTypeName="Microsoft.VisualStudio.TestTools.TestTypes.Unit.UnitTestAdapter, Microsoft.VisualStudio.QualityTools.Tips.UnitTest.Adapter, Version=14.0.0.0, Culture=neutral, PublicKeyToken=b03f5f7f11d50a3a" className="Dev2.Studio.Core.Specs.IntellisenseSpecs.DefaultIntellisenseFeature, Dev2.Studio.Core.Specs, Version=0.0.6284.21037, Culture=neutral, PublicKeyToken=null" name="ValidationMessagesWhenInvalidVariables_4" />
    </UnitTest>
    <UnitTest name="RunATestWithInvalidAndPendingResults" storage="d:\repos\gendev\warewolf-esb\dev\warewolf.specs\dev2.activities.specs.dll" id="2a291803-4277-ac00-14de-36096874713b">
      <Description>Run a test with invalid and pending results</Description>
      <TestCategory>
        <TestCategoryItem TestCategory="TestFramework" />
      </TestCategory>
      <Execution id="23cc4fef-d2a1-4206-a59d-6c038dce32f2" />
      <Properties>
        <Property>
          <Key>FeatureTitle</Key>
          <Value>StudioTestFramework</Value>
        </Property>
      </Properties>
      <TestMethod codeBase="D:/Repos/GENDEV/Warewolf-ESB/Dev/Warewolf.Specs/Dev2.Activities.Specs.DLL" adapterTypeName="Microsoft.VisualStudio.TestTools.TestTypes.Unit.UnitTestAdapter, Microsoft.VisualStudio.QualityTools.Tips.UnitTest.Adapter, Version=14.0.0.0, Culture=neutral, PublicKeyToken=b03f5f7f11d50a3a" className="Dev2.Activities.Specs.TestFramework.StudioTestFrameworkFeature, Dev2.Activities.Specs, Version=0.0.6284.21160, Culture=neutral, PublicKeyToken=null" name="RunATestWithInvalidAndPendingResults" />
    </UnitTest>
    <UnitTest name="InsertForAllFilterTypeAndDefaultProvider_2" storage="d:\repos\gendev\warewolf-esb\dev\warewolf.specs\dev2.studio.core.specs.dll" id="b3759744-a8e1-38d1-68da-f669c5431bfa">
      <Description>Insert for All FilterType and Default Provider: 2</Description>
      <Execution id="78dc38c6-7b83-477b-b262-9a0d2c227e23" />
      <Properties>
        <Property>
          <Key>Parameter:filterType</Key>
          <Value>All</Value>
        </Property>
        <Property>
          <Key>Parameter:caretposition</Key>
          <Value>12</Value>
        </Property>
        <Property>
          <Key>VariantName</Key>
          <Value>2</Value>
        </Property>
        <Property>
          <Key>Parameter:option</Key>
          <Value>[[var2]]</Value>
        </Property>
        <Property>
          <Key>Parameter:dropDownList</Key>
          <Value>[[var]],[[var2]],[[rec().var]],[[rec().var2]]</Value>
        </Property>
        <Property>
          <Key>Parameter:testName</Key>
          <Value>2</Value>
        </Property>
        <Property>
          <Key>Parameter:provider</Key>
          <Value>Default</Value>
        </Property>
        <Property>
          <Key>Parameter:input</Key>
          <Value>text[[var</Value>
        </Property>
        <Property>
          <Key>FeatureTitle</Key>
          <Value>DefaultIntellisense</Value>
        </Property>
        <Property>
          <Key>Parameter:index</Key>
          <Value>9</Value>
        </Property>
        <Property>
          <Key>Parameter:result</Key>
          <Value>text[[var2]]</Value>
        </Property>
        <Property>
          <Key>Parameter:varlist</Key>
          <Value>[[var]],[[var2]],[[rec()]],[[rec().var2]],[[rec().var]]</Value>
        </Property>
      </Properties>
      <TestMethod codeBase="D:/Repos/GENDEV/Warewolf-ESB/Dev/Warewolf.Specs/Dev2.Studio.Core.Specs.DLL" adapterTypeName="Microsoft.VisualStudio.TestTools.TestTypes.Unit.UnitTestAdapter, Microsoft.VisualStudio.QualityTools.Tips.UnitTest.Adapter, Version=14.0.0.0, Culture=neutral, PublicKeyToken=b03f5f7f11d50a3a" className="Dev2.Studio.Core.Specs.IntellisenseSpecs.DefaultIntellisenseFeature, Dev2.Studio.Core.Specs, Version=0.0.6284.21037, Culture=neutral, PublicKeyToken=null" name="InsertForAllFilterTypeAndDefaultProvider_2" />
    </UnitTest>
    <UnitTest name="InsertForAllFilterTypeAndCalculateProvider_2" storage="d:\repos\gendev\warewolf-esb\dev\warewolf.specs\dev2.studio.core.specs.dll" id="cbdf00f1-3616-196b-18ec-2b582b895aee">
      <Description>Insert for All FilterType and Calculate Provider: 2</Description>
      <Execution id="4e4132be-c56f-4737-a8ba-6b2d5fbaa6ef" />
      <Properties>
        <Property>
          <Key>Parameter:filterType</Key>
          <Value>All</Value>
        </Property>
        <Property>
          <Key>Parameter:caretposition</Key>
          <Value>11</Value>
        </Property>
        <Property>
          <Key>VariantName</Key>
          <Value>2</Value>
        </Property>
        <Property>
          <Key>Parameter:option</Key>
          <Value>[[att]]</Value>
        </Property>
        <Property>
          <Key>Parameter:dropDownList</Key>
          <Value>[[att]],atan,atan2,atanh</Value>
        </Property>
        <Property>
          <Key>Parameter:testName</Key>
          <Value>2</Value>
        </Property>
        <Property>
          <Key>Parameter:provider</Key>
          <Value>Default, Calculate</Value>
        </Property>
        <Property>
          <Key>Parameter:input</Key>
          <Value>tan(at</Value>
        </Property>
        <Property>
          <Key>FeatureTitle</Key>
          <Value>DefaultIntellisense</Value>
        </Property>
        <Property>
          <Key>Parameter:index</Key>
          <Value>6</Value>
        </Property>
        <Property>
          <Key>Parameter:result</Key>
          <Value>tan([[att]]</Value>
        </Property>
        <Property>
          <Key>Parameter:varlist</Key>
          <Value>&lt;att/&gt;&lt;sum&gt;&lt;b/&gt;&lt;/sum&gt;</Value>
        </Property>
      </Properties>
      <TestMethod codeBase="D:/Repos/GENDEV/Warewolf-ESB/Dev/Warewolf.Specs/Dev2.Studio.Core.Specs.DLL" adapterTypeName="Microsoft.VisualStudio.TestTools.TestTypes.Unit.UnitTestAdapter, Microsoft.VisualStudio.QualityTools.Tips.UnitTest.Adapter, Version=14.0.0.0, Culture=neutral, PublicKeyToken=b03f5f7f11d50a3a" className="Dev2.Studio.Core.Specs.IntellisenseSpecs.DefaultIntellisenseFeature, Dev2.Studio.Core.Specs, Version=0.0.6284.21037, Culture=neutral, PublicKeyToken=null" name="InsertForAllFilterTypeAndCalculateProvider_2" />
    </UnitTest>
    <UnitTest name="TestWFWithLenght" storage="d:\repos\gendev\warewolf-esb\dev\warewolf.specs\dev2.activities.specs.dll" id="78eda002-a1ed-feca-f331-785bae74adc9">
      <Description>Test WF with Lenght</Description>
      <TestCategory>
        <TestCategoryItem TestCategory="TestFramework" />
      </TestCategory>
      <Execution id="f2285a9f-cbd8-47b4-bf37-1d2a2369312b" />
      <Properties>
        <Property>
          <Key>FeatureTitle</Key>
          <Value>StudioTestFramework</Value>
        </Property>
      </Properties>
      <TestMethod codeBase="D:/Repos/GENDEV/Warewolf-ESB/Dev/Warewolf.Specs/Dev2.Activities.Specs.DLL" adapterTypeName="Microsoft.VisualStudio.TestTools.TestTypes.Unit.UnitTestAdapter, Microsoft.VisualStudio.QualityTools.Tips.UnitTest.Adapter, Version=14.0.0.0, Culture=neutral, PublicKeyToken=b03f5f7f11d50a3a" className="Dev2.Activities.Specs.TestFramework.StudioTestFrameworkFeature, Dev2.Activities.Specs, Version=0.0.6284.21160, Culture=neutral, PublicKeyToken=null" name="TestWFWithLenght" />
    </UnitTest>
    <UnitTest name="InsertForAllFilterTypeAndDateTimeProvider_7" storage="d:\repos\gendev\warewolf-esb\dev\warewolf.specs\dev2.studio.core.specs.dll" id="2d5115c3-d739-0fc6-a8f7-bb1f8e1b96bf">
      <Description>Insert for All FilterType and DateTime Provider: 7</Description>
      <Execution id="cd9da82b-bce0-4b0e-9bf2-1fb7bfd59791" />
      <Properties>
        <Property>
          <Key>Parameter:filterType</Key>
          <Value>All</Value>
        </Property>
        <Property>
          <Key>Parameter:caretposition</Key>
          <Value>8</Value>
        </Property>
        <Property>
          <Key>VariantName</Key>
          <Value>7</Value>
        </Property>
        <Property>
          <Key>Parameter:option</Key>
          <Value>min</Value>
        </Property>
        <Property>
          <Key>Parameter:dropDownList</Key>
          <Value>[[rec(*).minss]],[[rec().minss]],[[min]],m,M,min,mm,MM</Value>
        </Property>
        <Property>
          <Key>Parameter:testName</Key>
          <Value>7</Value>
        </Property>
        <Property>
          <Key>Parameter:provider</Key>
          <Value>Default, DateTime</Value>
        </Property>
        <Property>
          <Key>Parameter:input</Key>
          <Value>text mute</Value>
        </Property>
        <Property>
          <Key>FeatureTitle</Key>
          <Value>DefaultIntellisense</Value>
        </Property>
        <Property>
          <Key>Parameter:index</Key>
          <Value>6</Value>
        </Property>
        <Property>
          <Key>Parameter:result</Key>
          <Value>text min</Value>
        </Property>
        <Property>
          <Key>Parameter:varlist</Key>
          <Value>&lt;ww/&gt;&lt;min/&gt;&lt;rec&gt;&lt;minss/&gt;&lt;/rec&gt;</Value>
        </Property>
      </Properties>
      <TestMethod codeBase="D:/Repos/GENDEV/Warewolf-ESB/Dev/Warewolf.Specs/Dev2.Studio.Core.Specs.DLL" adapterTypeName="Microsoft.VisualStudio.TestTools.TestTypes.Unit.UnitTestAdapter, Microsoft.VisualStudio.QualityTools.Tips.UnitTest.Adapter, Version=14.0.0.0, Culture=neutral, PublicKeyToken=b03f5f7f11d50a3a" className="Dev2.Studio.Core.Specs.IntellisenseSpecs.DefaultIntellisenseFeature, Dev2.Studio.Core.Specs, Version=0.0.6284.21037, Culture=neutral, PublicKeyToken=null" name="InsertForAllFilterTypeAndDateTimeProvider_7" />
    </UnitTest>
    <UnitTest name="TestWFWithUniqueRecord" storage="d:\repos\gendev\warewolf-esb\dev\warewolf.specs\dev2.activities.specs.dll" id="e7d67136-9d6b-41c4-d1cf-3d06fe45c1d5">
      <Description>Test WF with Unique Record</Description>
      <TestCategory>
        <TestCategoryItem TestCategory="TestFramework" />
      </TestCategory>
      <Execution id="d6bb1f93-255a-4f2d-bcfa-6f1d9673934e" />
      <Properties>
        <Property>
          <Key>FeatureTitle</Key>
          <Value>StudioTestFramework</Value>
        </Property>
      </Properties>
      <TestMethod codeBase="D:/Repos/GENDEV/Warewolf-ESB/Dev/Warewolf.Specs/Dev2.Activities.Specs.DLL" adapterTypeName="Microsoft.VisualStudio.TestTools.TestTypes.Unit.UnitTestAdapter, Microsoft.VisualStudio.QualityTools.Tips.UnitTest.Adapter, Version=14.0.0.0, Culture=neutral, PublicKeyToken=b03f5f7f11d50a3a" className="Dev2.Activities.Specs.TestFramework.StudioTestFrameworkFeature, Dev2.Activities.Specs, Version=0.0.6284.21160, Culture=neutral, PublicKeyToken=null" name="TestWFWithUniqueRecord" />
    </UnitTest>
    <UnitTest name="InsertForAllFilterTypeAndDefaultProvider_4" storage="d:\repos\gendev\warewolf-esb\dev\warewolf.specs\dev2.studio.core.specs.dll" id="b56bdaad-07ca-db09-8758-9303d5ae93d5">
      <Description>Insert for All FilterType and Default Provider: 4</Description>
      <Execution id="b92e5c86-3d75-4250-82c2-4b8706b1a314" />
      <Properties>
        <Property>
          <Key>Parameter:filterType</Key>
          <Value>All</Value>
        </Property>
        <Property>
          <Key>Parameter:caretposition</Key>
          <Value>8</Value>
        </Property>
        <Property>
          <Key>VariantName</Key>
          <Value>4</Value>
        </Property>
        <Property>
          <Key>Parameter:option</Key>
          <Value>[[var2]]</Value>
        </Property>
        <Property>
          <Key>Parameter:dropDownList</Key>
          <Value>[[var]],[[var2]],[[rec().var]],[[rec().var2]]</Value>
        </Property>
        <Property>
          <Key>Parameter:testName</Key>
          <Value>4</Value>
        </Property>
        <Property>
          <Key>Parameter:provider</Key>
          <Value>Default</Value>
        </Property>
        <Property>
          <Key>Parameter:input</Key>
          <Value>[[</Value>
        </Property>
        <Property>
          <Key>FeatureTitle</Key>
          <Value>DefaultIntellisense</Value>
        </Property>
        <Property>
          <Key>Parameter:index</Key>
          <Value>2</Value>
        </Property>
        <Property>
          <Key>Parameter:result</Key>
          <Value>[[var2]]</Value>
        </Property>
        <Property>
          <Key>Parameter:varlist</Key>
          <Value>[[var]],[[var2]],[[rec()]],[[rec().var2]],[[rec().var]]</Value>
        </Property>
      </Properties>
      <TestMethod codeBase="D:/Repos/GENDEV/Warewolf-ESB/Dev/Warewolf.Specs/Dev2.Studio.Core.Specs.DLL" adapterTypeName="Microsoft.VisualStudio.TestTools.TestTypes.Unit.UnitTestAdapter, Microsoft.VisualStudio.QualityTools.Tips.UnitTest.Adapter, Version=14.0.0.0, Culture=neutral, PublicKeyToken=b03f5f7f11d50a3a" className="Dev2.Studio.Core.Specs.IntellisenseSpecs.DefaultIntellisenseFeature, Dev2.Studio.Core.Specs, Version=0.0.6284.21037, Culture=neutral, PublicKeyToken=null" name="InsertForAllFilterTypeAndDefaultProvider_4" />
    </UnitTest>
    <UnitTest name="InsertForRecordsetsOnlyFilterTypeAndDefaultProvider_14" storage="d:\repos\gendev\warewolf-esb\dev\warewolf.specs\dev2.studio.core.specs.dll" id="5463758d-dd21-47ff-9ad5-28a585ea0ccd">
      <Description>Insert for RecordsetsOnly FilterType and Default Provider: 14</Description>
      <Execution id="d4e8fa0b-a022-4591-8316-f66b5a3bb75b" />
      <Properties>
        <Property>
          <Key>Parameter:filterType</Key>
          <Value>All</Value>
        </Property>
        <Property>
          <Key>Parameter:caretposition</Key>
          <Value>12</Value>
        </Property>
        <Property>
          <Key>VariantName</Key>
          <Value>14</Value>
        </Property>
        <Property>
          <Key>Parameter:option</Key>
          <Value>[[sum().ba]]</Value>
        </Property>
        <Property>
          <Key>Parameter:dropDownList</Key>
          <Value>[[sum().b]],[[sum().ba]]</Value>
        </Property>
        <Property>
          <Key>Parameter:testName</Key>
          <Value>14</Value>
        </Property>
        <Property>
          <Key>Parameter:provider</Key>
          <Value>Default</Value>
        </Property>
        <Property>
          <Key>Parameter:input</Key>
          <Value>[[sum().b]]</Value>
        </Property>
        <Property>
          <Key>FeatureTitle</Key>
          <Value>DefaultIntellisense</Value>
        </Property>
        <Property>
          <Key>Parameter:index</Key>
          <Value>9</Value>
        </Property>
        <Property>
          <Key>Parameter:result</Key>
          <Value>[[sum().ba]]</Value>
        </Property>
        <Property>
          <Key>Parameter:varlist</Key>
          <Value>[[ba]],[[b]],[[sum().b]],[[mus().b]],[[sum()]],[[mus()]],[[sum().ba]]</Value>
        </Property>
      </Properties>
      <TestMethod codeBase="D:/Repos/GENDEV/Warewolf-ESB/Dev/Warewolf.Specs/Dev2.Studio.Core.Specs.DLL" adapterTypeName="Microsoft.VisualStudio.TestTools.TestTypes.Unit.UnitTestAdapter, Microsoft.VisualStudio.QualityTools.Tips.UnitTest.Adapter, Version=14.0.0.0, Culture=neutral, PublicKeyToken=b03f5f7f11d50a3a" className="Dev2.Studio.Core.Specs.IntellisenseSpecs.DefaultIntellisenseFeature, Dev2.Studio.Core.Specs, Version=0.0.6284.21037, Culture=neutral, PublicKeyToken=null" name="InsertForRecordsetsOnlyFilterTypeAndDefaultProvider_14" />
    </UnitTest>
    <UnitTest name="DeleteResourceWithTests" storage="d:\repos\gendev\warewolf-esb\dev\warewolf.specs\dev2.activities.specs.dll" id="c8cb6be4-3b18-e567-b275-91c7a0468dba">
      <Description>Delete Resource with tests</Description>
      <TestCategory>
        <TestCategoryItem TestCategory="TestFramework" />
      </TestCategory>
      <Execution id="d0f746d7-2e40-4b39-a493-c725174fc6cb" />
      <Properties>
        <Property>
          <Key>FeatureTitle</Key>
          <Value>StudioTestFramework</Value>
        </Property>
      </Properties>
      <TestMethod codeBase="D:/Repos/GENDEV/Warewolf-ESB/Dev/Warewolf.Specs/Dev2.Activities.Specs.DLL" adapterTypeName="Microsoft.VisualStudio.TestTools.TestTypes.Unit.UnitTestAdapter, Microsoft.VisualStudio.QualityTools.Tips.UnitTest.Adapter, Version=14.0.0.0, Culture=neutral, PublicKeyToken=b03f5f7f11d50a3a" className="Dev2.Activities.Specs.TestFramework.StudioTestFrameworkFeature, Dev2.Activities.Specs, Version=0.0.6284.21160, Culture=neutral, PublicKeyToken=null" name="DeleteResourceWithTests" />
    </UnitTest>
    <UnitTest name="InsertForAllFilterTypeAndCalculateProvider_5" storage="d:\repos\gendev\warewolf-esb\dev\warewolf.specs\dev2.studio.core.specs.dll" id="05bf121b-8a79-6502-2f74-2f2f942a8580">
      <Description>Insert for All FilterType and Calculate Provider: 5</Description>
      <Execution id="886b2396-ece0-4c0e-ac7f-eee7f7bc5f69" />
      <Properties>
        <Property>
          <Key>Parameter:filterType</Key>
          <Value>All</Value>
        </Property>
        <Property>
          <Key>Parameter:caretposition</Key>
          <Value>11</Value>
        </Property>
        <Property>
          <Key>VariantName</Key>
          <Value>5</Value>
        </Property>
        <Property>
          <Key>Parameter:option</Key>
          <Value>[[att]]</Value>
        </Property>
        <Property>
          <Key>Parameter:dropDownList</Key>
          <Value>[[att]]</Value>
        </Property>
        <Property>
          <Key>Parameter:testName</Key>
          <Value>5</Value>
        </Property>
        <Property>
          <Key>Parameter:provider</Key>
          <Value>Default, Calculate</Value>
        </Property>
        <Property>
          <Key>Parameter:input</Key>
          <Value>tan([[at]])</Value>
        </Property>
        <Property>
          <Key>FeatureTitle</Key>
          <Value>DefaultIntellisense</Value>
        </Property>
        <Property>
          <Key>Parameter:index</Key>
          <Value>8</Value>
        </Property>
        <Property>
          <Key>Parameter:result</Key>
          <Value>tan([[att]])</Value>
        </Property>
        <Property>
          <Key>Parameter:varlist</Key>
          <Value>&lt;att/&gt;&lt;sum&gt;&lt;b/&gt;&lt;/sum&gt;</Value>
        </Property>
      </Properties>
      <TestMethod codeBase="D:/Repos/GENDEV/Warewolf-ESB/Dev/Warewolf.Specs/Dev2.Studio.Core.Specs.DLL" adapterTypeName="Microsoft.VisualStudio.TestTools.TestTypes.Unit.UnitTestAdapter, Microsoft.VisualStudio.QualityTools.Tips.UnitTest.Adapter, Version=14.0.0.0, Culture=neutral, PublicKeyToken=b03f5f7f11d50a3a" className="Dev2.Studio.Core.Specs.IntellisenseSpecs.DefaultIntellisenseFeature, Dev2.Studio.Core.Specs, Version=0.0.6284.21037, Culture=neutral, PublicKeyToken=null" name="InsertForAllFilterTypeAndCalculateProvider_5" />
    </UnitTest>
    <UnitTest name="ValidationMessagesWhenInvalidVariables_10" storage="d:\repos\gendev\warewolf-esb\dev\warewolf.specs\dev2.studio.core.specs.dll" id="22e0e1a4-b370-68c3-abfa-a3a431384a5c">
      <Description>Validation messages when Invalid Variables: 10</Description>
      <Execution id="d19eecf5-9cbd-4d2d-971f-65759acf21d1" />
      <Properties>
        <Property>
          <Key>FeatureTitle</Key>
          <Value>DefaultIntellisense</Value>
        </Property>
        <Property>
          <Key>VariantName</Key>
          <Value>10</Value>
        </Property>
        <Property>
          <Key>Parameter:No</Key>
          <Value>10</Value>
        </Property>
        <Property>
          <Key>Parameter:Error</Key>
          <Value>Invalid region detected: An open [[ without a related close ]]</Value>
        </Property>
        <Property>
          <Key>Parameter:Variable</Key>
          <Value>[[var]]00[[</Value>
        </Property>
      </Properties>
      <TestMethod codeBase="D:/Repos/GENDEV/Warewolf-ESB/Dev/Warewolf.Specs/Dev2.Studio.Core.Specs.DLL" adapterTypeName="Microsoft.VisualStudio.TestTools.TestTypes.Unit.UnitTestAdapter, Microsoft.VisualStudio.QualityTools.Tips.UnitTest.Adapter, Version=14.0.0.0, Culture=neutral, PublicKeyToken=b03f5f7f11d50a3a" className="Dev2.Studio.Core.Specs.IntellisenseSpecs.DefaultIntellisenseFeature, Dev2.Studio.Core.Specs, Version=0.0.6284.21037, Culture=neutral, PublicKeyToken=null" name="ValidationMessagesWhenInvalidVariables_10" />
    </UnitTest>
    <UnitTest name="InsertForAllFilterTypeAndDateTimeProvider_9" storage="d:\repos\gendev\warewolf-esb\dev\warewolf.specs\dev2.studio.core.specs.dll" id="0c623fcf-6724-50a3-75cc-cca96aae94d7">
      <Description>Insert for All FilterType and DateTime Provider: 9</Description>
      <Execution id="8eb1ecaf-0d97-4284-844d-b49cc08c8306" />
      <Properties>
        <Property>
          <Key>Parameter:filterType</Key>
          <Value>All</Value>
        </Property>
        <Property>
          <Key>Parameter:caretposition</Key>
          <Value>9</Value>
        </Property>
        <Property>
          <Key>VariantName</Key>
          <Value>9</Value>
        </Property>
        <Property>
          <Key>Parameter:option</Key>
          <Value>yy</Value>
        </Property>
        <Property>
          <Key>Parameter:dropDownList</Key>
          <Value>yy,yyyy</Value>
        </Property>
        <Property>
          <Key>Parameter:testName</Key>
          <Value>9</Value>
        </Property>
        <Property>
          <Key>Parameter:provider</Key>
          <Value>Default, DateTime</Value>
        </Property>
        <Property>
          <Key>Parameter:input</Key>
          <Value>[[min]]y</Value>
        </Property>
        <Property>
          <Key>FeatureTitle</Key>
          <Value>DefaultIntellisense</Value>
        </Property>
        <Property>
          <Key>Parameter:index</Key>
          <Value>8</Value>
        </Property>
        <Property>
          <Key>Parameter:result</Key>
          <Value>[[min]]yy</Value>
        </Property>
        <Property>
          <Key>Parameter:varlist</Key>
          <Value>&lt;ww/&gt;&lt;min/&gt;&lt;rec&gt;&lt;minss/&gt;&lt;/rec&gt;</Value>
        </Property>
      </Properties>
      <TestMethod codeBase="D:/Repos/GENDEV/Warewolf-ESB/Dev/Warewolf.Specs/Dev2.Studio.Core.Specs.DLL" adapterTypeName="Microsoft.VisualStudio.TestTools.TestTypes.Unit.UnitTestAdapter, Microsoft.VisualStudio.QualityTools.Tips.UnitTest.Adapter, Version=14.0.0.0, Culture=neutral, PublicKeyToken=b03f5f7f11d50a3a" className="Dev2.Studio.Core.Specs.IntellisenseSpecs.DefaultIntellisenseFeature, Dev2.Studio.Core.Specs, Version=0.0.6284.21037, Culture=neutral, PublicKeyToken=null" name="InsertForAllFilterTypeAndDateTimeProvider_9" />
    </UnitTest>
    <UnitTest name="ScheduleTheTaskWithIncorrectUsernameOrPassword" storage="d:\repos\gendev\warewolf-esb\dev\warewolf.specs\dev2.activities.specs.dll" id="566adac6-90b7-a775-f2c6-26f57a7278bf">
      <Description>Schedule the task with Incorrect username or password</Description>
      <TestCategory>
        <TestCategoryItem TestCategory="Scheduler" />
      </TestCategory>
      <Execution id="4fd1b702-2cc6-4001-8396-e8625128d8e5" />
      <Properties>
        <Property>
          <Key>FeatureTitle</Key>
          <Value>Scheduler</Value>
        </Property>
      </Properties>
      <TestMethod codeBase="D:/Repos/GENDEV/Warewolf-ESB/Dev/Warewolf.Specs/Dev2.Activities.Specs.DLL" adapterTypeName="Microsoft.VisualStudio.TestTools.TestTypes.Unit.UnitTestAdapter, Microsoft.VisualStudio.QualityTools.Tips.UnitTest.Adapter, Version=14.0.0.0, Culture=neutral, PublicKeyToken=b03f5f7f11d50a3a" className="Dev2.Activities.Specs.Scheduler.SchedulerFeature, Dev2.Activities.Specs, Version=0.0.6284.21160, Culture=neutral, PublicKeyToken=null" name="ScheduleTheTaskWithIncorrectUsernameOrPassword" />
    </UnitTest>
    <UnitTest name="SaveANewTest" storage="d:\repos\gendev\warewolf-esb\dev\warewolf.specs\dev2.activities.specs.dll" id="31889338-7bf8-dce1-4210-b78426286499">
      <Description>Save a New Test</Description>
      <TestCategory>
        <TestCategoryItem TestCategory="TestFramework" />
      </TestCategory>
      <Execution id="4b188613-a980-4702-a757-2ea5a4626ceb" />
      <Properties>
        <Property>
          <Key>FeatureTitle</Key>
          <Value>StudioTestFramework</Value>
        </Property>
      </Properties>
      <TestMethod codeBase="D:/Repos/GENDEV/Warewolf-ESB/Dev/Warewolf.Specs/Dev2.Activities.Specs.DLL" adapterTypeName="Microsoft.VisualStudio.TestTools.TestTypes.Unit.UnitTestAdapter, Microsoft.VisualStudio.QualityTools.Tips.UnitTest.Adapter, Version=14.0.0.0, Culture=neutral, PublicKeyToken=b03f5f7f11d50a3a" className="Dev2.Activities.Specs.TestFramework.StudioTestFrameworkFeature, Dev2.Activities.Specs, Version=0.0.6284.21160, Culture=neutral, PublicKeyToken=null" name="SaveANewTest" />
    </UnitTest>
    <UnitTest name="InsertForRecordsetsOnlyFilterTypeAndDefaultProvider_9" storage="d:\repos\gendev\warewolf-esb\dev\warewolf.specs\dev2.studio.core.specs.dll" id="492f7dcc-8891-4e48-94e4-155ba2b38b23">
      <Description>Insert for RecordsetsOnly FilterType and Default Provider: 9</Description>
      <Execution id="7ef31b5c-525e-4150-89b4-491d2a188869" />
      <Properties>
        <Property>
          <Key>Parameter:filterType</Key>
          <Value>All</Value>
        </Property>
        <Property>
          <Key>Parameter:caretposition</Key>
          <Value>12</Value>
        </Property>
        <Property>
          <Key>VariantName</Key>
          <Value>9</Value>
        </Property>
        <Property>
          <Key>Parameter:option</Key>
          <Value>[[sum().ba]]</Value>
        </Property>
        <Property>
          <Key>Parameter:dropDownList</Key>
          <Value>[[sum().b]],[[sum().ba]]</Value>
        </Property>
        <Property>
          <Key>Parameter:testName</Key>
          <Value>9</Value>
        </Property>
        <Property>
          <Key>Parameter:provider</Key>
          <Value>Default</Value>
        </Property>
        <Property>
          <Key>Parameter:input</Key>
          <Value>[[sum([[b]]).b]]</Value>
        </Property>
        <Property>
          <Key>FeatureTitle</Key>
          <Value>DefaultIntellisense</Value>
        </Property>
        <Property>
          <Key>Parameter:index</Key>
          <Value>14</Value>
        </Property>
        <Property>
          <Key>Parameter:result</Key>
          <Value>[[sum().ba]]</Value>
        </Property>
        <Property>
          <Key>Parameter:varlist</Key>
          <Value>[[ba]],[[b]],[[sum().b]],[[mus().b]],[[sum()]],[[mus()]],[[sum().ba]]</Value>
        </Property>
      </Properties>
      <TestMethod codeBase="D:/Repos/GENDEV/Warewolf-ESB/Dev/Warewolf.Specs/Dev2.Studio.Core.Specs.DLL" adapterTypeName="Microsoft.VisualStudio.TestTools.TestTypes.Unit.UnitTestAdapter, Microsoft.VisualStudio.QualityTools.Tips.UnitTest.Adapter, Version=14.0.0.0, Culture=neutral, PublicKeyToken=b03f5f7f11d50a3a" className="Dev2.Studio.Core.Specs.IntellisenseSpecs.DefaultIntellisenseFeature, Dev2.Studio.Core.Specs, Version=0.0.6284.21037, Culture=neutral, PublicKeyToken=null" name="InsertForRecordsetsOnlyFilterTypeAndDefaultProvider_9" />
    </UnitTest>
    <UnitTest name="TestWFWithCalculateNoOutPuts" storage="d:\repos\gendev\warewolf-esb\dev\warewolf.specs\dev2.activities.specs.dll" id="b5c39f9b-929b-8f46-8dc4-db79eef7729e">
      <Description>Test WF with Calculate No outPuts</Description>
      <TestCategory>
        <TestCategoryItem TestCategory="TestFramework" />
      </TestCategory>
      <Execution id="a616a1d6-6df1-4668-b36f-d495f4d43e9a" />
      <Properties>
        <Property>
          <Key>FeatureTitle</Key>
          <Value>StudioTestFramework</Value>
        </Property>
      </Properties>
      <TestMethod codeBase="D:/Repos/GENDEV/Warewolf-ESB/Dev/Warewolf.Specs/Dev2.Activities.Specs.DLL" adapterTypeName="Microsoft.VisualStudio.TestTools.TestTypes.Unit.UnitTestAdapter, Microsoft.VisualStudio.QualityTools.Tips.UnitTest.Adapter, Version=14.0.0.0, Culture=neutral, PublicKeyToken=b03f5f7f11d50a3a" className="Dev2.Activities.Specs.TestFramework.StudioTestFrameworkFeature, Dev2.Activities.Specs, Version=0.0.6284.21160, Culture=neutral, PublicKeyToken=null" name="TestWFWithCalculateNoOutPuts" />
    </UnitTest>
    <UnitTest name="InsertForJsonFilterTypeAndDefaultProvider_35" storage="d:\repos\gendev\warewolf-esb\dev\warewolf.specs\dev2.studio.core.specs.dll" id="6e835e09-a0b6-0d8f-9745-5f74d92ed08b">
      <Description>Insert for Json FilterType and Default Provider: 35</Description>
      <Execution id="3f8918d5-d184-4391-993e-92868ea4747f" />
      <Properties>
        <Property>
          <Key>Parameter:filterType</Key>
          <Value>JsonObject</Value>
        </Property>
        <Property>
          <Key>Parameter:caretposition</Key>
          <Value>25</Value>
        </Property>
        <Property>
          <Key>VariantName</Key>
          <Value>35</Value>
        </Property>
        <Property>
          <Key>Parameter:option</Key>
          <Value>[[@Person.Child.Name]]</Value>
        </Property>
        <Property>
          <Key>Parameter:dropDownList</Key>
          <Value>[[@Person.Age]],[[@Person.name]],[[@Person.Child.Name]]</Value>
        </Property>
        <Property>
          <Key>Parameter:testName</Key>
          <Value>35</Value>
        </Property>
        <Property>
          <Key>Parameter:provider</Key>
          <Value>Default</Value>
        </Property>
        <Property>
          <Key>Parameter:input</Key>
          <Value>. P [[</Value>
        </Property>
        <Property>
          <Key>FeatureTitle</Key>
          <Value>DefaultIntellisense</Value>
        </Property>
        <Property>
          <Key>Parameter:index</Key>
          <Value>3</Value>
        </Property>
        <Property>
          <Key>Parameter:result</Key>
          <Value>. [[@Person.Child.Name]] [[</Value>
        </Property>
        <Property>
          <Key>Parameter:varlist</Key>
          <Value>[[@Person]],[[@Person.name]],[[@Person.Age]],[[@Person.Child.Name]]</Value>
        </Property>
      </Properties>
      <TestMethod codeBase="D:/Repos/GENDEV/Warewolf-ESB/Dev/Warewolf.Specs/Dev2.Studio.Core.Specs.DLL" adapterTypeName="Microsoft.VisualStudio.TestTools.TestTypes.Unit.UnitTestAdapter, Microsoft.VisualStudio.QualityTools.Tips.UnitTest.Adapter, Version=14.0.0.0, Culture=neutral, PublicKeyToken=b03f5f7f11d50a3a" className="Dev2.Studio.Core.Specs.IntellisenseSpecs.DefaultIntellisenseFeature, Dev2.Studio.Core.Specs, Version=0.0.6284.21037, Culture=neutral, PublicKeyToken=null" name="InsertForJsonFilterTypeAndDefaultProvider_35" />
    </UnitTest>
    <UnitTest name="InsertForJsonFilterTypeAndDefaultProvider_15" storage="d:\repos\gendev\warewolf-esb\dev\warewolf.specs\dev2.studio.core.specs.dll" id="f43c24ce-734b-4a88-c6a8-839e29ef4018">
      <Description>Insert for Json FilterType and Default Provider: 15</Description>
      <Execution id="c69485f0-34e5-4e01-8d1d-09b0e056d15c" />
      <Properties>
        <Property>
          <Key>Parameter:filterType</Key>
          <Value>JsonObject</Value>
        </Property>
        <Property>
          <Key>Parameter:caretposition</Key>
          <Value>15</Value>
        </Property>
        <Property>
          <Key>VariantName</Key>
          <Value>15</Value>
        </Property>
        <Property>
          <Key>Parameter:option</Key>
          <Value>[[@Person.Age]]</Value>
        </Property>
        <Property>
          <Key>Parameter:dropDownList</Key>
          <Value>[[@Person.Age]],[[@Person.name]]</Value>
        </Property>
        <Property>
          <Key>Parameter:testName</Key>
          <Value>15</Value>
        </Property>
        <Property>
          <Key>Parameter:provider</Key>
          <Value>Default</Value>
        </Property>
        <Property>
          <Key>Parameter:input</Key>
          <Value>@Person.</Value>
        </Property>
        <Property>
          <Key>FeatureTitle</Key>
          <Value>DefaultIntellisense</Value>
        </Property>
        <Property>
          <Key>Parameter:index</Key>
          <Value>8</Value>
        </Property>
        <Property>
          <Key>Parameter:result</Key>
          <Value>[[@Person.Age]]</Value>
        </Property>
        <Property>
          <Key>Parameter:varlist</Key>
          <Value>[[@Person]],[[@Person.name]],[[@Person.Age]]</Value>
        </Property>
      </Properties>
      <TestMethod codeBase="D:/Repos/GENDEV/Warewolf-ESB/Dev/Warewolf.Specs/Dev2.Studio.Core.Specs.DLL" adapterTypeName="Microsoft.VisualStudio.TestTools.TestTypes.Unit.UnitTestAdapter, Microsoft.VisualStudio.QualityTools.Tips.UnitTest.Adapter, Version=14.0.0.0, Culture=neutral, PublicKeyToken=b03f5f7f11d50a3a" className="Dev2.Studio.Core.Specs.IntellisenseSpecs.DefaultIntellisenseFeature, Dev2.Studio.Core.Specs, Version=0.0.6284.21037, Culture=neutral, PublicKeyToken=null" name="InsertForJsonFilterTypeAndDefaultProvider_15" />
    </UnitTest>
    <UnitTest name="TestWFWithSysInfo" storage="d:\repos\gendev\warewolf-esb\dev\warewolf.specs\dev2.activities.specs.dll" id="8f86d6a6-8342-4317-8af0-165e722ed5f1">
      <Description>Test WF with SysInfo</Description>
      <TestCategory>
        <TestCategoryItem TestCategory="TestFramework" />
      </TestCategory>
      <Execution id="3f32744f-2ad8-4add-a164-d8b5c53e74a8" />
      <Properties>
        <Property>
          <Key>FeatureTitle</Key>
          <Value>StudioTestFramework</Value>
        </Property>
      </Properties>
      <TestMethod codeBase="D:/Repos/GENDEV/Warewolf-ESB/Dev/Warewolf.Specs/Dev2.Activities.Specs.DLL" adapterTypeName="Microsoft.VisualStudio.TestTools.TestTypes.Unit.UnitTestAdapter, Microsoft.VisualStudio.QualityTools.Tips.UnitTest.Adapter, Version=14.0.0.0, Culture=neutral, PublicKeyToken=b03f5f7f11d50a3a" className="Dev2.Activities.Specs.TestFramework.StudioTestFrameworkFeature, Dev2.Activities.Specs, Version=0.0.6284.21160, Culture=neutral, PublicKeyToken=null" name="TestWFWithSysInfo" />
    </UnitTest>
    <UnitTest name="TestWFWithDateTimeDiff" storage="d:\repos\gendev\warewolf-esb\dev\warewolf.specs\dev2.activities.specs.dll" id="9393488f-da3f-a59c-804f-a6846861e5f3">
      <Description>Test WF with DateTimeDiff</Description>
      <TestCategory>
        <TestCategoryItem TestCategory="TestFramework" />
      </TestCategory>
      <Execution id="0a023b91-87ec-48a9-b80c-b3ec474e7ee5" />
      <Properties>
        <Property>
          <Key>FeatureTitle</Key>
          <Value>StudioTestFramework</Value>
        </Property>
      </Properties>
      <TestMethod codeBase="D:/Repos/GENDEV/Warewolf-ESB/Dev/Warewolf.Specs/Dev2.Activities.Specs.DLL" adapterTypeName="Microsoft.VisualStudio.TestTools.TestTypes.Unit.UnitTestAdapter, Microsoft.VisualStudio.QualityTools.Tips.UnitTest.Adapter, Version=14.0.0.0, Culture=neutral, PublicKeyToken=b03f5f7f11d50a3a" className="Dev2.Activities.Specs.TestFramework.StudioTestFrameworkFeature, Dev2.Activities.Specs, Version=0.0.6284.21160, Culture=neutral, PublicKeyToken=null" name="TestWFWithDateTimeDiff" />
    </UnitTest>
    <UnitTest name="InsertForAllFilterTypeAndDefaultProvider_6" storage="d:\repos\gendev\warewolf-esb\dev\warewolf.specs\dev2.studio.core.specs.dll" id="e75f89c3-21a9-f53d-a2a2-7b935a684689">
      <Description>Insert for All FilterType and Default Provider: 6</Description>
      <Execution id="f7cd7311-8914-49bd-a2e5-31d13ab4fb2d" />
      <Properties>
        <Property>
          <Key>Parameter:filterType</Key>
          <Value>All</Value>
        </Property>
        <Property>
          <Key>Parameter:caretposition</Key>
          <Value>20</Value>
        </Property>
        <Property>
          <Key>VariantName</Key>
          <Value>6</Value>
        </Property>
        <Property>
          <Key>Parameter:option</Key>
          <Value>[[var2]]</Value>
        </Property>
        <Property>
          <Key>Parameter:dropDownList</Key>
          <Value>[[var]],[[var2]]</Value>
        </Property>
        <Property>
          <Key>Parameter:testName</Key>
          <Value>6</Value>
        </Property>
        <Property>
          <Key>Parameter:provider</Key>
          <Value>Default</Value>
        </Property>
        <Property>
          <Key>Parameter:input</Key>
          <Value>text[[rec().[[var]]</Value>
        </Property>
        <Property>
          <Key>FeatureTitle</Key>
          <Value>DefaultIntellisense</Value>
        </Property>
        <Property>
          <Key>Parameter:index</Key>
          <Value>17</Value>
        </Property>
        <Property>
          <Key>Parameter:result</Key>
          <Value>text[[rec().[[var2]]</Value>
        </Property>
        <Property>
          <Key>Parameter:varlist</Key>
          <Value>[[var]],[[var2]],[[rec()]],[[rec().var2]],[[rec().var]]</Value>
        </Property>
      </Properties>
      <TestMethod codeBase="D:/Repos/GENDEV/Warewolf-ESB/Dev/Warewolf.Specs/Dev2.Studio.Core.Specs.DLL" adapterTypeName="Microsoft.VisualStudio.TestTools.TestTypes.Unit.UnitTestAdapter, Microsoft.VisualStudio.QualityTools.Tips.UnitTest.Adapter, Version=14.0.0.0, Culture=neutral, PublicKeyToken=b03f5f7f11d50a3a" className="Dev2.Studio.Core.Specs.IntellisenseSpecs.DefaultIntellisenseFeature, Dev2.Studio.Core.Specs, Version=0.0.6284.21037, Culture=neutral, PublicKeyToken=null" name="InsertForAllFilterTypeAndDefaultProvider_6" />
    </UnitTest>
    <UnitTest name="InsertForAllFilterTypeAndDateTimeProvider_1" storage="d:\repos\gendev\warewolf-esb\dev\warewolf.specs\dev2.studio.core.specs.dll" id="a9d1a851-8109-be69-d125-e5b92f2e9cf8">
      <Description>Insert for All FilterType and DateTime Provider: 1</Description>
      <Execution id="2aaab956-6e8a-40b6-ba15-1d07d4859615" />
      <Properties>
        <Property>
          <Key>Parameter:filterType</Key>
          <Value>All</Value>
        </Property>
        <Property>
          <Key>Parameter:caretposition</Key>
          <Value>5</Value>
        </Property>
        <Property>
          <Key>VariantName</Key>
          <Value>1</Value>
        </Property>
        <Property>
          <Key>Parameter:option</Key>
          <Value>am/pm</Value>
        </Property>
        <Property>
          <Key>Parameter:dropDownList</Key>
          <Value>[[rec(*).var]],[[rec().var]],[[var]],[[var2]],am/pm</Value>
        </Property>
        <Property>
          <Key>Parameter:testName</Key>
          <Value>1</Value>
        </Property>
        <Property>
          <Key>Parameter:provider</Key>
          <Value>Default, DateTime</Value>
        </Property>
        <Property>
          <Key>Parameter:input</Key>
          <Value>a</Value>
        </Property>
        <Property>
          <Key>FeatureTitle</Key>
          <Value>DefaultIntellisense</Value>
        </Property>
        <Property>
          <Key>Parameter:index</Key>
          <Value>1</Value>
        </Property>
        <Property>
          <Key>Parameter:result</Key>
          <Value>am/pm</Value>
        </Property>
        <Property>
          <Key>Parameter:varlist</Key>
          <Value>&lt;var/&gt;&lt;var2/&gt;&lt;rec&gt;&lt;var/&gt;&lt;/rec&gt;</Value>
        </Property>
      </Properties>
      <TestMethod codeBase="D:/Repos/GENDEV/Warewolf-ESB/Dev/Warewolf.Specs/Dev2.Studio.Core.Specs.DLL" adapterTypeName="Microsoft.VisualStudio.TestTools.TestTypes.Unit.UnitTestAdapter, Microsoft.VisualStudio.QualityTools.Tips.UnitTest.Adapter, Version=14.0.0.0, Culture=neutral, PublicKeyToken=b03f5f7f11d50a3a" className="Dev2.Studio.Core.Specs.IntellisenseSpecs.DefaultIntellisenseFeature, Dev2.Studio.Core.Specs, Version=0.0.6284.21037, Culture=neutral, PublicKeyToken=null" name="InsertForAllFilterTypeAndDateTimeProvider_1" />
    </UnitTest>
    <UnitTest name="InsertForAllFilterTypeAndFileProvider_9" storage="d:\repos\gendev\warewolf-esb\dev\warewolf.specs\dev2.studio.core.specs.dll" id="e0742502-eb90-3b4f-3c63-dc1b824fa086">
      <Description>Insert for All FilterType and File Provider: 9</Description>
      <Execution id="0de44acf-e0bd-48b7-92dd-67b48b1195fb" />
      <Properties>
        <Property>
          <Key>Parameter:filterType</Key>
          <Value>All</Value>
        </Property>
        <Property>
          <Key>VariantName</Key>
          <Value>9</Value>
        </Property>
        <Property>
          <Key>Parameter:dropDownList</Key>
          <Value>c:\,c:\FolderA,c:\FolderA\FileA.txt</Value>
        </Property>
        <Property>
          <Key>Parameter:pathStructure</Key>
          <Value>c:\,c:\FolderA,c:\FolderA\FileA.txt</Value>
        </Property>
        <Property>
          <Key>FeatureTitle</Key>
          <Value>DefaultIntellisense</Value>
        </Property>
        <Property>
          <Key>Parameter:provider</Key>
          <Value>Default, File</Value>
        </Property>
        <Property>
          <Key>Parameter:index</Key>
          <Value>16</Value>
        </Property>
        <Property>
          <Key>Parameter:result</Key>
          <Value>del c:\FolderA c:\FolderA\FileA.txt</Value>
        </Property>
        <Property>
          <Key>Parameter:caretposition</Key>
          <Value>35</Value>
        </Property>
        <Property>
          <Key>Parameter:testName</Key>
          <Value>9</Value>
        </Property>
        <Property>
          <Key>Parameter:input</Key>
          <Value>del c:\FolderA c</Value>
        </Property>
        <Property>
          <Key>Parameter:varlist</Key>
          <Value>
          </Value>
        </Property>
        <Property>
          <Key>Parameter:option</Key>
          <Value>c:\FolderA\FileA.txt</Value>
        </Property>
      </Properties>
      <TestMethod codeBase="D:/Repos/GENDEV/Warewolf-ESB/Dev/Warewolf.Specs/Dev2.Studio.Core.Specs.DLL" adapterTypeName="Microsoft.VisualStudio.TestTools.TestTypes.Unit.UnitTestAdapter, Microsoft.VisualStudio.QualityTools.Tips.UnitTest.Adapter, Version=14.0.0.0, Culture=neutral, PublicKeyToken=b03f5f7f11d50a3a" className="Dev2.Studio.Core.Specs.IntellisenseSpecs.DefaultIntellisenseFeature, Dev2.Studio.Core.Specs, Version=0.0.6284.21037, Culture=neutral, PublicKeyToken=null" name="InsertForAllFilterTypeAndFileProvider_9" />
    </UnitTest>
    <UnitTest name="ValidationMessagesWhenInvalidVariables_3" storage="d:\repos\gendev\warewolf-esb\dev\warewolf.specs\dev2.studio.core.specs.dll" id="377a0a1f-ee8f-e032-dfa9-4c5f3358fd78">
      <Description>Validation messages when Invalid Variables: 3</Description>
      <Execution id="604f4347-bb97-4015-b056-0f10747ae401" />
      <Properties>
        <Property>
          <Key>FeatureTitle</Key>
          <Value>DefaultIntellisense</Value>
        </Property>
        <Property>
          <Key>VariantName</Key>
          <Value>3</Value>
        </Property>
        <Property>
          <Key>Parameter:No</Key>
          <Value>3</Value>
        </Property>
        <Property>
          <Key>Parameter:Error</Key>
          <Value>Variable name [[rec.a]] contains invalid character(s). Only use alphanumeric _ and -</Value>
        </Property>
        <Property>
          <Key>Parameter:Variable</Key>
          <Value>[[rec.a]]</Value>
        </Property>
      </Properties>
      <TestMethod codeBase="D:/Repos/GENDEV/Warewolf-ESB/Dev/Warewolf.Specs/Dev2.Studio.Core.Specs.DLL" adapterTypeName="Microsoft.VisualStudio.TestTools.TestTypes.Unit.UnitTestAdapter, Microsoft.VisualStudio.QualityTools.Tips.UnitTest.Adapter, Version=14.0.0.0, Culture=neutral, PublicKeyToken=b03f5f7f11d50a3a" className="Dev2.Studio.Core.Specs.IntellisenseSpecs.DefaultIntellisenseFeature, Dev2.Studio.Core.Specs, Version=0.0.6284.21037, Culture=neutral, PublicKeyToken=null" name="ValidationMessagesWhenInvalidVariables_3" />
    </UnitTest>
    <UnitTest name="InsertForAllFilterTypeAndFileProvider_7" storage="d:\repos\gendev\warewolf-esb\dev\warewolf.specs\dev2.studio.core.specs.dll" id="bd78dbe2-059a-7409-cf00-cee6dbceb202">
      <Description>Insert for All FilterType and File Provider: 7</Description>
      <Execution id="64e88904-c025-47c1-b70a-d8588cb32ea8" />
      <Properties>
        <Property>
          <Key>Parameter:filterType</Key>
          <Value>All</Value>
        </Property>
        <Property>
          <Key>VariantName</Key>
          <Value>7</Value>
        </Property>
        <Property>
          <Key>Parameter:dropDownList</Key>
          <Value>c:\,c:\FolderA,c:\FolderA\FileA.txt</Value>
        </Property>
        <Property>
          <Key>Parameter:pathStructure</Key>
          <Value>c:\,c:\FolderA,c:\FolderA\FileA.txt</Value>
        </Property>
        <Property>
          <Key>FeatureTitle</Key>
          <Value>DefaultIntellisense</Value>
        </Property>
        <Property>
          <Key>Parameter:provider</Key>
          <Value>Default, File</Value>
        </Property>
        <Property>
          <Key>Parameter:index</Key>
          <Value>5</Value>
        </Property>
        <Property>
          <Key>Parameter:result</Key>
          <Value>del c:\FolderA\FileA.txt</Value>
        </Property>
        <Property>
          <Key>Parameter:caretposition</Key>
          <Value>24</Value>
        </Property>
        <Property>
          <Key>Parameter:testName</Key>
          <Value>7</Value>
        </Property>
        <Property>
          <Key>Parameter:input</Key>
          <Value>del c</Value>
        </Property>
        <Property>
          <Key>Parameter:varlist</Key>
          <Value>
          </Value>
        </Property>
        <Property>
          <Key>Parameter:option</Key>
          <Value>c:\FolderA\FileA.txt</Value>
        </Property>
      </Properties>
      <TestMethod codeBase="D:/Repos/GENDEV/Warewolf-ESB/Dev/Warewolf.Specs/Dev2.Studio.Core.Specs.DLL" adapterTypeName="Microsoft.VisualStudio.TestTools.TestTypes.Unit.UnitTestAdapter, Microsoft.VisualStudio.QualityTools.Tips.UnitTest.Adapter, Version=14.0.0.0, Culture=neutral, PublicKeyToken=b03f5f7f11d50a3a" className="Dev2.Studio.Core.Specs.IntellisenseSpecs.DefaultIntellisenseFeature, Dev2.Studio.Core.Specs, Version=0.0.6284.21037, Culture=neutral, PublicKeyToken=null" name="InsertForAllFilterTypeAndFileProvider_7" />
    </UnitTest>
    <UnitTest name="ValidationMessagesWhenInvalidVariables_9" storage="d:\repos\gendev\warewolf-esb\dev\warewolf.specs\dev2.studio.core.specs.dll" id="013d94d6-dee4-f359-85e4-b802a8022eda">
      <Description>Validation messages when Invalid Variables: 9</Description>
      <Execution id="79f423c2-c9cd-4c23-a968-0bd7c7c5ac9a" />
      <Properties>
        <Property>
          <Key>FeatureTitle</Key>
          <Value>DefaultIntellisense</Value>
        </Property>
        <Property>
          <Key>VariantName</Key>
          <Value>9</Value>
        </Property>
        <Property>
          <Key>Parameter:No</Key>
          <Value>9</Value>
        </Property>
        <Property>
          <Key>Parameter:Error</Key>
          <Value>Variable name [[r(q).a]][[r()..]][[r"]][[r()]][[]][[1]] contains invalid character(s). Only use alphanumeric _ and -</Value>
        </Property>
        <Property>
          <Key>Parameter:Variable</Key>
          <Value>[[r(q).a]][[r()..]][[r"]][[r()]][[]][[1]]</Value>
        </Property>
      </Properties>
      <TestMethod codeBase="D:/Repos/GENDEV/Warewolf-ESB/Dev/Warewolf.Specs/Dev2.Studio.Core.Specs.DLL" adapterTypeName="Microsoft.VisualStudio.TestTools.TestTypes.Unit.UnitTestAdapter, Microsoft.VisualStudio.QualityTools.Tips.UnitTest.Adapter, Version=14.0.0.0, Culture=neutral, PublicKeyToken=b03f5f7f11d50a3a" className="Dev2.Studio.Core.Specs.IntellisenseSpecs.DefaultIntellisenseFeature, Dev2.Studio.Core.Specs, Version=0.0.6284.21037, Culture=neutral, PublicKeyToken=null" name="ValidationMessagesWhenInvalidVariables_9" />
    </UnitTest>
    <UnitTest name="RunSelectedTestInWeb" storage="d:\repos\gendev\warewolf-esb\dev\warewolf.specs\dev2.activities.specs.dll" id="85c9ccd7-01a0-c8a9-7f19-2a771ac68924">
      <Description>Run Selected Test in Web</Description>
      <TestCategory>
        <TestCategoryItem TestCategory="TestFramework" />
      </TestCategory>
      <Execution id="803dbfbe-8d8c-4425-b8d6-9d05fcd11a29" />
      <Properties>
        <Property>
          <Key>FeatureTitle</Key>
          <Value>StudioTestFramework</Value>
        </Property>
      </Properties>
      <TestMethod codeBase="D:/Repos/GENDEV/Warewolf-ESB/Dev/Warewolf.Specs/Dev2.Activities.Specs.DLL" adapterTypeName="Microsoft.VisualStudio.TestTools.TestTypes.Unit.UnitTestAdapter, Microsoft.VisualStudio.QualityTools.Tips.UnitTest.Adapter, Version=14.0.0.0, Culture=neutral, PublicKeyToken=b03f5f7f11d50a3a" className="Dev2.Activities.Specs.TestFramework.StudioTestFrameworkFeature, Dev2.Activities.Specs, Version=0.0.6284.21160, Culture=neutral, PublicKeyToken=null" name="RunSelectedTestInWeb" />
    </UnitTest>
    <UnitTest name="InsertForAllFilterTypeAndDefaultProvider_16" storage="d:\repos\gendev\warewolf-esb\dev\warewolf.specs\dev2.studio.core.specs.dll" id="57b61720-4c83-d1c5-249b-96e7abb5b199">
      <Description>Insert for All FilterType and Default Provider: 16</Description>
      <Execution id="84c25419-8b66-4dae-b94b-0b5a4e612de5" />
      <Properties>
        <Property>
          <Key>Parameter:filterType</Key>
          <Value>All</Value>
        </Property>
        <Property>
          <Key>Parameter:caretposition</Key>
          <Value>13</Value>
        </Property>
        <Property>
          <Key>VariantName</Key>
          <Value>16</Value>
        </Property>
        <Property>
          <Key>Parameter:option</Key>
          <Value>[[var]]</Value>
        </Property>
        <Property>
          <Key>Parameter:dropDownList</Key>
          <Value>[[var]],[[var2]],[[rec().var]],[[rec().var2]]</Value>
        </Property>
        <Property>
          <Key>Parameter:testName</Key>
          <Value>16</Value>
        </Property>
        <Property>
          <Key>Parameter:provider</Key>
          <Value>Default</Value>
        </Property>
        <Property>
          <Key>Parameter:input</Key>
          <Value>[[rec([[va]]).var]]</Value>
        </Property>
        <Property>
          <Key>FeatureTitle</Key>
          <Value>DefaultIntellisense</Value>
        </Property>
        <Property>
          <Key>Parameter:index</Key>
          <Value>10</Value>
        </Property>
        <Property>
          <Key>Parameter:result</Key>
          <Value>[[rec([[var]]).var]]</Value>
        </Property>
        <Property>
          <Key>Parameter:varlist</Key>
          <Value>[[var]],[[var2]],[[rec()]],[[rec().var2]],[[rec().var]]</Value>
        </Property>
      </Properties>
      <TestMethod codeBase="D:/Repos/GENDEV/Warewolf-ESB/Dev/Warewolf.Specs/Dev2.Studio.Core.Specs.DLL" adapterTypeName="Microsoft.VisualStudio.TestTools.TestTypes.Unit.UnitTestAdapter, Microsoft.VisualStudio.QualityTools.Tips.UnitTest.Adapter, Version=14.0.0.0, Culture=neutral, PublicKeyToken=b03f5f7f11d50a3a" className="Dev2.Studio.Core.Specs.IntellisenseSpecs.DefaultIntellisenseFeature, Dev2.Studio.Core.Specs, Version=0.0.6284.21037, Culture=neutral, PublicKeyToken=null" name="InsertForAllFilterTypeAndDefaultProvider_16" />
    </UnitTest>
    <UnitTest name="InsertForAllFilterTypeAndCalculateProvider_4" storage="d:\repos\gendev\warewolf-esb\dev\warewolf.specs\dev2.studio.core.specs.dll" id="958d3bb1-2692-29a8-2258-6fc8be6e2b68">
      <Description>Insert for All FilterType and Calculate Provider: 4</Description>
      <Execution id="2e5394e1-1086-4ffb-8e5e-00adaa273bf0" />
      <Properties>
        <Property>
          <Key>Parameter:filterType</Key>
          <Value>All</Value>
        </Property>
        <Property>
          <Key>Parameter:caretposition</Key>
          <Value>11</Value>
        </Property>
        <Property>
          <Key>VariantName</Key>
          <Value>4</Value>
        </Property>
        <Property>
          <Key>Parameter:option</Key>
          <Value>[[att]]</Value>
        </Property>
        <Property>
          <Key>Parameter:dropDownList</Key>
          <Value>[[att]]</Value>
        </Property>
        <Property>
          <Key>Parameter:testName</Key>
          <Value>4</Value>
        </Property>
        <Property>
          <Key>Parameter:provider</Key>
          <Value>Default, Calculate</Value>
        </Property>
        <Property>
          <Key>Parameter:input</Key>
          <Value>tan([[at]]</Value>
        </Property>
        <Property>
          <Key>FeatureTitle</Key>
          <Value>DefaultIntellisense</Value>
        </Property>
        <Property>
          <Key>Parameter:index</Key>
          <Value>8</Value>
        </Property>
        <Property>
          <Key>Parameter:result</Key>
          <Value>tan([[att]]</Value>
        </Property>
        <Property>
          <Key>Parameter:varlist</Key>
          <Value>&lt;att/&gt;&lt;sum&gt;&lt;b/&gt;&lt;/sum&gt;</Value>
        </Property>
      </Properties>
      <TestMethod codeBase="D:/Repos/GENDEV/Warewolf-ESB/Dev/Warewolf.Specs/Dev2.Studio.Core.Specs.DLL" adapterTypeName="Microsoft.VisualStudio.TestTools.TestTypes.Unit.UnitTestAdapter, Microsoft.VisualStudio.QualityTools.Tips.UnitTest.Adapter, Version=14.0.0.0, Culture=neutral, PublicKeyToken=b03f5f7f11d50a3a" className="Dev2.Studio.Core.Specs.IntellisenseSpecs.DefaultIntellisenseFeature, Dev2.Studio.Core.Specs, Version=0.0.6284.21037, Culture=neutral, PublicKeyToken=null" name="InsertForAllFilterTypeAndCalculateProvider_4" />
    </UnitTest>
    <UnitTest name="InsertForJsonFilterTypeAndDefaultProvider_30" storage="d:\repos\gendev\warewolf-esb\dev\warewolf.specs\dev2.studio.core.specs.dll" id="ed39981b-88cb-3b23-e3cc-6b6f0a3dd344">
      <Description>Insert for Json FilterType and Default Provider: 30</Description>
      <Execution id="24be41d3-6f10-4254-9c4d-b96e8cb55197" />
      <Properties>
        <Property>
          <Key>Parameter:filterType</Key>
          <Value>JsonObject</Value>
        </Property>
        <Property>
          <Key>Parameter:caretposition</Key>
          <Value>24</Value>
        </Property>
        <Property>
          <Key>VariantName</Key>
          <Value>30</Value>
        </Property>
        <Property>
          <Key>Parameter:option</Key>
          <Value>[[@Person.Child.Name]]</Value>
        </Property>
        <Property>
          <Key>Parameter:dropDownList</Key>
          <Value>[[@Person.Age]],[[@Person.name]],[[@Person]],[[@Person.Child.Name]]</Value>
        </Property>
        <Property>
          <Key>Parameter:testName</Key>
          <Value>30</Value>
        </Property>
        <Property>
          <Key>Parameter:provider</Key>
          <Value>Default</Value>
        </Property>
        <Property>
          <Key>Parameter:input</Key>
          <Value>) P</Value>
        </Property>
        <Property>
          <Key>FeatureTitle</Key>
          <Value>DefaultIntellisense</Value>
        </Property>
        <Property>
          <Key>Parameter:index</Key>
          <Value>3</Value>
        </Property>
        <Property>
          <Key>Parameter:result</Key>
          <Value>) [[@Person.Child.Name]]</Value>
        </Property>
        <Property>
          <Key>Parameter:varlist</Key>
          <Value>[[@Person]],[[@Person.name]],[[@Person.Age]],[[@Person.Child.Name]]</Value>
        </Property>
      </Properties>
      <TestMethod codeBase="D:/Repos/GENDEV/Warewolf-ESB/Dev/Warewolf.Specs/Dev2.Studio.Core.Specs.DLL" adapterTypeName="Microsoft.VisualStudio.TestTools.TestTypes.Unit.UnitTestAdapter, Microsoft.VisualStudio.QualityTools.Tips.UnitTest.Adapter, Version=14.0.0.0, Culture=neutral, PublicKeyToken=b03f5f7f11d50a3a" className="Dev2.Studio.Core.Specs.IntellisenseSpecs.DefaultIntellisenseFeature, Dev2.Studio.Core.Specs, Version=0.0.6284.21037, Culture=neutral, PublicKeyToken=null" name="InsertForJsonFilterTypeAndDefaultProvider_30" />
    </UnitTest>
    <UnitTest name="TestWFWithRabbitMqPublish" storage="d:\repos\gendev\warewolf-esb\dev\warewolf.specs\dev2.activities.specs.dll" id="8b24f2c6-4c0d-82b3-23b6-0063c4b7c82b">
      <Description>Test WF with RabbitMq Publish</Description>
      <TestCategory>
        <TestCategoryItem TestCategory="TestFramework" />
      </TestCategory>
      <Execution id="8bd39644-5bc8-4441-8a64-124ed92e9b74" />
      <Properties>
        <Property>
          <Key>FeatureTitle</Key>
          <Value>StudioTestFramework</Value>
        </Property>
      </Properties>
      <TestMethod codeBase="D:/Repos/GENDEV/Warewolf-ESB/Dev/Warewolf.Specs/Dev2.Activities.Specs.DLL" adapterTypeName="Microsoft.VisualStudio.TestTools.TestTypes.Unit.UnitTestAdapter, Microsoft.VisualStudio.QualityTools.Tips.UnitTest.Adapter, Version=14.0.0.0, Culture=neutral, PublicKeyToken=b03f5f7f11d50a3a" className="Dev2.Activities.Specs.TestFramework.StudioTestFrameworkFeature, Dev2.Activities.Specs, Version=0.0.6284.21160, Culture=neutral, PublicKeyToken=null" name="TestWFWithRabbitMqPublish" />
    </UnitTest>
    <UnitTest name="InsertForJsonFilterTypeAndDefaultProvider_10" storage="d:\repos\gendev\warewolf-esb\dev\warewolf.specs\dev2.studio.core.specs.dll" id="5f0c8c93-ef66-6fc3-fdf7-ea38d4792aee">
      <Description>Insert for Json FilterType and Default Provider: 10</Description>
      <Execution id="9abc0a10-957a-4744-a7b2-0b2cdaf5256e" />
      <Properties>
        <Property>
          <Key>Parameter:filterType</Key>
          <Value>JsonObject</Value>
        </Property>
        <Property>
          <Key>Parameter:caretposition</Key>
          <Value>15</Value>
        </Property>
        <Property>
          <Key>VariantName</Key>
          <Value>10</Value>
        </Property>
        <Property>
          <Key>Parameter:option</Key>
          <Value>[[@Person.Age]]</Value>
        </Property>
        <Property>
          <Key>Parameter:dropDownList</Key>
          <Value>[[@Person.Age]],[[@Person.name]],[[@Person]]</Value>
        </Property>
        <Property>
          <Key>Parameter:testName</Key>
          <Value>10</Value>
        </Property>
        <Property>
          <Key>Parameter:provider</Key>
          <Value>Default</Value>
        </Property>
        <Property>
          <Key>Parameter:input</Key>
          <Value>@P</Value>
        </Property>
        <Property>
          <Key>FeatureTitle</Key>
          <Value>DefaultIntellisense</Value>
        </Property>
        <Property>
          <Key>Parameter:index</Key>
          <Value>2</Value>
        </Property>
        <Property>
          <Key>Parameter:result</Key>
          <Value>[[@Person.Age]]</Value>
        </Property>
        <Property>
          <Key>Parameter:varlist</Key>
          <Value>[[@Person]],[[@Person.name]],[[@Person.Age]]</Value>
        </Property>
      </Properties>
      <TestMethod codeBase="D:/Repos/GENDEV/Warewolf-ESB/Dev/Warewolf.Specs/Dev2.Studio.Core.Specs.DLL" adapterTypeName="Microsoft.VisualStudio.TestTools.TestTypes.Unit.UnitTestAdapter, Microsoft.VisualStudio.QualityTools.Tips.UnitTest.Adapter, Version=14.0.0.0, Culture=neutral, PublicKeyToken=b03f5f7f11d50a3a" className="Dev2.Studio.Core.Specs.IntellisenseSpecs.DefaultIntellisenseFeature, Dev2.Studio.Core.Specs, Version=0.0.6284.21037, Culture=neutral, PublicKeyToken=null" name="InsertForJsonFilterTypeAndDefaultProvider_10" />
    </UnitTest>
    <UnitTest name="TestWFWithSort" storage="d:\repos\gendev\warewolf-esb\dev\warewolf.specs\dev2.activities.specs.dll" id="fb01a075-4f68-da2e-1677-6900e32ac072">
      <Description>Test WF with Sort</Description>
      <TestCategory>
        <TestCategoryItem TestCategory="TestFramework" />
      </TestCategory>
      <Execution id="41ac1064-e88f-4ec8-b2e1-5244fd7ca290" />
      <Properties>
        <Property>
          <Key>FeatureTitle</Key>
          <Value>StudioTestFramework</Value>
        </Property>
      </Properties>
      <TestMethod codeBase="D:/Repos/GENDEV/Warewolf-ESB/Dev/Warewolf.Specs/Dev2.Activities.Specs.DLL" adapterTypeName="Microsoft.VisualStudio.TestTools.TestTypes.Unit.UnitTestAdapter, Microsoft.VisualStudio.QualityTools.Tips.UnitTest.Adapter, Version=14.0.0.0, Culture=neutral, PublicKeyToken=b03f5f7f11d50a3a" className="Dev2.Activities.Specs.TestFramework.StudioTestFrameworkFeature, Dev2.Activities.Specs, Version=0.0.6284.21160, Culture=neutral, PublicKeyToken=null" name="TestWFWithSort" />
    </UnitTest>
    <UnitTest name="TestWFWithFindRecords" storage="d:\repos\gendev\warewolf-esb\dev\warewolf.specs\dev2.activities.specs.dll" id="2f1cb035-6c44-f9dd-fc2c-33e0b082e397">
      <Description>Test WF with Find Records</Description>
      <TestCategory>
        <TestCategoryItem TestCategory="TestFramework" />
      </TestCategory>
      <Execution id="95cdc4ce-f768-43dd-8496-15877852be12" />
      <Properties>
        <Property>
          <Key>FeatureTitle</Key>
          <Value>StudioTestFramework</Value>
        </Property>
      </Properties>
      <TestMethod codeBase="D:/Repos/GENDEV/Warewolf-ESB/Dev/Warewolf.Specs/Dev2.Activities.Specs.DLL" adapterTypeName="Microsoft.VisualStudio.TestTools.TestTypes.Unit.UnitTestAdapter, Microsoft.VisualStudio.QualityTools.Tips.UnitTest.Adapter, Version=14.0.0.0, Culture=neutral, PublicKeyToken=b03f5f7f11d50a3a" className="Dev2.Activities.Specs.TestFramework.StudioTestFrameworkFeature, Dev2.Activities.Specs, Version=0.0.6284.21160, Culture=neutral, PublicKeyToken=null" name="TestWFWithFindRecords" />
    </UnitTest>
    <UnitTest name="TestWFWithZipFile" storage="d:\repos\gendev\warewolf-esb\dev\warewolf.specs\dev2.activities.specs.dll" id="8eb6a0a3-f8da-d519-82fb-b6760f249cc7">
      <Description>Test WF with Zip File</Description>
      <TestCategory>
        <TestCategoryItem TestCategory="TestFramework" />
      </TestCategory>
      <Execution id="6d0701ea-f64f-49b0-9260-85413e1fdbd4" />
      <Properties>
        <Property>
          <Key>FeatureTitle</Key>
          <Value>StudioTestFramework</Value>
        </Property>
      </Properties>
      <TestMethod codeBase="D:/Repos/GENDEV/Warewolf-ESB/Dev/Warewolf.Specs/Dev2.Activities.Specs.DLL" adapterTypeName="Microsoft.VisualStudio.TestTools.TestTypes.Unit.UnitTestAdapter, Microsoft.VisualStudio.QualityTools.Tips.UnitTest.Adapter, Version=14.0.0.0, Culture=neutral, PublicKeyToken=b03f5f7f11d50a3a" className="Dev2.Activities.Specs.TestFramework.StudioTestFrameworkFeature, Dev2.Activities.Specs, Version=0.0.6284.21160, Culture=neutral, PublicKeyToken=null" name="TestWFWithZipFile" />
    </UnitTest>
    <UnitTest name="TestWFWithWebPost" storage="d:\repos\gendev\warewolf-esb\dev\warewolf.specs\dev2.activities.specs.dll" id="fd05259c-5226-66e5-ecee-42727fe2848d">
      <Description>Test WF with Web Post</Description>
      <TestCategory>
        <TestCategoryItem TestCategory="TestFramework" />
      </TestCategory>
      <Execution id="fb8eac16-3f80-456e-8aec-3ab695862191" />
      <Properties>
        <Property>
          <Key>FeatureTitle</Key>
          <Value>StudioTestFramework</Value>
        </Property>
      </Properties>
      <TestMethod codeBase="D:/Repos/GENDEV/Warewolf-ESB/Dev/Warewolf.Specs/Dev2.Activities.Specs.DLL" adapterTypeName="Microsoft.VisualStudio.TestTools.TestTypes.Unit.UnitTestAdapter, Microsoft.VisualStudio.QualityTools.Tips.UnitTest.Adapter, Version=14.0.0.0, Culture=neutral, PublicKeyToken=b03f5f7f11d50a3a" className="Dev2.Activities.Specs.TestFramework.StudioTestFrameworkFeature, Dev2.Activities.Specs, Version=0.0.6284.21160, Culture=neutral, PublicKeyToken=null" name="TestWFWithWebPost" />
    </UnitTest>
    <UnitTest name="TestWFWithSharepointDownloadFile" storage="d:\repos\gendev\warewolf-esb\dev\warewolf.specs\dev2.activities.specs.dll" id="b2be7eb0-c1c4-c77d-eaf0-d210296c0e8b">
      <Description>Test WF with Sharepoint Download File</Description>
      <TestCategory>
        <TestCategoryItem TestCategory="TestFramework" />
      </TestCategory>
      <Execution id="d02cbf06-da07-4da4-bdd9-37df02566243" />
      <Properties>
        <Property>
          <Key>FeatureTitle</Key>
          <Value>StudioTestFramework</Value>
        </Property>
      </Properties>
      <TestMethod codeBase="D:/Repos/GENDEV/Warewolf-ESB/Dev/Warewolf.Specs/Dev2.Activities.Specs.DLL" adapterTypeName="Microsoft.VisualStudio.TestTools.TestTypes.Unit.UnitTestAdapter, Microsoft.VisualStudio.QualityTools.Tips.UnitTest.Adapter, Version=14.0.0.0, Culture=neutral, PublicKeyToken=b03f5f7f11d50a3a" className="Dev2.Activities.Specs.TestFramework.StudioTestFrameworkFeature, Dev2.Activities.Specs, Version=0.0.6284.21160, Culture=neutral, PublicKeyToken=null" name="TestWFWithSharepointDownloadFile" />
    </UnitTest>
    <UnitTest name="RunATestWithErrorExpected" storage="d:\repos\gendev\warewolf-esb\dev\warewolf.specs\dev2.activities.specs.dll" id="5a5d4ddc-16a0-2638-fa34-12fe7b461034">
      <Description>Run a test with Error Expected</Description>
      <TestCategory>
        <TestCategoryItem TestCategory="TestFramework" />
      </TestCategory>
      <Execution id="ff935411-07ee-4cc0-ad22-36009c5a6ce3" />
      <Properties>
        <Property>
          <Key>FeatureTitle</Key>
          <Value>StudioTestFramework</Value>
        </Property>
      </Properties>
      <TestMethod codeBase="D:/Repos/GENDEV/Warewolf-ESB/Dev/Warewolf.Specs/Dev2.Activities.Specs.DLL" adapterTypeName="Microsoft.VisualStudio.TestTools.TestTypes.Unit.UnitTestAdapter, Microsoft.VisualStudio.QualityTools.Tips.UnitTest.Adapter, Version=14.0.0.0, Culture=neutral, PublicKeyToken=b03f5f7f11d50a3a" className="Dev2.Activities.Specs.TestFramework.StudioTestFrameworkFeature, Dev2.Activities.Specs, Version=0.0.6284.21160, Culture=neutral, PublicKeyToken=null" name="RunATestWithErrorExpected" />
    </UnitTest>
    <UnitTest name="InsertForRecordsetsOnlyFilterTypeAndDefaultProvider_7" storage="d:\repos\gendev\warewolf-esb\dev\warewolf.specs\dev2.studio.core.specs.dll" id="c3c77014-a8c9-87f6-f066-244031fa7224">
      <Description>Insert for RecordsetsOnly FilterType and Default Provider: 7</Description>
      <Execution id="eef001f6-48a9-4b98-8c8c-9c107733aa7d" />
      <Properties>
        <Property>
          <Key>Parameter:filterType</Key>
          <Value>RecordsetFields</Value>
        </Property>
        <Property>
          <Key>Parameter:caretposition</Key>
          <Value>12</Value>
        </Property>
        <Property>
          <Key>VariantName</Key>
          <Value>7</Value>
        </Property>
        <Property>
          <Key>Parameter:option</Key>
          <Value>[[sum().ba]]</Value>
        </Property>
        <Property>
          <Key>Parameter:dropDownList</Key>
          <Value>[[sum().b]],[[sum().ba]]</Value>
        </Property>
        <Property>
          <Key>Parameter:testName</Key>
          <Value>7</Value>
        </Property>
        <Property>
          <Key>Parameter:provider</Key>
          <Value>Default</Value>
        </Property>
        <Property>
          <Key>Parameter:input</Key>
          <Value>[[sum().b]]</Value>
        </Property>
        <Property>
          <Key>FeatureTitle</Key>
          <Value>DefaultIntellisense</Value>
        </Property>
        <Property>
          <Key>Parameter:index</Key>
          <Value>9</Value>
        </Property>
        <Property>
          <Key>Parameter:result</Key>
          <Value>[[sum().ba]]</Value>
        </Property>
        <Property>
          <Key>Parameter:varlist</Key>
          <Value>[[b]],[[sum().b]],[[mus().b]],[[sum()]],[[mus()]],[[sum().ba]]</Value>
        </Property>
      </Properties>
      <TestMethod codeBase="D:/Repos/GENDEV/Warewolf-ESB/Dev/Warewolf.Specs/Dev2.Studio.Core.Specs.DLL" adapterTypeName="Microsoft.VisualStudio.TestTools.TestTypes.Unit.UnitTestAdapter, Microsoft.VisualStudio.QualityTools.Tips.UnitTest.Adapter, Version=14.0.0.0, Culture=neutral, PublicKeyToken=b03f5f7f11d50a3a" className="Dev2.Studio.Core.Specs.IntellisenseSpecs.DefaultIntellisenseFeature, Dev2.Studio.Core.Specs, Version=0.0.6284.21037, Culture=neutral, PublicKeyToken=null" name="InsertForRecordsetsOnlyFilterTypeAndDefaultProvider_7" />
    </UnitTest>
    <UnitTest name="InsertForJsonFilterTypeAndDefaultProvider_29" storage="d:\repos\gendev\warewolf-esb\dev\warewolf.specs\dev2.studio.core.specs.dll" id="da0acbef-ce81-4c54-c1d4-603826eb7003">
      <Description>Insert for Json FilterType and Default Provider: 29</Description>
      <Execution id="d1889707-d804-4e62-9ee5-a4b6bab11195" />
      <Properties>
        <Property>
          <Key>Parameter:filterType</Key>
          <Value>JsonObject</Value>
        </Property>
        <Property>
          <Key>Parameter:caretposition</Key>
          <Value>24</Value>
        </Property>
        <Property>
          <Key>VariantName</Key>
          <Value>29</Value>
        </Property>
        <Property>
          <Key>Parameter:option</Key>
          <Value>[[@Person.Child.Name]]</Value>
        </Property>
        <Property>
          <Key>Parameter:dropDownList</Key>
          <Value>[[@Person.Age]],[[@Person.name]],[[@Person]],[[@Person.Child.Name]]</Value>
        </Property>
        <Property>
          <Key>Parameter:testName</Key>
          <Value>29</Value>
        </Property>
        <Property>
          <Key>Parameter:provider</Key>
          <Value>Default</Value>
        </Property>
        <Property>
          <Key>Parameter:input</Key>
          <Value>( P</Value>
        </Property>
        <Property>
          <Key>FeatureTitle</Key>
          <Value>DefaultIntellisense</Value>
        </Property>
        <Property>
          <Key>Parameter:index</Key>
          <Value>3</Value>
        </Property>
        <Property>
          <Key>Parameter:result</Key>
          <Value>( [[@Person.Child.Name]]</Value>
        </Property>
        <Property>
          <Key>Parameter:varlist</Key>
          <Value>[[@Person]],[[@Person.name]],[[@Person.Age]],[[@Person.Child.Name]]</Value>
        </Property>
      </Properties>
      <TestMethod codeBase="D:/Repos/GENDEV/Warewolf-ESB/Dev/Warewolf.Specs/Dev2.Studio.Core.Specs.DLL" adapterTypeName="Microsoft.VisualStudio.TestTools.TestTypes.Unit.UnitTestAdapter, Microsoft.VisualStudio.QualityTools.Tips.UnitTest.Adapter, Version=14.0.0.0, Culture=neutral, PublicKeyToken=b03f5f7f11d50a3a" className="Dev2.Studio.Core.Specs.IntellisenseSpecs.DefaultIntellisenseFeature, Dev2.Studio.Core.Specs, Version=0.0.6284.21037, Culture=neutral, PublicKeyToken=null" name="InsertForJsonFilterTypeAndDefaultProvider_29" />
    </UnitTest>
    <UnitTest name="TestWFWithPostGreSql" storage="d:\repos\gendev\warewolf-esb\dev\warewolf.specs\dev2.activities.specs.dll" id="8dc1ff79-21a4-3f77-bd43-a42c834204a4">
      <Description>Test WF with PostGre Sql</Description>
      <TestCategory>
        <TestCategoryItem TestCategory="TestFramework" />
      </TestCategory>
      <Execution id="d84ce923-d9a5-4625-a2b0-de0e29202d9d" />
      <Properties>
        <Property>
          <Key>FeatureTitle</Key>
          <Value>StudioTestFramework</Value>
        </Property>
      </Properties>
      <TestMethod codeBase="D:/Repos/GENDEV/Warewolf-ESB/Dev/Warewolf.Specs/Dev2.Activities.Specs.DLL" adapterTypeName="Microsoft.VisualStudio.TestTools.TestTypes.Unit.UnitTestAdapter, Microsoft.VisualStudio.QualityTools.Tips.UnitTest.Adapter, Version=14.0.0.0, Culture=neutral, PublicKeyToken=b03f5f7f11d50a3a" className="Dev2.Activities.Specs.TestFramework.StudioTestFrameworkFeature, Dev2.Activities.Specs, Version=0.0.6284.21160, Culture=neutral, PublicKeyToken=null" name="TestWFWithPostGreSql" />
    </UnitTest>
    <UnitTest name="InsertForRecordsetsOnlyFilterTypeAndDefaultProvider_6" storage="d:\repos\gendev\warewolf-esb\dev\warewolf.specs\dev2.studio.core.specs.dll" id="38db7356-f80c-a43c-1425-6b33b50a6ca8">
      <Description>Insert for RecordsetsOnly FilterType and Default Provider: 6</Description>
      <Execution id="879e0b65-e819-4ae7-b206-84d4c7299d01" />
      <Properties>
        <Property>
          <Key>Parameter:filterType</Key>
          <Value>RecordsetsOnly</Value>
        </Property>
        <Property>
          <Key>Parameter:caretposition</Key>
          <Value>13</Value>
        </Property>
        <Property>
          <Key>VariantName</Key>
          <Value>6</Value>
        </Property>
        <Property>
          <Key>Parameter:option</Key>
          <Value>[[mus()]]</Value>
        </Property>
        <Property>
          <Key>Parameter:dropDownList</Key>
          <Value>[[sum()]],[[mus()]]</Value>
        </Property>
        <Property>
          <Key>Parameter:testName</Key>
          <Value>6</Value>
        </Property>
        <Property>
          <Key>Parameter:provider</Key>
          <Value>Default</Value>
        </Property>
        <Property>
          <Key>Parameter:input</Key>
          <Value>rec s</Value>
        </Property>
        <Property>
          <Key>FeatureTitle</Key>
          <Value>DefaultIntellisense</Value>
        </Property>
        <Property>
          <Key>Parameter:index</Key>
          <Value>5</Value>
        </Property>
        <Property>
          <Key>Parameter:result</Key>
          <Value>rec [[mus()]]</Value>
        </Property>
        <Property>
          <Key>Parameter:varlist</Key>
          <Value>[[b]],[[sum().b]],[[mus().b]],[[sum()]],[[mus()]]</Value>
        </Property>
      </Properties>
      <TestMethod codeBase="D:/Repos/GENDEV/Warewolf-ESB/Dev/Warewolf.Specs/Dev2.Studio.Core.Specs.DLL" adapterTypeName="Microsoft.VisualStudio.TestTools.TestTypes.Unit.UnitTestAdapter, Microsoft.VisualStudio.QualityTools.Tips.UnitTest.Adapter, Version=14.0.0.0, Culture=neutral, PublicKeyToken=b03f5f7f11d50a3a" className="Dev2.Studio.Core.Specs.IntellisenseSpecs.DefaultIntellisenseFeature, Dev2.Studio.Core.Specs, Version=0.0.6284.21037, Culture=neutral, PublicKeyToken=null" name="InsertForRecordsetsOnlyFilterTypeAndDefaultProvider_6" />
    </UnitTest>
    <UnitTest name="TestWFWithOracle" storage="d:\repos\gendev\warewolf-esb\dev\warewolf.specs\dev2.activities.specs.dll" id="54695cab-4f4f-cb5e-7d3f-66a14cf0ab5d">
      <Description>Test WF with Oracle</Description>
      <TestCategory>
        <TestCategoryItem TestCategory="TestFramework" />
      </TestCategory>
      <Execution id="54124c48-8674-40ac-8189-26badf029dd1" />
      <Properties>
        <Property>
          <Key>FeatureTitle</Key>
          <Value>StudioTestFramework</Value>
        </Property>
      </Properties>
      <TestMethod codeBase="D:/Repos/GENDEV/Warewolf-ESB/Dev/Warewolf.Specs/Dev2.Activities.Specs.DLL" adapterTypeName="Microsoft.VisualStudio.TestTools.TestTypes.Unit.UnitTestAdapter, Microsoft.VisualStudio.QualityTools.Tips.UnitTest.Adapter, Version=14.0.0.0, Culture=neutral, PublicKeyToken=b03f5f7f11d50a3a" className="Dev2.Activities.Specs.TestFramework.StudioTestFrameworkFeature, Dev2.Activities.Specs, Version=0.0.6284.21160, Culture=neutral, PublicKeyToken=null" name="TestWFWithOracle" />
    </UnitTest>
    <UnitTest name="RunSelectedTestPassedWithAllTeststepsFails" storage="d:\repos\gendev\warewolf-esb\dev\warewolf.specs\dev2.activities.specs.dll" id="caa4fe54-cb0b-be2f-5331-16096c98e7b2">
      <Description>Run Selected Test passed with all teststeps fails</Description>
      <TestCategory>
        <TestCategoryItem TestCategory="TestFramework" />
      </TestCategory>
      <Execution id="9ca41272-6bb4-44f5-b027-da089d579556" />
      <Properties>
        <Property>
          <Key>FeatureTitle</Key>
          <Value>StudioTestFramework</Value>
        </Property>
      </Properties>
      <TestMethod codeBase="D:/Repos/GENDEV/Warewolf-ESB/Dev/Warewolf.Specs/Dev2.Activities.Specs.DLL" adapterTypeName="Microsoft.VisualStudio.TestTools.TestTypes.Unit.UnitTestAdapter, Microsoft.VisualStudio.QualityTools.Tips.UnitTest.Adapter, Version=14.0.0.0, Culture=neutral, PublicKeyToken=b03f5f7f11d50a3a" className="Dev2.Activities.Specs.TestFramework.StudioTestFrameworkFeature, Dev2.Activities.Specs, Version=0.0.6284.21160, Culture=neutral, PublicKeyToken=null" name="RunSelectedTestPassedWithAllTeststepsFails" />
    </UnitTest>
    <UnitTest name="InsertForRecordsetsOnlyFilterTypeAndDefaultProvider_11" storage="d:\repos\gendev\warewolf-esb\dev\warewolf.specs\dev2.studio.core.specs.dll" id="34116ec1-2473-90cc-708a-bfdd543f612b">
      <Description>Insert for RecordsetsOnly FilterType and Default Provider: 11</Description>
      <Execution id="6bd6a800-bcb4-4306-9287-a353b2248f7b" />
      <Properties>
        <Property>
          <Key>Parameter:filterType</Key>
          <Value>RecordsetsOnly</Value>
        </Property>
        <Property>
          <Key>Parameter:caretposition</Key>
          <Value>11</Value>
        </Property>
        <Property>
          <Key>VariantName</Key>
          <Value>11</Value>
        </Property>
        <Property>
          <Key>Parameter:option</Key>
          <Value>[[sum()]]</Value>
        </Property>
        <Property>
          <Key>Parameter:dropDownList</Key>
          <Value>[[sum()]],[[mus()]]</Value>
        </Property>
        <Property>
          <Key>Parameter:testName</Key>
          <Value>11</Value>
        </Property>
        <Property>
          <Key>Parameter:provider</Key>
          <Value>Default</Value>
        </Property>
        <Property>
          <Key>Parameter:input</Key>
          <Value>u u</Value>
        </Property>
        <Property>
          <Key>FeatureTitle</Key>
          <Value>DefaultIntellisense</Value>
        </Property>
        <Property>
          <Key>Parameter:index</Key>
          <Value>3</Value>
        </Property>
        <Property>
          <Key>Parameter:result</Key>
          <Value>u [[sum()]]</Value>
        </Property>
        <Property>
          <Key>Parameter:varlist</Key>
          <Value>[[b]],[[sum().b]],[[mus().b]],[[sum()]],[[mus()]]</Value>
        </Property>
      </Properties>
      <TestMethod codeBase="D:/Repos/GENDEV/Warewolf-ESB/Dev/Warewolf.Specs/Dev2.Studio.Core.Specs.DLL" adapterTypeName="Microsoft.VisualStudio.TestTools.TestTypes.Unit.UnitTestAdapter, Microsoft.VisualStudio.QualityTools.Tips.UnitTest.Adapter, Version=14.0.0.0, Culture=neutral, PublicKeyToken=b03f5f7f11d50a3a" className="Dev2.Studio.Core.Specs.IntellisenseSpecs.DefaultIntellisenseFeature, Dev2.Studio.Core.Specs, Version=0.0.6284.21037, Culture=neutral, PublicKeyToken=null" name="InsertForRecordsetsOnlyFilterTypeAndDefaultProvider_11" />
    </UnitTest>
    <UnitTest name="InsertForRecordsetFieldsFilterTypeAndDefaultProvider_9" storage="d:\repos\gendev\warewolf-esb\dev\warewolf.specs\dev2.studio.core.specs.dll" id="6bf711d3-a313-842f-3e22-f13bee72686e">
      <Description>Insert for RecordsetFields FilterType and Default Provider: 9</Description>
      <Execution id="5cf73772-44c4-4729-b226-d83981a41aa8" />
      <Properties>
        <Property>
          <Key>Parameter:filterType</Key>
          <Value>RecordsetFields</Value>
        </Property>
        <Property>
          <Key>Parameter:caretposition</Key>
          <Value>1</Value>
        </Property>
        <Property>
          <Key>VariantName</Key>
          <Value>9</Value>
        </Property>
        <Property>
          <Key>Parameter:option</Key>
          <Value>
          </Value>
        </Property>
        <Property>
          <Key>Parameter:dropDownList</Key>
          <Value>
          </Value>
        </Property>
        <Property>
          <Key>Parameter:testName</Key>
          <Value>9</Value>
        </Property>
        <Property>
          <Key>Parameter:provider</Key>
          <Value>Default</Value>
        </Property>
        <Property>
          <Key>Parameter:input</Key>
          <Value>b b</Value>
        </Property>
        <Property>
          <Key>FeatureTitle</Key>
          <Value>DefaultIntellisense</Value>
        </Property>
        <Property>
          <Key>Parameter:index</Key>
          <Value>1</Value>
        </Property>
        <Property>
          <Key>Parameter:result</Key>
          <Value>b b</Value>
        </Property>
        <Property>
          <Key>Parameter:varlist</Key>
          <Value>[[a]],[[rec()]],[[rec().a]],[[set()]],[[set().z]],[[rec(*)]],[[rec(*).a]],[[set(*)]],[[set(*).z]]</Value>
        </Property>
      </Properties>
      <TestMethod codeBase="D:/Repos/GENDEV/Warewolf-ESB/Dev/Warewolf.Specs/Dev2.Studio.Core.Specs.DLL" adapterTypeName="Microsoft.VisualStudio.TestTools.TestTypes.Unit.UnitTestAdapter, Microsoft.VisualStudio.QualityTools.Tips.UnitTest.Adapter, Version=14.0.0.0, Culture=neutral, PublicKeyToken=b03f5f7f11d50a3a" className="Dev2.Studio.Core.Specs.IntellisenseSpecs.DefaultIntellisenseFeature, Dev2.Studio.Core.Specs, Version=0.0.6284.21037, Culture=neutral, PublicKeyToken=null" name="InsertForRecordsetFieldsFilterTypeAndDefaultProvider_9" />
    </UnitTest>
    <UnitTest name="RunAPassingTestAndChangeStepType" storage="d:\repos\gendev\warewolf-esb\dev\warewolf.specs\dev2.activities.specs.dll" id="59a4c61d-77b8-06f5-1a81-31840b033f1d">
      <Description>Run a passing test and change step type</Description>
      <TestCategory>
        <TestCategoryItem TestCategory="TestFramework" />
      </TestCategory>
      <Execution id="de317e32-deeb-4a45-a490-68c2aa73009a" />
      <Properties>
        <Property>
          <Key>FeatureTitle</Key>
          <Value>StudioTestFramework</Value>
        </Property>
      </Properties>
      <TestMethod codeBase="D:/Repos/GENDEV/Warewolf-ESB/Dev/Warewolf.Specs/Dev2.Activities.Specs.DLL" adapterTypeName="Microsoft.VisualStudio.TestTools.TestTypes.Unit.UnitTestAdapter, Microsoft.VisualStudio.QualityTools.Tips.UnitTest.Adapter, Version=14.0.0.0, Culture=neutral, PublicKeyToken=b03f5f7f11d50a3a" className="Dev2.Activities.Specs.TestFramework.StudioTestFrameworkFeature, Dev2.Activities.Specs, Version=0.0.6284.21160, Culture=neutral, PublicKeyToken=null" name="RunAPassingTestAndChangeStepType" />
    </UnitTest>
    <UnitTest name="RecsetOnlyHasNoErrorsForValidVariableIndexes_Variant1" storage="d:\repos\gendev\warewolf-esb\dev\warewolf.specs\dev2.studio.core.specs.dll" id="f463da5c-7268-2fe2-b4fc-4d2a6e22eda4">
      <Description>Recset only has no errors for valid variable indexes: Variant 1</Description>
      <Execution id="00ca8efd-66a9-404a-a3de-f2a1b662c27a" />
      <Properties>
        <Property>
          <Key>VariantName</Key>
          <Value>Variant 1</Value>
        </Property>
        <Property>
          <Key>Parameter:expectError</Key>
          <Value>true</Value>
        </Property>
        <Property>
          <Key>Parameter:testName</Key>
          <Value>1</Value>
        </Property>
        <Property>
          <Key>Parameter:input</Key>
          <Value>[[sum([[assc]])]]</Value>
        </Property>
        <Property>
          <Key>FeatureTitle</Key>
          <Value>DefaultIntellisense</Value>
        </Property>
        <Property>
          <Key>Parameter:varlist</Key>
          <Value>&lt;x/&gt;&lt;sum&gt;&lt;b/&gt;&lt;/sum&gt;&lt;mus&gt;&lt;b/&gt;&lt;/mus&gt;</Value>
        </Property>
      </Properties>
      <TestMethod codeBase="D:/Repos/GENDEV/Warewolf-ESB/Dev/Warewolf.Specs/Dev2.Studio.Core.Specs.DLL" adapterTypeName="Microsoft.VisualStudio.TestTools.TestTypes.Unit.UnitTestAdapter, Microsoft.VisualStudio.QualityTools.Tips.UnitTest.Adapter, Version=14.0.0.0, Culture=neutral, PublicKeyToken=b03f5f7f11d50a3a" className="Dev2.Studio.Core.Specs.IntellisenseSpecs.DefaultIntellisenseFeature, Dev2.Studio.Core.Specs, Version=0.0.6284.21037, Culture=neutral, PublicKeyToken=null" name="RecsetOnlyHasNoErrorsForValidVariableIndexes_Variant1" />
    </UnitTest>
    <UnitTest name="ValidationMessagesWhenInvalidVariables_8" storage="d:\repos\gendev\warewolf-esb\dev\warewolf.specs\dev2.studio.core.specs.dll" id="1a77bd44-a2b9-d12b-49cd-1c4fc7219e1d">
      <Description>Validation messages when Invalid Variables: 8</Description>
      <Execution id="fe65536c-6a67-4f1a-80f4-a5496db6bfe0" />
      <Properties>
        <Property>
          <Key>FeatureTitle</Key>
          <Value>DefaultIntellisense</Value>
        </Property>
        <Property>
          <Key>VariantName</Key>
          <Value>8</Value>
        </Property>
        <Property>
          <Key>Parameter:No</Key>
          <Value>8</Value>
        </Property>
        <Property>
          <Key>Parameter:Error</Key>
          <Value>Variable name [[]] contains invalid character(s). Only use alphanumeric _ and -</Value>
        </Property>
        <Property>
          <Key>Parameter:Variable</Key>
          <Value>[[]]</Value>
        </Property>
      </Properties>
      <TestMethod codeBase="D:/Repos/GENDEV/Warewolf-ESB/Dev/Warewolf.Specs/Dev2.Studio.Core.Specs.DLL" adapterTypeName="Microsoft.VisualStudio.TestTools.TestTypes.Unit.UnitTestAdapter, Microsoft.VisualStudio.QualityTools.Tips.UnitTest.Adapter, Version=14.0.0.0, Culture=neutral, PublicKeyToken=b03f5f7f11d50a3a" className="Dev2.Studio.Core.Specs.IntellisenseSpecs.DefaultIntellisenseFeature, Dev2.Studio.Core.Specs, Version=0.0.6284.21037, Culture=neutral, PublicKeyToken=null" name="ValidationMessagesWhenInvalidVariables_8" />
    </UnitTest>
    <UnitTest name="TestWFWithSharepointMoveFile" storage="d:\repos\gendev\warewolf-esb\dev\warewolf.specs\dev2.activities.specs.dll" id="d2d52858-c2a0-59a0-ef3e-845d67302963">
      <Description>Test WF with Sharepoint Move File</Description>
      <TestCategory>
        <TestCategoryItem TestCategory="TestFramework" />
      </TestCategory>
      <Execution id="4ec3a4cc-6592-4cc1-af38-e330be3ba4e5" />
      <Properties>
        <Property>
          <Key>FeatureTitle</Key>
          <Value>StudioTestFramework</Value>
        </Property>
      </Properties>
      <TestMethod codeBase="D:/Repos/GENDEV/Warewolf-ESB/Dev/Warewolf.Specs/Dev2.Activities.Specs.DLL" adapterTypeName="Microsoft.VisualStudio.TestTools.TestTypes.Unit.UnitTestAdapter, Microsoft.VisualStudio.QualityTools.Tips.UnitTest.Adapter, Version=14.0.0.0, Culture=neutral, PublicKeyToken=b03f5f7f11d50a3a" className="Dev2.Activities.Specs.TestFramework.StudioTestFrameworkFeature, Dev2.Activities.Specs, Version=0.0.6284.21160, Culture=neutral, PublicKeyToken=null" name="TestWFWithSharepointMoveFile" />
    </UnitTest>
    <UnitTest name="RunATestWithMockStepAssign" storage="d:\repos\gendev\warewolf-esb\dev\warewolf.specs\dev2.activities.specs.dll" id="4a33ce8e-ac67-e61a-c02d-76ce1224f27d">
      <Description>Run a test with mock step assign</Description>
      <TestCategory>
        <TestCategoryItem TestCategory="s3" />
        <TestCategoryItem TestCategory="TestFramework" />
      </TestCategory>
      <Execution id="2b30608c-93e7-407b-acca-5f52f4e6c379" />
      <Properties>
        <Property>
          <Key>FeatureTitle</Key>
          <Value>StudioTestFramework</Value>
        </Property>
      </Properties>
      <TestMethod codeBase="D:/Repos/GENDEV/Warewolf-ESB/Dev/Warewolf.Specs/Dev2.Activities.Specs.DLL" adapterTypeName="Microsoft.VisualStudio.TestTools.TestTypes.Unit.UnitTestAdapter, Microsoft.VisualStudio.QualityTools.Tips.UnitTest.Adapter, Version=14.0.0.0, Culture=neutral, PublicKeyToken=b03f5f7f11d50a3a" className="Dev2.Activities.Specs.TestFramework.StudioTestFrameworkFeature, Dev2.Activities.Specs, Version=0.0.6284.21160, Culture=neutral, PublicKeyToken=null" name="RunATestWithMockStepAssign" />
    </UnitTest>
    <UnitTest name="InsertForJsonFilterTypeAndDefaultProvider_7" storage="d:\repos\gendev\warewolf-esb\dev\warewolf.specs\dev2.studio.core.specs.dll" id="82f01df8-57f1-9530-6062-645494566b22">
      <Description>Insert for Json FilterType and Default Provider: 7</Description>
      <Execution id="c56e1745-66a5-47b3-9b1c-e9e7be84c128" />
      <Properties>
        <Property>
          <Key>Parameter:filterType</Key>
          <Value>JsonObject</Value>
        </Property>
        <Property>
          <Key>Parameter:caretposition</Key>
          <Value>16</Value>
        </Property>
        <Property>
          <Key>VariantName</Key>
          <Value>7</Value>
        </Property>
        <Property>
          <Key>Parameter:option</Key>
          <Value>[[@Person.name]]</Value>
        </Property>
        <Property>
          <Key>Parameter:dropDownList</Key>
          <Value>[[@Person.name]],[[@Person]]</Value>
        </Property>
        <Property>
          <Key>Parameter:testName</Key>
          <Value>7</Value>
        </Property>
        <Property>
          <Key>Parameter:provider</Key>
          <Value>Default</Value>
        </Property>
        <Property>
          <Key>Parameter:input</Key>
          <Value>[</Value>
        </Property>
        <Property>
          <Key>FeatureTitle</Key>
          <Value>DefaultIntellisense</Value>
        </Property>
        <Property>
          <Key>Parameter:index</Key>
          <Value>1</Value>
        </Property>
        <Property>
          <Key>Parameter:result</Key>
          <Value>[[@Person.name]]</Value>
        </Property>
        <Property>
          <Key>Parameter:varlist</Key>
          <Value>[[@Person]],[[@Person.name]]</Value>
        </Property>
      </Properties>
      <TestMethod codeBase="D:/Repos/GENDEV/Warewolf-ESB/Dev/Warewolf.Specs/Dev2.Studio.Core.Specs.DLL" adapterTypeName="Microsoft.VisualStudio.TestTools.TestTypes.Unit.UnitTestAdapter, Microsoft.VisualStudio.QualityTools.Tips.UnitTest.Adapter, Version=14.0.0.0, Culture=neutral, PublicKeyToken=b03f5f7f11d50a3a" className="Dev2.Studio.Core.Specs.IntellisenseSpecs.DefaultIntellisenseFeature, Dev2.Studio.Core.Specs, Version=0.0.6284.21037, Culture=neutral, PublicKeyToken=null" name="InsertForJsonFilterTypeAndDefaultProvider_7" />
    </UnitTest>
    <UnitTest name="InsertForRecordsetFieldsFilterTypeAndDefaultProvider_11" storage="d:\repos\gendev\warewolf-esb\dev\warewolf.specs\dev2.studio.core.specs.dll" id="d22dee61-a1f2-be99-b4b6-49e02cd3e47e">
      <Description>Insert for RecordsetFields FilterType and Default Provider: 11</Description>
      <Execution id="1104bd8d-134c-4d27-884b-9e3540dea38f" />
      <Properties>
        <Property>
          <Key>Parameter:filterType</Key>
          <Value>RecordsetFields</Value>
        </Property>
        <Property>
          <Key>Parameter:caretposition</Key>
          <Value>12</Value>
        </Property>
        <Property>
          <Key>VariantName</Key>
          <Value>11</Value>
        </Property>
        <Property>
          <Key>Parameter:option</Key>
          <Value>[[rec().z]]</Value>
        </Property>
        <Property>
          <Key>Parameter:dropDownList</Key>
          <Value>[[rec().a]],[[rec(*).a]],[[rec().z]],[[rec(*).z]]</Value>
        </Property>
        <Property>
          <Key>Parameter:testName</Key>
          <Value>11</Value>
        </Property>
        <Property>
          <Key>Parameter:provider</Key>
          <Value>Default</Value>
        </Property>
        <Property>
          <Key>Parameter:input</Key>
          <Value>[[rec [[rec().a]]</Value>
        </Property>
        <Property>
          <Key>FeatureTitle</Key>
          <Value>DefaultIntellisense</Value>
        </Property>
        <Property>
          <Key>Parameter:index</Key>
          <Value>5</Value>
        </Property>
        <Property>
          <Key>Parameter:result</Key>
          <Value>[[rec().z]] [[rec().a]]</Value>
        </Property>
        <Property>
          <Key>Parameter:varlist</Key>
          <Value>[[rec()]],[[rec().a]],[[a]],[[rec().z]],[[rec(*)]],[[rec(*).a]],[[rec(*).z]]</Value>
        </Property>
      </Properties>
      <TestMethod codeBase="D:/Repos/GENDEV/Warewolf-ESB/Dev/Warewolf.Specs/Dev2.Studio.Core.Specs.DLL" adapterTypeName="Microsoft.VisualStudio.TestTools.TestTypes.Unit.UnitTestAdapter, Microsoft.VisualStudio.QualityTools.Tips.UnitTest.Adapter, Version=14.0.0.0, Culture=neutral, PublicKeyToken=b03f5f7f11d50a3a" className="Dev2.Studio.Core.Specs.IntellisenseSpecs.DefaultIntellisenseFeature, Dev2.Studio.Core.Specs, Version=0.0.6284.21037, Culture=neutral, PublicKeyToken=null" name="InsertForRecordsetFieldsFilterTypeAndDefaultProvider_11" />
    </UnitTest>
    <UnitTest name="RunATestWithAssertStep" storage="d:\repos\gendev\warewolf-esb\dev\warewolf.specs\dev2.activities.specs.dll" id="474b9070-b9eb-69a3-88d5-10e5d691f495">
      <Description>Run a test with Assert step</Description>
      <TestCategory>
        <TestCategoryItem TestCategory="s5" />
        <TestCategoryItem TestCategory="TestFramework" />
      </TestCategory>
      <Execution id="0cf50d45-37cd-46bd-817a-8c05cd84b6cc" />
      <Properties>
        <Property>
          <Key>FeatureTitle</Key>
          <Value>StudioTestFramework</Value>
        </Property>
      </Properties>
      <TestMethod codeBase="D:/Repos/GENDEV/Warewolf-ESB/Dev/Warewolf.Specs/Dev2.Activities.Specs.DLL" adapterTypeName="Microsoft.VisualStudio.TestTools.TestTypes.Unit.UnitTestAdapter, Microsoft.VisualStudio.QualityTools.Tips.UnitTest.Adapter, Version=14.0.0.0, Culture=neutral, PublicKeyToken=b03f5f7f11d50a3a" className="Dev2.Activities.Specs.TestFramework.StudioTestFrameworkFeature, Dev2.Activities.Specs, Version=0.0.6284.21160, Culture=neutral, PublicKeyToken=null" name="RunATestWithAssertStep" />
    </UnitTest>
    <UnitTest name="SettingScheduleTaskAtLogOn" storage="d:\repos\gendev\warewolf-esb\dev\warewolf.specs\dev2.activities.specs.dll" id="aacf96d7-a601-d8e8-fb91-2ef34a56a50e">
      <Description>Setting schedule task "At log on"</Description>
      <TestCategory>
        <TestCategoryItem TestCategory="Scheduler" />
      </TestCategory>
      <Execution id="4839e120-83ae-4cb6-a3da-ed7364e19403" />
      <Properties>
        <Property>
          <Key>FeatureTitle</Key>
          <Value>Scheduler</Value>
        </Property>
      </Properties>
      <TestMethod codeBase="D:/Repos/GENDEV/Warewolf-ESB/Dev/Warewolf.Specs/Dev2.Activities.Specs.DLL" adapterTypeName="Microsoft.VisualStudio.TestTools.TestTypes.Unit.UnitTestAdapter, Microsoft.VisualStudio.QualityTools.Tips.UnitTest.Adapter, Version=14.0.0.0, Culture=neutral, PublicKeyToken=b03f5f7f11d50a3a" className="Dev2.Activities.Specs.Scheduler.SchedulerFeature, Dev2.Activities.Specs, Version=0.0.6284.21160, Culture=neutral, PublicKeyToken=null" name="SettingScheduleTaskAtLogOn" />
    </UnitTest>
    <UnitTest name="InsertForJsonFilterTypeAndDefaultProvider_19" storage="d:\repos\gendev\warewolf-esb\dev\warewolf.specs\dev2.studio.core.specs.dll" id="88591686-e3c8-ba96-90cb-39b27f654779">
      <Description>Insert for Json FilterType and Default Provider: 19</Description>
      <Execution id="9f5ebe62-6a5f-4558-86f7-f8ee94dc9f15" />
      <Properties>
        <Property>
          <Key>Parameter:filterType</Key>
          <Value>JsonObject</Value>
        </Property>
        <Property>
          <Key>Parameter:caretposition</Key>
          <Value>15</Value>
        </Property>
        <Property>
          <Key>VariantName</Key>
          <Value>19</Value>
        </Property>
        <Property>
          <Key>Parameter:option</Key>
          <Value>[[@Person.Age]]</Value>
        </Property>
        <Property>
          <Key>Parameter:dropDownList</Key>
          <Value>[[@Person.Age]]</Value>
        </Property>
        <Property>
          <Key>Parameter:testName</Key>
          <Value>19</Value>
        </Property>
        <Property>
          <Key>Parameter:provider</Key>
          <Value>Default</Value>
        </Property>
        <Property>
          <Key>Parameter:input</Key>
          <Value>[[@Person.Age</Value>
        </Property>
        <Property>
          <Key>FeatureTitle</Key>
          <Value>DefaultIntellisense</Value>
        </Property>
        <Property>
          <Key>Parameter:index</Key>
          <Value>10</Value>
        </Property>
        <Property>
          <Key>Parameter:result</Key>
          <Value>[[@Person.Age]]</Value>
        </Property>
        <Property>
          <Key>Parameter:varlist</Key>
          <Value>[[@Person]],[[@Person.name]],[[@Person.Age]]</Value>
        </Property>
      </Properties>
      <TestMethod codeBase="D:/Repos/GENDEV/Warewolf-ESB/Dev/Warewolf.Specs/Dev2.Studio.Core.Specs.DLL" adapterTypeName="Microsoft.VisualStudio.TestTools.TestTypes.Unit.UnitTestAdapter, Microsoft.VisualStudio.QualityTools.Tips.UnitTest.Adapter, Version=14.0.0.0, Culture=neutral, PublicKeyToken=b03f5f7f11d50a3a" className="Dev2.Studio.Core.Specs.IntellisenseSpecs.DefaultIntellisenseFeature, Dev2.Studio.Core.Specs, Version=0.0.6284.21037, Culture=neutral, PublicKeyToken=null" name="InsertForJsonFilterTypeAndDefaultProvider_19" />
    </UnitTest>
    <UnitTest name="ValidationMessagesWhenInvalidVariables_1" storage="d:\repos\gendev\warewolf-esb\dev\warewolf.specs\dev2.studio.core.specs.dll" id="ba8cb559-23f6-7ce3-b178-4c5b1484b9f8">
      <Description>Validation messages when Invalid Variables: 1</Description>
      <Execution id="7f2b4a2d-9fc8-459f-aff2-4f5f51919bc9" />
      <Properties>
        <Property>
          <Key>FeatureTitle</Key>
          <Value>DefaultIntellisense</Value>
        </Property>
        <Property>
          <Key>VariantName</Key>
          <Value>1</Value>
        </Property>
        <Property>
          <Key>Parameter:No</Key>
          <Value>1</Value>
        </Property>
        <Property>
          <Key>Parameter:Error</Key>
          <Value>Recordset index [ -1 ] is not greater than zero</Value>
        </Property>
        <Property>
          <Key>Parameter:Variable</Key>
          <Value>[[my(-1).var]]</Value>
        </Property>
      </Properties>
      <TestMethod codeBase="D:/Repos/GENDEV/Warewolf-ESB/Dev/Warewolf.Specs/Dev2.Studio.Core.Specs.DLL" adapterTypeName="Microsoft.VisualStudio.TestTools.TestTypes.Unit.UnitTestAdapter, Microsoft.VisualStudio.QualityTools.Tips.UnitTest.Adapter, Version=14.0.0.0, Culture=neutral, PublicKeyToken=b03f5f7f11d50a3a" className="Dev2.Studio.Core.Specs.IntellisenseSpecs.DefaultIntellisenseFeature, Dev2.Studio.Core.Specs, Version=0.0.6284.21037, Culture=neutral, PublicKeyToken=null" name="ValidationMessagesWhenInvalidVariables_1" />
    </UnitTest>
    <UnitTest name="TestWFWithPython" storage="d:\repos\gendev\warewolf-esb\dev\warewolf.specs\dev2.activities.specs.dll" id="28866aaf-1203-02e8-591a-5d7da7c147b6">
      <Description>Test WF with Python</Description>
      <TestCategory>
        <TestCategoryItem TestCategory="TestFramework" />
      </TestCategory>
      <Execution id="554c1d80-fcdb-4f35-9084-678119f7a0d0" />
      <Properties>
        <Property>
          <Key>FeatureTitle</Key>
          <Value>StudioTestFramework</Value>
        </Property>
      </Properties>
      <TestMethod codeBase="D:/Repos/GENDEV/Warewolf-ESB/Dev/Warewolf.Specs/Dev2.Activities.Specs.DLL" adapterTypeName="Microsoft.VisualStudio.TestTools.TestTypes.Unit.UnitTestAdapter, Microsoft.VisualStudio.QualityTools.Tips.UnitTest.Adapter, Version=14.0.0.0, Culture=neutral, PublicKeyToken=b03f5f7f11d50a3a" className="Dev2.Activities.Specs.TestFramework.StudioTestFrameworkFeature, Dev2.Activities.Specs, Version=0.0.6284.21160, Culture=neutral, PublicKeyToken=null" name="TestWFWithPython" />
    </UnitTest>
    <UnitTest name="RunATestWithInvalidInputsAndPendingResults" storage="d:\repos\gendev\warewolf-esb\dev\warewolf.specs\dev2.activities.specs.dll" id="68443f27-8558-ced9-806b-3ef5b29412c4">
      <Description>Run a test with invalid inputs and pending results</Description>
      <TestCategory>
        <TestCategoryItem TestCategory="TestFramework" />
      </TestCategory>
      <Execution id="bdb7b38f-ecc1-4a4d-bab9-fe4481b87db4" />
      <Properties>
        <Property>
          <Key>FeatureTitle</Key>
          <Value>StudioTestFramework</Value>
        </Property>
      </Properties>
      <TestMethod codeBase="D:/Repos/GENDEV/Warewolf-ESB/Dev/Warewolf.Specs/Dev2.Activities.Specs.DLL" adapterTypeName="Microsoft.VisualStudio.TestTools.TestTypes.Unit.UnitTestAdapter, Microsoft.VisualStudio.QualityTools.Tips.UnitTest.Adapter, Version=14.0.0.0, Culture=neutral, PublicKeyToken=b03f5f7f11d50a3a" className="Dev2.Activities.Specs.TestFramework.StudioTestFrameworkFeature, Dev2.Activities.Specs, Version=0.0.6284.21160, Culture=neutral, PublicKeyToken=null" name="RunATestWithInvalidInputsAndPendingResults" />
    </UnitTest>
    <UnitTest name="TestWFWithSharepointCreateListItems" storage="d:\repos\gendev\warewolf-esb\dev\warewolf.specs\dev2.activities.specs.dll" id="03b06cfc-0ce4-a74e-dafe-23d76a304f5a">
      <Description>Test WF with Sharepoint Create List Items</Description>
      <TestCategory>
        <TestCategoryItem TestCategory="TestFramework" />
      </TestCategory>
      <Execution id="888fae7f-b2c9-4d29-98dd-a9c14458ed93" />
      <Properties>
        <Property>
          <Key>FeatureTitle</Key>
          <Value>StudioTestFramework</Value>
        </Property>
      </Properties>
      <TestMethod codeBase="D:/Repos/GENDEV/Warewolf-ESB/Dev/Warewolf.Specs/Dev2.Activities.Specs.DLL" adapterTypeName="Microsoft.VisualStudio.TestTools.TestTypes.Unit.UnitTestAdapter, Microsoft.VisualStudio.QualityTools.Tips.UnitTest.Adapter, Version=14.0.0.0, Culture=neutral, PublicKeyToken=b03f5f7f11d50a3a" className="Dev2.Activities.Specs.TestFramework.StudioTestFrameworkFeature, Dev2.Activities.Specs, Version=0.0.6284.21160, Culture=neutral, PublicKeyToken=null" name="TestWFWithSharepointCreateListItems" />
    </UnitTest>
    <UnitTest name="DuplicateATestWithSameNameFails" storage="d:\repos\gendev\warewolf-esb\dev\warewolf.specs\dev2.activities.specs.dll" id="4a046c30-a5f5-f712-6eb1-55f71848e7b2">
      <Description>Duplicate a test with same name fails</Description>
      <TestCategory>
        <TestCategoryItem TestCategory="TestFramework" />
      </TestCategory>
      <Execution id="f1473feb-17be-4bf4-a857-07ba58b4216f" />
      <Properties>
        <Property>
          <Key>FeatureTitle</Key>
          <Value>StudioTestFramework</Value>
        </Property>
      </Properties>
      <TestMethod codeBase="D:/Repos/GENDEV/Warewolf-ESB/Dev/Warewolf.Specs/Dev2.Activities.Specs.DLL" adapterTypeName="Microsoft.VisualStudio.TestTools.TestTypes.Unit.UnitTestAdapter, Microsoft.VisualStudio.QualityTools.Tips.UnitTest.Adapter, Version=14.0.0.0, Culture=neutral, PublicKeyToken=b03f5f7f11d50a3a" className="Dev2.Activities.Specs.TestFramework.StudioTestFrameworkFeature, Dev2.Activities.Specs, Version=0.0.6284.21160, Culture=neutral, PublicKeyToken=null" name="DuplicateATestWithSameNameFails" />
    </UnitTest>
    <UnitTest name="TestWFWithWebRequest" storage="d:\repos\gendev\warewolf-esb\dev\warewolf.specs\dev2.activities.specs.dll" id="ef8acbde-6cb7-01ab-975f-83f03f018b7e">
      <Description>Test WF with WebRequest</Description>
      <TestCategory>
        <TestCategoryItem TestCategory="TestFramework" />
      </TestCategory>
      <Execution id="a5c375b7-0719-4b3c-997f-3f2e8b6d0d3d" />
      <Properties>
        <Property>
          <Key>FeatureTitle</Key>
          <Value>StudioTestFramework</Value>
        </Property>
      </Properties>
      <TestMethod codeBase="D:/Repos/GENDEV/Warewolf-ESB/Dev/Warewolf.Specs/Dev2.Activities.Specs.DLL" adapterTypeName="Microsoft.VisualStudio.TestTools.TestTypes.Unit.UnitTestAdapter, Microsoft.VisualStudio.QualityTools.Tips.UnitTest.Adapter, Version=14.0.0.0, Culture=neutral, PublicKeyToken=b03f5f7f11d50a3a" className="Dev2.Activities.Specs.TestFramework.StudioTestFrameworkFeature, Dev2.Activities.Specs, Version=0.0.6284.21160, Culture=neutral, PublicKeyToken=null" name="TestWFWithWebRequest" />
    </UnitTest>
    <UnitTest name="TestWFWithSharepointDeleteFileList" storage="d:\repos\gendev\warewolf-esb\dev\warewolf.specs\dev2.activities.specs.dll" id="d184adf1-d5f2-60c3-6c9d-47ef9934afc4">
      <Description>Test WF with Sharepoint Delete File List</Description>
      <TestCategory>
        <TestCategoryItem TestCategory="TestFramework" />
      </TestCategory>
      <Execution id="ea4ed68b-53b7-444e-b273-45e44762760b" />
      <Properties>
        <Property>
          <Key>FeatureTitle</Key>
          <Value>StudioTestFramework</Value>
        </Property>
      </Properties>
      <TestMethod codeBase="D:/Repos/GENDEV/Warewolf-ESB/Dev/Warewolf.Specs/Dev2.Activities.Specs.DLL" adapterTypeName="Microsoft.VisualStudio.TestTools.TestTypes.Unit.UnitTestAdapter, Microsoft.VisualStudio.QualityTools.Tips.UnitTest.Adapter, Version=14.0.0.0, Culture=neutral, PublicKeyToken=b03f5f7f11d50a3a" className="Dev2.Activities.Specs.TestFramework.StudioTestFrameworkFeature, Dev2.Activities.Specs, Version=0.0.6284.21160, Culture=neutral, PublicKeyToken=null" name="TestWFWithSharepointDeleteFileList" />
    </UnitTest>
    <UnitTest name="RunAllTestsFailsWhenWorkflowDeleted" storage="d:\repos\gendev\warewolf-esb\dev\warewolf.specs\dev2.activities.specs.dll" id="6162b4f9-4398-f627-865e-f29a9057e619">
      <Description>Run All Tests fails when workflow deleted</Description>
      <TestCategory>
        <TestCategoryItem TestCategory="TestFramework" />
      </TestCategory>
      <Execution id="4eb83960-5c88-40f1-8e45-af860fd845de" />
      <Properties>
        <Property>
          <Key>FeatureTitle</Key>
          <Value>StudioTestFramework</Value>
        </Property>
      </Properties>
      <TestMethod codeBase="D:/Repos/GENDEV/Warewolf-ESB/Dev/Warewolf.Specs/Dev2.Activities.Specs.DLL" adapterTypeName="Microsoft.VisualStudio.TestTools.TestTypes.Unit.UnitTestAdapter, Microsoft.VisualStudio.QualityTools.Tips.UnitTest.Adapter, Version=14.0.0.0, Culture=neutral, PublicKeyToken=b03f5f7f11d50a3a" className="Dev2.Activities.Specs.TestFramework.StudioTestFrameworkFeature, Dev2.Activities.Specs, Version=0.0.6284.21160, Culture=neutral, PublicKeyToken=null" name="RunAllTestsFailsWhenWorkflowDeleted" />
    </UnitTest>
  </TestDefinitions>
  <TestLists>
    <TestList name="Results Not in a List" id="8c84fa94-04c1-424b-9868-57a2d4851a1d" />
    <TestList name="All Loaded Results" id="19431567-8539-422a-85d7-44ee4e166bda" />
  </TestLists>
  <TestEntries>
    <TestEntry testId="a1df71f7-3789-3152-b47a-d837060ff9be" executionId="c66c68d3-f25b-4725-9f57-943a32ea5b64" testListId="8c84fa94-04c1-424b-9868-57a2d4851a1d" />
    <TestEntry testId="566adac6-90b7-a775-f2c6-26f57a7278bf" executionId="4fd1b702-2cc6-4001-8396-e8625128d8e5" testListId="8c84fa94-04c1-424b-9868-57a2d4851a1d" />
    <TestEntry testId="37fc7d64-38b9-e22c-8aa9-82b037f0d42a" executionId="23ed289f-4c84-47a3-b6a4-4a0f76342f1d" testListId="8c84fa94-04c1-424b-9868-57a2d4851a1d" />
    <TestEntry testId="2f888c58-e556-0cd9-574e-154298558283" executionId="3d8b7fb8-1827-4ff5-8334-4bc52d5092c2" testListId="8c84fa94-04c1-424b-9868-57a2d4851a1d" />
    <TestEntry testId="36f0ac1c-ab96-58f2-a880-a5d18ee771e4" executionId="a0d54953-d271-4a15-8903-a7f429d27ab4" testListId="8c84fa94-04c1-424b-9868-57a2d4851a1d" />
    <TestEntry testId="aacf96d7-a601-d8e8-fb91-2ef34a56a50e" executionId="4839e120-83ae-4cb6-a3da-ed7364e19403" testListId="8c84fa94-04c1-424b-9868-57a2d4851a1d" />
    <TestEntry testId="bd29c03b-f70e-2e03-a4e7-893f63fbe301" executionId="2307a872-e22c-4c18-b5bd-185e2bdae489" testListId="8c84fa94-04c1-424b-9868-57a2d4851a1d" />
    <TestEntry testId="d6c0eda4-8a11-858b-11a0-8e5595d53ee6" executionId="76fa0a23-9446-4d95-8c5d-d88f137ff307" testListId="8c84fa94-04c1-424b-9868-57a2d4851a1d" />
    <TestEntry testId="8ba62538-aab0-6ff1-63da-f26099a220a6" executionId="6f1dd084-8ade-4a24-a1e1-b9911dfe61a5" testListId="8c84fa94-04c1-424b-9868-57a2d4851a1d" />
    <TestEntry testId="0c9c7614-6a5a-4aeb-e1b1-311b92485073" executionId="e7f03e47-4c6b-4328-9848-0bff4c276576" testListId="8c84fa94-04c1-424b-9868-57a2d4851a1d" />
    <TestEntry testId="45bef883-5404-57ca-e724-ad4a627d53d9" executionId="5eb4e53c-f6d3-4ecd-b0e1-876c5c442d41" testListId="8c84fa94-04c1-424b-9868-57a2d4851a1d" />
    <TestEntry testId="c8cb6be4-3b18-e567-b275-91c7a0468dba" executionId="d0f746d7-2e40-4b39-a493-c725174fc6cb" testListId="8c84fa94-04c1-424b-9868-57a2d4851a1d" />
    <TestEntry testId="8f84e02a-db07-e6a9-dd02-431bbff27d8f" executionId="5f5a6290-300b-4e39-be37-d3d79d497eb1" testListId="8c84fa94-04c1-424b-9868-57a2d4851a1d" />
    <TestEntry testId="4a046c30-a5f5-f712-6eb1-55f71848e7b2" executionId="f1473feb-17be-4bf4-a857-07ba58b4216f" testListId="8c84fa94-04c1-424b-9868-57a2d4851a1d" />
    <TestEntry testId="fa262058-72b4-1b29-f17f-4de753413655" executionId="1543a721-7208-42ac-8274-7ba29c8abe7c" testListId="8c84fa94-04c1-424b-9868-57a2d4851a1d" />
    <TestEntry testId="2bd5d5cf-0bca-f770-a62a-3521f56d7a06" executionId="e8a7b3a8-b9a8-4f03-b5a2-cc4915565053" testListId="8c84fa94-04c1-424b-9868-57a2d4851a1d" />
    <TestEntry testId="0e322d96-07cf-2eea-4fde-23a3841aec45" executionId="93040bd4-2695-4133-a3d0-aa1912e962aa" testListId="8c84fa94-04c1-424b-9868-57a2d4851a1d" />
    <TestEntry testId="433b852c-f49c-ab8b-fffa-dd321f48e9c4" executionId="8405dfef-c471-428e-8425-bdcadcd1e4f5" testListId="8c84fa94-04c1-424b-9868-57a2d4851a1d" />
    <TestEntry testId="b4688a00-7e37-b528-9c85-44ccb1024020" executionId="80fe1e4c-5a85-4d50-875e-63d1202043bb" testListId="8c84fa94-04c1-424b-9868-57a2d4851a1d" />
    <TestEntry testId="158a1177-d842-6921-8636-6a0e27532020" executionId="03da3d86-b3dc-47c1-b236-eb1c4ee81cca" testListId="8c84fa94-04c1-424b-9868-57a2d4851a1d" />
    <TestEntry testId="341e82fa-aa7d-e3bf-ebb8-4f7553464f16" executionId="7db1e782-3f06-4c16-9fa8-edeb2b40bcab" testListId="8c84fa94-04c1-424b-9868-57a2d4851a1d" />
    <TestEntry testId="6162b4f9-4398-f627-865e-f29a9057e619" executionId="4eb83960-5c88-40f1-8e45-af860fd845de" testListId="8c84fa94-04c1-424b-9868-57a2d4851a1d" />
    <TestEntry testId="8af99262-d0f2-6de5-9df9-c5d89e0d4548" executionId="3c6cd21a-6ac3-4f75-be3f-ae77f759051b" testListId="8c84fa94-04c1-424b-9868-57a2d4851a1d" />
    <TestEntry testId="d755ae8a-b96c-ef84-9566-2cc099d65a0b" executionId="d1ec84d8-62bc-42c0-b4f1-728c08537ee8" testListId="8c84fa94-04c1-424b-9868-57a2d4851a1d" />
    <TestEntry testId="f30824ba-11d9-fc1e-c21d-faa8fb260b46" executionId="0b421b4c-9492-40e3-91d5-b7a9cefc8488" testListId="8c84fa94-04c1-424b-9868-57a2d4851a1d" />
    <TestEntry testId="59a4c61d-77b8-06f5-1a81-31840b033f1d" executionId="de317e32-deeb-4a45-a490-68c2aa73009a" testListId="8c84fa94-04c1-424b-9868-57a2d4851a1d" />
    <TestEntry testId="35f8e990-614e-d0af-45a5-7311b5e7e6cf" executionId="7919ce8c-edc6-4ca8-9650-3be5fd2bd12d" testListId="8c84fa94-04c1-424b-9868-57a2d4851a1d" />
    <TestEntry testId="474b9070-b9eb-69a3-88d5-10e5d691f495" executionId="0cf50d45-37cd-46bd-817a-8c05cd84b6cc" testListId="8c84fa94-04c1-424b-9868-57a2d4851a1d" />
    <TestEntry testId="a33c0289-d0ab-a6d4-01f2-e64e7c47ef25" executionId="4e81d5c6-d301-4fe9-bf38-eda4201e42b0" testListId="8c84fa94-04c1-424b-9868-57a2d4851a1d" />
    <TestEntry testId="5a5d4ddc-16a0-2638-fa34-12fe7b461034" executionId="ff935411-07ee-4cc0-ad22-36009c5a6ce3" testListId="8c84fa94-04c1-424b-9868-57a2d4851a1d" />
    <TestEntry testId="2a291803-4277-ac00-14de-36096874713b" executionId="23cc4fef-d2a1-4206-a59d-6c038dce32f2" testListId="8c84fa94-04c1-424b-9868-57a2d4851a1d" />
    <TestEntry testId="68443f27-8558-ced9-806b-3ef5b29412c4" executionId="bdb7b38f-ecc1-4a4d-bab9-fe4481b87db4" testListId="8c84fa94-04c1-424b-9868-57a2d4851a1d" />
    <TestEntry testId="12441baa-b62c-a8e7-6125-0c86dcd5d998" executionId="5c9f786d-a252-4915-ac33-70a6c1b60065" testListId="8c84fa94-04c1-424b-9868-57a2d4851a1d" />
    <TestEntry testId="4a33ce8e-ac67-e61a-c02d-76ce1224f27d" executionId="2b30608c-93e7-407b-acca-5f52f4e6c379" testListId="8c84fa94-04c1-424b-9868-57a2d4851a1d" />
    <TestEntry testId="d5a8a751-23f1-d02d-6283-25f495a95bb3" executionId="bead5154-303b-45b1-a42e-25f9bf4c73ac" testListId="8c84fa94-04c1-424b-9868-57a2d4851a1d" />
    <TestEntry testId="319d8484-9df9-f8a6-5298-ebacc574a0e9" executionId="719a5b54-26af-4517-a16f-8813c4e0edb1" testListId="8c84fa94-04c1-424b-9868-57a2d4851a1d" />
    <TestEntry testId="664d5865-961d-d5ad-0c4b-7b38130a055b" executionId="31c3ee65-e5d8-46a7-8627-16c8f7400817" testListId="8c84fa94-04c1-424b-9868-57a2d4851a1d" />
    <TestEntry testId="cbc9dadf-f658-0a1a-34c8-b7b012cb0cc9" executionId="3bffa49c-c6dc-4b31-a42f-9b1a42e349cd" testListId="8c84fa94-04c1-424b-9868-57a2d4851a1d" />
    <TestEntry testId="15acd136-5e33-3d3a-8966-f2f31167417f" executionId="856d0bf9-b63b-4def-ba3d-f260b19e7fdf" testListId="8c84fa94-04c1-424b-9868-57a2d4851a1d" />
    <TestEntry testId="85c9ccd7-01a0-c8a9-7f19-2a771ac68924" executionId="803dbfbe-8d8c-4425-b8d6-9d05fcd11a29" testListId="8c84fa94-04c1-424b-9868-57a2d4851a1d" />
    <TestEntry testId="c1c795b1-dad5-a168-dca7-b625ff7c1f7a" executionId="e37ff4fc-58b9-4ad3-8d5e-a17c4bfe51cb" testListId="8c84fa94-04c1-424b-9868-57a2d4851a1d" />
    <TestEntry testId="caa4fe54-cb0b-be2f-5331-16096c98e7b2" executionId="9ca41272-6bb4-44f5-b027-da089d579556" testListId="8c84fa94-04c1-424b-9868-57a2d4851a1d" />
    <TestEntry testId="ffec8354-71d8-7291-e86f-c7cc4c4e5d97" executionId="811b9d56-765e-4495-a166-3630a6b8a3d3" testListId="8c84fa94-04c1-424b-9868-57a2d4851a1d" />
    <TestEntry testId="fe9db2d1-7edd-1c41-6dd0-1809a49a7a27" executionId="c5def6d6-37b4-407d-9976-334b43c0d257" testListId="8c84fa94-04c1-424b-9868-57a2d4851a1d" />
    <TestEntry testId="31889338-7bf8-dce1-4210-b78426286499" executionId="4b188613-a980-4702-a757-2ea5a4626ceb" testListId="8c84fa94-04c1-424b-9868-57a2d4851a1d" />
    <TestEntry testId="2b32866c-e315-7447-35f5-4fae23ed796d" executionId="7b17922d-6e88-45dd-8c28-d0b4b7f9b782" testListId="8c84fa94-04c1-424b-9868-57a2d4851a1d" />
    <TestEntry testId="f3c72e1a-d4d9-394d-d95f-e35997ce60b3" executionId="16b1c7f8-9614-4c2a-b909-d8faeb6a052a" testListId="8c84fa94-04c1-424b-9868-57a2d4851a1d" />
    <TestEntry testId="67420e28-07ca-60e3-b333-db57cab750ce" executionId="85b8eb3a-7827-4036-a5db-11ad227c4fc9" testListId="8c84fa94-04c1-424b-9868-57a2d4851a1d" />
    <TestEntry testId="8fb5cbbc-575a-5177-1615-5778ec6214fc" executionId="ce0c7b16-37b3-4278-af68-ec6076254547" testListId="8c84fa94-04c1-424b-9868-57a2d4851a1d" />
    <TestEntry testId="39ac3426-339b-03f1-5b9b-51bb69804c53" executionId="8160fd22-f104-4ac6-8736-947f50467a29" testListId="8c84fa94-04c1-424b-9868-57a2d4851a1d" />
    <TestEntry testId="cb6584f2-c60c-062f-f0d0-871d75678bc7" executionId="3ad8668b-3e29-4b60-aba8-786f6d92f6bc" testListId="8c84fa94-04c1-424b-9868-57a2d4851a1d" />
    <TestEntry testId="e0fa4f4e-32e1-8b14-0ed2-e64e10bc307c" executionId="316cd47f-9990-441e-a2c1-9c99557f07d5" testListId="8c84fa94-04c1-424b-9868-57a2d4851a1d" />
    <TestEntry testId="b5c39f9b-929b-8f46-8dc4-db79eef7729e" executionId="a616a1d6-6df1-4668-b36f-d495f4d43e9a" testListId="8c84fa94-04c1-424b-9868-57a2d4851a1d" />
    <TestEntry testId="c344b4b0-d01e-3458-4be4-2f3092ee3560" executionId="d7204ebb-700e-42e5-a0b9-3b8e336de6a7" testListId="8c84fa94-04c1-424b-9868-57a2d4851a1d" />
    <TestEntry testId="23eecf22-9572-ecf7-bd52-66316427a72a" executionId="fd59a7f5-362b-49a6-ab32-1d4676c8dc2d" testListId="8c84fa94-04c1-424b-9868-57a2d4851a1d" />
    <TestEntry testId="61773ec1-43e7-f5d9-6470-705a65c99919" executionId="8a4a8c7e-719b-4584-91dd-29103f6f16e8" testListId="8c84fa94-04c1-424b-9868-57a2d4851a1d" />
    <TestEntry testId="78af3c83-cb15-4087-4bee-72feb118f0a5" executionId="72d002d4-ebcf-447b-8e49-989de441805e" testListId="8c84fa94-04c1-424b-9868-57a2d4851a1d" />
    <TestEntry testId="18d4aaba-5e56-eb96-8373-444f85de3d3a" executionId="63e9a470-2a9c-469c-9ff1-8623f0b1863d" testListId="8c84fa94-04c1-424b-9868-57a2d4851a1d" />
    <TestEntry testId="53ba1773-984e-e562-3419-95dcf34e5eb1" executionId="26dd7b04-5194-45f6-9bac-30c14b6bc584" testListId="8c84fa94-04c1-424b-9868-57a2d4851a1d" />
    <TestEntry testId="0a43d5cd-cbe2-011c-a428-d48c79f65844" executionId="96284a0f-b9b7-4650-91c3-2675b7dc04a5" testListId="8c84fa94-04c1-424b-9868-57a2d4851a1d" />
    <TestEntry testId="01717870-5e55-3dc9-bb3a-d6f8c5b39631" executionId="c6862d58-2d44-49f8-a7a0-7bcf8ac0e556" testListId="8c84fa94-04c1-424b-9868-57a2d4851a1d" />
    <TestEntry testId="48334420-5f7b-32ec-3b64-3ccd55956250" executionId="bcbe879d-908f-4a10-a231-1bccd7a00275" testListId="8c84fa94-04c1-424b-9868-57a2d4851a1d" />
    <TestEntry testId="9393488f-da3f-a59c-804f-a6846861e5f3" executionId="0a023b91-87ec-48a9-b80c-b3ec474e7ee5" testListId="8c84fa94-04c1-424b-9868-57a2d4851a1d" />
    <TestEntry testId="13e8f521-666a-180f-ceb0-0969313ba61a" executionId="4758d2a6-8cfc-4cb4-b460-faf59281935c" testListId="8c84fa94-04c1-424b-9868-57a2d4851a1d" />
    <TestEntry testId="85d05142-6e5e-7197-4024-dfbf3471069e" executionId="7dcc480d-95c6-49b2-8b87-ecb2d930330f" testListId="8c84fa94-04c1-424b-9868-57a2d4851a1d" />
    <TestEntry testId="4066a9a2-2586-1d03-88a9-c70399428371" executionId="450145e8-9348-4ade-a070-800def115943" testListId="8c84fa94-04c1-424b-9868-57a2d4851a1d" />
    <TestEntry testId="2f1cb035-6c44-f9dd-fc2c-33e0b082e397" executionId="95cdc4ce-f768-43dd-8496-15877852be12" testListId="8c84fa94-04c1-424b-9868-57a2d4851a1d" />
    <TestEntry testId="2a8e2871-c365-a27d-787f-d35c98ebcae5" executionId="34e096ad-dcc4-4565-8b12-9b2c2841d60c" testListId="8c84fa94-04c1-424b-9868-57a2d4851a1d" />
    <TestEntry testId="595cc337-2831-9543-32b0-fd7ab12ced81" executionId="08416313-1158-4e5b-9b7d-e9e4c1069e2f" testListId="8c84fa94-04c1-424b-9868-57a2d4851a1d" />
    <TestEntry testId="78eda002-a1ed-feca-f331-785bae74adc9" executionId="f2285a9f-cbd8-47b4-bf37-1d2a2369312b" testListId="8c84fa94-04c1-424b-9868-57a2d4851a1d" />
    <TestEntry testId="d88e8b77-1762-1bc5-1471-0dc06a64092c" executionId="b0f47874-68c7-4ac1-8899-7aae09f6a9b1" testListId="8c84fa94-04c1-424b-9868-57a2d4851a1d" />
    <TestEntry testId="5cf9e980-5018-4b25-43a1-dad46f9351b9" executionId="67f28852-ebbf-4991-9c86-a5d0a2759b3e" testListId="8c84fa94-04c1-424b-9868-57a2d4851a1d" />
    <TestEntry testId="54695cab-4f4f-cb5e-7d3f-66a14cf0ab5d" executionId="54124c48-8674-40ac-8189-26badf029dd1" testListId="8c84fa94-04c1-424b-9868-57a2d4851a1d" />
    <TestEntry testId="8dc1ff79-21a4-3f77-bd43-a42c834204a4" executionId="d84ce923-d9a5-4625-a2b0-de0e29202d9d" testListId="8c84fa94-04c1-424b-9868-57a2d4851a1d" />
    <TestEntry testId="28866aaf-1203-02e8-591a-5d7da7c147b6" executionId="554c1d80-fcdb-4f35-9084-678119f7a0d0" testListId="8c84fa94-04c1-424b-9868-57a2d4851a1d" />
    <TestEntry testId="51a92cf6-09f8-e546-4877-010ca59c1c31" executionId="e44eddcf-c096-4022-8786-8e6b5cbef70d" testListId="8c84fa94-04c1-424b-9868-57a2d4851a1d" />
    <TestEntry testId="8b24f2c6-4c0d-82b3-23b6-0063c4b7c82b" executionId="8bd39644-5bc8-4441-8a64-124ed92e9b74" testListId="8c84fa94-04c1-424b-9868-57a2d4851a1d" />
    <TestEntry testId="6cddc4bc-7907-beb9-e411-b23623bf139b" executionId="21fa2357-427d-44f2-acd0-6195aa1c39f0" testListId="8c84fa94-04c1-424b-9868-57a2d4851a1d" />
    <TestEntry testId="f957ea5a-3757-ecad-89bd-2b57ea79b6e6" executionId="7219f830-c6df-4e2b-a6cd-db9e4b037087" testListId="8c84fa94-04c1-424b-9868-57a2d4851a1d" />
    <TestEntry testId="a3835629-4808-e4cd-8137-2c27da7a1fec" executionId="2d5e7052-2b34-4dac-8844-c9a0d10ca709" testListId="8c84fa94-04c1-424b-9868-57a2d4851a1d" />
    <TestEntry testId="c25a4d07-41ed-47a9-fa5f-571bad9d6201" executionId="e9b1691f-56f5-4a07-8677-37ec46be8b81" testListId="8c84fa94-04c1-424b-9868-57a2d4851a1d" />
    <TestEntry testId="87366c3e-d117-f9f4-00ee-89317dd8159e" executionId="9fe34d53-b768-4294-90ae-778e4ae7d3d0" testListId="8c84fa94-04c1-424b-9868-57a2d4851a1d" />
    <TestEntry testId="af9fdfe9-e17d-5b8e-b899-3f5890756994" executionId="7692547d-6216-4714-a574-0741090153cc" testListId="8c84fa94-04c1-424b-9868-57a2d4851a1d" />
    <TestEntry testId="03b06cfc-0ce4-a74e-dafe-23d76a304f5a" executionId="888fae7f-b2c9-4d29-98dd-a9c14458ed93" testListId="8c84fa94-04c1-424b-9868-57a2d4851a1d" />
    <TestEntry testId="1a50a430-ee80-86a1-b715-409b066b787a" executionId="8917ddb9-5e35-4bba-beb7-bba1edf20418" testListId="8c84fa94-04c1-424b-9868-57a2d4851a1d" />
    <TestEntry testId="d184adf1-d5f2-60c3-6c9d-47ef9934afc4" executionId="ea4ed68b-53b7-444e-b273-45e44762760b" testListId="8c84fa94-04c1-424b-9868-57a2d4851a1d" />
    <TestEntry testId="b2be7eb0-c1c4-c77d-eaf0-d210296c0e8b" executionId="d02cbf06-da07-4da4-bdd9-37df02566243" testListId="8c84fa94-04c1-424b-9868-57a2d4851a1d" />
    <TestEntry testId="d2d52858-c2a0-59a0-ef3e-845d67302963" executionId="4ec3a4cc-6592-4cc1-af38-e330be3ba4e5" testListId="8c84fa94-04c1-424b-9868-57a2d4851a1d" />
    <TestEntry testId="c4d6f25a-8d47-3573-0917-4b5d1c247b3c" executionId="fdcf1e2d-b3d9-48e9-ad4e-39e24ea17e02" testListId="8c84fa94-04c1-424b-9868-57a2d4851a1d" />
    <TestEntry testId="476fcbbb-ee1d-56d6-b23e-e4b8ceef206a" executionId="e0b744b4-0a6e-4778-a6c5-1083d769031a" testListId="8c84fa94-04c1-424b-9868-57a2d4851a1d" />
    <TestEntry testId="9928e76b-881e-723b-8a62-3b9629243985" executionId="162ff1b5-a110-4050-8bea-a9c08bd7aa73" testListId="8c84fa94-04c1-424b-9868-57a2d4851a1d" />
    <TestEntry testId="5356bc83-3854-454e-e0c3-c2f90675028d" executionId="2d43e7a1-226d-4132-8c3d-928d8b928d4a" testListId="8c84fa94-04c1-424b-9868-57a2d4851a1d" />
    <TestEntry testId="fb01a075-4f68-da2e-1677-6900e32ac072" executionId="41ac1064-e88f-4ec8-b2e1-5244fd7ca290" testListId="8c84fa94-04c1-424b-9868-57a2d4851a1d" />
    <TestEntry testId="ecf4be2b-cc76-dc41-12ab-2e6ca71173e3" executionId="3665bbd6-7149-406c-9854-42d7ce57736a" testListId="8c84fa94-04c1-424b-9868-57a2d4851a1d" />
    <TestEntry testId="4bf3632b-2e4a-3ab0-2adc-ac4ab248f075" executionId="3e8df6b1-7fa0-4408-985a-0e95aacddc85" testListId="8c84fa94-04c1-424b-9868-57a2d4851a1d" />
    <TestEntry testId="8f86d6a6-8342-4317-8af0-165e722ed5f1" executionId="3f32744f-2ad8-4add-a164-d8b5c53e74a8" testListId="8c84fa94-04c1-424b-9868-57a2d4851a1d" />
    <TestEntry testId="e7d67136-9d6b-41c4-d1cf-3d06fe45c1d5" executionId="d6bb1f93-255a-4f2d-bcfa-6f1d9673934e" testListId="8c84fa94-04c1-424b-9868-57a2d4851a1d" />
    <TestEntry testId="e56cb2a6-ad81-9ccd-d628-b0d95041463b" executionId="78db62f4-0696-4783-bf4e-c22431febaf7" testListId="8c84fa94-04c1-424b-9868-57a2d4851a1d" />
    <TestEntry testId="5be8f232-547e-ba27-1051-44f206ceb36b" executionId="9a1a4e8f-4416-4a97-8490-cf2823fbf0a7" testListId="8c84fa94-04c1-424b-9868-57a2d4851a1d" />
    <TestEntry testId="50e19035-45b2-164a-4d5e-a6469b1529dc" executionId="2fa8f48d-265e-42e4-bc00-cb0347cbeded" testListId="8c84fa94-04c1-424b-9868-57a2d4851a1d" />
    <TestEntry testId="fd05259c-5226-66e5-ecee-42727fe2848d" executionId="fb8eac16-3f80-456e-8aec-3ab695862191" testListId="8c84fa94-04c1-424b-9868-57a2d4851a1d" />
    <TestEntry testId="f28921f2-625c-600f-f981-4a95c6708989" executionId="29e508b4-0db8-4c9c-9ab7-bbcc0ac344f8" testListId="8c84fa94-04c1-424b-9868-57a2d4851a1d" />
    <TestEntry testId="ef8acbde-6cb7-01ab-975f-83f03f018b7e" executionId="a5c375b7-0719-4b3c-997f-3f2e8b6d0d3d" testListId="8c84fa94-04c1-424b-9868-57a2d4851a1d" />
    <TestEntry testId="934d7688-a5a0-e549-e852-6734b93cfdbf" executionId="44de032f-ab32-4913-a6e0-ae05aa21c19a" testListId="8c84fa94-04c1-424b-9868-57a2d4851a1d" />
    <TestEntry testId="8eb6a0a3-f8da-d519-82fb-b6760f249cc7" executionId="6d0701ea-f64f-49b0-9260-85413e1fdbd4" testListId="8c84fa94-04c1-424b-9868-57a2d4851a1d" />
    <TestEntry testId="0dfc2b42-0190-0e70-0fb3-168eae4d0638" executionId="fc0fdfc8-ce21-41d6-82dc-df0262d9ae59" testListId="8c84fa94-04c1-424b-9868-57a2d4851a1d" />
    <TestEntry testId="cbdf00f1-3616-196b-18ec-2b582b895aee" executionId="4e4132be-c56f-4737-a8ba-6b2d5fbaa6ef" testListId="8c84fa94-04c1-424b-9868-57a2d4851a1d" />
    <TestEntry testId="dfa5b666-44bc-fb85-9c82-bdfe10cae7f4" executionId="96928eb6-8904-4a6e-b7a7-38a10d021a76" testListId="8c84fa94-04c1-424b-9868-57a2d4851a1d" />
    <TestEntry testId="958d3bb1-2692-29a8-2258-6fc8be6e2b68" executionId="2e5394e1-1086-4ffb-8e5e-00adaa273bf0" testListId="8c84fa94-04c1-424b-9868-57a2d4851a1d" />
    <TestEntry testId="05bf121b-8a79-6502-2f74-2f2f942a8580" executionId="886b2396-ece0-4c0e-ac7f-eee7f7bc5f69" testListId="8c84fa94-04c1-424b-9868-57a2d4851a1d" />
    <TestEntry testId="6e41fe82-b780-e4fc-dd8c-a460490889b0" executionId="1739e09d-27ec-46ba-9d85-ead0693bebc7" testListId="8c84fa94-04c1-424b-9868-57a2d4851a1d" />
    <TestEntry testId="a62898d9-8f94-1004-ca48-bdb836a00a05" executionId="bc2df52c-f787-4939-9c94-56fd2a3ac591" testListId="8c84fa94-04c1-424b-9868-57a2d4851a1d" />
    <TestEntry testId="a841a69e-d4f5-c397-a237-c245f7952c3d" executionId="dfee9b53-3204-4d90-bcf9-102e357698c2" testListId="8c84fa94-04c1-424b-9868-57a2d4851a1d" />
    <TestEntry testId="a9d1a851-8109-be69-d125-e5b92f2e9cf8" executionId="2aaab956-6e8a-40b6-ba15-1d07d4859615" testListId="8c84fa94-04c1-424b-9868-57a2d4851a1d" />
    <TestEntry testId="7b5bbfba-e49d-01db-2de8-5f8403e2d0a3" executionId="935c166b-beb9-4aa8-9b53-b94a2133afea" testListId="8c84fa94-04c1-424b-9868-57a2d4851a1d" />
    <TestEntry testId="a5f68ab3-0b57-72ca-c4ce-0adf6e5c0a49" executionId="51a017a5-2e7a-42ce-9698-85c11616d740" testListId="8c84fa94-04c1-424b-9868-57a2d4851a1d" />
    <TestEntry testId="d84ba11b-e99a-1bee-4ab2-96f4eb853466" executionId="360672a0-ea07-4abb-9aca-cd1542e7c76b" testListId="8c84fa94-04c1-424b-9868-57a2d4851a1d" />
    <TestEntry testId="81134d24-594e-9ffe-460c-1c95ddebb51b" executionId="487af6ee-ad3a-4883-9370-9066a015706b" testListId="8c84fa94-04c1-424b-9868-57a2d4851a1d" />
    <TestEntry testId="2d5115c3-d739-0fc6-a8f7-bb1f8e1b96bf" executionId="cd9da82b-bce0-4b0e-9bf2-1fb7bfd59791" testListId="8c84fa94-04c1-424b-9868-57a2d4851a1d" />
    <TestEntry testId="1c1fe023-9759-3151-f103-b3e7f4579746" executionId="9fa88c38-48a7-49ec-94a9-445b3e987736" testListId="8c84fa94-04c1-424b-9868-57a2d4851a1d" />
    <TestEntry testId="0c623fcf-6724-50a3-75cc-cca96aae94d7" executionId="8eb1ecaf-0d97-4284-844d-b49cc08c8306" testListId="8c84fa94-04c1-424b-9868-57a2d4851a1d" />
    <TestEntry testId="28b68618-dee8-0ae3-0b6b-7d40f29603a0" executionId="8ce83317-7df0-4178-923e-e921f323ee7f" testListId="8c84fa94-04c1-424b-9868-57a2d4851a1d" />
    <TestEntry testId="a9e64bb1-8447-cc97-c16a-f0f6f9d46526" executionId="30138cdd-83e1-4080-bec6-08e22b401ccf" testListId="8c84fa94-04c1-424b-9868-57a2d4851a1d" />
    <TestEntry testId="fd9775b8-5082-0ae9-609d-327882c7e59b" executionId="6c8aaadd-fa3c-4ddd-9a48-d4c77dbc8902" testListId="8c84fa94-04c1-424b-9868-57a2d4851a1d" />
    <TestEntry testId="28c834f1-b045-fb0e-3bfa-be8f4d54f3e8" executionId="700350fc-0471-44b4-be00-85c6cb6e6ee8" testListId="8c84fa94-04c1-424b-9868-57a2d4851a1d" />
    <TestEntry testId="6592a0d5-60ff-7eb7-3f12-61253b2eac25" executionId="a661d6e8-4642-4be1-8117-378802de8d98" testListId="8c84fa94-04c1-424b-9868-57a2d4851a1d" />
    <TestEntry testId="7ce736f3-c51a-5485-41e9-e6ad19c0cbb4" executionId="64aa2237-d73b-4ea4-8481-214fdc0f62af" testListId="8c84fa94-04c1-424b-9868-57a2d4851a1d" />
    <TestEntry testId="e1d69772-4bbb-801f-8158-ce8a5d5c7c12" executionId="f6f3f1ce-7a4b-4200-9fd1-f65fb1b82d94" testListId="8c84fa94-04c1-424b-9868-57a2d4851a1d" />
    <TestEntry testId="57b61720-4c83-d1c5-249b-96e7abb5b199" executionId="84c25419-8b66-4dae-b94b-0b5a4e612de5" testListId="8c84fa94-04c1-424b-9868-57a2d4851a1d" />
    <TestEntry testId="ff3aad7e-4287-c1f9-7dd8-79c72d295def" executionId="61345d89-5387-4237-9d1c-1810783e38a0" testListId="8c84fa94-04c1-424b-9868-57a2d4851a1d" />
    <TestEntry testId="f3a866ac-fb80-193a-9798-ab0756bd3be8" executionId="2dde27e7-4269-4d49-8771-f4a18ac7a139" testListId="8c84fa94-04c1-424b-9868-57a2d4851a1d" />
    <TestEntry testId="b3759744-a8e1-38d1-68da-f669c5431bfa" executionId="78dc38c6-7b83-477b-b262-9a0d2c227e23" testListId="8c84fa94-04c1-424b-9868-57a2d4851a1d" />
    <TestEntry testId="0a1aa2d7-6a07-48c6-e043-333db7349610" executionId="392fb2f1-6eee-4580-af2d-3b216b3ad098" testListId="8c84fa94-04c1-424b-9868-57a2d4851a1d" />
    <TestEntry testId="b56bdaad-07ca-db09-8758-9303d5ae93d5" executionId="b92e5c86-3d75-4250-82c2-4b8706b1a314" testListId="8c84fa94-04c1-424b-9868-57a2d4851a1d" />
    <TestEntry testId="53bceb39-1211-f8e8-53fc-2e5024f27d50" executionId="25bc4174-c994-4c7f-afed-f1f09e92743c" testListId="8c84fa94-04c1-424b-9868-57a2d4851a1d" />
    <TestEntry testId="e75f89c3-21a9-f53d-a2a2-7b935a684689" executionId="f7cd7311-8914-49bd-a2e5-31d13ab4fb2d" testListId="8c84fa94-04c1-424b-9868-57a2d4851a1d" />
    <TestEntry testId="ee4a8f92-ec95-9923-6b77-4c77d4b86312" executionId="8252de48-f4a4-4f1a-aa41-6b59d7635a42" testListId="8c84fa94-04c1-424b-9868-57a2d4851a1d" />
    <TestEntry testId="4bf46b0b-07a6-9ff1-1be8-7946a3642e6c" executionId="c3ebacb6-c960-4a81-b3a7-746b5967e56e" testListId="8c84fa94-04c1-424b-9868-57a2d4851a1d" />
    <TestEntry testId="1f298afd-6d6e-c1d4-f1da-d6465923f536" executionId="66b4b4f8-20b1-41b2-be30-e9f83555dad0" testListId="8c84fa94-04c1-424b-9868-57a2d4851a1d" />
    <TestEntry testId="a9701ed3-b206-1f54-96be-dc78ce5d0ac0" executionId="b865d6cb-8adf-4059-9205-ed48faba52bf" testListId="8c84fa94-04c1-424b-9868-57a2d4851a1d" />
    <TestEntry testId="2c11eab4-8957-fb2a-5d0d-57d761165078" executionId="409c40eb-2871-4ffb-a1a2-057df2d2d90a" testListId="8c84fa94-04c1-424b-9868-57a2d4851a1d" />
    <TestEntry testId="cbcda65f-c03c-06db-76bc-50e7ec9e4f5a" executionId="86712864-ea57-424f-a330-60a08f10d920" testListId="8c84fa94-04c1-424b-9868-57a2d4851a1d" />
    <TestEntry testId="5bd468d8-29d7-60e5-7a14-9dbd6e103991" executionId="cc57b057-5c61-40ae-835d-12648d8de2ce" testListId="8c84fa94-04c1-424b-9868-57a2d4851a1d" />
    <TestEntry testId="1a898cb3-fb39-d0df-1eab-d9e3d9b93817" executionId="bc72205f-1d84-4e4a-9112-c10fcd222924" testListId="8c84fa94-04c1-424b-9868-57a2d4851a1d" />
    <TestEntry testId="1b1d140d-7202-652a-29ed-79cfb711d080" executionId="1524fb0c-4c61-4a31-9b5d-4d3a525c0405" testListId="8c84fa94-04c1-424b-9868-57a2d4851a1d" />
    <TestEntry testId="d1ec9805-5953-3f77-a4d2-b6c7261b3c19" executionId="5485682b-db30-467a-ad6c-a7f930084477" testListId="8c84fa94-04c1-424b-9868-57a2d4851a1d" />
    <TestEntry testId="ce9aa5af-e81f-c381-69ee-727b5c31d002" executionId="0ab3813f-a83b-450d-971b-61d0fc9f8cc3" testListId="8c84fa94-04c1-424b-9868-57a2d4851a1d" />
    <TestEntry testId="bd78dbe2-059a-7409-cf00-cee6dbceb202" executionId="64e88904-c025-47c1-b70a-d8588cb32ea8" testListId="8c84fa94-04c1-424b-9868-57a2d4851a1d" />
    <TestEntry testId="e0742502-eb90-3b4f-3c63-dc1b824fa086" executionId="0de44acf-e0bd-48b7-92dd-67b48b1195fb" testListId="8c84fa94-04c1-424b-9868-57a2d4851a1d" />
    <TestEntry testId="9004c837-784e-e491-3ff3-71e973fc0f0d" executionId="530023aa-b6ab-4d4b-93af-2a774e9efba7" testListId="8c84fa94-04c1-424b-9868-57a2d4851a1d" />
    <TestEntry testId="5f0c8c93-ef66-6fc3-fdf7-ea38d4792aee" executionId="9abc0a10-957a-4744-a7b2-0b2cdaf5256e" testListId="8c84fa94-04c1-424b-9868-57a2d4851a1d" />
    <TestEntry testId="b562271c-6963-eeb4-6a90-754f22f5f0c5" executionId="27aed13b-1e33-4fe0-92f8-ad9af8998b99" testListId="8c84fa94-04c1-424b-9868-57a2d4851a1d" />
    <TestEntry testId="0a0f94aa-2e17-60a5-8f80-b71ea97ca88e" executionId="9f2658f5-a87a-445f-82bf-59a11aea448b" testListId="8c84fa94-04c1-424b-9868-57a2d4851a1d" />
    <TestEntry testId="6b3e35ba-db3b-68c6-c360-a0bdb9565998" executionId="ca972239-03d8-4a0c-8988-3d6c174fc099" testListId="8c84fa94-04c1-424b-9868-57a2d4851a1d" />
    <TestEntry testId="f43c24ce-734b-4a88-c6a8-839e29ef4018" executionId="c69485f0-34e5-4e01-8d1d-09b0e056d15c" testListId="8c84fa94-04c1-424b-9868-57a2d4851a1d" />
    <TestEntry testId="e7d3f2bc-0d2b-6161-56ff-83390936ce06" executionId="73ac90d0-bcd3-457a-bee2-647a47d3177e" testListId="8c84fa94-04c1-424b-9868-57a2d4851a1d" />
    <TestEntry testId="2d73c85f-9c8d-6e04-343e-5da061f14932" executionId="b6cc3a72-f26b-4554-8802-3a1d94f9ef9b" testListId="8c84fa94-04c1-424b-9868-57a2d4851a1d" />
    <TestEntry testId="9f824d34-1a6d-ba86-711d-c50a4168aab3" executionId="2c571210-c6d4-43e6-92a8-44d7b9c498e4" testListId="8c84fa94-04c1-424b-9868-57a2d4851a1d" />
    <TestEntry testId="88591686-e3c8-ba96-90cb-39b27f654779" executionId="9f5ebe62-6a5f-4558-86f7-f8ee94dc9f15" testListId="8c84fa94-04c1-424b-9868-57a2d4851a1d" />
    <TestEntry testId="c51d98ca-9a69-c9b2-568e-ebafba27bfcb" executionId="c491d15e-5b56-4578-b317-1d70b23ff116" testListId="8c84fa94-04c1-424b-9868-57a2d4851a1d" />
    <TestEntry testId="4fb2f292-6bdc-1b52-7977-0e91f763d343" executionId="e866321a-2a86-4bcf-a305-ed4905f01992" testListId="8c84fa94-04c1-424b-9868-57a2d4851a1d" />
    <TestEntry testId="80ab407f-dec4-bbbc-a187-fd33ed327117" executionId="ade59b23-7652-4547-b1f2-064cc707a545" testListId="8c84fa94-04c1-424b-9868-57a2d4851a1d" />
    <TestEntry testId="8fac3cce-0a7c-fd0c-9451-c21ee3ab3bbd" executionId="ba159815-fff7-45e6-978e-470748e4e00f" testListId="8c84fa94-04c1-424b-9868-57a2d4851a1d" />
    <TestEntry testId="7b0d0ac0-2e89-a1ac-9c45-d62d679c879e" executionId="0716e841-09eb-4991-87fa-2405bbd67772" testListId="8c84fa94-04c1-424b-9868-57a2d4851a1d" />
    <TestEntry testId="1b8e37b9-3d35-d2d7-524b-231c50c25a91" executionId="4c8801bb-1e25-4ead-b0ed-29d50a4b3e42" testListId="8c84fa94-04c1-424b-9868-57a2d4851a1d" />
    <TestEntry testId="1cfc45be-bf71-665d-da0d-8afc99aa9a8e" executionId="d9836fad-8a48-4f9c-a25c-b5d2902d8900" testListId="8c84fa94-04c1-424b-9868-57a2d4851a1d" />
    <TestEntry testId="f315fa5d-28ae-754e-776d-64f6ca4cc01e" executionId="673fdf2a-4094-4b3e-aa5e-6f415cdf5c40" testListId="8c84fa94-04c1-424b-9868-57a2d4851a1d" />
    <TestEntry testId="da0acbef-ce81-4c54-c1d4-603826eb7003" executionId="d1889707-d804-4e62-9ee5-a4b6bab11195" testListId="8c84fa94-04c1-424b-9868-57a2d4851a1d" />
    <TestEntry testId="a437a8d1-5a89-43db-b3bf-6049333adf01" executionId="f1c42843-c456-457a-988d-e1b00277be03" testListId="8c84fa94-04c1-424b-9868-57a2d4851a1d" />
    <TestEntry testId="ed39981b-88cb-3b23-e3cc-6b6f0a3dd344" executionId="24be41d3-6f10-4254-9c4d-b96e8cb55197" testListId="8c84fa94-04c1-424b-9868-57a2d4851a1d" />
    <TestEntry testId="6e835e09-a0b6-0d8f-9745-5f74d92ed08b" executionId="3f8918d5-d184-4391-993e-92868ea4747f" testListId="8c84fa94-04c1-424b-9868-57a2d4851a1d" />
    <TestEntry testId="793c23eb-dc30-5d5b-ef28-b66f551eceb2" executionId="3b1ced1f-b2d6-4e62-8391-c120d6f733ce" testListId="8c84fa94-04c1-424b-9868-57a2d4851a1d" />
    <TestEntry testId="1c8e4cee-0a69-0ad2-23fc-79b8fcc2236f" executionId="7f8f15df-b383-411d-94ce-5b87b8f889db" testListId="8c84fa94-04c1-424b-9868-57a2d4851a1d" />
    <TestEntry testId="9acdd79f-edc7-95b2-f6b0-886f6551686b" executionId="64bba547-a83c-40b7-92e8-f3cd7d3734b0" testListId="8c84fa94-04c1-424b-9868-57a2d4851a1d" />
    <TestEntry testId="930f6720-e4db-da3d-3330-ac5a6e4f4acb" executionId="ff89c0c8-2cf8-4fec-b53a-432db55a4860" testListId="8c84fa94-04c1-424b-9868-57a2d4851a1d" />
    <TestEntry testId="f1c74dcb-c1c2-1557-6f7c-608990e09121" executionId="98425261-5e0c-4459-888a-a3c89a605af9" testListId="8c84fa94-04c1-424b-9868-57a2d4851a1d" />
    <TestEntry testId="c5fbec34-0868-7bba-abdf-3fdf19d5eb18" executionId="fa8774ff-4080-4938-873e-dd8c44bf46d1" testListId="8c84fa94-04c1-424b-9868-57a2d4851a1d" />
    <TestEntry testId="1de4f972-13a0-7d24-0757-90ccbe761829" executionId="32c044bc-23e2-4a7c-b239-6350396722a2" testListId="8c84fa94-04c1-424b-9868-57a2d4851a1d" />
    <TestEntry testId="88f8f36e-45b4-39bc-29d9-c76ee5cffbeb" executionId="94c84bba-1329-4b4e-92f6-0e70d8496e9d" testListId="8c84fa94-04c1-424b-9868-57a2d4851a1d" />
    <TestEntry testId="dbc55623-8471-d595-0e2e-45ec40c84e36" executionId="4d13d57a-b345-466f-befc-c3ee003f3836" testListId="8c84fa94-04c1-424b-9868-57a2d4851a1d" />
    <TestEntry testId="82f01df8-57f1-9530-6062-645494566b22" executionId="c56e1745-66a5-47b3-9b1c-e9e7be84c128" testListId="8c84fa94-04c1-424b-9868-57a2d4851a1d" />
    <TestEntry testId="5c7cd0ab-4434-eb66-7ca1-7f9e3aab2862" executionId="057580cf-4640-4bc3-a059-b01d9fd81402" testListId="8c84fa94-04c1-424b-9868-57a2d4851a1d" />
    <TestEntry testId="8c0fc86a-9c6a-fc31-51b3-d421b501ace0" executionId="d8acf5c7-3c8d-474f-9f73-7b29ddd9e612" testListId="8c84fa94-04c1-424b-9868-57a2d4851a1d" />
    <TestEntry testId="35e6c9fc-fecf-66cb-c6b6-1bc0d33ee746" executionId="70002bc2-3b00-400e-b333-234c3c06c63c" testListId="8c84fa94-04c1-424b-9868-57a2d4851a1d" />
    <TestEntry testId="0193e41a-bae7-8e20-ee4d-94e82dc866cc" executionId="55b90dfb-2a0c-487a-a6fa-561ce8125972" testListId="8c84fa94-04c1-424b-9868-57a2d4851a1d" />
    <TestEntry testId="d22dee61-a1f2-be99-b4b6-49e02cd3e47e" executionId="1104bd8d-134c-4d27-884b-9e3540dea38f" testListId="8c84fa94-04c1-424b-9868-57a2d4851a1d" />
    <TestEntry testId="4420bed6-dc3f-4713-6478-0b9805bddd9a" executionId="13f3b30b-e79f-4aa9-9abf-9352e58f2a8c" testListId="8c84fa94-04c1-424b-9868-57a2d4851a1d" />
    <TestEntry testId="0c2b0547-7b7a-607a-cf89-123880ec6286" executionId="e9d7336d-3a1f-44a2-93d0-ec9fdba3976d" testListId="8c84fa94-04c1-424b-9868-57a2d4851a1d" />
    <TestEntry testId="ee4f42db-de40-7591-422a-6fa057a0b801" executionId="fa8c06e2-b989-4fd2-ac9d-199fa83d68ea" testListId="8c84fa94-04c1-424b-9868-57a2d4851a1d" />
    <TestEntry testId="7c5e645a-6e42-f244-0307-a775ac6ec45d" executionId="5617de69-c638-4775-ac49-e4e86d555abd" testListId="8c84fa94-04c1-424b-9868-57a2d4851a1d" />
    <TestEntry testId="d601df32-b7bc-fb3a-10f7-34746c593c3a" executionId="2245f50a-9f8c-4a14-b16a-0949a0a224e1" testListId="8c84fa94-04c1-424b-9868-57a2d4851a1d" />
    <TestEntry testId="499d9b1f-7bcc-91e6-2438-a5390c0e7f4b" executionId="096ef535-11e3-4166-a3bb-732e9d2d6682" testListId="8c84fa94-04c1-424b-9868-57a2d4851a1d" />
    <TestEntry testId="957790de-fbcb-20ce-4f00-8a7bfe34f8d6" executionId="c1ec0ffb-f098-498f-a49b-7245337654f3" testListId="8c84fa94-04c1-424b-9868-57a2d4851a1d" />
    <TestEntry testId="6bf711d3-a313-842f-3e22-f13bee72686e" executionId="5cf73772-44c4-4729-b226-d83981a41aa8" testListId="8c84fa94-04c1-424b-9868-57a2d4851a1d" />
    <TestEntry testId="326bce6f-337e-4f26-f512-f2e299a5520f" executionId="dfb74306-e892-4eb4-9f6c-e97da567083a" testListId="8c84fa94-04c1-424b-9868-57a2d4851a1d" />
    <TestEntry testId="78213eb9-f281-c7aa-d80b-5e27d2007c6a" executionId="8cc1d1ee-ac89-4559-99d6-3f398cd13f06" testListId="8c84fa94-04c1-424b-9868-57a2d4851a1d" />
    <TestEntry testId="34116ec1-2473-90cc-708a-bfdd543f612b" executionId="6bd6a800-bcb4-4306-9287-a353b2248f7b" testListId="8c84fa94-04c1-424b-9868-57a2d4851a1d" />
    <TestEntry testId="3b35be7d-3067-f341-3f67-a46e0588a1f9" executionId="989fe204-00cb-4349-b971-a608988a9597" testListId="8c84fa94-04c1-424b-9868-57a2d4851a1d" />
    <TestEntry testId="5e78e0eb-0868-66d9-a6fd-b7e44fdf5dec" executionId="8c4d3f8b-960c-4269-b2b5-179838433d1a" testListId="8c84fa94-04c1-424b-9868-57a2d4851a1d" />
    <TestEntry testId="5463758d-dd21-47ff-9ad5-28a585ea0ccd" executionId="d4e8fa0b-a022-4591-8316-f66b5a3bb75b" testListId="8c84fa94-04c1-424b-9868-57a2d4851a1d" />
    <TestEntry testId="169b7852-776e-1f41-3fc5-1f49dd6f0dda" executionId="fde768c8-45fd-47bd-88e9-7842ce78b0bd" testListId="8c84fa94-04c1-424b-9868-57a2d4851a1d" />
    <TestEntry testId="b2674236-ed13-6c43-25ae-d6ee515d70f3" executionId="c93f1bd2-9f7c-4941-b63f-7c5cec536a31" testListId="8c84fa94-04c1-424b-9868-57a2d4851a1d" />
    <TestEntry testId="9398219e-e347-2b85-5a22-d27163ae56ee" executionId="b4cf1cd2-ebf6-480f-87eb-378b062fafff" testListId="8c84fa94-04c1-424b-9868-57a2d4851a1d" />
    <TestEntry testId="ed432c94-8144-b268-683f-f81335c92738" executionId="01838e52-4956-4481-ad83-f51d87d4c740" testListId="8c84fa94-04c1-424b-9868-57a2d4851a1d" />
    <TestEntry testId="dbe1e08e-a5be-b3c2-3f4b-a0879dd82739" executionId="c1733230-fec1-4bb5-bbd2-f9ea17c7e19b" testListId="8c84fa94-04c1-424b-9868-57a2d4851a1d" />
    <TestEntry testId="ffeec795-d22d-1d6f-3282-54a80365f3e4" executionId="33f6861d-bc6b-454d-940e-f53834ec63cd" testListId="8c84fa94-04c1-424b-9868-57a2d4851a1d" />
    <TestEntry testId="38db7356-f80c-a43c-1425-6b33b50a6ca8" executionId="879e0b65-e819-4ae7-b206-84d4c7299d01" testListId="8c84fa94-04c1-424b-9868-57a2d4851a1d" />
    <TestEntry testId="c3c77014-a8c9-87f6-f066-244031fa7224" executionId="eef001f6-48a9-4b98-8c8c-9c107733aa7d" testListId="8c84fa94-04c1-424b-9868-57a2d4851a1d" />
    <TestEntry testId="13b68975-120e-7665-e3c1-c48367338e4f" executionId="ccdf8f43-038b-4e33-97eb-8ebf463ab430" testListId="8c84fa94-04c1-424b-9868-57a2d4851a1d" />
    <TestEntry testId="492f7dcc-8891-4e48-94e4-155ba2b38b23" executionId="7ef31b5c-525e-4150-89b4-491d2a188869" testListId="8c84fa94-04c1-424b-9868-57a2d4851a1d" />
    <TestEntry testId="ffd05fc4-15e9-3384-2b07-bbffa2887ac2" executionId="18b3a368-d711-4c95-afc0-98ee804e0304" testListId="8c84fa94-04c1-424b-9868-57a2d4851a1d" />
    <TestEntry testId="f463da5c-7268-2fe2-b4fc-4d2a6e22eda4" executionId="00ca8efd-66a9-404a-a3de-f2a1b662c27a" testListId="8c84fa94-04c1-424b-9868-57a2d4851a1d" />
    <TestEntry testId="ba8cb559-23f6-7ce3-b178-4c5b1484b9f8" executionId="7f2b4a2d-9fc8-459f-aff2-4f5f51919bc9" testListId="8c84fa94-04c1-424b-9868-57a2d4851a1d" />
    <TestEntry testId="22e0e1a4-b370-68c3-abfa-a3a431384a5c" executionId="d19eecf5-9cbd-4d2d-971f-65759acf21d1" testListId="8c84fa94-04c1-424b-9868-57a2d4851a1d" />
    <TestEntry testId="429fd901-2126-fd21-2e6a-a04914fa3003" executionId="73886556-f3ea-43c1-ad09-584721b288f7" testListId="8c84fa94-04c1-424b-9868-57a2d4851a1d" />
    <TestEntry testId="377a0a1f-ee8f-e032-dfa9-4c5f3358fd78" executionId="604f4347-bb97-4015-b056-0f10747ae401" testListId="8c84fa94-04c1-424b-9868-57a2d4851a1d" />
    <TestEntry testId="6414cf03-7edd-c303-d741-f048b9ee4ce8" executionId="69971d6a-123e-4159-99b6-0e765fd5cce7" testListId="8c84fa94-04c1-424b-9868-57a2d4851a1d" />
    <TestEntry testId="5f8bec46-c9e9-482e-b321-1c69409ab622" executionId="1b35bd1f-7687-478d-ba23-55759df9d33d" testListId="8c84fa94-04c1-424b-9868-57a2d4851a1d" />
    <TestEntry testId="f8e54e4b-7982-278f-ab74-4f161d60ad25" executionId="be7510ae-4f6e-4047-b156-287f2e6dbd97" testListId="8c84fa94-04c1-424b-9868-57a2d4851a1d" />
    <TestEntry testId="f41e8652-a1eb-247b-c6db-dcd7f67cf994" executionId="d4c0f115-a7c5-4dd7-ad70-4ef4ed4daef8" testListId="8c84fa94-04c1-424b-9868-57a2d4851a1d" />
    <TestEntry testId="1a77bd44-a2b9-d12b-49cd-1c4fc7219e1d" executionId="fe65536c-6a67-4f1a-80f4-a5496db6bfe0" testListId="8c84fa94-04c1-424b-9868-57a2d4851a1d" />
    <TestEntry testId="013d94d6-dee4-f359-85e4-b802a8022eda" executionId="79f423c2-c9cd-4c23-a968-0bd7c7c5ac9a" testListId="8c84fa94-04c1-424b-9868-57a2d4851a1d" />
  </TestEntries>
  <Results>
    <UnitTestResult executionId="c66c68d3-f25b-4725-9f57-943a32ea5b64" testId="a1df71f7-3789-3152-b47a-d837060ff9be" testName="CreatingTaskWithScheduleStatudDisabled" computerName="ASH" duration="00:00:02.8023190" startTime="2017-03-16T11:46:40.4974912+02:00" endTime="2017-03-16T11:46:46.6051533+02:00" testType="13cdc9d9-ddb5-4fa4-a97d-d965ccfc6d4b" outcome="Passed" testListId="8c84fa94-04c1-424b-9868-57a2d4851a1d" relativeResultsDirectory="c66c68d3-f25b-4725-9f57-943a32ea5b64">
      <Output>
        <StdOut>Given I have a schedule "Diceroll00"
-&gt; done: SchedulerSteps.GivenIHaveASchedule("Diceroll00") (0.0s)
And "Diceroll00" executes an Workflow "Hello World"
-&gt; done: SchedulerSteps.GivenExecutesAnWorkflow("Diceroll00", "Hello World") (0.0s)
And task history "Number of history records to load" is "2"
-&gt; done: SchedulerSteps.GivenTaskHistoryIs("Number of history...", 2) (0.0s)
And the task status "Status" is "Disabled"
-&gt; done: SchedulerSteps.GivenTheTaskStatusIs("Status", "Disabled") (0.0s)
And "Diceroll00" has a username of "Warewolf Administrators\IntegrationTester" and a Password of "I73573r0"
-&gt; done: SchedulerSteps.GivenHasAUsernameOfAndAPasswordOf("Diceroll00", "Warewolf Administ...", "I73573r0") (0.0s)
And "Diceroll00" has a Schedule of
  --- table step argument ---
  | ScheduleType  | Interval | StartDate  | StartTime | Recurs | RecursInterval | Delay | DelayInterval | Repeat | RepeatInterval | ExpireDate | ExpireTime |
  | On a schedule | "Daily"  | 2014/01/01 | 15:40:44  | 1      | day            | 1     | hour          | 1      | hour           | 2014/01/02 | 15:40:15   |
-&gt; done: SchedulerSteps.GivenHasAScheduleOf("Diceroll00", &lt;table&gt;) (2.0s)
When the "Diceroll00" is executed "1" times
-&gt; done: SchedulerSteps.WhenTheIsExecutedTimes("Diceroll00", 1) (0.1s)
Then the Schedule task has "An" error
-&gt; done: SchedulerSteps.ThenTheScheduleTaskHasError("An") (0.0s)</StdOut>
      </Output>
    </UnitTestResult>
    <UnitTestResult executionId="4fd1b702-2cc6-4001-8396-e8625128d8e5" testId="566adac6-90b7-a775-f2c6-26f57a7278bf" testName="ScheduleTheTaskWithIncorrectUsernameOrPassword" computerName="ASH" duration="00:00:05.3510209" startTime="2017-03-16T11:46:46.6111536+02:00" endTime="2017-03-16T11:46:51.9630926+02:00" testType="13cdc9d9-ddb5-4fa4-a97d-d965ccfc6d4b" outcome="Passed" testListId="8c84fa94-04c1-424b-9868-57a2d4851a1d" relativeResultsDirectory="4fd1b702-2cc6-4001-8396-e8625128d8e5">
      <Output>
        <StdOut>Given I have a schedule "Diceroll1"
-&gt; done: SchedulerSteps.GivenIHaveASchedule("Diceroll1") (0.0s)
And "Diceroll1" executes an Workflow "Hello World"
-&gt; done: SchedulerSteps.GivenExecutesAnWorkflow("Diceroll1", "Hello World") (0.0s)
And task history "Number of history records to load" is "2"
-&gt; done: SchedulerSteps.GivenTaskHistoryIs("Number of history...", 2) (0.0s)
And the task status "Status" is "Enabled"
-&gt; done: SchedulerSteps.GivenTheTaskStatusIs("Status", "Enabled") (0.0s)
And "Diceroll1" has a username of "bobthebuilder" and a Password of "I73573r0"
-&gt; done: SchedulerSteps.GivenHasAUsernameOfAndAPasswordOf("Diceroll1", "bobthebuilder", "I73573r0") (0.0s)
And "Diceroll1" has a Schedule of
  --- table step argument ---
  | ScheduleType | Delay | DelayInterval | Repeat | RepeatInterval | ExpireDate | ExpireTime |
  | At log on    | 1     | hour          | 1      | hour           | 2014/01/02 | 15:40:15   |
-&gt; done: SchedulerSteps.GivenHasAScheduleOf("Diceroll1", &lt;table&gt;) (5.3s)
Then the Schedule task has "AN" error
-&gt; done: SchedulerSteps.ThenTheScheduleTaskHasError("AN") (0.0s)</StdOut>
      </Output>
    </UnitTestResult>
    <UnitTestResult executionId="23ed289f-4c84-47a3-b6a4-4a0f76342f1d" testId="37fc7d64-38b9-e22c-8aa9-82b037f0d42a" testName="ScheduleWithErrorInDebug" computerName="ASH" duration="00:00:20.0466549" startTime="2017-03-16T11:46:51.9690941+02:00" endTime="2017-03-16T11:47:12.0164382+02:00" testType="13cdc9d9-ddb5-4fa4-a97d-d965ccfc6d4b" outcome="Passed" testListId="8c84fa94-04c1-424b-9868-57a2d4851a1d" relativeResultsDirectory="23ed289f-4c84-47a3-b6a4-4a0f76342f1d">
      <Output>
        <StdOut>Given I have a schedule "ScheduleWithError"
-&gt; done: SchedulerSteps.GivenIHaveASchedule("ScheduleWithError") (0.0s)
And "ScheduleWithError" executes an Workflow "moocowimpi"
-&gt; done: SchedulerSteps.GivenExecutesAnWorkflow("ScheduleWithError", "moocowimpi") (0.0s)
And task history "Number of history records to load" is "2"
-&gt; done: SchedulerSteps.GivenTaskHistoryIs("Number of history...", 2) (0.0s)
And the task status "Status" is "Enabled"
-&gt; done: SchedulerSteps.GivenTheTaskStatusIs("Status", "Enabled") (0.0s)
And "ScheduleWithError" has a username of "dev2\IntegrationTester" and a Password of "I73573r0"
-&gt; done: SchedulerSteps.GivenHasAUsernameOfAndAPasswordOf("ScheduleWithError", "dev2\IntegrationT...", "I73573r0") (0.0s)
And "ScheduleWithError" has a Schedule of
  --- table step argument ---
  | ScheduleType  | Interval | StartDate  | StartTime | Recurs | RecursInterval | Delay | DelayInterval | Repeat | RepeatInterval | ExpireDate | ExpireTime |
  | On a schedule | Daily    | 2014/01/01 | 15:40:44  | 1      | day            | 1     | hour          | 1      | hour           | 2014/01/02 | 15:40:15   |
-&gt; done: SchedulerSteps.GivenHasAScheduleOf("ScheduleWithError", &lt;table&gt;) (0.2s)
When the "ScheduleWithError" is executed "1" times
-&gt; done: SchedulerSteps.WhenTheIsExecutedTimes("ScheduleWithError", 1) (7.2s)
Then the Schedule task has "An" error
-&gt; done: SchedulerSteps.ThenTheScheduleTaskHasError("An") (0.0s)
Then the schedule status is "Failure"
-&gt; done: SchedulerSteps.ThenTheScheduleStatusIs("Failure") (12.6s)</StdOut>
      </Output>
    </UnitTestResult>
    <UnitTestResult executionId="3d8b7fb8-1827-4ff5-8334-4bc52d5092c2" testId="2f888c58-e556-0cd9-574e-154298558283" testName="ScheduleWithHistory" computerName="ASH" duration="00:00:19.0884273" startTime="2017-03-16T11:47:12.0224347+02:00" endTime="2017-03-16T11:47:31.1127205+02:00" testType="13cdc9d9-ddb5-4fa4-a97d-d965ccfc6d4b" outcome="Passed" testListId="8c84fa94-04c1-424b-9868-57a2d4851a1d" relativeResultsDirectory="3d8b7fb8-1827-4ff5-8334-4bc52d5092c2">
      <Output>
        <StdOut>Given I have a schedule "ScheduleWithHistory"
-&gt; done: SchedulerSteps.GivenIHaveASchedule("ScheduleWithHistory") (0.0s)
And "ScheduleWithHistory" executes an Workflow "Hello World"
-&gt; done: SchedulerSteps.GivenExecutesAnWorkflow("ScheduleWithHistory", "Hello World") (0.0s)
And task history "Number of history records to load" is "2"
-&gt; done: SchedulerSteps.GivenTaskHistoryIs("Number of history...", 2) (0.0s)
And the task status "Status" is "Enabled"
-&gt; done: SchedulerSteps.GivenTheTaskStatusIs("Status", "Enabled") (0.0s)
And "ScheduleWithHistory" has a username of "LocalSchedulerAdmin" and a Password of "987Sched#@!"
-&gt; done: SchedulerSteps.GivenHasAUsernameOfAndAPasswordOf("ScheduleWithHistory", "LocalSchedulerAdmin", "987Sched#@!") (0.0s)
And "ScheduleWithHistory" has a Schedule of
  --- table step argument ---
  | ScheduleType  | Interval | StartDate  | StartTime | Recurs | RecursInterval | Delay | DelayInterval | Repeat | RepeatInterval | ExpireDate | ExpireTime |
  | On a schedule | Daily    | 2014/01/01 | 15:40:44  | 1      | day            | 1     | hour          | 1      | hour           | 2014/01/02 | 15:40:15   |
-&gt; done: SchedulerSteps.GivenHasAScheduleOf("ScheduleWithHistory", &lt;table&gt;) (0.5s)
When the "ScheduleWithHistory" is executed "1" times
-&gt; done: SchedulerSteps.WhenTheIsExecutedTimes("ScheduleWithHistory", 1) (6.1s)
Then the Schedule task has "NO" error
-&gt; done: SchedulerSteps.ThenTheScheduleTaskHasError("NO") (0.0s)
Then the schedule status is "Error"
-&gt; done: SchedulerSteps.ThenTheScheduleStatusIs("Error") (12.4s)
And "ScheduleWithHistory" has "2" row of history
-&gt; done: SchedulerSteps.ThenHasRowOfHistory("ScheduleWithHistory", 2) (0.0s)</StdOut>
      </Output>
    </UnitTestResult>
    <UnitTestResult executionId="a0d54953-d271-4a15-8903-a7f429d27ab4" testId="36f0ac1c-ab96-58f2-a880-a5d18ee771e4" testName="ScheduleWithLocalUser" computerName="ASH" duration="00:00:19.2327215" startTime="2017-03-16T11:47:31.1167199+02:00" endTime="2017-03-16T11:47:50.3499973+02:00" testType="13cdc9d9-ddb5-4fa4-a97d-d965ccfc6d4b" outcome="Passed" testListId="8c84fa94-04c1-424b-9868-57a2d4851a1d" relativeResultsDirectory="a0d54953-d271-4a15-8903-a7f429d27ab4">
      <Output>
        <StdOut>Given I have a schedule "LocalUserSchedule"
-&gt; done: SchedulerSteps.GivenIHaveASchedule("LocalUserSchedule") (0.0s)
And "LocalUserSchedule" executes an Workflow "Hello World"
-&gt; done: SchedulerSteps.GivenExecutesAnWorkflow("LocalUserSchedule", "Hello World") (0.0s)
And task history "Number of history records to load" is "2"
-&gt; done: SchedulerSteps.GivenTaskHistoryIs("Number of history...", 2) (0.0s)
And the task status "Status" is "Enabled"
-&gt; done: SchedulerSteps.GivenTheTaskStatusIs("Status", "Enabled") (0.0s)
And "LocalUserSchedule" has a username of "LocalSchedulerAdmin" and a Password of "987Sched#@!"
-&gt; done: SchedulerSteps.GivenHasAUsernameOfAndAPasswordOf("LocalUserSchedule", "LocalSchedulerAdmin", "987Sched#@!") (0.0s)
And "LocalUserSchedule" has a Schedule of
  --- table step argument ---
  | ScheduleType  | Interval | StartDate  | StartTime | Recurs | RecursInterval | Delay | DelayInterval | Repeat | RepeatInterval | ExpireDate | ExpireTime |
  | On a schedule | Daily    | 2014/01/01 | 15:40:44  | 1      | day            | 1     | hour          | 1      | hour           | 2014/01/02 | 15:40:15   |
-&gt; done: SchedulerSteps.GivenHasAScheduleOf("LocalUserSchedule", &lt;table&gt;) (0.4s)
When the "LocalUserSchedule" is executed "1" times
-&gt; done: SchedulerSteps.WhenTheIsExecutedTimes("LocalUserSchedule", 1) (6.1s)
Then the Schedule task has "No" error
-&gt; done: SchedulerSteps.ThenTheScheduleTaskHasError("No") (0.0s)
Then the schedule status is "Error"
-&gt; done: SchedulerSteps.ThenTheScheduleStatusIs("Error") (12.7s)
And "LocalUserSchedule" has "2" row of history
-&gt; done: SchedulerSteps.ThenHasRowOfHistory("LocalUserSchedule", 2) (0.0s)</StdOut>
      </Output>
    </UnitTestResult>
    <UnitTestResult executionId="4839e120-83ae-4cb6-a3da-ed7364e19403" testId="aacf96d7-a601-d8e8-fb91-2ef34a56a50e" testName="SettingScheduleTaskAtLogOn" computerName="ASH" duration="00:00:23.8451920" startTime="2017-03-16T11:47:50.3549977+02:00" endTime="2017-03-16T11:48:14.2013136+02:00" testType="13cdc9d9-ddb5-4fa4-a97d-d965ccfc6d4b" outcome="Passed" testListId="8c84fa94-04c1-424b-9868-57a2d4851a1d" relativeResultsDirectory="4839e120-83ae-4cb6-a3da-ed7364e19403">
      <Output>
        <StdOut>Given I have a schedule "Diceroll1"
-&gt; done: SchedulerSteps.GivenIHaveASchedule("Diceroll1") (0.0s)
And "Diceroll1" executes an Workflow "Hello World"
-&gt; done: SchedulerSteps.GivenExecutesAnWorkflow("Diceroll1", "Hello World") (0.0s)
And task history "Number of history records to load" is "2"
-&gt; done: SchedulerSteps.GivenTaskHistoryIs("Number of history...", 2) (0.0s)
And the task status "Status" is "Enabled"
-&gt; done: SchedulerSteps.GivenTheTaskStatusIs("Status", "Enabled") (0.0s)
And "Diceroll1" has a username of "LocalSchedulerAdmin" and a Password of "987Sched#@!"
-&gt; done: SchedulerSteps.GivenHasAUsernameOfAndAPasswordOf("Diceroll1", "LocalSchedulerAdmin", "987Sched#@!") (0.0s)
And "Diceroll1" has a Schedule of
  --- table step argument ---
  | ScheduleType | Delay | DelayInterval | Repeat | RepeatInterval | ExpireDate | ExpireTime |
  | At log on    | 1     | hour          | 1      | hour           | 2014/01/02 | 15:40:15   |
-&gt; done: SchedulerSteps.GivenHasAScheduleOf("Diceroll1", &lt;table&gt;) (5.1s)
Then the Schedule task has "No" error
-&gt; done: SchedulerSteps.ThenTheScheduleTaskHasError("No") (0.0s)
When the "Diceroll1" is executed "1" times
-&gt; done: SchedulerSteps.WhenTheIsExecutedTimes("Diceroll1", 1) (6.1s)
Then the schedule status is "Error"
-&gt; done: SchedulerSteps.ThenTheScheduleStatusIs("Error") (12.6s)
And "Diceroll1" has "2" row of history
-&gt; done: SchedulerSteps.ThenHasRowOfHistory("Diceroll1", 2) (0.0s)</StdOut>
      </Output>
    </UnitTestResult>
    <UnitTestResult executionId="2307a872-e22c-4c18-b5bd-185e2bdae489" testId="bd29c03b-f70e-2e03-a4e7-893f63fbe301" testName="CloseTestWindow" computerName="ASH" duration="00:00:01.3179156" startTime="2017-03-16T11:48:14.2073179+02:00" endTime="2017-03-16T11:48:16.7539886+02:00" testType="13cdc9d9-ddb5-4fa4-a97d-d965ccfc6d4b" outcome="Passed" testListId="8c84fa94-04c1-424b-9868-57a2d4851a1d" relativeResultsDirectory="2307a872-e22c-4c18-b5bd-185e2bdae489">
      <Output>
        <StdOut>Given test folder is cleaned
-&gt; done: StudioTestFrameworkSteps.GivenTestFolderIsCleaned() (0.1s)
And I have "Workflow 1" with inputs as
  --- table step argument ---
  | Input Var Name |
  | [[a]]          |
-&gt; done: StudioTestFrameworkSteps.GivenIHaveWithInputsAs("Workflow 1", &lt;table&gt;) (0.3s)
And "Workflow 1" has outputs as
  --- table step argument ---
  | Ouput Var Name  |
  | [[outputValue]] |
-&gt; done: StudioTestFrameworkSteps.GivenHasOutputsAs("Workflow 1", &lt;table&gt;) (0.2s)
Given I have "Workflow 2" with inputs as
  --- table step argument ---
  | Input Var Name |
  | [[rec().a]]    |
  | [[rec().b]]    |
-&gt; done: StudioTestFrameworkSteps.GivenIHaveWithInputsAs("Workflow 2", &lt;table&gt;) (0.0s)
And "Workflow 2" has outputs as
  --- table step argument ---
  | Ouput Var Name |
  | [[returnVal]]  |
-&gt; done: StudioTestFrameworkSteps.GivenHasOutputsAs("Workflow 2", &lt;table&gt;) (0.1s)
Given I have "Workflow 3" with inputs as
  --- table step argument ---
  | Input Var Name |
  | [[A]]          |
  | [[B]]          |
  | [[C]]          |
-&gt; done: StudioTestFrameworkSteps.GivenIHaveWithInputsAs("Workflow 3", &lt;table&gt;) (0.0s)
And "Workflow 3" has outputs as
  --- table step argument ---
  | Ouput Var Name |
  | [[message]]    |
-&gt; done: StudioTestFrameworkSteps.GivenHasOutputsAs("Workflow 3", &lt;table&gt;) (0.1s)
Given I have "WorkflowWithTests" with inputs as
  --- table step argument ---
  | Input Var Name |
  | [[input]]      |
-&gt; done: StudioTestFrameworkSteps.GivenIHaveWithInputsAs("WorkflowWithTests", &lt;table&gt;) (0.2s)
And "WorkflowWithTests" has outputs as
  --- table step argument ---
  | Ouput Var Name  |
  | [[outputValue]] |
-&gt; done: StudioTestFrameworkSteps.GivenHasOutputsAs("WorkflowWithTests", &lt;table&gt;) (0.1s)
And "WorkflowWithTests" Tests as
  --- table step argument ---
  | TestName | AuthenticationType | Error | TestFailing | TestPending | TestInvalid | TestPassed |
  | Test1    | Windows            | false | false       | false       | false       | true       |
  | Test2    | Windows            | false | true        | false       | false       | false      |
  | Test3    | Windows            | false | false       | false       | true        | false      |
  | Test4    | Windows            | false | false       | true        | false       | false      |
-&gt; done: StudioTestFrameworkSteps.GivenTestsAs("WorkflowWithTests", &lt;table&gt;) (0.1s)
Given the test builder is open with "Workflow 3"
-&gt; done: StudioTestFrameworkSteps.GivenTheTestBuilderIsOpenWith("Workflow 3") (0.1s)
And Tab Header is "Workflow 3 - Tests"
-&gt; done: StudioTestFrameworkSteps.GivenTabHeaderIs("Workflow 3 - Tests") (0.0s)
And there are no tests
-&gt; done: StudioTestFrameworkSteps.GivenThereAreNoTests() (0.0s)
And I click New Test
-&gt; done: StudioTestFrameworkSteps.WhenIClickNewTest() (0.1s)
And I set Test Values as
  --- table step argument ---
  | TestName | AuthenticationType | Error |
  | Test1    | Windows            | true  |
-&gt; done: StudioTestFrameworkSteps.GivenISetTestValuesAs(&lt;table&gt;) (0.0s)
When I save
-&gt; done: StudioTestFrameworkSteps.WhenISave() (0.0s)
Then Tab Header is "Workflow 3 - Tests"
-&gt; done: StudioTestFrameworkSteps.GivenTabHeaderIs("Workflow 3 - Tests") (0.0s)
When I click "Test1"
-&gt; done: StudioTestFrameworkSteps.WhenIClick("Test1") (0.0s)
And I set Test Values as
  --- table step argument ---
  | TestName | AuthenticationType | Error |
  | NewName  | Windows            | false |
-&gt; done: StudioTestFrameworkSteps.GivenISetTestValuesAs(&lt;table&gt;) (0.0s)
Then Tab Header is "Workflow 3 - Tests *"
-&gt; done: StudioTestFrameworkSteps.GivenTabHeaderIs("Workflow 3 - Tests *") (0.0s)</StdOut>
      </Output>
    </UnitTestResult>
    <UnitTestResult executionId="76fa0a23-9446-4d95-8c5d-d88f137ff307" testId="d6c0eda4-8a11-858b-11a0-8e5595d53ee6" testName="CreateNewTest" computerName="ASH" duration="00:00:00.4541365" startTime="2017-03-16T11:48:16.7589892+02:00" endTime="2017-03-16T11:48:17.2165183+02:00" testType="13cdc9d9-ddb5-4fa4-a97d-d965ccfc6d4b" outcome="Passed" testListId="8c84fa94-04c1-424b-9868-57a2d4851a1d" relativeResultsDirectory="76fa0a23-9446-4d95-8c5d-d88f137ff307">
      <Output>
        <StdOut>Given test folder is cleaned
-&gt; done: StudioTestFrameworkSteps.GivenTestFolderIsCleaned() (0.0s)
And I have "Workflow 1" with inputs as
  --- table step argument ---
  | Input Var Name |
  | [[a]]          |
-&gt; done: StudioTestFrameworkSteps.GivenIHaveWithInputsAs("Workflow 1", &lt;table&gt;) (0.0s)
And "Workflow 1" has outputs as
  --- table step argument ---
  | Ouput Var Name  |
  | [[outputValue]] |
-&gt; done: StudioTestFrameworkSteps.GivenHasOutputsAs("Workflow 1", &lt;table&gt;) (0.1s)
Given I have "Workflow 2" with inputs as
  --- table step argument ---
  | Input Var Name |
  | [[rec().a]]    |
  | [[rec().b]]    |
-&gt; done: StudioTestFrameworkSteps.GivenIHaveWithInputsAs("Workflow 2", &lt;table&gt;) (0.0s)
And "Workflow 2" has outputs as
  --- table step argument ---
  | Ouput Var Name |
  | [[returnVal]]  |
-&gt; done: StudioTestFrameworkSteps.GivenHasOutputsAs("Workflow 2", &lt;table&gt;) (0.1s)
Given I have "Workflow 3" with inputs as
  --- table step argument ---
  | Input Var Name |
  | [[A]]          |
  | [[B]]          |
  | [[C]]          |
-&gt; done: StudioTestFrameworkSteps.GivenIHaveWithInputsAs("Workflow 3", &lt;table&gt;) (0.0s)
And "Workflow 3" has outputs as
  --- table step argument ---
  | Ouput Var Name |
  | [[message]]    |
-&gt; done: StudioTestFrameworkSteps.GivenHasOutputsAs("Workflow 3", &lt;table&gt;) (0.1s)
Given I have "WorkflowWithTests" with inputs as
  --- table step argument ---
  | Input Var Name |
  | [[input]]      |
-&gt; done: StudioTestFrameworkSteps.GivenIHaveWithInputsAs("WorkflowWithTests", &lt;table&gt;) (0.0s)
And "WorkflowWithTests" has outputs as
  --- table step argument ---
  | Ouput Var Name  |
  | [[outputValue]] |
-&gt; done: StudioTestFrameworkSteps.GivenHasOutputsAs("WorkflowWithTests", &lt;table&gt;) (0.1s)
And "WorkflowWithTests" Tests as
  --- table step argument ---
  | TestName | AuthenticationType | Error | TestFailing | TestPending | TestInvalid | TestPassed |
  | Test1    | Windows            | false | false       | false       | false       | true       |
  | Test2    | Windows            | false | true        | false       | false       | false      |
  | Test3    | Windows            | false | false       | false       | true        | false      |
  | Test4    | Windows            | false | false       | true        | false       | false      |
-&gt; done: StudioTestFrameworkSteps.GivenTestsAs("WorkflowWithTests", &lt;table&gt;) (0.0s)
Given the test builder is open with "Workflow 1"
-&gt; done: StudioTestFrameworkSteps.GivenTheTestBuilderIsOpenWith("Workflow 1") (0.0s)
And Tab Header is "Workflow 1 - Tests"
-&gt; done: StudioTestFrameworkSteps.GivenTabHeaderIs("Workflow 1 - Tests") (0.0s)
And there are no tests
-&gt; done: StudioTestFrameworkSteps.GivenThereAreNoTests() (0.0s)
When I click New Test
-&gt; done: StudioTestFrameworkSteps.WhenIClickNewTest() (0.0s)
Then a new test is added
-&gt; done: StudioTestFrameworkSteps.ThenANewTestIsAdded() (0.0s)
And Tab Header is "Workflow 1 - Tests *"
-&gt; done: StudioTestFrameworkSteps.GivenTabHeaderIs("Workflow 1 - Tests *") (0.0s)
And test name starts with "Test 1"
-&gt; done: StudioTestFrameworkSteps.ThenTestNameStartsWith("Test 1") (0.0s)
And username is blank
-&gt; done: StudioTestFrameworkSteps.ThenUsernameIsBlank() (0.0s)
And password is blank
-&gt; done: StudioTestFrameworkSteps.ThenPasswordIsBlank() (0.0s)
And inputs are
  --- table step argument ---
  | Variable Name | Value |
  | a             |       |
-&gt; done: StudioTestFrameworkSteps.ThenInputsAs(&lt;table&gt;) (0.0s)
And outputs as
  --- table step argument ---
  | Variable Name | Value |
  | outputValue   |       |
-&gt; done: StudioTestFrameworkSteps.ThenOutputsAs(&lt;table&gt;) (0.0s)
And save is enabled
-&gt; done: StudioTestFrameworkSteps.ThenSaveIsEnabled() (0.0s)
And test status is pending
-&gt; done: StudioTestFrameworkSteps.ThenTestStatusIsPending() (0.0s)
And test is enabled
-&gt; done: StudioTestFrameworkSteps.ThenTestIsEnabled() (0.0s)
And Duplicate Test is "Disabled"
-&gt; done: StudioTestFrameworkSteps.ThenDuplicateTestIs("Disabled") (0.0s)</StdOut>
      </Output>
    </UnitTestResult>
    <UnitTestResult executionId="6f1dd084-8ade-4a24-a1e1-b9911dfe61a5" testId="8ba62538-aab0-6ff1-63da-f26099a220a6" testName="CreateNewTestWithServiceThatAsRecordsetInputs" computerName="ASH" duration="00:00:00.8379020" startTime="2017-03-16T11:48:17.2240249+02:00" endTime="2017-03-16T11:48:18.0653954+02:00" testType="13cdc9d9-ddb5-4fa4-a97d-d965ccfc6d4b" outcome="Passed" testListId="8c84fa94-04c1-424b-9868-57a2d4851a1d" relativeResultsDirectory="6f1dd084-8ade-4a24-a1e1-b9911dfe61a5">
      <Output>
        <StdOut>Given test folder is cleaned
-&gt; done: StudioTestFrameworkSteps.GivenTestFolderIsCleaned() (0.0s)
And I have "Workflow 1" with inputs as
  --- table step argument ---
  | Input Var Name |
  | [[a]]          |
-&gt; done: StudioTestFrameworkSteps.GivenIHaveWithInputsAs("Workflow 1", &lt;table&gt;) (0.0s)
And "Workflow 1" has outputs as
  --- table step argument ---
  | Ouput Var Name  |
  | [[outputValue]] |
-&gt; done: StudioTestFrameworkSteps.GivenHasOutputsAs("Workflow 1", &lt;table&gt;) (0.1s)
Given I have "Workflow 2" with inputs as
  --- table step argument ---
  | Input Var Name |
  | [[rec().a]]    |
  | [[rec().b]]    |
-&gt; done: StudioTestFrameworkSteps.GivenIHaveWithInputsAs("Workflow 2", &lt;table&gt;) (0.0s)
And "Workflow 2" has outputs as
  --- table step argument ---
  | Ouput Var Name |
  | [[returnVal]]  |
-&gt; done: StudioTestFrameworkSteps.GivenHasOutputsAs("Workflow 2", &lt;table&gt;) (0.1s)
Given I have "Workflow 3" with inputs as
  --- table step argument ---
  | Input Var Name |
  | [[A]]          |
  | [[B]]          |
  | [[C]]          |
-&gt; done: StudioTestFrameworkSteps.GivenIHaveWithInputsAs("Workflow 3", &lt;table&gt;) (0.0s)
And "Workflow 3" has outputs as
  --- table step argument ---
  | Ouput Var Name |
  | [[message]]    |
-&gt; done: StudioTestFrameworkSteps.GivenHasOutputsAs("Workflow 3", &lt;table&gt;) (0.1s)
Given I have "WorkflowWithTests" with inputs as
  --- table step argument ---
  | Input Var Name |
  | [[input]]      |
-&gt; done: StudioTestFrameworkSteps.GivenIHaveWithInputsAs("WorkflowWithTests", &lt;table&gt;) (0.0s)
And "WorkflowWithTests" has outputs as
  --- table step argument ---
  | Ouput Var Name  |
  | [[outputValue]] |
-&gt; done: StudioTestFrameworkSteps.GivenHasOutputsAs("WorkflowWithTests", &lt;table&gt;) (0.4s)
And "WorkflowWithTests" Tests as
  --- table step argument ---
  | TestName | AuthenticationType | Error | TestFailing | TestPending | TestInvalid | TestPassed |
  | Test1    | Windows            | false | false       | false       | false       | true       |
  | Test2    | Windows            | false | true        | false       | false       | false      |
  | Test3    | Windows            | false | false       | false       | true        | false      |
  | Test4    | Windows            | false | false       | true        | false       | false      |
-&gt; done: StudioTestFrameworkSteps.GivenTestsAs("WorkflowWithTests", &lt;table&gt;) (0.0s)
Given the test builder is open with "Workflow 2"
-&gt; done: StudioTestFrameworkSteps.GivenTheTestBuilderIsOpenWith("Workflow 2") (0.0s)
And Tab Header is "Workflow 2 - Tests"
-&gt; done: StudioTestFrameworkSteps.GivenTabHeaderIs("Workflow 2 - Tests") (0.0s)
And there are no tests
-&gt; done: StudioTestFrameworkSteps.GivenThereAreNoTests() (0.0s)
When I click New Test
-&gt; done: StudioTestFrameworkSteps.WhenIClickNewTest() (0.0s)
Then a new test is added
-&gt; done: StudioTestFrameworkSteps.ThenANewTestIsAdded() (0.0s)
And Tab Header is "Workflow 2 - Tests *"
-&gt; done: StudioTestFrameworkSteps.GivenTabHeaderIs("Workflow 2 - Tests *") (0.0s)
And test name starts with "Test 1"
-&gt; done: StudioTestFrameworkSteps.ThenTestNameStartsWith("Test 1") (0.0s)
And username is blank
-&gt; done: StudioTestFrameworkSteps.ThenUsernameIsBlank() (0.0s)
And password is blank
-&gt; done: StudioTestFrameworkSteps.ThenPasswordIsBlank() (0.0s)
And inputs are
  --- table step argument ---
  | Variable Name | Value |
  | rec(1).a      |       |
  | rec(1).b      |       |
-&gt; done: StudioTestFrameworkSteps.ThenInputsAs(&lt;table&gt;) (0.0s)
And I update inputs as
  --- table step argument ---
  | Variable Name | Value |
  | rec(1).a      | val1  |
  | rec(1).b      |       |
-&gt; done: StudioTestFrameworkSteps.WhenIUpdatedTheInputsAs(&lt;table&gt;) (0.0s)
Then inputs are
  --- table step argument ---
  | Variable Name | Value |
  | rec(1).a      | val1  |
  | rec(1).b      |       |
  | rec(2).a      |       |
  | rec(2).b      |       |
-&gt; done: StudioTestFrameworkSteps.ThenInputsAs(&lt;table&gt;) (0.0s)</StdOut>
      </Output>
    </UnitTestResult>
    <UnitTestResult executionId="e7f03e47-4c6b-4328-9848-0bff4c276576" testId="0c9c7614-6a5a-4aeb-e1b1-311b92485073" testName="DeleteAnDisabledTest" computerName="ASH" duration="00:00:00.7153913" startTime="2017-03-16T11:48:18.0713939+02:00" endTime="2017-03-16T11:48:18.7893232+02:00" testType="13cdc9d9-ddb5-4fa4-a97d-d965ccfc6d4b" outcome="Passed" testListId="8c84fa94-04c1-424b-9868-57a2d4851a1d" relativeResultsDirectory="e7f03e47-4c6b-4328-9848-0bff4c276576">
      <Output>
        <StdOut>Given test folder is cleaned
-&gt; done: StudioTestFrameworkSteps.GivenTestFolderIsCleaned() (0.0s)
And I have "Workflow 1" with inputs as
  --- table step argument ---
  | Input Var Name |
  | [[a]]          |
-&gt; done: StudioTestFrameworkSteps.GivenIHaveWithInputsAs("Workflow 1", &lt;table&gt;) (0.0s)
And "Workflow 1" has outputs as
  --- table step argument ---
  | Ouput Var Name  |
  | [[outputValue]] |
-&gt; done: StudioTestFrameworkSteps.GivenHasOutputsAs("Workflow 1", &lt;table&gt;) (0.1s)
Given I have "Workflow 2" with inputs as
  --- table step argument ---
  | Input Var Name |
  | [[rec().a]]    |
  | [[rec().b]]    |
-&gt; done: StudioTestFrameworkSteps.GivenIHaveWithInputsAs("Workflow 2", &lt;table&gt;) (0.0s)
And "Workflow 2" has outputs as
  --- table step argument ---
  | Ouput Var Name |
  | [[returnVal]]  |
-&gt; done: StudioTestFrameworkSteps.GivenHasOutputsAs("Workflow 2", &lt;table&gt;) (0.1s)
Given I have "Workflow 3" with inputs as
  --- table step argument ---
  | Input Var Name |
  | [[A]]          |
  | [[B]]          |
  | [[C]]          |
-&gt; done: StudioTestFrameworkSteps.GivenIHaveWithInputsAs("Workflow 3", &lt;table&gt;) (0.0s)
And "Workflow 3" has outputs as
  --- table step argument ---
  | Ouput Var Name |
  | [[message]]    |
-&gt; done: StudioTestFrameworkSteps.GivenHasOutputsAs("Workflow 3", &lt;table&gt;) (0.1s)
Given I have "WorkflowWithTests" with inputs as
  --- table step argument ---
  | Input Var Name |
  | [[input]]      |
-&gt; done: StudioTestFrameworkSteps.GivenIHaveWithInputsAs("WorkflowWithTests", &lt;table&gt;) (0.0s)
And "WorkflowWithTests" has outputs as
  --- table step argument ---
  | Ouput Var Name  |
  | [[outputValue]] |
-&gt; done: StudioTestFrameworkSteps.GivenHasOutputsAs("WorkflowWithTests", &lt;table&gt;) (0.2s)
And "WorkflowWithTests" Tests as
  --- table step argument ---
  | TestName | AuthenticationType | Error | TestFailing | TestPending | TestInvalid | TestPassed |
  | Test1    | Windows            | false | false       | false       | false       | true       |
  | Test2    | Windows            | false | true        | false       | false       | false      |
  | Test3    | Windows            | false | false       | false       | true        | false      |
  | Test4    | Windows            | false | false       | true        | false       | false      |
-&gt; done: StudioTestFrameworkSteps.GivenTestsAs("WorkflowWithTests", &lt;table&gt;) (0.1s)
Given the test builder is open with "Workflow 3"
-&gt; done: StudioTestFrameworkSteps.GivenTheTestBuilderIsOpenWith("Workflow 3") (0.0s)
And Tab Header is "Workflow 3 - Tests"
-&gt; done: StudioTestFrameworkSteps.GivenTabHeaderIs("Workflow 3 - Tests") (0.0s)
And there are no tests
-&gt; done: StudioTestFrameworkSteps.GivenThereAreNoTests() (0.0s)
And I click New Test
-&gt; done: StudioTestFrameworkSteps.WhenIClickNewTest() (0.0s)
And I set Test Values as
  --- table step argument ---
  | TestName | AuthenticationType | Error |
  | Test1    | Windows            | true  |
-&gt; done: StudioTestFrameworkSteps.GivenISetTestValuesAs(&lt;table&gt;) (0.0s)
When I save
-&gt; done: StudioTestFrameworkSteps.WhenISave() (0.0s)
Then Tab Header is "Workflow 3 - Tests"
-&gt; done: StudioTestFrameworkSteps.GivenTabHeaderIs("Workflow 3 - Tests") (0.0s)
And there are 1 tests
-&gt; done: StudioTestFrameworkSteps.ThenThereAreTests(1) (0.0s)
When I enable "Test1"
-&gt; done: StudioTestFrameworkSteps.WhenIEnable("Test1") (0.0s)
Then Delete is disabled for "Test1"
-&gt; done: StudioTestFrameworkSteps.ThenDeleteIsDisabledFor("Test1") (0.0s)
When I disable "Test1"
-&gt; done: StudioTestFrameworkSteps.WhenIDisable("Test1") (0.0s)
Then Delete is enabled for "Test1"
-&gt; done: StudioTestFrameworkSteps.ThenDeleteIsEnabledFor("Test1") (0.0s)
When I delete "Test1"
-&gt; done: StudioTestFrameworkSteps.WhenIDelete("Test1") (0.1s)
Then The "DeleteConfirmation" popup is shown I click Ok
-&gt; done: StudioTestFrameworkSteps.ThenThePopupIsShownIClickOk("DeleteConfirmation") (0.0s)
Then there are 0 tests
-&gt; done: StudioTestFrameworkSteps.ThenThereAreTests(0) (0.0s)</StdOut>
      </Output>
    </UnitTestResult>
    <UnitTestResult executionId="5eb4e53c-f6d3-4ecd-b0e1-876c5c442d41" testId="45bef883-5404-57ca-e724-ad4a627d53d9" testName="DeleteFolderWithResourcesDeletesAllTests" computerName="ASH" duration="00:00:02.9914965" startTime="2017-03-16T11:48:18.8013203+02:00" endTime="2017-03-16T11:48:21.7960607+02:00" testType="13cdc9d9-ddb5-4fa4-a97d-d965ccfc6d4b" outcome="Passed" testListId="8c84fa94-04c1-424b-9868-57a2d4851a1d" relativeResultsDirectory="5eb4e53c-f6d3-4ecd-b0e1-876c5c442d41">
      <Output>
        <StdOut>Given test folder is cleaned
-&gt; done: StudioTestFrameworkSteps.GivenTestFolderIsCleaned() (0.0s)
And I have "Workflow 1" with inputs as
  --- table step argument ---
  | Input Var Name |
  | [[a]]          |
-&gt; done: StudioTestFrameworkSteps.GivenIHaveWithInputsAs("Workflow 1", &lt;table&gt;) (0.0s)
And "Workflow 1" has outputs as
  --- table step argument ---
  | Ouput Var Name  |
  | [[outputValue]] |
-&gt; done: StudioTestFrameworkSteps.GivenHasOutputsAs("Workflow 1", &lt;table&gt;) (0.1s)
Given I have "Workflow 2" with inputs as
  --- table step argument ---
  | Input Var Name |
  | [[rec().a]]    |
  | [[rec().b]]    |
-&gt; done: StudioTestFrameworkSteps.GivenIHaveWithInputsAs("Workflow 2", &lt;table&gt;) (0.0s)
And "Workflow 2" has outputs as
  --- table step argument ---
  | Ouput Var Name |
  | [[returnVal]]  |
-&gt; done: StudioTestFrameworkSteps.GivenHasOutputsAs("Workflow 2", &lt;table&gt;) (0.1s)
Given I have "Workflow 3" with inputs as
  --- table step argument ---
  | Input Var Name |
  | [[A]]          |
  | [[B]]          |
  | [[C]]          |
-&gt; done: StudioTestFrameworkSteps.GivenIHaveWithInputsAs("Workflow 3", &lt;table&gt;) (0.0s)
And "Workflow 3" has outputs as
  --- table step argument ---
  | Ouput Var Name |
  | [[message]]    |
-&gt; done: StudioTestFrameworkSteps.GivenHasOutputsAs("Workflow 3", &lt;table&gt;) (0.1s)
Given I have "WorkflowWithTests" with inputs as
  --- table step argument ---
  | Input Var Name |
  | [[input]]      |
-&gt; done: StudioTestFrameworkSteps.GivenIHaveWithInputsAs("WorkflowWithTests", &lt;table&gt;) (0.0s)
And "WorkflowWithTests" has outputs as
  --- table step argument ---
  | Ouput Var Name  |
  | [[outputValue]] |
-&gt; done: StudioTestFrameworkSteps.GivenHasOutputsAs("WorkflowWithTests", &lt;table&gt;) (0.1s)
And "WorkflowWithTests" Tests as
  --- table step argument ---
  | TestName | AuthenticationType | Error | TestFailing | TestPending | TestInvalid | TestPassed |
  | Test1    | Windows            | false | false       | false       | false       | true       |
  | Test2    | Windows            | false | true        | false       | false       | false      |
  | Test3    | Windows            | false | false       | false       | true        | false      |
  | Test4    | Windows            | false | false       | true        | false       | false      |
-&gt; done: StudioTestFrameworkSteps.GivenTestsAs("WorkflowWithTests", &lt;table&gt;) (0.0s)
Given I have a folder "Home"
-&gt; done: StudioTestFrameworkSteps.GivenIHaveAFolder("Home") (0.0s)
And I have a resouce workflow "PluginSource1" inside Home
-&gt; done: StudioTestFrameworkSteps.GivenIHaveAResouceWorkflowInsideHome("PluginSource1") (0.1s)
And I add "test 1,test 2,test 3" to "PluginSource1"
-&gt; done: StudioTestFrameworkSteps.GivenIAddTo("test 1,test 2,test 3", "PluginSource1") (0.9s)
And I have a resouce workflow "Hello bob" inside Home
-&gt; done: StudioTestFrameworkSteps.GivenIHaveAResouceWorkflowInsideHome("Hello bob") (0.1s)
And I add "test 4,test 5,test 6" to "Hello bob"
-&gt; done: StudioTestFrameworkSteps.GivenIAddTo("test 4,test 5,test 6", "Hello bob") (1.4s)
Then "PluginSource1" has 3 tests
-&gt; done: StudioTestFrameworkSteps.ThenHasTests("PluginSource1", 3) (0.0s)
And "Hello bob" has 3 tests
-&gt; done: StudioTestFrameworkSteps.ThenHasTests("Hello bob", 3) (0.0s)
When I delete folder "Home"
-&gt; done: StudioTestFrameworkSteps.WhenIDeleteFolder("Home") (0.1s)
Then "PluginSource1" has 0 tests
-&gt; done: StudioTestFrameworkSteps.ThenHasTests("PluginSource1", 0) (0.0s)
And "Hello bob" has 0 tests
-&gt; done: StudioTestFrameworkSteps.ThenHasTests("Hello bob", 0) (0.0s)</StdOut>
      </Output>
    </UnitTestResult>
    <UnitTestResult executionId="d0f746d7-2e40-4b39-a493-c725174fc6cb" testId="c8cb6be4-3b18-e567-b275-91c7a0468dba" testName="DeleteResourceWithTests" computerName="ASH" duration="00:00:02.2253147" startTime="2017-03-16T11:48:21.8200642+02:00" endTime="2017-03-16T11:48:24.0476917+02:00" testType="13cdc9d9-ddb5-4fa4-a97d-d965ccfc6d4b" outcome="Passed" testListId="8c84fa94-04c1-424b-9868-57a2d4851a1d" relativeResultsDirectory="d0f746d7-2e40-4b39-a493-c725174fc6cb">
      <Output>
        <StdOut>Given test folder is cleaned
-&gt; done: StudioTestFrameworkSteps.GivenTestFolderIsCleaned() (0.0s)
And I have "Workflow 1" with inputs as
  --- table step argument ---
  | Input Var Name |
  | [[a]]          |
-&gt; done: StudioTestFrameworkSteps.GivenIHaveWithInputsAs("Workflow 1", &lt;table&gt;) (0.0s)
And "Workflow 1" has outputs as
  --- table step argument ---
  | Ouput Var Name  |
  | [[outputValue]] |
-&gt; done: StudioTestFrameworkSteps.GivenHasOutputsAs("Workflow 1", &lt;table&gt;) (0.1s)
Given I have "Workflow 2" with inputs as
  --- table step argument ---
  | Input Var Name |
  | [[rec().a]]    |
  | [[rec().b]]    |
-&gt; done: StudioTestFrameworkSteps.GivenIHaveWithInputsAs("Workflow 2", &lt;table&gt;) (0.0s)
And "Workflow 2" has outputs as
  --- table step argument ---
  | Ouput Var Name |
  | [[returnVal]]  |
-&gt; done: StudioTestFrameworkSteps.GivenHasOutputsAs("Workflow 2", &lt;table&gt;) (0.1s)
Given I have "Workflow 3" with inputs as
  --- table step argument ---
  | Input Var Name |
  | [[A]]          |
  | [[B]]          |
  | [[C]]          |
-&gt; done: StudioTestFrameworkSteps.GivenIHaveWithInputsAs("Workflow 3", &lt;table&gt;) (0.0s)
And "Workflow 3" has outputs as
  --- table step argument ---
  | Ouput Var Name |
  | [[message]]    |
-&gt; done: StudioTestFrameworkSteps.GivenHasOutputsAs("Workflow 3", &lt;table&gt;) (0.1s)
Given I have "WorkflowWithTests" with inputs as
  --- table step argument ---
  | Input Var Name |
  | [[input]]      |
-&gt; done: StudioTestFrameworkSteps.GivenIHaveWithInputsAs("WorkflowWithTests", &lt;table&gt;) (0.0s)
And "WorkflowWithTests" has outputs as
  --- table step argument ---
  | Ouput Var Name  |
  | [[outputValue]] |
-&gt; done: StudioTestFrameworkSteps.GivenHasOutputsAs("WorkflowWithTests", &lt;table&gt;) (0.1s)
And "WorkflowWithTests" Tests as
  --- table step argument ---
  | TestName | AuthenticationType | Error | TestFailing | TestPending | TestInvalid | TestPassed |
  | Test1    | Windows            | false | false       | false       | false       | true       |
  | Test2    | Windows            | false | true        | false       | false       | false      |
  | Test3    | Windows            | false | false       | false       | true        | false      |
  | Test4    | Windows            | false | false       | true        | false       | false      |
-&gt; done: StudioTestFrameworkSteps.GivenTestsAs("WorkflowWithTests", &lt;table&gt;) (0.0s)
Given I have a resouce "PluginSource"
-&gt; done: StudioTestFrameworkSteps.GivenIHaveAResouce("PluginSource") (0.1s)
And I add "test1,test2,test3" as tests
-&gt; done: StudioTestFrameworkSteps.GivenIAddAsTests("test1,test2,test3") (1.5s)
Then "PluginSource" has 3 tests
-&gt; done: StudioTestFrameworkSteps.ThenHasTests("PluginSource", 3) (0.0s)
When I delete resource "PluginSource"
-&gt; done: StudioTestFrameworkSteps.WhenIDeleteResource("PluginSource") (0.1s)
Then "PluginSource" has 0 tests
-&gt; done: StudioTestFrameworkSteps.ThenHasTests("PluginSource", 0) (0.0s)</StdOut>
      </Output>
    </UnitTestResult>
    <UnitTestResult executionId="5f5a6290-300b-4e39-be37-d3d79d497eb1" testId="8f84e02a-db07-e6a9-dd02-431bbff27d8f" testName="DuplicateATest" computerName="ASH" duration="00:00:00.5698185" startTime="2017-03-16T11:48:24.0536926+02:00" endTime="2017-03-16T11:48:24.6252108+02:00" testType="13cdc9d9-ddb5-4fa4-a97d-d965ccfc6d4b" outcome="Passed" testListId="8c84fa94-04c1-424b-9868-57a2d4851a1d" relativeResultsDirectory="5f5a6290-300b-4e39-be37-d3d79d497eb1">
      <Output>
        <StdOut>Given test folder is cleaned
-&gt; done: StudioTestFrameworkSteps.GivenTestFolderIsCleaned() (0.1s)
And I have "Workflow 1" with inputs as
  --- table step argument ---
  | Input Var Name |
  | [[a]]          |
-&gt; done: StudioTestFrameworkSteps.GivenIHaveWithInputsAs("Workflow 1", &lt;table&gt;) (0.0s)
And "Workflow 1" has outputs as
  --- table step argument ---
  | Ouput Var Name  |
  | [[outputValue]] |
-&gt; done: StudioTestFrameworkSteps.GivenHasOutputsAs("Workflow 1", &lt;table&gt;) (0.1s)
Given I have "Workflow 2" with inputs as
  --- table step argument ---
  | Input Var Name |
  | [[rec().a]]    |
  | [[rec().b]]    |
-&gt; done: StudioTestFrameworkSteps.GivenIHaveWithInputsAs("Workflow 2", &lt;table&gt;) (0.0s)
And "Workflow 2" has outputs as
  --- table step argument ---
  | Ouput Var Name |
  | [[returnVal]]  |
-&gt; done: StudioTestFrameworkSteps.GivenHasOutputsAs("Workflow 2", &lt;table&gt;) (0.1s)
Given I have "Workflow 3" with inputs as
  --- table step argument ---
  | Input Var Name |
  | [[A]]          |
  | [[B]]          |
  | [[C]]          |
-&gt; done: StudioTestFrameworkSteps.GivenIHaveWithInputsAs("Workflow 3", &lt;table&gt;) (0.0s)
And "Workflow 3" has outputs as
  --- table step argument ---
  | Ouput Var Name |
  | [[message]]    |
-&gt; done: StudioTestFrameworkSteps.GivenHasOutputsAs("Workflow 3", &lt;table&gt;) (0.1s)
Given I have "WorkflowWithTests" with inputs as
  --- table step argument ---
  | Input Var Name |
  | [[input]]      |
-&gt; done: StudioTestFrameworkSteps.GivenIHaveWithInputsAs("WorkflowWithTests", &lt;table&gt;) (0.0s)
And "WorkflowWithTests" has outputs as
  --- table step argument ---
  | Ouput Var Name  |
  | [[outputValue]] |
-&gt; done: StudioTestFrameworkSteps.GivenHasOutputsAs("WorkflowWithTests", &lt;table&gt;) (0.1s)
And "WorkflowWithTests" Tests as
  --- table step argument ---
  | TestName | AuthenticationType | Error | TestFailing | TestPending | TestInvalid | TestPassed |
  | Test1    | Windows            | false | false       | false       | false       | true       |
  | Test2    | Windows            | false | true        | false       | false       | false      |
  | Test3    | Windows            | false | false       | false       | true        | false      |
  | Test4    | Windows            | false | false       | true        | false       | false      |
-&gt; done: StudioTestFrameworkSteps.GivenTestsAs("WorkflowWithTests", &lt;table&gt;) (0.0s)
Given the test builder is open with "Workflow 1"
-&gt; done: StudioTestFrameworkSteps.GivenTheTestBuilderIsOpenWith("Workflow 1") (0.0s)
And Tab Header is "Workflow 1 - Tests"
-&gt; done: StudioTestFrameworkSteps.GivenTabHeaderIs("Workflow 1 - Tests") (0.0s)
And there are no tests
-&gt; done: StudioTestFrameworkSteps.GivenThereAreNoTests() (0.0s)
And I click New Test
-&gt; done: StudioTestFrameworkSteps.WhenIClickNewTest() (0.0s)
Then a new test is added
-&gt; done: StudioTestFrameworkSteps.ThenANewTestIsAdded() (0.0s)
And Tab Header is "Workflow 1 - Tests *"
-&gt; done: StudioTestFrameworkSteps.GivenTabHeaderIs("Workflow 1 - Tests *") (0.0s)
And test name starts with "Test 1"
-&gt; done: StudioTestFrameworkSteps.ThenTestNameStartsWith("Test 1") (0.0s)
And inputs are
  --- table step argument ---
  | Variable Name | Value |
  | a             |       |
-&gt; done: StudioTestFrameworkSteps.ThenInputsAs(&lt;table&gt;) (0.0s)
And outputs as
  --- table step argument ---
  | Variable Name | Value |
  | outputValue   |       |
-&gt; done: StudioTestFrameworkSteps.ThenOutputsAs(&lt;table&gt;) (0.0s)
And save is enabled
-&gt; done: StudioTestFrameworkSteps.ThenSaveIsEnabled() (0.0s)
When I save
-&gt; done: StudioTestFrameworkSteps.WhenISave() (0.0s)
Then Tab Header is "Workflow 1 - Tests"
-&gt; done: StudioTestFrameworkSteps.GivenTabHeaderIs("Workflow 1 - Tests") (0.0s)
And there are 1 tests
-&gt; done: StudioTestFrameworkSteps.ThenThereAreTests(1) (0.0s)
When I click "Test 1"
-&gt; done: StudioTestFrameworkSteps.WhenIClick("Test 1") (0.0s)
Then Duplicate Test is visible
-&gt; done: StudioTestFrameworkSteps.ThenDuplicateTestIsVisible() (0.0s)
When I click duplicate
-&gt; done: StudioTestFrameworkSteps.WhenIClickDuplicate() (0.0s)
Then there are 2 tests
-&gt; done: StudioTestFrameworkSteps.ThenThereAreTests(2) (0.0s)
And the duplicated tests is "Test 1 1"
-&gt; done: StudioTestFrameworkSteps.ThenTheDuplicatedTestsIs("Test 1 1") (0.0s)</StdOut>
      </Output>
    </UnitTestResult>
    <UnitTestResult executionId="f1473feb-17be-4bf4-a857-07ba58b4216f" testId="4a046c30-a5f5-f712-6eb1-55f71848e7b2" testName="DuplicateATestWithSameNameFails" computerName="ASH" duration="00:00:00.5253420" startTime="2017-03-16T11:48:24.6312141+02:00" endTime="2017-03-16T11:48:25.1594289+02:00" testType="13cdc9d9-ddb5-4fa4-a97d-d965ccfc6d4b" outcome="Passed" testListId="8c84fa94-04c1-424b-9868-57a2d4851a1d" relativeResultsDirectory="f1473feb-17be-4bf4-a857-07ba58b4216f">
      <Output>
        <StdOut>Given test folder is cleaned
-&gt; done: StudioTestFrameworkSteps.GivenTestFolderIsCleaned() (0.0s)
And I have "Workflow 1" with inputs as
  --- table step argument ---
  | Input Var Name |
  | [[a]]          |
-&gt; done: StudioTestFrameworkSteps.GivenIHaveWithInputsAs("Workflow 1", &lt;table&gt;) (0.0s)
And "Workflow 1" has outputs as
  --- table step argument ---
  | Ouput Var Name  |
  | [[outputValue]] |
-&gt; done: StudioTestFrameworkSteps.GivenHasOutputsAs("Workflow 1", &lt;table&gt;) (0.1s)
Given I have "Workflow 2" with inputs as
  --- table step argument ---
  | Input Var Name |
  | [[rec().a]]    |
  | [[rec().b]]    |
-&gt; done: StudioTestFrameworkSteps.GivenIHaveWithInputsAs("Workflow 2", &lt;table&gt;) (0.0s)
And "Workflow 2" has outputs as
  --- table step argument ---
  | Ouput Var Name |
  | [[returnVal]]  |
-&gt; done: StudioTestFrameworkSteps.GivenHasOutputsAs("Workflow 2", &lt;table&gt;) (0.1s)
Given I have "Workflow 3" with inputs as
  --- table step argument ---
  | Input Var Name |
  | [[A]]          |
  | [[B]]          |
  | [[C]]          |
-&gt; done: StudioTestFrameworkSteps.GivenIHaveWithInputsAs("Workflow 3", &lt;table&gt;) (0.0s)
And "Workflow 3" has outputs as
  --- table step argument ---
  | Ouput Var Name |
  | [[message]]    |
-&gt; done: StudioTestFrameworkSteps.GivenHasOutputsAs("Workflow 3", &lt;table&gt;) (0.1s)
Given I have "WorkflowWithTests" with inputs as
  --- table step argument ---
  | Input Var Name |
  | [[input]]      |
-&gt; done: StudioTestFrameworkSteps.GivenIHaveWithInputsAs("WorkflowWithTests", &lt;table&gt;) (0.0s)
And "WorkflowWithTests" has outputs as
  --- table step argument ---
  | Ouput Var Name  |
  | [[outputValue]] |
-&gt; done: StudioTestFrameworkSteps.GivenHasOutputsAs("WorkflowWithTests", &lt;table&gt;) (0.1s)
And "WorkflowWithTests" Tests as
  --- table step argument ---
  | TestName | AuthenticationType | Error | TestFailing | TestPending | TestInvalid | TestPassed |
  | Test1    | Windows            | false | false       | false       | false       | true       |
  | Test2    | Windows            | false | true        | false       | false       | false      |
  | Test3    | Windows            | false | false       | false       | true        | false      |
  | Test4    | Windows            | false | false       | true        | false       | false      |
-&gt; done: StudioTestFrameworkSteps.GivenTestsAs("WorkflowWithTests", &lt;table&gt;) (0.1s)
Given the test builder is open with "Workflow 1"
-&gt; done: StudioTestFrameworkSteps.GivenTheTestBuilderIsOpenWith("Workflow 1") (0.0s)
And Tab Header is "Workflow 1 - Tests"
-&gt; done: StudioTestFrameworkSteps.GivenTabHeaderIs("Workflow 1 - Tests") (0.0s)
And there are no tests
-&gt; done: StudioTestFrameworkSteps.GivenThereAreNoTests() (0.0s)
And I click New Test
-&gt; done: StudioTestFrameworkSteps.WhenIClickNewTest() (0.0s)
Then a new test is added
-&gt; done: StudioTestFrameworkSteps.ThenANewTestIsAdded() (0.0s)
And Tab Header is "Workflow 1 - Tests *"
-&gt; done: StudioTestFrameworkSteps.GivenTabHeaderIs("Workflow 1 - Tests *") (0.0s)
And test name starts with "Test 1"
-&gt; done: StudioTestFrameworkSteps.ThenTestNameStartsWith("Test 1") (0.0s)
And inputs are
  --- table step argument ---
  | Variable Name | Value |
  | a             |       |
-&gt; done: StudioTestFrameworkSteps.ThenInputsAs(&lt;table&gt;) (0.0s)
And outputs as
  --- table step argument ---
  | Variable Name | Value |
  | outputValue   |       |
-&gt; done: StudioTestFrameworkSteps.ThenOutputsAs(&lt;table&gt;) (0.0s)
And save is enabled
-&gt; done: StudioTestFrameworkSteps.ThenSaveIsEnabled() (0.0s)
When I save
-&gt; done: StudioTestFrameworkSteps.WhenISave() (0.0s)
Then Tab Header is "Workflow 1 - Tests"
-&gt; done: StudioTestFrameworkSteps.GivenTabHeaderIs("Workflow 1 - Tests") (0.0s)
And there are 1 tests
-&gt; done: StudioTestFrameworkSteps.ThenThereAreTests(1) (0.0s)
When I click "Test 1"
-&gt; done: StudioTestFrameworkSteps.WhenIClick("Test 1") (0.0s)
Then Duplicate Test is visible
-&gt; done: StudioTestFrameworkSteps.ThenDuplicateTestIsVisible() (0.0s)
When I click duplicate
-&gt; done: StudioTestFrameworkSteps.WhenIClickDuplicate() (0.0s)
Then there are 2 tests
-&gt; done: StudioTestFrameworkSteps.ThenThereAreTests(2) (0.0s)
And the duplicated tests is "Test 1 1"
-&gt; done: StudioTestFrameworkSteps.ThenTheDuplicatedTestsIs("Test 1 1") (0.0s)
When I change the test name to "Test 1"
-&gt; done: StudioTestFrameworkSteps.WhenIChangeTheTestNameTo("Test 1") (0.0s)
And save is enabled
-&gt; done: StudioTestFrameworkSteps.ThenSaveIsEnabled() (0.0s)
When I save
-&gt; done: StudioTestFrameworkSteps.WhenISave() (0.0s)
Then The duplicate Name popup is shown
-&gt; done: StudioTestFrameworkSteps.ThenTheDuplicateNamePopupIsShown() (0.0s)
And Duplicate Test is "Disabled"
-&gt; done: StudioTestFrameworkSteps.ThenDuplicateTestIs("Disabled") (0.0s)</StdOut>
      </Output>
    </UnitTestResult>
    <UnitTestResult executionId="1543a721-7208-42ac-8274-7ba29c8abe7c" testId="fa262058-72b4-1b29-f17f-4de753413655" testName="DuplicateTestNewTestHasName" computerName="ASH" duration="00:00:00.5132263" startTime="2017-03-16T11:48:25.1624317+02:00" endTime="2017-03-16T11:48:25.6779775+02:00" testType="13cdc9d9-ddb5-4fa4-a97d-d965ccfc6d4b" outcome="Passed" testListId="8c84fa94-04c1-424b-9868-57a2d4851a1d" relativeResultsDirectory="1543a721-7208-42ac-8274-7ba29c8abe7c">
      <Output>
        <StdOut>Given test folder is cleaned
-&gt; done: StudioTestFrameworkSteps.GivenTestFolderIsCleaned() (0.0s)
And I have "Workflow 1" with inputs as
  --- table step argument ---
  | Input Var Name |
  | [[a]]          |
-&gt; done: StudioTestFrameworkSteps.GivenIHaveWithInputsAs("Workflow 1", &lt;table&gt;) (0.0s)
And "Workflow 1" has outputs as
  --- table step argument ---
  | Ouput Var Name  |
  | [[outputValue]] |
-&gt; done: StudioTestFrameworkSteps.GivenHasOutputsAs("Workflow 1", &lt;table&gt;) (0.1s)
Given I have "Workflow 2" with inputs as
  --- table step argument ---
  | Input Var Name |
  | [[rec().a]]    |
  | [[rec().b]]    |
-&gt; done: StudioTestFrameworkSteps.GivenIHaveWithInputsAs("Workflow 2", &lt;table&gt;) (0.0s)
And "Workflow 2" has outputs as
  --- table step argument ---
  | Ouput Var Name |
  | [[returnVal]]  |
-&gt; done: StudioTestFrameworkSteps.GivenHasOutputsAs("Workflow 2", &lt;table&gt;) (0.1s)
Given I have "Workflow 3" with inputs as
  --- table step argument ---
  | Input Var Name |
  | [[A]]          |
  | [[B]]          |
  | [[C]]          |
-&gt; done: StudioTestFrameworkSteps.GivenIHaveWithInputsAs("Workflow 3", &lt;table&gt;) (0.0s)
And "Workflow 3" has outputs as
  --- table step argument ---
  | Ouput Var Name |
  | [[message]]    |
-&gt; done: StudioTestFrameworkSteps.GivenHasOutputsAs("Workflow 3", &lt;table&gt;) (0.1s)
Given I have "WorkflowWithTests" with inputs as
  --- table step argument ---
  | Input Var Name |
  | [[input]]      |
-&gt; done: StudioTestFrameworkSteps.GivenIHaveWithInputsAs("WorkflowWithTests", &lt;table&gt;) (0.0s)
And "WorkflowWithTests" has outputs as
  --- table step argument ---
  | Ouput Var Name  |
  | [[outputValue]] |
-&gt; done: StudioTestFrameworkSteps.GivenHasOutputsAs("WorkflowWithTests", &lt;table&gt;) (0.1s)
And "WorkflowWithTests" Tests as
  --- table step argument ---
  | TestName | AuthenticationType | Error | TestFailing | TestPending | TestInvalid | TestPassed |
  | Test1    | Windows            | false | false       | false       | false       | true       |
  | Test2    | Windows            | false | true        | false       | false       | false      |
  | Test3    | Windows            | false | false       | false       | true        | false      |
  | Test4    | Windows            | false | false       | true        | false       | false      |
-&gt; done: StudioTestFrameworkSteps.GivenTestsAs("WorkflowWithTests", &lt;table&gt;) (0.0s)
Given the test builder is open with "Workflow 1"
-&gt; done: StudioTestFrameworkSteps.GivenTheTestBuilderIsOpenWith("Workflow 1") (0.0s)
And Tab Header is "Workflow 1 - Tests"
-&gt; done: StudioTestFrameworkSteps.GivenTabHeaderIs("Workflow 1 - Tests") (0.0s)
And there are no tests
-&gt; done: StudioTestFrameworkSteps.GivenThereAreNoTests() (0.0s)
And I click New Test
-&gt; done: StudioTestFrameworkSteps.WhenIClickNewTest() (0.0s)
Then a new test is added
-&gt; done: StudioTestFrameworkSteps.ThenANewTestIsAdded() (0.0s)
And Tab Header is "Workflow 1 - Tests *"
-&gt; done: StudioTestFrameworkSteps.GivenTabHeaderIs("Workflow 1 - Tests *") (0.0s)
And test name starts with "Test 1"
-&gt; done: StudioTestFrameworkSteps.ThenTestNameStartsWith("Test 1") (0.0s)
And inputs are
  --- table step argument ---
  | Variable Name | Value |
  | a             |       |
-&gt; done: StudioTestFrameworkSteps.ThenInputsAs(&lt;table&gt;) (0.0s)
And outputs as
  --- table step argument ---
  | Variable Name | Value |
  | outputValue   |       |
-&gt; done: StudioTestFrameworkSteps.ThenOutputsAs(&lt;table&gt;) (0.0s)
And save is enabled
-&gt; done: StudioTestFrameworkSteps.ThenSaveIsEnabled() (0.0s)
When I save
-&gt; done: StudioTestFrameworkSteps.WhenISave() (0.0s)
Then Tab Header is "Workflow 1 - Tests"
-&gt; done: StudioTestFrameworkSteps.GivenTabHeaderIs("Workflow 1 - Tests") (0.0s)
And there are 1 tests
-&gt; done: StudioTestFrameworkSteps.ThenThereAreTests(1) (0.0s)
When I click "Test 1"
-&gt; done: StudioTestFrameworkSteps.WhenIClick("Test 1") (0.0s)
Then Duplicate Test is visible
-&gt; done: StudioTestFrameworkSteps.ThenDuplicateTestIsVisible() (0.0s)
When I click duplicate
-&gt; done: StudioTestFrameworkSteps.WhenIClickDuplicate() (0.0s)
Then there are 2 tests
-&gt; done: StudioTestFrameworkSteps.ThenThereAreTests(2) (0.0s)
And Test name is "Test 1 1"
-&gt; done: StudioTestFrameworkSteps.ThenTestNameIs("Test 1 1") (0.0s)
And save is enabled
-&gt; done: StudioTestFrameworkSteps.ThenSaveIsEnabled() (0.0s)
When I save
-&gt; done: StudioTestFrameworkSteps.WhenISave() (0.0s)
Then Tab Header is "Workflow 1 - Tests"
-&gt; done: StudioTestFrameworkSteps.GivenTabHeaderIs("Workflow 1 - Tests") (0.0s)
When I reload tests
-&gt; done: StudioTestFrameworkSteps.WhenIReloadTests() (0.0s)
And I close the test builder
-&gt; done: StudioTestFrameworkSteps.ThenICloseTheTestBuilder() (0.0s)
When the test builder is open with "Workflow 1"
-&gt; done: StudioTestFrameworkSteps.GivenTheTestBuilderIsOpenWith("Workflow 1") (0.0s)
Then there are 2 tests
-&gt; done: StudioTestFrameworkSteps.ThenThereAreTests(2) (0.0s)</StdOut>
      </Output>
    </UnitTestResult>
    <UnitTestResult executionId="e8a7b3a8-b9a8-4f03-b5a2-cc4915565053" testId="2bd5d5cf-0bca-f770-a62a-3521f56d7a06" testName="EditExistingTest" computerName="ASH" duration="00:00:00.7948504" startTime="2017-03-16T11:48:25.6819766+02:00" endTime="2017-03-16T11:48:26.4800384+02:00" testType="13cdc9d9-ddb5-4fa4-a97d-d965ccfc6d4b" outcome="Passed" testListId="8c84fa94-04c1-424b-9868-57a2d4851a1d" relativeResultsDirectory="e8a7b3a8-b9a8-4f03-b5a2-cc4915565053">
      <Output>
        <StdOut>Given test folder is cleaned
-&gt; done: StudioTestFrameworkSteps.GivenTestFolderIsCleaned() (0.0s)
And I have "Workflow 1" with inputs as
  --- table step argument ---
  | Input Var Name |
  | [[a]]          |
-&gt; done: StudioTestFrameworkSteps.GivenIHaveWithInputsAs("Workflow 1", &lt;table&gt;) (0.0s)
And "Workflow 1" has outputs as
  --- table step argument ---
  | Ouput Var Name  |
  | [[outputValue]] |
-&gt; done: StudioTestFrameworkSteps.GivenHasOutputsAs("Workflow 1", &lt;table&gt;) (0.1s)
Given I have "Workflow 2" with inputs as
  --- table step argument ---
  | Input Var Name |
  | [[rec().a]]    |
  | [[rec().b]]    |
-&gt; done: StudioTestFrameworkSteps.GivenIHaveWithInputsAs("Workflow 2", &lt;table&gt;) (0.0s)
And "Workflow 2" has outputs as
  --- table step argument ---
  | Ouput Var Name |
  | [[returnVal]]  |
-&gt; done: StudioTestFrameworkSteps.GivenHasOutputsAs("Workflow 2", &lt;table&gt;) (0.1s)
Given I have "Workflow 3" with inputs as
  --- table step argument ---
  | Input Var Name |
  | [[A]]          |
  | [[B]]          |
  | [[C]]          |
-&gt; done: StudioTestFrameworkSteps.GivenIHaveWithInputsAs("Workflow 3", &lt;table&gt;) (0.0s)
And "Workflow 3" has outputs as
  --- table step argument ---
  | Ouput Var Name |
  | [[message]]    |
-&gt; done: StudioTestFrameworkSteps.GivenHasOutputsAs("Workflow 3", &lt;table&gt;) (0.1s)
Given I have "WorkflowWithTests" with inputs as
  --- table step argument ---
  | Input Var Name |
  | [[input]]      |
-&gt; done: StudioTestFrameworkSteps.GivenIHaveWithInputsAs("WorkflowWithTests", &lt;table&gt;) (0.0s)
And "WorkflowWithTests" has outputs as
  --- table step argument ---
  | Ouput Var Name  |
  | [[outputValue]] |
-&gt; done: StudioTestFrameworkSteps.GivenHasOutputsAs("WorkflowWithTests", &lt;table&gt;) (0.1s)
And "WorkflowWithTests" Tests as
  --- table step argument ---
  | TestName | AuthenticationType | Error | TestFailing | TestPending | TestInvalid | TestPassed |
  | Test1    | Windows            | false | false       | false       | false       | true       |
  | Test2    | Windows            | false | true        | false       | false       | false      |
  | Test3    | Windows            | false | false       | false       | true        | false      |
  | Test4    | Windows            | false | false       | true        | false       | false      |
-&gt; done: StudioTestFrameworkSteps.GivenTestsAs("WorkflowWithTests", &lt;table&gt;) (0.1s)
Given the test builder is open with "Workflow 3"
-&gt; done: StudioTestFrameworkSteps.GivenTheTestBuilderIsOpenWith("Workflow 3") (0.0s)
And Tab Header is "Workflow 3 - Tests"
-&gt; done: StudioTestFrameworkSteps.GivenTabHeaderIs("Workflow 3 - Tests") (0.0s)
And there are no tests
-&gt; done: StudioTestFrameworkSteps.GivenThereAreNoTests() (0.0s)
And I click New Test
-&gt; done: StudioTestFrameworkSteps.WhenIClickNewTest() (0.0s)
And I set Test Values as
  --- table step argument ---
  | TestName | AuthenticationType | Error |
  | Test1    | Windows            | true  |
-&gt; done: StudioTestFrameworkSteps.GivenISetTestValuesAs(&lt;table&gt;) (0.0s)
Then NoErrorExpected is "false"
-&gt; done: StudioTestFrameworkSteps.ThenNoErrorExpectedIs("false") (0.0s)
And save is enabled
-&gt; done: StudioTestFrameworkSteps.ThenSaveIsEnabled() (0.0s)
When I save
-&gt; done: StudioTestFrameworkSteps.WhenISave() (0.1s)
Then Tab Header is "Workflow 3 - Tests"
-&gt; done: StudioTestFrameworkSteps.GivenTabHeaderIs("Workflow 3 - Tests") (0.0s)
When I click New Test
-&gt; done: StudioTestFrameworkSteps.WhenIClickNewTest() (0.0s)
And I set Test Values as
  --- table step argument ---
  | TestName | AuthenticationType | Error |
  | Test2    | Windows            | true  |
-&gt; done: StudioTestFrameworkSteps.GivenISetTestValuesAs(&lt;table&gt;) (0.0s)
And save is enabled
-&gt; done: StudioTestFrameworkSteps.ThenSaveIsEnabled() (0.0s)
When I save
-&gt; done: StudioTestFrameworkSteps.WhenISave() (0.0s)
Then Tab Header is "Workflow 3 - Tests"
-&gt; done: StudioTestFrameworkSteps.GivenTabHeaderIs("Workflow 3 - Tests") (0.0s)
And I close the test builder
-&gt; done: StudioTestFrameworkSteps.ThenICloseTheTestBuilder() (0.0s)
When the test builder is open with "Workflow 3"
-&gt; done: StudioTestFrameworkSteps.GivenTheTestBuilderIsOpenWith("Workflow 3") (0.1s)
Then there are 2 tests
-&gt; done: StudioTestFrameworkSteps.ThenThereAreTests(2) (0.0s)
And I select "Test2"
-&gt; done: StudioTestFrameworkSteps.GivenISelect("Test2") (0.0s)
Then Duplicate Test is "Enabled"
-&gt; done: StudioTestFrameworkSteps.ThenDuplicateTestIs("Enabled") (0.0s)
And I set Test Values as
  --- table step argument ---
  | TestName | AuthenticationType | Error |
  | Test2    | Public             | true  |
-&gt; done: StudioTestFrameworkSteps.GivenISetTestValuesAs(&lt;table&gt;) (0.0s)
When I save
-&gt; done: StudioTestFrameworkSteps.WhenISave() (0.0s)
Then Tab Header is "Workflow 3 - Tests"
-&gt; done: StudioTestFrameworkSteps.GivenTabHeaderIs("Workflow 3 - Tests") (0.0s)
And I close the test builder
-&gt; done: StudioTestFrameworkSteps.ThenICloseTheTestBuilder() (0.0s)
When the test builder is open with "Workflow 3"
-&gt; done: StudioTestFrameworkSteps.GivenTheTestBuilderIsOpenWith("Workflow 3") (0.1s)
Then there are 2 tests
-&gt; done: StudioTestFrameworkSteps.ThenThereAreTests(2) (0.0s)
And I select "Test2"
-&gt; done: StudioTestFrameworkSteps.GivenISelect("Test2") (0.0s)
And Test name is "Test2"
-&gt; done: StudioTestFrameworkSteps.ThenTestNameIs("Test2") (0.0s)
And Authentication is Public
-&gt; done: StudioTestFrameworkSteps.ThenAuthenticationIsPublic() (0.0s)</StdOut>
      </Output>
    </UnitTestResult>
    <UnitTestResult executionId="93040bd4-2695-4133-a3d0-aa1912e962aa" testId="0e322d96-07cf-2eea-4fde-23a3841aec45" testName="EditExistingTestValidateStar" computerName="ASH" duration="00:00:00.7603438" startTime="2017-03-16T11:48:26.4870390+02:00" endTime="2017-03-16T11:48:27.2572204+02:00" testType="13cdc9d9-ddb5-4fa4-a97d-d965ccfc6d4b" outcome="Passed" testListId="8c84fa94-04c1-424b-9868-57a2d4851a1d" relativeResultsDirectory="93040bd4-2695-4133-a3d0-aa1912e962aa">
      <Output>
        <StdOut>Given test folder is cleaned
-&gt; done: StudioTestFrameworkSteps.GivenTestFolderIsCleaned() (0.0s)
And I have "Workflow 1" with inputs as
  --- table step argument ---
  | Input Var Name |
  | [[a]]          |
-&gt; done: StudioTestFrameworkSteps.GivenIHaveWithInputsAs("Workflow 1", &lt;table&gt;) (0.0s)
And "Workflow 1" has outputs as
  --- table step argument ---
  | Ouput Var Name  |
  | [[outputValue]] |
-&gt; done: StudioTestFrameworkSteps.GivenHasOutputsAs("Workflow 1", &lt;table&gt;) (0.1s)
Given I have "Workflow 2" with inputs as
  --- table step argument ---
  | Input Var Name |
  | [[rec().a]]    |
  | [[rec().b]]    |
-&gt; done: StudioTestFrameworkSteps.GivenIHaveWithInputsAs("Workflow 2", &lt;table&gt;) (0.0s)
And "Workflow 2" has outputs as
  --- table step argument ---
  | Ouput Var Name |
  | [[returnVal]]  |
-&gt; done: StudioTestFrameworkSteps.GivenHasOutputsAs("Workflow 2", &lt;table&gt;) (0.2s)
Given I have "Workflow 3" with inputs as
  --- table step argument ---
  | Input Var Name |
  | [[A]]          |
  | [[B]]          |
  | [[C]]          |
-&gt; done: StudioTestFrameworkSteps.GivenIHaveWithInputsAs("Workflow 3", &lt;table&gt;) (0.0s)
And "Workflow 3" has outputs as
  --- table step argument ---
  | Ouput Var Name |
  | [[message]]    |
-&gt; done: StudioTestFrameworkSteps.GivenHasOutputsAs("Workflow 3", &lt;table&gt;) (0.1s)
Given I have "WorkflowWithTests" with inputs as
  --- table step argument ---
  | Input Var Name |
  | [[input]]      |
-&gt; done: StudioTestFrameworkSteps.GivenIHaveWithInputsAs("WorkflowWithTests", &lt;table&gt;) (0.0s)
And "WorkflowWithTests" has outputs as
  --- table step argument ---
  | Ouput Var Name  |
  | [[outputValue]] |
-&gt; done: StudioTestFrameworkSteps.GivenHasOutputsAs("WorkflowWithTests", &lt;table&gt;) (0.1s)
And "WorkflowWithTests" Tests as
  --- table step argument ---
  | TestName | AuthenticationType | Error | TestFailing | TestPending | TestInvalid | TestPassed |
  | Test1    | Windows            | false | false       | false       | false       | true       |
  | Test2    | Windows            | false | true        | false       | false       | false      |
  | Test3    | Windows            | false | false       | false       | true        | false      |
  | Test4    | Windows            | false | false       | true        | false       | false      |
-&gt; done: StudioTestFrameworkSteps.GivenTestsAs("WorkflowWithTests", &lt;table&gt;) (0.0s)
Given the test builder is open with "Workflow 3"
-&gt; done: StudioTestFrameworkSteps.GivenTheTestBuilderIsOpenWith("Workflow 3") (0.0s)
And Tab Header is "Workflow 3 - Tests"
-&gt; done: StudioTestFrameworkSteps.GivenTabHeaderIs("Workflow 3 - Tests") (0.0s)
And there are no tests
-&gt; done: StudioTestFrameworkSteps.GivenThereAreNoTests() (0.0s)
And I click New Test
-&gt; done: StudioTestFrameworkSteps.WhenIClickNewTest() (0.0s)
And I set Test Values as
  --- table step argument ---
  | TestName | AuthenticationType | Error |
  | Test1    | Windows            | true  |
-&gt; done: StudioTestFrameworkSteps.GivenISetTestValuesAs(&lt;table&gt;) (0.0s)
When I save
-&gt; done: StudioTestFrameworkSteps.WhenISave() (0.0s)
Then Tab Header is "Workflow 3 - Tests"
-&gt; done: StudioTestFrameworkSteps.GivenTabHeaderIs("Workflow 3 - Tests") (0.0s)
When I click New Test
-&gt; done: StudioTestFrameworkSteps.WhenIClickNewTest() (0.0s)
And I set Test Values as
  --- table step argument ---
  | TestName | AuthenticationType | Error |
  | Test2    | Windows            | true  |
-&gt; done: StudioTestFrameworkSteps.GivenISetTestValuesAs(&lt;table&gt;) (0.0s)
And save is enabled
-&gt; done: StudioTestFrameworkSteps.ThenSaveIsEnabled() (0.0s)
When I save
-&gt; done: StudioTestFrameworkSteps.WhenISave() (0.0s)
Then Tab Header is "Workflow 3 - Tests"
-&gt; done: StudioTestFrameworkSteps.GivenTabHeaderIs("Workflow 3 - Tests") (0.0s)
And I close the test builder
-&gt; done: StudioTestFrameworkSteps.ThenICloseTheTestBuilder() (0.0s)
When the test builder is open with "Workflow 3"
-&gt; done: StudioTestFrameworkSteps.GivenTheTestBuilderIsOpenWith("Workflow 3") (0.0s)
Then there are 2 tests
-&gt; done: StudioTestFrameworkSteps.ThenThereAreTests(2) (0.0s)
And I select "Test2"
-&gt; done: StudioTestFrameworkSteps.GivenISelect("Test2") (0.0s)
And I set Test Values as
  --- table step argument ---
  | TestName | AuthenticationType | Error |
  | Test2    | Public             | true  |
-&gt; done: StudioTestFrameworkSteps.GivenISetTestValuesAs(&lt;table&gt;) (0.0s)
Then Name for display is "Test2 *" and test is edited
-&gt; done: StudioTestFrameworkSteps.ThenNameForDisplayIsAndTestIsEdited("Test2 *") (0.0s)
And I set Test Values as
  --- table step argument ---
  | TestName | AuthenticationType | Error |
  | Test2    | Windows            | true  |
-&gt; done: StudioTestFrameworkSteps.GivenISetTestValuesAs(&lt;table&gt;) (0.0s)
Then Name for display is "Test2" and test is not edited
-&gt; done: StudioTestFrameworkSteps.ThenNameForDisplayIs("Test2") (0.0s)</StdOut>
      </Output>
    </UnitTestResult>
    <UnitTestResult executionId="8405dfef-c471-428e-8425-bdcadcd1e4f5" testId="433b852c-f49c-ab8b-fffa-dd321f48e9c4" testName="LoadingExistingTests" computerName="ASH" duration="00:00:00.7571649" startTime="2017-03-16T11:48:27.2652211+02:00" endTime="2017-03-16T11:48:28.0282714+02:00" testType="13cdc9d9-ddb5-4fa4-a97d-d965ccfc6d4b" outcome="Passed" testListId="8c84fa94-04c1-424b-9868-57a2d4851a1d" relativeResultsDirectory="8405dfef-c471-428e-8425-bdcadcd1e4f5">
      <Output>
        <StdOut>Given test folder is cleaned
-&gt; done: StudioTestFrameworkSteps.GivenTestFolderIsCleaned() (0.1s)
And I have "Workflow 1" with inputs as
  --- table step argument ---
  | Input Var Name |
  | [[a]]          |
-&gt; done: StudioTestFrameworkSteps.GivenIHaveWithInputsAs("Workflow 1", &lt;table&gt;) (0.0s)
And "Workflow 1" has outputs as
  --- table step argument ---
  | Ouput Var Name  |
  | [[outputValue]] |
-&gt; done: StudioTestFrameworkSteps.GivenHasOutputsAs("Workflow 1", &lt;table&gt;) (0.1s)
Given I have "Workflow 2" with inputs as
  --- table step argument ---
  | Input Var Name |
  | [[rec().a]]    |
  | [[rec().b]]    |
-&gt; done: StudioTestFrameworkSteps.GivenIHaveWithInputsAs("Workflow 2", &lt;table&gt;) (0.0s)
And "Workflow 2" has outputs as
  --- table step argument ---
  | Ouput Var Name |
  | [[returnVal]]  |
-&gt; done: StudioTestFrameworkSteps.GivenHasOutputsAs("Workflow 2", &lt;table&gt;) (0.1s)
Given I have "Workflow 3" with inputs as
  --- table step argument ---
  | Input Var Name |
  | [[A]]          |
  | [[B]]          |
  | [[C]]          |
-&gt; done: StudioTestFrameworkSteps.GivenIHaveWithInputsAs("Workflow 3", &lt;table&gt;) (0.0s)
And "Workflow 3" has outputs as
  --- table step argument ---
  | Ouput Var Name |
  | [[message]]    |
-&gt; done: StudioTestFrameworkSteps.GivenHasOutputsAs("Workflow 3", &lt;table&gt;) (0.1s)
Given I have "WorkflowWithTests" with inputs as
  --- table step argument ---
  | Input Var Name |
  | [[input]]      |
-&gt; done: StudioTestFrameworkSteps.GivenIHaveWithInputsAs("WorkflowWithTests", &lt;table&gt;) (0.0s)
And "WorkflowWithTests" has outputs as
  --- table step argument ---
  | Ouput Var Name  |
  | [[outputValue]] |
-&gt; done: StudioTestFrameworkSteps.GivenHasOutputsAs("WorkflowWithTests", &lt;table&gt;) (0.2s)
And "WorkflowWithTests" Tests as
  --- table step argument ---
  | TestName | AuthenticationType | Error | TestFailing | TestPending | TestInvalid | TestPassed |
  | Test1    | Windows            | false | false       | false       | false       | true       |
  | Test2    | Windows            | false | true        | false       | false       | false      |
  | Test3    | Windows            | false | false       | false       | true        | false      |
  | Test4    | Windows            | false | false       | true        | false       | false      |
-&gt; done: StudioTestFrameworkSteps.GivenTestsAs("WorkflowWithTests", &lt;table&gt;) (0.1s)
Given the test builder is open with "Workflow 3"
-&gt; done: StudioTestFrameworkSteps.GivenTheTestBuilderIsOpenWith("Workflow 3") (0.0s)
And Tab Header is "Workflow 3 - Tests"
-&gt; done: StudioTestFrameworkSteps.GivenTabHeaderIs("Workflow 3 - Tests") (0.0s)
And there are no tests
-&gt; done: StudioTestFrameworkSteps.GivenThereAreNoTests() (0.0s)
And I click New Test
-&gt; done: StudioTestFrameworkSteps.WhenIClickNewTest() (0.0s)
And I set Test Values as
  --- table step argument ---
  | TestName | AuthenticationType | Error |
  | Test1    | Windows            | true  |
-&gt; done: StudioTestFrameworkSteps.GivenISetTestValuesAs(&lt;table&gt;) (0.0s)
When I save
-&gt; done: StudioTestFrameworkSteps.WhenISave() (0.0s)
Then Tab Header is "Workflow 3 - Tests"
-&gt; done: StudioTestFrameworkSteps.GivenTabHeaderIs("Workflow 3 - Tests") (0.0s)
When I click New Test
-&gt; done: StudioTestFrameworkSteps.WhenIClickNewTest() (0.0s)
And I set Test Values as
  --- table step argument ---
  | TestName | AuthenticationType | Error |
  | Test2    | Windows            | true  |
-&gt; done: StudioTestFrameworkSteps.GivenISetTestValuesAs(&lt;table&gt;) (0.0s)
And save is enabled
-&gt; done: StudioTestFrameworkSteps.ThenSaveIsEnabled() (0.0s)
When I save
-&gt; done: StudioTestFrameworkSteps.WhenISave() (0.0s)
Then Tab Header is "Workflow 3 - Tests"
-&gt; done: StudioTestFrameworkSteps.GivenTabHeaderIs("Workflow 3 - Tests") (0.0s)
And I close the test builder
-&gt; done: StudioTestFrameworkSteps.ThenICloseTheTestBuilder() (0.0s)
When the test builder is open with "Workflow 3"
-&gt; done: StudioTestFrameworkSteps.GivenTheTestBuilderIsOpenWith("Workflow 3") (0.0s)
Then there are 2 tests
-&gt; done: StudioTestFrameworkSteps.ThenThereAreTests(2) (0.0s)</StdOut>
      </Output>
    </UnitTestResult>
    <UnitTestResult executionId="80fe1e4c-5a85-4d50-875e-63d1202043bb" testId="b4688a00-7e37-b528-9c85-44ccb1024020" testName="LoadingExistingTestsHasCorrectNameForDisplay" computerName="ASH" duration="00:00:00.4806797" startTime="2017-03-16T11:48:28.0342748+02:00" endTime="2017-03-16T11:48:28.5171793+02:00" testType="13cdc9d9-ddb5-4fa4-a97d-d965ccfc6d4b" outcome="Passed" testListId="8c84fa94-04c1-424b-9868-57a2d4851a1d" relativeResultsDirectory="80fe1e4c-5a85-4d50-875e-63d1202043bb">
      <Output>
        <StdOut>Given test folder is cleaned
-&gt; done: StudioTestFrameworkSteps.GivenTestFolderIsCleaned() (0.0s)
And I have "Workflow 1" with inputs as
  --- table step argument ---
  | Input Var Name |
  | [[a]]          |
-&gt; done: StudioTestFrameworkSteps.GivenIHaveWithInputsAs("Workflow 1", &lt;table&gt;) (0.0s)
And "Workflow 1" has outputs as
  --- table step argument ---
  | Ouput Var Name  |
  | [[outputValue]] |
-&gt; done: StudioTestFrameworkSteps.GivenHasOutputsAs("Workflow 1", &lt;table&gt;) (0.1s)
Given I have "Workflow 2" with inputs as
  --- table step argument ---
  | Input Var Name |
  | [[rec().a]]    |
  | [[rec().b]]    |
-&gt; done: StudioTestFrameworkSteps.GivenIHaveWithInputsAs("Workflow 2", &lt;table&gt;) (0.0s)
And "Workflow 2" has outputs as
  --- table step argument ---
  | Ouput Var Name |
  | [[returnVal]]  |
-&gt; done: StudioTestFrameworkSteps.GivenHasOutputsAs("Workflow 2", &lt;table&gt;) (0.1s)
Given I have "Workflow 3" with inputs as
  --- table step argument ---
  | Input Var Name |
  | [[A]]          |
  | [[B]]          |
  | [[C]]          |
-&gt; done: StudioTestFrameworkSteps.GivenIHaveWithInputsAs("Workflow 3", &lt;table&gt;) (0.0s)
And "Workflow 3" has outputs as
  --- table step argument ---
  | Ouput Var Name |
  | [[message]]    |
-&gt; done: StudioTestFrameworkSteps.GivenHasOutputsAs("Workflow 3", &lt;table&gt;) (0.1s)
Given I have "WorkflowWithTests" with inputs as
  --- table step argument ---
  | Input Var Name |
  | [[input]]      |
-&gt; done: StudioTestFrameworkSteps.GivenIHaveWithInputsAs("WorkflowWithTests", &lt;table&gt;) (0.0s)
And "WorkflowWithTests" has outputs as
  --- table step argument ---
  | Ouput Var Name  |
  | [[outputValue]] |
-&gt; done: StudioTestFrameworkSteps.GivenHasOutputsAs("WorkflowWithTests", &lt;table&gt;) (0.1s)
And "WorkflowWithTests" Tests as
  --- table step argument ---
  | TestName | AuthenticationType | Error | TestFailing | TestPending | TestInvalid | TestPassed |
  | Test1    | Windows            | false | false       | false       | false       | true       |
  | Test2    | Windows            | false | true        | false       | false       | false      |
  | Test3    | Windows            | false | false       | false       | true        | false      |
  | Test4    | Windows            | false | false       | true        | false       | false      |
-&gt; done: StudioTestFrameworkSteps.GivenTestsAs("WorkflowWithTests", &lt;table&gt;) (0.0s)
Given the test builder is open with "Workflow 3"
-&gt; done: StudioTestFrameworkSteps.GivenTheTestBuilderIsOpenWith("Workflow 3") (0.0s)
And Tab Header is "Workflow 3 - Tests"
-&gt; done: StudioTestFrameworkSteps.GivenTabHeaderIs("Workflow 3 - Tests") (0.0s)
And there are no tests
-&gt; done: StudioTestFrameworkSteps.GivenThereAreNoTests() (0.0s)
And I click New Test
-&gt; done: StudioTestFrameworkSteps.WhenIClickNewTest() (0.0s)
And I set Test Values as
  --- table step argument ---
  | TestName | AuthenticationType | Error |
  | Test1    | Windows            | true  |
-&gt; done: StudioTestFrameworkSteps.GivenISetTestValuesAs(&lt;table&gt;) (0.0s)
When I save
-&gt; done: StudioTestFrameworkSteps.WhenISave() (0.0s)
Then Tab Header is "Workflow 3 - Tests"
-&gt; done: StudioTestFrameworkSteps.GivenTabHeaderIs("Workflow 3 - Tests") (0.0s)
And I close the test builder
-&gt; done: StudioTestFrameworkSteps.ThenICloseTheTestBuilder() (0.0s)
When the test builder is open with "Workflow 3"
-&gt; done: StudioTestFrameworkSteps.GivenTheTestBuilderIsOpenWith("Workflow 3") (0.0s)
Then there are 1 tests
-&gt; done: StudioTestFrameworkSteps.ThenThereAreTests(1) (0.0s)
And I select "Test1"
-&gt; done: StudioTestFrameworkSteps.GivenISelect("Test1") (0.0s)
And Name for display is "Test1" and test is not edited
-&gt; done: StudioTestFrameworkSteps.ThenNameForDisplayIs("Test1") (0.0s)</StdOut>
      </Output>
    </UnitTestResult>
    <UnitTestResult executionId="03da3d86-b3dc-47c1-b236-eb1c4ee81cca" testId="158a1177-d842-6921-8636-6a0e27532020" testName="LoadingExistingTestsHasCorrectTestStatus" computerName="ASH" duration="00:00:00.5140108" startTime="2017-03-16T11:48:28.5251787+02:00" endTime="2017-03-16T11:48:29.0422196+02:00" testType="13cdc9d9-ddb5-4fa4-a97d-d965ccfc6d4b" outcome="Passed" testListId="8c84fa94-04c1-424b-9868-57a2d4851a1d" relativeResultsDirectory="03da3d86-b3dc-47c1-b236-eb1c4ee81cca">
      <Output>
        <StdOut>Given test folder is cleaned
-&gt; done: StudioTestFrameworkSteps.GivenTestFolderIsCleaned() (0.0s)
And I have "Workflow 1" with inputs as
  --- table step argument ---
  | Input Var Name |
  | [[a]]          |
-&gt; done: StudioTestFrameworkSteps.GivenIHaveWithInputsAs("Workflow 1", &lt;table&gt;) (0.0s)
And "Workflow 1" has outputs as
  --- table step argument ---
  | Ouput Var Name  |
  | [[outputValue]] |
-&gt; done: StudioTestFrameworkSteps.GivenHasOutputsAs("Workflow 1", &lt;table&gt;) (0.1s)
Given I have "Workflow 2" with inputs as
  --- table step argument ---
  | Input Var Name |
  | [[rec().a]]    |
  | [[rec().b]]    |
-&gt; done: StudioTestFrameworkSteps.GivenIHaveWithInputsAs("Workflow 2", &lt;table&gt;) (0.0s)
And "Workflow 2" has outputs as
  --- table step argument ---
  | Ouput Var Name |
  | [[returnVal]]  |
-&gt; done: StudioTestFrameworkSteps.GivenHasOutputsAs("Workflow 2", &lt;table&gt;) (0.1s)
Given I have "Workflow 3" with inputs as
  --- table step argument ---
  | Input Var Name |
  | [[A]]          |
  | [[B]]          |
  | [[C]]          |
-&gt; done: StudioTestFrameworkSteps.GivenIHaveWithInputsAs("Workflow 3", &lt;table&gt;) (0.0s)
And "Workflow 3" has outputs as
  --- table step argument ---
  | Ouput Var Name |
  | [[message]]    |
-&gt; done: StudioTestFrameworkSteps.GivenHasOutputsAs("Workflow 3", &lt;table&gt;) (0.1s)
Given I have "WorkflowWithTests" with inputs as
  --- table step argument ---
  | Input Var Name |
  | [[input]]      |
-&gt; done: StudioTestFrameworkSteps.GivenIHaveWithInputsAs("WorkflowWithTests", &lt;table&gt;) (0.0s)
And "WorkflowWithTests" has outputs as
  --- table step argument ---
  | Ouput Var Name  |
  | [[outputValue]] |
-&gt; done: StudioTestFrameworkSteps.GivenHasOutputsAs("WorkflowWithTests", &lt;table&gt;) (0.1s)
And "WorkflowWithTests" Tests as
  --- table step argument ---
  | TestName | AuthenticationType | Error | TestFailing | TestPending | TestInvalid | TestPassed |
  | Test1    | Windows            | false | false       | false       | false       | true       |
  | Test2    | Windows            | false | true        | false       | false       | false      |
  | Test3    | Windows            | false | false       | false       | true        | false      |
  | Test4    | Windows            | false | false       | true        | false       | false      |
-&gt; done: StudioTestFrameworkSteps.GivenTestsAs("WorkflowWithTests", &lt;table&gt;) (0.0s)
Given the test builder is open with "Workflow 3"
-&gt; done: StudioTestFrameworkSteps.GivenTheTestBuilderIsOpenWith("Workflow 3") (0.0s)
And Tab Header is "Workflow 3 - Tests"
-&gt; done: StudioTestFrameworkSteps.GivenTabHeaderIs("Workflow 3 - Tests") (0.0s)
And there are no tests
-&gt; done: StudioTestFrameworkSteps.GivenThereAreNoTests() (0.0s)
And I click New Test
-&gt; done: StudioTestFrameworkSteps.WhenIClickNewTest() (0.0s)
And I set Test Values as
  --- table step argument ---
  | TestName | AuthenticationType | Error |
  | Test1    | Windows            | true  |
-&gt; done: StudioTestFrameworkSteps.GivenISetTestValuesAs(&lt;table&gt;) (0.0s)
Then Test Status saved is "TestPending"
-&gt; done: StudioTestFrameworkSteps.ThenTestStatusSavedIs("TestPending") (0.0s)
And save is enabled
-&gt; done: StudioTestFrameworkSteps.ThenSaveIsEnabled() (0.0s)
When I save
-&gt; done: StudioTestFrameworkSteps.WhenISave() (0.0s)
Then Tab Header is "Workflow 3 - Tests"
-&gt; done: StudioTestFrameworkSteps.GivenTabHeaderIs("Workflow 3 - Tests") (0.0s)
And I close the test builder
-&gt; done: StudioTestFrameworkSteps.ThenICloseTheTestBuilder() (0.0s)
When the test builder is open with "Workflow 3"
-&gt; done: StudioTestFrameworkSteps.GivenTheTestBuilderIsOpenWith("Workflow 3") (0.0s)
Then there are 1 tests
-&gt; done: StudioTestFrameworkSteps.ThenThereAreTests(1) (0.0s)
And Test Status is "TestPending"
-&gt; done: StudioTestFrameworkSteps.ThenTestStatusIs("TestPending") (0.0s)</StdOut>
      </Output>
    </UnitTestResult>
    <UnitTestResult executionId="7db1e782-3f06-4c16-9fa8-edeb2b40bcab" testId="341e82fa-aa7d-e3bf-ebb8-4f7553464f16" testName="RenameExistingTest" computerName="ASH" duration="00:00:00.8078642" startTime="2017-03-16T11:48:29.0482266+02:00" endTime="2017-03-16T11:48:29.8582872+02:00" testType="13cdc9d9-ddb5-4fa4-a97d-d965ccfc6d4b" outcome="Passed" testListId="8c84fa94-04c1-424b-9868-57a2d4851a1d" relativeResultsDirectory="7db1e782-3f06-4c16-9fa8-edeb2b40bcab">
      <Output>
        <StdOut>Given test folder is cleaned
-&gt; done: StudioTestFrameworkSteps.GivenTestFolderIsCleaned() (0.0s)
And I have "Workflow 1" with inputs as
  --- table step argument ---
  | Input Var Name |
  | [[a]]          |
-&gt; done: StudioTestFrameworkSteps.GivenIHaveWithInputsAs("Workflow 1", &lt;table&gt;) (0.0s)
And "Workflow 1" has outputs as
  --- table step argument ---
  | Ouput Var Name  |
  | [[outputValue]] |
-&gt; done: StudioTestFrameworkSteps.GivenHasOutputsAs("Workflow 1", &lt;table&gt;) (0.1s)
Given I have "Workflow 2" with inputs as
  --- table step argument ---
  | Input Var Name |
  | [[rec().a]]    |
  | [[rec().b]]    |
-&gt; done: StudioTestFrameworkSteps.GivenIHaveWithInputsAs("Workflow 2", &lt;table&gt;) (0.0s)
And "Workflow 2" has outputs as
  --- table step argument ---
  | Ouput Var Name |
  | [[returnVal]]  |
-&gt; done: StudioTestFrameworkSteps.GivenHasOutputsAs("Workflow 2", &lt;table&gt;) (0.1s)
Given I have "Workflow 3" with inputs as
  --- table step argument ---
  | Input Var Name |
  | [[A]]          |
  | [[B]]          |
  | [[C]]          |
-&gt; done: StudioTestFrameworkSteps.GivenIHaveWithInputsAs("Workflow 3", &lt;table&gt;) (0.0s)
And "Workflow 3" has outputs as
  --- table step argument ---
  | Ouput Var Name |
  | [[message]]    |
-&gt; done: StudioTestFrameworkSteps.GivenHasOutputsAs("Workflow 3", &lt;table&gt;) (0.1s)
Given I have "WorkflowWithTests" with inputs as
  --- table step argument ---
  | Input Var Name |
  | [[input]]      |
-&gt; done: StudioTestFrameworkSteps.GivenIHaveWithInputsAs("WorkflowWithTests", &lt;table&gt;) (0.0s)
And "WorkflowWithTests" has outputs as
  --- table step argument ---
  | Ouput Var Name  |
  | [[outputValue]] |
-&gt; done: StudioTestFrameworkSteps.GivenHasOutputsAs("WorkflowWithTests", &lt;table&gt;) (0.2s)
And "WorkflowWithTests" Tests as
  --- table step argument ---
  | TestName | AuthenticationType | Error | TestFailing | TestPending | TestInvalid | TestPassed |
  | Test1    | Windows            | false | false       | false       | false       | true       |
  | Test2    | Windows            | false | true        | false       | false       | false      |
  | Test3    | Windows            | false | false       | false       | true        | false      |
  | Test4    | Windows            | false | false       | true        | false       | false      |
-&gt; done: StudioTestFrameworkSteps.GivenTestsAs("WorkflowWithTests", &lt;table&gt;) (0.1s)
Given the test builder is open with "Workflow 3"
-&gt; done: StudioTestFrameworkSteps.GivenTheTestBuilderIsOpenWith("Workflow 3") (0.0s)
And Tab Header is "Workflow 3 - Tests"
-&gt; done: StudioTestFrameworkSteps.GivenTabHeaderIs("Workflow 3 - Tests") (0.0s)
And there are no tests
-&gt; done: StudioTestFrameworkSteps.GivenThereAreNoTests() (0.0s)
And I click New Test
-&gt; done: StudioTestFrameworkSteps.WhenIClickNewTest() (0.0s)
And I set Test Values as
  --- table step argument ---
  | TestName | AuthenticationType | Error |
  | Test1    | Windows            | true  |
-&gt; done: StudioTestFrameworkSteps.GivenISetTestValuesAs(&lt;table&gt;) (0.0s)
Then NoErrorExpected is "false"
-&gt; done: StudioTestFrameworkSteps.ThenNoErrorExpectedIs("false") (0.0s)
And save is enabled
-&gt; done: StudioTestFrameworkSteps.ThenSaveIsEnabled() (0.0s)
When I save
-&gt; done: StudioTestFrameworkSteps.WhenISave() (0.1s)
Then Tab Header is "Workflow 3 - Tests"
-&gt; done: StudioTestFrameworkSteps.GivenTabHeaderIs("Workflow 3 - Tests") (0.0s)
When I click New Test
-&gt; done: StudioTestFrameworkSteps.WhenIClickNewTest() (0.0s)
And I set Test Values as
  --- table step argument ---
  | TestName | AuthenticationType | Error |
  | Test2    | Windows            | true  |
-&gt; done: StudioTestFrameworkSteps.GivenISetTestValuesAs(&lt;table&gt;) (0.0s)
And save is enabled
-&gt; done: StudioTestFrameworkSteps.ThenSaveIsEnabled() (0.0s)
When I save
-&gt; done: StudioTestFrameworkSteps.WhenISave() (0.0s)
Then Tab Header is "Workflow 3 - Tests"
-&gt; done: StudioTestFrameworkSteps.GivenTabHeaderIs("Workflow 3 - Tests") (0.0s)
And I close the test builder
-&gt; done: StudioTestFrameworkSteps.ThenICloseTheTestBuilder() (0.0s)
When the test builder is open with "Workflow 3"
-&gt; done: StudioTestFrameworkSteps.GivenTheTestBuilderIsOpenWith("Workflow 3") (0.0s)
Then there are 2 tests
-&gt; done: StudioTestFrameworkSteps.ThenThereAreTests(2) (0.0s)
And I select "Test2"
-&gt; done: StudioTestFrameworkSteps.GivenISelect("Test2") (0.0s)
When I change the test name to "testing2"
-&gt; done: StudioTestFrameworkSteps.WhenIChangeTheTestNameTo("testing2") (0.0s)
Then save is enabled
-&gt; done: StudioTestFrameworkSteps.ThenSaveIsEnabled() (0.0s)
When I save
-&gt; done: StudioTestFrameworkSteps.WhenISave() (0.0s)
Then test URL is "http://localhost:3142/secure/Examples/Workflow 1.tests/testing2"
-&gt; done: StudioTestFrameworkSteps.ThenTestURLIs("http://localhost:...") (0.0s)
Then Tab Header is "Workflow 3 - Tests"
-&gt; done: StudioTestFrameworkSteps.GivenTabHeaderIs("Workflow 3 - Tests") (0.0s)
And I close the test builder
-&gt; done: StudioTestFrameworkSteps.ThenICloseTheTestBuilder() (0.0s)
When the test builder is open with "Workflow 3"
-&gt; done: StudioTestFrameworkSteps.GivenTheTestBuilderIsOpenWith("Workflow 3") (0.0s)
Then there are 2 tests
-&gt; done: StudioTestFrameworkSteps.ThenThereAreTests(2) (0.0s)
And I select "testing2"
-&gt; done: StudioTestFrameworkSteps.GivenISelect("testing2") (0.0s)
And Test name is "testing2"
-&gt; done: StudioTestFrameworkSteps.ThenTestNameIs("testing2") (0.0s)</StdOut>
      </Output>
    </UnitTestResult>
    <UnitTestResult executionId="4eb83960-5c88-40f1-8e45-af860fd845de" testId="6162b4f9-4398-f627-865e-f29a9057e619" testName="RunAllTestsFailsWhenWorkflowDeleted" computerName="ASH" duration="00:00:00.6421162" startTime="2017-03-16T11:48:29.8622881+02:00" endTime="2017-03-16T11:48:30.5073301+02:00" testType="13cdc9d9-ddb5-4fa4-a97d-d965ccfc6d4b" outcome="Passed" testListId="8c84fa94-04c1-424b-9868-57a2d4851a1d" relativeResultsDirectory="4eb83960-5c88-40f1-8e45-af860fd845de">
      <Output>
        <StdOut>Given test folder is cleaned
-&gt; done: StudioTestFrameworkSteps.GivenTestFolderIsCleaned() (0.0s)
And I have "Workflow 1" with inputs as
  --- table step argument ---
  | Input Var Name |
  | [[a]]          |
-&gt; done: StudioTestFrameworkSteps.GivenIHaveWithInputsAs("Workflow 1", &lt;table&gt;) (0.0s)
And "Workflow 1" has outputs as
  --- table step argument ---
  | Ouput Var Name  |
  | [[outputValue]] |
-&gt; done: StudioTestFrameworkSteps.GivenHasOutputsAs("Workflow 1", &lt;table&gt;) (0.1s)
Given I have "Workflow 2" with inputs as
  --- table step argument ---
  | Input Var Name |
  | [[rec().a]]    |
  | [[rec().b]]    |
-&gt; done: StudioTestFrameworkSteps.GivenIHaveWithInputsAs("Workflow 2", &lt;table&gt;) (0.0s)
And "Workflow 2" has outputs as
  --- table step argument ---
  | Ouput Var Name |
  | [[returnVal]]  |
-&gt; done: StudioTestFrameworkSteps.GivenHasOutputsAs("Workflow 2", &lt;table&gt;) (0.1s)
Given I have "Workflow 3" with inputs as
  --- table step argument ---
  | Input Var Name |
  | [[A]]          |
  | [[B]]          |
  | [[C]]          |
-&gt; done: StudioTestFrameworkSteps.GivenIHaveWithInputsAs("Workflow 3", &lt;table&gt;) (0.0s)
And "Workflow 3" has outputs as
  --- table step argument ---
  | Ouput Var Name |
  | [[message]]    |
-&gt; done: StudioTestFrameworkSteps.GivenHasOutputsAs("Workflow 3", &lt;table&gt;) (0.1s)
Given I have "WorkflowWithTests" with inputs as
  --- table step argument ---
  | Input Var Name |
  | [[input]]      |
-&gt; done: StudioTestFrameworkSteps.GivenIHaveWithInputsAs("WorkflowWithTests", &lt;table&gt;) (0.0s)
And "WorkflowWithTests" has outputs as
  --- table step argument ---
  | Ouput Var Name  |
  | [[outputValue]] |
-&gt; done: StudioTestFrameworkSteps.GivenHasOutputsAs("WorkflowWithTests", &lt;table&gt;) (0.1s)
And "WorkflowWithTests" Tests as
  --- table step argument ---
  | TestName | AuthenticationType | Error | TestFailing | TestPending | TestInvalid | TestPassed |
  | Test1    | Windows            | false | false       | false       | false       | true       |
  | Test2    | Windows            | false | true        | false       | false       | false      |
  | Test3    | Windows            | false | false       | false       | true        | false      |
  | Test4    | Windows            | false | false       | true        | false       | false      |
-&gt; done: StudioTestFrameworkSteps.GivenTestsAs("WorkflowWithTests", &lt;table&gt;) (0.0s)
Given the test builder is open with "Workflow 1"
-&gt; done: StudioTestFrameworkSteps.GivenTheTestBuilderIsOpenWith("Workflow 1") (0.0s)
And Tab Header is "Workflow 1 - Tests"
-&gt; done: StudioTestFrameworkSteps.GivenTabHeaderIs("Workflow 1 - Tests") (0.0s)
And there are no tests
-&gt; done: StudioTestFrameworkSteps.GivenThereAreNoTests() (0.0s)
And I click New Test
-&gt; done: StudioTestFrameworkSteps.WhenIClickNewTest() (0.0s)
Then a new test is added
-&gt; done: StudioTestFrameworkSteps.ThenANewTestIsAdded() (0.0s)
And Tab Header is "Workflow 1 - Tests *"
-&gt; done: StudioTestFrameworkSteps.GivenTabHeaderIs("Workflow 1 - Tests *") (0.0s)
And test name starts with "Test 1"
-&gt; done: StudioTestFrameworkSteps.ThenTestNameStartsWith("Test 1") (0.0s)
And inputs are
  --- table step argument ---
  | Variable Name | Value |
  | a             |       |
-&gt; done: StudioTestFrameworkSteps.ThenInputsAs(&lt;table&gt;) (0.0s)
And outputs as
  --- table step argument ---
  | Variable Name | Value |
  | outputValue   |       |
-&gt; done: StudioTestFrameworkSteps.ThenOutputsAs(&lt;table&gt;) (0.0s)
And save is enabled
-&gt; done: StudioTestFrameworkSteps.ThenSaveIsEnabled() (0.0s)
When I save
-&gt; done: StudioTestFrameworkSteps.WhenISave() (0.0s)
Then Tab Header is "Workflow 1 - Tests"
-&gt; done: StudioTestFrameworkSteps.GivenTabHeaderIs("Workflow 1 - Tests") (0.0s)
And I close the test builder
-&gt; done: StudioTestFrameworkSteps.ThenICloseTheTestBuilder() (0.0s)
When the test builder is open with "Workflow 1"
-&gt; done: StudioTestFrameworkSteps.GivenTheTestBuilderIsOpenWith("Workflow 1") (0.0s)
Then there are 1 tests
-&gt; done: StudioTestFrameworkSteps.ThenThereAreTests(1) (0.0s)
When "Workflow 1" is deleted
-&gt; done: StudioTestFrameworkSteps.WhenIsDeleted("Workflow 1") (0.0s)
And I run all tests
-&gt; done: StudioTestFrameworkSteps.WhenIRunAllTests() (0.0s)
Then The "Workflow Deleted" popup is shown I click Ok
-&gt; done: StudioTestFrameworkSteps.ThenThePopupIsShownIClickOk("Workflow Deleted") (0.0s)
And the tab is closed
-&gt; done: StudioTestFrameworkSteps.ThenTheTabIsClosed() (0.0s)</StdOut>
      </Output>
    </UnitTestResult>
    <UnitTestResult executionId="3c6cd21a-6ac3-4f75-be3f-ae77f759051b" testId="8af99262-d0f2-6de5-9df9-c5d89e0d4548" testName="RunAllTestsInWeb" computerName="ASH" duration="00:00:00.9525116" startTime="2017-03-16T11:48:30.5123295+02:00" endTime="2017-03-16T11:48:31.4674316+02:00" testType="13cdc9d9-ddb5-4fa4-a97d-d965ccfc6d4b" outcome="Passed" testListId="8c84fa94-04c1-424b-9868-57a2d4851a1d" relativeResultsDirectory="3c6cd21a-6ac3-4f75-be3f-ae77f759051b">
      <Output>
        <StdOut>Given test folder is cleaned
-&gt; done: StudioTestFrameworkSteps.GivenTestFolderIsCleaned() (0.0s)
And I have "Workflow 1" with inputs as
  --- table step argument ---
  | Input Var Name |
  | [[a]]          |
-&gt; done: StudioTestFrameworkSteps.GivenIHaveWithInputsAs("Workflow 1", &lt;table&gt;) (0.0s)
And "Workflow 1" has outputs as
  --- table step argument ---
  | Ouput Var Name  |
  | [[outputValue]] |
-&gt; done: StudioTestFrameworkSteps.GivenHasOutputsAs("Workflow 1", &lt;table&gt;) (0.1s)
Given I have "Workflow 2" with inputs as
  --- table step argument ---
  | Input Var Name |
  | [[rec().a]]    |
  | [[rec().b]]    |
-&gt; done: StudioTestFrameworkSteps.GivenIHaveWithInputsAs("Workflow 2", &lt;table&gt;) (0.0s)
And "Workflow 2" has outputs as
  --- table step argument ---
  | Ouput Var Name |
  | [[returnVal]]  |
-&gt; done: StudioTestFrameworkSteps.GivenHasOutputsAs("Workflow 2", &lt;table&gt;) (0.1s)
Given I have "Workflow 3" with inputs as
  --- table step argument ---
  | Input Var Name |
  | [[A]]          |
  | [[B]]          |
  | [[C]]          |
-&gt; done: StudioTestFrameworkSteps.GivenIHaveWithInputsAs("Workflow 3", &lt;table&gt;) (0.0s)
And "Workflow 3" has outputs as
  --- table step argument ---
  | Ouput Var Name |
  | [[message]]    |
-&gt; done: StudioTestFrameworkSteps.GivenHasOutputsAs("Workflow 3", &lt;table&gt;) (0.1s)
Given I have "WorkflowWithTests" with inputs as
  --- table step argument ---
  | Input Var Name |
  | [[input]]      |
-&gt; done: StudioTestFrameworkSteps.GivenIHaveWithInputsAs("WorkflowWithTests", &lt;table&gt;) (0.0s)
And "WorkflowWithTests" has outputs as
  --- table step argument ---
  | Ouput Var Name  |
  | [[outputValue]] |
-&gt; done: StudioTestFrameworkSteps.GivenHasOutputsAs("WorkflowWithTests", &lt;table&gt;) (0.1s)
And "WorkflowWithTests" Tests as
  --- table step argument ---
  | TestName | AuthenticationType | Error | TestFailing | TestPending | TestInvalid | TestPassed |
  | Test1    | Windows            | false | false       | false       | false       | true       |
  | Test2    | Windows            | false | true        | false       | false       | false      |
  | Test3    | Windows            | false | false       | false       | true        | false      |
  | Test4    | Windows            | false | false       | true        | false       | false      |
-&gt; done: StudioTestFrameworkSteps.GivenTestsAs("WorkflowWithTests", &lt;table&gt;) (0.0s)
Given the test builder is open with "Hello World"
-&gt; done: StudioTestFrameworkSteps.GivenTheTestBuilderIsOpenWith("Hello World") (0.1s)
And Tab Header is "Hello World - Tests"
-&gt; done: StudioTestFrameworkSteps.GivenTabHeaderIs("Hello World - Tests") (0.0s)
And there are no tests
-&gt; done: StudioTestFrameworkSteps.GivenThereAreNoTests() (0.0s)
And I click New Test
-&gt; done: StudioTestFrameworkSteps.WhenIClickNewTest() (0.0s)
Then a new test is added
-&gt; done: StudioTestFrameworkSteps.ThenANewTestIsAdded() (0.0s)
And Tab Header is "Hello World - Tests *"
-&gt; done: StudioTestFrameworkSteps.GivenTabHeaderIs("Hello World - Tes...") (0.0s)
And test name starts with "Test 1"
-&gt; done: StudioTestFrameworkSteps.ThenTestNameStartsWith("Test 1") (0.0s)
And I update outputs as
  --- table step argument ---
  | Variable Name | Value        |
  | Message       | Hello World. |
-&gt; done: StudioTestFrameworkSteps.ThenIUpdateOutputsAs(&lt;table&gt;) (0.0s)
And save is enabled
-&gt; done: StudioTestFrameworkSteps.ThenSaveIsEnabled() (0.0s)
When I save
-&gt; done: StudioTestFrameworkSteps.WhenISave() (0.0s)
Then Tab Header is "Hello World - Tests"
-&gt; done: StudioTestFrameworkSteps.GivenTabHeaderIs("Hello World - Tests") (0.0s)
And I close the test builder
-&gt; done: StudioTestFrameworkSteps.ThenICloseTheTestBuilder() (0.0s)
When the test builder is open with "Hello World"
-&gt; done: StudioTestFrameworkSteps.GivenTheTestBuilderIsOpenWith("Hello World") (0.1s)
Then there are 1 tests
-&gt; done: StudioTestFrameworkSteps.ThenThereAreTests(1) (0.0s)
When I run all tests in Web
-&gt; done: StudioTestFrameworkSteps.WhenIRunAllTestsInWeb() (0.3s)
Then The WebResponse as
  --- table step argument ---
  | Test Name | Result | Message |
  | Test 1    | Passed |         |
-&gt; done: StudioTestFrameworkSteps.ThenTheWebResponseAs(&lt;table&gt;) (0.0s)</StdOut>
      </Output>
    </UnitTestResult>
    <UnitTestResult executionId="d1ec84d8-62bc-42c0-b4f1-728c08537ee8" testId="d755ae8a-b96c-ef84-9566-2cc099d65a0b" testName="RunAllTestsInWebWithFailingTest" computerName="ASH" duration="00:00:00.5931873" startTime="2017-03-16T11:48:31.4724289+02:00" endTime="2017-03-16T11:48:32.0673987+02:00" testType="13cdc9d9-ddb5-4fa4-a97d-d965ccfc6d4b" outcome="Passed" testListId="8c84fa94-04c1-424b-9868-57a2d4851a1d" relativeResultsDirectory="d1ec84d8-62bc-42c0-b4f1-728c08537ee8">
      <Output>
        <StdOut>Given test folder is cleaned
-&gt; done: StudioTestFrameworkSteps.GivenTestFolderIsCleaned() (0.0s)
And I have "Workflow 1" with inputs as
  --- table step argument ---
  | Input Var Name |
  | [[a]]          |
-&gt; done: StudioTestFrameworkSteps.GivenIHaveWithInputsAs("Workflow 1", &lt;table&gt;) (0.0s)
And "Workflow 1" has outputs as
  --- table step argument ---
  | Ouput Var Name  |
  | [[outputValue]] |
-&gt; done: StudioTestFrameworkSteps.GivenHasOutputsAs("Workflow 1", &lt;table&gt;) (0.1s)
Given I have "Workflow 2" with inputs as
  --- table step argument ---
  | Input Var Name |
  | [[rec().a]]    |
  | [[rec().b]]    |
-&gt; done: StudioTestFrameworkSteps.GivenIHaveWithInputsAs("Workflow 2", &lt;table&gt;) (0.0s)
And "Workflow 2" has outputs as
  --- table step argument ---
  | Ouput Var Name |
  | [[returnVal]]  |
-&gt; done: StudioTestFrameworkSteps.GivenHasOutputsAs("Workflow 2", &lt;table&gt;) (0.1s)
Given I have "Workflow 3" with inputs as
  --- table step argument ---
  | Input Var Name |
  | [[A]]          |
  | [[B]]          |
  | [[C]]          |
-&gt; done: StudioTestFrameworkSteps.GivenIHaveWithInputsAs("Workflow 3", &lt;table&gt;) (0.0s)
And "Workflow 3" has outputs as
  --- table step argument ---
  | Ouput Var Name |
  | [[message]]    |
-&gt; done: StudioTestFrameworkSteps.GivenHasOutputsAs("Workflow 3", &lt;table&gt;) (0.1s)
Given I have "WorkflowWithTests" with inputs as
  --- table step argument ---
  | Input Var Name |
  | [[input]]      |
-&gt; done: StudioTestFrameworkSteps.GivenIHaveWithInputsAs("WorkflowWithTests", &lt;table&gt;) (0.0s)
And "WorkflowWithTests" has outputs as
  --- table step argument ---
  | Ouput Var Name  |
  | [[outputValue]] |
-&gt; done: StudioTestFrameworkSteps.GivenHasOutputsAs("WorkflowWithTests", &lt;table&gt;) (0.1s)
And "WorkflowWithTests" Tests as
  --- table step argument ---
  | TestName | AuthenticationType | Error | TestFailing | TestPending | TestInvalid | TestPassed |
  | Test1    | Windows            | false | false       | false       | false       | true       |
  | Test2    | Windows            | false | true        | false       | false       | false      |
  | Test3    | Windows            | false | false       | false       | true        | false      |
  | Test4    | Windows            | false | false       | true        | false       | false      |
-&gt; done: StudioTestFrameworkSteps.GivenTestsAs("WorkflowWithTests", &lt;table&gt;) (0.0s)
Given the test builder is open with "Hello World"
-&gt; done: StudioTestFrameworkSteps.GivenTheTestBuilderIsOpenWith("Hello World") (0.1s)
And Tab Header is "Hello World - Tests"
-&gt; done: StudioTestFrameworkSteps.GivenTabHeaderIs("Hello World - Tests") (0.0s)
And there are no tests
-&gt; done: StudioTestFrameworkSteps.GivenThereAreNoTests() (0.0s)
And I click New Test
-&gt; done: StudioTestFrameworkSteps.WhenIClickNewTest() (0.0s)
Then a new test is added
-&gt; done: StudioTestFrameworkSteps.ThenANewTestIsAdded() (0.0s)
And Tab Header is "Hello World - Tests *"
-&gt; done: StudioTestFrameworkSteps.GivenTabHeaderIs("Hello World - Tes...") (0.0s)
And test name starts with "Test 1"
-&gt; done: StudioTestFrameworkSteps.ThenTestNameStartsWith("Test 1") (0.0s)
And I update outputs as
  --- table step argument ---
  | Variable Name | Value        |
  | Message       | Hello World. |
-&gt; done: StudioTestFrameworkSteps.ThenIUpdateOutputsAs(&lt;table&gt;) (0.0s)
And save is enabled
-&gt; done: StudioTestFrameworkSteps.ThenSaveIsEnabled() (0.0s)
When I save
-&gt; done: StudioTestFrameworkSteps.WhenISave() (0.0s)
And I click New Test
-&gt; done: StudioTestFrameworkSteps.WhenIClickNewTest() (0.0s)
Then a new test is added
-&gt; done: StudioTestFrameworkSteps.ThenANewTestIsAdded() (0.0s)
And Tab Header is "Hello World - Tests *"
-&gt; done: StudioTestFrameworkSteps.GivenTabHeaderIs("Hello World - Tes...") (0.0s)
And test name starts with "Test 2"
-&gt; done: StudioTestFrameworkSteps.ThenTestNameStartsWith("Test 2") (0.0s)
And inputs are
  --- table step argument ---
  | Variable Name | Value |
  | Name          |       |
-&gt; done: StudioTestFrameworkSteps.ThenInputsAs(&lt;table&gt;) (0.0s)
And outputs as
  --- table step argument ---
  | Variable Name | Value |
  | Message       |       |
-&gt; done: StudioTestFrameworkSteps.ThenOutputsAs(&lt;table&gt;) (0.0s)
And save is enabled
-&gt; done: StudioTestFrameworkSteps.ThenSaveIsEnabled() (0.0s)
When I save
-&gt; done: StudioTestFrameworkSteps.WhenISave() (0.0s)
Then Tab Header is "Hello World - Tests"
-&gt; done: StudioTestFrameworkSteps.GivenTabHeaderIs("Hello World - Tests") (0.0s)
And I close the test builder
-&gt; done: StudioTestFrameworkSteps.ThenICloseTheTestBuilder() (0.0s)
When the test builder is open with "Hello World"
-&gt; done: StudioTestFrameworkSteps.GivenTheTestBuilderIsOpenWith("Hello World") (0.1s)
Then there are 2 tests
-&gt; done: StudioTestFrameworkSteps.ThenThereAreTests(2) (0.0s)
When I run all tests in Web
-&gt; done: StudioTestFrameworkSteps.WhenIRunAllTestsInWeb() (0.0s)
Then The WebResponse as
  --- table step argument ---
  | Test Name | Result | Message                                                                                                                         |
  | Test 1    | Passed |                                                                                                                                 |
  | Test 2    | Failed | Failed Output For Variable: MessageMessage: Failed: Assert Equal. Expected Equal To '' for '[[Message]]' but got 'Hello World.' |
-&gt; done: StudioTestFrameworkSteps.ThenTheWebResponseAs(&lt;table&gt;) (0.0s)</StdOut>
      </Output>
    </UnitTestResult>
    <UnitTestResult executionId="0b421b4c-9492-40e3-91d5-b7a9cefc8488" testId="f30824ba-11d9-fc1e-c21d-faa8fb260b46" testName="RunAllUnselectsAllTestsOnSelectionShowsCorectDebug" computerName="ASH" duration="00:00:03.1664839" startTime="2017-03-16T11:48:32.0713960+02:00" endTime="2017-03-16T11:48:35.2396706+02:00" testType="13cdc9d9-ddb5-4fa4-a97d-d965ccfc6d4b" outcome="Passed" testListId="8c84fa94-04c1-424b-9868-57a2d4851a1d" relativeResultsDirectory="0b421b4c-9492-40e3-91d5-b7a9cefc8488">
      <Output>
        <StdOut>Given test folder is cleaned
-&gt; done: StudioTestFrameworkSteps.GivenTestFolderIsCleaned() (0.0s)
And I have "Workflow 1" with inputs as
  --- table step argument ---
  | Input Var Name |
  | [[a]]          |
-&gt; done: StudioTestFrameworkSteps.GivenIHaveWithInputsAs("Workflow 1", &lt;table&gt;) (0.0s)
And "Workflow 1" has outputs as
  --- table step argument ---
  | Ouput Var Name  |
  | [[outputValue]] |
-&gt; done: StudioTestFrameworkSteps.GivenHasOutputsAs("Workflow 1", &lt;table&gt;) (0.1s)
Given I have "Workflow 2" with inputs as
  --- table step argument ---
  | Input Var Name |
  | [[rec().a]]    |
  | [[rec().b]]    |
-&gt; done: StudioTestFrameworkSteps.GivenIHaveWithInputsAs("Workflow 2", &lt;table&gt;) (0.0s)
And "Workflow 2" has outputs as
  --- table step argument ---
  | Ouput Var Name |
  | [[returnVal]]  |
-&gt; done: StudioTestFrameworkSteps.GivenHasOutputsAs("Workflow 2", &lt;table&gt;) (0.1s)
Given I have "Workflow 3" with inputs as
  --- table step argument ---
  | Input Var Name |
  | [[A]]          |
  | [[B]]          |
  | [[C]]          |
-&gt; done: StudioTestFrameworkSteps.GivenIHaveWithInputsAs("Workflow 3", &lt;table&gt;) (0.0s)
And "Workflow 3" has outputs as
  --- table step argument ---
  | Ouput Var Name |
  | [[message]]    |
-&gt; done: StudioTestFrameworkSteps.GivenHasOutputsAs("Workflow 3", &lt;table&gt;) (0.1s)
Given I have "WorkflowWithTests" with inputs as
  --- table step argument ---
  | Input Var Name |
  | [[input]]      |
-&gt; done: StudioTestFrameworkSteps.GivenIHaveWithInputsAs("WorkflowWithTests", &lt;table&gt;) (0.0s)
And "WorkflowWithTests" has outputs as
  --- table step argument ---
  | Ouput Var Name  |
  | [[outputValue]] |
-&gt; done: StudioTestFrameworkSteps.GivenHasOutputsAs("WorkflowWithTests", &lt;table&gt;) (0.1s)
And "WorkflowWithTests" Tests as
  --- table step argument ---
  | TestName | AuthenticationType | Error | TestFailing | TestPending | TestInvalid | TestPassed |
  | Test1    | Windows            | false | false       | false       | false       | true       |
  | Test2    | Windows            | false | true        | false       | false       | false      |
  | Test3    | Windows            | false | false       | false       | true        | false      |
  | Test4    | Windows            | false | false       | true        | false       | false      |
-&gt; done: StudioTestFrameworkSteps.GivenTestsAs("WorkflowWithTests", &lt;table&gt;) (0.0s)
Given the test builder is open with "Hello World"
-&gt; done: StudioTestFrameworkSteps.GivenTheTestBuilderIsOpenWith("Hello World") (0.1s)
And I add "test 1,test 2,test 3" to "Hello World"
-&gt; done: StudioTestFrameworkSteps.GivenIAddTo("test 1,test 2,test 3", "Hello World") (2.4s)
Then there are 3 tests
-&gt; done: StudioTestFrameworkSteps.ThenThereAreTests(3) (0.0s)
When I run all tests
-&gt; done: StudioTestFrameworkSteps.WhenIRunAllTests() (0.2s)
And selected test is empty
-&gt; done: StudioTestFrameworkSteps.WhenSelectedTestIsEmpty() (0.0s)
And I select "test 1"
-&gt; done: StudioTestFrameworkSteps.GivenISelect("test 1") (0.0s)
Then debug window is visible
-&gt; done: StudioTestFrameworkSteps.ThenDebugWindowIsVisible() (0.0s)</StdOut>
      </Output>
    </UnitTestResult>
    <UnitTestResult executionId="de317e32-deeb-4a45-a490-68c2aa73009a" testId="59a4c61d-77b8-06f5-1a81-31840b033f1d" testName="RunAPassingTestAndChangeStepType" computerName="ASH" duration="00:00:04.1573719" startTime="2017-03-16T11:48:35.2446707+02:00" endTime="2017-03-16T11:48:39.4034330+02:00" testType="13cdc9d9-ddb5-4fa4-a97d-d965ccfc6d4b" outcome="Passed" testListId="8c84fa94-04c1-424b-9868-57a2d4851a1d" relativeResultsDirectory="de317e32-deeb-4a45-a490-68c2aa73009a">
      <Output>
        <StdOut>Given test folder is cleaned
-&gt; done: StudioTestFrameworkSteps.GivenTestFolderIsCleaned() (0.1s)
And I have "Workflow 1" with inputs as
  --- table step argument ---
  | Input Var Name |
  | [[a]]          |
-&gt; done: StudioTestFrameworkSteps.GivenIHaveWithInputsAs("Workflow 1", &lt;table&gt;) (0.0s)
And "Workflow 1" has outputs as
  --- table step argument ---
  | Ouput Var Name  |
  | [[outputValue]] |
-&gt; done: StudioTestFrameworkSteps.GivenHasOutputsAs("Workflow 1", &lt;table&gt;) (0.4s)
Given I have "Workflow 2" with inputs as
  --- table step argument ---
  | Input Var Name |
  | [[rec().a]]    |
  | [[rec().b]]    |
-&gt; done: StudioTestFrameworkSteps.GivenIHaveWithInputsAs("Workflow 2", &lt;table&gt;) (0.0s)
And "Workflow 2" has outputs as
  --- table step argument ---
  | Ouput Var Name |
  | [[returnVal]]  |
-&gt; done: StudioTestFrameworkSteps.GivenHasOutputsAs("Workflow 2", &lt;table&gt;) (0.1s)
Given I have "Workflow 3" with inputs as
  --- table step argument ---
  | Input Var Name |
  | [[A]]          |
  | [[B]]          |
  | [[C]]          |
-&gt; done: StudioTestFrameworkSteps.GivenIHaveWithInputsAs("Workflow 3", &lt;table&gt;) (0.0s)
And "Workflow 3" has outputs as
  --- table step argument ---
  | Ouput Var Name |
  | [[message]]    |
-&gt; done: StudioTestFrameworkSteps.GivenHasOutputsAs("Workflow 3", &lt;table&gt;) (0.1s)
Given I have "WorkflowWithTests" with inputs as
  --- table step argument ---
  | Input Var Name |
  | [[input]]      |
-&gt; done: StudioTestFrameworkSteps.GivenIHaveWithInputsAs("WorkflowWithTests", &lt;table&gt;) (0.0s)
And "WorkflowWithTests" has outputs as
  --- table step argument ---
  | Ouput Var Name  |
  | [[outputValue]] |
-&gt; done: StudioTestFrameworkSteps.GivenHasOutputsAs("WorkflowWithTests", &lt;table&gt;) (0.1s)
And "WorkflowWithTests" Tests as
  --- table step argument ---
  | TestName | AuthenticationType | Error | TestFailing | TestPending | TestInvalid | TestPassed |
  | Test1    | Windows            | false | false       | false       | false       | true       |
  | Test2    | Windows            | false | true        | false       | false       | false      |
  | Test3    | Windows            | false | false       | false       | true        | false      |
  | Test4    | Windows            | false | false       | true        | false       | false      |
-&gt; done: StudioTestFrameworkSteps.GivenTestsAs("WorkflowWithTests", &lt;table&gt;) (0.1s)
Given the test builder is open with existing service "Hello World"
-&gt; done: StudioTestFrameworkSteps.GivenTheTestBuilderIsOpenWithExistingService("Hello World") (2.7s)
And Tab Header is "Hello World - Tests"
-&gt; done: StudioTestFrameworkSteps.GivenTabHeaderIs("Hello World - Tests") (0.0s)
When I click New Test
-&gt; done: StudioTestFrameworkSteps.WhenIClickNewTest() (0.0s)
Then a new test is added
-&gt; done: StudioTestFrameworkSteps.ThenANewTestIsAdded() (0.0s)
And Tab Header is "Hello World - Tests *"
-&gt; done: StudioTestFrameworkSteps.GivenTabHeaderIs("Hello World - Tes...") (0.0s)
And test name starts with "Test 1"
-&gt; done: StudioTestFrameworkSteps.ThenTestNameStartsWith("Test 1") (0.0s)
And username is blank
-&gt; done: StudioTestFrameworkSteps.ThenUsernameIsBlank() (0.0s)
And password is blank
-&gt; done: StudioTestFrameworkSteps.ThenPasswordIsBlank() (0.0s)
And I Add Decision "If [[Name]] &lt;&gt; (Not Equal)" as TestStep
-&gt; done: StudioTestFrameworkSteps.ThenIAddDecisionAsTestStep("If [[Name]] &lt;&gt; (N...") (0.1s)
And I change Decision "If [[Name]] &lt;&gt; (Not Equal)" arm to "Blank Input"
-&gt; done: StudioTestFrameworkSteps.ThenIChangeDecisionArmTo("If [[Name]] &lt;&gt; (N...", "Blank Input") (0.0s)
And I Add "Assign a value to Name if blank (1)" as TestStep
-&gt; done: StudioTestFrameworkSteps.ThenIAddAsTestStep("Assign a value to...") (0.0s)
And I add "Assign a value to Name if blank (1)" StepOutputs as
  --- table step argument ---
  | Variable Name | Condition | Value |
  | [[Name]]      | =         | World |
-&gt; done: StudioTestFrameworkSteps.ThenIAddStepOutputsAs("Assign a value to...", &lt;table&gt;) (0.0s)
And I Add "Set the output variable (1)" as TestStep
-&gt; done: StudioTestFrameworkSteps.ThenIAddAsTestStep("Set the output va...") (0.0s)
And I add "Set the output variable (1)" StepOutputs as
  --- table step argument ---
  | Variable Name | Condition | Value        |
  | [[Message]]   | =         | Hello World. |
-&gt; done: StudioTestFrameworkSteps.ThenIAddStepOutputsAs("Set the output va...", &lt;table&gt;) (0.0s)
And save is enabled
-&gt; done: StudioTestFrameworkSteps.ThenSaveIsEnabled() (0.0s)
And test status is pending
-&gt; done: StudioTestFrameworkSteps.ThenTestStatusIsPending() (0.0s)
And test is enabled
-&gt; done: StudioTestFrameworkSteps.ThenTestIsEnabled() (0.0s)
And I update outputs as
  --- table step argument ---
  | Variable Name | Value        |
  | Message       | Hello World. |
-&gt; done: StudioTestFrameworkSteps.ThenIUpdateOutputsAs(&lt;table&gt;) (0.0s)
And I save
-&gt; done: StudioTestFrameworkSteps.WhenISave() (0.0s)
When I run the test
-&gt; done: StudioTestFrameworkSteps.WhenIRunTheTest() (0.1s)
Then test result is Passed
-&gt; done: StudioTestFrameworkSteps.ThenTestResultIsPassed() (0.0s)
When I change step "If [[Name]] &lt;&gt; (Not Equal)" to Mock
-&gt; done: StudioTestFrameworkSteps.WhenIChangeStepToMock("If [[Name]] &lt;&gt; (N...") (0.0s)
Then I change Decision "If [[Name]] &lt;&gt; (Not Equal)" arm to "Name Input"
-&gt; done: StudioTestFrameworkSteps.ThenIChangeDecisionArmTo("If [[Name]] &lt;&gt; (N...", "Name Input") (0.0s)
When I run the test
-&gt; done: StudioTestFrameworkSteps.WhenIRunTheTest() (0.1s)
Then step "Assign a value to Name if blank (1)" is Pending
-&gt; done: StudioTestFrameworkSteps.ThenStepIsPending("Assign a value to...") (0.0s)
When I delete "Test 1"
-&gt; done: StudioTestFrameworkSteps.WhenIDelete("Test 1") (0.0s)
Then The "DeleteConfirmation" popup is shown I click Ok
-&gt; done: StudioTestFrameworkSteps.ThenThePopupIsShownIClickOk("DeleteConfirmation") (0.0s)
And test folder is cleaned
-&gt; done: StudioTestFrameworkSteps.ThenTestFolderIsCleaned() (0.0s)</StdOut>
      </Output>
    </UnitTestResult>
    <UnitTestResult executionId="7919ce8c-edc6-4ca8-9650-3be5fd2bd12d" testId="35f8e990-614e-d0af-45a5-7311b5e7e6cf" testName="RunATestExpectingError" computerName="ASH" duration="00:00:02.5356642" startTime="2017-03-16T11:48:39.4084294+02:00" endTime="2017-03-16T11:48:41.9464791+02:00" testType="13cdc9d9-ddb5-4fa4-a97d-d965ccfc6d4b" outcome="Passed" testListId="8c84fa94-04c1-424b-9868-57a2d4851a1d" relativeResultsDirectory="7919ce8c-edc6-4ca8-9650-3be5fd2bd12d">
      <Output>
        <StdOut>Given test folder is cleaned
-&gt; done: StudioTestFrameworkSteps.GivenTestFolderIsCleaned() (0.0s)
And I have "Workflow 1" with inputs as
  --- table step argument ---
  | Input Var Name |
  | [[a]]          |
-&gt; done: StudioTestFrameworkSteps.GivenIHaveWithInputsAs("Workflow 1", &lt;table&gt;) (0.0s)
And "Workflow 1" has outputs as
  --- table step argument ---
  | Ouput Var Name  |
  | [[outputValue]] |
-&gt; done: StudioTestFrameworkSteps.GivenHasOutputsAs("Workflow 1", &lt;table&gt;) (0.1s)
Given I have "Workflow 2" with inputs as
  --- table step argument ---
  | Input Var Name |
  | [[rec().a]]    |
  | [[rec().b]]    |
-&gt; done: StudioTestFrameworkSteps.GivenIHaveWithInputsAs("Workflow 2", &lt;table&gt;) (0.0s)
And "Workflow 2" has outputs as
  --- table step argument ---
  | Ouput Var Name |
  | [[returnVal]]  |
-&gt; done: StudioTestFrameworkSteps.GivenHasOutputsAs("Workflow 2", &lt;table&gt;) (0.1s)
Given I have "Workflow 3" with inputs as
  --- table step argument ---
  | Input Var Name |
  | [[A]]          |
  | [[B]]          |
  | [[C]]          |
-&gt; done: StudioTestFrameworkSteps.GivenIHaveWithInputsAs("Workflow 3", &lt;table&gt;) (0.0s)
And "Workflow 3" has outputs as
  --- table step argument ---
  | Ouput Var Name |
  | [[message]]    |
-&gt; done: StudioTestFrameworkSteps.GivenHasOutputsAs("Workflow 3", &lt;table&gt;) (0.1s)
Given I have "WorkflowWithTests" with inputs as
  --- table step argument ---
  | Input Var Name |
  | [[input]]      |
-&gt; done: StudioTestFrameworkSteps.GivenIHaveWithInputsAs("WorkflowWithTests", &lt;table&gt;) (0.0s)
And "WorkflowWithTests" has outputs as
  --- table step argument ---
  | Ouput Var Name  |
  | [[outputValue]] |
-&gt; done: StudioTestFrameworkSteps.GivenHasOutputsAs("WorkflowWithTests", &lt;table&gt;) (0.1s)
And "WorkflowWithTests" Tests as
  --- table step argument ---
  | TestName | AuthenticationType | Error | TestFailing | TestPending | TestInvalid | TestPassed |
  | Test1    | Windows            | false | false       | false       | false       | true       |
  | Test2    | Windows            | false | true        | false       | false       | false      |
  | Test3    | Windows            | false | false       | false       | true        | false      |
  | Test4    | Windows            | false | false       | true        | false       | false      |
-&gt; done: StudioTestFrameworkSteps.GivenTestsAs("WorkflowWithTests", &lt;table&gt;) (0.0s)
Given the test builder is open with existing service "Hello World"
-&gt; done: StudioTestFrameworkSteps.GivenTheTestBuilderIsOpenWithExistingService("Hello World") (1.8s)
And Tab Header is "Hello World - Tests"
-&gt; done: StudioTestFrameworkSteps.GivenTabHeaderIs("Hello World - Tests") (0.0s)
When I click New Test
-&gt; done: StudioTestFrameworkSteps.WhenIClickNewTest() (0.0s)
Then a new test is added
-&gt; done: StudioTestFrameworkSteps.ThenANewTestIsAdded() (0.0s)
And Tab Header is "Hello World - Tests *"
-&gt; done: StudioTestFrameworkSteps.GivenTabHeaderIs("Hello World - Tes...") (0.0s)
And test name starts with "Test 1"
-&gt; done: StudioTestFrameworkSteps.ThenTestNameStartsWith("Test 1") (0.0s)
And username is blank
-&gt; done: StudioTestFrameworkSteps.ThenUsernameIsBlank() (0.0s)
And password is blank
-&gt; done: StudioTestFrameworkSteps.ThenPasswordIsBlank() (0.0s)
And I update inputs as
  --- table step argument ---
  | Variable Name | Value | EmptyIsNull |
  | Name          |       | true        |
-&gt; done: StudioTestFrameworkSteps.WhenIUpdatedTheInputsAs(&lt;table&gt;) (0.0s)
And I expect Error "p"
-&gt; done: StudioTestFrameworkSteps.ThenIExpectError("p") (0.0s)
And save is enabled
-&gt; done: StudioTestFrameworkSteps.ThenSaveIsEnabled() (0.0s)
And test status is pending
-&gt; done: StudioTestFrameworkSteps.ThenTestStatusIsPending() (0.0s)
And test is enabled
-&gt; done: StudioTestFrameworkSteps.ThenTestIsEnabled() (0.0s)
And I remove all Test Steps
-&gt; done: StudioTestFrameworkSteps.ThenIRemoveAllTestSteps() (0.0s)
And I save
-&gt; done: StudioTestFrameworkSteps.WhenISave() (0.0s)
When I run the test
-&gt; done: StudioTestFrameworkSteps.WhenIRunTheTest() (0.0s)
Then the service debug assert message contains "Failed: Expected Error containing 'p' but got 'variable not found'"
-&gt; done: StudioTestFrameworkSteps.ThenTheServiceDebugAssertMessageContains("Failed: Expected ...") (0.0s)
Then test result is Failed
-&gt; done: StudioTestFrameworkSteps.ThenTestResultIsFailed() (0.0s)
When I delete "Test 1"
-&gt; done: StudioTestFrameworkSteps.WhenIDelete("Test 1") (0.0s)
Then The "DeleteConfirmation" popup is shown I click Ok
-&gt; done: StudioTestFrameworkSteps.ThenThePopupIsShownIClickOk("DeleteConfirmation") (0.0s)
And test folder is cleaned
-&gt; done: StudioTestFrameworkSteps.ThenTestFolderIsCleaned() (0.0s)</StdOut>
      </Output>
    </UnitTestResult>
    <UnitTestResult executionId="0cf50d45-37cd-46bd-817a-8c05cd84b6cc" testId="474b9070-b9eb-69a3-88d5-10e5d691f495" testName="RunATestWithAssertStep" computerName="ASH" duration="00:00:02.5923421" startTime="2017-03-16T11:48:41.9504580+02:00" endTime="2017-03-16T11:48:44.5472018+02:00" testType="13cdc9d9-ddb5-4fa4-a97d-d965ccfc6d4b" outcome="Failed" testListId="8c84fa94-04c1-424b-9868-57a2d4851a1d" relativeResultsDirectory="0cf50d45-37cd-46bd-817a-8c05cd84b6cc">
      <Output>
        <StdOut>Given test folder is cleaned
-&gt; done: StudioTestFrameworkSteps.GivenTestFolderIsCleaned() (0.0s)
And I have "Workflow 1" with inputs as
  --- table step argument ---
  | Input Var Name |
  | [[a]]          |
-&gt; done: StudioTestFrameworkSteps.GivenIHaveWithInputsAs("Workflow 1", &lt;table&gt;) (0.0s)
And "Workflow 1" has outputs as
  --- table step argument ---
  | Ouput Var Name  |
  | [[outputValue]] |
-&gt; done: StudioTestFrameworkSteps.GivenHasOutputsAs("Workflow 1", &lt;table&gt;) (0.1s)
Given I have "Workflow 2" with inputs as
  --- table step argument ---
  | Input Var Name |
  | [[rec().a]]    |
  | [[rec().b]]    |
-&gt; done: StudioTestFrameworkSteps.GivenIHaveWithInputsAs("Workflow 2", &lt;table&gt;) (0.0s)
And "Workflow 2" has outputs as
  --- table step argument ---
  | Ouput Var Name |
  | [[returnVal]]  |
-&gt; done: StudioTestFrameworkSteps.GivenHasOutputsAs("Workflow 2", &lt;table&gt;) (0.1s)
Given I have "Workflow 3" with inputs as
  --- table step argument ---
  | Input Var Name |
  | [[A]]          |
  | [[B]]          |
  | [[C]]          |
-&gt; done: StudioTestFrameworkSteps.GivenIHaveWithInputsAs("Workflow 3", &lt;table&gt;) (0.0s)
And "Workflow 3" has outputs as
  --- table step argument ---
  | Ouput Var Name |
  | [[message]]    |
-&gt; done: StudioTestFrameworkSteps.GivenHasOutputsAs("Workflow 3", &lt;table&gt;) (0.1s)
Given I have "WorkflowWithTests" with inputs as
  --- table step argument ---
  | Input Var Name |
  | [[input]]      |
-&gt; done: StudioTestFrameworkSteps.GivenIHaveWithInputsAs("WorkflowWithTests", &lt;table&gt;) (0.0s)
And "WorkflowWithTests" has outputs as
  --- table step argument ---
  | Ouput Var Name  |
  | [[outputValue]] |
-&gt; done: StudioTestFrameworkSteps.GivenHasOutputsAs("WorkflowWithTests", &lt;table&gt;) (0.2s)
And "WorkflowWithTests" Tests as
  --- table step argument ---
  | TestName | AuthenticationType | Error | TestFailing | TestPending | TestInvalid | TestPassed |
  | Test1    | Windows            | false | false       | false       | false       | true       |
  | Test2    | Windows            | false | true        | false       | false       | false      |
  | Test3    | Windows            | false | false       | false       | true        | false      |
  | Test4    | Windows            | false | false       | true        | false       | false      |
-&gt; done: StudioTestFrameworkSteps.GivenTestsAs("WorkflowWithTests", &lt;table&gt;) (0.1s)
Given the test builder is open with existing service "Hello World"
-&gt; done: StudioTestFrameworkSteps.GivenTheTestBuilderIsOpenWithExistingService("Hello World") (1.8s)
And Tab Header is "Hello World - Tests"
-&gt; done: StudioTestFrameworkSteps.GivenTabHeaderIs("Hello World - Tests") (0.0s)
When I click New Test
-&gt; done: StudioTestFrameworkSteps.WhenIClickNewTest() (0.0s)
Then a new test is added
-&gt; done: StudioTestFrameworkSteps.ThenANewTestIsAdded() (0.0s)
And Tab Header is "Hello World - Tests *"
-&gt; done: StudioTestFrameworkSteps.GivenTabHeaderIs("Hello World - Tes...") (0.0s)
And test name starts with "Test 1"
-&gt; done: StudioTestFrameworkSteps.ThenTestNameStartsWith("Test 1") (0.0s)
And test is enabled
-&gt; done: StudioTestFrameworkSteps.ThenTestIsEnabled() (0.0s)
And I update inputs as
  --- table step argument ---
  | Variable Name | Value |
  | Name          |       |
-&gt; done: StudioTestFrameworkSteps.WhenIUpdatedTheInputsAs(&lt;table&gt;) (0.0s)
And I update outputs as
  --- table step argument ---
  | Variable Name | Value        |
  | Message       | Hello World. |
-&gt; done: StudioTestFrameworkSteps.ThenIUpdateOutputsAs(&lt;table&gt;) (0.0s)
And I add Assert steps as
  --- table step argument ---
  | Step Name                  | Output Variable | Output Value | Activity Type | Output From | Output To |
  | If [[Name]] &lt;&gt; (Not Equal) | Message         | Blank Input  | Decision      |             |           |
-&gt; done: StudioTestFrameworkSteps.ThenIAddAssertStepsAs(&lt;table&gt;) (0.0s)
And I save
-&gt; done: StudioTestFrameworkSteps.WhenISave() (0.0s)
When I run the test
-&gt; done: StudioTestFrameworkSteps.WhenIRunTheTest() (0.0s)
Then test result is Passed
-&gt; done: StudioTestFrameworkSteps.ThenTestResultIsPassed() (0.0s)
Then service debug inputs as
  --- table step argument ---
  | Variable | Value |
  | [[Name]] |       |
-&gt; error: Assert.IsNotNull failed. 
And the service debug outputs as
  --- table step argument ---
  | Variable    | Value        |
  | [[Message]] | Hello World. |
-&gt; skipped because of previous errors
When I delete "Test 1"
-&gt; skipped because of previous errors
Then The "DeleteConfirmation" popup is shown I click Ok
-&gt; skipped because of previous errors</StdOut>
        <ErrorInfo>
          <Message>Assert.IsNotNull failed. </Message>
          <StackTrace>   at Dev2.Activities.Specs.TestFramework.StudioTestFrameworkSteps.ThenServiceDebugInputsAs(Table table) in D:\Repos\GENDEV\Warewolf-ESB\Dev\Dev2.Activities.Specs\TestFramework\TestFrameworkSteps.cs:line 1654
   at lambda_method(Closure , IContextManager , Table )
   at TechTalk.SpecFlow.Bindings.BindingInvoker.InvokeBinding(IBinding binding, IContextManager contextManager, Object[] arguments, ITestTracer testTracer, TimeSpan&amp; duration)
   at TechTalk.SpecFlow.Infrastructure.TestExecutionEngine.ExecuteStepMatch(BindingMatch match, Object[] arguments)
   at TechTalk.SpecFlow.Infrastructure.TestExecutionEngine.ExecuteStep(StepInstance stepInstance)
   at TechTalk.SpecFlow.Infrastructure.TestExecutionEngine.OnAfterLastStep()
   at TechTalk.SpecFlow.TestRunner.CollectScenarioErrors()
   at Dev2.Activities.Specs.TestFramework.StudioTestFrameworkFeature.ScenarioCleanup()
   at Dev2.Activities.Specs.TestFramework.StudioTestFrameworkFeature.RunATestWithAssertStep() in D:\Repos\GENDEV\Warewolf-ESB\Dev\Dev2.Activities.Specs\TestFramework\StudioTestFramework.feature:line 966
</StackTrace>
        </ErrorInfo>
      </Output>
    </UnitTestResult>
    <UnitTestResult executionId="4e81d5c6-d301-4fe9-bf38-eda4201e42b0" testId="a33c0289-d0ab-a6d4-01f2-e64e7c47ef25" testName="RunATestWithAssertStepAssign" computerName="ASH" duration="00:00:02.8586710" startTime="2017-03-16T11:48:44.5527089+02:00" endTime="2017-03-16T11:48:47.4152453+02:00" testType="13cdc9d9-ddb5-4fa4-a97d-d965ccfc6d4b" outcome="Passed" testListId="8c84fa94-04c1-424b-9868-57a2d4851a1d" relativeResultsDirectory="4e81d5c6-d301-4fe9-bf38-eda4201e42b0">
      <Output>
        <StdOut>Given test folder is cleaned
-&gt; done: StudioTestFrameworkSteps.GivenTestFolderIsCleaned() (0.0s)
And I have "Workflow 1" with inputs as
  --- table step argument ---
  | Input Var Name |
  | [[a]]          |
-&gt; done: StudioTestFrameworkSteps.GivenIHaveWithInputsAs("Workflow 1", &lt;table&gt;) (0.0s)
And "Workflow 1" has outputs as
  --- table step argument ---
  | Ouput Var Name  |
  | [[outputValue]] |
-&gt; done: StudioTestFrameworkSteps.GivenHasOutputsAs("Workflow 1", &lt;table&gt;) (0.1s)
Given I have "Workflow 2" with inputs as
  --- table step argument ---
  | Input Var Name |
  | [[rec().a]]    |
  | [[rec().b]]    |
-&gt; done: StudioTestFrameworkSteps.GivenIHaveWithInputsAs("Workflow 2", &lt;table&gt;) (0.0s)
And "Workflow 2" has outputs as
  --- table step argument ---
  | Ouput Var Name |
  | [[returnVal]]  |
-&gt; done: StudioTestFrameworkSteps.GivenHasOutputsAs("Workflow 2", &lt;table&gt;) (0.1s)
Given I have "Workflow 3" with inputs as
  --- table step argument ---
  | Input Var Name |
  | [[A]]          |
  | [[B]]          |
  | [[C]]          |
-&gt; done: StudioTestFrameworkSteps.GivenIHaveWithInputsAs("Workflow 3", &lt;table&gt;) (0.0s)
And "Workflow 3" has outputs as
  --- table step argument ---
  | Ouput Var Name |
  | [[message]]    |
-&gt; done: StudioTestFrameworkSteps.GivenHasOutputsAs("Workflow 3", &lt;table&gt;) (0.1s)
Given I have "WorkflowWithTests" with inputs as
  --- table step argument ---
  | Input Var Name |
  | [[input]]      |
-&gt; done: StudioTestFrameworkSteps.GivenIHaveWithInputsAs("WorkflowWithTests", &lt;table&gt;) (0.0s)
And "WorkflowWithTests" has outputs as
  --- table step argument ---
  | Ouput Var Name  |
  | [[outputValue]] |
-&gt; done: StudioTestFrameworkSteps.GivenHasOutputsAs("WorkflowWithTests", &lt;table&gt;) (0.1s)
And "WorkflowWithTests" Tests as
  --- table step argument ---
  | TestName | AuthenticationType | Error | TestFailing | TestPending | TestInvalid | TestPassed |
  | Test1    | Windows            | false | false       | false       | false       | true       |
  | Test2    | Windows            | false | true        | false       | false       | false      |
  | Test3    | Windows            | false | false       | false       | true        | false      |
  | Test4    | Windows            | false | false       | true        | false       | false      |
-&gt; done: StudioTestFrameworkSteps.GivenTestsAs("WorkflowWithTests", &lt;table&gt;) (0.0s)
Given the test builder is open with existing service "Hello World"
-&gt; done: StudioTestFrameworkSteps.GivenTheTestBuilderIsOpenWithExistingService("Hello World") (2.2s)
And Tab Header is "Hello World - Tests"
-&gt; done: StudioTestFrameworkSteps.GivenTabHeaderIs("Hello World - Tests") (0.0s)
When I click New Test
-&gt; done: StudioTestFrameworkSteps.WhenIClickNewTest() (0.0s)
Then a new test is added
-&gt; done: StudioTestFrameworkSteps.ThenANewTestIsAdded() (0.0s)
And Tab Header is "Hello World - Tests *"
-&gt; done: StudioTestFrameworkSteps.GivenTabHeaderIs("Hello World - Tes...") (0.0s)
And test name starts with "Test 1"
-&gt; done: StudioTestFrameworkSteps.ThenTestNameStartsWith("Test 1") (0.0s)
And test is enabled
-&gt; done: StudioTestFrameworkSteps.ThenTestIsEnabled() (0.0s)
And I update inputs as
  --- table step argument ---
  | Variable Name | Value |
  | Name          | Bob   |
-&gt; done: StudioTestFrameworkSteps.WhenIUpdatedTheInputsAs(&lt;table&gt;) (0.0s)
And I update outputs as
  --- table step argument ---
  | Variable Name | Value      |
  | Message       | hello mock |
-&gt; done: StudioTestFrameworkSteps.ThenIUpdateOutputsAs(&lt;table&gt;) (0.0s)
And I add Assert steps as
  --- table step argument ---
  | Step Name                   | Output Variable | Output Value | Activity Type | Output From | Output To |
  | Set the output variable (1) | Message         | hello mock   | Assign        |             |           |
-&gt; done: StudioTestFrameworkSteps.ThenIAddAssertStepsAs(&lt;table&gt;) (0.0s)
And I save
-&gt; done: StudioTestFrameworkSteps.WhenISave() (0.0s)
When I run the test
-&gt; done: StudioTestFrameworkSteps.WhenIRunTheTest() (0.1s)
Then test result is Failed
-&gt; done: StudioTestFrameworkSteps.ThenTestResultIsFailed() (0.0s)
Then service debug inputs as
  --- table step argument ---
  | Variable | Value |
  | [[Name]] | Bob   |
-&gt; done: StudioTestFrameworkSteps.ThenServiceDebugInputsAs(&lt;table&gt;) (0.0s)
When I delete "Test 1"
-&gt; done: StudioTestFrameworkSteps.WhenIDelete("Test 1") (0.0s)
Then The "DeleteConfirmation" popup is shown I click Ok
-&gt; done: StudioTestFrameworkSteps.ThenThePopupIsShownIClickOk("DeleteConfirmation") (0.0s)</StdOut>
      </Output>
    </UnitTestResult>
    <UnitTestResult executionId="ff935411-07ee-4cc0-ad22-36009c5a6ce3" testId="5a5d4ddc-16a0-2638-fa34-12fe7b461034" testName="RunATestWithErrorExpected" computerName="ASH" duration="00:00:02.2154254" startTime="2017-03-16T11:48:47.4202456+02:00" endTime="2017-03-16T11:48:49.6377430+02:00" testType="13cdc9d9-ddb5-4fa4-a97d-d965ccfc6d4b" outcome="Passed" testListId="8c84fa94-04c1-424b-9868-57a2d4851a1d" relativeResultsDirectory="ff935411-07ee-4cc0-ad22-36009c5a6ce3">
      <Output>
        <StdOut>Given test folder is cleaned
-&gt; done: StudioTestFrameworkSteps.GivenTestFolderIsCleaned() (0.1s)
And I have "Workflow 1" with inputs as
  --- table step argument ---
  | Input Var Name |
  | [[a]]          |
-&gt; done: StudioTestFrameworkSteps.GivenIHaveWithInputsAs("Workflow 1", &lt;table&gt;) (0.0s)
And "Workflow 1" has outputs as
  --- table step argument ---
  | Ouput Var Name  |
  | [[outputValue]] |
-&gt; done: StudioTestFrameworkSteps.GivenHasOutputsAs("Workflow 1", &lt;table&gt;) (0.1s)
Given I have "Workflow 2" with inputs as
  --- table step argument ---
  | Input Var Name |
  | [[rec().a]]    |
  | [[rec().b]]    |
-&gt; done: StudioTestFrameworkSteps.GivenIHaveWithInputsAs("Workflow 2", &lt;table&gt;) (0.0s)
And "Workflow 2" has outputs as
  --- table step argument ---
  | Ouput Var Name |
  | [[returnVal]]  |
-&gt; done: StudioTestFrameworkSteps.GivenHasOutputsAs("Workflow 2", &lt;table&gt;) (0.1s)
Given I have "Workflow 3" with inputs as
  --- table step argument ---
  | Input Var Name |
  | [[A]]          |
  | [[B]]          |
  | [[C]]          |
-&gt; done: StudioTestFrameworkSteps.GivenIHaveWithInputsAs("Workflow 3", &lt;table&gt;) (0.0s)
And "Workflow 3" has outputs as
  --- table step argument ---
  | Ouput Var Name |
  | [[message]]    |
-&gt; done: StudioTestFrameworkSteps.GivenHasOutputsAs("Workflow 3", &lt;table&gt;) (0.1s)
Given I have "WorkflowWithTests" with inputs as
  --- table step argument ---
  | Input Var Name |
  | [[input]]      |
-&gt; done: StudioTestFrameworkSteps.GivenIHaveWithInputsAs("WorkflowWithTests", &lt;table&gt;) (0.0s)
And "WorkflowWithTests" has outputs as
  --- table step argument ---
  | Ouput Var Name  |
  | [[outputValue]] |
-&gt; done: StudioTestFrameworkSteps.GivenHasOutputsAs("WorkflowWithTests", &lt;table&gt;) (0.2s)
And "WorkflowWithTests" Tests as
  --- table step argument ---
  | TestName | AuthenticationType | Error | TestFailing | TestPending | TestInvalid | TestPassed |
  | Test1    | Windows            | false | false       | false       | false       | true       |
  | Test2    | Windows            | false | true        | false       | false       | false      |
  | Test3    | Windows            | false | false       | false       | true        | false      |
  | Test4    | Windows            | false | false       | true        | false       | false      |
-&gt; done: StudioTestFrameworkSteps.GivenTestsAs("WorkflowWithTests", &lt;table&gt;) (0.0s)
Given the test builder is open with existing service "Error WF"
-&gt; done: StudioTestFrameworkSteps.GivenTheTestBuilderIsOpenWithExistingService("Error WF") (1.4s)
And Tab Header is "Error WF - Tests"
-&gt; done: StudioTestFrameworkSteps.GivenTabHeaderIs("Error WF - Tests") (0.0s)
When I click New Test
-&gt; done: StudioTestFrameworkSteps.WhenIClickNewTest() (0.0s)
Then a new test is added
-&gt; done: StudioTestFrameworkSteps.ThenANewTestIsAdded() (0.0s)
And Tab Header is "Error WF - Tests *"
-&gt; done: StudioTestFrameworkSteps.GivenTabHeaderIs("Error WF - Tests *") (0.0s)
And test name starts with "Test 1"
-&gt; done: StudioTestFrameworkSteps.ThenTestNameStartsWith("Test 1") (0.0s)
And test is enabled
-&gt; done: StudioTestFrameworkSteps.ThenTestIsEnabled() (0.0s)
Then I set ErrorExpected to "true"
-&gt; done: StudioTestFrameworkSteps.ThenISetErrorExpectedTo("true") (0.0s)
And change ErrorContainsText to "Recordset is null [[rec()]]"
-&gt; done: StudioTestFrameworkSteps.ThenChangeErrorContainsTextTo("Recordset is null...") (0.0s)
When I run the test
-&gt; done: StudioTestFrameworkSteps.WhenIRunTheTest() (0.2s)
Then test result is Passed
-&gt; done: StudioTestFrameworkSteps.ThenTestResultIsPassed() (0.0s)
When I delete "Test 1"
-&gt; done: StudioTestFrameworkSteps.WhenIDelete("Test 1") (0.0s)
Then The "DeleteConfirmation" popup is shown I click Ok
-&gt; done: StudioTestFrameworkSteps.ThenThePopupIsShownIClickOk("DeleteConfirmation") (0.0s)</StdOut>
      </Output>
    </UnitTestResult>
    <UnitTestResult executionId="23cc4fef-d2a1-4206-a59d-6c038dce32f2" testId="2a291803-4277-ac00-14de-36096874713b" testName="RunATestWithInvalidAndPendingResults" computerName="ASH" duration="00:00:02.4573404" startTime="2017-03-16T11:48:49.6432447+02:00" endTime="2017-03-16T11:48:52.1028547+02:00" testType="13cdc9d9-ddb5-4fa4-a97d-d965ccfc6d4b" outcome="Passed" testListId="8c84fa94-04c1-424b-9868-57a2d4851a1d" relativeResultsDirectory="23cc4fef-d2a1-4206-a59d-6c038dce32f2">
      <Output>
        <StdOut>Given test folder is cleaned
-&gt; done: StudioTestFrameworkSteps.GivenTestFolderIsCleaned() (0.1s)
And I have "Workflow 1" with inputs as
  --- table step argument ---
  | Input Var Name |
  | [[a]]          |
-&gt; done: StudioTestFrameworkSteps.GivenIHaveWithInputsAs("Workflow 1", &lt;table&gt;) (0.0s)
And "Workflow 1" has outputs as
  --- table step argument ---
  | Ouput Var Name  |
  | [[outputValue]] |
-&gt; done: StudioTestFrameworkSteps.GivenHasOutputsAs("Workflow 1", &lt;table&gt;) (0.1s)
Given I have "Workflow 2" with inputs as
  --- table step argument ---
  | Input Var Name |
  | [[rec().a]]    |
  | [[rec().b]]    |
-&gt; done: StudioTestFrameworkSteps.GivenIHaveWithInputsAs("Workflow 2", &lt;table&gt;) (0.0s)
And "Workflow 2" has outputs as
  --- table step argument ---
  | Ouput Var Name |
  | [[returnVal]]  |
-&gt; done: StudioTestFrameworkSteps.GivenHasOutputsAs("Workflow 2", &lt;table&gt;) (0.2s)
Given I have "Workflow 3" with inputs as
  --- table step argument ---
  | Input Var Name |
  | [[A]]          |
  | [[B]]          |
  | [[C]]          |
-&gt; done: StudioTestFrameworkSteps.GivenIHaveWithInputsAs("Workflow 3", &lt;table&gt;) (0.0s)
And "Workflow 3" has outputs as
  --- table step argument ---
  | Ouput Var Name |
  | [[message]]    |
-&gt; done: StudioTestFrameworkSteps.GivenHasOutputsAs("Workflow 3", &lt;table&gt;) (0.1s)
Given I have "WorkflowWithTests" with inputs as
  --- table step argument ---
  | Input Var Name |
  | [[input]]      |
-&gt; done: StudioTestFrameworkSteps.GivenIHaveWithInputsAs("WorkflowWithTests", &lt;table&gt;) (0.0s)
And "WorkflowWithTests" has outputs as
  --- table step argument ---
  | Ouput Var Name  |
  | [[outputValue]] |
-&gt; done: StudioTestFrameworkSteps.GivenHasOutputsAs("WorkflowWithTests", &lt;table&gt;) (0.1s)
And "WorkflowWithTests" Tests as
  --- table step argument ---
  | TestName | AuthenticationType | Error | TestFailing | TestPending | TestInvalid | TestPassed |
  | Test1    | Windows            | false | false       | false       | false       | true       |
  | Test2    | Windows            | false | true        | false       | false       | false      |
  | Test3    | Windows            | false | false       | false       | true        | false      |
  | Test4    | Windows            | false | false       | true        | false       | false      |
-&gt; done: StudioTestFrameworkSteps.GivenTestsAs("WorkflowWithTests", &lt;table&gt;) (0.0s)
Given the test builder is open with existing service "Hello World"
-&gt; done: StudioTestFrameworkSteps.GivenTheTestBuilderIsOpenWithExistingService("Hello World") (1.6s)
And Tab Header is "Hello World - Tests"
-&gt; done: StudioTestFrameworkSteps.GivenTabHeaderIs("Hello World - Tests") (0.0s)
When I click New Test
-&gt; done: StudioTestFrameworkSteps.WhenIClickNewTest() (0.0s)
Then a new test is added
-&gt; done: StudioTestFrameworkSteps.ThenANewTestIsAdded() (0.0s)
And Tab Header is "Hello World - Tests *"
-&gt; done: StudioTestFrameworkSteps.GivenTabHeaderIs("Hello World - Tes...") (0.0s)
And test name starts with "Test 1"
-&gt; done: StudioTestFrameworkSteps.ThenTestNameStartsWith("Test 1") (0.0s)
And username is blank
-&gt; done: StudioTestFrameworkSteps.ThenUsernameIsBlank() (0.0s)
And password is blank
-&gt; done: StudioTestFrameworkSteps.ThenPasswordIsBlank() (0.0s)
And I update inputs as
  --- table step argument ---
  | Variable Name | Value |
  | Name          | Bob   |
-&gt; done: StudioTestFrameworkSteps.WhenIUpdatedTheInputsAs(&lt;table&gt;) (0.0s)
And I Add Decision "If [[Name]] &lt;&gt; (Not Equal)" as TestStep
-&gt; done: StudioTestFrameworkSteps.ThenIAddDecisionAsTestStep("If [[Name]] &lt;&gt; (N...") (0.0s)
And I change Decision "If [[Name]] &lt;&gt; (Not Equal)" arm to "Name Input"
-&gt; done: StudioTestFrameworkSteps.ThenIChangeDecisionArmTo("If [[Name]] &lt;&gt; (N...", "Name Input") (0.0s)
And I Add "Assign a value to Name if blank (1)" as TestStep
-&gt; done: StudioTestFrameworkSteps.ThenIAddAsTestStep("Assign a value to...") (0.0s)
And I Add "Set the output variable (1)" as TestStep
-&gt; done: StudioTestFrameworkSteps.ThenIAddAsTestStep("Set the output va...") (0.0s)
And I update outputs as
  --- table step argument ---
  | Variable Name | Value      |
  | Message       | Hello Bob. |
-&gt; done: StudioTestFrameworkSteps.ThenIUpdateOutputsAs(&lt;table&gt;) (0.0s)
When I run the test
-&gt; done: StudioTestFrameworkSteps.WhenIRunTheTest() (0.1s)
When I delete "Test 1"
-&gt; done: StudioTestFrameworkSteps.WhenIDelete("Test 1") (0.0s)
Then The "DeleteConfirmation" popup is shown I click Ok
-&gt; done: StudioTestFrameworkSteps.ThenThePopupIsShownIClickOk("DeleteConfirmation") (0.0s)</StdOut>
      </Output>
    </UnitTestResult>
    <UnitTestResult executionId="bdb7b38f-ecc1-4a4d-bab9-fe4481b87db4" testId="68443f27-8558-ced9-806b-3ef5b29412c4" testName="RunATestWithInvalidInputsAndPendingResults" computerName="ASH" duration="00:00:02.8902172" startTime="2017-03-16T11:48:52.1118548+02:00" endTime="2017-03-16T11:48:55.0054677+02:00" testType="13cdc9d9-ddb5-4fa4-a97d-d965ccfc6d4b" outcome="Passed" testListId="8c84fa94-04c1-424b-9868-57a2d4851a1d" relativeResultsDirectory="bdb7b38f-ecc1-4a4d-bab9-fe4481b87db4">
      <Output>
        <StdOut>Given test folder is cleaned
-&gt; done: StudioTestFrameworkSteps.GivenTestFolderIsCleaned() (0.0s)
And I have "Workflow 1" with inputs as
  --- table step argument ---
  | Input Var Name |
  | [[a]]          |
-&gt; done: StudioTestFrameworkSteps.GivenIHaveWithInputsAs("Workflow 1", &lt;table&gt;) (0.0s)
And "Workflow 1" has outputs as
  --- table step argument ---
  | Ouput Var Name  |
  | [[outputValue]] |
-&gt; done: StudioTestFrameworkSteps.GivenHasOutputsAs("Workflow 1", &lt;table&gt;) (0.1s)
Given I have "Workflow 2" with inputs as
  --- table step argument ---
  | Input Var Name |
  | [[rec().a]]    |
  | [[rec().b]]    |
-&gt; done: StudioTestFrameworkSteps.GivenIHaveWithInputsAs("Workflow 2", &lt;table&gt;) (0.0s)
And "Workflow 2" has outputs as
  --- table step argument ---
  | Ouput Var Name |
  | [[returnVal]]  |
-&gt; done: StudioTestFrameworkSteps.GivenHasOutputsAs("Workflow 2", &lt;table&gt;) (0.1s)
Given I have "Workflow 3" with inputs as
  --- table step argument ---
  | Input Var Name |
  | [[A]]          |
  | [[B]]          |
  | [[C]]          |
-&gt; done: StudioTestFrameworkSteps.GivenIHaveWithInputsAs("Workflow 3", &lt;table&gt;) (0.0s)
And "Workflow 3" has outputs as
  --- table step argument ---
  | Ouput Var Name |
  | [[message]]    |
-&gt; done: StudioTestFrameworkSteps.GivenHasOutputsAs("Workflow 3", &lt;table&gt;) (0.1s)
Given I have "WorkflowWithTests" with inputs as
  --- table step argument ---
  | Input Var Name |
  | [[input]]      |
-&gt; done: StudioTestFrameworkSteps.GivenIHaveWithInputsAs("WorkflowWithTests", &lt;table&gt;) (0.0s)
And "WorkflowWithTests" has outputs as
  --- table step argument ---
  | Ouput Var Name  |
  | [[outputValue]] |
-&gt; done: StudioTestFrameworkSteps.GivenHasOutputsAs("WorkflowWithTests", &lt;table&gt;) (0.1s)
And "WorkflowWithTests" Tests as
  --- table step argument ---
  | TestName | AuthenticationType | Error | TestFailing | TestPending | TestInvalid | TestPassed |
  | Test1    | Windows            | false | false       | false       | false       | true       |
  | Test2    | Windows            | false | true        | false       | false       | false      |
  | Test3    | Windows            | false | false       | false       | true        | false      |
  | Test4    | Windows            | false | false       | true        | false       | false      |
-&gt; done: StudioTestFrameworkSteps.GivenTestsAs("WorkflowWithTests", &lt;table&gt;) (0.0s)
Given the test builder is open with existing service "Hello World"
-&gt; done: StudioTestFrameworkSteps.GivenTheTestBuilderIsOpenWithExistingService("Hello World") (2.2s)
And Tab Header is "Hello World - Tests"
-&gt; done: StudioTestFrameworkSteps.GivenTabHeaderIs("Hello World - Tests") (0.0s)
When I click New Test
-&gt; done: StudioTestFrameworkSteps.WhenIClickNewTest() (0.0s)
Then a new test is added
-&gt; done: StudioTestFrameworkSteps.ThenANewTestIsAdded() (0.0s)
And Tab Header is "Hello World - Tests *"
-&gt; done: StudioTestFrameworkSteps.GivenTabHeaderIs("Hello World - Tes...") (0.0s)
And test name starts with "Test 1"
-&gt; done: StudioTestFrameworkSteps.ThenTestNameStartsWith("Test 1") (0.0s)
And username is blank
-&gt; done: StudioTestFrameworkSteps.ThenUsernameIsBlank() (0.0s)
And password is blank
-&gt; done: StudioTestFrameworkSteps.ThenPasswordIsBlank() (0.0s)
And I update inputs as
  --- table step argument ---
  | Variable Name | Value    |
  | Name          | [[Home]] |
-&gt; done: StudioTestFrameworkSteps.WhenIUpdatedTheInputsAs(&lt;table&gt;) (0.0s)
And I save
-&gt; done: StudioTestFrameworkSteps.WhenISave() (0.0s)
When I run the test
-&gt; done: StudioTestFrameworkSteps.WhenIRunTheTest() (0.1s)
Then test result is Failed
-&gt; done: StudioTestFrameworkSteps.ThenTestResultIsFailed() (0.0s)
When I delete "Test 1"
-&gt; done: StudioTestFrameworkSteps.WhenIDelete("Test 1") (0.0s)
Then The "DeleteConfirmation" popup is shown I click Ok
-&gt; done: StudioTestFrameworkSteps.ThenThePopupIsShownIClickOk("DeleteConfirmation") (0.0s)</StdOut>
      </Output>
    </UnitTestResult>
    <UnitTestResult executionId="5c9f786d-a252-4915-ac33-70a6c1b60065" testId="12441baa-b62c-a8e7-6125-0c86dcd5d998" testName="RunATestWithMockStep" computerName="ASH" duration="00:00:02.0339991" startTime="2017-03-16T11:48:55.0094663+02:00" endTime="2017-03-16T11:48:57.0452926+02:00" testType="13cdc9d9-ddb5-4fa4-a97d-d965ccfc6d4b" outcome="Failed" testListId="8c84fa94-04c1-424b-9868-57a2d4851a1d" relativeResultsDirectory="5c9f786d-a252-4915-ac33-70a6c1b60065">
      <Output>
        <StdOut>Given test folder is cleaned
-&gt; done: StudioTestFrameworkSteps.GivenTestFolderIsCleaned() (0.1s)
And I have "Workflow 1" with inputs as
  --- table step argument ---
  | Input Var Name |
  | [[a]]          |
-&gt; done: StudioTestFrameworkSteps.GivenIHaveWithInputsAs("Workflow 1", &lt;table&gt;) (0.0s)
And "Workflow 1" has outputs as
  --- table step argument ---
  | Ouput Var Name  |
  | [[outputValue]] |
-&gt; done: StudioTestFrameworkSteps.GivenHasOutputsAs("Workflow 1", &lt;table&gt;) (0.1s)
Given I have "Workflow 2" with inputs as
  --- table step argument ---
  | Input Var Name |
  | [[rec().a]]    |
  | [[rec().b]]    |
-&gt; done: StudioTestFrameworkSteps.GivenIHaveWithInputsAs("Workflow 2", &lt;table&gt;) (0.0s)
And "Workflow 2" has outputs as
  --- table step argument ---
  | Ouput Var Name |
  | [[returnVal]]  |
-&gt; done: StudioTestFrameworkSteps.GivenHasOutputsAs("Workflow 2", &lt;table&gt;) (0.1s)
Given I have "Workflow 3" with inputs as
  --- table step argument ---
  | Input Var Name |
  | [[A]]          |
  | [[B]]          |
  | [[C]]          |
-&gt; done: StudioTestFrameworkSteps.GivenIHaveWithInputsAs("Workflow 3", &lt;table&gt;) (0.0s)
And "Workflow 3" has outputs as
  --- table step argument ---
  | Ouput Var Name |
  | [[message]]    |
-&gt; done: StudioTestFrameworkSteps.GivenHasOutputsAs("Workflow 3", &lt;table&gt;) (0.2s)
Given I have "WorkflowWithTests" with inputs as
  --- table step argument ---
  | Input Var Name |
  | [[input]]      |
-&gt; done: StudioTestFrameworkSteps.GivenIHaveWithInputsAs("WorkflowWithTests", &lt;table&gt;) (0.0s)
And "WorkflowWithTests" has outputs as
  --- table step argument ---
  | Ouput Var Name  |
  | [[outputValue]] |
-&gt; done: StudioTestFrameworkSteps.GivenHasOutputsAs("WorkflowWithTests", &lt;table&gt;) (0.2s)
And "WorkflowWithTests" Tests as
  --- table step argument ---
  | TestName | AuthenticationType | Error | TestFailing | TestPending | TestInvalid | TestPassed |
  | Test1    | Windows            | false | false       | false       | false       | true       |
  | Test2    | Windows            | false | true        | false       | false       | false      |
  | Test3    | Windows            | false | false       | false       | true        | false      |
  | Test4    | Windows            | false | false       | true        | false       | false      |
-&gt; done: StudioTestFrameworkSteps.GivenTestsAs("WorkflowWithTests", &lt;table&gt;) (0.0s)
Given the test builder is open with existing service "Hello World"
-&gt; done: StudioTestFrameworkSteps.GivenTheTestBuilderIsOpenWithExistingService("Hello World") (1.2s)
And Tab Header is "Hello World - Tests"
-&gt; done: StudioTestFrameworkSteps.GivenTabHeaderIs("Hello World - Tests") (0.0s)
When I click New Test
-&gt; done: StudioTestFrameworkSteps.WhenIClickNewTest() (0.0s)
Then a new test is added
-&gt; done: StudioTestFrameworkSteps.ThenANewTestIsAdded() (0.0s)
And Tab Header is "Hello World - Tests *"
-&gt; done: StudioTestFrameworkSteps.GivenTabHeaderIs("Hello World - Tes...") (0.0s)
And test name starts with "Test 1"
-&gt; done: StudioTestFrameworkSteps.ThenTestNameStartsWith("Test 1") (0.0s)
And test is enabled
-&gt; done: StudioTestFrameworkSteps.ThenTestIsEnabled() (0.0s)
And I update inputs as
  --- table step argument ---
  | Variable Name | Value |
  | Name          | Bob   |
-&gt; done: StudioTestFrameworkSteps.WhenIUpdatedTheInputsAs(&lt;table&gt;) (0.0s)
And I update outputs as
  --- table step argument ---
  | Variable Name | Value        |
  | Message       | Hello World. |
-&gt; done: StudioTestFrameworkSteps.ThenIUpdateOutputsAs(&lt;table&gt;) (0.0s)
And I add mock steps as
  --- table step argument ---
  | Step Name                  | Output Variable | Output Value | Activity Type |
  | If [[Name]] &lt;&gt; (Not Equal) | Flow Arm        | Blank Input  | Decision      |
-&gt; done: StudioTestFrameworkSteps.ThenIAddMockStepsAs(&lt;table&gt;) (0.0s)
And I save
-&gt; done: StudioTestFrameworkSteps.WhenISave() (0.0s)
When I run the test
-&gt; done: StudioTestFrameworkSteps.WhenIRunTheTest() (0.0s)
Then test result is Passed
-&gt; done: StudioTestFrameworkSteps.ThenTestResultIsPassed() (0.0s)
Then service debug inputs as
  --- table step argument ---
  | Variable | Value |
  | [[Name]] | Bob   |
-&gt; error: Assert.IsNotNull failed. 
And the service debug outputs as
  --- table step argument ---
  | Variable    | Value        |
  | [[Message]] | Hello World. |
-&gt; skipped because of previous errors
When I delete "Test 1"
-&gt; skipped because of previous errors
Then The "DeleteConfirmation" popup is shown I click Ok
-&gt; skipped because of previous errors</StdOut>
        <ErrorInfo>
          <Message>Assert.IsNotNull failed. </Message>
          <StackTrace>   at Dev2.Activities.Specs.TestFramework.StudioTestFrameworkSteps.ThenServiceDebugInputsAs(Table table) in D:\Repos\GENDEV\Warewolf-ESB\Dev\Dev2.Activities.Specs\TestFramework\TestFrameworkSteps.cs:line 1654
   at lambda_method(Closure , IContextManager , Table )
   at TechTalk.SpecFlow.Bindings.BindingInvoker.InvokeBinding(IBinding binding, IContextManager contextManager, Object[] arguments, ITestTracer testTracer, TimeSpan&amp; duration)
   at TechTalk.SpecFlow.Infrastructure.TestExecutionEngine.ExecuteStepMatch(BindingMatch match, Object[] arguments)
   at TechTalk.SpecFlow.Infrastructure.TestExecutionEngine.ExecuteStep(StepInstance stepInstance)
   at TechTalk.SpecFlow.Infrastructure.TestExecutionEngine.OnAfterLastStep()
   at TechTalk.SpecFlow.TestRunner.CollectScenarioErrors()
   at Dev2.Activities.Specs.TestFramework.StudioTestFrameworkFeature.ScenarioCleanup()
   at Dev2.Activities.Specs.TestFramework.StudioTestFrameworkFeature.RunATestWithMockStep() in D:\Repos\GENDEV\Warewolf-ESB\Dev\Dev2.Activities.Specs\TestFramework\StudioTestFramework.feature:line 880
</StackTrace>
        </ErrorInfo>
      </Output>
    </UnitTestResult>
    <UnitTestResult executionId="2b30608c-93e7-407b-acca-5f52f4e6c379" testId="4a33ce8e-ac67-e61a-c02d-76ce1224f27d" testName="RunATestWithMockStepAssign" computerName="ASH" duration="00:00:02.4900654" startTime="2017-03-16T11:48:57.0492945+02:00" endTime="2017-03-16T11:48:59.5418193+02:00" testType="13cdc9d9-ddb5-4fa4-a97d-d965ccfc6d4b" outcome="Passed" testListId="8c84fa94-04c1-424b-9868-57a2d4851a1d" relativeResultsDirectory="2b30608c-93e7-407b-acca-5f52f4e6c379">
      <Output>
        <StdOut>Given test folder is cleaned
-&gt; done: StudioTestFrameworkSteps.GivenTestFolderIsCleaned() (0.0s)
And I have "Workflow 1" with inputs as
  --- table step argument ---
  | Input Var Name |
  | [[a]]          |
-&gt; done: StudioTestFrameworkSteps.GivenIHaveWithInputsAs("Workflow 1", &lt;table&gt;) (0.0s)
And "Workflow 1" has outputs as
  --- table step argument ---
  | Ouput Var Name  |
  | [[outputValue]] |
-&gt; done: StudioTestFrameworkSteps.GivenHasOutputsAs("Workflow 1", &lt;table&gt;) (0.1s)
Given I have "Workflow 2" with inputs as
  --- table step argument ---
  | Input Var Name |
  | [[rec().a]]    |
  | [[rec().b]]    |
-&gt; done: StudioTestFrameworkSteps.GivenIHaveWithInputsAs("Workflow 2", &lt;table&gt;) (0.0s)
And "Workflow 2" has outputs as
  --- table step argument ---
  | Ouput Var Name |
  | [[returnVal]]  |
-&gt; done: StudioTestFrameworkSteps.GivenHasOutputsAs("Workflow 2", &lt;table&gt;) (0.1s)
Given I have "Workflow 3" with inputs as
  --- table step argument ---
  | Input Var Name |
  | [[A]]          |
  | [[B]]          |
  | [[C]]          |
-&gt; done: StudioTestFrameworkSteps.GivenIHaveWithInputsAs("Workflow 3", &lt;table&gt;) (0.0s)
And "Workflow 3" has outputs as
  --- table step argument ---
  | Ouput Var Name |
  | [[message]]    |
-&gt; done: StudioTestFrameworkSteps.GivenHasOutputsAs("Workflow 3", &lt;table&gt;) (0.1s)
Given I have "WorkflowWithTests" with inputs as
  --- table step argument ---
  | Input Var Name |
  | [[input]]      |
-&gt; done: StudioTestFrameworkSteps.GivenIHaveWithInputsAs("WorkflowWithTests", &lt;table&gt;) (0.0s)
And "WorkflowWithTests" has outputs as
  --- table step argument ---
  | Ouput Var Name  |
  | [[outputValue]] |
-&gt; done: StudioTestFrameworkSteps.GivenHasOutputsAs("WorkflowWithTests", &lt;table&gt;) (0.1s)
And "WorkflowWithTests" Tests as
  --- table step argument ---
  | TestName | AuthenticationType | Error | TestFailing | TestPending | TestInvalid | TestPassed |
  | Test1    | Windows            | false | false       | false       | false       | true       |
  | Test2    | Windows            | false | true        | false       | false       | false      |
  | Test3    | Windows            | false | false       | false       | true        | false      |
  | Test4    | Windows            | false | false       | true        | false       | false      |
-&gt; done: StudioTestFrameworkSteps.GivenTestsAs("WorkflowWithTests", &lt;table&gt;) (0.1s)
Given the test builder is open with existing service "Hello World"
-&gt; done: StudioTestFrameworkSteps.GivenTheTestBuilderIsOpenWithExistingService("Hello World") (1.8s)
And Tab Header is "Hello World - Tests"
-&gt; done: StudioTestFrameworkSteps.GivenTabHeaderIs("Hello World - Tests") (0.0s)
When I click New Test
-&gt; done: StudioTestFrameworkSteps.WhenIClickNewTest() (0.0s)
Then a new test is added
-&gt; done: StudioTestFrameworkSteps.ThenANewTestIsAdded() (0.0s)
And Tab Header is "Hello World - Tests *"
-&gt; done: StudioTestFrameworkSteps.GivenTabHeaderIs("Hello World - Tes...") (0.0s)
And test name starts with "Test 1"
-&gt; done: StudioTestFrameworkSteps.ThenTestNameStartsWith("Test 1") (0.0s)
And test is enabled
-&gt; done: StudioTestFrameworkSteps.ThenTestIsEnabled() (0.0s)
And I update inputs as
  --- table step argument ---
  | Variable Name | Value |
  | Name          | Bob   |
-&gt; done: StudioTestFrameworkSteps.WhenIUpdatedTheInputsAs(&lt;table&gt;) (0.0s)
And I update outputs as
  --- table step argument ---
  | Variable Name | Value      |
  | Message       | hello mock |
-&gt; done: StudioTestFrameworkSteps.ThenIUpdateOutputsAs(&lt;table&gt;) (0.0s)
And I add mock steps as
  --- table step argument ---
  | Step Name                   | Output Variable | Output Value | Activity Type | Output From | Output To |
  | Set the output variable (1) | Message         | hello mock   | Assign        |             |           |
-&gt; done: StudioTestFrameworkSteps.ThenIAddMockStepsAs(&lt;table&gt;) (0.0s)
And I save
-&gt; done: StudioTestFrameworkSteps.WhenISave() (0.0s)
When I run the test
-&gt; done: StudioTestFrameworkSteps.WhenIRunTheTest() (0.0s)
Then test result is Passed
-&gt; done: StudioTestFrameworkSteps.ThenTestResultIsPassed() (0.0s)
Then service debug inputs as
  --- table step argument ---
  | Variable | Value |
  | [[Name]] | Bob   |
-&gt; done: StudioTestFrameworkSteps.ThenServiceDebugInputsAs(&lt;table&gt;) (0.0s)
And the service debug outputs as
  --- table step argument ---
  | Variable    | Value      |
  | [[Message]] | hello mock |
-&gt; done: StudioTestFrameworkSteps.ThenTheServiceDebugOutputsAs(&lt;table&gt;) (0.0s)
When I delete "Test 1"
-&gt; done: StudioTestFrameworkSteps.WhenIDelete("Test 1") (0.0s)
Then The "DeleteConfirmation" popup is shown I click Ok
-&gt; done: StudioTestFrameworkSteps.ThenThePopupIsShownIClickOk("DeleteConfirmation") (0.0s)</StdOut>
      </Output>
    </UnitTestResult>
    <UnitTestResult executionId="bead5154-303b-45b1-a42e-25f9bf4c73ac" testId="d5a8a751-23f1-d02d-6283-25f495a95bb3" testName="RunATestWithSingleScalarInputsAndOutputs" computerName="ASH" duration="00:00:02.5778923" startTime="2017-03-16T11:48:59.5458169+02:00" endTime="2017-03-16T11:49:02.1259491+02:00" testType="13cdc9d9-ddb5-4fa4-a97d-d965ccfc6d4b" outcome="Passed" testListId="8c84fa94-04c1-424b-9868-57a2d4851a1d" relativeResultsDirectory="bead5154-303b-45b1-a42e-25f9bf4c73ac">
      <Output>
        <StdOut>Given test folder is cleaned
-&gt; done: StudioTestFrameworkSteps.GivenTestFolderIsCleaned() (0.0s)
And I have "Workflow 1" with inputs as
  --- table step argument ---
  | Input Var Name |
  | [[a]]          |
-&gt; done: StudioTestFrameworkSteps.GivenIHaveWithInputsAs("Workflow 1", &lt;table&gt;) (0.0s)
And "Workflow 1" has outputs as
  --- table step argument ---
  | Ouput Var Name  |
  | [[outputValue]] |
-&gt; done: StudioTestFrameworkSteps.GivenHasOutputsAs("Workflow 1", &lt;table&gt;) (0.1s)
Given I have "Workflow 2" with inputs as
  --- table step argument ---
  | Input Var Name |
  | [[rec().a]]    |
  | [[rec().b]]    |
-&gt; done: StudioTestFrameworkSteps.GivenIHaveWithInputsAs("Workflow 2", &lt;table&gt;) (0.0s)
And "Workflow 2" has outputs as
  --- table step argument ---
  | Ouput Var Name |
  | [[returnVal]]  |
-&gt; done: StudioTestFrameworkSteps.GivenHasOutputsAs("Workflow 2", &lt;table&gt;) (0.2s)
Given I have "Workflow 3" with inputs as
  --- table step argument ---
  | Input Var Name |
  | [[A]]          |
  | [[B]]          |
  | [[C]]          |
-&gt; done: StudioTestFrameworkSteps.GivenIHaveWithInputsAs("Workflow 3", &lt;table&gt;) (0.0s)
And "Workflow 3" has outputs as
  --- table step argument ---
  | Ouput Var Name |
  | [[message]]    |
-&gt; done: StudioTestFrameworkSteps.GivenHasOutputsAs("Workflow 3", &lt;table&gt;) (0.2s)
Given I have "WorkflowWithTests" with inputs as
  --- table step argument ---
  | Input Var Name |
  | [[input]]      |
-&gt; done: StudioTestFrameworkSteps.GivenIHaveWithInputsAs("WorkflowWithTests", &lt;table&gt;) (0.0s)
And "WorkflowWithTests" has outputs as
  --- table step argument ---
  | Ouput Var Name  |
  | [[outputValue]] |
-&gt; done: StudioTestFrameworkSteps.GivenHasOutputsAs("WorkflowWithTests", &lt;table&gt;) (0.2s)
And "WorkflowWithTests" Tests as
  --- table step argument ---
  | TestName | AuthenticationType | Error | TestFailing | TestPending | TestInvalid | TestPassed |
  | Test1    | Windows            | false | false       | false       | false       | true       |
  | Test2    | Windows            | false | true        | false       | false       | false      |
  | Test3    | Windows            | false | false       | false       | true        | false      |
  | Test4    | Windows            | false | false       | true        | false       | false      |
-&gt; done: StudioTestFrameworkSteps.GivenTestsAs("WorkflowWithTests", &lt;table&gt;) (0.1s)
Given the test builder is open with existing service "Hello World"
-&gt; done: StudioTestFrameworkSteps.GivenTheTestBuilderIsOpenWithExistingService("Hello World") (1.6s)
And Tab Header is "Hello World - Tests"
-&gt; done: StudioTestFrameworkSteps.GivenTabHeaderIs("Hello World - Tests") (0.0s)
When I click New Test
-&gt; done: StudioTestFrameworkSteps.WhenIClickNewTest() (0.0s)
Then a new test is added
-&gt; done: StudioTestFrameworkSteps.ThenANewTestIsAdded() (0.0s)
And Tab Header is "Hello World - Tests *"
-&gt; done: StudioTestFrameworkSteps.GivenTabHeaderIs("Hello World - Tes...") (0.0s)
And test name starts with "Test 1"
-&gt; done: StudioTestFrameworkSteps.ThenTestNameStartsWith("Test 1") (0.0s)
And username is blank
-&gt; done: StudioTestFrameworkSteps.ThenUsernameIsBlank() (0.0s)
And password is blank
-&gt; done: StudioTestFrameworkSteps.ThenPasswordIsBlank() (0.0s)
And inputs are
  --- table step argument ---
  | Variable Name | Value |
  | Name          |       |
-&gt; done: StudioTestFrameworkSteps.ThenInputsAs(&lt;table&gt;) (0.0s)
And outputs as
  --- table step argument ---
  | Variable Name | Value |
  | Message       |       |
-&gt; done: StudioTestFrameworkSteps.ThenOutputsAs(&lt;table&gt;) (0.0s)
And save is enabled
-&gt; done: StudioTestFrameworkSteps.ThenSaveIsEnabled() (0.0s)
And test status is pending
-&gt; done: StudioTestFrameworkSteps.ThenTestStatusIsPending() (0.0s)
And test is enabled
-&gt; done: StudioTestFrameworkSteps.ThenTestIsEnabled() (0.0s)
And I update inputs as
  --- table step argument ---
  | Variable Name | Value |
  | Name          | Bob   |
-&gt; done: StudioTestFrameworkSteps.WhenIUpdatedTheInputsAs(&lt;table&gt;) (0.0s)
And I update outputs as
  --- table step argument ---
  | Variable Name | Value      |
  | Message       | Hello Bob. |
-&gt; done: StudioTestFrameworkSteps.ThenIUpdateOutputsAs(&lt;table&gt;) (0.0s)
And I save
-&gt; done: StudioTestFrameworkSteps.WhenISave() (0.0s)
When I run the test
-&gt; done: StudioTestFrameworkSteps.WhenIRunTheTest() (0.0s)
Then test result is Passed
-&gt; done: StudioTestFrameworkSteps.ThenTestResultIsPassed() (0.0s)
And service debug inputs as
  --- table step argument ---
  | Variable | Value |
  | [[Name]] | Bob   |
-&gt; done: StudioTestFrameworkSteps.ThenServiceDebugInputsAs(&lt;table&gt;) (0.0s)
And the service debug outputs as
  --- table step argument ---
  | Variable    | Value      |
  | [[Message]] | Hello Bob. |
-&gt; done: StudioTestFrameworkSteps.ThenTheServiceDebugOutputsAs(&lt;table&gt;) (0.0s)
When I delete "Test 1"
-&gt; done: StudioTestFrameworkSteps.WhenIDelete("Test 1") (0.0s)
Then The "DeleteConfirmation" popup is shown I click Ok
-&gt; done: StudioTestFrameworkSteps.ThenThePopupIsShownIClickOk("DeleteConfirmation") (0.0s)
And test folder is cleaned
-&gt; done: StudioTestFrameworkSteps.ThenTestFolderIsCleaned() (0.0s)</StdOut>
      </Output>
    </UnitTestResult>
    <UnitTestResult executionId="719a5b54-26af-4517-a16f-8813c4e0edb1" testId="319d8484-9df9-f8a6-5298-ebacc574a0e9" testName="RunATestWithSingleScalarInputsAndOutputsFailure" computerName="ASH" duration="00:00:02.0106125" startTime="2017-03-16T11:49:02.1314571+02:00" endTime="2017-03-16T11:49:04.1441463+02:00" testType="13cdc9d9-ddb5-4fa4-a97d-d965ccfc6d4b" outcome="Passed" testListId="8c84fa94-04c1-424b-9868-57a2d4851a1d" relativeResultsDirectory="719a5b54-26af-4517-a16f-8813c4e0edb1">
      <Output>
        <StdOut>Given test folder is cleaned
-&gt; done: StudioTestFrameworkSteps.GivenTestFolderIsCleaned() (0.0s)
And I have "Workflow 1" with inputs as
  --- table step argument ---
  | Input Var Name |
  | [[a]]          |
-&gt; done: StudioTestFrameworkSteps.GivenIHaveWithInputsAs("Workflow 1", &lt;table&gt;) (0.0s)
And "Workflow 1" has outputs as
  --- table step argument ---
  | Ouput Var Name  |
  | [[outputValue]] |
-&gt; done: StudioTestFrameworkSteps.GivenHasOutputsAs("Workflow 1", &lt;table&gt;) (0.1s)
Given I have "Workflow 2" with inputs as
  --- table step argument ---
  | Input Var Name |
  | [[rec().a]]    |
  | [[rec().b]]    |
-&gt; done: StudioTestFrameworkSteps.GivenIHaveWithInputsAs("Workflow 2", &lt;table&gt;) (0.0s)
And "Workflow 2" has outputs as
  --- table step argument ---
  | Ouput Var Name |
  | [[returnVal]]  |
-&gt; done: StudioTestFrameworkSteps.GivenHasOutputsAs("Workflow 2", &lt;table&gt;) (0.1s)
Given I have "Workflow 3" with inputs as
  --- table step argument ---
  | Input Var Name |
  | [[A]]          |
  | [[B]]          |
  | [[C]]          |
-&gt; done: StudioTestFrameworkSteps.GivenIHaveWithInputsAs("Workflow 3", &lt;table&gt;) (0.0s)
And "Workflow 3" has outputs as
  --- table step argument ---
  | Ouput Var Name |
  | [[message]]    |
-&gt; done: StudioTestFrameworkSteps.GivenHasOutputsAs("Workflow 3", &lt;table&gt;) (0.1s)
Given I have "WorkflowWithTests" with inputs as
  --- table step argument ---
  | Input Var Name |
  | [[input]]      |
-&gt; done: StudioTestFrameworkSteps.GivenIHaveWithInputsAs("WorkflowWithTests", &lt;table&gt;) (0.0s)
And "WorkflowWithTests" has outputs as
  --- table step argument ---
  | Ouput Var Name  |
  | [[outputValue]] |
-&gt; done: StudioTestFrameworkSteps.GivenHasOutputsAs("WorkflowWithTests", &lt;table&gt;) (0.2s)
And "WorkflowWithTests" Tests as
  --- table step argument ---
  | TestName | AuthenticationType | Error | TestFailing | TestPending | TestInvalid | TestPassed |
  | Test1    | Windows            | false | false       | false       | false       | true       |
  | Test2    | Windows            | false | true        | false       | false       | false      |
  | Test3    | Windows            | false | false       | false       | true        | false      |
  | Test4    | Windows            | false | false       | true        | false       | false      |
-&gt; done: StudioTestFrameworkSteps.GivenTestsAs("WorkflowWithTests", &lt;table&gt;) (0.0s)
Given the test builder is open with existing service "Hello World"
-&gt; done: StudioTestFrameworkSteps.GivenTheTestBuilderIsOpenWithExistingService("Hello World") (1.4s)
And Tab Header is "Hello World - Tests"
-&gt; done: StudioTestFrameworkSteps.GivenTabHeaderIs("Hello World - Tests") (0.0s)
When I click New Test
-&gt; done: StudioTestFrameworkSteps.WhenIClickNewTest() (0.0s)
Then a new test is added
-&gt; done: StudioTestFrameworkSteps.ThenANewTestIsAdded() (0.0s)
And Tab Header is "Hello World - Tests *"
-&gt; done: StudioTestFrameworkSteps.GivenTabHeaderIs("Hello World - Tes...") (0.0s)
And test name starts with "Test 1"
-&gt; done: StudioTestFrameworkSteps.ThenTestNameStartsWith("Test 1") (0.0s)
And username is blank
-&gt; done: StudioTestFrameworkSteps.ThenUsernameIsBlank() (0.0s)
And password is blank
-&gt; done: StudioTestFrameworkSteps.ThenPasswordIsBlank() (0.0s)
And inputs are
  --- table step argument ---
  | Variable Name | Value |
  | Name          |       |
-&gt; done: StudioTestFrameworkSteps.ThenInputsAs(&lt;table&gt;) (0.0s)
And outputs as
  --- table step argument ---
  | Variable Name | Value |
  | Message       |       |
-&gt; done: StudioTestFrameworkSteps.ThenOutputsAs(&lt;table&gt;) (0.0s)
And save is enabled
-&gt; done: StudioTestFrameworkSteps.ThenSaveIsEnabled() (0.0s)
And test status is pending
-&gt; done: StudioTestFrameworkSteps.ThenTestStatusIsPending() (0.0s)
And test is enabled
-&gt; done: StudioTestFrameworkSteps.ThenTestIsEnabled() (0.0s)
And I update inputs as
  --- table step argument ---
  | Variable Name | Value |
  | Name          | Bob   |
-&gt; done: StudioTestFrameworkSteps.WhenIUpdatedTheInputsAs(&lt;table&gt;) (0.0s)
And I update outputs as
  --- table step argument ---
  | Variable Name | Value       |
  | Message       | Hello Mary. |
-&gt; done: StudioTestFrameworkSteps.ThenIUpdateOutputsAs(&lt;table&gt;) (0.0s)
And I save
-&gt; done: StudioTestFrameworkSteps.WhenISave() (0.0s)
When I run the test
-&gt; done: StudioTestFrameworkSteps.WhenIRunTheTest() (0.0s)
Then test result is Failed
-&gt; done: StudioTestFrameworkSteps.ThenTestResultIsFailed() (0.0s)
Then service debug inputs as
  --- table step argument ---
  | Variable | Value |
  | [[Name]] | Bob   |
-&gt; done: StudioTestFrameworkSteps.ThenServiceDebugInputsAs(&lt;table&gt;) (0.0s)
And the service debug outputs as
  --- table step argument ---
  | Variable    | Value      |
  | [[Message]] | Hello Bob. |
-&gt; done: StudioTestFrameworkSteps.ThenTheServiceDebugOutputsAs(&lt;table&gt;) (0.0s)
When I delete "Test 1"
-&gt; done: StudioTestFrameworkSteps.WhenIDelete("Test 1") (0.0s)
Then The "DeleteConfirmation" popup is shown I click Ok
-&gt; done: StudioTestFrameworkSteps.ThenThePopupIsShownIClickOk("DeleteConfirmation") (0.0s)
And test folder is cleaned
-&gt; done: StudioTestFrameworkSteps.ThenTestFolderIsCleaned() (0.0s)</StdOut>
      </Output>
    </UnitTestResult>
    <UnitTestResult executionId="31c3ee65-e5d8-46a7-8627-16c8f7400817" testId="664d5865-961d-d5ad-0c4b-7b38130a055b" testName="RunATestWithSingleScalarInputsAndOutputsInvalidNoInputVariable" computerName="ASH" duration="00:00:02.4166209" startTime="2017-03-16T11:49:04.1476564+02:00" endTime="2017-03-16T11:49:06.5664730+02:00" testType="13cdc9d9-ddb5-4fa4-a97d-d965ccfc6d4b" outcome="Passed" testListId="8c84fa94-04c1-424b-9868-57a2d4851a1d" relativeResultsDirectory="31c3ee65-e5d8-46a7-8627-16c8f7400817">
      <Output>
        <StdOut>Given test folder is cleaned
-&gt; done: StudioTestFrameworkSteps.GivenTestFolderIsCleaned() (0.0s)
And I have "Workflow 1" with inputs as
  --- table step argument ---
  | Input Var Name |
  | [[a]]          |
-&gt; done: StudioTestFrameworkSteps.GivenIHaveWithInputsAs("Workflow 1", &lt;table&gt;) (0.0s)
And "Workflow 1" has outputs as
  --- table step argument ---
  | Ouput Var Name  |
  | [[outputValue]] |
-&gt; done: StudioTestFrameworkSteps.GivenHasOutputsAs("Workflow 1", &lt;table&gt;) (0.1s)
Given I have "Workflow 2" with inputs as
  --- table step argument ---
  | Input Var Name |
  | [[rec().a]]    |
  | [[rec().b]]    |
-&gt; done: StudioTestFrameworkSteps.GivenIHaveWithInputsAs("Workflow 2", &lt;table&gt;) (0.0s)
And "Workflow 2" has outputs as
  --- table step argument ---
  | Ouput Var Name |
  | [[returnVal]]  |
-&gt; done: StudioTestFrameworkSteps.GivenHasOutputsAs("Workflow 2", &lt;table&gt;) (0.1s)
Given I have "Workflow 3" with inputs as
  --- table step argument ---
  | Input Var Name |
  | [[A]]          |
  | [[B]]          |
  | [[C]]          |
-&gt; done: StudioTestFrameworkSteps.GivenIHaveWithInputsAs("Workflow 3", &lt;table&gt;) (0.0s)
And "Workflow 3" has outputs as
  --- table step argument ---
  | Ouput Var Name |
  | [[message]]    |
-&gt; done: StudioTestFrameworkSteps.GivenHasOutputsAs("Workflow 3", &lt;table&gt;) (0.1s)
Given I have "WorkflowWithTests" with inputs as
  --- table step argument ---
  | Input Var Name |
  | [[input]]      |
-&gt; done: StudioTestFrameworkSteps.GivenIHaveWithInputsAs("WorkflowWithTests", &lt;table&gt;) (0.0s)
And "WorkflowWithTests" has outputs as
  --- table step argument ---
  | Ouput Var Name  |
  | [[outputValue]] |
-&gt; done: StudioTestFrameworkSteps.GivenHasOutputsAs("WorkflowWithTests", &lt;table&gt;) (0.1s)
And "WorkflowWithTests" Tests as
  --- table step argument ---
  | TestName | AuthenticationType | Error | TestFailing | TestPending | TestInvalid | TestPassed |
  | Test1    | Windows            | false | false       | false       | false       | true       |
  | Test2    | Windows            | false | true        | false       | false       | false      |
  | Test3    | Windows            | false | false       | false       | true        | false      |
  | Test4    | Windows            | false | false       | true        | false       | false      |
-&gt; done: StudioTestFrameworkSteps.GivenTestsAs("WorkflowWithTests", &lt;table&gt;) (0.0s)
Given the test builder is open with existing service "Hello World"
-&gt; done: StudioTestFrameworkSteps.GivenTheTestBuilderIsOpenWithExistingService("Hello World") (1.7s)
And Tab Header is "Hello World - Tests"
-&gt; done: StudioTestFrameworkSteps.GivenTabHeaderIs("Hello World - Tests") (0.0s)
When I click New Test
-&gt; done: StudioTestFrameworkSteps.WhenIClickNewTest() (0.0s)
Then a new test is added
-&gt; done: StudioTestFrameworkSteps.ThenANewTestIsAdded() (0.0s)
And Tab Header is "Hello World - Tests *"
-&gt; done: StudioTestFrameworkSteps.GivenTabHeaderIs("Hello World - Tes...") (0.0s)
And test name starts with "Test 1"
-&gt; done: StudioTestFrameworkSteps.ThenTestNameStartsWith("Test 1") (0.0s)
And username is blank
-&gt; done: StudioTestFrameworkSteps.ThenUsernameIsBlank() (0.0s)
And password is blank
-&gt; done: StudioTestFrameworkSteps.ThenPasswordIsBlank() (0.0s)
And inputs are
  --- table step argument ---
  | Variable Name | Value |
  | Name          |       |
-&gt; done: StudioTestFrameworkSteps.ThenInputsAs(&lt;table&gt;) (0.0s)
And outputs as
  --- table step argument ---
  | Variable Name | Value |
  | Message       |       |
-&gt; done: StudioTestFrameworkSteps.ThenOutputsAs(&lt;table&gt;) (0.0s)
And save is enabled
-&gt; done: StudioTestFrameworkSteps.ThenSaveIsEnabled() (0.0s)
And test status is pending
-&gt; done: StudioTestFrameworkSteps.ThenTestStatusIsPending() (0.0s)
And test is enabled
-&gt; done: StudioTestFrameworkSteps.ThenTestIsEnabled() (0.0s)
And I update inputs as
  --- table step argument ---
  | Variable Name | Value |
  |               |       |
-&gt; done: StudioTestFrameworkSteps.WhenIUpdatedTheInputsAs(&lt;table&gt;) (0.0s)
And I update outputs as
  --- table step argument ---
  | Variable Name | Value       |
  | Message       | Hello Mary. |
-&gt; done: StudioTestFrameworkSteps.ThenIUpdateOutputsAs(&lt;table&gt;) (0.0s)
And I save
-&gt; done: StudioTestFrameworkSteps.WhenISave() (0.0s)
When I run the test
-&gt; done: StudioTestFrameworkSteps.WhenIRunTheTest() (0.0s)
Then test result is Failed
-&gt; done: StudioTestFrameworkSteps.ThenTestResultIsFailed() (0.0s)
When I delete "Test 1"
-&gt; done: StudioTestFrameworkSteps.WhenIDelete("Test 1") (0.0s)
Then The "DeleteConfirmation" popup is shown I click Ok
-&gt; done: StudioTestFrameworkSteps.ThenThePopupIsShownIClickOk("DeleteConfirmation") (0.0s)
And test folder is cleaned
-&gt; done: StudioTestFrameworkSteps.ThenTestFolderIsCleaned() (0.0s)</StdOut>
      </Output>
    </UnitTestResult>
    <UnitTestResult executionId="3bffa49c-c6dc-4b31-a42f-9b1a42e349cd" testId="cbc9dadf-f658-0a1a-34c8-b7b012cb0cc9" testName="RunATestWithSingleScalarInputsAndOutputsInvalidNoVariable" computerName="ASH" duration="00:00:02.1172631" startTime="2017-03-16T11:49:06.5714739+02:00" endTime="2017-03-16T11:49:08.6904017+02:00" testType="13cdc9d9-ddb5-4fa4-a97d-d965ccfc6d4b" outcome="Passed" testListId="8c84fa94-04c1-424b-9868-57a2d4851a1d" relativeResultsDirectory="3bffa49c-c6dc-4b31-a42f-9b1a42e349cd">
      <Output>
        <StdOut>Given test folder is cleaned
-&gt; done: StudioTestFrameworkSteps.GivenTestFolderIsCleaned() (0.0s)
And I have "Workflow 1" with inputs as
  --- table step argument ---
  | Input Var Name |
  | [[a]]          |
-&gt; done: StudioTestFrameworkSteps.GivenIHaveWithInputsAs("Workflow 1", &lt;table&gt;) (0.0s)
And "Workflow 1" has outputs as
  --- table step argument ---
  | Ouput Var Name  |
  | [[outputValue]] |
-&gt; done: StudioTestFrameworkSteps.GivenHasOutputsAs("Workflow 1", &lt;table&gt;) (0.1s)
Given I have "Workflow 2" with inputs as
  --- table step argument ---
  | Input Var Name |
  | [[rec().a]]    |
  | [[rec().b]]    |
-&gt; done: StudioTestFrameworkSteps.GivenIHaveWithInputsAs("Workflow 2", &lt;table&gt;) (0.0s)
And "Workflow 2" has outputs as
  --- table step argument ---
  | Ouput Var Name |
  | [[returnVal]]  |
-&gt; done: StudioTestFrameworkSteps.GivenHasOutputsAs("Workflow 2", &lt;table&gt;) (0.1s)
Given I have "Workflow 3" with inputs as
  --- table step argument ---
  | Input Var Name |
  | [[A]]          |
  | [[B]]          |
  | [[C]]          |
-&gt; done: StudioTestFrameworkSteps.GivenIHaveWithInputsAs("Workflow 3", &lt;table&gt;) (0.0s)
And "Workflow 3" has outputs as
  --- table step argument ---
  | Ouput Var Name |
  | [[message]]    |
-&gt; done: StudioTestFrameworkSteps.GivenHasOutputsAs("Workflow 3", &lt;table&gt;) (0.1s)
Given I have "WorkflowWithTests" with inputs as
  --- table step argument ---
  | Input Var Name |
  | [[input]]      |
-&gt; done: StudioTestFrameworkSteps.GivenIHaveWithInputsAs("WorkflowWithTests", &lt;table&gt;) (0.0s)
And "WorkflowWithTests" has outputs as
  --- table step argument ---
  | Ouput Var Name  |
  | [[outputValue]] |
-&gt; done: StudioTestFrameworkSteps.GivenHasOutputsAs("WorkflowWithTests", &lt;table&gt;) (0.2s)
And "WorkflowWithTests" Tests as
  --- table step argument ---
  | TestName | AuthenticationType | Error | TestFailing | TestPending | TestInvalid | TestPassed |
  | Test1    | Windows            | false | false       | false       | false       | true       |
  | Test2    | Windows            | false | true        | false       | false       | false      |
  | Test3    | Windows            | false | false       | false       | true        | false      |
  | Test4    | Windows            | false | false       | true        | false       | false      |
-&gt; done: StudioTestFrameworkSteps.GivenTestsAs("WorkflowWithTests", &lt;table&gt;) (0.0s)
Given the test builder is open with existing service "Hello World"
-&gt; done: StudioTestFrameworkSteps.GivenTheTestBuilderIsOpenWithExistingService("Hello World") (1.4s)
And Tab Header is "Hello World - Tests"
-&gt; done: StudioTestFrameworkSteps.GivenTabHeaderIs("Hello World - Tests") (0.0s)
When I click New Test
-&gt; done: StudioTestFrameworkSteps.WhenIClickNewTest() (0.0s)
Then a new test is added
-&gt; done: StudioTestFrameworkSteps.ThenANewTestIsAdded() (0.0s)
And Tab Header is "Hello World - Tests *"
-&gt; done: StudioTestFrameworkSteps.GivenTabHeaderIs("Hello World - Tes...") (0.0s)
And test name starts with "Test 1"
-&gt; done: StudioTestFrameworkSteps.ThenTestNameStartsWith("Test 1") (0.0s)
And username is blank
-&gt; done: StudioTestFrameworkSteps.ThenUsernameIsBlank() (0.0s)
And password is blank
-&gt; done: StudioTestFrameworkSteps.ThenPasswordIsBlank() (0.0s)
And inputs are
  --- table step argument ---
  | Variable Name | Value |
  | Name          |       |
-&gt; done: StudioTestFrameworkSteps.ThenInputsAs(&lt;table&gt;) (0.0s)
And outputs as
  --- table step argument ---
  | Variable Name | Value |
  | Message       |       |
-&gt; done: StudioTestFrameworkSteps.ThenOutputsAs(&lt;table&gt;) (0.0s)
And save is enabled
-&gt; done: StudioTestFrameworkSteps.ThenSaveIsEnabled() (0.0s)
And test status is pending
-&gt; done: StudioTestFrameworkSteps.ThenTestStatusIsPending() (0.0s)
And test is enabled
-&gt; done: StudioTestFrameworkSteps.ThenTestIsEnabled() (0.0s)
And I update inputs as
  --- table step argument ---
  | Variable Name | Value |
  | Name          | Bob   |
-&gt; done: StudioTestFrameworkSteps.WhenIUpdatedTheInputsAs(&lt;table&gt;) (0.0s)
And I update outputs as
  --- table step argument ---
  | Variable Name | Value       |
  |               | Hello Mary. |
-&gt; done: StudioTestFrameworkSteps.ThenIUpdateOutputsAs(&lt;table&gt;) (0.0s)
And I save
-&gt; done: StudioTestFrameworkSteps.WhenISave() (0.0s)
When I run the test
-&gt; done: StudioTestFrameworkSteps.WhenIRunTheTest() (0.0s)
Then test result is Failed
-&gt; done: StudioTestFrameworkSteps.ThenTestResultIsFailed() (0.0s)
When I delete "Test 1"
-&gt; done: StudioTestFrameworkSteps.WhenIDelete("Test 1") (0.0s)
Then The "DeleteConfirmation" popup is shown I click Ok
-&gt; done: StudioTestFrameworkSteps.ThenThePopupIsShownIClickOk("DeleteConfirmation") (0.0s)
And test folder is cleaned
-&gt; done: StudioTestFrameworkSteps.ThenTestFolderIsCleaned() (0.0s)</StdOut>
      </Output>
    </UnitTestResult>
    <UnitTestResult executionId="856d0bf9-b63b-4def-ba3d-f260b19e7fdf" testId="15acd136-5e33-3d3a-8966-f2f31167417f" testName="RunSelectedTestFailsWhenWorkflowDeleted" computerName="ASH" duration="00:00:01.0992312" startTime="2017-03-16T11:49:08.6944017+02:00" endTime="2017-03-16T11:49:09.7964407+02:00" testType="13cdc9d9-ddb5-4fa4-a97d-d965ccfc6d4b" outcome="Passed" testListId="8c84fa94-04c1-424b-9868-57a2d4851a1d" relativeResultsDirectory="856d0bf9-b63b-4def-ba3d-f260b19e7fdf">
      <Output>
        <StdOut>Given test folder is cleaned
-&gt; done: StudioTestFrameworkSteps.GivenTestFolderIsCleaned() (0.0s)
And I have "Workflow 1" with inputs as
  --- table step argument ---
  | Input Var Name |
  | [[a]]          |
-&gt; done: StudioTestFrameworkSteps.GivenIHaveWithInputsAs("Workflow 1", &lt;table&gt;) (0.0s)
And "Workflow 1" has outputs as
  --- table step argument ---
  | Ouput Var Name  |
  | [[outputValue]] |
-&gt; done: StudioTestFrameworkSteps.GivenHasOutputsAs("Workflow 1", &lt;table&gt;) (0.1s)
Given I have "Workflow 2" with inputs as
  --- table step argument ---
  | Input Var Name |
  | [[rec().a]]    |
  | [[rec().b]]    |
-&gt; done: StudioTestFrameworkSteps.GivenIHaveWithInputsAs("Workflow 2", &lt;table&gt;) (0.0s)
And "Workflow 2" has outputs as
  --- table step argument ---
  | Ouput Var Name |
  | [[returnVal]]  |
-&gt; done: StudioTestFrameworkSteps.GivenHasOutputsAs("Workflow 2", &lt;table&gt;) (0.1s)
Given I have "Workflow 3" with inputs as
  --- table step argument ---
  | Input Var Name |
  | [[A]]          |
  | [[B]]          |
  | [[C]]          |
-&gt; done: StudioTestFrameworkSteps.GivenIHaveWithInputsAs("Workflow 3", &lt;table&gt;) (0.0s)
And "Workflow 3" has outputs as
  --- table step argument ---
  | Ouput Var Name |
  | [[message]]    |
-&gt; done: StudioTestFrameworkSteps.GivenHasOutputsAs("Workflow 3", &lt;table&gt;) (0.1s)
Given I have "WorkflowWithTests" with inputs as
  --- table step argument ---
  | Input Var Name |
  | [[input]]      |
-&gt; done: StudioTestFrameworkSteps.GivenIHaveWithInputsAs("WorkflowWithTests", &lt;table&gt;) (0.0s)
And "WorkflowWithTests" has outputs as
  --- table step argument ---
  | Ouput Var Name  |
  | [[outputValue]] |
-&gt; done: StudioTestFrameworkSteps.GivenHasOutputsAs("WorkflowWithTests", &lt;table&gt;) (0.2s)
And "WorkflowWithTests" Tests as
  --- table step argument ---
  | TestName | AuthenticationType | Error | TestFailing | TestPending | TestInvalid | TestPassed |
  | Test1    | Windows            | false | false       | false       | false       | true       |
  | Test2    | Windows            | false | true        | false       | false       | false      |
  | Test3    | Windows            | false | false       | false       | true        | false      |
  | Test4    | Windows            | false | false       | true        | false       | false      |
-&gt; done: StudioTestFrameworkSteps.GivenTestsAs("WorkflowWithTests", &lt;table&gt;) (0.1s)
Given the test builder is open with "Workflow 1"
-&gt; done: StudioTestFrameworkSteps.GivenTheTestBuilderIsOpenWith("Workflow 1") (0.1s)
And Tab Header is "Workflow 1 - Tests"
-&gt; done: StudioTestFrameworkSteps.GivenTabHeaderIs("Workflow 1 - Tests") (0.0s)
And there are no tests
-&gt; done: StudioTestFrameworkSteps.GivenThereAreNoTests() (0.0s)
And I click New Test
-&gt; done: StudioTestFrameworkSteps.WhenIClickNewTest() (0.0s)
Then a new test is added
-&gt; done: StudioTestFrameworkSteps.ThenANewTestIsAdded() (0.0s)
And Tab Header is "Workflow 1 - Tests *"
-&gt; done: StudioTestFrameworkSteps.GivenTabHeaderIs("Workflow 1 - Tests *") (0.0s)
And test name starts with "Test 1"
-&gt; done: StudioTestFrameworkSteps.ThenTestNameStartsWith("Test 1") (0.0s)
And inputs are
  --- table step argument ---
  | Variable Name | Value |
  | a             |       |
-&gt; done: StudioTestFrameworkSteps.ThenInputsAs(&lt;table&gt;) (0.0s)
And outputs as
  --- table step argument ---
  | Variable Name | Value |
  | outputValue   |       |
-&gt; done: StudioTestFrameworkSteps.ThenOutputsAs(&lt;table&gt;) (0.0s)
And save is enabled
-&gt; done: StudioTestFrameworkSteps.ThenSaveIsEnabled() (0.0s)
When I save
-&gt; done: StudioTestFrameworkSteps.WhenISave() (0.1s)
Then Tab Header is "Workflow 1 - Tests"
-&gt; done: StudioTestFrameworkSteps.GivenTabHeaderIs("Workflow 1 - Tests") (0.0s)
And I close the test builder
-&gt; done: StudioTestFrameworkSteps.ThenICloseTheTestBuilder() (0.0s)
When the test builder is open with "Workflow 1"
-&gt; done: StudioTestFrameworkSteps.GivenTheTestBuilderIsOpenWith("Workflow 1") (0.1s)
Then there are 1 tests
-&gt; done: StudioTestFrameworkSteps.ThenThereAreTests(1) (0.0s)
And "Dummy Test" is selected
-&gt; done: StudioTestFrameworkSteps.ThenIsSelected("Dummy Test") (0.0s)
And I select "Test 1"
-&gt; done: StudioTestFrameworkSteps.GivenISelect("Test 1") (0.0s)
And "Test 1" is selected
-&gt; done: StudioTestFrameworkSteps.ThenIsSelected("Test 1") (0.0s)
And test name starts with "Test 1"
-&gt; done: StudioTestFrameworkSteps.ThenTestNameStartsWith("Test 1") (0.0s)
And inputs are
  --- table step argument ---
  | Variable Name | Value |
  | a             |       |
-&gt; done: StudioTestFrameworkSteps.ThenInputsAs(&lt;table&gt;) (0.0s)
And outputs as
  --- table step argument ---
  | Variable Name | Value |
  | outputValue   |       |
-&gt; done: StudioTestFrameworkSteps.ThenOutputsAs(&lt;table&gt;) (0.0s)
And save is disabled
-&gt; done: StudioTestFrameworkSteps.ThenSaveIsDisabled() (0.0s)
When "Workflow 1" is deleted
-&gt; done: StudioTestFrameworkSteps.WhenIsDeleted("Workflow 1") (0.0s)
And I run selected test
-&gt; done: StudioTestFrameworkSteps.WhenIRunSelectedTest() (0.0s)
Then The "Workflow Deleted" popup is shown I click Ok
-&gt; done: StudioTestFrameworkSteps.ThenThePopupIsShownIClickOk("Workflow Deleted") (0.0s)
And the tab is closed
-&gt; done: StudioTestFrameworkSteps.ThenTheTabIsClosed() (0.0s)</StdOut>
      </Output>
    </UnitTestResult>
    <UnitTestResult executionId="803dbfbe-8d8c-4425-b8d6-9d05fcd11a29" testId="85c9ccd7-01a0-c8a9-7f19-2a771ac68924" testName="RunSelectedTestInWeb" computerName="ASH" duration="00:00:01.0779527" startTime="2017-03-16T11:49:09.8114402+02:00" endTime="2017-03-16T11:49:10.8928259+02:00" testType="13cdc9d9-ddb5-4fa4-a97d-d965ccfc6d4b" outcome="Passed" testListId="8c84fa94-04c1-424b-9868-57a2d4851a1d" relativeResultsDirectory="803dbfbe-8d8c-4425-b8d6-9d05fcd11a29">
      <Output>
        <StdOut>Given test folder is cleaned
-&gt; done: StudioTestFrameworkSteps.GivenTestFolderIsCleaned() (0.1s)
And I have "Workflow 1" with inputs as
  --- table step argument ---
  | Input Var Name |
  | [[a]]          |
-&gt; done: StudioTestFrameworkSteps.GivenIHaveWithInputsAs("Workflow 1", &lt;table&gt;) (0.0s)
And "Workflow 1" has outputs as
  --- table step argument ---
  | Ouput Var Name  |
  | [[outputValue]] |
-&gt; done: StudioTestFrameworkSteps.GivenHasOutputsAs("Workflow 1", &lt;table&gt;) (0.1s)
Given I have "Workflow 2" with inputs as
  --- table step argument ---
  | Input Var Name |
  | [[rec().a]]    |
  | [[rec().b]]    |
-&gt; done: StudioTestFrameworkSteps.GivenIHaveWithInputsAs("Workflow 2", &lt;table&gt;) (0.0s)
And "Workflow 2" has outputs as
  --- table step argument ---
  | Ouput Var Name |
  | [[returnVal]]  |
-&gt; done: StudioTestFrameworkSteps.GivenHasOutputsAs("Workflow 2", &lt;table&gt;) (0.1s)
Given I have "Workflow 3" with inputs as
  --- table step argument ---
  | Input Var Name |
  | [[A]]          |
  | [[B]]          |
  | [[C]]          |
-&gt; done: StudioTestFrameworkSteps.GivenIHaveWithInputsAs("Workflow 3", &lt;table&gt;) (0.0s)
And "Workflow 3" has outputs as
  --- table step argument ---
  | Ouput Var Name |
  | [[message]]    |
-&gt; done: StudioTestFrameworkSteps.GivenHasOutputsAs("Workflow 3", &lt;table&gt;) (0.2s)
Given I have "WorkflowWithTests" with inputs as
  --- table step argument ---
  | Input Var Name |
  | [[input]]      |
-&gt; done: StudioTestFrameworkSteps.GivenIHaveWithInputsAs("WorkflowWithTests", &lt;table&gt;) (0.0s)
And "WorkflowWithTests" has outputs as
  --- table step argument ---
  | Ouput Var Name  |
  | [[outputValue]] |
-&gt; done: StudioTestFrameworkSteps.GivenHasOutputsAs("WorkflowWithTests", &lt;table&gt;) (0.2s)
And "WorkflowWithTests" Tests as
  --- table step argument ---
  | TestName | AuthenticationType | Error | TestFailing | TestPending | TestInvalid | TestPassed |
  | Test1    | Windows            | false | false       | false       | false       | true       |
  | Test2    | Windows            | false | true        | false       | false       | false      |
  | Test3    | Windows            | false | false       | false       | true        | false      |
  | Test4    | Windows            | false | false       | true        | false       | false      |
-&gt; done: StudioTestFrameworkSteps.GivenTestsAs("WorkflowWithTests", &lt;table&gt;) (0.1s)
Given the test builder is open with "Hello World"
-&gt; done: StudioTestFrameworkSteps.GivenTheTestBuilderIsOpenWith("Hello World") (0.1s)
And Tab Header is "Hello World - Tests"
-&gt; done: StudioTestFrameworkSteps.GivenTabHeaderIs("Hello World - Tests") (0.0s)
And there are no tests
-&gt; done: StudioTestFrameworkSteps.GivenThereAreNoTests() (0.0s)
And I click New Test
-&gt; done: StudioTestFrameworkSteps.WhenIClickNewTest() (0.0s)
Then a new test is added
-&gt; done: StudioTestFrameworkSteps.ThenANewTestIsAdded() (0.0s)
And Tab Header is "Hello World - Tests *"
-&gt; done: StudioTestFrameworkSteps.GivenTabHeaderIs("Hello World - Tes...") (0.0s)
And test name starts with "Test 1"
-&gt; done: StudioTestFrameworkSteps.ThenTestNameStartsWith("Test 1") (0.0s)
And inputs are
  --- table step argument ---
  | Variable Name | Value |
  | Name          |       |
-&gt; done: StudioTestFrameworkSteps.ThenInputsAs(&lt;table&gt;) (0.0s)
And outputs as
  --- table step argument ---
  | Variable Name | Value |
  | Message       |       |
-&gt; done: StudioTestFrameworkSteps.ThenOutputsAs(&lt;table&gt;) (0.0s)
And save is enabled
-&gt; done: StudioTestFrameworkSteps.ThenSaveIsEnabled() (0.0s)
When I save
-&gt; done: StudioTestFrameworkSteps.WhenISave() (0.0s)
When I run selected test in Web
-&gt; done: StudioTestFrameworkSteps.WhenIRunSelectedTestInWeb() (0.0s)
Then The WebResponse as
  --- table step argument ---
  | Test Name | Result | Message                                                                                                                         |
  | Test 1    | Failed | Failed Output For Variable: MessageMessage: Failed: Assert Equal. Expected Equal To '' for '[[Message]]' but got 'Hello World.' |
-&gt; done: StudioTestFrameworkSteps.ThenTheWebResponseAs(&lt;table&gt;) (0.0s)
When I delete "Test 1"
-&gt; done: StudioTestFrameworkSteps.WhenIDelete("Test 1") (0.0s)
Then The "DeleteConfirmation" popup is shown I click Ok
-&gt; done: StudioTestFrameworkSteps.ThenThePopupIsShownIClickOk("DeleteConfirmation") (0.0s)</StdOut>
      </Output>
    </UnitTestResult>
    <UnitTestResult executionId="e37ff4fc-58b9-4ad3-8d5e-a17c4bfe51cb" testId="c1c795b1-dad5-a168-dca7-b625ff7c1f7a" testName="RunSelectedTestInWebWithInputVariableValue" computerName="ASH" duration="00:00:01.1672485" startTime="2017-03-16T11:49:10.8985262+02:00" endTime="2017-03-16T11:49:12.0701395+02:00" testType="13cdc9d9-ddb5-4fa4-a97d-d965ccfc6d4b" outcome="Passed" testListId="8c84fa94-04c1-424b-9868-57a2d4851a1d" relativeResultsDirectory="e37ff4fc-58b9-4ad3-8d5e-a17c4bfe51cb">
      <Output>
        <StdOut>Given test folder is cleaned
-&gt; done: StudioTestFrameworkSteps.GivenTestFolderIsCleaned() (0.1s)
And I have "Workflow 1" with inputs as
  --- table step argument ---
  | Input Var Name |
  | [[a]]          |
-&gt; done: StudioTestFrameworkSteps.GivenIHaveWithInputsAs("Workflow 1", &lt;table&gt;) (0.0s)
And "Workflow 1" has outputs as
  --- table step argument ---
  | Ouput Var Name  |
  | [[outputValue]] |
-&gt; done: StudioTestFrameworkSteps.GivenHasOutputsAs("Workflow 1", &lt;table&gt;) (0.3s)
Given I have "Workflow 2" with inputs as
  --- table step argument ---
  | Input Var Name |
  | [[rec().a]]    |
  | [[rec().b]]    |
-&gt; done: StudioTestFrameworkSteps.GivenIHaveWithInputsAs("Workflow 2", &lt;table&gt;) (0.0s)
And "Workflow 2" has outputs as
  --- table step argument ---
  | Ouput Var Name |
  | [[returnVal]]  |
-&gt; done: StudioTestFrameworkSteps.GivenHasOutputsAs("Workflow 2", &lt;table&gt;) (0.2s)
Given I have "Workflow 3" with inputs as
  --- table step argument ---
  | Input Var Name |
  | [[A]]          |
  | [[B]]          |
  | [[C]]          |
-&gt; done: StudioTestFrameworkSteps.GivenIHaveWithInputsAs("Workflow 3", &lt;table&gt;) (0.0s)
And "Workflow 3" has outputs as
  --- table step argument ---
  | Ouput Var Name |
  | [[message]]    |
-&gt; done: StudioTestFrameworkSteps.GivenHasOutputsAs("Workflow 3", &lt;table&gt;) (0.2s)
Given I have "WorkflowWithTests" with inputs as
  --- table step argument ---
  | Input Var Name |
  | [[input]]      |
-&gt; done: StudioTestFrameworkSteps.GivenIHaveWithInputsAs("WorkflowWithTests", &lt;table&gt;) (0.0s)
And "WorkflowWithTests" has outputs as
  --- table step argument ---
  | Ouput Var Name  |
  | [[outputValue]] |
-&gt; done: StudioTestFrameworkSteps.GivenHasOutputsAs("WorkflowWithTests", &lt;table&gt;) (0.2s)
And "WorkflowWithTests" Tests as
  --- table step argument ---
  | TestName | AuthenticationType | Error | TestFailing | TestPending | TestInvalid | TestPassed |
  | Test1    | Windows            | false | false       | false       | false       | true       |
  | Test2    | Windows            | false | true        | false       | false       | false      |
  | Test3    | Windows            | false | false       | false       | true        | false      |
  | Test4    | Windows            | false | false       | true        | false       | false      |
-&gt; done: StudioTestFrameworkSteps.GivenTestsAs("WorkflowWithTests", &lt;table&gt;) (0.1s)
Given the test builder is open with "Hello World"
-&gt; done: StudioTestFrameworkSteps.GivenTheTestBuilderIsOpenWith("Hello World") (0.1s)
And Tab Header is "Hello World - Tests"
-&gt; done: StudioTestFrameworkSteps.GivenTabHeaderIs("Hello World - Tests") (0.0s)
And there are no tests
-&gt; done: StudioTestFrameworkSteps.GivenThereAreNoTests() (0.0s)
And I click New Test
-&gt; done: StudioTestFrameworkSteps.WhenIClickNewTest() (0.0s)
Then a new test is added
-&gt; done: StudioTestFrameworkSteps.ThenANewTestIsAdded() (0.0s)
And Tab Header is "Hello World - Tests *"
-&gt; done: StudioTestFrameworkSteps.GivenTabHeaderIs("Hello World - Tes...") (0.0s)
And test name starts with "Test 1"
-&gt; done: StudioTestFrameworkSteps.ThenTestNameStartsWith("Test 1") (0.0s)
And I update inputs as
  --- table step argument ---
  | Variable Name | Value |
  | Name          | Bob   |
-&gt; done: StudioTestFrameworkSteps.WhenIUpdatedTheInputsAs(&lt;table&gt;) (0.0s)
And I update outputs as
  --- table step argument ---
  | Variable Name | Value      |
  | Message       | Hello Bob. |
-&gt; done: StudioTestFrameworkSteps.ThenIUpdateOutputsAs(&lt;table&gt;) (0.0s)
And save is enabled
-&gt; done: StudioTestFrameworkSteps.ThenSaveIsEnabled() (0.0s)
When I save
-&gt; done: StudioTestFrameworkSteps.WhenISave() (0.0s)
When I run selected test in Web
-&gt; done: StudioTestFrameworkSteps.WhenIRunSelectedTestInWeb() (0.0s)
Then The WebResponse as
  --- table step argument ---
  | Test Name | Result | Message |
  | Test 1    | Passed |         |
-&gt; done: StudioTestFrameworkSteps.ThenTheWebResponseAs(&lt;table&gt;) (0.0s)
When I delete "Test 1"
-&gt; done: StudioTestFrameworkSteps.WhenIDelete("Test 1") (0.0s)
Then The "DeleteConfirmation" popup is shown I click Ok
-&gt; done: StudioTestFrameworkSteps.ThenThePopupIsShownIClickOk("DeleteConfirmation") (0.0s)</StdOut>
      </Output>
    </UnitTestResult>
    <UnitTestResult executionId="9ca41272-6bb4-44f5-b027-da089d579556" testId="caa4fe54-cb0b-be2f-5331-16096c98e7b2" testName="RunSelectedTestPassedWithAllTeststepsFails" computerName="ASH" duration="00:00:01.2850595" startTime="2017-03-16T11:49:12.0751102+02:00" endTime="2017-03-16T11:49:13.3631142+02:00" testType="13cdc9d9-ddb5-4fa4-a97d-d965ccfc6d4b" outcome="Passed" testListId="8c84fa94-04c1-424b-9868-57a2d4851a1d" relativeResultsDirectory="9ca41272-6bb4-44f5-b027-da089d579556">
      <Output>
        <StdOut>Given test folder is cleaned
-&gt; done: StudioTestFrameworkSteps.GivenTestFolderIsCleaned() (0.0s)
And I have "Workflow 1" with inputs as
  --- table step argument ---
  | Input Var Name |
  | [[a]]          |
-&gt; done: StudioTestFrameworkSteps.GivenIHaveWithInputsAs("Workflow 1", &lt;table&gt;) (0.0s)
And "Workflow 1" has outputs as
  --- table step argument ---
  | Ouput Var Name  |
  | [[outputValue]] |
-&gt; done: StudioTestFrameworkSteps.GivenHasOutputsAs("Workflow 1", &lt;table&gt;) (0.2s)
Given I have "Workflow 2" with inputs as
  --- table step argument ---
  | Input Var Name |
  | [[rec().a]]    |
  | [[rec().b]]    |
-&gt; done: StudioTestFrameworkSteps.GivenIHaveWithInputsAs("Workflow 2", &lt;table&gt;) (0.0s)
And "Workflow 2" has outputs as
  --- table step argument ---
  | Ouput Var Name |
  | [[returnVal]]  |
-&gt; done: StudioTestFrameworkSteps.GivenHasOutputsAs("Workflow 2", &lt;table&gt;) (0.2s)
Given I have "Workflow 3" with inputs as
  --- table step argument ---
  | Input Var Name |
  | [[A]]          |
  | [[B]]          |
  | [[C]]          |
-&gt; done: StudioTestFrameworkSteps.GivenIHaveWithInputsAs("Workflow 3", &lt;table&gt;) (0.0s)
And "Workflow 3" has outputs as
  --- table step argument ---
  | Ouput Var Name |
  | [[message]]    |
-&gt; done: StudioTestFrameworkSteps.GivenHasOutputsAs("Workflow 3", &lt;table&gt;) (0.2s)
Given I have "WorkflowWithTests" with inputs as
  --- table step argument ---
  | Input Var Name |
  | [[input]]      |
-&gt; done: StudioTestFrameworkSteps.GivenIHaveWithInputsAs("WorkflowWithTests", &lt;table&gt;) (0.0s)
And "WorkflowWithTests" has outputs as
  --- table step argument ---
  | Ouput Var Name  |
  | [[outputValue]] |
-&gt; done: StudioTestFrameworkSteps.GivenHasOutputsAs("WorkflowWithTests", &lt;table&gt;) (0.3s)
And "WorkflowWithTests" Tests as
  --- table step argument ---
  | TestName | AuthenticationType | Error | TestFailing | TestPending | TestInvalid | TestPassed |
  | Test1    | Windows            | false | false       | false       | false       | true       |
  | Test2    | Windows            | false | true        | false       | false       | false      |
  | Test3    | Windows            | false | false       | false       | true        | false      |
  | Test4    | Windows            | false | false       | true        | false       | false      |
-&gt; done: StudioTestFrameworkSteps.GivenTestsAs("WorkflowWithTests", &lt;table&gt;) (0.1s)
Given the test builder is open with "Hello World"
-&gt; done: StudioTestFrameworkSteps.GivenTheTestBuilderIsOpenWith("Hello World") (0.1s)
And Tab Header is "Hello World - Tests"
-&gt; done: StudioTestFrameworkSteps.GivenTabHeaderIs("Hello World - Tests") (0.0s)
And there are no tests
-&gt; done: StudioTestFrameworkSteps.GivenThereAreNoTests() (0.0s)
And I click New Test
-&gt; done: StudioTestFrameworkSteps.WhenIClickNewTest() (0.0s)
Then a new test is added
-&gt; done: StudioTestFrameworkSteps.ThenANewTestIsAdded() (0.0s)
And Tab Header is "Hello World - Tests *"
-&gt; done: StudioTestFrameworkSteps.GivenTabHeaderIs("Hello World - Tes...") (0.0s)
And test name starts with "Test 1"
-&gt; done: StudioTestFrameworkSteps.ThenTestNameStartsWith("Test 1") (0.0s)
And inputs are
  --- table step argument ---
  | Variable Name | Value |
  | Name          |       |
-&gt; done: StudioTestFrameworkSteps.ThenInputsAs(&lt;table&gt;) (0.0s)
And outputs as
  --- table step argument ---
  | Variable Name | Value |
  | Message       |       |
-&gt; done: StudioTestFrameworkSteps.ThenOutputsAs(&lt;table&gt;) (0.0s)
And I Add all TestSteps
-&gt; done: StudioTestFrameworkSteps.ThenIAddAllTestSteps() (0.0s)
And save is enabled
-&gt; done: StudioTestFrameworkSteps.ThenSaveIsEnabled() (0.0s)
When I save
-&gt; done: StudioTestFrameworkSteps.WhenISave() (0.0s)
And I run the test
-&gt; done: StudioTestFrameworkSteps.WhenIRunTheTest() (0.1s)
Then test result is Failed
-&gt; done: StudioTestFrameworkSteps.ThenTestResultIsFailed() (0.0s)</StdOut>
      </Output>
    </UnitTestResult>
    <UnitTestResult executionId="811b9d56-765e-4495-a166-3630a6b8a3d3" testId="ffec8354-71d8-7291-e86f-c7cc4c4e5d97" testName="RunSelectedTestPassedWithAssignTeststepPasses" computerName="ASH" duration="00:00:01.1216386" startTime="2017-03-16T11:49:13.3671146+02:00" endTime="2017-03-16T11:49:14.4912057+02:00" testType="13cdc9d9-ddb5-4fa4-a97d-d965ccfc6d4b" outcome="Passed" testListId="8c84fa94-04c1-424b-9868-57a2d4851a1d" relativeResultsDirectory="811b9d56-765e-4495-a166-3630a6b8a3d3">
      <Output>
        <StdOut>Given test folder is cleaned
-&gt; done: StudioTestFrameworkSteps.GivenTestFolderIsCleaned() (0.0s)
And I have "Workflow 1" with inputs as
  --- table step argument ---
  | Input Var Name |
  | [[a]]          |
-&gt; done: StudioTestFrameworkSteps.GivenIHaveWithInputsAs("Workflow 1", &lt;table&gt;) (0.0s)
And "Workflow 1" has outputs as
  --- table step argument ---
  | Ouput Var Name  |
  | [[outputValue]] |
-&gt; done: StudioTestFrameworkSteps.GivenHasOutputsAs("Workflow 1", &lt;table&gt;) (0.2s)
Given I have "Workflow 2" with inputs as
  --- table step argument ---
  | Input Var Name |
  | [[rec().a]]    |
  | [[rec().b]]    |
-&gt; done: StudioTestFrameworkSteps.GivenIHaveWithInputsAs("Workflow 2", &lt;table&gt;) (0.0s)
And "Workflow 2" has outputs as
  --- table step argument ---
  | Ouput Var Name |
  | [[returnVal]]  |
-&gt; done: StudioTestFrameworkSteps.GivenHasOutputsAs("Workflow 2", &lt;table&gt;) (0.1s)
Given I have "Workflow 3" with inputs as
  --- table step argument ---
  | Input Var Name |
  | [[A]]          |
  | [[B]]          |
  | [[C]]          |
-&gt; done: StudioTestFrameworkSteps.GivenIHaveWithInputsAs("Workflow 3", &lt;table&gt;) (0.0s)
And "Workflow 3" has outputs as
  --- table step argument ---
  | Ouput Var Name |
  | [[message]]    |
-&gt; done: StudioTestFrameworkSteps.GivenHasOutputsAs("Workflow 3", &lt;table&gt;) (0.1s)
Given I have "WorkflowWithTests" with inputs as
  --- table step argument ---
  | Input Var Name |
  | [[input]]      |
-&gt; done: StudioTestFrameworkSteps.GivenIHaveWithInputsAs("WorkflowWithTests", &lt;table&gt;) (0.0s)
And "WorkflowWithTests" has outputs as
  --- table step argument ---
  | Ouput Var Name  |
  | [[outputValue]] |
-&gt; done: StudioTestFrameworkSteps.GivenHasOutputsAs("WorkflowWithTests", &lt;table&gt;) (0.2s)
And "WorkflowWithTests" Tests as
  --- table step argument ---
  | TestName | AuthenticationType | Error | TestFailing | TestPending | TestInvalid | TestPassed |
  | Test1    | Windows            | false | false       | false       | false       | true       |
  | Test2    | Windows            | false | true        | false       | false       | false      |
  | Test3    | Windows            | false | false       | false       | true        | false      |
  | Test4    | Windows            | false | false       | true        | false       | false      |
-&gt; done: StudioTestFrameworkSteps.GivenTestsAs("WorkflowWithTests", &lt;table&gt;) (0.1s)
Given the test builder is open with "Hello World"
-&gt; done: StudioTestFrameworkSteps.GivenTheTestBuilderIsOpenWith("Hello World") (0.2s)
And Tab Header is "Hello World - Tests"
-&gt; done: StudioTestFrameworkSteps.GivenTabHeaderIs("Hello World - Tests") (0.0s)
And there are no tests
-&gt; done: StudioTestFrameworkSteps.GivenThereAreNoTests() (0.0s)
And I click New Test
-&gt; done: StudioTestFrameworkSteps.WhenIClickNewTest() (0.0s)
Then a new test is added
-&gt; done: StudioTestFrameworkSteps.ThenANewTestIsAdded() (0.0s)
And Tab Header is "Hello World - Tests *"
-&gt; done: StudioTestFrameworkSteps.GivenTabHeaderIs("Hello World - Tes...") (0.0s)
And test name starts with "Test 1"
-&gt; done: StudioTestFrameworkSteps.ThenTestNameStartsWith("Test 1") (0.0s)
And inputs are
  --- table step argument ---
  | Variable Name | Value |
  | Name          |       |
-&gt; done: StudioTestFrameworkSteps.ThenInputsAs(&lt;table&gt;) (0.0s)
And outputs as
  --- table step argument ---
  | Variable Name | Value |
  | Message       |       |
-&gt; done: StudioTestFrameworkSteps.ThenOutputsAs(&lt;table&gt;) (0.0s)
And I Add "Assign a value to Name if blank (1)" as TestStep
-&gt; done: StudioTestFrameworkSteps.ThenIAddAsTestStep("Assign a value to...") (0.0s)
And save is enabled
-&gt; done: StudioTestFrameworkSteps.ThenSaveIsEnabled() (0.0s)
When I save
-&gt; done: StudioTestFrameworkSteps.WhenISave() (0.0s)
And I run the test
-&gt; done: StudioTestFrameworkSteps.WhenIRunTheTest() (0.1s)
Then test result is Failed
-&gt; done: StudioTestFrameworkSteps.ThenTestResultIsFailed() (0.0s)</StdOut>
      </Output>
    </UnitTestResult>
    <UnitTestResult executionId="c5def6d6-37b4-407d-9976-334b43c0d257" testId="fe9db2d1-7edd-1c41-6dd0-1809a49a7a27" testName="RunSelectedTestShowsStopOption" computerName="ASH" duration="00:00:01.2259990" startTime="2017-03-16T11:49:14.4962054+02:00" endTime="2017-03-16T11:49:15.7245591+02:00" testType="13cdc9d9-ddb5-4fa4-a97d-d965ccfc6d4b" outcome="Passed" testListId="8c84fa94-04c1-424b-9868-57a2d4851a1d" relativeResultsDirectory="c5def6d6-37b4-407d-9976-334b43c0d257">
      <Output>
        <StdOut>Given test folder is cleaned
-&gt; done: StudioTestFrameworkSteps.GivenTestFolderIsCleaned() (0.0s)
And I have "Workflow 1" with inputs as
  --- table step argument ---
  | Input Var Name |
  | [[a]]          |
-&gt; done: StudioTestFrameworkSteps.GivenIHaveWithInputsAs("Workflow 1", &lt;table&gt;) (0.0s)
And "Workflow 1" has outputs as
  --- table step argument ---
  | Ouput Var Name  |
  | [[outputValue]] |
-&gt; done: StudioTestFrameworkSteps.GivenHasOutputsAs("Workflow 1", &lt;table&gt;) (0.1s)
Given I have "Workflow 2" with inputs as
  --- table step argument ---
  | Input Var Name |
  | [[rec().a]]    |
  | [[rec().b]]    |
-&gt; done: StudioTestFrameworkSteps.GivenIHaveWithInputsAs("Workflow 2", &lt;table&gt;) (0.0s)
And "Workflow 2" has outputs as
  --- table step argument ---
  | Ouput Var Name |
  | [[returnVal]]  |
-&gt; done: StudioTestFrameworkSteps.GivenHasOutputsAs("Workflow 2", &lt;table&gt;) (0.1s)
Given I have "Workflow 3" with inputs as
  --- table step argument ---
  | Input Var Name |
  | [[A]]          |
  | [[B]]          |
  | [[C]]          |
-&gt; done: StudioTestFrameworkSteps.GivenIHaveWithInputsAs("Workflow 3", &lt;table&gt;) (0.0s)
And "Workflow 3" has outputs as
  --- table step argument ---
  | Ouput Var Name |
  | [[message]]    |
-&gt; done: StudioTestFrameworkSteps.GivenHasOutputsAs("Workflow 3", &lt;table&gt;) (0.1s)
Given I have "WorkflowWithTests" with inputs as
  --- table step argument ---
  | Input Var Name |
  | [[input]]      |
-&gt; done: StudioTestFrameworkSteps.GivenIHaveWithInputsAs("WorkflowWithTests", &lt;table&gt;) (0.0s)
And "WorkflowWithTests" has outputs as
  --- table step argument ---
  | Ouput Var Name  |
  | [[outputValue]] |
-&gt; done: StudioTestFrameworkSteps.GivenHasOutputsAs("WorkflowWithTests", &lt;table&gt;) (0.2s)
And "WorkflowWithTests" Tests as
  --- table step argument ---
  | TestName | AuthenticationType | Error | TestFailing | TestPending | TestInvalid | TestPassed |
  | Test1    | Windows            | false | false       | false       | false       | true       |
  | Test2    | Windows            | false | true        | false       | false       | false      |
  | Test3    | Windows            | false | false       | false       | true        | false      |
  | Test4    | Windows            | false | false       | true        | false       | false      |
-&gt; done: StudioTestFrameworkSteps.GivenTestsAs("WorkflowWithTests", &lt;table&gt;) (0.1s)
Given the test builder is open with "Workflow 1"
-&gt; done: StudioTestFrameworkSteps.GivenTheTestBuilderIsOpenWith("Workflow 1") (0.0s)
And Tab Header is "Workflow 1 - Tests"
-&gt; done: StudioTestFrameworkSteps.GivenTabHeaderIs("Workflow 1 - Tests") (0.0s)
And there are no tests
-&gt; done: StudioTestFrameworkSteps.GivenThereAreNoTests() (0.0s)
And I click New Test
-&gt; done: StudioTestFrameworkSteps.WhenIClickNewTest() (0.0s)
Then a new test is added
-&gt; done: StudioTestFrameworkSteps.ThenANewTestIsAdded() (0.0s)
And Tab Header is "Workflow 1 - Tests *"
-&gt; done: StudioTestFrameworkSteps.GivenTabHeaderIs("Workflow 1 - Tests *") (0.0s)
And test name starts with "Test 1"
-&gt; done: StudioTestFrameworkSteps.ThenTestNameStartsWith("Test 1") (0.0s)
And inputs are
  --- table step argument ---
  | Variable Name | Value |
  | a             |       |
-&gt; done: StudioTestFrameworkSteps.ThenInputsAs(&lt;table&gt;) (0.0s)
And outputs as
  --- table step argument ---
  | Variable Name | Value |
  | outputValue   |       |
-&gt; done: StudioTestFrameworkSteps.ThenOutputsAs(&lt;table&gt;) (0.0s)
And save is enabled
-&gt; done: StudioTestFrameworkSteps.ThenSaveIsEnabled() (0.0s)
When I save
-&gt; done: StudioTestFrameworkSteps.WhenISave() (0.0s)
Then Tab Header is "Workflow 1 - Tests"
-&gt; done: StudioTestFrameworkSteps.GivenTabHeaderIs("Workflow 1 - Tests") (0.0s)
And I close the test builder
-&gt; done: StudioTestFrameworkSteps.ThenICloseTheTestBuilder() (0.0s)
When the test builder is open with "Workflow 1"
-&gt; done: StudioTestFrameworkSteps.GivenTheTestBuilderIsOpenWith("Workflow 1") (0.0s)
Then there are 1 tests
-&gt; done: StudioTestFrameworkSteps.ThenThereAreTests(1) (0.0s)
And "Dummy Test" is selected
-&gt; done: StudioTestFrameworkSteps.ThenIsSelected("Dummy Test") (0.0s)
And I select "Test 1"
-&gt; done: StudioTestFrameworkSteps.GivenISelect("Test 1") (0.0s)
And "Test 1" is selected
-&gt; done: StudioTestFrameworkSteps.ThenIsSelected("Test 1") (0.0s)
And test name starts with "Test 1"
-&gt; done: StudioTestFrameworkSteps.ThenTestNameStartsWith("Test 1") (0.0s)
And inputs are
  --- table step argument ---
  | Variable Name | Value |
  | a             |       |
-&gt; done: StudioTestFrameworkSteps.ThenInputsAs(&lt;table&gt;) (0.0s)
And outputs as
  --- table step argument ---
  | Variable Name | Value |
  | outputValue   |       |
-&gt; done: StudioTestFrameworkSteps.ThenOutputsAs(&lt;table&gt;) (0.0s)
And save is disabled
-&gt; done: StudioTestFrameworkSteps.ThenSaveIsDisabled() (0.0s)
When I run selected test
-&gt; done: StudioTestFrameworkSteps.WhenIRunSelectedTest() (0.4s)</StdOut>
      </Output>
    </UnitTestResult>
    <UnitTestResult executionId="4b188613-a980-4702-a757-2ea5a4626ceb" testId="31889338-7bf8-dce1-4210-b78426286499" testName="SaveANewTest" computerName="ASH" duration="00:00:00.9007769" startTime="2017-03-16T11:49:15.7295583+02:00" endTime="2017-03-16T11:49:16.6340189+02:00" testType="13cdc9d9-ddb5-4fa4-a97d-d965ccfc6d4b" outcome="Passed" testListId="8c84fa94-04c1-424b-9868-57a2d4851a1d" relativeResultsDirectory="4b188613-a980-4702-a757-2ea5a4626ceb">
      <Output>
        <StdOut>Given test folder is cleaned
-&gt; done: StudioTestFrameworkSteps.GivenTestFolderIsCleaned() (0.0s)
And I have "Workflow 1" with inputs as
  --- table step argument ---
  | Input Var Name |
  | [[a]]          |
-&gt; done: StudioTestFrameworkSteps.GivenIHaveWithInputsAs("Workflow 1", &lt;table&gt;) (0.0s)
And "Workflow 1" has outputs as
  --- table step argument ---
  | Ouput Var Name  |
  | [[outputValue]] |
-&gt; done: StudioTestFrameworkSteps.GivenHasOutputsAs("Workflow 1", &lt;table&gt;) (0.2s)
Given I have "Workflow 2" with inputs as
  --- table step argument ---
  | Input Var Name |
  | [[rec().a]]    |
  | [[rec().b]]    |
-&gt; done: StudioTestFrameworkSteps.GivenIHaveWithInputsAs("Workflow 2", &lt;table&gt;) (0.0s)
And "Workflow 2" has outputs as
  --- table step argument ---
  | Ouput Var Name |
  | [[returnVal]]  |
-&gt; done: StudioTestFrameworkSteps.GivenHasOutputsAs("Workflow 2", &lt;table&gt;) (0.2s)
Given I have "Workflow 3" with inputs as
  --- table step argument ---
  | Input Var Name |
  | [[A]]          |
  | [[B]]          |
  | [[C]]          |
-&gt; done: StudioTestFrameworkSteps.GivenIHaveWithInputsAs("Workflow 3", &lt;table&gt;) (0.0s)
And "Workflow 3" has outputs as
  --- table step argument ---
  | Ouput Var Name |
  | [[message]]    |
-&gt; done: StudioTestFrameworkSteps.GivenHasOutputsAs("Workflow 3", &lt;table&gt;) (0.2s)
Given I have "WorkflowWithTests" with inputs as
  --- table step argument ---
  | Input Var Name |
  | [[input]]      |
-&gt; done: StudioTestFrameworkSteps.GivenIHaveWithInputsAs("WorkflowWithTests", &lt;table&gt;) (0.0s)
And "WorkflowWithTests" has outputs as
  --- table step argument ---
  | Ouput Var Name  |
  | [[outputValue]] |
-&gt; done: StudioTestFrameworkSteps.GivenHasOutputsAs("WorkflowWithTests", &lt;table&gt;) (0.2s)
And "WorkflowWithTests" Tests as
  --- table step argument ---
  | TestName | AuthenticationType | Error | TestFailing | TestPending | TestInvalid | TestPassed |
  | Test1    | Windows            | false | false       | false       | false       | true       |
  | Test2    | Windows            | false | true        | false       | false       | false      |
  | Test3    | Windows            | false | false       | false       | true        | false      |
  | Test4    | Windows            | false | false       | true        | false       | false      |
-&gt; done: StudioTestFrameworkSteps.GivenTestsAs("WorkflowWithTests", &lt;table&gt;) (0.1s)
Given the test builder is open with "Workflow 1"
-&gt; done: StudioTestFrameworkSteps.GivenTheTestBuilderIsOpenWith("Workflow 1") (0.0s)
And Tab Header is "Workflow 1 - Tests"
-&gt; done: StudioTestFrameworkSteps.GivenTabHeaderIs("Workflow 1 - Tests") (0.0s)
And there are no tests
-&gt; done: StudioTestFrameworkSteps.GivenThereAreNoTests() (0.0s)
And I click New Test
-&gt; done: StudioTestFrameworkSteps.WhenIClickNewTest() (0.0s)
Then a new test is added
-&gt; done: StudioTestFrameworkSteps.ThenANewTestIsAdded() (0.0s)
And Tab Header is "Workflow 1 - Tests *"
-&gt; done: StudioTestFrameworkSteps.GivenTabHeaderIs("Workflow 1 - Tests *") (0.0s)
And test name starts with "Test 1"
-&gt; done: StudioTestFrameworkSteps.ThenTestNameStartsWith("Test 1") (0.0s)
And inputs are
  --- table step argument ---
  | Variable Name | Value |
  | a             |       |
-&gt; done: StudioTestFrameworkSteps.ThenInputsAs(&lt;table&gt;) (0.0s)
And outputs as
  --- table step argument ---
  | Variable Name | Value |
  | outputValue   |       |
-&gt; done: StudioTestFrameworkSteps.ThenOutputsAs(&lt;table&gt;) (0.0s)
And save is enabled
-&gt; done: StudioTestFrameworkSteps.ThenSaveIsEnabled() (0.0s)
When I save
-&gt; done: StudioTestFrameworkSteps.WhenISave() (0.0s)
Then Tab Header is "Workflow 1 - Tests"
-&gt; done: StudioTestFrameworkSteps.GivenTabHeaderIs("Workflow 1 - Tests") (0.0s)
And I close the test builder
-&gt; done: StudioTestFrameworkSteps.ThenICloseTheTestBuilder() (0.0s)
When the test builder is open with "Workflow 1"
-&gt; done: StudioTestFrameworkSteps.GivenTheTestBuilderIsOpenWith("Workflow 1") (0.0s)
Then there are 1 tests
-&gt; done: StudioTestFrameworkSteps.ThenThereAreTests(1) (0.0s)
And "Dummy Test" is selected
-&gt; done: StudioTestFrameworkSteps.ThenIsSelected("Dummy Test") (0.0s)
And I select "Test 1"
-&gt; done: StudioTestFrameworkSteps.GivenISelect("Test 1") (0.0s)
And "Test 1" is selected
-&gt; done: StudioTestFrameworkSteps.ThenIsSelected("Test 1") (0.0s)
And test name starts with "Test 1"
-&gt; done: StudioTestFrameworkSteps.ThenTestNameStartsWith("Test 1") (0.0s)
And inputs are
  --- table step argument ---
  | Variable Name | Value |
  | a             |       |
-&gt; done: StudioTestFrameworkSteps.ThenInputsAs(&lt;table&gt;) (0.0s)
And outputs as
  --- table step argument ---
  | Variable Name | Value |
  | outputValue   |       |
-&gt; done: StudioTestFrameworkSteps.ThenOutputsAs(&lt;table&gt;) (0.0s)
And save is disabled
-&gt; done: StudioTestFrameworkSteps.ThenSaveIsDisabled() (0.0s)</StdOut>
      </Output>
    </UnitTestResult>
    <UnitTestResult executionId="7b17922d-6e88-45dd-8c28-d0b4b7f9b782" testId="2b32866c-e315-7447-35f5-4fae23ed796d" testName="SaveANewTestFailsWhenWorkflowDeleted" computerName="ASH" duration="00:00:00.8881793" startTime="2017-03-16T11:49:16.6390168+02:00" endTime="2017-03-16T11:49:17.5308174+02:00" testType="13cdc9d9-ddb5-4fa4-a97d-d965ccfc6d4b" outcome="Passed" testListId="8c84fa94-04c1-424b-9868-57a2d4851a1d" relativeResultsDirectory="7b17922d-6e88-45dd-8c28-d0b4b7f9b782">
      <Output>
        <StdOut>Given test folder is cleaned
-&gt; done: StudioTestFrameworkSteps.GivenTestFolderIsCleaned() (0.0s)
And I have "Workflow 1" with inputs as
  --- table step argument ---
  | Input Var Name |
  | [[a]]          |
-&gt; done: StudioTestFrameworkSteps.GivenIHaveWithInputsAs("Workflow 1", &lt;table&gt;) (0.0s)
And "Workflow 1" has outputs as
  --- table step argument ---
  | Ouput Var Name  |
  | [[outputValue]] |
-&gt; done: StudioTestFrameworkSteps.GivenHasOutputsAs("Workflow 1", &lt;table&gt;) (0.1s)
Given I have "Workflow 2" with inputs as
  --- table step argument ---
  | Input Var Name |
  | [[rec().a]]    |
  | [[rec().b]]    |
-&gt; done: StudioTestFrameworkSteps.GivenIHaveWithInputsAs("Workflow 2", &lt;table&gt;) (0.0s)
And "Workflow 2" has outputs as
  --- table step argument ---
  | Ouput Var Name |
  | [[returnVal]]  |
-&gt; done: StudioTestFrameworkSteps.GivenHasOutputsAs("Workflow 2", &lt;table&gt;) (0.1s)
Given I have "Workflow 3" with inputs as
  --- table step argument ---
  | Input Var Name |
  | [[A]]          |
  | [[B]]          |
  | [[C]]          |
-&gt; done: StudioTestFrameworkSteps.GivenIHaveWithInputsAs("Workflow 3", &lt;table&gt;) (0.0s)
And "Workflow 3" has outputs as
  --- table step argument ---
  | Ouput Var Name |
  | [[message]]    |
-&gt; done: StudioTestFrameworkSteps.GivenHasOutputsAs("Workflow 3", &lt;table&gt;) (0.2s)
Given I have "WorkflowWithTests" with inputs as
  --- table step argument ---
  | Input Var Name |
  | [[input]]      |
-&gt; done: StudioTestFrameworkSteps.GivenIHaveWithInputsAs("WorkflowWithTests", &lt;table&gt;) (0.0s)
And "WorkflowWithTests" has outputs as
  --- table step argument ---
  | Ouput Var Name  |
  | [[outputValue]] |
-&gt; done: StudioTestFrameworkSteps.GivenHasOutputsAs("WorkflowWithTests", &lt;table&gt;) (0.2s)
And "WorkflowWithTests" Tests as
  --- table step argument ---
  | TestName | AuthenticationType | Error | TestFailing | TestPending | TestInvalid | TestPassed |
  | Test1    | Windows            | false | false       | false       | false       | true       |
  | Test2    | Windows            | false | true        | false       | false       | false      |
  | Test3    | Windows            | false | false       | false       | true        | false      |
  | Test4    | Windows            | false | false       | true        | false       | false      |
-&gt; done: StudioTestFrameworkSteps.GivenTestsAs("WorkflowWithTests", &lt;table&gt;) (0.1s)
Given the test builder is open with "Workflow 1"
-&gt; done: StudioTestFrameworkSteps.GivenTheTestBuilderIsOpenWith("Workflow 1") (0.1s)
And Tab Header is "Workflow 1 - Tests"
-&gt; done: StudioTestFrameworkSteps.GivenTabHeaderIs("Workflow 1 - Tests") (0.0s)
And there are no tests
-&gt; done: StudioTestFrameworkSteps.GivenThereAreNoTests() (0.0s)
And I click New Test
-&gt; done: StudioTestFrameworkSteps.WhenIClickNewTest() (0.0s)
Then a new test is added
-&gt; done: StudioTestFrameworkSteps.ThenANewTestIsAdded() (0.0s)
And Tab Header is "Workflow 1 - Tests *"
-&gt; done: StudioTestFrameworkSteps.GivenTabHeaderIs("Workflow 1 - Tests *") (0.0s)
And test name starts with "Test 1"
-&gt; done: StudioTestFrameworkSteps.ThenTestNameStartsWith("Test 1") (0.0s)
And inputs are
  --- table step argument ---
  | Variable Name | Value |
  | a             |       |
-&gt; done: StudioTestFrameworkSteps.ThenInputsAs(&lt;table&gt;) (0.0s)
And outputs as
  --- table step argument ---
  | Variable Name | Value |
  | outputValue   |       |
-&gt; done: StudioTestFrameworkSteps.ThenOutputsAs(&lt;table&gt;) (0.0s)
And save is enabled
-&gt; done: StudioTestFrameworkSteps.ThenSaveIsEnabled() (0.0s)
When "Workflow 1" is deleted
-&gt; done: StudioTestFrameworkSteps.WhenIsDeleted("Workflow 1") (0.0s)
When I save
-&gt; done: StudioTestFrameworkSteps.WhenISave() (0.0s)
Then The "Workflow Deleted" popup is shown I click Ok
-&gt; done: StudioTestFrameworkSteps.ThenThePopupIsShownIClickOk("Workflow Deleted") (0.0s)
And the tab is closed
-&gt; done: StudioTestFrameworkSteps.ThenTheTabIsClosed() (0.0s)</StdOut>
      </Output>
    </UnitTestResult>
    <UnitTestResult executionId="16b1c7f8-9614-4c2a-b909-d8faeb6a052a" testId="f3c72e1a-d4d9-394d-d95f-e35997ce60b3" testName="SaveMultipleNewTestsEnabledSaveAfterEdit" computerName="ASH" duration="00:00:00.9271166" startTime="2017-03-16T11:49:17.5358184+02:00" endTime="2017-03-16T11:49:18.4660660+02:00" testType="13cdc9d9-ddb5-4fa4-a97d-d965ccfc6d4b" outcome="Passed" testListId="8c84fa94-04c1-424b-9868-57a2d4851a1d" relativeResultsDirectory="16b1c7f8-9614-4c2a-b909-d8faeb6a052a">
      <Output>
        <StdOut>Given test folder is cleaned
-&gt; done: StudioTestFrameworkSteps.GivenTestFolderIsCleaned() (0.0s)
And I have "Workflow 1" with inputs as
  --- table step argument ---
  | Input Var Name |
  | [[a]]          |
-&gt; done: StudioTestFrameworkSteps.GivenIHaveWithInputsAs("Workflow 1", &lt;table&gt;) (0.0s)
And "Workflow 1" has outputs as
  --- table step argument ---
  | Ouput Var Name  |
  | [[outputValue]] |
-&gt; done: StudioTestFrameworkSteps.GivenHasOutputsAs("Workflow 1", &lt;table&gt;) (0.2s)
Given I have "Workflow 2" with inputs as
  --- table step argument ---
  | Input Var Name |
  | [[rec().a]]    |
  | [[rec().b]]    |
-&gt; done: StudioTestFrameworkSteps.GivenIHaveWithInputsAs("Workflow 2", &lt;table&gt;) (0.0s)
And "Workflow 2" has outputs as
  --- table step argument ---
  | Ouput Var Name |
  | [[returnVal]]  |
-&gt; done: StudioTestFrameworkSteps.GivenHasOutputsAs("Workflow 2", &lt;table&gt;) (0.1s)
Given I have "Workflow 3" with inputs as
  --- table step argument ---
  | Input Var Name |
  | [[A]]          |
  | [[B]]          |
  | [[C]]          |
-&gt; done: StudioTestFrameworkSteps.GivenIHaveWithInputsAs("Workflow 3", &lt;table&gt;) (0.0s)
And "Workflow 3" has outputs as
  --- table step argument ---
  | Ouput Var Name |
  | [[message]]    |
-&gt; done: StudioTestFrameworkSteps.GivenHasOutputsAs("Workflow 3", &lt;table&gt;) (0.2s)
Given I have "WorkflowWithTests" with inputs as
  --- table step argument ---
  | Input Var Name |
  | [[input]]      |
-&gt; done: StudioTestFrameworkSteps.GivenIHaveWithInputsAs("WorkflowWithTests", &lt;table&gt;) (0.0s)
And "WorkflowWithTests" has outputs as
  --- table step argument ---
  | Ouput Var Name  |
  | [[outputValue]] |
-&gt; done: StudioTestFrameworkSteps.GivenHasOutputsAs("WorkflowWithTests", &lt;table&gt;) (0.2s)
And "WorkflowWithTests" Tests as
  --- table step argument ---
  | TestName | AuthenticationType | Error | TestFailing | TestPending | TestInvalid | TestPassed |
  | Test1    | Windows            | false | false       | false       | false       | true       |
  | Test2    | Windows            | false | true        | false       | false       | false      |
  | Test3    | Windows            | false | false       | false       | true        | false      |
  | Test4    | Windows            | false | false       | true        | false       | false      |
-&gt; done: StudioTestFrameworkSteps.GivenTestsAs("WorkflowWithTests", &lt;table&gt;) (0.1s)
Given the test builder is open with "Workflow 1"
-&gt; done: StudioTestFrameworkSteps.GivenTheTestBuilderIsOpenWith("Workflow 1") (0.0s)
And Tab Header is "Workflow 1 - Tests"
-&gt; done: StudioTestFrameworkSteps.GivenTabHeaderIs("Workflow 1 - Tests") (0.0s)
And there are no tests
-&gt; done: StudioTestFrameworkSteps.GivenThereAreNoTests() (0.0s)
And I click New Test
-&gt; done: StudioTestFrameworkSteps.WhenIClickNewTest() (0.0s)
Then a new test is added
-&gt; done: StudioTestFrameworkSteps.ThenANewTestIsAdded() (0.0s)
And Tab Header is "Workflow 1 - Tests *"
-&gt; done: StudioTestFrameworkSteps.GivenTabHeaderIs("Workflow 1 - Tests *") (0.0s)
And test name starts with "Test 1"
-&gt; done: StudioTestFrameworkSteps.ThenTestNameStartsWith("Test 1") (0.0s)
And inputs are
  --- table step argument ---
  | Variable Name | Value |
  | a             |       |
-&gt; done: StudioTestFrameworkSteps.ThenInputsAs(&lt;table&gt;) (0.0s)
And outputs as
  --- table step argument ---
  | Variable Name | Value |
  | outputValue   |       |
-&gt; done: StudioTestFrameworkSteps.ThenOutputsAs(&lt;table&gt;) (0.0s)
And save is enabled
-&gt; done: StudioTestFrameworkSteps.ThenSaveIsEnabled() (0.0s)
When I save
-&gt; done: StudioTestFrameworkSteps.WhenISave() (0.0s)
Then Tab Header is "Workflow 1 - Tests"
-&gt; done: StudioTestFrameworkSteps.GivenTabHeaderIs("Workflow 1 - Tests") (0.0s)
Then there are 1 tests
-&gt; done: StudioTestFrameworkSteps.ThenThereAreTests(1) (0.0s)
And I select "Test 1"
-&gt; done: StudioTestFrameworkSteps.GivenISelect("Test 1") (0.0s)
And "Test 1" is selected
-&gt; done: StudioTestFrameworkSteps.ThenIsSelected("Test 1") (0.0s)
And test name starts with "Test 1"
-&gt; done: StudioTestFrameworkSteps.ThenTestNameStartsWith("Test 1") (0.0s)
And inputs are
  --- table step argument ---
  | Variable Name | Value |
  | a             |       |
-&gt; done: StudioTestFrameworkSteps.ThenInputsAs(&lt;table&gt;) (0.0s)
And outputs as
  --- table step argument ---
  | Variable Name | Value |
  | outputValue   |       |
-&gt; done: StudioTestFrameworkSteps.ThenOutputsAs(&lt;table&gt;) (0.0s)
And save is disabled
-&gt; done: StudioTestFrameworkSteps.ThenSaveIsDisabled() (0.0s)
And I click New Test
-&gt; done: StudioTestFrameworkSteps.WhenIClickNewTest() (0.0s)
Then a new test is added
-&gt; done: StudioTestFrameworkSteps.ThenANewTestIsAdded() (0.0s)
And Tab Header is "Workflow 1 - Tests *"
-&gt; done: StudioTestFrameworkSteps.GivenTabHeaderIs("Workflow 1 - Tests *") (0.0s)
And test name starts with "Test 2"
-&gt; done: StudioTestFrameworkSteps.ThenTestNameStartsWith("Test 2") (0.0s)
And inputs are
  --- table step argument ---
  | Variable Name | Value |
  | a             |       |
-&gt; done: StudioTestFrameworkSteps.ThenInputsAs(&lt;table&gt;) (0.0s)
And outputs as
  --- table step argument ---
  | Variable Name | Value |
  | outputValue   |       |
-&gt; done: StudioTestFrameworkSteps.ThenOutputsAs(&lt;table&gt;) (0.0s)
And save is enabled
-&gt; done: StudioTestFrameworkSteps.ThenSaveIsEnabled() (0.0s)
When I save
-&gt; done: StudioTestFrameworkSteps.WhenISave() (0.0s)
Then Tab Header is "Workflow 1 - Tests"
-&gt; done: StudioTestFrameworkSteps.GivenTabHeaderIs("Workflow 1 - Tests") (0.0s)
When I select "Test 1"
-&gt; done: StudioTestFrameworkSteps.GivenISelect("Test 1") (0.0s)
When I change the test name to "testing2"
-&gt; done: StudioTestFrameworkSteps.WhenIChangeTheTestNameTo("testing2") (0.0s)
Then "Save" test is visible
-&gt; done: StudioTestFrameworkSteps.ThenTestIsVisible("Save") (0.0s)</StdOut>
      </Output>
    </UnitTestResult>
    <UnitTestResult executionId="85b8eb3a-7827-4036-a5db-11ad227c4fc9" testId="67420e28-07ca-60e3-b333-db57cab750ce" testName="TestWFWithAggregateCalculate" computerName="ASH" duration="00:00:01.6923268" startTime="2017-03-16T11:49:18.4710673+02:00" endTime="2017-03-16T11:49:20.1652783+02:00" testType="13cdc9d9-ddb5-4fa4-a97d-d965ccfc6d4b" outcome="Passed" testListId="8c84fa94-04c1-424b-9868-57a2d4851a1d" relativeResultsDirectory="85b8eb3a-7827-4036-a5db-11ad227c4fc9">
      <Output>
        <StdOut>Given test folder is cleaned
-&gt; done: StudioTestFrameworkSteps.GivenTestFolderIsCleaned() (0.0s)
And I have "Workflow 1" with inputs as
  --- table step argument ---
  | Input Var Name |
  | [[a]]          |
-&gt; done: StudioTestFrameworkSteps.GivenIHaveWithInputsAs("Workflow 1", &lt;table&gt;) (0.0s)
And "Workflow 1" has outputs as
  --- table step argument ---
  | Ouput Var Name  |
  | [[outputValue]] |
-&gt; done: StudioTestFrameworkSteps.GivenHasOutputsAs("Workflow 1", &lt;table&gt;) (0.1s)
Given I have "Workflow 2" with inputs as
  --- table step argument ---
  | Input Var Name |
  | [[rec().a]]    |
  | [[rec().b]]    |
-&gt; done: StudioTestFrameworkSteps.GivenIHaveWithInputsAs("Workflow 2", &lt;table&gt;) (0.0s)
And "Workflow 2" has outputs as
  --- table step argument ---
  | Ouput Var Name |
  | [[returnVal]]  |
-&gt; done: StudioTestFrameworkSteps.GivenHasOutputsAs("Workflow 2", &lt;table&gt;) (0.1s)
Given I have "Workflow 3" with inputs as
  --- table step argument ---
  | Input Var Name |
  | [[A]]          |
  | [[B]]          |
  | [[C]]          |
-&gt; done: StudioTestFrameworkSteps.GivenIHaveWithInputsAs("Workflow 3", &lt;table&gt;) (0.0s)
And "Workflow 3" has outputs as
  --- table step argument ---
  | Ouput Var Name |
  | [[message]]    |
-&gt; done: StudioTestFrameworkSteps.GivenHasOutputsAs("Workflow 3", &lt;table&gt;) (0.2s)
Given I have "WorkflowWithTests" with inputs as
  --- table step argument ---
  | Input Var Name |
  | [[input]]      |
-&gt; done: StudioTestFrameworkSteps.GivenIHaveWithInputsAs("WorkflowWithTests", &lt;table&gt;) (0.0s)
And "WorkflowWithTests" has outputs as
  --- table step argument ---
  | Ouput Var Name  |
  | [[outputValue]] |
-&gt; done: StudioTestFrameworkSteps.GivenHasOutputsAs("WorkflowWithTests", &lt;table&gt;) (0.2s)
And "WorkflowWithTests" Tests as
  --- table step argument ---
  | TestName | AuthenticationType | Error | TestFailing | TestPending | TestInvalid | TestPassed |
  | Test1    | Windows            | false | false       | false       | false       | true       |
  | Test2    | Windows            | false | true        | false       | false       | false      |
  | Test3    | Windows            | false | false       | false       | true        | false      |
  | Test4    | Windows            | false | false       | true        | false       | false      |
-&gt; done: StudioTestFrameworkSteps.GivenTestsAs("WorkflowWithTests", &lt;table&gt;) (0.1s)
Given I have a workflow "AggrCalculateTestWF"
-&gt; done: WorkflowExecutionSteps.GivenIHaveAWorkflow("AggrCalculateTestWF") (0.0s)
And "AggrCalculateTestWF" contains an Assign "values1" as
  --- table step argument ---
  | variable | value |
  | [[a]]    | 31    |
  | [[b]]    | 15    |
  | [[c]]    | 8     |
  | [[d]]    | 24    |
-&gt; done: WorkflowExecutionSteps.ThenContainsAnAssignAs("AggrCalculateTestWF", "values1", &lt;table&gt;) (0.0s)
And "AggrCalculateTestWF" contains Calculate "TestAgrCalculate" with formula "Min([[a]],[[b]],[[c]],[[d]])" into "[[result]]"
-&gt; done: WorkflowExecutionSteps.GivenCalculateWithFormulaInto("AggrCalculateTestWF", "TestAgrCalculate", "Min([[a]],[[b]],[...", "[[result]]") (0.0s)
And I save workflow "AggrCalculateTestWF"
-&gt; done: WorkflowExecutionSteps.Save("AggrCalculateTestWF") (0.4s)
Then the test builder is open with "AggrCalculateTestWF"
-&gt; done: StudioTestFrameworkSteps.GivenTheTestBuilderIsOpenWith("AggrCalculateTestWF") (0.0s)
And I click New Test
-&gt; done: StudioTestFrameworkSteps.WhenIClickNewTest() (0.0s)
And a new test is added
-&gt; done: StudioTestFrameworkSteps.ThenANewTestIsAdded() (0.0s)
And test name starts with "Test 1"
-&gt; done: StudioTestFrameworkSteps.ThenTestNameStartsWith("Test 1") (0.0s)
And I Add "TestAgrCalculate" as TestStep
-&gt; done: StudioTestFrameworkSteps.ThenIAddAsTestStep("TestAgrCalculate") (0.0s)
And I add StepOutputs as
  --- table step argument ---
  | Variable Name | Condition | Value |
  | [[result]]    | =         | 8     |
-&gt; done: StudioTestFrameworkSteps.ThenIAddStepOutputsAs(&lt;table&gt;) (0.0s)
When I save
-&gt; done: StudioTestFrameworkSteps.WhenISave() (0.0s)
And I run the test
-&gt; done: StudioTestFrameworkSteps.WhenIRunTheTest() (0.3s)
Then test result is Passed
-&gt; done: StudioTestFrameworkSteps.ThenTestResultIsPassed() (0.0s)
When I delete "Test 1"
-&gt; done: StudioTestFrameworkSteps.WhenIDelete("Test 1") (0.0s)
Then The "DeleteConfirmation" popup is shown I click Ok
-&gt; done: StudioTestFrameworkSteps.ThenThePopupIsShownIClickOk("DeleteConfirmation") (0.0s)
Then workflow "AggrCalculateTestWF" is deleted as cleanup
-&gt; done: WorkflowExecutionSteps.ThenWorkflowIsDeletedAsCleanup("AggrCalculateTestWF") (0.1s)</StdOut>
      </Output>
    </UnitTestResult>
    <UnitTestResult executionId="ce0c7b16-37b3-4278-af68-ec6076254547" testId="8fb5cbbc-575a-5177-1615-5778ec6214fc" testName="TestWFWithAssign" computerName="ASH" duration="00:00:01.7967053" startTime="2017-03-16T11:49:20.1722778+02:00" endTime="2017-03-16T11:49:21.9714983+02:00" testType="13cdc9d9-ddb5-4fa4-a97d-d965ccfc6d4b" outcome="Passed" testListId="8c84fa94-04c1-424b-9868-57a2d4851a1d" relativeResultsDirectory="ce0c7b16-37b3-4278-af68-ec6076254547">
      <Output>
        <StdOut>Given test folder is cleaned
-&gt; done: StudioTestFrameworkSteps.GivenTestFolderIsCleaned() (0.0s)
And I have "Workflow 1" with inputs as
  --- table step argument ---
  | Input Var Name |
  | [[a]]          |
-&gt; done: StudioTestFrameworkSteps.GivenIHaveWithInputsAs("Workflow 1", &lt;table&gt;) (0.0s)
And "Workflow 1" has outputs as
  --- table step argument ---
  | Ouput Var Name  |
  | [[outputValue]] |
-&gt; done: StudioTestFrameworkSteps.GivenHasOutputsAs("Workflow 1", &lt;table&gt;) (0.1s)
Given I have "Workflow 2" with inputs as
  --- table step argument ---
  | Input Var Name |
  | [[rec().a]]    |
  | [[rec().b]]    |
-&gt; done: StudioTestFrameworkSteps.GivenIHaveWithInputsAs("Workflow 2", &lt;table&gt;) (0.0s)
And "Workflow 2" has outputs as
  --- table step argument ---
  | Ouput Var Name |
  | [[returnVal]]  |
-&gt; done: StudioTestFrameworkSteps.GivenHasOutputsAs("Workflow 2", &lt;table&gt;) (0.2s)
Given I have "Workflow 3" with inputs as
  --- table step argument ---
  | Input Var Name |
  | [[A]]          |
  | [[B]]          |
  | [[C]]          |
-&gt; done: StudioTestFrameworkSteps.GivenIHaveWithInputsAs("Workflow 3", &lt;table&gt;) (0.0s)
And "Workflow 3" has outputs as
  --- table step argument ---
  | Ouput Var Name |
  | [[message]]    |
-&gt; done: StudioTestFrameworkSteps.GivenHasOutputsAs("Workflow 3", &lt;table&gt;) (0.1s)
Given I have "WorkflowWithTests" with inputs as
  --- table step argument ---
  | Input Var Name |
  | [[input]]      |
-&gt; done: StudioTestFrameworkSteps.GivenIHaveWithInputsAs("WorkflowWithTests", &lt;table&gt;) (0.0s)
And "WorkflowWithTests" has outputs as
  --- table step argument ---
  | Ouput Var Name  |
  | [[outputValue]] |
-&gt; done: StudioTestFrameworkSteps.GivenHasOutputsAs("WorkflowWithTests", &lt;table&gt;) (0.2s)
And "WorkflowWithTests" Tests as
  --- table step argument ---
  | TestName | AuthenticationType | Error | TestFailing | TestPending | TestInvalid | TestPassed |
  | Test1    | Windows            | false | false       | false       | false       | true       |
  | Test2    | Windows            | false | true        | false       | false       | false      |
  | Test3    | Windows            | false | false       | false       | true        | false      |
  | Test4    | Windows            | false | false       | true        | false       | false      |
-&gt; done: StudioTestFrameworkSteps.GivenTestsAs("WorkflowWithTests", &lt;table&gt;) (0.0s)
Given I have a workflow "AssignTestWF"
-&gt; done: WorkflowExecutionSteps.GivenIHaveAWorkflow("AssignTestWF") (0.0s)
And "AssignTestWF" contains an Assign "TestAssign" as
  --- table step argument ---
  | variable    | value |
  | [[rec().a]] | yes   |
  | [[rec().a]] | no    |
-&gt; done: WorkflowExecutionSteps.ThenContainsAnAssignAs("AssignTestWF", "TestAssign", &lt;table&gt;) (0.0s)
And I save workflow "AssignTestWF"
-&gt; done: WorkflowExecutionSteps.Save("AssignTestWF") (0.2s)
Then the test builder is open with "AssignTestWF"
-&gt; done: StudioTestFrameworkSteps.GivenTheTestBuilderIsOpenWith("AssignTestWF") (0.4s)
And I click New Test
-&gt; done: StudioTestFrameworkSteps.WhenIClickNewTest() (0.0s)
And a new test is added
-&gt; done: StudioTestFrameworkSteps.ThenANewTestIsAdded() (0.0s)
And test name starts with "Test 1"
-&gt; done: StudioTestFrameworkSteps.ThenTestNameStartsWith("Test 1") (0.0s)
And I Add "TestAssign" as TestStep
-&gt; done: StudioTestFrameworkSteps.ThenIAddAsTestStep("TestAssign") (0.0s)
And I add StepOutputs as
  --- table step argument ---
  | Variable Name | Condition | Value |
  | [[rec(1).a]]  | =         | yes   |
  | [[rec(2).a]]  | =         | no    |
-&gt; done: StudioTestFrameworkSteps.ThenIAddStepOutputsAs(&lt;table&gt;) (0.0s)
When I save
-&gt; done: StudioTestFrameworkSteps.WhenISave() (0.0s)
And I run the test
-&gt; done: StudioTestFrameworkSteps.WhenIRunTheTest() (0.5s)
Then test result is Passed
-&gt; done: StudioTestFrameworkSteps.ThenTestResultIsPassed() (0.0s)
When I delete "Test 1"
-&gt; done: StudioTestFrameworkSteps.WhenIDelete("Test 1") (0.0s)
Then The "DeleteConfirmation" popup is shown I click Ok
-&gt; done: StudioTestFrameworkSteps.ThenThePopupIsShownIClickOk("DeleteConfirmation") (0.0s)
Then workflow "AssignTestWF" is deleted as cleanup
-&gt; done: WorkflowExecutionSteps.ThenWorkflowIsDeletedAsCleanup("AssignTestWF") (0.0s)</StdOut>
      </Output>
    </UnitTestResult>
    <UnitTestResult executionId="8160fd22-f104-4ac6-8736-947f50467a29" testId="39ac3426-339b-03f1-5b9b-51bb69804c53" testName="TestWFWithAssignObject" computerName="ASH" duration="00:00:01.5984331" startTime="2017-03-16T11:49:21.9755001+02:00" endTime="2017-03-16T11:49:23.5778881+02:00" testType="13cdc9d9-ddb5-4fa4-a97d-d965ccfc6d4b" outcome="Passed" testListId="8c84fa94-04c1-424b-9868-57a2d4851a1d" relativeResultsDirectory="8160fd22-f104-4ac6-8736-947f50467a29">
      <Output>
        <StdOut>Given test folder is cleaned
-&gt; done: StudioTestFrameworkSteps.GivenTestFolderIsCleaned() (0.0s)
And I have "Workflow 1" with inputs as
  --- table step argument ---
  | Input Var Name |
  | [[a]]          |
-&gt; done: StudioTestFrameworkSteps.GivenIHaveWithInputsAs("Workflow 1", &lt;table&gt;) (0.0s)
And "Workflow 1" has outputs as
  --- table step argument ---
  | Ouput Var Name  |
  | [[outputValue]] |
-&gt; done: StudioTestFrameworkSteps.GivenHasOutputsAs("Workflow 1", &lt;table&gt;) (0.1s)
Given I have "Workflow 2" with inputs as
  --- table step argument ---
  | Input Var Name |
  | [[rec().a]]    |
  | [[rec().b]]    |
-&gt; done: StudioTestFrameworkSteps.GivenIHaveWithInputsAs("Workflow 2", &lt;table&gt;) (0.0s)
And "Workflow 2" has outputs as
  --- table step argument ---
  | Ouput Var Name |
  | [[returnVal]]  |
-&gt; done: StudioTestFrameworkSteps.GivenHasOutputsAs("Workflow 2", &lt;table&gt;) (0.1s)
Given I have "Workflow 3" with inputs as
  --- table step argument ---
  | Input Var Name |
  | [[A]]          |
  | [[B]]          |
  | [[C]]          |
-&gt; done: StudioTestFrameworkSteps.GivenIHaveWithInputsAs("Workflow 3", &lt;table&gt;) (0.0s)
And "Workflow 3" has outputs as
  --- table step argument ---
  | Ouput Var Name |
  | [[message]]    |
-&gt; done: StudioTestFrameworkSteps.GivenHasOutputsAs("Workflow 3", &lt;table&gt;) (0.1s)
Given I have "WorkflowWithTests" with inputs as
  --- table step argument ---
  | Input Var Name |
  | [[input]]      |
-&gt; done: StudioTestFrameworkSteps.GivenIHaveWithInputsAs("WorkflowWithTests", &lt;table&gt;) (0.0s)
And "WorkflowWithTests" has outputs as
  --- table step argument ---
  | Ouput Var Name  |
  | [[outputValue]] |
-&gt; done: StudioTestFrameworkSteps.GivenHasOutputsAs("WorkflowWithTests", &lt;table&gt;) (0.5s)
And "WorkflowWithTests" Tests as
  --- table step argument ---
  | TestName | AuthenticationType | Error | TestFailing | TestPending | TestInvalid | TestPassed |
  | Test1    | Windows            | false | false       | false       | false       | true       |
  | Test2    | Windows            | false | true        | false       | false       | false      |
  | Test3    | Windows            | false | false       | false       | true        | false      |
  | Test4    | Windows            | false | false       | true        | false       | false      |
-&gt; done: StudioTestFrameworkSteps.GivenTestsAs("WorkflowWithTests", &lt;table&gt;) (0.1s)
Given I have a workflow "AssignObjectTestWF"
-&gt; done: WorkflowExecutionSteps.GivenIHaveAWorkflow("AssignObjectTestWF") (0.0s)
And "AssignObjectTestWF" contains an Assign Object "TestAssignObject" as
  --- table step argument ---
  | variable            | value |
  | [[@Person.Name]]    | yes   |
  | [[@Person.Surname]] | no    |
-&gt; done: WorkflowExecutionSteps.GivenContainsAnAssignObjectAs("AssignObjectTestWF", "TestAssignObject", &lt;table&gt;) (0.0s)
And I save workflow "AssignObjectTestWF"
-&gt; done: WorkflowExecutionSteps.Save("AssignObjectTestWF") (0.2s)
Then the test builder is open with "AssignObjectTestWF"
-&gt; done: StudioTestFrameworkSteps.GivenTheTestBuilderIsOpenWith("AssignObjectTestWF") (0.0s)
And I click New Test
-&gt; done: StudioTestFrameworkSteps.WhenIClickNewTest() (0.0s)
And a new test is added
-&gt; done: StudioTestFrameworkSteps.ThenANewTestIsAdded() (0.0s)
And test name starts with "Test 1"
-&gt; done: StudioTestFrameworkSteps.ThenTestNameStartsWith("Test 1") (0.0s)
And I Add "TestAssignObject" as TestStep
-&gt; done: StudioTestFrameworkSteps.ThenIAddAsTestStep("TestAssignObject") (0.0s)
And I add StepOutputs as
  --- table step argument ---
  | Variable Name       | Condition | Value |
  | [[@Person.Name]]    | =         | yes   |
  | [[@Person.Surname]] | =         | no    |
-&gt; done: StudioTestFrameworkSteps.ThenIAddStepOutputsAs(&lt;table&gt;) (0.0s)
When I save
-&gt; done: StudioTestFrameworkSteps.WhenISave() (0.0s)
And I run the test
-&gt; done: StudioTestFrameworkSteps.WhenIRunTheTest() (0.2s)
Then test result is Passed
-&gt; done: StudioTestFrameworkSteps.ThenTestResultIsPassed() (0.0s)
When I delete "Test 1"
-&gt; done: StudioTestFrameworkSteps.WhenIDelete("Test 1") (0.0s)
Then The "DeleteConfirmation" popup is shown I click Ok
-&gt; done: StudioTestFrameworkSteps.ThenThePopupIsShownIClickOk("DeleteConfirmation") (0.0s)
Then workflow "AssignObjectTestWF" is deleted as cleanup
-&gt; done: WorkflowExecutionSteps.ThenWorkflowIsDeletedAsCleanup("AssignObjectTestWF") (0.1s)</StdOut>
      </Output>
    </UnitTestResult>
    <UnitTestResult executionId="3ad8668b-3e29-4b60-aba8-786f6d92f6bc" testId="cb6584f2-c60c-062f-f0d0-871d75678bc7" testName="TestWFWithBaseConvert" computerName="ASH" duration="00:00:01.5866016" startTime="2017-03-16T11:49:23.5808899+02:00" endTime="2017-03-16T11:49:25.1684743+02:00" testType="13cdc9d9-ddb5-4fa4-a97d-d965ccfc6d4b" outcome="Passed" testListId="8c84fa94-04c1-424b-9868-57a2d4851a1d" relativeResultsDirectory="3ad8668b-3e29-4b60-aba8-786f6d92f6bc">
      <Output>
        <StdOut>Given test folder is cleaned
-&gt; done: StudioTestFrameworkSteps.GivenTestFolderIsCleaned() (0.0s)
And I have "Workflow 1" with inputs as
  --- table step argument ---
  | Input Var Name |
  | [[a]]          |
-&gt; done: StudioTestFrameworkSteps.GivenIHaveWithInputsAs("Workflow 1", &lt;table&gt;) (0.0s)
And "Workflow 1" has outputs as
  --- table step argument ---
  | Ouput Var Name  |
  | [[outputValue]] |
-&gt; done: StudioTestFrameworkSteps.GivenHasOutputsAs("Workflow 1", &lt;table&gt;) (0.4s)
Given I have "Workflow 2" with inputs as
  --- table step argument ---
  | Input Var Name |
  | [[rec().a]]    |
  | [[rec().b]]    |
-&gt; done: StudioTestFrameworkSteps.GivenIHaveWithInputsAs("Workflow 2", &lt;table&gt;) (0.0s)
And "Workflow 2" has outputs as
  --- table step argument ---
  | Ouput Var Name |
  | [[returnVal]]  |
-&gt; done: StudioTestFrameworkSteps.GivenHasOutputsAs("Workflow 2", &lt;table&gt;) (0.1s)
Given I have "Workflow 3" with inputs as
  --- table step argument ---
  | Input Var Name |
  | [[A]]          |
  | [[B]]          |
  | [[C]]          |
-&gt; done: StudioTestFrameworkSteps.GivenIHaveWithInputsAs("Workflow 3", &lt;table&gt;) (0.0s)
And "Workflow 3" has outputs as
  --- table step argument ---
  | Ouput Var Name |
  | [[message]]    |
-&gt; done: StudioTestFrameworkSteps.GivenHasOutputsAs("Workflow 3", &lt;table&gt;) (0.2s)
Given I have "WorkflowWithTests" with inputs as
  --- table step argument ---
  | Input Var Name |
  | [[input]]      |
-&gt; done: StudioTestFrameworkSteps.GivenIHaveWithInputsAs("WorkflowWithTests", &lt;table&gt;) (0.0s)
And "WorkflowWithTests" has outputs as
  --- table step argument ---
  | Ouput Var Name  |
  | [[outputValue]] |
-&gt; done: StudioTestFrameworkSteps.GivenHasOutputsAs("WorkflowWithTests", &lt;table&gt;) (0.3s)
And "WorkflowWithTests" Tests as
  --- table step argument ---
  | TestName | AuthenticationType | Error | TestFailing | TestPending | TestInvalid | TestPassed |
  | Test1    | Windows            | false | false       | false       | false       | true       |
  | Test2    | Windows            | false | true        | false       | false       | false      |
  | Test3    | Windows            | false | false       | false       | true        | false      |
  | Test4    | Windows            | false | false       | true        | false       | false      |
-&gt; done: StudioTestFrameworkSteps.GivenTestsAs("WorkflowWithTests", &lt;table&gt;) (0.1s)
Given I have a workflow "BaseConvertTestWF"
-&gt; done: WorkflowExecutionSteps.GivenIHaveAWorkflow("BaseConvertTestWF") (0.0s)
And "BaseConvertTestWF" contains an Assign "TestAssign" as
  --- table step argument ---
  | variable | value                                                                                                    |
  | [[a]]    | 01001001001000000111011101100001011100110010000001101101011000010110111001100111011011000110010101100100 |
-&gt; done: WorkflowExecutionSteps.ThenContainsAnAssignAs("BaseConvertTestWF", "TestAssign", &lt;table&gt;) (0.0s)
And "BaseConvertTestWF" contains Base convert "TestBaseConvert" as
  --- table step argument ---
  | Variable | From   | To   |
  | [[a]]    | Binary | Text |
-&gt; done: WorkflowExecutionSteps.GivenItContainsBaseConvertAs("BaseConvertTestWF", "TestBaseConvert", &lt;table&gt;) (0.0s)
And I save workflow "BaseConvertTestWF"
-&gt; done: WorkflowExecutionSteps.Save("BaseConvertTestWF") (0.2s)
Then the test builder is open with "BaseConvertTestWF"
-&gt; done: StudioTestFrameworkSteps.GivenTheTestBuilderIsOpenWith("BaseConvertTestWF") (0.0s)
And I click New Test
-&gt; done: StudioTestFrameworkSteps.WhenIClickNewTest() (0.0s)
And a new test is added
-&gt; done: StudioTestFrameworkSteps.ThenANewTestIsAdded() (0.0s)
And test name starts with "Test 1"
-&gt; done: StudioTestFrameworkSteps.ThenTestNameStartsWith("Test 1") (0.0s)
And I Add "TestBaseConvert" as TestStep
-&gt; done: StudioTestFrameworkSteps.ThenIAddAsTestStep("TestBaseConvert") (0.0s)
And I add StepOutputs as
  --- table step argument ---
  | Variable Name | Condition | Value         |
  | [[a]]         | =         | I was mangled |
-&gt; done: StudioTestFrameworkSteps.ThenIAddStepOutputsAs(&lt;table&gt;) (0.0s)
When I save
-&gt; done: StudioTestFrameworkSteps.WhenISave() (0.0s)
And I run the test
-&gt; done: StudioTestFrameworkSteps.WhenIRunTheTest() (0.1s)
Then test result is Passed
-&gt; done: StudioTestFrameworkSteps.ThenTestResultIsPassed() (0.0s)
When I delete "Test 1"
-&gt; done: StudioTestFrameworkSteps.WhenIDelete("Test 1") (0.0s)
Then The "DeleteConfirmation" popup is shown I click Ok
-&gt; done: StudioTestFrameworkSteps.ThenThePopupIsShownIClickOk("DeleteConfirmation") (0.0s)
Then workflow "BaseConvertTestWF" is deleted as cleanup
-&gt; done: WorkflowExecutionSteps.ThenWorkflowIsDeletedAsCleanup("BaseConvertTestWF") (0.0s)</StdOut>
      </Output>
    </UnitTestResult>
    <UnitTestResult executionId="316cd47f-9990-441e-a2c1-9c99557f07d5" testId="e0fa4f4e-32e1-8b14-0ed2-e64e10bc307c" testName="TestWFWithCalculate" computerName="ASH" duration="00:00:01.1049261" startTime="2017-03-16T11:49:25.1784752+02:00" endTime="2017-03-16T11:49:26.2867696+02:00" testType="13cdc9d9-ddb5-4fa4-a97d-d965ccfc6d4b" outcome="Passed" testListId="8c84fa94-04c1-424b-9868-57a2d4851a1d" relativeResultsDirectory="316cd47f-9990-441e-a2c1-9c99557f07d5">
      <Output>
        <StdOut>Given test folder is cleaned
-&gt; done: StudioTestFrameworkSteps.GivenTestFolderIsCleaned() (0.0s)
And I have "Workflow 1" with inputs as
  --- table step argument ---
  | Input Var Name |
  | [[a]]          |
-&gt; done: StudioTestFrameworkSteps.GivenIHaveWithInputsAs("Workflow 1", &lt;table&gt;) (0.0s)
And "Workflow 1" has outputs as
  --- table step argument ---
  | Ouput Var Name  |
  | [[outputValue]] |
-&gt; done: StudioTestFrameworkSteps.GivenHasOutputsAs("Workflow 1", &lt;table&gt;) (0.2s)
Given I have "Workflow 2" with inputs as
  --- table step argument ---
  | Input Var Name |
  | [[rec().a]]    |
  | [[rec().b]]    |
-&gt; done: StudioTestFrameworkSteps.GivenIHaveWithInputsAs("Workflow 2", &lt;table&gt;) (0.0s)
And "Workflow 2" has outputs as
  --- table step argument ---
  | Ouput Var Name |
  | [[returnVal]]  |
-&gt; done: StudioTestFrameworkSteps.GivenHasOutputsAs("Workflow 2", &lt;table&gt;) (0.1s)
Given I have "Workflow 3" with inputs as
  --- table step argument ---
  | Input Var Name |
  | [[A]]          |
  | [[B]]          |
  | [[C]]          |
-&gt; done: StudioTestFrameworkSteps.GivenIHaveWithInputsAs("Workflow 3", &lt;table&gt;) (0.0s)
And "Workflow 3" has outputs as
  --- table step argument ---
  | Ouput Var Name |
  | [[message]]    |
-&gt; done: StudioTestFrameworkSteps.GivenHasOutputsAs("Workflow 3", &lt;table&gt;) (0.1s)
Given I have "WorkflowWithTests" with inputs as
  --- table step argument ---
  | Input Var Name |
  | [[input]]      |
-&gt; done: StudioTestFrameworkSteps.GivenIHaveWithInputsAs("WorkflowWithTests", &lt;table&gt;) (0.0s)
And "WorkflowWithTests" has outputs as
  --- table step argument ---
  | Ouput Var Name  |
  | [[outputValue]] |
-&gt; done: StudioTestFrameworkSteps.GivenHasOutputsAs("WorkflowWithTests", &lt;table&gt;) (0.1s)
And "WorkflowWithTests" Tests as
  --- table step argument ---
  | TestName | AuthenticationType | Error | TestFailing | TestPending | TestInvalid | TestPassed |
  | Test1    | Windows            | false | false       | false       | false       | true       |
  | Test2    | Windows            | false | true        | false       | false       | false      |
  | Test3    | Windows            | false | false       | false       | true        | false      |
  | Test4    | Windows            | false | false       | true        | false       | false      |
-&gt; done: StudioTestFrameworkSteps.GivenTestsAs("WorkflowWithTests", &lt;table&gt;) (0.1s)
Given I have a workflow "CalculateTestWF"
-&gt; done: WorkflowExecutionSteps.GivenIHaveAWorkflow("CalculateTestWF") (0.0s)
And "CalculateTestWF" contains an Assign "values1" as
  --- table step argument ---
  | variable | value |
  | [[a]]    | 1     |
  | [[b]]    | 5     |
-&gt; done: WorkflowExecutionSteps.ThenContainsAnAssignAs("CalculateTestWF", "values1", &lt;table&gt;) (0.0s)
And "CalculateTestWF" contains Calculate "TestCalculate" with formula "Sum([[a]],[[b]])" into "[[result]]"
-&gt; done: WorkflowExecutionSteps.GivenCalculateWithFormulaInto("CalculateTestWF", "TestCalculate", "Sum([[a]],[[b]])", "[[result]]") (0.0s)
And I save workflow "CalculateTestWF"
-&gt; done: WorkflowExecutionSteps.Save("CalculateTestWF") (0.2s)
Then the test builder is open with "CalculateTestWF"
-&gt; done: StudioTestFrameworkSteps.GivenTheTestBuilderIsOpenWith("CalculateTestWF") (0.0s)
And I click New Test
-&gt; done: StudioTestFrameworkSteps.WhenIClickNewTest() (0.0s)
And a new test is added
-&gt; done: StudioTestFrameworkSteps.ThenANewTestIsAdded() (0.0s)
And test name starts with "Test 1"
-&gt; done: StudioTestFrameworkSteps.ThenTestNameStartsWith("Test 1") (0.0s)
And I Add "TestCalculate" as TestStep
-&gt; done: StudioTestFrameworkSteps.ThenIAddAsTestStep("TestCalculate") (0.0s)
And I add StepOutputs as
  --- table step argument ---
  | Variable Name | Condition | Value |
  | [[result]]    | =         | 6     |
-&gt; done: StudioTestFrameworkSteps.ThenIAddStepOutputsAs(&lt;table&gt;) (0.0s)
When I save
-&gt; done: StudioTestFrameworkSteps.WhenISave() (0.0s)
And I run the test
-&gt; done: StudioTestFrameworkSteps.WhenIRunTheTest() (0.0s)
Then test result is Passed
-&gt; done: StudioTestFrameworkSteps.ThenTestResultIsPassed() (0.0s)
When I delete "Test 1"
-&gt; done: StudioTestFrameworkSteps.WhenIDelete("Test 1") (0.0s)
Then The "DeleteConfirmation" popup is shown I click Ok
-&gt; done: StudioTestFrameworkSteps.ThenThePopupIsShownIClickOk("DeleteConfirmation") (0.0s)
Then workflow "CalculateTestWF" is deleted as cleanup
-&gt; done: WorkflowExecutionSteps.ThenWorkflowIsDeletedAsCleanup("CalculateTestWF") (0.0s)</StdOut>
      </Output>
    </UnitTestResult>
    <UnitTestResult executionId="a616a1d6-6df1-4668-b36f-d495f4d43e9a" testId="b5c39f9b-929b-8f46-8dc4-db79eef7729e" testName="TestWFWithCalculateNoOutPuts" computerName="ASH" duration="00:00:01.0863933" startTime="2017-03-16T11:49:26.2927754+02:00" endTime="2017-03-16T11:49:27.3818451+02:00" testType="13cdc9d9-ddb5-4fa4-a97d-d965ccfc6d4b" outcome="Passed" testListId="8c84fa94-04c1-424b-9868-57a2d4851a1d" relativeResultsDirectory="a616a1d6-6df1-4668-b36f-d495f4d43e9a">
      <Output>
        <StdOut>Given test folder is cleaned
-&gt; done: StudioTestFrameworkSteps.GivenTestFolderIsCleaned() (0.0s)
And I have "Workflow 1" with inputs as
  --- table step argument ---
  | Input Var Name |
  | [[a]]          |
-&gt; done: StudioTestFrameworkSteps.GivenIHaveWithInputsAs("Workflow 1", &lt;table&gt;) (0.0s)
And "Workflow 1" has outputs as
  --- table step argument ---
  | Ouput Var Name  |
  | [[outputValue]] |
-&gt; done: StudioTestFrameworkSteps.GivenHasOutputsAs("Workflow 1", &lt;table&gt;) (0.1s)
Given I have "Workflow 2" with inputs as
  --- table step argument ---
  | Input Var Name |
  | [[rec().a]]    |
  | [[rec().b]]    |
-&gt; done: StudioTestFrameworkSteps.GivenIHaveWithInputsAs("Workflow 2", &lt;table&gt;) (0.0s)
And "Workflow 2" has outputs as
  --- table step argument ---
  | Ouput Var Name |
  | [[returnVal]]  |
-&gt; done: StudioTestFrameworkSteps.GivenHasOutputsAs("Workflow 2", &lt;table&gt;) (0.1s)
Given I have "Workflow 3" with inputs as
  --- table step argument ---
  | Input Var Name |
  | [[A]]          |
  | [[B]]          |
  | [[C]]          |
-&gt; done: StudioTestFrameworkSteps.GivenIHaveWithInputsAs("Workflow 3", &lt;table&gt;) (0.0s)
And "Workflow 3" has outputs as
  --- table step argument ---
  | Ouput Var Name |
  | [[message]]    |
-&gt; done: StudioTestFrameworkSteps.GivenHasOutputsAs("Workflow 3", &lt;table&gt;) (0.1s)
Given I have "WorkflowWithTests" with inputs as
  --- table step argument ---
  | Input Var Name |
  | [[input]]      |
-&gt; done: StudioTestFrameworkSteps.GivenIHaveWithInputsAs("WorkflowWithTests", &lt;table&gt;) (0.0s)
And "WorkflowWithTests" has outputs as
  --- table step argument ---
  | Ouput Var Name  |
  | [[outputValue]] |
-&gt; done: StudioTestFrameworkSteps.GivenHasOutputsAs("WorkflowWithTests", &lt;table&gt;) (0.2s)
And "WorkflowWithTests" Tests as
  --- table step argument ---
  | TestName | AuthenticationType | Error | TestFailing | TestPending | TestInvalid | TestPassed |
  | Test1    | Windows            | false | false       | false       | false       | true       |
  | Test2    | Windows            | false | true        | false       | false       | false      |
  | Test3    | Windows            | false | false       | false       | true        | false      |
  | Test4    | Windows            | false | false       | true        | false       | false      |
-&gt; done: StudioTestFrameworkSteps.GivenTestsAs("WorkflowWithTests", &lt;table&gt;) (0.0s)
Given I have a workflow "CalculateTestNoOutputsWF"
-&gt; done: WorkflowExecutionSteps.GivenIHaveAWorkflow("CalculateTestNoOu...") (0.0s)
And "CalculateTestNoOutputsWF" contains an Assign "values1" as
  --- table step argument ---
  | variable | value |
  | [[a]]    | 1     |
  | [[b]]    | 5     |
-&gt; done: WorkflowExecutionSteps.ThenContainsAnAssignAs("CalculateTestNoOu...", "values1", &lt;table&gt;) (0.0s)
And "CalculateTestNoOutputsWF" contains Calculate "TestCalculate" with formula "Sum([[a]],[[b]])" into ""
-&gt; done: WorkflowExecutionSteps.GivenCalculateWithFormulaInto("CalculateTestNoOu...", "TestCalculate", "Sum([[a]],[[b]])", "") (0.0s)
And I save workflow "CalculateTestNoOutputsWF"
-&gt; done: WorkflowExecutionSteps.Save("CalculateTestNoOu...") (0.2s)
Then the test builder is open with "CalculateTestNoOutputsWF"
-&gt; done: StudioTestFrameworkSteps.GivenTheTestBuilderIsOpenWith("CalculateTestNoOu...") (0.0s)
And I click New Test
-&gt; done: StudioTestFrameworkSteps.WhenIClickNewTest() (0.0s)
And a new test is added
-&gt; done: StudioTestFrameworkSteps.ThenANewTestIsAdded() (0.0s)
And test name starts with "Test 1"
-&gt; done: StudioTestFrameworkSteps.ThenTestNameStartsWith("Test 1") (0.0s)
And I Add "TestCalculate" as TestStep
-&gt; done: StudioTestFrameworkSteps.ThenIAddAsTestStep("TestCalculate") (0.0s)
When I save
-&gt; done: StudioTestFrameworkSteps.WhenISave() (0.0s)
And I run the test
-&gt; done: StudioTestFrameworkSteps.WhenIRunTheTest() (0.1s)
Then test result is Passed
-&gt; done: StudioTestFrameworkSteps.ThenTestResultIsPassed() (0.0s)
When I delete "Test 1"
-&gt; done: StudioTestFrameworkSteps.WhenIDelete("Test 1") (0.0s)
Then The "DeleteConfirmation" popup is shown I click Ok
-&gt; done: StudioTestFrameworkSteps.ThenThePopupIsShownIClickOk("DeleteConfirmation") (0.0s)
Then workflow "CalculateTestNoOutputsWF" is deleted as cleanup
-&gt; done: WorkflowExecutionSteps.ThenWorkflowIsDeletedAsCleanup("CalculateTestNoOu...") (0.0s)</StdOut>
      </Output>
    </UnitTestResult>
    <UnitTestResult executionId="d7204ebb-700e-42e5-a0b9-3b8e336de6a7" testId="c344b4b0-d01e-3458-4be4-2f3092ee3560" testName="TestWFWithCalculateOutputsWithNoVariable" computerName="ASH" duration="00:00:01.6444686" startTime="2017-03-16T11:49:27.3858436+02:00" endTime="2017-03-16T11:49:29.0329663+02:00" testType="13cdc9d9-ddb5-4fa4-a97d-d965ccfc6d4b" outcome="Passed" testListId="8c84fa94-04c1-424b-9868-57a2d4851a1d" relativeResultsDirectory="d7204ebb-700e-42e5-a0b9-3b8e336de6a7">
      <Output>
        <StdOut>Given test folder is cleaned
-&gt; done: StudioTestFrameworkSteps.GivenTestFolderIsCleaned() (0.4s)
And I have "Workflow 1" with inputs as
  --- table step argument ---
  | Input Var Name |
  | [[a]]          |
-&gt; done: StudioTestFrameworkSteps.GivenIHaveWithInputsAs("Workflow 1", &lt;table&gt;) (0.0s)
And "Workflow 1" has outputs as
  --- table step argument ---
  | Ouput Var Name  |
  | [[outputValue]] |
-&gt; done: StudioTestFrameworkSteps.GivenHasOutputsAs("Workflow 1", &lt;table&gt;) (0.2s)
Given I have "Workflow 2" with inputs as
  --- table step argument ---
  | Input Var Name |
  | [[rec().a]]    |
  | [[rec().b]]    |
-&gt; done: StudioTestFrameworkSteps.GivenIHaveWithInputsAs("Workflow 2", &lt;table&gt;) (0.0s)
And "Workflow 2" has outputs as
  --- table step argument ---
  | Ouput Var Name |
  | [[returnVal]]  |
-&gt; done: StudioTestFrameworkSteps.GivenHasOutputsAs("Workflow 2", &lt;table&gt;) (0.1s)
Given I have "Workflow 3" with inputs as
  --- table step argument ---
  | Input Var Name |
  | [[A]]          |
  | [[B]]          |
  | [[C]]          |
-&gt; done: StudioTestFrameworkSteps.GivenIHaveWithInputsAs("Workflow 3", &lt;table&gt;) (0.0s)
And "Workflow 3" has outputs as
  --- table step argument ---
  | Ouput Var Name |
  | [[message]]    |
-&gt; done: StudioTestFrameworkSteps.GivenHasOutputsAs("Workflow 3", &lt;table&gt;) (0.2s)
Given I have "WorkflowWithTests" with inputs as
  --- table step argument ---
  | Input Var Name |
  | [[input]]      |
-&gt; done: StudioTestFrameworkSteps.GivenIHaveWithInputsAs("WorkflowWithTests", &lt;table&gt;) (0.0s)
And "WorkflowWithTests" has outputs as
  --- table step argument ---
  | Ouput Var Name  |
  | [[outputValue]] |
-&gt; done: StudioTestFrameworkSteps.GivenHasOutputsAs("WorkflowWithTests", &lt;table&gt;) (0.2s)
And "WorkflowWithTests" Tests as
  --- table step argument ---
  | TestName | AuthenticationType | Error | TestFailing | TestPending | TestInvalid | TestPassed |
  | Test1    | Windows            | false | false       | false       | false       | true       |
  | Test2    | Windows            | false | true        | false       | false       | false      |
  | Test3    | Windows            | false | false       | false       | true        | false      |
  | Test4    | Windows            | false | false       | true        | false       | false      |
-&gt; done: StudioTestFrameworkSteps.GivenTestsAs("WorkflowWithTests", &lt;table&gt;) (0.1s)
Given I have a workflow "CalculateTestWF"
-&gt; done: WorkflowExecutionSteps.GivenIHaveAWorkflow("CalculateTestWF") (0.0s)
And "CalculateTestWF" contains an Assign "values1" as
  --- table step argument ---
  | variable | value |
  | [[a]]    | 1     |
  | [[b]]    | 5     |
-&gt; done: WorkflowExecutionSteps.ThenContainsAnAssignAs("CalculateTestWF", "values1", &lt;table&gt;) (0.0s)
And "CalculateTestWF" contains Calculate "TestCalculate" with formula "Sum([[a]],[[b]])" into "[[result]]"
-&gt; done: WorkflowExecutionSteps.GivenCalculateWithFormulaInto("CalculateTestWF", "TestCalculate", "Sum([[a]],[[b]])", "[[result]]") (0.0s)
And I save workflow "CalculateTestWF"
-&gt; done: WorkflowExecutionSteps.Save("CalculateTestWF") (0.2s)
Then the test builder is open with "CalculateTestWF"
-&gt; done: StudioTestFrameworkSteps.GivenTheTestBuilderIsOpenWith("CalculateTestWF") (0.0s)
And I click New Test
-&gt; done: StudioTestFrameworkSteps.WhenIClickNewTest() (0.0s)
And a new test is added
-&gt; done: StudioTestFrameworkSteps.ThenANewTestIsAdded() (0.0s)
And test name starts with "Test 1"
-&gt; done: StudioTestFrameworkSteps.ThenTestNameStartsWith("Test 1") (0.0s)
And I Add "TestCalculate" as TestStep
-&gt; done: StudioTestFrameworkSteps.ThenIAddAsTestStep("TestCalculate") (0.0s)
And I add StepOutputs as
  --- table step argument ---
  | Variable Name | Condition | Value |
  |               | =         |       |
-&gt; done: StudioTestFrameworkSteps.ThenIAddStepOutputsAs(&lt;table&gt;) (0.0s)
When I save
-&gt; done: StudioTestFrameworkSteps.WhenISave() (0.0s)
And I run the test
-&gt; done: StudioTestFrameworkSteps.WhenIRunTheTest() (0.1s)
Then test result is Passed
-&gt; done: StudioTestFrameworkSteps.ThenTestResultIsPassed() (0.0s)
When I delete "Test 1"
-&gt; done: StudioTestFrameworkSteps.WhenIDelete("Test 1") (0.0s)
Then The "DeleteConfirmation" popup is shown I click Ok
-&gt; done: StudioTestFrameworkSteps.ThenThePopupIsShownIClickOk("DeleteConfirmation") (0.0s)
Then workflow "CalculateTestWF" is deleted as cleanup
-&gt; done: WorkflowExecutionSteps.ThenWorkflowIsDeletedAsCleanup("CalculateTestWF") (0.1s)</StdOut>
      </Output>
    </UnitTestResult>
    <UnitTestResult executionId="fd59a7f5-362b-49a6-ab32-1d4676c8dc2d" testId="23eecf22-9572-ecf7-bd52-66316427a72a" testName="TestWFWithCaseConvert" computerName="ASH" duration="00:00:01.3428082" startTime="2017-03-16T11:49:29.0369648+02:00" endTime="2017-03-16T11:49:30.3831524+02:00" testType="13cdc9d9-ddb5-4fa4-a97d-d965ccfc6d4b" outcome="Passed" testListId="8c84fa94-04c1-424b-9868-57a2d4851a1d" relativeResultsDirectory="fd59a7f5-362b-49a6-ab32-1d4676c8dc2d">
      <Output>
        <StdOut>Given test folder is cleaned
-&gt; done: StudioTestFrameworkSteps.GivenTestFolderIsCleaned() (0.1s)
And I have "Workflow 1" with inputs as
  --- table step argument ---
  | Input Var Name |
  | [[a]]          |
-&gt; done: StudioTestFrameworkSteps.GivenIHaveWithInputsAs("Workflow 1", &lt;table&gt;) (0.0s)
And "Workflow 1" has outputs as
  --- table step argument ---
  | Ouput Var Name  |
  | [[outputValue]] |
-&gt; done: StudioTestFrameworkSteps.GivenHasOutputsAs("Workflow 1", &lt;table&gt;) (0.2s)
Given I have "Workflow 2" with inputs as
  --- table step argument ---
  | Input Var Name |
  | [[rec().a]]    |
  | [[rec().b]]    |
-&gt; done: StudioTestFrameworkSteps.GivenIHaveWithInputsAs("Workflow 2", &lt;table&gt;) (0.0s)
And "Workflow 2" has outputs as
  --- table step argument ---
  | Ouput Var Name |
  | [[returnVal]]  |
-&gt; done: StudioTestFrameworkSteps.GivenHasOutputsAs("Workflow 2", &lt;table&gt;) (0.2s)
Given I have "Workflow 3" with inputs as
  --- table step argument ---
  | Input Var Name |
  | [[A]]          |
  | [[B]]          |
  | [[C]]          |
-&gt; done: StudioTestFrameworkSteps.GivenIHaveWithInputsAs("Workflow 3", &lt;table&gt;) (0.0s)
And "Workflow 3" has outputs as
  --- table step argument ---
  | Ouput Var Name |
  | [[message]]    |
-&gt; done: StudioTestFrameworkSteps.GivenHasOutputsAs("Workflow 3", &lt;table&gt;) (0.1s)
Given I have "WorkflowWithTests" with inputs as
  --- table step argument ---
  | Input Var Name |
  | [[input]]      |
-&gt; done: StudioTestFrameworkSteps.GivenIHaveWithInputsAs("WorkflowWithTests", &lt;table&gt;) (0.0s)
And "WorkflowWithTests" has outputs as
  --- table step argument ---
  | Ouput Var Name  |
  | [[outputValue]] |
-&gt; done: StudioTestFrameworkSteps.GivenHasOutputsAs("WorkflowWithTests", &lt;table&gt;) (0.2s)
And "WorkflowWithTests" Tests as
  --- table step argument ---
  | TestName | AuthenticationType | Error | TestFailing | TestPending | TestInvalid | TestPassed |
  | Test1    | Windows            | false | false       | false       | false       | true       |
  | Test2    | Windows            | false | true        | false       | false       | false      |
  | Test3    | Windows            | false | false       | false       | true        | false      |
  | Test4    | Windows            | false | false       | true        | false       | false      |
-&gt; done: StudioTestFrameworkSteps.GivenTestsAs("WorkflowWithTests", &lt;table&gt;) (0.1s)
Given I have a workflow "CaseConvertTestWF"
-&gt; done: WorkflowExecutionSteps.GivenIHaveAWorkflow("CaseConvertTestWF") (0.0s)
And "CaseConvertTestWF" contains an Assign "TestAssign" as
  --- table step argument ---
  | variable    | value |
  | [[rec().a]] | 50    |
  | [[rec().a]] | test  |
  | [[rec().a]] | 100   |
-&gt; done: WorkflowExecutionSteps.ThenContainsAnAssignAs("CaseConvertTestWF", "TestAssign", &lt;table&gt;) (0.0s)
And "CaseConvertTestWF" contains case convert "TestCaseConvert" as
  --- table step argument ---
  | Variable     | Type  |
  | [[rec(2).a]] | UPPER |
-&gt; done: WorkflowExecutionSteps.GivenItContainsCaseConvertAs("CaseConvertTestWF", "TestCaseConvert", &lt;table&gt;) (0.0s)
And I save workflow "CaseConvertTestWF"
-&gt; done: WorkflowExecutionSteps.Save("CaseConvertTestWF") (0.2s)
Then the test builder is open with "CaseConvertTestWF"
-&gt; done: StudioTestFrameworkSteps.GivenTheTestBuilderIsOpenWith("CaseConvertTestWF") (0.0s)
And I click New Test
-&gt; done: StudioTestFrameworkSteps.WhenIClickNewTest() (0.0s)
And a new test is added
-&gt; done: StudioTestFrameworkSteps.ThenANewTestIsAdded() (0.0s)
And test name starts with "Test 1"
-&gt; done: StudioTestFrameworkSteps.ThenTestNameStartsWith("Test 1") (0.0s)
And I Add "TestCaseConvert" as TestStep
-&gt; done: StudioTestFrameworkSteps.ThenIAddAsTestStep("TestCaseConvert") (0.0s)
And I add StepOutputs as
  --- table step argument ---
  | Variable Name | Condition | Value |
  | [[rec(2).a]]  | =         | TEST  |
-&gt; done: StudioTestFrameworkSteps.ThenIAddStepOutputsAs(&lt;table&gt;) (0.0s)
When I save
-&gt; done: StudioTestFrameworkSteps.WhenISave() (0.0s)
And I run the test
-&gt; done: StudioTestFrameworkSteps.WhenIRunTheTest() (0.1s)
Then test result is Passed
-&gt; done: StudioTestFrameworkSteps.ThenTestResultIsPassed() (0.0s)
When I delete "Test 1"
-&gt; done: StudioTestFrameworkSteps.WhenIDelete("Test 1") (0.0s)
Then The "DeleteConfirmation" popup is shown I click Ok
-&gt; done: StudioTestFrameworkSteps.ThenThePopupIsShownIClickOk("DeleteConfirmation") (0.0s)
Then workflow "CaseConvertTestWF" is deleted as cleanup
-&gt; done: WorkflowExecutionSteps.ThenWorkflowIsDeletedAsCleanup("CaseConvertTestWF") (0.0s)</StdOut>
      </Output>
    </UnitTestResult>
    <UnitTestResult executionId="8a4a8c7e-719b-4584-91dd-29103f6f16e8" testId="61773ec1-43e7-f5d9-6470-705a65c99919" testName="TestWFWithCmdScript" computerName="ASH" duration="00:00:01.4092815" startTime="2017-03-16T11:49:30.3871530+02:00" endTime="2017-03-16T11:49:31.7993849+02:00" testType="13cdc9d9-ddb5-4fa4-a97d-d965ccfc6d4b" outcome="Passed" testListId="8c84fa94-04c1-424b-9868-57a2d4851a1d" relativeResultsDirectory="8a4a8c7e-719b-4584-91dd-29103f6f16e8">
      <Output>
        <StdOut>Given test folder is cleaned
-&gt; done: StudioTestFrameworkSteps.GivenTestFolderIsCleaned() (0.0s)
And I have "Workflow 1" with inputs as
  --- table step argument ---
  | Input Var Name |
  | [[a]]          |
-&gt; done: StudioTestFrameworkSteps.GivenIHaveWithInputsAs("Workflow 1", &lt;table&gt;) (0.0s)
And "Workflow 1" has outputs as
  --- table step argument ---
  | Ouput Var Name  |
  | [[outputValue]] |
-&gt; done: StudioTestFrameworkSteps.GivenHasOutputsAs("Workflow 1", &lt;table&gt;) (0.2s)
Given I have "Workflow 2" with inputs as
  --- table step argument ---
  | Input Var Name |
  | [[rec().a]]    |
  | [[rec().b]]    |
-&gt; done: StudioTestFrameworkSteps.GivenIHaveWithInputsAs("Workflow 2", &lt;table&gt;) (0.0s)
And "Workflow 2" has outputs as
  --- table step argument ---
  | Ouput Var Name |
  | [[returnVal]]  |
-&gt; done: StudioTestFrameworkSteps.GivenHasOutputsAs("Workflow 2", &lt;table&gt;) (0.2s)
Given I have "Workflow 3" with inputs as
  --- table step argument ---
  | Input Var Name |
  | [[A]]          |
  | [[B]]          |
  | [[C]]          |
-&gt; done: StudioTestFrameworkSteps.GivenIHaveWithInputsAs("Workflow 3", &lt;table&gt;) (0.0s)
And "Workflow 3" has outputs as
  --- table step argument ---
  | Ouput Var Name |
  | [[message]]    |
-&gt; done: StudioTestFrameworkSteps.GivenHasOutputsAs("Workflow 3", &lt;table&gt;) (0.2s)
Given I have "WorkflowWithTests" with inputs as
  --- table step argument ---
  | Input Var Name |
  | [[input]]      |
-&gt; done: StudioTestFrameworkSteps.GivenIHaveWithInputsAs("WorkflowWithTests", &lt;table&gt;) (0.0s)
And "WorkflowWithTests" has outputs as
  --- table step argument ---
  | Ouput Var Name  |
  | [[outputValue]] |
-&gt; done: StudioTestFrameworkSteps.GivenHasOutputsAs("WorkflowWithTests", &lt;table&gt;) (0.2s)
And "WorkflowWithTests" Tests as
  --- table step argument ---
  | TestName | AuthenticationType | Error | TestFailing | TestPending | TestInvalid | TestPassed |
  | Test1    | Windows            | false | false       | false       | false       | true       |
  | Test2    | Windows            | false | true        | false       | false       | false      |
  | Test3    | Windows            | false | false       | false       | true        | false      |
  | Test4    | Windows            | false | false       | true        | false       | false      |
-&gt; done: StudioTestFrameworkSteps.GivenTestsAs("WorkflowWithTests", &lt;table&gt;) (0.0s)
Given I have a workflow "CmdScriptTestWF"
-&gt; done: WorkflowExecutionSteps.GivenIHaveAWorkflow("CmdScriptTestWF") (0.0s)
And "CmdScriptTestWF" contains a Cmd Script "testCmdScript" ScriptToRun "echo Kingdom of KwaZulu Natal" and result as "[[result]]"
-&gt; done: WorkflowExecutionSteps.GivenContainsACmdScriptScriptToRunAndResultAs("CmdScriptTestWF", "testCmdScript", "echo Kingdom of K...", "[[result]]") (0.0s)
And I save workflow "CmdScriptTestWF"
-&gt; done: WorkflowExecutionSteps.Save("CmdScriptTestWF") (0.3s)
Then the test builder is open with "CmdScriptTestWF"
-&gt; done: StudioTestFrameworkSteps.GivenTheTestBuilderIsOpenWith("CmdScriptTestWF") (0.0s)
And I click New Test
-&gt; done: StudioTestFrameworkSteps.WhenIClickNewTest() (0.0s)
And a new test is added
-&gt; done: StudioTestFrameworkSteps.ThenANewTestIsAdded() (0.0s)
And test name starts with "Test 1"
-&gt; done: StudioTestFrameworkSteps.ThenTestNameStartsWith("Test 1") (0.0s)
And I Add "testCmdScript" as TestStep
-&gt; done: StudioTestFrameworkSteps.ThenIAddAsTestStep("testCmdScript") (0.0s)
And I add StepOutputs as
  --- table step argument ---
  | Variable Name | Condition | Value                    |
  | [[result]]    | =         | Kingdom of KwaZulu Natal |
-&gt; done: StudioTestFrameworkSteps.ThenIAddStepOutputsAs(&lt;table&gt;) (0.0s)
When I save
-&gt; done: StudioTestFrameworkSteps.WhenISave() (0.0s)
And I run the test
-&gt; done: StudioTestFrameworkSteps.WhenIRunTheTest() (0.1s)
Then test result is Passed
-&gt; done: StudioTestFrameworkSteps.ThenTestResultIsPassed() (0.0s)
When I delete "Test 1"
-&gt; done: StudioTestFrameworkSteps.WhenIDelete("Test 1") (0.0s)
Then The "DeleteConfirmation" popup is shown I click Ok
-&gt; done: StudioTestFrameworkSteps.ThenThePopupIsShownIClickOk("DeleteConfirmation") (0.0s)
Then workflow "CmdScriptTestWF" is deleted as cleanup
-&gt; done: WorkflowExecutionSteps.ThenWorkflowIsDeletedAsCleanup("CmdScriptTestWF") (0.1s)</StdOut>
      </Output>
    </UnitTestResult>
    <UnitTestResult executionId="72d002d4-ebcf-447b-8e49-989de441805e" testId="78af3c83-cb15-4087-4bee-72feb118f0a5" testName="TestWFWithCountRecord" computerName="ASH" duration="00:00:01.4374584" startTime="2017-03-16T11:49:31.8053855+02:00" endTime="2017-03-16T11:49:33.2439912+02:00" testType="13cdc9d9-ddb5-4fa4-a97d-d965ccfc6d4b" outcome="Passed" testListId="8c84fa94-04c1-424b-9868-57a2d4851a1d" relativeResultsDirectory="72d002d4-ebcf-447b-8e49-989de441805e">
      <Output>
        <StdOut>Given test folder is cleaned
-&gt; done: StudioTestFrameworkSteps.GivenTestFolderIsCleaned() (0.1s)
And I have "Workflow 1" with inputs as
  --- table step argument ---
  | Input Var Name |
  | [[a]]          |
-&gt; done: StudioTestFrameworkSteps.GivenIHaveWithInputsAs("Workflow 1", &lt;table&gt;) (0.0s)
And "Workflow 1" has outputs as
  --- table step argument ---
  | Ouput Var Name  |
  | [[outputValue]] |
-&gt; done: StudioTestFrameworkSteps.GivenHasOutputsAs("Workflow 1", &lt;table&gt;) (0.2s)
Given I have "Workflow 2" with inputs as
  --- table step argument ---
  | Input Var Name |
  | [[rec().a]]    |
  | [[rec().b]]    |
-&gt; done: StudioTestFrameworkSteps.GivenIHaveWithInputsAs("Workflow 2", &lt;table&gt;) (0.0s)
And "Workflow 2" has outputs as
  --- table step argument ---
  | Ouput Var Name |
  | [[returnVal]]  |
-&gt; done: StudioTestFrameworkSteps.GivenHasOutputsAs("Workflow 2", &lt;table&gt;) (0.2s)
Given I have "Workflow 3" with inputs as
  --- table step argument ---
  | Input Var Name |
  | [[A]]          |
  | [[B]]          |
  | [[C]]          |
-&gt; done: StudioTestFrameworkSteps.GivenIHaveWithInputsAs("Workflow 3", &lt;table&gt;) (0.0s)
And "Workflow 3" has outputs as
  --- table step argument ---
  | Ouput Var Name |
  | [[message]]    |
-&gt; done: StudioTestFrameworkSteps.GivenHasOutputsAs("Workflow 3", &lt;table&gt;) (0.2s)
Given I have "WorkflowWithTests" with inputs as
  --- table step argument ---
  | Input Var Name |
  | [[input]]      |
-&gt; done: StudioTestFrameworkSteps.GivenIHaveWithInputsAs("WorkflowWithTests", &lt;table&gt;) (0.0s)
And "WorkflowWithTests" has outputs as
  --- table step argument ---
  | Ouput Var Name  |
  | [[outputValue]] |
-&gt; done: StudioTestFrameworkSteps.GivenHasOutputsAs("WorkflowWithTests", &lt;table&gt;) (0.2s)
And "WorkflowWithTests" Tests as
  --- table step argument ---
  | TestName | AuthenticationType | Error | TestFailing | TestPending | TestInvalid | TestPassed |
  | Test1    | Windows            | false | false       | false       | false       | true       |
  | Test2    | Windows            | false | true        | false       | false       | false      |
  | Test3    | Windows            | false | false       | false       | true        | false      |
  | Test4    | Windows            | false | false       | true        | false       | false      |
-&gt; done: StudioTestFrameworkSteps.GivenTestsAs("WorkflowWithTests", &lt;table&gt;) (0.1s)
Given I have a workflow "CountRecTestWF"
-&gt; done: WorkflowExecutionSteps.GivenIHaveAWorkflow("CountRecTestWF") (0.0s)
And "CountRecTestWF&amp;2Delete" contains an Assign "countrecordval1" as
  --- table step argument ---
  | variable    | value |
  | [[rec().a]] | 21    |
  | [[rec().a]] | 22    |
  | [[rec().a]] |       |
-&gt; done: WorkflowExecutionSteps.ThenContainsAnAssignAs("CountRecTestWF&amp;2D...", "countrecordval1", &lt;table&gt;) (0.0s)
And "CountRecTestWF&amp;2Delete" contains Count Record "Cnt1" on "[[rec()]]" into "[[result]]"
-&gt; done: WorkflowExecutionSteps.GivenCountOnInto("CountRecTestWF&amp;2D...", "Cnt1", "[[rec()]]", "[[result]]") (0.0s)
And I save workflow "CountRecTestWF"
-&gt; done: WorkflowExecutionSteps.Save("CountRecTestWF") (0.2s)
Then the test builder is open with "CountRecTestWF"
-&gt; done: StudioTestFrameworkSteps.GivenTheTestBuilderIsOpenWith("CountRecTestWF") (0.0s)
And I click New Test
-&gt; done: StudioTestFrameworkSteps.WhenIClickNewTest() (0.0s)
And a new test is added
-&gt; done: StudioTestFrameworkSteps.ThenANewTestIsAdded() (0.0s)
And test name starts with "Test 1"
-&gt; done: StudioTestFrameworkSteps.ThenTestNameStartsWith("Test 1") (0.0s)
And I Add "Cnt1" as TestStep
-&gt; done: StudioTestFrameworkSteps.ThenIAddAsTestStep("Cnt1") (0.0s)
And I add StepOutputs as
  --- table step argument ---
  | Variable Name | Condition | Value |
  | [[result]]    | =         | 3     |
-&gt; done: StudioTestFrameworkSteps.ThenIAddStepOutputsAs(&lt;table&gt;) (0.0s)
When I save
-&gt; done: StudioTestFrameworkSteps.WhenISave() (0.0s)
And I run the test
-&gt; done: StudioTestFrameworkSteps.WhenIRunTheTest() (0.1s)
Then test result is Passed
-&gt; done: StudioTestFrameworkSteps.ThenTestResultIsPassed() (0.0s)
When I delete "Test 1"
-&gt; done: StudioTestFrameworkSteps.WhenIDelete("Test 1") (0.0s)
Then The "DeleteConfirmation" popup is shown I click Ok
-&gt; done: StudioTestFrameworkSteps.ThenThePopupIsShownIClickOk("DeleteConfirmation") (0.0s)
Then workflow "CountRecTestWF" is deleted as cleanup
-&gt; done: WorkflowExecutionSteps.ThenWorkflowIsDeletedAsCleanup("CountRecTestWF") (0.1s)</StdOut>
      </Output>
    </UnitTestResult>
    <UnitTestResult executionId="63e9a470-2a9c-469c-9ff1-8623f0b1863d" testId="18d4aaba-5e56-eb96-8373-444f85de3d3a" testName="TestWFWithCreate" computerName="ASH" duration="00:00:01.3479220" startTime="2017-03-16T11:49:33.2519904+02:00" endTime="2017-03-16T11:49:34.6023884+02:00" testType="13cdc9d9-ddb5-4fa4-a97d-d965ccfc6d4b" outcome="Passed" testListId="8c84fa94-04c1-424b-9868-57a2d4851a1d" relativeResultsDirectory="63e9a470-2a9c-469c-9ff1-8623f0b1863d">
      <Output>
        <StdOut>Given test folder is cleaned
-&gt; done: StudioTestFrameworkSteps.GivenTestFolderIsCleaned() (0.1s)
And I have "Workflow 1" with inputs as
  --- table step argument ---
  | Input Var Name |
  | [[a]]          |
-&gt; done: StudioTestFrameworkSteps.GivenIHaveWithInputsAs("Workflow 1", &lt;table&gt;) (0.0s)
And "Workflow 1" has outputs as
  --- table step argument ---
  | Ouput Var Name  |
  | [[outputValue]] |
-&gt; done: StudioTestFrameworkSteps.GivenHasOutputsAs("Workflow 1", &lt;table&gt;) (0.2s)
Given I have "Workflow 2" with inputs as
  --- table step argument ---
  | Input Var Name |
  | [[rec().a]]    |
  | [[rec().b]]    |
-&gt; done: StudioTestFrameworkSteps.GivenIHaveWithInputsAs("Workflow 2", &lt;table&gt;) (0.0s)
And "Workflow 2" has outputs as
  --- table step argument ---
  | Ouput Var Name |
  | [[returnVal]]  |
-&gt; done: StudioTestFrameworkSteps.GivenHasOutputsAs("Workflow 2", &lt;table&gt;) (0.2s)
Given I have "Workflow 3" with inputs as
  --- table step argument ---
  | Input Var Name |
  | [[A]]          |
  | [[B]]          |
  | [[C]]          |
-&gt; done: StudioTestFrameworkSteps.GivenIHaveWithInputsAs("Workflow 3", &lt;table&gt;) (0.0s)
And "Workflow 3" has outputs as
  --- table step argument ---
  | Ouput Var Name |
  | [[message]]    |
-&gt; done: StudioTestFrameworkSteps.GivenHasOutputsAs("Workflow 3", &lt;table&gt;) (0.2s)
Given I have "WorkflowWithTests" with inputs as
  --- table step argument ---
  | Input Var Name |
  | [[input]]      |
-&gt; done: StudioTestFrameworkSteps.GivenIHaveWithInputsAs("WorkflowWithTests", &lt;table&gt;) (0.0s)
And "WorkflowWithTests" has outputs as
  --- table step argument ---
  | Ouput Var Name  |
  | [[outputValue]] |
-&gt; done: StudioTestFrameworkSteps.GivenHasOutputsAs("WorkflowWithTests", &lt;table&gt;) (0.2s)
And "WorkflowWithTests" Tests as
  --- table step argument ---
  | TestName | AuthenticationType | Error | TestFailing | TestPending | TestInvalid | TestPassed |
  | Test1    | Windows            | false | false       | false       | false       | true       |
  | Test2    | Windows            | false | true        | false       | false       | false      |
  | Test3    | Windows            | false | false       | false       | true        | false      |
  | Test4    | Windows            | false | false       | true        | false       | false      |
-&gt; done: StudioTestFrameworkSteps.GivenTestsAs("WorkflowWithTests", &lt;table&gt;) (0.0s)
Given I have a workflow "CreateTestWF"
-&gt; done: WorkflowExecutionSteps.GivenIHaveAWorkflow("CreateTestWF") (0.0s)
And "CreateTestWF" contains an Assign "Assign to create" as
  --- table step argument ---
  | variable    | value           |
  | [[rec().a]] | C:\copied00.txt |
-&gt; done: WorkflowExecutionSteps.ThenContainsAnAssignAs("CreateTestWF", "Assign to create", &lt;table&gt;) (0.0s)
And "CreateTestWF" contains an Create "Create1" as
  --- table step argument ---
  | File or Folder | If it exits | Username | Password | Result   |
  | [[rec().a]]    | True        |          |          | [[res1]] |
-&gt; done: WorkflowExecutionSteps.GivenContainsAnCreateAs("CreateTestWF", "Create1", &lt;table&gt;) (0.0s)
And I save workflow "CreateTestWF"
-&gt; done: WorkflowExecutionSteps.Save("CreateTestWF") (0.2s)
Then the test builder is open with "CreateTestWF"
-&gt; done: StudioTestFrameworkSteps.GivenTheTestBuilderIsOpenWith("CreateTestWF") (0.0s)
And I click New Test
-&gt; done: StudioTestFrameworkSteps.WhenIClickNewTest() (0.0s)
And a new test is added
-&gt; done: StudioTestFrameworkSteps.ThenANewTestIsAdded() (0.0s)
And test name starts with "Test 1"
-&gt; done: StudioTestFrameworkSteps.ThenTestNameStartsWith("Test 1") (0.0s)
And I Add "Create1" as TestStep
-&gt; done: StudioTestFrameworkSteps.ThenIAddAsTestStep("Create1") (0.0s)
And I add StepOutputs as
  --- table step argument ---
  | Variable Name | Condition | Value   |
  | [[res1]]      | =         | Success |
-&gt; done: StudioTestFrameworkSteps.ThenIAddStepOutputsAs(&lt;table&gt;) (0.0s)
When I save
-&gt; done: StudioTestFrameworkSteps.WhenISave() (0.0s)
And I run the test
-&gt; done: StudioTestFrameworkSteps.WhenIRunTheTest() (0.1s)
Then test result is Passed
-&gt; done: StudioTestFrameworkSteps.ThenTestResultIsPassed() (0.0s)
When I delete "Test 1"
-&gt; done: StudioTestFrameworkSteps.WhenIDelete("Test 1") (0.0s)
Then The "DeleteConfirmation" popup is shown I click Ok
-&gt; done: StudioTestFrameworkSteps.ThenThePopupIsShownIClickOk("DeleteConfirmation") (0.0s)
Then workflow "CreateTestWF" is deleted as cleanup
-&gt; done: WorkflowExecutionSteps.ThenWorkflowIsDeletedAsCleanup("CreateTestWF") (0.0s)</StdOut>
      </Output>
    </UnitTestResult>
    <UnitTestResult executionId="26dd7b04-5194-45f6-9bac-30c14b6bc584" testId="53ba1773-984e-e562-3419-95dcf34e5eb1" testName="TestWFWithCreateAndDeleteFolder" computerName="ASH" duration="00:00:01.0423102" startTime="2017-03-16T11:49:34.6083872+02:00" endTime="2017-03-16T11:49:35.6529182+02:00" testType="13cdc9d9-ddb5-4fa4-a97d-d965ccfc6d4b" outcome="Passed" testListId="8c84fa94-04c1-424b-9868-57a2d4851a1d" relativeResultsDirectory="26dd7b04-5194-45f6-9bac-30c14b6bc584">
      <Output>
        <StdOut>Given test folder is cleaned
-&gt; done: StudioTestFrameworkSteps.GivenTestFolderIsCleaned() (0.0s)
And I have "Workflow 1" with inputs as
  --- table step argument ---
  | Input Var Name |
  | [[a]]          |
-&gt; done: StudioTestFrameworkSteps.GivenIHaveWithInputsAs("Workflow 1", &lt;table&gt;) (0.0s)
And "Workflow 1" has outputs as
  --- table step argument ---
  | Ouput Var Name  |
  | [[outputValue]] |
-&gt; done: StudioTestFrameworkSteps.GivenHasOutputsAs("Workflow 1", &lt;table&gt;) (0.1s)
Given I have "Workflow 2" with inputs as
  --- table step argument ---
  | Input Var Name |
  | [[rec().a]]    |
  | [[rec().b]]    |
-&gt; done: StudioTestFrameworkSteps.GivenIHaveWithInputsAs("Workflow 2", &lt;table&gt;) (0.0s)
And "Workflow 2" has outputs as
  --- table step argument ---
  | Ouput Var Name |
  | [[returnVal]]  |
-&gt; done: StudioTestFrameworkSteps.GivenHasOutputsAs("Workflow 2", &lt;table&gt;) (0.1s)
Given I have "Workflow 3" with inputs as
  --- table step argument ---
  | Input Var Name |
  | [[A]]          |
  | [[B]]          |
  | [[C]]          |
-&gt; done: StudioTestFrameworkSteps.GivenIHaveWithInputsAs("Workflow 3", &lt;table&gt;) (0.0s)
And "Workflow 3" has outputs as
  --- table step argument ---
  | Ouput Var Name |
  | [[message]]    |
-&gt; done: StudioTestFrameworkSteps.GivenHasOutputsAs("Workflow 3", &lt;table&gt;) (0.1s)
Given I have "WorkflowWithTests" with inputs as
  --- table step argument ---
  | Input Var Name |
  | [[input]]      |
-&gt; done: StudioTestFrameworkSteps.GivenIHaveWithInputsAs("WorkflowWithTests", &lt;table&gt;) (0.0s)
And "WorkflowWithTests" has outputs as
  --- table step argument ---
  | Ouput Var Name  |
  | [[outputValue]] |
-&gt; done: StudioTestFrameworkSteps.GivenHasOutputsAs("WorkflowWithTests", &lt;table&gt;) (0.2s)
And "WorkflowWithTests" Tests as
  --- table step argument ---
  | TestName | AuthenticationType | Error | TestFailing | TestPending | TestInvalid | TestPassed |
  | Test1    | Windows            | false | false       | false       | false       | true       |
  | Test2    | Windows            | false | true        | false       | false       | false      |
  | Test3    | Windows            | false | false       | false       | true        | false      |
  | Test4    | Windows            | false | false       | true        | false       | false      |
-&gt; done: StudioTestFrameworkSteps.GivenTestsAs("WorkflowWithTests", &lt;table&gt;) (0.0s)
Given I have a workflow "DeleteFolderTestWF"
-&gt; done: WorkflowExecutionSteps.GivenIHaveAWorkflow("DeleteFolderTestWF") (0.0s)
And "DeleteFolderTestWF" contains an Assign "Assign to create" as
  --- table step argument ---
  | variable    | value           |
  | [[rec().a]] | C:\copied00.txt |
-&gt; done: WorkflowExecutionSteps.ThenContainsAnAssignAs("DeleteFolderTestWF", "Assign to create", &lt;table&gt;) (0.0s)
And "DeleteFolderTestWF" contains an Create "Create1" as
  --- table step argument ---
  | File or Folder | If it exits | Username | Password | Result   |
  | [[rec().a]]    | True        |          |          | [[res1]] |
-&gt; done: WorkflowExecutionSteps.GivenContainsAnCreateAs("DeleteFolderTestWF", "Create1", &lt;table&gt;) (0.0s)
And "DeleteFolderTestWF" contains an Delete Folder "DeleteFolder" as
  --- table step argument ---
  | Recordset   | Result   |
  | [[rec().a]] | [[res2]] |
-&gt; done: WorkflowExecutionSteps.GivenContainsAnDeleteFolderAs("DeleteFolderTestWF", "DeleteFolder", &lt;table&gt;) (0.0s)
And I save workflow "DeleteFolderTestWF"
-&gt; done: WorkflowExecutionSteps.Save("DeleteFolderTestWF") (0.2s)
Then the test builder is open with "DeleteFolderTestWF"
-&gt; done: StudioTestFrameworkSteps.GivenTheTestBuilderIsOpenWith("DeleteFolderTestWF") (0.0s)
And I click New Test
-&gt; done: StudioTestFrameworkSteps.WhenIClickNewTest() (0.0s)
And a new test is added
-&gt; done: StudioTestFrameworkSteps.ThenANewTestIsAdded() (0.0s)
And test name starts with "Test 1"
-&gt; done: StudioTestFrameworkSteps.ThenTestNameStartsWith("Test 1") (0.0s)
And I Add "DeleteFolder" as TestStep
-&gt; done: StudioTestFrameworkSteps.ThenIAddAsTestStep("DeleteFolder") (0.0s)
And I add StepOutputs as
  --- table step argument ---
  | Variable Name | Condition | Value   |
  | [[res2]]      | =         | Success |
-&gt; done: StudioTestFrameworkSteps.ThenIAddStepOutputsAs(&lt;table&gt;) (0.0s)
When I save
-&gt; done: StudioTestFrameworkSteps.WhenISave() (0.0s)
And I run the test
-&gt; done: StudioTestFrameworkSteps.WhenIRunTheTest() (0.1s)
Then test result is Passed
-&gt; done: StudioTestFrameworkSteps.ThenTestResultIsPassed() (0.0s)
When I delete "Test 1"
-&gt; done: StudioTestFrameworkSteps.WhenIDelete("Test 1") (0.0s)
Then The "DeleteConfirmation" popup is shown I click Ok
-&gt; done: StudioTestFrameworkSteps.ThenThePopupIsShownIClickOk("DeleteConfirmation") (0.0s)
Then workflow "DeleteFolderTestWF" is deleted as cleanup
-&gt; done: WorkflowExecutionSteps.ThenWorkflowIsDeletedAsCleanup("DeleteFolderTestWF") (0.0s)</StdOut>
      </Output>
    </UnitTestResult>
    <UnitTestResult executionId="96284a0f-b9b7-4650-91c3-2675b7dc04a5" testId="0a43d5cd-cbe2-011c-a428-d48c79f65844" testName="TestWFWithDataMerge" computerName="ASH" duration="00:00:01.0969702" startTime="2017-03-16T11:49:35.6569167+02:00" endTime="2017-03-16T11:49:36.7556659+02:00" testType="13cdc9d9-ddb5-4fa4-a97d-d965ccfc6d4b" outcome="Passed" testListId="8c84fa94-04c1-424b-9868-57a2d4851a1d" relativeResultsDirectory="96284a0f-b9b7-4650-91c3-2675b7dc04a5">
      <Output>
        <StdOut>Given test folder is cleaned
-&gt; done: StudioTestFrameworkSteps.GivenTestFolderIsCleaned() (0.0s)
And I have "Workflow 1" with inputs as
  --- table step argument ---
  | Input Var Name |
  | [[a]]          |
-&gt; done: StudioTestFrameworkSteps.GivenIHaveWithInputsAs("Workflow 1", &lt;table&gt;) (0.0s)
And "Workflow 1" has outputs as
  --- table step argument ---
  | Ouput Var Name  |
  | [[outputValue]] |
-&gt; done: StudioTestFrameworkSteps.GivenHasOutputsAs("Workflow 1", &lt;table&gt;) (0.1s)
Given I have "Workflow 2" with inputs as
  --- table step argument ---
  | Input Var Name |
  | [[rec().a]]    |
  | [[rec().b]]    |
-&gt; done: StudioTestFrameworkSteps.GivenIHaveWithInputsAs("Workflow 2", &lt;table&gt;) (0.0s)
And "Workflow 2" has outputs as
  --- table step argument ---
  | Ouput Var Name |
  | [[returnVal]]  |
-&gt; done: StudioTestFrameworkSteps.GivenHasOutputsAs("Workflow 2", &lt;table&gt;) (0.1s)
Given I have "Workflow 3" with inputs as
  --- table step argument ---
  | Input Var Name |
  | [[A]]          |
  | [[B]]          |
  | [[C]]          |
-&gt; done: StudioTestFrameworkSteps.GivenIHaveWithInputsAs("Workflow 3", &lt;table&gt;) (0.0s)
And "Workflow 3" has outputs as
  --- table step argument ---
  | Ouput Var Name |
  | [[message]]    |
-&gt; done: StudioTestFrameworkSteps.GivenHasOutputsAs("Workflow 3", &lt;table&gt;) (0.1s)
Given I have "WorkflowWithTests" with inputs as
  --- table step argument ---
  | Input Var Name |
  | [[input]]      |
-&gt; done: StudioTestFrameworkSteps.GivenIHaveWithInputsAs("WorkflowWithTests", &lt;table&gt;) (0.0s)
And "WorkflowWithTests" has outputs as
  --- table step argument ---
  | Ouput Var Name  |
  | [[outputValue]] |
-&gt; done: StudioTestFrameworkSteps.GivenHasOutputsAs("WorkflowWithTests", &lt;table&gt;) (0.2s)
And "WorkflowWithTests" Tests as
  --- table step argument ---
  | TestName | AuthenticationType | Error | TestFailing | TestPending | TestInvalid | TestPassed |
  | Test1    | Windows            | false | false       | false       | false       | true       |
  | Test2    | Windows            | false | true        | false       | false       | false      |
  | Test3    | Windows            | false | false       | false       | true        | false      |
  | Test4    | Windows            | false | false       | true        | false       | false      |
-&gt; done: StudioTestFrameworkSteps.GivenTestsAs("WorkflowWithTests", &lt;table&gt;) (0.0s)
Given I have a workflow "DataMergeTestWF"
-&gt; done: WorkflowExecutionSteps.GivenIHaveAWorkflow("DataMergeTestWF") (0.0s)
And "DataMergeTestWF" contains an Assign "TestAssign" as
  --- table step argument ---
  | variable      | value    |
  | [[a]]         | Test     |
  | [[b]]         | Warewolf |
  | [[split().a]] | Workflow |
-&gt; done: WorkflowExecutionSteps.ThenContainsAnAssignAs("DataMergeTestWF", "TestAssign", &lt;table&gt;) (0.0s)
And "DataMergeTestWF" contains Data Merge "TestDataMerge" into "[[result]]" as
  --- table step argument ---
  | Variable | Type  | Using | Padding | Alignment |
  | [[a]]    | Index | 4     |         | Left      |
  | [[b]]    | Index | 8     |         | Left      |
-&gt; done: WorkflowExecutionSteps.GivenItContainsDataMergeAs("DataMergeTestWF", "TestDataMerge", "[[result]]", &lt;table&gt;) (0.0s)
And I save workflow "DataMergeTestWF"
-&gt; done: WorkflowExecutionSteps.Save("DataMergeTestWF") (0.3s)
Then the test builder is open with "DataMergeTestWF"
-&gt; done: StudioTestFrameworkSteps.GivenTheTestBuilderIsOpenWith("DataMergeTestWF") (0.0s)
And I click New Test
-&gt; done: StudioTestFrameworkSteps.WhenIClickNewTest() (0.0s)
And a new test is added
-&gt; done: StudioTestFrameworkSteps.ThenANewTestIsAdded() (0.0s)
And test name starts with "Test 1"
-&gt; done: StudioTestFrameworkSteps.ThenTestNameStartsWith("Test 1") (0.0s)
And I Add "TestDataMerge" as TestStep
-&gt; done: StudioTestFrameworkSteps.ThenIAddAsTestStep("TestDataMerge") (0.0s)
And I add StepOutputs as
  --- table step argument ---
  | Variable Name | Condition | Value        |
  | [[result]]    | =         | TestWarewolf |
-&gt; done: StudioTestFrameworkSteps.ThenIAddStepOutputsAs(&lt;table&gt;) (0.0s)
When I save
-&gt; done: StudioTestFrameworkSteps.WhenISave() (0.0s)
And I run the test
-&gt; done: StudioTestFrameworkSteps.WhenIRunTheTest() (0.1s)
Then test result is Passed
-&gt; done: StudioTestFrameworkSteps.ThenTestResultIsPassed() (0.0s)
When I delete "Test 1"
-&gt; done: StudioTestFrameworkSteps.WhenIDelete("Test 1") (0.0s)
Then The "DeleteConfirmation" popup is shown I click Ok
-&gt; done: StudioTestFrameworkSteps.ThenThePopupIsShownIClickOk("DeleteConfirmation") (0.0s)
Then workflow "DataMergeTestWF" is deleted as cleanup
-&gt; done: WorkflowExecutionSteps.ThenWorkflowIsDeletedAsCleanup("DataMergeTestWF") (0.0s)</StdOut>
      </Output>
    </UnitTestResult>
    <UnitTestResult executionId="c6862d58-2d44-49f8-a7a0-7bcf8ac0e556" testId="01717870-5e55-3dc9-bb3a-d6f8c5b39631" testName="TestWFWithDataSplit" computerName="ASH" duration="00:00:01.6528419" startTime="2017-03-16T11:49:36.7626675+02:00" endTime="2017-03-16T11:49:38.4172616+02:00" testType="13cdc9d9-ddb5-4fa4-a97d-d965ccfc6d4b" outcome="Passed" testListId="8c84fa94-04c1-424b-9868-57a2d4851a1d" relativeResultsDirectory="c6862d58-2d44-49f8-a7a0-7bcf8ac0e556">
      <Output>
        <StdOut>Given test folder is cleaned
-&gt; done: StudioTestFrameworkSteps.GivenTestFolderIsCleaned() (0.0s)
And I have "Workflow 1" with inputs as
  --- table step argument ---
  | Input Var Name |
  | [[a]]          |
-&gt; done: StudioTestFrameworkSteps.GivenIHaveWithInputsAs("Workflow 1", &lt;table&gt;) (0.0s)
And "Workflow 1" has outputs as
  --- table step argument ---
  | Ouput Var Name  |
  | [[outputValue]] |
-&gt; done: StudioTestFrameworkSteps.GivenHasOutputsAs("Workflow 1", &lt;table&gt;) (0.2s)
Given I have "Workflow 2" with inputs as
  --- table step argument ---
  | Input Var Name |
  | [[rec().a]]    |
  | [[rec().b]]    |
-&gt; done: StudioTestFrameworkSteps.GivenIHaveWithInputsAs("Workflow 2", &lt;table&gt;) (0.0s)
And "Workflow 2" has outputs as
  --- table step argument ---
  | Ouput Var Name |
  | [[returnVal]]  |
-&gt; done: StudioTestFrameworkSteps.GivenHasOutputsAs("Workflow 2", &lt;table&gt;) (0.2s)
Given I have "Workflow 3" with inputs as
  --- table step argument ---
  | Input Var Name |
  | [[A]]          |
  | [[B]]          |
  | [[C]]          |
-&gt; done: StudioTestFrameworkSteps.GivenIHaveWithInputsAs("Workflow 3", &lt;table&gt;) (0.0s)
And "Workflow 3" has outputs as
  --- table step argument ---
  | Ouput Var Name |
  | [[message]]    |
-&gt; done: StudioTestFrameworkSteps.GivenHasOutputsAs("Workflow 3", &lt;table&gt;) (0.2s)
Given I have "WorkflowWithTests" with inputs as
  --- table step argument ---
  | Input Var Name |
  | [[input]]      |
-&gt; done: StudioTestFrameworkSteps.GivenIHaveWithInputsAs("WorkflowWithTests", &lt;table&gt;) (0.0s)
And "WorkflowWithTests" has outputs as
  --- table step argument ---
  | Ouput Var Name  |
  | [[outputValue]] |
-&gt; done: StudioTestFrameworkSteps.GivenHasOutputsAs("WorkflowWithTests", &lt;table&gt;) (0.3s)
And "WorkflowWithTests" Tests as
  --- table step argument ---
  | TestName | AuthenticationType | Error | TestFailing | TestPending | TestInvalid | TestPassed |
  | Test1    | Windows            | false | false       | false       | false       | true       |
  | Test2    | Windows            | false | true        | false       | false       | false      |
  | Test3    | Windows            | false | false       | false       | true        | false      |
  | Test4    | Windows            | false | false       | true        | false       | false      |
-&gt; done: StudioTestFrameworkSteps.GivenTestsAs("WorkflowWithTests", &lt;table&gt;) (0.0s)
Given I have a workflow "DataSplitTestWF"
-&gt; done: WorkflowExecutionSteps.GivenIHaveAWorkflow("DataSplitTestWF") (0.0s)
And "DataSplitTestWF" contains an Assign "TestAssign" as
  --- table step argument ---
  | variable        | value                                                                              |
  | [[FileContent]] | Brad,5546854,brad@mail.com Bob,65548912,bob@mail.com Bill,3215464987,bill@mail.com |
-&gt; done: WorkflowExecutionSteps.ThenContainsAnAssignAs("DataSplitTestWF", "TestAssign", &lt;table&gt;) (0.0s)
And "DataSplitTestWF" contains Data Split "TestDataSplit" as
  --- table step argument ---
  | String          | Variable       | Type  | At | Include | Escape |
  | [[FileContent]] | [[rec().Name]] | Chars | ,  |         |        |
-&gt; done: WorkflowExecutionSteps.GivenItContainsDataSplitAs("DataSplitTestWF", "TestDataSplit", &lt;table&gt;) (0.0s)
And I save workflow "DataSplitTestWF"
-&gt; done: WorkflowExecutionSteps.Save("DataSplitTestWF") (0.3s)
Then the test builder is open with "DataSplitTestWF"
-&gt; done: StudioTestFrameworkSteps.GivenTheTestBuilderIsOpenWith("DataSplitTestWF") (0.0s)
And I click New Test
-&gt; done: StudioTestFrameworkSteps.WhenIClickNewTest() (0.0s)
And a new test is added
-&gt; done: StudioTestFrameworkSteps.ThenANewTestIsAdded() (0.0s)
And test name starts with "Test 1"
-&gt; done: StudioTestFrameworkSteps.ThenTestNameStartsWith("Test 1") (0.0s)
And I Add "TestDataSplit" as TestStep
-&gt; done: StudioTestFrameworkSteps.ThenIAddAsTestStep("TestDataSplit") (0.0s)
And I add StepOutputs as
  --- table step argument ---
  | Variable Name   | Condition | Value             |
  | [[rec(1).Name]] | =         | Brad              |
  | [[rec(2).Name]] | =         | 5546854           |
  | [[rec(3).Name]] | =         | brad@mail.com Bob |
  | [[rec(4).Name]] | =         | 65548912          |
  | [[rec(5).Name]] | =         | bob@mail.com Bill |
  | [[rec(6).Name]] | =         | 3215464987        |
  | [[rec(7).Name]] | =         | bill@mail.com     |
-&gt; done: StudioTestFrameworkSteps.ThenIAddStepOutputsAs(&lt;table&gt;) (0.0s)
When I save
-&gt; done: StudioTestFrameworkSteps.WhenISave() (0.0s)
And I run the test
-&gt; done: StudioTestFrameworkSteps.WhenIRunTheTest() (0.2s)
Then test result is Passed
-&gt; done: StudioTestFrameworkSteps.ThenTestResultIsPassed() (0.0s)
When I delete "Test 1"
-&gt; done: StudioTestFrameworkSteps.WhenIDelete("Test 1") (0.0s)
Then The "DeleteConfirmation" popup is shown I click Ok
-&gt; done: StudioTestFrameworkSteps.ThenThePopupIsShownIClickOk("DeleteConfirmation") (0.0s)
Then workflow "DataSplitTestWF" is deleted as cleanup
-&gt; done: WorkflowExecutionSteps.ThenWorkflowIsDeletedAsCleanup("DataSplitTestWF") (0.1s)</StdOut>
      </Output>
    </UnitTestResult>
    <UnitTestResult executionId="bcbe879d-908f-4a10-a231-1bccd7a00275" testId="48334420-5f7b-32ec-3b64-3ccd55956250" testName="TestWFWithDateTime" computerName="ASH" duration="00:00:01.8002271" startTime="2017-03-16T11:49:38.4212613+02:00" endTime="2017-03-16T11:49:40.2234052+02:00" testType="13cdc9d9-ddb5-4fa4-a97d-d965ccfc6d4b" outcome="Passed" testListId="8c84fa94-04c1-424b-9868-57a2d4851a1d" relativeResultsDirectory="bcbe879d-908f-4a10-a231-1bccd7a00275">
      <Output>
        <StdOut>Given test folder is cleaned
-&gt; done: StudioTestFrameworkSteps.GivenTestFolderIsCleaned() (0.1s)
And I have "Workflow 1" with inputs as
  --- table step argument ---
  | Input Var Name |
  | [[a]]          |
-&gt; done: StudioTestFrameworkSteps.GivenIHaveWithInputsAs("Workflow 1", &lt;table&gt;) (0.0s)
And "Workflow 1" has outputs as
  --- table step argument ---
  | Ouput Var Name  |
  | [[outputValue]] |
-&gt; done: StudioTestFrameworkSteps.GivenHasOutputsAs("Workflow 1", &lt;table&gt;) (0.2s)
Given I have "Workflow 2" with inputs as
  --- table step argument ---
  | Input Var Name |
  | [[rec().a]]    |
  | [[rec().b]]    |
-&gt; done: StudioTestFrameworkSteps.GivenIHaveWithInputsAs("Workflow 2", &lt;table&gt;) (0.0s)
And "Workflow 2" has outputs as
  --- table step argument ---
  | Ouput Var Name |
  | [[returnVal]]  |
-&gt; done: StudioTestFrameworkSteps.GivenHasOutputsAs("Workflow 2", &lt;table&gt;) (0.2s)
Given I have "Workflow 3" with inputs as
  --- table step argument ---
  | Input Var Name |
  | [[A]]          |
  | [[B]]          |
  | [[C]]          |
-&gt; done: StudioTestFrameworkSteps.GivenIHaveWithInputsAs("Workflow 3", &lt;table&gt;) (0.0s)
And "Workflow 3" has outputs as
  --- table step argument ---
  | Ouput Var Name |
  | [[message]]    |
-&gt; done: StudioTestFrameworkSteps.GivenHasOutputsAs("Workflow 3", &lt;table&gt;) (0.3s)
Given I have "WorkflowWithTests" with inputs as
  --- table step argument ---
  | Input Var Name |
  | [[input]]      |
-&gt; done: StudioTestFrameworkSteps.GivenIHaveWithInputsAs("WorkflowWithTests", &lt;table&gt;) (0.0s)
And "WorkflowWithTests" has outputs as
  --- table step argument ---
  | Ouput Var Name  |
  | [[outputValue]] |
-&gt; done: StudioTestFrameworkSteps.GivenHasOutputsAs("WorkflowWithTests", &lt;table&gt;) (0.3s)
And "WorkflowWithTests" Tests as
  --- table step argument ---
  | TestName | AuthenticationType | Error | TestFailing | TestPending | TestInvalid | TestPassed |
  | Test1    | Windows            | false | false       | false       | false       | true       |
  | Test2    | Windows            | false | true        | false       | false       | false      |
  | Test3    | Windows            | false | false       | false       | true        | false      |
  | Test4    | Windows            | false | false       | true        | false       | false      |
-&gt; done: StudioTestFrameworkSteps.GivenTestsAs("WorkflowWithTests", &lt;table&gt;) (0.1s)
Given I have a workflow "DateTimeTestWF"
-&gt; done: WorkflowExecutionSteps.GivenIHaveAWorkflow("DateTimeTestWF") (0.0s)
And "DateTimeTestWF" contains Date and Time "AddDate" as
  --- table step argument ---
  | Input      | Input Format | Add Time | Output Format | Result     |
  | 12 03 2016 | dd mm yyyy   |          | yy mm dd      | [[result]] |
-&gt; done: WorkflowExecutionSteps.GivenItContainsDateAndTimeAs("DateTimeTestWF", "AddDate", &lt;table&gt;) (0.0s)
And I save workflow "DateTimeTestWF"
-&gt; done: WorkflowExecutionSteps.Save("DateTimeTestWF") (0.3s)
Then the test builder is open with "DateTimeTestWF"
-&gt; done: StudioTestFrameworkSteps.GivenTheTestBuilderIsOpenWith("DateTimeTestWF") (0.0s)
And I click New Test
-&gt; done: StudioTestFrameworkSteps.WhenIClickNewTest() (0.0s)
And a new test is added
-&gt; done: StudioTestFrameworkSteps.ThenANewTestIsAdded() (0.0s)
And test name starts with "Test 1"
-&gt; done: StudioTestFrameworkSteps.ThenTestNameStartsWith("Test 1") (0.0s)
And I Add "AddDate" as TestStep
-&gt; done: StudioTestFrameworkSteps.ThenIAddAsTestStep("AddDate") (0.0s)
And I add StepOutputs as
  --- table step argument ---
  | Variable Name | Condition | Value    |
  | [[result]]    | =         | 16 03 12 |
-&gt; done: StudioTestFrameworkSteps.ThenIAddStepOutputsAs(&lt;table&gt;) (0.0s)
When I save
-&gt; done: StudioTestFrameworkSteps.WhenISave() (0.1s)
And I run the test
-&gt; done: StudioTestFrameworkSteps.WhenIRunTheTest() (0.3s)
Then test result is Passed
-&gt; done: StudioTestFrameworkSteps.ThenTestResultIsPassed() (0.0s)
When I delete "Test 1"
-&gt; done: StudioTestFrameworkSteps.WhenIDelete("Test 1") (0.0s)
Then The "DeleteConfirmation" popup is shown I click Ok
-&gt; done: StudioTestFrameworkSteps.ThenThePopupIsShownIClickOk("DeleteConfirmation") (0.0s)
Then workflow "DateTimeTestWF" is deleted as cleanup
-&gt; done: WorkflowExecutionSteps.ThenWorkflowIsDeletedAsCleanup("DateTimeTestWF") (0.1s)</StdOut>
      </Output>
    </UnitTestResult>
    <UnitTestResult executionId="0a023b91-87ec-48a9-b80c-b3ec474e7ee5" testId="9393488f-da3f-a59c-804f-a6846861e5f3" testName="TestWFWithDateTimeDiff" computerName="ASH" duration="00:00:01.2741328" startTime="2017-03-16T11:49:40.2304034+02:00" endTime="2017-03-16T11:49:41.5070090+02:00" testType="13cdc9d9-ddb5-4fa4-a97d-d965ccfc6d4b" outcome="Passed" testListId="8c84fa94-04c1-424b-9868-57a2d4851a1d" relativeResultsDirectory="0a023b91-87ec-48a9-b80c-b3ec474e7ee5">
      <Output>
        <StdOut>Given test folder is cleaned
-&gt; done: StudioTestFrameworkSteps.GivenTestFolderIsCleaned() (0.1s)
And I have "Workflow 1" with inputs as
  --- table step argument ---
  | Input Var Name |
  | [[a]]          |
-&gt; done: StudioTestFrameworkSteps.GivenIHaveWithInputsAs("Workflow 1", &lt;table&gt;) (0.0s)
And "Workflow 1" has outputs as
  --- table step argument ---
  | Ouput Var Name  |
  | [[outputValue]] |
-&gt; done: StudioTestFrameworkSteps.GivenHasOutputsAs("Workflow 1", &lt;table&gt;) (0.1s)
Given I have "Workflow 2" with inputs as
  --- table step argument ---
  | Input Var Name |
  | [[rec().a]]    |
  | [[rec().b]]    |
-&gt; done: StudioTestFrameworkSteps.GivenIHaveWithInputsAs("Workflow 2", &lt;table&gt;) (0.0s)
And "Workflow 2" has outputs as
  --- table step argument ---
  | Ouput Var Name |
  | [[returnVal]]  |
-&gt; done: StudioTestFrameworkSteps.GivenHasOutputsAs("Workflow 2", &lt;table&gt;) (0.1s)
Given I have "Workflow 3" with inputs as
  --- table step argument ---
  | Input Var Name |
  | [[A]]          |
  | [[B]]          |
  | [[C]]          |
-&gt; done: StudioTestFrameworkSteps.GivenIHaveWithInputsAs("Workflow 3", &lt;table&gt;) (0.0s)
And "Workflow 3" has outputs as
  --- table step argument ---
  | Ouput Var Name |
  | [[message]]    |
-&gt; done: StudioTestFrameworkSteps.GivenHasOutputsAs("Workflow 3", &lt;table&gt;) (0.1s)
Given I have "WorkflowWithTests" with inputs as
  --- table step argument ---
  | Input Var Name |
  | [[input]]      |
-&gt; done: StudioTestFrameworkSteps.GivenIHaveWithInputsAs("WorkflowWithTests", &lt;table&gt;) (0.0s)
And "WorkflowWithTests" has outputs as
  --- table step argument ---
  | Ouput Var Name  |
  | [[outputValue]] |
-&gt; done: StudioTestFrameworkSteps.GivenHasOutputsAs("WorkflowWithTests", &lt;table&gt;) (0.2s)
And "WorkflowWithTests" Tests as
  --- table step argument ---
  | TestName | AuthenticationType | Error | TestFailing | TestPending | TestInvalid | TestPassed |
  | Test1    | Windows            | false | false       | false       | false       | true       |
  | Test2    | Windows            | false | true        | false       | false       | false      |
  | Test3    | Windows            | false | false       | false       | true        | false      |
  | Test4    | Windows            | false | false       | true        | false       | false      |
-&gt; done: StudioTestFrameworkSteps.GivenTestsAs("WorkflowWithTests", &lt;table&gt;) (0.0s)
Given I have a workflow "DateTimeDiffTestWF"
-&gt; done: WorkflowExecutionSteps.GivenIHaveAWorkflow("DateTimeDiffTestWF") (0.0s)
And "DateTimeDiffTestWF" contains Date and Time Difference "DateTimedif" as
  --- table step argument ---
  | Input1     | Input2     | Input Format | Output In | Result     |
  | 02 03 2016 | 16 11 2016 | dd mm yyyy   | Days      | [[result]] |
-&gt; done: WorkflowExecutionSteps.GivenItContainsDateAndTimeDifferenceAs("DateTimeDiffTestWF", "DateTimedif", &lt;table&gt;) (0.0s)
And I save workflow "DateTimeDiffTestWF"
-&gt; done: WorkflowExecutionSteps.Save("DateTimeDiffTestWF") (0.2s)
Then the test builder is open with "DateTimeDiffTestWF"
-&gt; done: StudioTestFrameworkSteps.GivenTheTestBuilderIsOpenWith("DateTimeDiffTestWF") (0.0s)
And I click New Test
-&gt; done: StudioTestFrameworkSteps.WhenIClickNewTest() (0.0s)
And a new test is added
-&gt; done: StudioTestFrameworkSteps.ThenANewTestIsAdded() (0.0s)
And test name starts with "Test 1"
-&gt; done: StudioTestFrameworkSteps.ThenTestNameStartsWith("Test 1") (0.0s)
And I Add "DateTimedif" as TestStep
-&gt; done: StudioTestFrameworkSteps.ThenIAddAsTestStep("DateTimedif") (0.0s)
And I add StepOutputs as
  --- table step argument ---
  | Variable Name | Condition | Value |
  | [[result]]    | =         | 259   |
-&gt; done: StudioTestFrameworkSteps.ThenIAddStepOutputsAs(&lt;table&gt;) (0.0s)
When I save
-&gt; done: StudioTestFrameworkSteps.WhenISave() (0.0s)
And I run the test
-&gt; done: StudioTestFrameworkSteps.WhenIRunTheTest() (0.2s)
Then test result is Passed
-&gt; done: StudioTestFrameworkSteps.ThenTestResultIsPassed() (0.0s)
When I delete "Test 1"
-&gt; done: StudioTestFrameworkSteps.WhenIDelete("Test 1") (0.0s)
Then The "DeleteConfirmation" popup is shown I click Ok
-&gt; done: StudioTestFrameworkSteps.ThenThePopupIsShownIClickOk("DeleteConfirmation") (0.0s)
Then workflow "DateTimeDiffTestWF" is deleted as cleanup
-&gt; done: WorkflowExecutionSteps.ThenWorkflowIsDeletedAsCleanup("DateTimeDiffTestWF") (0.1s)</StdOut>
      </Output>
    </UnitTestResult>
    <UnitTestResult executionId="4758d2a6-8cfc-4cb4-b460-faf59281935c" testId="13e8f521-666a-180f-ceb0-0969313ba61a" testName="TestWFWithDecision" computerName="ASH" duration="00:00:01.9739808" startTime="2017-03-16T11:49:41.5110084+02:00" endTime="2017-03-16T11:49:43.4880106+02:00" testType="13cdc9d9-ddb5-4fa4-a97d-d965ccfc6d4b" outcome="Passed" testListId="8c84fa94-04c1-424b-9868-57a2d4851a1d" relativeResultsDirectory="4758d2a6-8cfc-4cb4-b460-faf59281935c">
      <Output>
        <StdOut>Given test folder is cleaned
-&gt; done: StudioTestFrameworkSteps.GivenTestFolderIsCleaned() (0.1s)
And I have "Workflow 1" with inputs as
  --- table step argument ---
  | Input Var Name |
  | [[a]]          |
-&gt; done: StudioTestFrameworkSteps.GivenIHaveWithInputsAs("Workflow 1", &lt;table&gt;) (0.0s)
And "Workflow 1" has outputs as
  --- table step argument ---
  | Ouput Var Name  |
  | [[outputValue]] |
-&gt; done: StudioTestFrameworkSteps.GivenHasOutputsAs("Workflow 1", &lt;table&gt;) (0.3s)
Given I have "Workflow 2" with inputs as
  --- table step argument ---
  | Input Var Name |
  | [[rec().a]]    |
  | [[rec().b]]    |
-&gt; done: StudioTestFrameworkSteps.GivenIHaveWithInputsAs("Workflow 2", &lt;table&gt;) (0.0s)
And "Workflow 2" has outputs as
  --- table step argument ---
  | Ouput Var Name |
  | [[returnVal]]  |
-&gt; done: StudioTestFrameworkSteps.GivenHasOutputsAs("Workflow 2", &lt;table&gt;) (0.3s)
Given I have "Workflow 3" with inputs as
  --- table step argument ---
  | Input Var Name |
  | [[A]]          |
  | [[B]]          |
  | [[C]]          |
-&gt; done: StudioTestFrameworkSteps.GivenIHaveWithInputsAs("Workflow 3", &lt;table&gt;) (0.0s)
And "Workflow 3" has outputs as
  --- table step argument ---
  | Ouput Var Name |
  | [[message]]    |
-&gt; done: StudioTestFrameworkSteps.GivenHasOutputsAs("Workflow 3", &lt;table&gt;) (0.1s)
Given I have "WorkflowWithTests" with inputs as
  --- table step argument ---
  | Input Var Name |
  | [[input]]      |
-&gt; done: StudioTestFrameworkSteps.GivenIHaveWithInputsAs("WorkflowWithTests", &lt;table&gt;) (0.0s)
And "WorkflowWithTests" has outputs as
  --- table step argument ---
  | Ouput Var Name  |
  | [[outputValue]] |
-&gt; done: StudioTestFrameworkSteps.GivenHasOutputsAs("WorkflowWithTests", &lt;table&gt;) (0.2s)
And "WorkflowWithTests" Tests as
  --- table step argument ---
  | TestName | AuthenticationType | Error | TestFailing | TestPending | TestInvalid | TestPassed |
  | Test1    | Windows            | false | false       | false       | false       | true       |
  | Test2    | Windows            | false | true        | false       | false       | false      |
  | Test3    | Windows            | false | false       | false       | true        | false      |
  | Test4    | Windows            | false | false       | true        | false       | false      |
-&gt; done: StudioTestFrameworkSteps.GivenTestsAs("WorkflowWithTests", &lt;table&gt;) (0.1s)
Given I have a workflow "DecisionTestWF"
-&gt; done: WorkflowExecutionSteps.GivenIHaveAWorkflow("DecisionTestWF") (0.0s)
And "DecisionTestWF" contains an Assign "TestAssign" as
  --- table step argument ---
  | variable | value |
  | [[A]]    | 30    |
-&gt; done: WorkflowExecutionSteps.ThenContainsAnAssignAs("DecisionTestWF", "TestAssign", &lt;table&gt;) (0.0s)
And a decision variable "[[A]]" value "30"
-&gt; done: StudioTestFrameworkSteps.GivenADecisionVariableValue("[[A]]", "30") (0.0s)
And decide if "[[A]]" "IsAlphanumeric"
-&gt; done: StudioTestFrameworkSteps.GivenDecideIf("[[A]]", "IsAlphanumeric") (0.0s)
And I save workflow "DecisionTestWF"
-&gt; done: WorkflowExecutionSteps.Save("DecisionTestWF") (0.7s)
Then the test builder is open with "DecisionTestWF"
-&gt; done: StudioTestFrameworkSteps.GivenTheTestBuilderIsOpenWith("DecisionTestWF") (0.0s)
And I click New Test
-&gt; done: StudioTestFrameworkSteps.WhenIClickNewTest() (0.0s)
And a new test is added
-&gt; done: StudioTestFrameworkSteps.ThenANewTestIsAdded() (0.0s)
And test name starts with "Test 1"
-&gt; done: StudioTestFrameworkSteps.ThenTestNameStartsWith("Test 1") (0.0s)
And I Add "TestDecision" as TestStep
-&gt; done: StudioTestFrameworkSteps.ThenIAddAsTestStep("TestDecision") (0.0s)
And I add Assert steps as
  --- table step argument ---
  | Step Name                  | Output Variable | Output Value | Activity Type |
  | If [[Name]] &lt;&gt; (Not Equal) | Flow Arm        | True         | Decision      |
-&gt; done: StudioTestFrameworkSteps.ThenIAddAssertStepsAs(&lt;table&gt;) (0.0s)
When I save
-&gt; done: StudioTestFrameworkSteps.WhenISave() (0.0s)
And I run the test
-&gt; done: StudioTestFrameworkSteps.WhenIRunTheTest() (0.0s)
Then test result is Passed
-&gt; done: StudioTestFrameworkSteps.ThenTestResultIsPassed() (0.0s)
When I delete "Test 1"
-&gt; done: StudioTestFrameworkSteps.WhenIDelete("Test 1") (0.0s)
Then The "DeleteConfirmation" popup is shown I click Ok
-&gt; done: StudioTestFrameworkSteps.ThenThePopupIsShownIClickOk("DeleteConfirmation") (0.0s)
Then workflow "DecisionTestWF" is deleted as cleanup
-&gt; done: WorkflowExecutionSteps.ThenWorkflowIsDeletedAsCleanup("DecisionTestWF") (0.0s)</StdOut>
      </Output>
    </UnitTestResult>
    <UnitTestResult executionId="7dcc480d-95c6-49b2-8b87-ecb2d930330f" testId="85d05142-6e5e-7197-4024-dfbf3471069e" testName="TestWFWithDeleteRecords" computerName="ASH" duration="00:00:01.3732502" startTime="2017-03-16T11:49:43.4930107+02:00" endTime="2017-03-16T11:49:44.8682806+02:00" testType="13cdc9d9-ddb5-4fa4-a97d-d965ccfc6d4b" outcome="Passed" testListId="8c84fa94-04c1-424b-9868-57a2d4851a1d" relativeResultsDirectory="7dcc480d-95c6-49b2-8b87-ecb2d930330f">
      <Output>
        <StdOut>Given test folder is cleaned
-&gt; done: StudioTestFrameworkSteps.GivenTestFolderIsCleaned() (0.0s)
And I have "Workflow 1" with inputs as
  --- table step argument ---
  | Input Var Name |
  | [[a]]          |
-&gt; done: StudioTestFrameworkSteps.GivenIHaveWithInputsAs("Workflow 1", &lt;table&gt;) (0.0s)
And "Workflow 1" has outputs as
  --- table step argument ---
  | Ouput Var Name  |
  | [[outputValue]] |
-&gt; done: StudioTestFrameworkSteps.GivenHasOutputsAs("Workflow 1", &lt;table&gt;) (0.2s)
Given I have "Workflow 2" with inputs as
  --- table step argument ---
  | Input Var Name |
  | [[rec().a]]    |
  | [[rec().b]]    |
-&gt; done: StudioTestFrameworkSteps.GivenIHaveWithInputsAs("Workflow 2", &lt;table&gt;) (0.0s)
And "Workflow 2" has outputs as
  --- table step argument ---
  | Ouput Var Name |
  | [[returnVal]]  |
-&gt; done: StudioTestFrameworkSteps.GivenHasOutputsAs("Workflow 2", &lt;table&gt;) (0.2s)
Given I have "Workflow 3" with inputs as
  --- table step argument ---
  | Input Var Name |
  | [[A]]          |
  | [[B]]          |
  | [[C]]          |
-&gt; done: StudioTestFrameworkSteps.GivenIHaveWithInputsAs("Workflow 3", &lt;table&gt;) (0.0s)
And "Workflow 3" has outputs as
  --- table step argument ---
  | Ouput Var Name |
  | [[message]]    |
-&gt; done: StudioTestFrameworkSteps.GivenHasOutputsAs("Workflow 3", &lt;table&gt;) (0.2s)
Given I have "WorkflowWithTests" with inputs as
  --- table step argument ---
  | Input Var Name |
  | [[input]]      |
-&gt; done: StudioTestFrameworkSteps.GivenIHaveWithInputsAs("WorkflowWithTests", &lt;table&gt;) (0.0s)
And "WorkflowWithTests" has outputs as
  --- table step argument ---
  | Ouput Var Name  |
  | [[outputValue]] |
-&gt; done: StudioTestFrameworkSteps.GivenHasOutputsAs("WorkflowWithTests", &lt;table&gt;) (0.2s)
And "WorkflowWithTests" Tests as
  --- table step argument ---
  | TestName | AuthenticationType | Error | TestFailing | TestPending | TestInvalid | TestPassed |
  | Test1    | Windows            | false | false       | false       | false       | true       |
  | Test2    | Windows            | false | true        | false       | false       | false      |
  | Test3    | Windows            | false | false       | false       | true        | false      |
  | Test4    | Windows            | false | false       | true        | false       | false      |
-&gt; done: StudioTestFrameworkSteps.GivenTestsAs("WorkflowWithTests", &lt;table&gt;) (0.1s)
Given I have a workflow "DeleteRecTestWF"
-&gt; done: WorkflowExecutionSteps.GivenIHaveAWorkflow("DeleteRecTestWF") (0.0s)
And "DeleteRecTestWF" contains an Assign "Assign to delete" as
  --- table step argument ---
  | variable    | value |
  | [[rec().a]] | 50    |
-&gt; done: WorkflowExecutionSteps.ThenContainsAnAssignAs("DeleteRecTestWF", "Assign to delete", &lt;table&gt;) (0.0s)
And "DeleteRecTestWF" contains Delete "Delet1" as
  --- table step argument ---
  | Variable   | result     |
  | [[rec(1)]] | [[result]] |
-&gt; done: WorkflowExecutionSteps.GivenItContainsDeleteAs("DeleteRecTestWF", "Delet1", &lt;table&gt;) (0.0s)
And I save workflow "DeleteRecTestWF"
-&gt; done: WorkflowExecutionSteps.Save("DeleteRecTestWF") (0.2s)
Then the test builder is open with "DeleteRecTestWF"
-&gt; done: StudioTestFrameworkSteps.GivenTheTestBuilderIsOpenWith("DeleteRecTestWF") (0.0s)
And I click New Test
-&gt; done: StudioTestFrameworkSteps.WhenIClickNewTest() (0.0s)
And a new test is added
-&gt; done: StudioTestFrameworkSteps.ThenANewTestIsAdded() (0.0s)
And test name starts with "Test 1"
-&gt; done: StudioTestFrameworkSteps.ThenTestNameStartsWith("Test 1") (0.0s)
And I Add "Delet1" as TestStep
-&gt; done: StudioTestFrameworkSteps.ThenIAddAsTestStep("Delet1") (0.0s)
And I add StepOutputs as
  --- table step argument ---
  | Variable Name | Condition | Value   |
  | [[result]]    | =         | Success |
-&gt; done: StudioTestFrameworkSteps.ThenIAddStepOutputsAs(&lt;table&gt;) (0.0s)
When I save
-&gt; done: StudioTestFrameworkSteps.WhenISave() (0.0s)
And I run the test
-&gt; done: StudioTestFrameworkSteps.WhenIRunTheTest() (0.1s)
Then test result is Passed
-&gt; done: StudioTestFrameworkSteps.ThenTestResultIsPassed() (0.0s)
When I delete "Test 1"
-&gt; done: StudioTestFrameworkSteps.WhenIDelete("Test 1") (0.0s)
Then The "DeleteConfirmation" popup is shown I click Ok
-&gt; done: StudioTestFrameworkSteps.ThenThePopupIsShownIClickOk("DeleteConfirmation") (0.0s)
Then workflow "DeleteRecTestWF" is deleted as cleanup
-&gt; done: WorkflowExecutionSteps.ThenWorkflowIsDeletedAsCleanup("DeleteRecTestWF") (0.0s)</StdOut>
      </Output>
    </UnitTestResult>
    <UnitTestResult executionId="450145e8-9348-4ade-a070-800def115943" testId="4066a9a2-2586-1d03-88a9-c70399428371" testName="TestWFWithFindIndex" computerName="ASH" duration="00:00:01.3648322" startTime="2017-03-16T11:49:44.8712779+02:00" endTime="2017-03-16T11:49:46.2393594+02:00" testType="13cdc9d9-ddb5-4fa4-a97d-d965ccfc6d4b" outcome="Passed" testListId="8c84fa94-04c1-424b-9868-57a2d4851a1d" relativeResultsDirectory="450145e8-9348-4ade-a070-800def115943">
      <Output>
        <StdOut>Given test folder is cleaned
-&gt; done: StudioTestFrameworkSteps.GivenTestFolderIsCleaned() (0.0s)
And I have "Workflow 1" with inputs as
  --- table step argument ---
  | Input Var Name |
  | [[a]]          |
-&gt; done: StudioTestFrameworkSteps.GivenIHaveWithInputsAs("Workflow 1", &lt;table&gt;) (0.0s)
And "Workflow 1" has outputs as
  --- table step argument ---
  | Ouput Var Name  |
  | [[outputValue]] |
-&gt; done: StudioTestFrameworkSteps.GivenHasOutputsAs("Workflow 1", &lt;table&gt;) (0.1s)
Given I have "Workflow 2" with inputs as
  --- table step argument ---
  | Input Var Name |
  | [[rec().a]]    |
  | [[rec().b]]    |
-&gt; done: StudioTestFrameworkSteps.GivenIHaveWithInputsAs("Workflow 2", &lt;table&gt;) (0.0s)
And "Workflow 2" has outputs as
  --- table step argument ---
  | Ouput Var Name |
  | [[returnVal]]  |
-&gt; done: StudioTestFrameworkSteps.GivenHasOutputsAs("Workflow 2", &lt;table&gt;) (0.2s)
Given I have "Workflow 3" with inputs as
  --- table step argument ---
  | Input Var Name |
  | [[A]]          |
  | [[B]]          |
  | [[C]]          |
-&gt; done: StudioTestFrameworkSteps.GivenIHaveWithInputsAs("Workflow 3", &lt;table&gt;) (0.0s)
And "Workflow 3" has outputs as
  --- table step argument ---
  | Ouput Var Name |
  | [[message]]    |
-&gt; done: StudioTestFrameworkSteps.GivenHasOutputsAs("Workflow 3", &lt;table&gt;) (0.2s)
Given I have "WorkflowWithTests" with inputs as
  --- table step argument ---
  | Input Var Name |
  | [[input]]      |
-&gt; done: StudioTestFrameworkSteps.GivenIHaveWithInputsAs("WorkflowWithTests", &lt;table&gt;) (0.0s)
And "WorkflowWithTests" has outputs as
  --- table step argument ---
  | Ouput Var Name  |
  | [[outputValue]] |
-&gt; done: StudioTestFrameworkSteps.GivenHasOutputsAs("WorkflowWithTests", &lt;table&gt;) (0.2s)
And "WorkflowWithTests" Tests as
  --- table step argument ---
  | TestName | AuthenticationType | Error | TestFailing | TestPending | TestInvalid | TestPassed |
  | Test1    | Windows            | false | false       | false       | false       | true       |
  | Test2    | Windows            | false | true        | false       | false       | false      |
  | Test3    | Windows            | false | false       | false       | true        | false      |
  | Test4    | Windows            | false | false       | true        | false       | false      |
-&gt; done: StudioTestFrameworkSteps.GivenTestsAs("WorkflowWithTests", &lt;table&gt;) (0.1s)
Given I have a workflow "FindIndexTestWF"
-&gt; done: WorkflowExecutionSteps.GivenIHaveAWorkflow("FindIndexTestWF") (0.0s)
And "FindIndexTestWF" contains an Assign "TestAssign" as
  --- table step argument ---
  | variable    | value    |
  | [[rec().a]] | test     |
  | [[rec().b]] | nothing  |
  | [[rec().a]] | warewolf |
  | [[rec().b]] | nothing  |
-&gt; done: WorkflowExecutionSteps.ThenContainsAnAssignAs("FindIndexTestWF", "TestAssign", &lt;table&gt;) (0.0s)
And "FindIndexTestWF" contains Find Index "TestIndex" into "[[indexResult]]" as
  --- table step argument ---
  | In Fields   | Index           | Character | Direction     |
  | [[rec().a]] | First Occurence | e         | Left to Right |
-&gt; done: WorkflowExecutionSteps.GivenItContainsFindIndexIntoAs("FindIndexTestWF", "TestIndex", "[[indexResult]]", &lt;table&gt;) (0.0s)
And I save workflow "FindIndexTestWF"
-&gt; done: WorkflowExecutionSteps.Save("FindIndexTestWF") (0.3s)
Then the test builder is open with "FindIndexTestWF"
-&gt; done: StudioTestFrameworkSteps.GivenTheTestBuilderIsOpenWith("FindIndexTestWF") (0.0s)
And I click New Test
-&gt; done: StudioTestFrameworkSteps.WhenIClickNewTest() (0.0s)
And a new test is added
-&gt; done: StudioTestFrameworkSteps.ThenANewTestIsAdded() (0.0s)
And test name starts with "Test 1"
-&gt; done: StudioTestFrameworkSteps.ThenTestNameStartsWith("Test 1") (0.0s)
And I Add "TestIndex" as TestStep
-&gt; done: StudioTestFrameworkSteps.ThenIAddAsTestStep("TestIndex") (0.0s)
And I add StepOutputs as
  --- table step argument ---
  | Variable Name   | Condition | Value |
  | [[indexResult]] | =         | 4     |
-&gt; done: StudioTestFrameworkSteps.ThenIAddStepOutputsAs(&lt;table&gt;) (0.0s)
When I save
-&gt; done: StudioTestFrameworkSteps.WhenISave() (0.0s)
And I run the test
-&gt; done: StudioTestFrameworkSteps.WhenIRunTheTest() (0.1s)
Then test result is Passed
-&gt; done: StudioTestFrameworkSteps.ThenTestResultIsPassed() (0.0s)
When I delete "Test 1"
-&gt; done: StudioTestFrameworkSteps.WhenIDelete("Test 1") (0.0s)
Then The "DeleteConfirmation" popup is shown I click Ok
-&gt; done: StudioTestFrameworkSteps.ThenThePopupIsShownIClickOk("DeleteConfirmation") (0.0s)
Then workflow "FindIndexTestWF" is deleted as cleanup
-&gt; done: WorkflowExecutionSteps.ThenWorkflowIsDeletedAsCleanup("FindIndexTestWF") (0.0s)</StdOut>
      </Output>
    </UnitTestResult>
    <UnitTestResult executionId="95cdc4ce-f768-43dd-8496-15877852be12" testId="2f1cb035-6c44-f9dd-fc2c-33e0b082e397" testName="TestWFWithFindRecords" computerName="ASH" duration="00:00:01.1709333" startTime="2017-03-16T11:49:46.2433643+02:00" endTime="2017-03-16T11:49:47.4162860+02:00" testType="13cdc9d9-ddb5-4fa4-a97d-d965ccfc6d4b" outcome="Passed" testListId="8c84fa94-04c1-424b-9868-57a2d4851a1d" relativeResultsDirectory="95cdc4ce-f768-43dd-8496-15877852be12">
      <Output>
        <StdOut>Given test folder is cleaned
-&gt; done: StudioTestFrameworkSteps.GivenTestFolderIsCleaned() (0.0s)
And I have "Workflow 1" with inputs as
  --- table step argument ---
  | Input Var Name |
  | [[a]]          |
-&gt; done: StudioTestFrameworkSteps.GivenIHaveWithInputsAs("Workflow 1", &lt;table&gt;) (0.0s)
And "Workflow 1" has outputs as
  --- table step argument ---
  | Ouput Var Name  |
  | [[outputValue]] |
-&gt; done: StudioTestFrameworkSteps.GivenHasOutputsAs("Workflow 1", &lt;table&gt;) (0.1s)
Given I have "Workflow 2" with inputs as
  --- table step argument ---
  | Input Var Name |
  | [[rec().a]]    |
  | [[rec().b]]    |
-&gt; done: StudioTestFrameworkSteps.GivenIHaveWithInputsAs("Workflow 2", &lt;table&gt;) (0.0s)
And "Workflow 2" has outputs as
  --- table step argument ---
  | Ouput Var Name |
  | [[returnVal]]  |
-&gt; done: StudioTestFrameworkSteps.GivenHasOutputsAs("Workflow 2", &lt;table&gt;) (0.1s)
Given I have "Workflow 3" with inputs as
  --- table step argument ---
  | Input Var Name |
  | [[A]]          |
  | [[B]]          |
  | [[C]]          |
-&gt; done: StudioTestFrameworkSteps.GivenIHaveWithInputsAs("Workflow 3", &lt;table&gt;) (0.0s)
And "Workflow 3" has outputs as
  --- table step argument ---
  | Ouput Var Name |
  | [[message]]    |
-&gt; done: StudioTestFrameworkSteps.GivenHasOutputsAs("Workflow 3", &lt;table&gt;) (0.2s)
Given I have "WorkflowWithTests" with inputs as
  --- table step argument ---
  | Input Var Name |
  | [[input]]      |
-&gt; done: StudioTestFrameworkSteps.GivenIHaveWithInputsAs("WorkflowWithTests", &lt;table&gt;) (0.0s)
And "WorkflowWithTests" has outputs as
  --- table step argument ---
  | Ouput Var Name  |
  | [[outputValue]] |
-&gt; done: StudioTestFrameworkSteps.GivenHasOutputsAs("WorkflowWithTests", &lt;table&gt;) (0.2s)
And "WorkflowWithTests" Tests as
  --- table step argument ---
  | TestName | AuthenticationType | Error | TestFailing | TestPending | TestInvalid | TestPassed |
  | Test1    | Windows            | false | false       | false       | false       | true       |
  | Test2    | Windows            | false | true        | false       | false       | false      |
  | Test3    | Windows            | false | false       | false       | true        | false      |
  | Test4    | Windows            | false | false       | true        | false       | false      |
-&gt; done: StudioTestFrameworkSteps.GivenTestsAs("WorkflowWithTests", &lt;table&gt;) (0.0s)
Given I have a workflow "FindRecTestWF"
-&gt; done: WorkflowExecutionSteps.GivenIHaveAWorkflow("FindRecTestWF") (0.0s)
And "FindRecTestWF" contains an Assign "Record" as
  --- table step argument ---
  | variable     | value |
  | [[rec(1).a]] | 23    |
  | [[rec(2).a]] | 34    |
  | [[rec(3).a]] | 10    |
-&gt; done: WorkflowExecutionSteps.ThenContainsAnAssignAs("FindRecTestWF", "Record", &lt;table&gt;) (0.0s)
And "FindRecTestWF" contains Find Record Index "FindRecord0" into result as "[[result]]"
  --- table step argument ---
  | # | In Field    | # | Match Type | Match | Require All Matches To Be True | Require All Fields To Match |
  | # | [[rec().a]] | 1 | =          | 34    | YES                            | NO                          |
-&gt; done: WorkflowExecutionSteps.GivenContainsFindRecordIndexIntoResultAs("FindRecTestWF", "FindRecord0", "[[result]]", &lt;table&gt;) (0.0s)
And I save workflow "FindRecTestWF"
-&gt; done: WorkflowExecutionSteps.Save("FindRecTestWF") (0.2s)
Then the test builder is open with "FindRecTestWF"
-&gt; done: StudioTestFrameworkSteps.GivenTheTestBuilderIsOpenWith("FindRecTestWF") (0.0s)
And I click New Test
-&gt; done: StudioTestFrameworkSteps.WhenIClickNewTest() (0.0s)
And a new test is added
-&gt; done: StudioTestFrameworkSteps.ThenANewTestIsAdded() (0.0s)
And test name starts with "Test 1"
-&gt; done: StudioTestFrameworkSteps.ThenTestNameStartsWith("Test 1") (0.0s)
And I Add "FindRecord0" as TestStep
-&gt; done: StudioTestFrameworkSteps.ThenIAddAsTestStep("FindRecord0") (0.0s)
And I add StepOutputs as
  --- table step argument ---
  | Variable Name | Condition | Value |
  | [[result]]    | =         | 2     |
-&gt; done: StudioTestFrameworkSteps.ThenIAddStepOutputsAs(&lt;table&gt;) (0.0s)
When I save
-&gt; done: StudioTestFrameworkSteps.WhenISave() (0.0s)
And I run the test
-&gt; done: StudioTestFrameworkSteps.WhenIRunTheTest() (0.1s)
Then test result is Passed
-&gt; done: StudioTestFrameworkSteps.ThenTestResultIsPassed() (0.0s)
When I delete "Test 1"
-&gt; done: StudioTestFrameworkSteps.WhenIDelete("Test 1") (0.0s)
Then The "DeleteConfirmation" popup is shown I click Ok
-&gt; done: StudioTestFrameworkSteps.ThenThePopupIsShownIClickOk("DeleteConfirmation") (0.0s)
Then workflow "FindRecTestWF" is deleted as cleanup
-&gt; done: WorkflowExecutionSteps.ThenWorkflowIsDeletedAsCleanup("FindRecTestWF") (0.0s)</StdOut>
      </Output>
    </UnitTestResult>
    <UnitTestResult executionId="34e096ad-dcc4-4565-8b12-9b2c2841d60c" testId="2a8e2871-c365-a27d-787f-d35c98ebcae5" testName="TestWFWithFormatNumber" computerName="ASH" duration="00:00:01.3153377" startTime="2017-03-16T11:49:47.4222858+02:00" endTime="2017-03-16T11:49:48.7402653+02:00" testType="13cdc9d9-ddb5-4fa4-a97d-d965ccfc6d4b" outcome="Failed" testListId="8c84fa94-04c1-424b-9868-57a2d4851a1d" relativeResultsDirectory="34e096ad-dcc4-4565-8b12-9b2c2841d60c">
      <Output>
        <StdOut>Given test folder is cleaned
-&gt; done: StudioTestFrameworkSteps.GivenTestFolderIsCleaned() (0.0s)
And I have "Workflow 1" with inputs as
  --- table step argument ---
  | Input Var Name |
  | [[a]]          |
-&gt; done: StudioTestFrameworkSteps.GivenIHaveWithInputsAs("Workflow 1", &lt;table&gt;) (0.0s)
And "Workflow 1" has outputs as
  --- table step argument ---
  | Ouput Var Name  |
  | [[outputValue]] |
-&gt; done: StudioTestFrameworkSteps.GivenHasOutputsAs("Workflow 1", &lt;table&gt;) (0.1s)
Given I have "Workflow 2" with inputs as
  --- table step argument ---
  | Input Var Name |
  | [[rec().a]]    |
  | [[rec().b]]    |
-&gt; done: StudioTestFrameworkSteps.GivenIHaveWithInputsAs("Workflow 2", &lt;table&gt;) (0.0s)
And "Workflow 2" has outputs as
  --- table step argument ---
  | Ouput Var Name |
  | [[returnVal]]  |
-&gt; done: StudioTestFrameworkSteps.GivenHasOutputsAs("Workflow 2", &lt;table&gt;) (0.1s)
Given I have "Workflow 3" with inputs as
  --- table step argument ---
  | Input Var Name |
  | [[A]]          |
  | [[B]]          |
  | [[C]]          |
-&gt; done: StudioTestFrameworkSteps.GivenIHaveWithInputsAs("Workflow 3", &lt;table&gt;) (0.0s)
And "Workflow 3" has outputs as
  --- table step argument ---
  | Ouput Var Name |
  | [[message]]    |
-&gt; done: StudioTestFrameworkSteps.GivenHasOutputsAs("Workflow 3", &lt;table&gt;) (0.1s)
Given I have "WorkflowWithTests" with inputs as
  --- table step argument ---
  | Input Var Name |
  | [[input]]      |
-&gt; done: StudioTestFrameworkSteps.GivenIHaveWithInputsAs("WorkflowWithTests", &lt;table&gt;) (0.0s)
And "WorkflowWithTests" has outputs as
  --- table step argument ---
  | Ouput Var Name  |
  | [[outputValue]] |
-&gt; done: StudioTestFrameworkSteps.GivenHasOutputsAs("WorkflowWithTests", &lt;table&gt;) (0.2s)
And "WorkflowWithTests" Tests as
  --- table step argument ---
  | TestName | AuthenticationType | Error | TestFailing | TestPending | TestInvalid | TestPassed |
  | Test1    | Windows            | false | false       | false       | false       | true       |
  | Test2    | Windows            | false | true        | false       | false       | false      |
  | Test3    | Windows            | false | false       | false       | true        | false      |
  | Test4    | Windows            | false | false       | true        | false       | false      |
-&gt; done: StudioTestFrameworkSteps.GivenTestsAs("WorkflowWithTests", &lt;table&gt;) (0.0s)
Given I have a workflow "FormatNumberTestWF"
-&gt; done: WorkflowExecutionSteps.GivenIHaveAWorkflow("FormatNumberTestWF") (0.0s)
And "FormatNumberTestWF" contains Format Number "Fnumber" as
  --- table step argument ---
  | Number  | Rounding Selected | Rounding To | Decimal to show | Result     |
  | 12.3412 | Up                | 3           | 2               | [[result]] |
-&gt; done: WorkflowExecutionSteps.GivenItContainsFormatNumberAs("FormatNumberTestWF", "Fnumber", &lt;table&gt;) (0.2s)
And I save workflow "FormatNumberTestWF"
-&gt; done: WorkflowExecutionSteps.Save("FormatNumberTestWF") (0.2s)
Then the test builder is open with "FormatNumberTestWF"
-&gt; done: StudioTestFrameworkSteps.GivenTheTestBuilderIsOpenWith("FormatNumberTestWF") (0.0s)
And I click New Test
-&gt; done: StudioTestFrameworkSteps.WhenIClickNewTest() (0.0s)
And a new test is added
-&gt; done: StudioTestFrameworkSteps.ThenANewTestIsAdded() (0.0s)
And test name starts with "Test 1"
-&gt; done: StudioTestFrameworkSteps.ThenTestNameStartsWith("Test 1") (0.0s)
And I Add "Fnumber" as TestStep
-&gt; done: StudioTestFrameworkSteps.ThenIAddAsTestStep("Fnumber") (0.0s)
And I add StepOutputs as
  --- table step argument ---
  | Variable Name | Condition | Value |
  | [[result]]    | =         | 12.34 |
-&gt; done: StudioTestFrameworkSteps.ThenIAddStepOutputsAs(&lt;table&gt;) (0.0s)
When I save
-&gt; done: StudioTestFrameworkSteps.WhenISave() (0.0s)
And I run the test
-&gt; done: StudioTestFrameworkSteps.WhenIRunTheTest() (0.1s)
Then test result is Passed
-&gt; error: Assert.IsTrue failed. 
When I delete "Test 1"
-&gt; skipped because of previous errors
Then The "DeleteConfirmation" popup is shown I click Ok
-&gt; skipped because of previous errors
Then workflow "FormatNumberTestWF" is deleted as cleanup
-&gt; skipped because of previous errors</StdOut>
        <ErrorInfo>
          <Message>Assert.IsTrue failed. </Message>
          <StackTrace>   at Dev2.Activities.Specs.TestFramework.StudioTestFrameworkSteps.ThenTestResultIsPassed() in D:\Repos\GENDEV\Warewolf-ESB\Dev\Dev2.Activities.Specs\TestFramework\TestFrameworkSteps.cs:line 645
   at lambda_method(Closure , IContextManager )
   at TechTalk.SpecFlow.Bindings.BindingInvoker.InvokeBinding(IBinding binding, IContextManager contextManager, Object[] arguments, ITestTracer testTracer, TimeSpan&amp; duration)
   at TechTalk.SpecFlow.Infrastructure.TestExecutionEngine.ExecuteStepMatch(BindingMatch match, Object[] arguments)
   at TechTalk.SpecFlow.Infrastructure.TestExecutionEngine.ExecuteStep(StepInstance stepInstance)
   at TechTalk.SpecFlow.Infrastructure.TestExecutionEngine.OnAfterLastStep()
   at TechTalk.SpecFlow.TestRunner.CollectScenarioErrors()
   at Dev2.Activities.Specs.TestFramework.StudioTestFrameworkFeature.ScenarioCleanup()
   at Dev2.Activities.Specs.TestFramework.StudioTestFrameworkFeature.TestWFWithFormatNumber() in D:\Repos\GENDEV\Warewolf-ESB\Dev\Dev2.Activities.Specs\TestFramework\StudioTestFramework.feature:line 1839
</StackTrace>
        </ErrorInfo>
      </Output>
    </UnitTestResult>
    <UnitTestResult executionId="08416313-1158-4e5b-9b7d-e9e4c1069e2f" testId="595cc337-2831-9543-32b0-fd7ab12ced81" testName="TestWFWithJavaScript" computerName="ASH" duration="00:00:01.8641721" startTime="2017-03-16T11:49:48.7442665+02:00" endTime="2017-03-16T11:49:50.6097790+02:00" testType="13cdc9d9-ddb5-4fa4-a97d-d965ccfc6d4b" outcome="Passed" testListId="8c84fa94-04c1-424b-9868-57a2d4851a1d" relativeResultsDirectory="08416313-1158-4e5b-9b7d-e9e4c1069e2f">
      <Output>
        <StdOut>Given test folder is cleaned
-&gt; done: StudioTestFrameworkSteps.GivenTestFolderIsCleaned() (0.0s)
And I have "Workflow 1" with inputs as
  --- table step argument ---
  | Input Var Name |
  | [[a]]          |
-&gt; done: StudioTestFrameworkSteps.GivenIHaveWithInputsAs("Workflow 1", &lt;table&gt;) (0.0s)
And "Workflow 1" has outputs as
  --- table step argument ---
  | Ouput Var Name  |
  | [[outputValue]] |
-&gt; done: StudioTestFrameworkSteps.GivenHasOutputsAs("Workflow 1", &lt;table&gt;) (0.1s)
Given I have "Workflow 2" with inputs as
  --- table step argument ---
  | Input Var Name |
  | [[rec().a]]    |
  | [[rec().b]]    |
-&gt; done: StudioTestFrameworkSteps.GivenIHaveWithInputsAs("Workflow 2", &lt;table&gt;) (0.0s)
And "Workflow 2" has outputs as
  --- table step argument ---
  | Ouput Var Name |
  | [[returnVal]]  |
-&gt; done: StudioTestFrameworkSteps.GivenHasOutputsAs("Workflow 2", &lt;table&gt;) (0.1s)
Given I have "Workflow 3" with inputs as
  --- table step argument ---
  | Input Var Name |
  | [[A]]          |
  | [[B]]          |
  | [[C]]          |
-&gt; done: StudioTestFrameworkSteps.GivenIHaveWithInputsAs("Workflow 3", &lt;table&gt;) (0.0s)
And "Workflow 3" has outputs as
  --- table step argument ---
  | Ouput Var Name |
  | [[message]]    |
-&gt; done: StudioTestFrameworkSteps.GivenHasOutputsAs("Workflow 3", &lt;table&gt;) (0.2s)
Given I have "WorkflowWithTests" with inputs as
  --- table step argument ---
  | Input Var Name |
  | [[input]]      |
-&gt; done: StudioTestFrameworkSteps.GivenIHaveWithInputsAs("WorkflowWithTests", &lt;table&gt;) (0.0s)
And "WorkflowWithTests" has outputs as
  --- table step argument ---
  | Ouput Var Name  |
  | [[outputValue]] |
-&gt; done: StudioTestFrameworkSteps.GivenHasOutputsAs("WorkflowWithTests", &lt;table&gt;) (0.3s)
And "WorkflowWithTests" Tests as
  --- table step argument ---
  | TestName | AuthenticationType | Error | TestFailing | TestPending | TestInvalid | TestPassed |
  | Test1    | Windows            | false | false       | false       | false       | true       |
  | Test2    | Windows            | false | true        | false       | false       | false      |
  | Test3    | Windows            | false | false       | false       | true        | false      |
  | Test4    | Windows            | false | false       | true        | false       | false      |
-&gt; done: StudioTestFrameworkSteps.GivenTestsAs("WorkflowWithTests", &lt;table&gt;) (0.1s)
Given I have a workflow "JavaScriptTestWF"
-&gt; done: WorkflowExecutionSteps.GivenIHaveAWorkflow("JavaScriptTestWF") (0.0s)
And "JavaScriptTestWF" contains a Java Script "testJavaScript" ScriptToRun "return Math.sqrt(49);" and result as "[[result]]"
-&gt; done: WorkflowExecutionSteps.GivenContainsAJavaScriptScriptToRunAndResultAs("JavaScriptTestWF", "testJavaScript", "return Math.sqrt(...", "[[result]]") (0.2s)
And I save workflow "JavaScriptTestWF"
-&gt; done: WorkflowExecutionSteps.Save("JavaScriptTestWF") (0.3s)
Then the test builder is open with "JavaScriptTestWF"
-&gt; done: StudioTestFrameworkSteps.GivenTheTestBuilderIsOpenWith("JavaScriptTestWF") (0.0s)
And I click New Test
-&gt; done: StudioTestFrameworkSteps.WhenIClickNewTest() (0.0s)
And a new test is added
-&gt; done: StudioTestFrameworkSteps.ThenANewTestIsAdded() (0.0s)
And test name starts with "Test 1"
-&gt; done: StudioTestFrameworkSteps.ThenTestNameStartsWith("Test 1") (0.0s)
And I Add "testJavaScript" as TestStep
-&gt; done: StudioTestFrameworkSteps.ThenIAddAsTestStep("testJavaScript") (0.0s)
And I add StepOutputs as
  --- table step argument ---
  | Variable Name | Condition | Value |
  | [[result]]    | =         | 7     |
-&gt; done: StudioTestFrameworkSteps.ThenIAddStepOutputsAs(&lt;table&gt;) (0.0s)
When I save
-&gt; done: StudioTestFrameworkSteps.WhenISave() (0.0s)
And I run the test
-&gt; done: StudioTestFrameworkSteps.WhenIRunTheTest() (0.3s)
Then test result is Passed
-&gt; done: StudioTestFrameworkSteps.ThenTestResultIsPassed() (0.0s)
When I delete "Test 1"
-&gt; done: StudioTestFrameworkSteps.WhenIDelete("Test 1") (0.0s)
Then The "DeleteConfirmation" popup is shown I click Ok
-&gt; done: StudioTestFrameworkSteps.ThenThePopupIsShownIClickOk("DeleteConfirmation") (0.0s)
Then workflow "JavaScriptTestWF" is deleted as cleanup
-&gt; done: WorkflowExecutionSteps.ThenWorkflowIsDeletedAsCleanup("JavaScriptTestWF") (0.1s)</StdOut>
      </Output>
    </UnitTestResult>
    <UnitTestResult executionId="f2285a9f-cbd8-47b4-bf37-1d2a2369312b" testId="78eda002-a1ed-feca-f331-785bae74adc9" testName="TestWFWithLenght" computerName="ASH" duration="00:00:01.2808383" startTime="2017-03-16T11:49:50.6197788+02:00" endTime="2017-03-16T11:49:51.9037110+02:00" testType="13cdc9d9-ddb5-4fa4-a97d-d965ccfc6d4b" outcome="Passed" testListId="8c84fa94-04c1-424b-9868-57a2d4851a1d" relativeResultsDirectory="f2285a9f-cbd8-47b4-bf37-1d2a2369312b">
      <Output>
        <StdOut>Given test folder is cleaned
-&gt; done: StudioTestFrameworkSteps.GivenTestFolderIsCleaned() (0.1s)
And I have "Workflow 1" with inputs as
  --- table step argument ---
  | Input Var Name |
  | [[a]]          |
-&gt; done: StudioTestFrameworkSteps.GivenIHaveWithInputsAs("Workflow 1", &lt;table&gt;) (0.0s)
And "Workflow 1" has outputs as
  --- table step argument ---
  | Ouput Var Name  |
  | [[outputValue]] |
-&gt; done: StudioTestFrameworkSteps.GivenHasOutputsAs("Workflow 1", &lt;table&gt;) (0.2s)
Given I have "Workflow 2" with inputs as
  --- table step argument ---
  | Input Var Name |
  | [[rec().a]]    |
  | [[rec().b]]    |
-&gt; done: StudioTestFrameworkSteps.GivenIHaveWithInputsAs("Workflow 2", &lt;table&gt;) (0.0s)
And "Workflow 2" has outputs as
  --- table step argument ---
  | Ouput Var Name |
  | [[returnVal]]  |
-&gt; done: StudioTestFrameworkSteps.GivenHasOutputsAs("Workflow 2", &lt;table&gt;) (0.2s)
Given I have "Workflow 3" with inputs as
  --- table step argument ---
  | Input Var Name |
  | [[A]]          |
  | [[B]]          |
  | [[C]]          |
-&gt; done: StudioTestFrameworkSteps.GivenIHaveWithInputsAs("Workflow 3", &lt;table&gt;) (0.0s)
And "Workflow 3" has outputs as
  --- table step argument ---
  | Ouput Var Name |
  | [[message]]    |
-&gt; done: StudioTestFrameworkSteps.GivenHasOutputsAs("Workflow 3", &lt;table&gt;) (0.2s)
Given I have "WorkflowWithTests" with inputs as
  --- table step argument ---
  | Input Var Name |
  | [[input]]      |
-&gt; done: StudioTestFrameworkSteps.GivenIHaveWithInputsAs("WorkflowWithTests", &lt;table&gt;) (0.0s)
And "WorkflowWithTests" has outputs as
  --- table step argument ---
  | Ouput Var Name  |
  | [[outputValue]] |
-&gt; done: StudioTestFrameworkSteps.GivenHasOutputsAs("WorkflowWithTests", &lt;table&gt;) (0.2s)
And "WorkflowWithTests" Tests as
  --- table step argument ---
  | TestName | AuthenticationType | Error | TestFailing | TestPending | TestInvalid | TestPassed |
  | Test1    | Windows            | false | false       | false       | false       | true       |
  | Test2    | Windows            | false | true        | false       | false       | false      |
  | Test3    | Windows            | false | false       | false       | true        | false      |
  | Test4    | Windows            | false | false       | true        | false       | false      |
-&gt; done: StudioTestFrameworkSteps.GivenTestsAs("WorkflowWithTests", &lt;table&gt;) (0.0s)
Given I have a workflow "LenghtTestWF"
-&gt; done: WorkflowExecutionSteps.GivenIHaveAWorkflow("LenghtTestWF") (0.0s)
And "LenghtTestWF" contains an Assign "Rec To Convert" as
  --- table step argument ---
  | variable    | value |
  | [[rec().a]] | 1213  |
  | [[rec().a]] | 4561  |
-&gt; done: WorkflowExecutionSteps.ThenContainsAnAssignAs("LenghtTestWF", "Rec To Convert", &lt;table&gt;) (0.0s)
And "LenghtTestWF" contains Length "Len" on "[[rec(*)]]" into "[[result]]"
-&gt; done: WorkflowExecutionSteps.GivenContainsLengthOnInto("LenghtTestWF", "Len", "[[rec(*)]]", "[[result]]") (0.0s)
And I save workflow "LenghtTestWF"
-&gt; done: WorkflowExecutionSteps.Save("LenghtTestWF") (0.2s)
Then the test builder is open with "LenghtTestWF"
-&gt; done: StudioTestFrameworkSteps.GivenTheTestBuilderIsOpenWith("LenghtTestWF") (0.0s)
And I click New Test
-&gt; done: StudioTestFrameworkSteps.WhenIClickNewTest() (0.0s)
And a new test is added
-&gt; done: StudioTestFrameworkSteps.ThenANewTestIsAdded() (0.0s)
And test name starts with "Test 1"
-&gt; done: StudioTestFrameworkSteps.ThenTestNameStartsWith("Test 1") (0.0s)
And I Add "Len" as TestStep
-&gt; done: StudioTestFrameworkSteps.ThenIAddAsTestStep("Len") (0.0s)
And I add StepOutputs as
  --- table step argument ---
  | Variable Name | Condition | Value |
  | [[result]]    | =         | 2     |
-&gt; done: StudioTestFrameworkSteps.ThenIAddStepOutputsAs(&lt;table&gt;) (0.0s)
When I save
-&gt; done: StudioTestFrameworkSteps.WhenISave() (0.0s)
And I run the test
-&gt; done: StudioTestFrameworkSteps.WhenIRunTheTest() (0.0s)
Then test result is Passed
-&gt; done: StudioTestFrameworkSteps.ThenTestResultIsPassed() (0.0s)
When I delete "Test 1"
-&gt; done: StudioTestFrameworkSteps.WhenIDelete("Test 1") (0.0s)
Then The "DeleteConfirmation" popup is shown I click Ok
-&gt; done: StudioTestFrameworkSteps.ThenThePopupIsShownIClickOk("DeleteConfirmation") (0.0s)
Then workflow "LenghtTestWF" is deleted as cleanup
-&gt; done: WorkflowExecutionSteps.ThenWorkflowIsDeletedAsCleanup("LenghtTestWF") (0.0s)</StdOut>
      </Output>
    </UnitTestResult>
    <UnitTestResult executionId="b0f47874-68c7-4ac1-8899-7aae09f6a9b1" testId="d88e8b77-1762-1bc5-1471-0dc06a64092c" testName="TestWFWithMove" computerName="ASH" duration="00:00:01.2908426" startTime="2017-03-16T11:49:51.9077116+02:00" endTime="2017-03-16T11:49:53.2011355+02:00" testType="13cdc9d9-ddb5-4fa4-a97d-d965ccfc6d4b" outcome="Passed" testListId="8c84fa94-04c1-424b-9868-57a2d4851a1d" relativeResultsDirectory="b0f47874-68c7-4ac1-8899-7aae09f6a9b1">
      <Output>
        <StdOut>Given test folder is cleaned
-&gt; done: StudioTestFrameworkSteps.GivenTestFolderIsCleaned() (0.0s)
And I have "Workflow 1" with inputs as
  --- table step argument ---
  | Input Var Name |
  | [[a]]          |
-&gt; done: StudioTestFrameworkSteps.GivenIHaveWithInputsAs("Workflow 1", &lt;table&gt;) (0.0s)
And "Workflow 1" has outputs as
  --- table step argument ---
  | Ouput Var Name  |
  | [[outputValue]] |
-&gt; done: StudioTestFrameworkSteps.GivenHasOutputsAs("Workflow 1", &lt;table&gt;) (0.1s)
Given I have "Workflow 2" with inputs as
  --- table step argument ---
  | Input Var Name |
  | [[rec().a]]    |
  | [[rec().b]]    |
-&gt; done: StudioTestFrameworkSteps.GivenIHaveWithInputsAs("Workflow 2", &lt;table&gt;) (0.0s)
And "Workflow 2" has outputs as
  --- table step argument ---
  | Ouput Var Name |
  | [[returnVal]]  |
-&gt; done: StudioTestFrameworkSteps.GivenHasOutputsAs("Workflow 2", &lt;table&gt;) (0.2s)
Given I have "Workflow 3" with inputs as
  --- table step argument ---
  | Input Var Name |
  | [[A]]          |
  | [[B]]          |
  | [[C]]          |
-&gt; done: StudioTestFrameworkSteps.GivenIHaveWithInputsAs("Workflow 3", &lt;table&gt;) (0.0s)
And "Workflow 3" has outputs as
  --- table step argument ---
  | Ouput Var Name |
  | [[message]]    |
-&gt; done: StudioTestFrameworkSteps.GivenHasOutputsAs("Workflow 3", &lt;table&gt;) (0.1s)
Given I have "WorkflowWithTests" with inputs as
  --- table step argument ---
  | Input Var Name |
  | [[input]]      |
-&gt; done: StudioTestFrameworkSteps.GivenIHaveWithInputsAs("WorkflowWithTests", &lt;table&gt;) (0.0s)
And "WorkflowWithTests" has outputs as
  --- table step argument ---
  | Ouput Var Name  |
  | [[outputValue]] |
-&gt; done: StudioTestFrameworkSteps.GivenHasOutputsAs("WorkflowWithTests", &lt;table&gt;) (0.2s)
And "WorkflowWithTests" Tests as
  --- table step argument ---
  | TestName | AuthenticationType | Error | TestFailing | TestPending | TestInvalid | TestPassed |
  | Test1    | Windows            | false | false       | false       | false       | true       |
  | Test2    | Windows            | false | true        | false       | false       | false      |
  | Test3    | Windows            | false | false       | false       | true        | false      |
  | Test4    | Windows            | false | false       | true        | false       | false      |
-&gt; done: StudioTestFrameworkSteps.GivenTestsAs("WorkflowWithTests", &lt;table&gt;) (0.0s)
Given I have a workflow "MoveTestWF"
-&gt; done: WorkflowExecutionSteps.GivenIHaveAWorkflow("MoveTestWF") (0.0s)
And I create temp file as "C:\copied00.txt"
-&gt; done: WorkflowExecutionSteps.GivenICreateTempFileAs("C:\copied00.txt") (0.0s)
And "MoveTestWF" contains an Assign "Assign to Move" as
  --- table step argument ---
  | variable    | value           |
  | [[rec().a]] | C:\copied00.txt |
  | [[rec().b]] | C:\copied01.txt |
-&gt; done: WorkflowExecutionSteps.ThenContainsAnAssignAs("MoveTestWF", "Assign to Move", &lt;table&gt;) (0.0s)
And "MoveTestWF" contains an Move "Move1" as
  --- table step argument ---
  | File or Folder | If it exits | Destination | Username | Password | Result     |
  | [[rec().a]]    | True        | [[rec().b]] |          |          | [[result]] |
-&gt; done: WorkflowExecutionSteps.GivenContainsAnMoveAs("MoveTestWF", "Move1", &lt;table&gt;) (0.0s)
And I save workflow "MoveTestWF"
-&gt; done: WorkflowExecutionSteps.Save("MoveTestWF") (0.2s)
Then the test builder is open with "MoveTestWF"
-&gt; done: StudioTestFrameworkSteps.GivenTheTestBuilderIsOpenWith("MoveTestWF") (0.0s)
And I click New Test
-&gt; done: StudioTestFrameworkSteps.WhenIClickNewTest() (0.0s)
And a new test is added
-&gt; done: StudioTestFrameworkSteps.ThenANewTestIsAdded() (0.0s)
And test name starts with "Test 1"
-&gt; done: StudioTestFrameworkSteps.ThenTestNameStartsWith("Test 1") (0.0s)
And I Add "Move1" as TestStep
-&gt; done: StudioTestFrameworkSteps.ThenIAddAsTestStep("Move1") (0.0s)
And I add StepOutputs as
  --- table step argument ---
  | Variable Name | Condition | Value   |
  | [[result]]    | =         | Success |
-&gt; done: StudioTestFrameworkSteps.ThenIAddStepOutputsAs(&lt;table&gt;) (0.0s)
When I save
-&gt; done: StudioTestFrameworkSteps.WhenISave() (0.0s)
And I run the test
-&gt; done: StudioTestFrameworkSteps.WhenIRunTheTest() (0.1s)
Then test result is Passed
-&gt; done: StudioTestFrameworkSteps.ThenTestResultIsPassed() (0.0s)
When I delete "Test 1"
-&gt; done: StudioTestFrameworkSteps.WhenIDelete("Test 1") (0.0s)
Then The "DeleteConfirmation" popup is shown I click Ok
-&gt; done: StudioTestFrameworkSteps.ThenThePopupIsShownIClickOk("DeleteConfirmation") (0.0s)
Then workflow "MoveTestWF" is deleted as cleanup
-&gt; done: WorkflowExecutionSteps.ThenWorkflowIsDeletedAsCleanup("MoveTestWF") (0.0s)</StdOut>
      </Output>
    </UnitTestResult>
    <UnitTestResult executionId="67f28852-ebbf-4991-9c86-a5d0a2759b3e" testId="5cf9e980-5018-4b25-43a1-dad46f9351b9" testName="TestWFWithMySql" computerName="ASH" duration="00:00:02.1149907" startTime="2017-03-16T11:49:53.2071340+02:00" endTime="2017-03-16T11:49:55.3243730+02:00" testType="13cdc9d9-ddb5-4fa4-a97d-d965ccfc6d4b" outcome="Passed" testListId="8c84fa94-04c1-424b-9868-57a2d4851a1d" relativeResultsDirectory="67f28852-ebbf-4991-9c86-a5d0a2759b3e">
      <Output>
        <StdOut>Given test folder is cleaned
-&gt; done: StudioTestFrameworkSteps.GivenTestFolderIsCleaned() (0.0s)
And I have "Workflow 1" with inputs as
  --- table step argument ---
  | Input Var Name |
  | [[a]]          |
-&gt; done: StudioTestFrameworkSteps.GivenIHaveWithInputsAs("Workflow 1", &lt;table&gt;) (0.0s)
And "Workflow 1" has outputs as
  --- table step argument ---
  | Ouput Var Name  |
  | [[outputValue]] |
-&gt; done: StudioTestFrameworkSteps.GivenHasOutputsAs("Workflow 1", &lt;table&gt;) (0.1s)
Given I have "Workflow 2" with inputs as
  --- table step argument ---
  | Input Var Name |
  | [[rec().a]]    |
  | [[rec().b]]    |
-&gt; done: StudioTestFrameworkSteps.GivenIHaveWithInputsAs("Workflow 2", &lt;table&gt;) (0.0s)
And "Workflow 2" has outputs as
  --- table step argument ---
  | Ouput Var Name |
  | [[returnVal]]  |
-&gt; done: StudioTestFrameworkSteps.GivenHasOutputsAs("Workflow 2", &lt;table&gt;) (0.1s)
Given I have "Workflow 3" with inputs as
  --- table step argument ---
  | Input Var Name |
  | [[A]]          |
  | [[B]]          |
  | [[C]]          |
-&gt; done: StudioTestFrameworkSteps.GivenIHaveWithInputsAs("Workflow 3", &lt;table&gt;) (0.0s)
And "Workflow 3" has outputs as
  --- table step argument ---
  | Ouput Var Name |
  | [[message]]    |
-&gt; done: StudioTestFrameworkSteps.GivenHasOutputsAs("Workflow 3", &lt;table&gt;) (0.2s)
Given I have "WorkflowWithTests" with inputs as
  --- table step argument ---
  | Input Var Name |
  | [[input]]      |
-&gt; done: StudioTestFrameworkSteps.GivenIHaveWithInputsAs("WorkflowWithTests", &lt;table&gt;) (0.0s)
And "WorkflowWithTests" has outputs as
  --- table step argument ---
  | Ouput Var Name  |
  | [[outputValue]] |
-&gt; done: StudioTestFrameworkSteps.GivenHasOutputsAs("WorkflowWithTests", &lt;table&gt;) (0.2s)
And "WorkflowWithTests" Tests as
  --- table step argument ---
  | TestName | AuthenticationType | Error | TestFailing | TestPending | TestInvalid | TestPassed |
  | Test1    | Windows            | false | false       | false       | false       | true       |
  | Test2    | Windows            | false | true        | false       | false       | false      |
  | Test3    | Windows            | false | false       | false       | true        | false      |
  | Test4    | Windows            | false | false       | true        | false       | false      |
-&gt; done: StudioTestFrameworkSteps.GivenTestsAs("WorkflowWithTests", &lt;table&gt;) (0.1s)
Given I have a workflow "MySqlTestWF"
-&gt; done: WorkflowExecutionSteps.GivenIHaveAWorkflow("MySqlTestWF") (0.0s)
And "MySqlTestWF" contains a mysql database service "MySqlEmail" with mappings for testing as
  --- table step argument ---
  | Input to Service | From Variable | Output from Service | To Variable      |
  |                  |               | name                | [[rec(*).name]]  |
  |                  |               | email               | [[rec(*).email]] |
-&gt; done: WorkflowExecutionSteps.GivenContainsAMysqlDatabaseServiceWithMappingsfortesting("MySqlTestWF", "MySqlEmail", &lt;table&gt;) (0.6s)
And I save workflow "MySqlTestWF"
-&gt; done: WorkflowExecutionSteps.Save("MySqlTestWF") (0.4s)
Then the test builder is open with "MySqlTestWF"
-&gt; done: StudioTestFrameworkSteps.GivenTheTestBuilderIsOpenWith("MySqlTestWF") (0.0s)
And I click New Test
-&gt; done: StudioTestFrameworkSteps.WhenIClickNewTest() (0.0s)
And a new test is added
-&gt; done: StudioTestFrameworkSteps.ThenANewTestIsAdded() (0.0s)
And test name starts with "Test 1"
-&gt; done: StudioTestFrameworkSteps.ThenTestNameStartsWith("Test 1") (0.0s)
And I Add "MySqlEmail" as TestStep
-&gt; done: StudioTestFrameworkSteps.ThenIAddAsTestStep("MySqlEmail") (0.0s)
And I add StepOutputs as
  --- table step argument ---
  | Variable Name           | Condition | Value              |
  | [[MySqlEmail(1).name]]  | =         | Monk               |
  | [[MySqlEmail(1).email]] | =         | dora@explorers.com |
-&gt; done: StudioTestFrameworkSteps.ThenIAddStepOutputsAs(&lt;table&gt;) (0.0s)
When I save
-&gt; done: StudioTestFrameworkSteps.WhenISave() (0.0s)
And I run the test
-&gt; done: StudioTestFrameworkSteps.WhenIRunTheTest() (0.2s)
Then test result is Passed
-&gt; done: StudioTestFrameworkSteps.ThenTestResultIsPassed() (0.0s)
When I delete "Test 1"
-&gt; done: StudioTestFrameworkSteps.WhenIDelete("Test 1") (0.0s)
Then The "DeleteConfirmation" popup is shown I click Ok
-&gt; done: StudioTestFrameworkSteps.ThenThePopupIsShownIClickOk("DeleteConfirmation") (0.0s)
Then workflow "MySqlTestWF" is deleted as cleanup
-&gt; done: WorkflowExecutionSteps.ThenWorkflowIsDeletedAsCleanup("MySqlTestWF") (0.0s)</StdOut>
      </Output>
    </UnitTestResult>
    <UnitTestResult executionId="54124c48-8674-40ac-8189-26badf029dd1" testId="54695cab-4f4f-cb5e-7d3f-66a14cf0ab5d" testName="TestWFWithOracle" computerName="ASH" duration="00:00:02.6287402" startTime="2017-03-16T11:49:55.3293796+02:00" endTime="2017-03-16T11:49:57.9600473+02:00" testType="13cdc9d9-ddb5-4fa4-a97d-d965ccfc6d4b" outcome="Failed" testListId="8c84fa94-04c1-424b-9868-57a2d4851a1d" relativeResultsDirectory="54124c48-8674-40ac-8189-26badf029dd1">
      <Output>
        <StdOut>Given test folder is cleaned
-&gt; done: StudioTestFrameworkSteps.GivenTestFolderIsCleaned() (0.0s)
And I have "Workflow 1" with inputs as
  --- table step argument ---
  | Input Var Name |
  | [[a]]          |
-&gt; done: StudioTestFrameworkSteps.GivenIHaveWithInputsAs("Workflow 1", &lt;table&gt;) (0.0s)
And "Workflow 1" has outputs as
  --- table step argument ---
  | Ouput Var Name  |
  | [[outputValue]] |
-&gt; done: StudioTestFrameworkSteps.GivenHasOutputsAs("Workflow 1", &lt;table&gt;) (0.2s)
Given I have "Workflow 2" with inputs as
  --- table step argument ---
  | Input Var Name |
  | [[rec().a]]    |
  | [[rec().b]]    |
-&gt; done: StudioTestFrameworkSteps.GivenIHaveWithInputsAs("Workflow 2", &lt;table&gt;) (0.0s)
And "Workflow 2" has outputs as
  --- table step argument ---
  | Ouput Var Name |
  | [[returnVal]]  |
-&gt; done: StudioTestFrameworkSteps.GivenHasOutputsAs("Workflow 2", &lt;table&gt;) (0.2s)
Given I have "Workflow 3" with inputs as
  --- table step argument ---
  | Input Var Name |
  | [[A]]          |
  | [[B]]          |
  | [[C]]          |
-&gt; done: StudioTestFrameworkSteps.GivenIHaveWithInputsAs("Workflow 3", &lt;table&gt;) (0.0s)
And "Workflow 3" has outputs as
  --- table step argument ---
  | Ouput Var Name |
  | [[message]]    |
-&gt; done: StudioTestFrameworkSteps.GivenHasOutputsAs("Workflow 3", &lt;table&gt;) (0.2s)
Given I have "WorkflowWithTests" with inputs as
  --- table step argument ---
  | Input Var Name |
  | [[input]]      |
-&gt; done: StudioTestFrameworkSteps.GivenIHaveWithInputsAs("WorkflowWithTests", &lt;table&gt;) (0.0s)
And "WorkflowWithTests" has outputs as
  --- table step argument ---
  | Ouput Var Name  |
  | [[outputValue]] |
-&gt; done: StudioTestFrameworkSteps.GivenHasOutputsAs("WorkflowWithTests", &lt;table&gt;) (0.3s)
And "WorkflowWithTests" Tests as
  --- table step argument ---
  | TestName | AuthenticationType | Error | TestFailing | TestPending | TestInvalid | TestPassed |
  | Test1    | Windows            | false | false       | false       | false       | true       |
  | Test2    | Windows            | false | true        | false       | false       | false      |
  | Test3    | Windows            | false | false       | false       | true        | false      |
  | Test4    | Windows            | false | false       | true        | false       | false      |
-&gt; done: StudioTestFrameworkSteps.GivenTestsAs("WorkflowWithTests", &lt;table&gt;) (0.0s)
Given I have a workflow "oracleTestWF"
-&gt; done: WorkflowExecutionSteps.GivenIHaveAWorkflow("oracleTestWF") (0.0s)
And "oracleTestWF" contains a oracle database service "HR.GET_EMP_RS" with mappings as
  --- table step argument ---
  | ParameterName | ParameterValue |
  | P_DEPTNO      | 2              |
-&gt; error: ORA-12541: TNS: No listener
And I save workflow "oracleTestWF"
-&gt; skipped because of previous errors
Then the test builder is open with "oracleTestWF"
-&gt; skipped because of previous errors
And I click New Test
-&gt; skipped because of previous errors
And a new test is added
-&gt; skipped because of previous errors
And test name starts with "Test 1"
-&gt; skipped because of previous errors
And I Add "HR.GET_EMP_RS" as TestStep
-&gt; skipped because of previous errors
And I add StepOutputs as
  --- table step argument ---
  | Variable Name                        | Condition | Value        |
  | [[HR_GET_EMP_RS(107).DEPARTMENT_ID]] | =         | 110          |
  | [[HR_GET_EMP_RS(107).EMPLOYEE_ID]]   | =         | 206          |
  | [[HR_GET_EMP_RS(107).FIRST_NAME]]    | =         | William      |
  | [[HR_GET_EMP_RS(107).LAST_NAME]]     | =         | Gietz        |
  | [[HR_GET_EMP_RS(107).PHONE_NUMBER]]  | =         | 515.123.8181 |
  | [[HR_GET_EMP_RS(107).MANAGER_ID]]    | =         | 205          |
-&gt; skipped because of previous errors
When I save
-&gt; skipped because of previous errors
And I run the test
-&gt; skipped because of previous errors
Then test result is Passed
-&gt; skipped because of previous errors
When I delete "Test 1"
-&gt; skipped because of previous errors
Then The "DeleteConfirmation" popup is shown I click Ok
-&gt; skipped because of previous errors
Then workflow "oracleTestWF" is deleted as cleanup
-&gt; skipped because of previous errors</StdOut>
        <ErrorInfo>
          <Message>Test method Dev2.Activities.Specs.TestFramework.StudioTestFrameworkFeature.TestWFWithOracle threw exception: 
Warewolf.Studio.ServerProxyLayer.WarewolfTestException: ORA-12541: TNS: No listener ---&gt; System.Exception: Exception of type 'System.Exception' was thrown.</Message>
          <StackTrace> 
 --- End of inner exception stack trace ---
    at Warewolf.Studio.ServerProxyLayer.UpdateProxy.TestDbService(IDatabaseService service) in D:\Repos\GENDEV\Warewolf-ESB\Dev\Warewolf.Studio.ServerProxyLayer\UpdateProxy.cs:line 122
   at Warewolf.Studio.AntiCorruptionLayer.StudioResourceUpdateManager.TestDbService(IDatabaseService inputValues) in D:\Repos\GENDEV\Warewolf-ESB\Dev\Warewolf.Studio.AntiCorruptionLayer\StudioResourceUpdateManager.cs:line 159
   at Warewolf.Studio.ViewModels.ManageDbServiceModel.TestService(IDatabaseService inputValues) in D:\Repos\GENDEV\Warewolf-ESB\Dev\Warewolf.Studio.ViewModels\ManageDbServiceModel.cs:line 95
   at Dev2.Activities.Specs.Composition.WorkflowExecutionSteps.GivenContainsAOracleDatabaseServiceWithMappingsAs(String parentName, String serviceName, Table table) in D:\Repos\GENDEV\Warewolf-ESB\Dev\Dev2.Activities.Specs\Composition\WorkflowExecutionSteps.cs:line 3657
   at lambda_method(Closure , IContextManager , String , String , Table )
   at TechTalk.SpecFlow.Bindings.BindingInvoker.InvokeBinding(IBinding binding, IContextManager contextManager, Object[] arguments, ITestTracer testTracer, TimeSpan&amp; duration)
   at TechTalk.SpecFlow.Infrastructure.TestExecutionEngine.ExecuteStepMatch(BindingMatch match, Object[] arguments)
   at TechTalk.SpecFlow.Infrastructure.TestExecutionEngine.ExecuteStep(StepInstance stepInstance)
   at TechTalk.SpecFlow.Infrastructure.TestExecutionEngine.OnAfterLastStep()
   at TechTalk.SpecFlow.TestRunner.CollectScenarioErrors()
   at Dev2.Activities.Specs.TestFramework.StudioTestFrameworkFeature.ScenarioCleanup()
   at Dev2.Activities.Specs.TestFramework.StudioTestFrameworkFeature.TestWFWithOracle() in D:\Repos\GENDEV\Warewolf-ESB\Dev\Dev2.Activities.Specs\TestFramework\StudioTestFramework.feature:line 1413
</StackTrace>
        </ErrorInfo>
      </Output>
    </UnitTestResult>
    <UnitTestResult executionId="d84ce923-d9a5-4625-a2b0-de0e29202d9d" testId="8dc1ff79-21a4-3f77-bd43-a42c834204a4" testName="TestWFWithPostGreSql" computerName="ASH" duration="00:00:02.4949655" startTime="2017-03-16T11:49:57.9650473+02:00" endTime="2017-03-16T11:50:00.4629006+02:00" testType="13cdc9d9-ddb5-4fa4-a97d-d965ccfc6d4b" outcome="Failed" testListId="8c84fa94-04c1-424b-9868-57a2d4851a1d" relativeResultsDirectory="d84ce923-d9a5-4625-a2b0-de0e29202d9d">
      <Output>
        <StdOut>Given test folder is cleaned
-&gt; done: StudioTestFrameworkSteps.GivenTestFolderIsCleaned() (0.1s)
And I have "Workflow 1" with inputs as
  --- table step argument ---
  | Input Var Name |
  | [[a]]          |
-&gt; done: StudioTestFrameworkSteps.GivenIHaveWithInputsAs("Workflow 1", &lt;table&gt;) (0.0s)
And "Workflow 1" has outputs as
  --- table step argument ---
  | Ouput Var Name  |
  | [[outputValue]] |
-&gt; done: StudioTestFrameworkSteps.GivenHasOutputsAs("Workflow 1", &lt;table&gt;) (0.2s)
Given I have "Workflow 2" with inputs as
  --- table step argument ---
  | Input Var Name |
  | [[rec().a]]    |
  | [[rec().b]]    |
-&gt; done: StudioTestFrameworkSteps.GivenIHaveWithInputsAs("Workflow 2", &lt;table&gt;) (0.0s)
And "Workflow 2" has outputs as
  --- table step argument ---
  | Ouput Var Name |
  | [[returnVal]]  |
-&gt; done: StudioTestFrameworkSteps.GivenHasOutputsAs("Workflow 2", &lt;table&gt;) (0.3s)
Given I have "Workflow 3" with inputs as
  --- table step argument ---
  | Input Var Name |
  | [[A]]          |
  | [[B]]          |
  | [[C]]          |
-&gt; done: StudioTestFrameworkSteps.GivenIHaveWithInputsAs("Workflow 3", &lt;table&gt;) (0.0s)
And "Workflow 3" has outputs as
  --- table step argument ---
  | Ouput Var Name |
  | [[message]]    |
-&gt; done: StudioTestFrameworkSteps.GivenHasOutputsAs("Workflow 3", &lt;table&gt;) (0.3s)
Given I have "WorkflowWithTests" with inputs as
  --- table step argument ---
  | Input Var Name |
  | [[input]]      |
-&gt; done: StudioTestFrameworkSteps.GivenIHaveWithInputsAs("WorkflowWithTests", &lt;table&gt;) (0.0s)
And "WorkflowWithTests" has outputs as
  --- table step argument ---
  | Ouput Var Name  |
  | [[outputValue]] |
-&gt; done: StudioTestFrameworkSteps.GivenHasOutputsAs("WorkflowWithTests", &lt;table&gt;) (0.3s)
And "WorkflowWithTests" Tests as
  --- table step argument ---
  | TestName | AuthenticationType | Error | TestFailing | TestPending | TestInvalid | TestPassed |
  | Test1    | Windows            | false | false       | false       | false       | true       |
  | Test2    | Windows            | false | true        | false       | false       | false      |
  | Test3    | Windows            | false | false       | false       | true        | false      |
  | Test4    | Windows            | false | false       | true        | false       | false      |
-&gt; done: StudioTestFrameworkSteps.GivenTestsAs("WorkflowWithTests", &lt;table&gt;) (0.1s)
Given I have a workflow "PostGreTestWF"
-&gt; done: WorkflowExecutionSteps.GivenIHaveAWorkflow("PostGreTestWF") (0.0s)
And "PostGreTestWF" contains a postgre tool using "get_countries" with mappings for testing as
  --- table step argument ---
  | ParameterName | ParameterValue |
  | Prefix        | K              |
-&gt; error: No connection could be made because the target machine actively refused it 192.168.104.16:5432
And I save workflow "PostGreTestWF"
-&gt; skipped because of previous errors
Then the test builder is open with "PostGreTestWF"
-&gt; skipped because of previous errors
And I click New Test
-&gt; skipped because of previous errors
And a new test is added
-&gt; skipped because of previous errors
And test name starts with "Test 1"
-&gt; skipped because of previous errors
And I Add "get_countries" as TestStep
-&gt; skipped because of previous errors
And I add StepOutputs as
  --- table step argument ---
  | Variable Name           | Condition | Value |
  | [[get_countries(1).id]] | =         | 2     |
-&gt; skipped because of previous errors
When I save
-&gt; skipped because of previous errors
And I run the test
-&gt; skipped because of previous errors
Then test result is Passed
-&gt; skipped because of previous errors
When I delete "Test 1"
-&gt; skipped because of previous errors
Then The "DeleteConfirmation" popup is shown I click Ok
-&gt; skipped because of previous errors
Then workflow "PostGreTestWF" is deleted as cleanup
-&gt; skipped because of previous errors</StdOut>
        <ErrorInfo>
          <Message>Test method Dev2.Activities.Specs.TestFramework.StudioTestFrameworkFeature.TestWFWithPostGreSql threw exception: 
Warewolf.Studio.ServerProxyLayer.WarewolfTestException: No connection could be made because the target machine actively refused it 192.168.104.16:5432 ---&gt; System.Exception: Exception of type 'System.Exception' was thrown.</Message>
          <StackTrace> 
 --- End of inner exception stack trace ---
    at Warewolf.Studio.ServerProxyLayer.UpdateProxy.TestDbService(IDatabaseService service) in D:\Repos\GENDEV\Warewolf-ESB\Dev\Warewolf.Studio.ServerProxyLayer\UpdateProxy.cs:line 122
   at Warewolf.Studio.AntiCorruptionLayer.StudioResourceUpdateManager.TestDbService(IDatabaseService inputValues) in D:\Repos\GENDEV\Warewolf-ESB\Dev\Warewolf.Studio.AntiCorruptionLayer\StudioResourceUpdateManager.cs:line 159
   at Warewolf.Studio.ViewModels.ManageDbServiceModel.TestService(IDatabaseService inputValues) in D:\Repos\GENDEV\Warewolf-ESB\Dev\Warewolf.Studio.ViewModels\ManageDbServiceModel.cs:line 95
   at Dev2.Activities.Specs.Composition.WorkflowExecutionSteps.GivenContainsAPostgreToolUsingWithMappingsForTestingAs(String parentName, String serviceName, Table table) in D:\Repos\GENDEV\Warewolf-ESB\Dev\Dev2.Activities.Specs\Composition\WorkflowExecutionSteps.cs:line 3459
   at lambda_method(Closure , IContextManager , String , String , Table )
   at TechTalk.SpecFlow.Bindings.BindingInvoker.InvokeBinding(IBinding binding, IContextManager contextManager, Object[] arguments, ITestTracer testTracer, TimeSpan&amp; duration)
   at TechTalk.SpecFlow.Infrastructure.TestExecutionEngine.ExecuteStepMatch(BindingMatch match, Object[] arguments)
   at TechTalk.SpecFlow.Infrastructure.TestExecutionEngine.ExecuteStep(StepInstance stepInstance)
   at TechTalk.SpecFlow.Infrastructure.TestExecutionEngine.OnAfterLastStep()
   at TechTalk.SpecFlow.TestRunner.CollectScenarioErrors()
   at Dev2.Activities.Specs.TestFramework.StudioTestFrameworkFeature.ScenarioCleanup()
   at Dev2.Activities.Specs.TestFramework.StudioTestFrameworkFeature.TestWFWithPostGreSql() in D:\Repos\GENDEV\Warewolf-ESB\Dev\Dev2.Activities.Specs\TestFramework\StudioTestFramework.feature:line 1434
</StackTrace>
        </ErrorInfo>
      </Output>
    </UnitTestResult>
    <UnitTestResult executionId="554c1d80-fcdb-4f35-9084-678119f7a0d0" testId="28866aaf-1203-02e8-591a-5d7da7c147b6" testName="TestWFWithPython" computerName="ASH" duration="00:00:03.0107148" startTime="2017-03-16T11:50:00.4708998+02:00" endTime="2017-03-16T11:50:03.4847006+02:00" testType="13cdc9d9-ddb5-4fa4-a97d-d965ccfc6d4b" outcome="Passed" testListId="8c84fa94-04c1-424b-9868-57a2d4851a1d" relativeResultsDirectory="554c1d80-fcdb-4f35-9084-678119f7a0d0">
      <Output>
        <StdOut>Given test folder is cleaned
-&gt; done: StudioTestFrameworkSteps.GivenTestFolderIsCleaned() (0.0s)
And I have "Workflow 1" with inputs as
  --- table step argument ---
  | Input Var Name |
  | [[a]]          |
-&gt; done: StudioTestFrameworkSteps.GivenIHaveWithInputsAs("Workflow 1", &lt;table&gt;) (0.0s)
And "Workflow 1" has outputs as
  --- table step argument ---
  | Ouput Var Name  |
  | [[outputValue]] |
-&gt; done: StudioTestFrameworkSteps.GivenHasOutputsAs("Workflow 1", &lt;table&gt;) (0.2s)
Given I have "Workflow 2" with inputs as
  --- table step argument ---
  | Input Var Name |
  | [[rec().a]]    |
  | [[rec().b]]    |
-&gt; done: StudioTestFrameworkSteps.GivenIHaveWithInputsAs("Workflow 2", &lt;table&gt;) (0.0s)
And "Workflow 2" has outputs as
  --- table step argument ---
  | Ouput Var Name |
  | [[returnVal]]  |
-&gt; done: StudioTestFrameworkSteps.GivenHasOutputsAs("Workflow 2", &lt;table&gt;) (0.2s)
Given I have "Workflow 3" with inputs as
  --- table step argument ---
  | Input Var Name |
  | [[A]]          |
  | [[B]]          |
  | [[C]]          |
-&gt; done: StudioTestFrameworkSteps.GivenIHaveWithInputsAs("Workflow 3", &lt;table&gt;) (0.0s)
And "Workflow 3" has outputs as
  --- table step argument ---
  | Ouput Var Name |
  | [[message]]    |
-&gt; done: StudioTestFrameworkSteps.GivenHasOutputsAs("Workflow 3", &lt;table&gt;) (0.2s)
Given I have "WorkflowWithTests" with inputs as
  --- table step argument ---
  | Input Var Name |
  | [[input]]      |
-&gt; done: StudioTestFrameworkSteps.GivenIHaveWithInputsAs("WorkflowWithTests", &lt;table&gt;) (0.0s)
And "WorkflowWithTests" has outputs as
  --- table step argument ---
  | Ouput Var Name  |
  | [[outputValue]] |
-&gt; done: StudioTestFrameworkSteps.GivenHasOutputsAs("WorkflowWithTests", &lt;table&gt;) (0.3s)
And "WorkflowWithTests" Tests as
  --- table step argument ---
  | TestName | AuthenticationType | Error | TestFailing | TestPending | TestInvalid | TestPassed |
  | Test1    | Windows            | false | false       | false       | false       | true       |
  | Test2    | Windows            | false | true        | false       | false       | false      |
  | Test3    | Windows            | false | false       | false       | true        | false      |
  | Test4    | Windows            | false | false       | true        | false       | false      |
-&gt; done: StudioTestFrameworkSteps.GivenTestsAs("WorkflowWithTests", &lt;table&gt;) (0.1s)
Given I have a workflow "PythonTestWF"
-&gt; done: WorkflowExecutionSteps.GivenIHaveAWorkflow("PythonTestWF") (0.0s)
And "PythonTestWF" contains a Python "testPython" ScriptToRun "return { '1': "one", '2': "two",}.get('7', "not one or two")" and result as "[[result]]"
-&gt; done: WorkflowExecutionSteps.GivenContainsAPythonScriptToRunAndResultAs("PythonTestWF", "testPython", "return { '1': "on...", "[[result]]") (0.0s)
And I save workflow "PythonTestWF"
-&gt; done: WorkflowExecutionSteps.Save("PythonTestWF") (0.3s)
Then the test builder is open with "PythonTestWF"
-&gt; done: StudioTestFrameworkSteps.GivenTheTestBuilderIsOpenWith("PythonTestWF") (0.0s)
And I click New Test
-&gt; done: StudioTestFrameworkSteps.WhenIClickNewTest() (0.0s)
And a new test is added
-&gt; done: StudioTestFrameworkSteps.ThenANewTestIsAdded() (0.0s)
And test name starts with "Test 1"
-&gt; done: StudioTestFrameworkSteps.ThenTestNameStartsWith("Test 1") (0.0s)
And I Add "testPython" as TestStep
-&gt; done: StudioTestFrameworkSteps.ThenIAddAsTestStep("testPython") (0.0s)
And I add StepOutputs as
  --- table step argument ---
  | Variable Name | Condition | Value          |
  | [[result]]    | =         | not one or two |
-&gt; done: StudioTestFrameworkSteps.ThenIAddStepOutputsAs(&lt;table&gt;) (0.0s)
When I save
-&gt; done: StudioTestFrameworkSteps.WhenISave() (0.0s)
And I run the test
-&gt; done: StudioTestFrameworkSteps.WhenIRunTheTest() (1.4s)
Then test result is Passed
-&gt; done: StudioTestFrameworkSteps.ThenTestResultIsPassed() (0.0s)
When I delete "Test 1"
-&gt; done: StudioTestFrameworkSteps.WhenIDelete("Test 1") (0.0s)
Then The "DeleteConfirmation" popup is shown I click Ok
-&gt; done: StudioTestFrameworkSteps.ThenThePopupIsShownIClickOk("DeleteConfirmation") (0.0s)
Then workflow "PythonTestWF" is deleted as cleanup
-&gt; done: WorkflowExecutionSteps.ThenWorkflowIsDeletedAsCleanup("PythonTestWF") (0.1s)</StdOut>
      </Output>
    </UnitTestResult>
    <UnitTestResult executionId="e44eddcf-c096-4022-8786-8e6b5cbef70d" testId="51a92cf6-09f8-e546-4877-010ca59c1c31" testName="TestWFWithRabbitMqConsume" computerName="ASH" duration="00:00:01.3974929" startTime="2017-03-16T11:50:03.4901987+02:00" endTime="2017-03-16T11:50:04.8897371+02:00" testType="13cdc9d9-ddb5-4fa4-a97d-d965ccfc6d4b" outcome="Passed" testListId="8c84fa94-04c1-424b-9868-57a2d4851a1d" relativeResultsDirectory="e44eddcf-c096-4022-8786-8e6b5cbef70d">
      <Output>
        <StdOut>Given test folder is cleaned
-&gt; done: StudioTestFrameworkSteps.GivenTestFolderIsCleaned() (0.0s)
And I have "Workflow 1" with inputs as
  --- table step argument ---
  | Input Var Name |
  | [[a]]          |
-&gt; done: StudioTestFrameworkSteps.GivenIHaveWithInputsAs("Workflow 1", &lt;table&gt;) (0.0s)
And "Workflow 1" has outputs as
  --- table step argument ---
  | Ouput Var Name  |
  | [[outputValue]] |
-&gt; done: StudioTestFrameworkSteps.GivenHasOutputsAs("Workflow 1", &lt;table&gt;) (0.2s)
Given I have "Workflow 2" with inputs as
  --- table step argument ---
  | Input Var Name |
  | [[rec().a]]    |
  | [[rec().b]]    |
-&gt; done: StudioTestFrameworkSteps.GivenIHaveWithInputsAs("Workflow 2", &lt;table&gt;) (0.0s)
And "Workflow 2" has outputs as
  --- table step argument ---
  | Ouput Var Name |
  | [[returnVal]]  |
-&gt; done: StudioTestFrameworkSteps.GivenHasOutputsAs("Workflow 2", &lt;table&gt;) (0.2s)
Given I have "Workflow 3" with inputs as
  --- table step argument ---
  | Input Var Name |
  | [[A]]          |
  | [[B]]          |
  | [[C]]          |
-&gt; done: StudioTestFrameworkSteps.GivenIHaveWithInputsAs("Workflow 3", &lt;table&gt;) (0.0s)
And "Workflow 3" has outputs as
  --- table step argument ---
  | Ouput Var Name |
  | [[message]]    |
-&gt; done: StudioTestFrameworkSteps.GivenHasOutputsAs("Workflow 3", &lt;table&gt;) (0.1s)
Given I have "WorkflowWithTests" with inputs as
  --- table step argument ---
  | Input Var Name |
  | [[input]]      |
-&gt; done: StudioTestFrameworkSteps.GivenIHaveWithInputsAs("WorkflowWithTests", &lt;table&gt;) (0.0s)
And "WorkflowWithTests" has outputs as
  --- table step argument ---
  | Ouput Var Name  |
  | [[outputValue]] |
-&gt; done: StudioTestFrameworkSteps.GivenHasOutputsAs("WorkflowWithTests", &lt;table&gt;) (0.2s)
And "WorkflowWithTests" Tests as
  --- table step argument ---
  | TestName | AuthenticationType | Error | TestFailing | TestPending | TestInvalid | TestPassed |
  | Test1    | Windows            | false | false       | false       | false       | true       |
  | Test2    | Windows            | false | true        | false       | false       | false      |
  | Test3    | Windows            | false | false       | false       | true        | false      |
  | Test4    | Windows            | false | false       | true        | false       | false      |
-&gt; done: StudioTestFrameworkSteps.GivenTestsAs("WorkflowWithTests", &lt;table&gt;) (0.0s)
Given I have a workflow "RabbitMqConsumeTestFailWF"
-&gt; done: WorkflowExecutionSteps.GivenIHaveAWorkflow("RabbitMqConsumeTe...") (0.0s)
And "RabbitMqConsumeTestPassWF" contains RabbitMQConsume "DsfConsumeRabbitMQActivity" into "[[result]]"
-&gt; done: WorkflowExecutionSteps.GivenContainsRabbitMQConsumeInto("RabbitMqConsumeTe...", "DsfConsumeRabbitM...", "[[result]]") (0.0s)
And I save workflow "RabbitMqConsumeTestFailWF"
-&gt; done: WorkflowExecutionSteps.Save("RabbitMqConsumeTe...") (0.3s)
Then the test builder is open with "RabbitMqConsumeTestFailWF"
-&gt; done: StudioTestFrameworkSteps.GivenTheTestBuilderIsOpenWith("RabbitMqConsumeTe...") (0.0s)
And I click New Test
-&gt; done: StudioTestFrameworkSteps.WhenIClickNewTest() (0.0s)
And a new test is added
-&gt; done: StudioTestFrameworkSteps.ThenANewTestIsAdded() (0.0s)
And test name starts with "Test 1"
-&gt; done: StudioTestFrameworkSteps.ThenTestNameStartsWith("Test 1") (0.0s)
And I Add "DsfConsumeRabbitMQActivity" as TestStep
-&gt; done: StudioTestFrameworkSteps.ThenIAddAsTestStep("DsfConsumeRabbitM...") (0.0s)
And I add StepOutputs as
  --- table step argument ---
  | Variable Name | Condition | Value                                         |
  | [[result]]    | =         | Failure: Queue Name and Message are required. |
-&gt; done: StudioTestFrameworkSteps.ThenIAddStepOutputsAs(&lt;table&gt;) (0.0s)
When I save
-&gt; done: StudioTestFrameworkSteps.WhenISave() (0.0s)
And I run the test
-&gt; done: StudioTestFrameworkSteps.WhenIRunTheTest() (0.1s)
Then test result is Failed
-&gt; done: StudioTestFrameworkSteps.ThenTestResultIsFailed() (0.0s)
When I delete "Test 1"
-&gt; done: StudioTestFrameworkSteps.WhenIDelete("Test 1") (0.1s)
Then The "DeleteConfirmation" popup is shown I click Ok
-&gt; done: StudioTestFrameworkSteps.ThenThePopupIsShownIClickOk("DeleteConfirmation") (0.0s)
Then workflow "RabbitMqConsumeTestFailWF" is deleted as cleanup
-&gt; done: WorkflowExecutionSteps.ThenWorkflowIsDeletedAsCleanup("RabbitMqConsumeTe...") (0.1s)</StdOut>
      </Output>
    </UnitTestResult>
    <UnitTestResult executionId="8bd39644-5bc8-4441-8a64-124ed92e9b74" testId="8b24f2c6-4c0d-82b3-23b6-0063c4b7c82b" testName="TestWFWithRabbitMqPublish" computerName="ASH" duration="00:00:01.3707934" startTime="2017-03-16T11:50:04.9062455+02:00" endTime="2017-03-16T11:50:06.2814756+02:00" testType="13cdc9d9-ddb5-4fa4-a97d-d965ccfc6d4b" outcome="Passed" testListId="8c84fa94-04c1-424b-9868-57a2d4851a1d" relativeResultsDirectory="8bd39644-5bc8-4441-8a64-124ed92e9b74">
      <Output>
        <StdOut>Given test folder is cleaned
-&gt; done: StudioTestFrameworkSteps.GivenTestFolderIsCleaned() (0.0s)
And I have "Workflow 1" with inputs as
  --- table step argument ---
  | Input Var Name |
  | [[a]]          |
-&gt; done: StudioTestFrameworkSteps.GivenIHaveWithInputsAs("Workflow 1", &lt;table&gt;) (0.0s)
And "Workflow 1" has outputs as
  --- table step argument ---
  | Ouput Var Name  |
  | [[outputValue]] |
-&gt; done: StudioTestFrameworkSteps.GivenHasOutputsAs("Workflow 1", &lt;table&gt;) (0.2s)
Given I have "Workflow 2" with inputs as
  --- table step argument ---
  | Input Var Name |
  | [[rec().a]]    |
  | [[rec().b]]    |
-&gt; done: StudioTestFrameworkSteps.GivenIHaveWithInputsAs("Workflow 2", &lt;table&gt;) (0.0s)
And "Workflow 2" has outputs as
  --- table step argument ---
  | Ouput Var Name |
  | [[returnVal]]  |
-&gt; done: StudioTestFrameworkSteps.GivenHasOutputsAs("Workflow 2", &lt;table&gt;) (0.2s)
Given I have "Workflow 3" with inputs as
  --- table step argument ---
  | Input Var Name |
  | [[A]]          |
  | [[B]]          |
  | [[C]]          |
-&gt; done: StudioTestFrameworkSteps.GivenIHaveWithInputsAs("Workflow 3", &lt;table&gt;) (0.0s)
And "Workflow 3" has outputs as
  --- table step argument ---
  | Ouput Var Name |
  | [[message]]    |
-&gt; done: StudioTestFrameworkSteps.GivenHasOutputsAs("Workflow 3", &lt;table&gt;) (0.1s)
Given I have "WorkflowWithTests" with inputs as
  --- table step argument ---
  | Input Var Name |
  | [[input]]      |
-&gt; done: StudioTestFrameworkSteps.GivenIHaveWithInputsAs("WorkflowWithTests", &lt;table&gt;) (0.0s)
And "WorkflowWithTests" has outputs as
  --- table step argument ---
  | Ouput Var Name  |
  | [[outputValue]] |
-&gt; done: StudioTestFrameworkSteps.GivenHasOutputsAs("WorkflowWithTests", &lt;table&gt;) (0.2s)
And "WorkflowWithTests" Tests as
  --- table step argument ---
  | TestName | AuthenticationType | Error | TestFailing | TestPending | TestInvalid | TestPassed |
  | Test1    | Windows            | false | false       | false       | false       | true       |
  | Test2    | Windows            | false | true        | false       | false       | false      |
  | Test3    | Windows            | false | false       | false       | true        | false      |
  | Test4    | Windows            | false | false       | true        | false       | false      |
-&gt; done: StudioTestFrameworkSteps.GivenTestsAs("WorkflowWithTests", &lt;table&gt;) (0.1s)
Given I have a workflow "RabbitMqPubTestWF"
-&gt; done: WorkflowExecutionSteps.GivenIHaveAWorkflow("RabbitMqPubTestWF") (0.0s)
And "RabbitMqPubTestWF" contains RabbitMQPublish "DsfPublishRabbitMQActivity" into "[[result]]"
-&gt; done: WorkflowExecutionSteps.GivenContainsRabbitMQPublishInto("RabbitMqPubTestWF", "DsfPublishRabbitM...", "[[result]]") (0.0s)
And I save workflow "RabbitMqPubTestWF"
-&gt; done: WorkflowExecutionSteps.Save("RabbitMqPubTestWF") (0.2s)
Then the test builder is open with "RabbitMqPubTestWF"
-&gt; done: StudioTestFrameworkSteps.GivenTheTestBuilderIsOpenWith("RabbitMqPubTestWF") (0.0s)
And I click New Test
-&gt; done: StudioTestFrameworkSteps.WhenIClickNewTest() (0.0s)
And a new test is added
-&gt; done: StudioTestFrameworkSteps.ThenANewTestIsAdded() (0.0s)
And test name starts with "Test 1"
-&gt; done: StudioTestFrameworkSteps.ThenTestNameStartsWith("Test 1") (0.0s)
And I Add "DsfPublishRabbitMQActivity" as TestStep
-&gt; done: StudioTestFrameworkSteps.ThenIAddAsTestStep("DsfPublishRabbitM...") (0.0s)
And I add StepOutputs as
  --- table step argument ---
  | Variable Name | Condition | Value                                         |
  | [[result]]    | =         | Failure: Queue Name and Message are required. |
-&gt; done: StudioTestFrameworkSteps.ThenIAddStepOutputsAs(&lt;table&gt;) (0.0s)
When I save
-&gt; done: StudioTestFrameworkSteps.WhenISave() (0.0s)
And I run the test
-&gt; done: StudioTestFrameworkSteps.WhenIRunTheTest() (0.1s)
Then test result is Passed
-&gt; done: StudioTestFrameworkSteps.ThenTestResultIsPassed() (0.0s)
When I delete "Test 1"
-&gt; done: StudioTestFrameworkSteps.WhenIDelete("Test 1") (0.0s)
Then The "DeleteConfirmation" popup is shown I click Ok
-&gt; done: StudioTestFrameworkSteps.ThenThePopupIsShownIClickOk("DeleteConfirmation") (0.0s)
Then workflow "RabbitMqPubTestWF" is deleted as cleanup
-&gt; done: WorkflowExecutionSteps.ThenWorkflowIsDeletedAsCleanup("RabbitMqPubTestWF") (0.1s)</StdOut>
      </Output>
    </UnitTestResult>
    <UnitTestResult executionId="21fa2357-427d-44f2-acd0-6195aa1c39f0" testId="6cddc4bc-7907-beb9-e411-b23623bf139b" testName="TestWFWithRandom" computerName="ASH" duration="00:00:01.4046627" startTime="2017-03-16T11:50:06.2854820+02:00" endTime="2017-03-16T11:50:07.6925764+02:00" testType="13cdc9d9-ddb5-4fa4-a97d-d965ccfc6d4b" outcome="Passed" testListId="8c84fa94-04c1-424b-9868-57a2d4851a1d" relativeResultsDirectory="21fa2357-427d-44f2-acd0-6195aa1c39f0">
      <Output>
        <StdOut>Given test folder is cleaned
-&gt; done: StudioTestFrameworkSteps.GivenTestFolderIsCleaned() (0.1s)
And I have "Workflow 1" with inputs as
  --- table step argument ---
  | Input Var Name |
  | [[a]]          |
-&gt; done: StudioTestFrameworkSteps.GivenIHaveWithInputsAs("Workflow 1", &lt;table&gt;) (0.0s)
And "Workflow 1" has outputs as
  --- table step argument ---
  | Ouput Var Name  |
  | [[outputValue]] |
-&gt; done: StudioTestFrameworkSteps.GivenHasOutputsAs("Workflow 1", &lt;table&gt;) (0.2s)
Given I have "Workflow 2" with inputs as
  --- table step argument ---
  | Input Var Name |
  | [[rec().a]]    |
  | [[rec().b]]    |
-&gt; done: StudioTestFrameworkSteps.GivenIHaveWithInputsAs("Workflow 2", &lt;table&gt;) (0.0s)
And "Workflow 2" has outputs as
  --- table step argument ---
  | Ouput Var Name |
  | [[returnVal]]  |
-&gt; done: StudioTestFrameworkSteps.GivenHasOutputsAs("Workflow 2", &lt;table&gt;) (0.2s)
Given I have "Workflow 3" with inputs as
  --- table step argument ---
  | Input Var Name |
  | [[A]]          |
  | [[B]]          |
  | [[C]]          |
-&gt; done: StudioTestFrameworkSteps.GivenIHaveWithInputsAs("Workflow 3", &lt;table&gt;) (0.0s)
And "Workflow 3" has outputs as
  --- table step argument ---
  | Ouput Var Name |
  | [[message]]    |
-&gt; done: StudioTestFrameworkSteps.GivenHasOutputsAs("Workflow 3", &lt;table&gt;) (0.2s)
Given I have "WorkflowWithTests" with inputs as
  --- table step argument ---
  | Input Var Name |
  | [[input]]      |
-&gt; done: StudioTestFrameworkSteps.GivenIHaveWithInputsAs("WorkflowWithTests", &lt;table&gt;) (0.0s)
And "WorkflowWithTests" has outputs as
  --- table step argument ---
  | Ouput Var Name  |
  | [[outputValue]] |
-&gt; done: StudioTestFrameworkSteps.GivenHasOutputsAs("WorkflowWithTests", &lt;table&gt;) (0.2s)
And "WorkflowWithTests" Tests as
  --- table step argument ---
  | TestName | AuthenticationType | Error | TestFailing | TestPending | TestInvalid | TestPassed |
  | Test1    | Windows            | false | false       | false       | false       | true       |
  | Test2    | Windows            | false | true        | false       | false       | false      |
  | Test3    | Windows            | false | false       | false       | true        | false      |
  | Test4    | Windows            | false | false       | true        | false       | false      |
-&gt; done: StudioTestFrameworkSteps.GivenTestsAs("WorkflowWithTests", &lt;table&gt;) (0.0s)
Given I have a workflow "RandomTestWF"
-&gt; done: WorkflowExecutionSteps.GivenIHaveAWorkflow("RandomTestWF") (0.0s)
And "RandomTestWF" contains Random "TestRandoms" as
  --- table step argument ---
  | Type    | From | To | Result     |
  | Numbers | 1    | 10 | [[result]] |
-&gt; done: WorkflowExecutionSteps.GivenItContainsRandomAs("RandomTestWF", "TestRandoms", &lt;table&gt;) (0.0s)
And I save workflow "RandomTestWF"
-&gt; done: WorkflowExecutionSteps.Save("RandomTestWF") (0.2s)
Then the test builder is open with "RandomTestWF"
-&gt; done: StudioTestFrameworkSteps.GivenTheTestBuilderIsOpenWith("RandomTestWF") (0.0s)
And I click New Test
-&gt; done: StudioTestFrameworkSteps.WhenIClickNewTest() (0.0s)
And a new test is added
-&gt; done: StudioTestFrameworkSteps.ThenANewTestIsAdded() (0.0s)
And test name starts with "Test 1"
-&gt; done: StudioTestFrameworkSteps.ThenTestNameStartsWith("Test 1") (0.0s)
And I Add "TestRandoms" as TestStep
-&gt; done: StudioTestFrameworkSteps.ThenIAddAsTestStep("TestRandoms") (0.0s)
And I add StepOutputs as
  --- table step argument ---
  | Variable Name | Condition  | Value |
  | [[result]]    | Is Numeric |       |
-&gt; done: StudioTestFrameworkSteps.ThenIAddStepOutputsAs(&lt;table&gt;) (0.0s)
When I save
-&gt; done: StudioTestFrameworkSteps.WhenISave() (0.0s)
And I run the test
-&gt; done: StudioTestFrameworkSteps.WhenIRunTheTest() (0.1s)
Then test result is Passed
-&gt; done: StudioTestFrameworkSteps.ThenTestResultIsPassed() (0.0s)
When I delete "Test 1"
-&gt; done: StudioTestFrameworkSteps.WhenIDelete("Test 1") (0.0s)
Then The "DeleteConfirmation" popup is shown I click Ok
-&gt; done: StudioTestFrameworkSteps.ThenThePopupIsShownIClickOk("DeleteConfirmation") (0.0s)
Then workflow "RandomTestWF" is deleted as cleanup
-&gt; done: WorkflowExecutionSteps.ThenWorkflowIsDeletedAsCleanup("RandomTestWF") (0.1s)</StdOut>
      </Output>
    </UnitTestResult>
    <UnitTestResult executionId="7219f830-c6df-4e2b-a6cd-db9e4b037087" testId="f957ea5a-3757-ecad-89bd-2b57ea79b6e6" testName="TestWFWithReadFile" computerName="ASH" duration="00:00:01.4007301" startTime="2017-03-16T11:50:07.6995834+02:00" endTime="2017-03-16T11:50:09.1027023+02:00" testType="13cdc9d9-ddb5-4fa4-a97d-d965ccfc6d4b" outcome="Passed" testListId="8c84fa94-04c1-424b-9868-57a2d4851a1d" relativeResultsDirectory="7219f830-c6df-4e2b-a6cd-db9e4b037087">
      <Output>
        <StdOut>Given test folder is cleaned
-&gt; done: StudioTestFrameworkSteps.GivenTestFolderIsCleaned() (0.0s)
And I have "Workflow 1" with inputs as
  --- table step argument ---
  | Input Var Name |
  | [[a]]          |
-&gt; done: StudioTestFrameworkSteps.GivenIHaveWithInputsAs("Workflow 1", &lt;table&gt;) (0.0s)
And "Workflow 1" has outputs as
  --- table step argument ---
  | Ouput Var Name  |
  | [[outputValue]] |
-&gt; done: StudioTestFrameworkSteps.GivenHasOutputsAs("Workflow 1", &lt;table&gt;) (0.2s)
Given I have "Workflow 2" with inputs as
  --- table step argument ---
  | Input Var Name |
  | [[rec().a]]    |
  | [[rec().b]]    |
-&gt; done: StudioTestFrameworkSteps.GivenIHaveWithInputsAs("Workflow 2", &lt;table&gt;) (0.0s)
And "Workflow 2" has outputs as
  --- table step argument ---
  | Ouput Var Name |
  | [[returnVal]]  |
-&gt; done: StudioTestFrameworkSteps.GivenHasOutputsAs("Workflow 2", &lt;table&gt;) (0.2s)
Given I have "Workflow 3" with inputs as
  --- table step argument ---
  | Input Var Name |
  | [[A]]          |
  | [[B]]          |
  | [[C]]          |
-&gt; done: StudioTestFrameworkSteps.GivenIHaveWithInputsAs("Workflow 3", &lt;table&gt;) (0.0s)
And "Workflow 3" has outputs as
  --- table step argument ---
  | Ouput Var Name |
  | [[message]]    |
-&gt; done: StudioTestFrameworkSteps.GivenHasOutputsAs("Workflow 3", &lt;table&gt;) (0.2s)
Given I have "WorkflowWithTests" with inputs as
  --- table step argument ---
  | Input Var Name |
  | [[input]]      |
-&gt; done: StudioTestFrameworkSteps.GivenIHaveWithInputsAs("WorkflowWithTests", &lt;table&gt;) (0.0s)
And "WorkflowWithTests" has outputs as
  --- table step argument ---
  | Ouput Var Name  |
  | [[outputValue]] |
-&gt; done: StudioTestFrameworkSteps.GivenHasOutputsAs("WorkflowWithTests", &lt;table&gt;) (0.2s)
And "WorkflowWithTests" Tests as
  --- table step argument ---
  | TestName | AuthenticationType | Error | TestFailing | TestPending | TestInvalid | TestPassed |
  | Test1    | Windows            | false | false       | false       | false       | true       |
  | Test2    | Windows            | false | true        | false       | false       | false      |
  | Test3    | Windows            | false | false       | false       | true        | false      |
  | Test4    | Windows            | false | false       | true        | false       | false      |
-&gt; done: StudioTestFrameworkSteps.GivenTestsAs("WorkflowWithTests", &lt;table&gt;) (0.0s)
Given I have a workflow "ReadFileTestWF"
-&gt; done: WorkflowExecutionSteps.GivenIHaveAWorkflow("ReadFileTestWF") (0.0s)
And I create temp file to read from as "C:\ProgramData\Warewolf\Resources\Log.txt"
-&gt; done: WorkflowExecutionSteps.GivenICreateTempFileToReadFromAs("C:\ProgramData\Wa...") (0.0s)
And "ReadFileTestWF" contains an Read File "ReadFile" as
  --- table step argument ---
  | File or Folder                            | Username | Password | Result     |
  | C:\ProgramData\Warewolf\Resources\Log.txt |          |          | [[Result]] |
-&gt; done: WorkflowExecutionSteps.GivenContainsAnReadFileAs("ReadFileTestWF", "ReadFile", &lt;table&gt;) (0.0s)
And I save workflow "ReadFileTestWF"
-&gt; done: WorkflowExecutionSteps.Save("ReadFileTestWF") (0.2s)
Then the test builder is open with "ReadFileTestWF"
-&gt; done: StudioTestFrameworkSteps.GivenTheTestBuilderIsOpenWith("ReadFileTestWF") (0.0s)
And I click New Test
-&gt; done: StudioTestFrameworkSteps.WhenIClickNewTest() (0.0s)
And a new test is added
-&gt; done: StudioTestFrameworkSteps.ThenANewTestIsAdded() (0.0s)
And test name starts with "Test 1"
-&gt; done: StudioTestFrameworkSteps.ThenTestNameStartsWith("Test 1") (0.0s)
And I Add "ReadFile" as TestStep
-&gt; done: StudioTestFrameworkSteps.ThenIAddAsTestStep("ReadFile") (0.0s)
And I add StepOutputs as
  --- table step argument ---
  | Variable Name | Condition | Value |
  | [[Result]]    | Contains  | Hello |
-&gt; done: StudioTestFrameworkSteps.ThenIAddStepOutputsAs(&lt;table&gt;) (0.0s)
When I save
-&gt; done: StudioTestFrameworkSteps.WhenISave() (0.0s)
And I run the test
-&gt; done: StudioTestFrameworkSteps.WhenIRunTheTest() (0.1s)
Then test result is Passed
-&gt; done: StudioTestFrameworkSteps.ThenTestResultIsPassed() (0.0s)
When I delete "Test 1"
-&gt; done: StudioTestFrameworkSteps.WhenIDelete("Test 1") (0.0s)
Then The "DeleteConfirmation" popup is shown I click Ok
-&gt; done: StudioTestFrameworkSteps.ThenThePopupIsShownIClickOk("DeleteConfirmation") (0.0s)
Then workflow "ReadFileTestWF" is deleted as cleanup
-&gt; done: WorkflowExecutionSteps.ThenWorkflowIsDeletedAsCleanup("ReadFileTestWF") (0.1s)</StdOut>
      </Output>
    </UnitTestResult>
    <UnitTestResult executionId="2d5e7052-2b34-4dac-8844-c9a0d10ca709" testId="a3835629-4808-e4cd-8137-2c27da7a1fec" testName="TestWFWithRenameFile" computerName="ASH" duration="00:00:01.3733462" startTime="2017-03-16T11:50:09.1077002+02:00" endTime="2017-03-16T11:50:10.4846291+02:00" testType="13cdc9d9-ddb5-4fa4-a97d-d965ccfc6d4b" outcome="Passed" testListId="8c84fa94-04c1-424b-9868-57a2d4851a1d" relativeResultsDirectory="2d5e7052-2b34-4dac-8844-c9a0d10ca709">
      <Output>
        <StdOut>Given test folder is cleaned
-&gt; done: StudioTestFrameworkSteps.GivenTestFolderIsCleaned() (0.0s)
And I have "Workflow 1" with inputs as
  --- table step argument ---
  | Input Var Name |
  | [[a]]          |
-&gt; done: StudioTestFrameworkSteps.GivenIHaveWithInputsAs("Workflow 1", &lt;table&gt;) (0.0s)
And "Workflow 1" has outputs as
  --- table step argument ---
  | Ouput Var Name  |
  | [[outputValue]] |
-&gt; done: StudioTestFrameworkSteps.GivenHasOutputsAs("Workflow 1", &lt;table&gt;) (0.2s)
Given I have "Workflow 2" with inputs as
  --- table step argument ---
  | Input Var Name |
  | [[rec().a]]    |
  | [[rec().b]]    |
-&gt; done: StudioTestFrameworkSteps.GivenIHaveWithInputsAs("Workflow 2", &lt;table&gt;) (0.0s)
And "Workflow 2" has outputs as
  --- table step argument ---
  | Ouput Var Name |
  | [[returnVal]]  |
-&gt; done: StudioTestFrameworkSteps.GivenHasOutputsAs("Workflow 2", &lt;table&gt;) (0.2s)
Given I have "Workflow 3" with inputs as
  --- table step argument ---
  | Input Var Name |
  | [[A]]          |
  | [[B]]          |
  | [[C]]          |
-&gt; done: StudioTestFrameworkSteps.GivenIHaveWithInputsAs("Workflow 3", &lt;table&gt;) (0.0s)
And "Workflow 3" has outputs as
  --- table step argument ---
  | Ouput Var Name |
  | [[message]]    |
-&gt; done: StudioTestFrameworkSteps.GivenHasOutputsAs("Workflow 3", &lt;table&gt;) (0.2s)
Given I have "WorkflowWithTests" with inputs as
  --- table step argument ---
  | Input Var Name |
  | [[input]]      |
-&gt; done: StudioTestFrameworkSteps.GivenIHaveWithInputsAs("WorkflowWithTests", &lt;table&gt;) (0.0s)
And "WorkflowWithTests" has outputs as
  --- table step argument ---
  | Ouput Var Name  |
  | [[outputValue]] |
-&gt; done: StudioTestFrameworkSteps.GivenHasOutputsAs("WorkflowWithTests", &lt;table&gt;) (0.2s)
And "WorkflowWithTests" Tests as
  --- table step argument ---
  | TestName | AuthenticationType | Error | TestFailing | TestPending | TestInvalid | TestPassed |
  | Test1    | Windows            | false | false       | false       | false       | true       |
  | Test2    | Windows            | false | true        | false       | false       | false      |
  | Test3    | Windows            | false | false       | false       | true        | false      |
  | Test4    | Windows            | false | false       | true        | false       | false      |
-&gt; done: StudioTestFrameworkSteps.GivenTestsAs("WorkflowWithTests", &lt;table&gt;) (0.1s)
Given I have a workflow "RenameFileTestWF"
-&gt; done: WorkflowExecutionSteps.GivenIHaveAWorkflow("RenameFileTestWF") (0.0s)
And "RenameFileTestWF" contains an Create "Create1" as
  --- table step argument ---
  | File or Folder                                     | If it exits | Username | Password | Result   |
  | C:\ProgramData\Warewolf\Resources\FileToRename.txt | True        |          |          | [[res1]] |
-&gt; done: WorkflowExecutionSteps.GivenContainsAnCreateAs("RenameFileTestWF", "Create1", &lt;table&gt;) (0.0s)
And "RenameFileTestWF" contains an Rename "RenameFile" as
  --- table step argument ---
  | File or Folder                                     | Destination                                   | If it exits | Username | Password | Result     | Folders |
  | C:\ProgramData\Warewolf\Resources\FileToRename.txt | C:\ProgramData\Warewolf\Resources\Renamed.txt | True        |          |          | [[result]] | True    |
-&gt; done: WorkflowExecutionSteps.GivenContainsAnWriteRenameAs("RenameFileTestWF", "RenameFile", &lt;table&gt;) (0.0s)
And I save workflow "RenameFileTestWF"
-&gt; done: WorkflowExecutionSteps.Save("RenameFileTestWF") (0.2s)
Then the test builder is open with "RenameFileTestWF"
-&gt; done: StudioTestFrameworkSteps.GivenTheTestBuilderIsOpenWith("RenameFileTestWF") (0.0s)
And I click New Test
-&gt; done: StudioTestFrameworkSteps.WhenIClickNewTest() (0.0s)
And a new test is added
-&gt; done: StudioTestFrameworkSteps.ThenANewTestIsAdded() (0.0s)
And test name starts with "Test 1"
-&gt; done: StudioTestFrameworkSteps.ThenTestNameStartsWith("Test 1") (0.0s)
And I Add "RenameFile" as TestStep
-&gt; done: StudioTestFrameworkSteps.ThenIAddAsTestStep("RenameFile") (0.0s)
And I add StepOutputs as
  --- table step argument ---
  | Variable Name | Condition | Value   |
  | [[result]]    | =         | Success |
-&gt; done: StudioTestFrameworkSteps.ThenIAddStepOutputsAs(&lt;table&gt;) (0.0s)
When I save
-&gt; done: StudioTestFrameworkSteps.WhenISave() (0.0s)
And I run the test
-&gt; done: StudioTestFrameworkSteps.WhenIRunTheTest() (0.1s)
Then test result is Passed
-&gt; done: StudioTestFrameworkSteps.ThenTestResultIsPassed() (0.0s)
When I delete "Test 1"
-&gt; done: StudioTestFrameworkSteps.WhenIDelete("Test 1") (0.0s)
Then The "DeleteConfirmation" popup is shown I click Ok
-&gt; done: StudioTestFrameworkSteps.ThenThePopupIsShownIClickOk("DeleteConfirmation") (0.0s)
Then workflow "RenameFileTestWF" is deleted as cleanup
-&gt; done: WorkflowExecutionSteps.ThenWorkflowIsDeletedAsCleanup("RenameFileTestWF") (0.1s)</StdOut>
      </Output>
    </UnitTestResult>
    <UnitTestResult executionId="e9b1691f-56f5-4a07-8677-37ec46be8b81" testId="c25a4d07-41ed-47a9-fa5f-571bad9d6201" testName="TestWFWithReplace" computerName="ASH" duration="00:00:01.6613674" startTime="2017-03-16T11:50:10.4896279+02:00" endTime="2017-03-16T11:50:12.1532490+02:00" testType="13cdc9d9-ddb5-4fa4-a97d-d965ccfc6d4b" outcome="Passed" testListId="8c84fa94-04c1-424b-9868-57a2d4851a1d" relativeResultsDirectory="e9b1691f-56f5-4a07-8677-37ec46be8b81">
      <Output>
        <StdOut>Given test folder is cleaned
-&gt; done: StudioTestFrameworkSteps.GivenTestFolderIsCleaned() (0.0s)
And I have "Workflow 1" with inputs as
  --- table step argument ---
  | Input Var Name |
  | [[a]]          |
-&gt; done: StudioTestFrameworkSteps.GivenIHaveWithInputsAs("Workflow 1", &lt;table&gt;) (0.0s)
And "Workflow 1" has outputs as
  --- table step argument ---
  | Ouput Var Name  |
  | [[outputValue]] |
-&gt; done: StudioTestFrameworkSteps.GivenHasOutputsAs("Workflow 1", &lt;table&gt;) (0.2s)
Given I have "Workflow 2" with inputs as
  --- table step argument ---
  | Input Var Name |
  | [[rec().a]]    |
  | [[rec().b]]    |
-&gt; done: StudioTestFrameworkSteps.GivenIHaveWithInputsAs("Workflow 2", &lt;table&gt;) (0.0s)
And "Workflow 2" has outputs as
  --- table step argument ---
  | Ouput Var Name |
  | [[returnVal]]  |
-&gt; done: StudioTestFrameworkSteps.GivenHasOutputsAs("Workflow 2", &lt;table&gt;) (0.2s)
Given I have "Workflow 3" with inputs as
  --- table step argument ---
  | Input Var Name |
  | [[A]]          |
  | [[B]]          |
  | [[C]]          |
-&gt; done: StudioTestFrameworkSteps.GivenIHaveWithInputsAs("Workflow 3", &lt;table&gt;) (0.0s)
And "Workflow 3" has outputs as
  --- table step argument ---
  | Ouput Var Name |
  | [[message]]    |
-&gt; done: StudioTestFrameworkSteps.GivenHasOutputsAs("Workflow 3", &lt;table&gt;) (0.2s)
Given I have "WorkflowWithTests" with inputs as
  --- table step argument ---
  | Input Var Name |
  | [[input]]      |
-&gt; done: StudioTestFrameworkSteps.GivenIHaveWithInputsAs("WorkflowWithTests", &lt;table&gt;) (0.0s)
And "WorkflowWithTests" has outputs as
  --- table step argument ---
  | Ouput Var Name  |
  | [[outputValue]] |
-&gt; done: StudioTestFrameworkSteps.GivenHasOutputsAs("WorkflowWithTests", &lt;table&gt;) (0.2s)
And "WorkflowWithTests" Tests as
  --- table step argument ---
  | TestName | AuthenticationType | Error | TestFailing | TestPending | TestInvalid | TestPassed |
  | Test1    | Windows            | false | false       | false       | false       | true       |
  | Test2    | Windows            | false | true        | false       | false       | false      |
  | Test3    | Windows            | false | false       | false       | true        | false      |
  | Test4    | Windows            | false | false       | true        | false       | false      |
-&gt; done: StudioTestFrameworkSteps.GivenTestsAs("WorkflowWithTests", &lt;table&gt;) (0.1s)
Given I have a workflow "ReplaceTestWF"
-&gt; done: WorkflowExecutionSteps.GivenIHaveAWorkflow("ReplaceTestWF") (0.0s)
And "ReplaceTestWF" contains an Assign "TestAssign" as
  --- table step argument ---
  | variable    | value    |
  | [[rec().a]] | test     |
  | [[rec().b]] | nothing  |
  | [[rec().a]] | warewolf |
  | [[rec().b]] | nothing  |
-&gt; done: WorkflowExecutionSteps.ThenContainsAnAssignAs("ReplaceTestWF", "TestAssign", &lt;table&gt;) (0.0s)
And "ReplaceTestWF" contains Replace "TestReplace" into "[[replaceResult]]" as
  --- table step argument ---
  | In Fields  | Find | Replace With |
  | [[rec(*)]] | e    | REPLACED     |
-&gt; done: WorkflowExecutionSteps.GivenItContainsReplaceIntoAs("ReplaceTestWF", "TestReplace", "[[replaceResult]]", &lt;table&gt;) (0.0s)
And I save workflow "ReplaceTestWF"
-&gt; done: WorkflowExecutionSteps.Save("ReplaceTestWF") (0.3s)
Then the test builder is open with "ReplaceTestWF"
-&gt; done: StudioTestFrameworkSteps.GivenTheTestBuilderIsOpenWith("ReplaceTestWF") (0.1s)
And I click New Test
-&gt; done: StudioTestFrameworkSteps.WhenIClickNewTest() (0.0s)
And a new test is added
-&gt; done: StudioTestFrameworkSteps.ThenANewTestIsAdded() (0.0s)
And test name starts with "Test 1"
-&gt; done: StudioTestFrameworkSteps.ThenTestNameStartsWith("Test 1") (0.0s)
And I Add "TestReplace" as TestStep
-&gt; done: StudioTestFrameworkSteps.ThenIAddAsTestStep("TestReplace") (0.0s)
And I add StepOutputs as
  --- table step argument ---
  | Variable Name     | Condition | Value           |
  | [[rec(1).a]]      | =         | tREPLACEDst     |
  | [[rec(2).a]]      | =         | warREPLACEDwolf |
  | [[replaceResult]] | =         | 2               |
-&gt; done: StudioTestFrameworkSteps.ThenIAddStepOutputsAs(&lt;table&gt;) (0.0s)
When I save
-&gt; done: StudioTestFrameworkSteps.WhenISave() (0.0s)
And I run the test
-&gt; done: StudioTestFrameworkSteps.WhenIRunTheTest() (0.1s)
Then test result is Passed
-&gt; done: StudioTestFrameworkSteps.ThenTestResultIsPassed() (0.0s)
When I delete "Test 1"
-&gt; done: StudioTestFrameworkSteps.WhenIDelete("Test 1") (0.0s)
Then The "DeleteConfirmation" popup is shown I click Ok
-&gt; done: StudioTestFrameworkSteps.ThenThePopupIsShownIClickOk("DeleteConfirmation") (0.0s)
Then workflow "ReplaceTestWF" is deleted as cleanup
-&gt; done: WorkflowExecutionSteps.ThenWorkflowIsDeletedAsCleanup("ReplaceTestWF") (0.0s)</StdOut>
      </Output>
    </UnitTestResult>
    <UnitTestResult executionId="9fe34d53-b768-4294-90ae-778e4ae7d3d0" testId="87366c3e-d117-f9f4-00ee-89317dd8159e" testName="TestWFWithRuby" computerName="ASH" duration="00:00:07.0475768" startTime="2017-03-16T11:50:12.1572469+02:00" endTime="2017-03-16T11:50:19.2068560+02:00" testType="13cdc9d9-ddb5-4fa4-a97d-d965ccfc6d4b" outcome="Passed" testListId="8c84fa94-04c1-424b-9868-57a2d4851a1d" relativeResultsDirectory="9fe34d53-b768-4294-90ae-778e4ae7d3d0">
      <Output>
        <StdOut>Given test folder is cleaned
-&gt; done: StudioTestFrameworkSteps.GivenTestFolderIsCleaned() (0.0s)
And I have "Workflow 1" with inputs as
  --- table step argument ---
  | Input Var Name |
  | [[a]]          |
-&gt; done: StudioTestFrameworkSteps.GivenIHaveWithInputsAs("Workflow 1", &lt;table&gt;) (0.0s)
And "Workflow 1" has outputs as
  --- table step argument ---
  | Ouput Var Name  |
  | [[outputValue]] |
-&gt; done: StudioTestFrameworkSteps.GivenHasOutputsAs("Workflow 1", &lt;table&gt;) (0.2s)
Given I have "Workflow 2" with inputs as
  --- table step argument ---
  | Input Var Name |
  | [[rec().a]]    |
  | [[rec().b]]    |
-&gt; done: StudioTestFrameworkSteps.GivenIHaveWithInputsAs("Workflow 2", &lt;table&gt;) (0.0s)
And "Workflow 2" has outputs as
  --- table step argument ---
  | Ouput Var Name |
  | [[returnVal]]  |
-&gt; done: StudioTestFrameworkSteps.GivenHasOutputsAs("Workflow 2", &lt;table&gt;) (0.2s)
Given I have "Workflow 3" with inputs as
  --- table step argument ---
  | Input Var Name |
  | [[A]]          |
  | [[B]]          |
  | [[C]]          |
-&gt; done: StudioTestFrameworkSteps.GivenIHaveWithInputsAs("Workflow 3", &lt;table&gt;) (0.0s)
And "Workflow 3" has outputs as
  --- table step argument ---
  | Ouput Var Name |
  | [[message]]    |
-&gt; done: StudioTestFrameworkSteps.GivenHasOutputsAs("Workflow 3", &lt;table&gt;) (0.2s)
Given I have "WorkflowWithTests" with inputs as
  --- table step argument ---
  | Input Var Name |
  | [[input]]      |
-&gt; done: StudioTestFrameworkSteps.GivenIHaveWithInputsAs("WorkflowWithTests", &lt;table&gt;) (0.0s)
And "WorkflowWithTests" has outputs as
  --- table step argument ---
  | Ouput Var Name  |
  | [[outputValue]] |
-&gt; done: StudioTestFrameworkSteps.GivenHasOutputsAs("WorkflowWithTests", &lt;table&gt;) (0.2s)
And "WorkflowWithTests" Tests as
  --- table step argument ---
  | TestName | AuthenticationType | Error | TestFailing | TestPending | TestInvalid | TestPassed |
  | Test1    | Windows            | false | false       | false       | false       | true       |
  | Test2    | Windows            | false | true        | false       | false       | false      |
  | Test3    | Windows            | false | false       | false       | true        | false      |
  | Test4    | Windows            | false | false       | true        | false       | false      |
-&gt; done: StudioTestFrameworkSteps.GivenTestsAs("WorkflowWithTests", &lt;table&gt;) (0.1s)
Given I have a workflow "RubyTestWF"
-&gt; done: WorkflowExecutionSteps.GivenIHaveAWorkflow("RubyTestWF") (0.0s)
And "RubyTestWF" contains a Ruby "testRuby" ScriptToRun "sleep(5)" and result as "[[result]]"
-&gt; done: WorkflowExecutionSteps.GivenContainsARubyScriptToRunAndResultAs("RubyTestWF", "testRuby", "sleep(5)", "[[result]]") (0.0s)
And I save workflow "RubyTestWF"
-&gt; done: WorkflowExecutionSteps.Save("RubyTestWF") (0.2s)
Then the test builder is open with "RubyTestWF"
-&gt; done: StudioTestFrameworkSteps.GivenTheTestBuilderIsOpenWith("RubyTestWF") (0.0s)
And I click New Test
-&gt; done: StudioTestFrameworkSteps.WhenIClickNewTest() (0.0s)
And a new test is added
-&gt; done: StudioTestFrameworkSteps.ThenANewTestIsAdded() (0.0s)
And test name starts with "Test 1"
-&gt; done: StudioTestFrameworkSteps.ThenTestNameStartsWith("Test 1") (0.0s)
And I Add "testRuby" as TestStep
-&gt; done: StudioTestFrameworkSteps.ThenIAddAsTestStep("testRuby") (0.0s)
And I add StepOutputs as
  --- table step argument ---
  | Variable Name | Condition | Value |
  | [[result]]    | =         | 5     |
-&gt; done: StudioTestFrameworkSteps.ThenIAddStepOutputsAs(&lt;table&gt;) (0.0s)
When I save
-&gt; done: StudioTestFrameworkSteps.WhenISave() (0.0s)
And I run the test
-&gt; done: StudioTestFrameworkSteps.WhenIRunTheTest() (5.8s)
Then test result is Passed
-&gt; done: StudioTestFrameworkSteps.ThenTestResultIsPassed() (0.0s)
When I delete "Test 1"
-&gt; done: StudioTestFrameworkSteps.WhenIDelete("Test 1") (0.0s)
Then The "DeleteConfirmation" popup is shown I click Ok
-&gt; done: StudioTestFrameworkSteps.ThenThePopupIsShownIClickOk("DeleteConfirmation") (0.0s)
Then workflow "RubyTestWF" is deleted as cleanup
-&gt; done: WorkflowExecutionSteps.ThenWorkflowIsDeletedAsCleanup("RubyTestWF") (0.1s)</StdOut>
      </Output>
    </UnitTestResult>
    <UnitTestResult executionId="7692547d-6216-4714-a574-0741090153cc" testId="af9fdfe9-e17d-5b8e-b899-3f5890756994" testName="TestWFWithSharepointCopyFile" computerName="ASH" duration="00:00:43.8610623" startTime="2017-03-16T11:50:19.2123638+02:00" endTime="2017-03-16T11:51:03.0740272+02:00" testType="13cdc9d9-ddb5-4fa4-a97d-d965ccfc6d4b" outcome="Failed" testListId="8c84fa94-04c1-424b-9868-57a2d4851a1d" relativeResultsDirectory="7692547d-6216-4714-a574-0741090153cc">
      <Output>
        <StdOut>Given test folder is cleaned
-&gt; done: StudioTestFrameworkSteps.GivenTestFolderIsCleaned() (0.0s)
And I have "Workflow 1" with inputs as
  --- table step argument ---
  | Input Var Name |
  | [[a]]          |
-&gt; done: StudioTestFrameworkSteps.GivenIHaveWithInputsAs("Workflow 1", &lt;table&gt;) (0.0s)
And "Workflow 1" has outputs as
  --- table step argument ---
  | Ouput Var Name  |
  | [[outputValue]] |
-&gt; done: StudioTestFrameworkSteps.GivenHasOutputsAs("Workflow 1", &lt;table&gt;) (0.2s)
Given I have "Workflow 2" with inputs as
  --- table step argument ---
  | Input Var Name |
  | [[rec().a]]    |
  | [[rec().b]]    |
-&gt; done: StudioTestFrameworkSteps.GivenIHaveWithInputsAs("Workflow 2", &lt;table&gt;) (0.0s)
And "Workflow 2" has outputs as
  --- table step argument ---
  | Ouput Var Name |
  | [[returnVal]]  |
-&gt; done: StudioTestFrameworkSteps.GivenHasOutputsAs("Workflow 2", &lt;table&gt;) (0.2s)
Given I have "Workflow 3" with inputs as
  --- table step argument ---
  | Input Var Name |
  | [[A]]          |
  | [[B]]          |
  | [[C]]          |
-&gt; done: StudioTestFrameworkSteps.GivenIHaveWithInputsAs("Workflow 3", &lt;table&gt;) (0.0s)
And "Workflow 3" has outputs as
  --- table step argument ---
  | Ouput Var Name |
  | [[message]]    |
-&gt; done: StudioTestFrameworkSteps.GivenHasOutputsAs("Workflow 3", &lt;table&gt;) (0.2s)
Given I have "WorkflowWithTests" with inputs as
  --- table step argument ---
  | Input Var Name |
  | [[input]]      |
-&gt; done: StudioTestFrameworkSteps.GivenIHaveWithInputsAs("WorkflowWithTests", &lt;table&gt;) (0.0s)
And "WorkflowWithTests" has outputs as
  --- table step argument ---
  | Ouput Var Name  |
  | [[outputValue]] |
-&gt; done: StudioTestFrameworkSteps.GivenHasOutputsAs("WorkflowWithTests", &lt;table&gt;) (0.2s)
And "WorkflowWithTests" Tests as
  --- table step argument ---
  | TestName | AuthenticationType | Error | TestFailing | TestPending | TestInvalid | TestPassed |
  | Test1    | Windows            | false | false       | false       | false       | true       |
  | Test2    | Windows            | false | true        | false       | false       | false      |
  | Test3    | Windows            | false | false       | false       | true        | false      |
  | Test4    | Windows            | false | false       | true        | false       | false      |
-&gt; done: StudioTestFrameworkSteps.GivenTestsAs("WorkflowWithTests", &lt;table&gt;) (0.1s)
Given I have a workflow "ShapointCopyFileTestWF"
-&gt; done: WorkflowExecutionSteps.GivenIHaveAWorkflow("ShapointCopyFileT...") (0.0s)
And "ShapointCopyFileTestWF" contains SharepointUploadFile "TestSharePUploadFile" as
  --- table step argument ---
  | Server                 | LocalPathFrom                                     | ServerPathTo | Result     |
  | SharePoint Test Server | C:\ProgramData\Warewolf\Resources\Hello World.xml | e.xml        | [[Result]] |
-&gt; done: WorkflowExecutionSteps.GivenContainsSharepointUploadFileAs("ShapointCopyFileT...", "TestSharePUploadFile", &lt;table&gt;) (0.1s)
And "ShapointCopyFileTestWF" contains SharepointCopyFile "TestSharePCopyFile" as
  --- table step argument ---
  | Server                 | ServerPathFrom | ServerPathTo | Overwrite | Result         |
  | SharePoint Test Server | e.xml          | f.xml        | true      | [[copyResult]] |
-&gt; done: WorkflowExecutionSteps.GivenContainsSharepointCopyFileAs("ShapointCopyFileT...", "TestSharePCopyFile", &lt;table&gt;) (0.0s)
And I save workflow "ShapointCopyFileTestWF"
-&gt; done: WorkflowExecutionSteps.Save("ShapointCopyFileT...") (0.3s)
Then the test builder is open with "ShapointCopyFileTestWF"
-&gt; done: StudioTestFrameworkSteps.GivenTheTestBuilderIsOpenWith("ShapointCopyFileT...") (0.0s)
And I click New Test
-&gt; done: StudioTestFrameworkSteps.WhenIClickNewTest() (0.0s)
And a new test is added
-&gt; done: StudioTestFrameworkSteps.ThenANewTestIsAdded() (0.0s)
And test name starts with "Test 1"
-&gt; done: StudioTestFrameworkSteps.ThenTestNameStartsWith("Test 1") (0.0s)
And I Add "TestSharePCopyFile" as TestStep
-&gt; done: StudioTestFrameworkSteps.ThenIAddAsTestStep("TestSharePCopyFile") (0.0s)
And I add StepOutputs as
  --- table step argument ---
  | Variable Name  | Condition | Value   |
  | [[copyResult]] | =         | Success |
-&gt; done: StudioTestFrameworkSteps.ThenIAddStepOutputsAs(&lt;table&gt;) (0.0s)
When I save
-&gt; done: StudioTestFrameworkSteps.WhenISave() (0.0s)
And I run the test
-&gt; done: StudioTestFrameworkSteps.WhenIRunTheTest() (42.4s)
Then test result is Passed
-&gt; error: Assert.IsTrue failed. 
When I delete "Test 1"
-&gt; skipped because of previous errors
Then The "DeleteConfirmation" popup is shown I click Ok
-&gt; skipped because of previous errors
Then workflow "ShapointCopyFileTestWF" is deleted as cleanup
-&gt; skipped because of previous errors</StdOut>
        <ErrorInfo>
          <Message>Assert.IsTrue failed. </Message>
          <StackTrace>   at Dev2.Activities.Specs.TestFramework.StudioTestFrameworkSteps.ThenTestResultIsPassed() in D:\Repos\GENDEV\Warewolf-ESB\Dev\Dev2.Activities.Specs\TestFramework\TestFrameworkSteps.cs:line 645
   at lambda_method(Closure , IContextManager )
   at TechTalk.SpecFlow.Bindings.BindingInvoker.InvokeBinding(IBinding binding, IContextManager contextManager, Object[] arguments, ITestTracer testTracer, TimeSpan&amp; duration)
   at TechTalk.SpecFlow.Infrastructure.TestExecutionEngine.ExecuteStepMatch(BindingMatch match, Object[] arguments)
   at TechTalk.SpecFlow.Infrastructure.TestExecutionEngine.ExecuteStep(StepInstance stepInstance)
   at TechTalk.SpecFlow.Infrastructure.TestExecutionEngine.OnAfterLastStep()
   at TechTalk.SpecFlow.TestRunner.CollectScenarioErrors()
   at Dev2.Activities.Specs.TestFramework.StudioTestFrameworkFeature.ScenarioCleanup()
   at Dev2.Activities.Specs.TestFramework.StudioTestFrameworkFeature.TestWFWithSharepointCopyFile() in D:\Repos\GENDEV\Warewolf-ESB\Dev\Dev2.Activities.Specs\TestFramework\StudioTestFramework.feature:line 2190
</StackTrace>
        </ErrorInfo>
      </Output>
    </UnitTestResult>
    <UnitTestResult executionId="888fae7f-b2c9-4d29-98dd-a9c14458ed93" testId="03b06cfc-0ce4-a74e-dafe-23d76a304f5a" testName="TestWFWithSharepointCreateListItems" computerName="ASH" duration="00:00:22.4307610" startTime="2017-03-16T11:51:03.0810288+02:00" endTime="2017-03-16T11:51:25.5131140+02:00" testType="13cdc9d9-ddb5-4fa4-a97d-d965ccfc6d4b" outcome="Failed" testListId="8c84fa94-04c1-424b-9868-57a2d4851a1d" relativeResultsDirectory="888fae7f-b2c9-4d29-98dd-a9c14458ed93">
      <Output>
        <StdOut>Given test folder is cleaned
-&gt; done: StudioTestFrameworkSteps.GivenTestFolderIsCleaned() (0.2s)
And I have "Workflow 1" with inputs as
  --- table step argument ---
  | Input Var Name |
  | [[a]]          |
-&gt; done: StudioTestFrameworkSteps.GivenIHaveWithInputsAs("Workflow 1", &lt;table&gt;) (0.0s)
And "Workflow 1" has outputs as
  --- table step argument ---
  | Ouput Var Name  |
  | [[outputValue]] |
-&gt; done: StudioTestFrameworkSteps.GivenHasOutputsAs("Workflow 1", &lt;table&gt;) (0.2s)
Given I have "Workflow 2" with inputs as
  --- table step argument ---
  | Input Var Name |
  | [[rec().a]]    |
  | [[rec().b]]    |
-&gt; done: StudioTestFrameworkSteps.GivenIHaveWithInputsAs("Workflow 2", &lt;table&gt;) (0.0s)
And "Workflow 2" has outputs as
  --- table step argument ---
  | Ouput Var Name |
  | [[returnVal]]  |
-&gt; done: StudioTestFrameworkSteps.GivenHasOutputsAs("Workflow 2", &lt;table&gt;) (0.3s)
Given I have "Workflow 3" with inputs as
  --- table step argument ---
  | Input Var Name |
  | [[A]]          |
  | [[B]]          |
  | [[C]]          |
-&gt; done: StudioTestFrameworkSteps.GivenIHaveWithInputsAs("Workflow 3", &lt;table&gt;) (0.0s)
And "Workflow 3" has outputs as
  --- table step argument ---
  | Ouput Var Name |
  | [[message]]    |
-&gt; done: StudioTestFrameworkSteps.GivenHasOutputsAs("Workflow 3", &lt;table&gt;) (0.2s)
Given I have "WorkflowWithTests" with inputs as
  --- table step argument ---
  | Input Var Name |
  | [[input]]      |
-&gt; done: StudioTestFrameworkSteps.GivenIHaveWithInputsAs("WorkflowWithTests", &lt;table&gt;) (0.0s)
And "WorkflowWithTests" has outputs as
  --- table step argument ---
  | Ouput Var Name  |
  | [[outputValue]] |
-&gt; done: StudioTestFrameworkSteps.GivenHasOutputsAs("WorkflowWithTests", &lt;table&gt;) (0.2s)
And "WorkflowWithTests" Tests as
  --- table step argument ---
  | TestName | AuthenticationType | Error | TestFailing | TestPending | TestInvalid | TestPassed |
  | Test1    | Windows            | false | false       | false       | false       | true       |
  | Test2    | Windows            | false | true        | false       | false       | false      |
  | Test3    | Windows            | false | false       | false       | true        | false      |
  | Test4    | Windows            | false | false       | true        | false       | false      |
-&gt; done: StudioTestFrameworkSteps.GivenTestsAs("WorkflowWithTests", &lt;table&gt;) (0.1s)
Given I have a workflow "ShapointCreateListItemsTestWF"
-&gt; done: WorkflowExecutionSteps.GivenIHaveAWorkflow("ShapointCreateLis...") (0.0s)
And "ShapointCreateListItemsTestWF" contains an Assign "MyAssign" as
  --- table step argument ---
  | variable                                          | value                                                                |
  | [[AcceptanceTesting_Create().Title]]              | Mr                                                                   |
  | [[AcceptanceTesting_Create().Name]]               | Micky                                                                |
  | [[AcceptanceTesting_Create().IntField]]           | 1.1                                                                  |
  | [[AcceptanceTesting_Create().CurrencyField]]      | 2211                                                                 |
  | [[AcceptanceTesting_Create().DateField]]          | 2016/11/10                                                           |
  | [[AcceptanceTesting_Create().DateTimeField]]      | 2016/11/10                                                           |
  | [[AcceptanceTesting_Create().BoolField]]          | True                                                                 |
  | [[AcceptanceTesting_Create().MultilineTextField]] | &lt;div class="ExternalClassD0D0AB75CC30454599C3D12D077D6D8D"&gt;123&lt;/div&gt; |
  | [[AcceptanceTesting_Create().RequiredField]]      | Text                                                                 |
  | [[AcceptanceTesting_Create().Loc]]                | True                                                                 |
-&gt; done: WorkflowExecutionSteps.ThenContainsAnAssignAs("ShapointCreateLis...", "MyAssign", &lt;table&gt;) (0.0s)
And "ShapointCreateListItemsTestWF" contains CreateListItems "TestSharePCreateItemList" as
  --- table step argument ---
  | Server                 | List                     | Result     |
  | SharePoint Test Server | AcceptanceTesting_Create | [[Result]] |
-&gt; error: Value cannot be null.
Parameter name: source
And I save workflow "ShapointCreateListItemsTestWF"
-&gt; skipped because of previous errors
Then the test builder is open with "ShapointCreateListItemsTestWF"
-&gt; skipped because of previous errors
And I click New Test
-&gt; skipped because of previous errors
And a new test is added
-&gt; skipped because of previous errors
And test name starts with "Test 1"
-&gt; skipped because of previous errors
And I Add "TestSharePCreateItemList" as TestStep
-&gt; skipped because of previous errors
And I add StepOutputs as
  --- table step argument ---
  | Variable Name | Condition | Value   |
  | [[Result]]    | =         | Success |
-&gt; skipped because of previous errors
When I save
-&gt; skipped because of previous errors
And I run the test
-&gt; skipped because of previous errors
Then test result is Passed
-&gt; skipped because of previous errors
When I delete "Test 1"
-&gt; skipped because of previous errors
Then The "DeleteConfirmation" popup is shown I click Ok
-&gt; skipped because of previous errors
Then workflow "ShapointCreateListItemsTestWF" is deleted as cleanup
-&gt; skipped because of previous errors</StdOut>
        <ErrorInfo>
          <Message>Test method Dev2.Activities.Specs.TestFramework.StudioTestFrameworkFeature.TestWFWithSharepointCreateListItems threw exception: 
System.ArgumentNullException: Value cannot be null.
Parameter name: source</Message>
          <StackTrace>    at System.Linq.Enumerable.Single[TSource](IEnumerable`1 source, Func`2 predicate)
   at Dev2.Activities.Specs.Composition.WorkflowExecutionSteps.GivenContainsCreateListItemsAs(String parentName, String activityName, Table table) in D:\Repos\GENDEV\Warewolf-ESB\Dev\Dev2.Activities.Specs\Composition\WorkflowExecutionSteps.cs:line 1781
   at lambda_method(Closure , IContextManager , String , String , Table )
   at TechTalk.SpecFlow.Bindings.BindingInvoker.InvokeBinding(IBinding binding, IContextManager contextManager, Object[] arguments, ITestTracer testTracer, TimeSpan&amp; duration)
   at TechTalk.SpecFlow.Infrastructure.TestExecutionEngine.ExecuteStepMatch(BindingMatch match, Object[] arguments)
   at TechTalk.SpecFlow.Infrastructure.TestExecutionEngine.ExecuteStep(StepInstance stepInstance)
   at TechTalk.SpecFlow.Infrastructure.TestExecutionEngine.OnAfterLastStep()
   at TechTalk.SpecFlow.TestRunner.CollectScenarioErrors()
   at Dev2.Activities.Specs.TestFramework.StudioTestFrameworkFeature.ScenarioCleanup()
   at Dev2.Activities.Specs.TestFramework.StudioTestFrameworkFeature.TestWFWithSharepointCreateListItems() in D:\Repos\GENDEV\Warewolf-ESB\Dev\Dev2.Activities.Specs\TestFramework\StudioTestFramework.feature:line 2224
</StackTrace>
        </ErrorInfo>
      </Output>
    </UnitTestResult>
    <UnitTestResult executionId="8917ddb9-5e35-4bba-beb7-bba1edf20418" testId="1a50a430-ee80-86a1-b715-409b066b787a" testName="TestWFWithSharepointDeleteFile" computerName="ASH" duration="00:00:22.2477218" startTime="2017-03-16T11:51:25.5191111+02:00" endTime="2017-03-16T11:51:47.7677209+02:00" testType="13cdc9d9-ddb5-4fa4-a97d-d965ccfc6d4b" outcome="Failed" testListId="8c84fa94-04c1-424b-9868-57a2d4851a1d" relativeResultsDirectory="8917ddb9-5e35-4bba-beb7-bba1edf20418">
      <Output>
        <StdOut>Given test folder is cleaned
-&gt; done: StudioTestFrameworkSteps.GivenTestFolderIsCleaned() (0.1s)
And I have "Workflow 1" with inputs as
  --- table step argument ---
  | Input Var Name |
  | [[a]]          |
-&gt; done: StudioTestFrameworkSteps.GivenIHaveWithInputsAs("Workflow 1", &lt;table&gt;) (0.0s)
And "Workflow 1" has outputs as
  --- table step argument ---
  | Ouput Var Name  |
  | [[outputValue]] |
-&gt; done: StudioTestFrameworkSteps.GivenHasOutputsAs("Workflow 1", &lt;table&gt;) (0.2s)
Given I have "Workflow 2" with inputs as
  --- table step argument ---
  | Input Var Name |
  | [[rec().a]]    |
  | [[rec().b]]    |
-&gt; done: StudioTestFrameworkSteps.GivenIHaveWithInputsAs("Workflow 2", &lt;table&gt;) (0.0s)
And "Workflow 2" has outputs as
  --- table step argument ---
  | Ouput Var Name |
  | [[returnVal]]  |
-&gt; done: StudioTestFrameworkSteps.GivenHasOutputsAs("Workflow 2", &lt;table&gt;) (0.2s)
Given I have "Workflow 3" with inputs as
  --- table step argument ---
  | Input Var Name |
  | [[A]]          |
  | [[B]]          |
  | [[C]]          |
-&gt; done: StudioTestFrameworkSteps.GivenIHaveWithInputsAs("Workflow 3", &lt;table&gt;) (0.0s)
And "Workflow 3" has outputs as
  --- table step argument ---
  | Ouput Var Name |
  | [[message]]    |
-&gt; done: StudioTestFrameworkSteps.GivenHasOutputsAs("Workflow 3", &lt;table&gt;) (0.1s)
Given I have "WorkflowWithTests" with inputs as
  --- table step argument ---
  | Input Var Name |
  | [[input]]      |
-&gt; done: StudioTestFrameworkSteps.GivenIHaveWithInputsAs("WorkflowWithTests", &lt;table&gt;) (0.0s)
And "WorkflowWithTests" has outputs as
  --- table step argument ---
  | Ouput Var Name  |
  | [[outputValue]] |
-&gt; done: StudioTestFrameworkSteps.GivenHasOutputsAs("WorkflowWithTests", &lt;table&gt;) (0.2s)
And "WorkflowWithTests" Tests as
  --- table step argument ---
  | TestName | AuthenticationType | Error | TestFailing | TestPending | TestInvalid | TestPassed |
  | Test1    | Windows            | false | false       | false       | false       | true       |
  | Test2    | Windows            | false | true        | false       | false       | false      |
  | Test3    | Windows            | false | false       | false       | true        | false      |
  | Test4    | Windows            | false | false       | true        | false       | false      |
-&gt; done: StudioTestFrameworkSteps.GivenTestsAs("WorkflowWithTests", &lt;table&gt;) (0.0s)
Given I have a workflow "ShapointDelSingleItemTestWF"
-&gt; done: WorkflowExecutionSteps.GivenIHaveAWorkflow("ShapointDelSingle...") (0.0s)
And "ShapointDelSingleItemTestWF" contains SharepointDeleteSingle "TestSharePdeleteListItem" as
  --- table step argument ---
  | Server                 | ServerPath | Result     |
  | SharePoint Test Server | 125698.xml | [[Result]] |
-&gt; done: WorkflowExecutionSteps.GivenContainsSharepointDeleteListItemAs("ShapointDelSingle...", "TestSharePdeleteL...", &lt;table&gt;) (0.0s)
And I save workflow "ShapointDelSingleItemTestWF"
-&gt; done: WorkflowExecutionSteps.Save("ShapointDelSingle...") (0.2s)
Then the test builder is open with "ShapointDelSingleItemTestWF"
-&gt; done: StudioTestFrameworkSteps.GivenTheTestBuilderIsOpenWith("ShapointDelSingle...") (0.0s)
And I click New Test
-&gt; done: StudioTestFrameworkSteps.WhenIClickNewTest() (0.0s)
And a new test is added
-&gt; done: StudioTestFrameworkSteps.ThenANewTestIsAdded() (0.0s)
And test name starts with "Test 1"
-&gt; done: StudioTestFrameworkSteps.ThenTestNameStartsWith("Test 1") (0.0s)
And I Add "TestSharePdeleteListItem" as TestStep
-&gt; done: StudioTestFrameworkSteps.ThenIAddAsTestStep("TestSharePdeleteL...") (0.0s)
And I add StepOutputs as
  --- table step argument ---
  | Variable Name | Condition | Value |
  | [[Result]]    | =         |       |
-&gt; done: StudioTestFrameworkSteps.ThenIAddStepOutputsAs(&lt;table&gt;) (0.0s)
And I expect Error "File Not Found"
-&gt; done: StudioTestFrameworkSteps.ThenIExpectError("File Not Found") (0.0s)
When I save
-&gt; done: StudioTestFrameworkSteps.WhenISave() (0.0s)
And I run the test
-&gt; done: StudioTestFrameworkSteps.WhenIRunTheTest() (21.1s)
Then test result is Passed
-&gt; error: Assert.IsTrue failed. 
When I delete "Test 1"
-&gt; skipped because of previous errors
Then The "DeleteConfirmation" popup is shown I click Ok
-&gt; skipped because of previous errors
Then workflow "ShapointDelSingleItemTestWF" is deleted as cleanup
-&gt; skipped because of previous errors</StdOut>
        <ErrorInfo>
          <Message>Assert.IsTrue failed. </Message>
          <StackTrace>   at Dev2.Activities.Specs.TestFramework.StudioTestFrameworkSteps.ThenTestResultIsPassed() in D:\Repos\GENDEV\Warewolf-ESB\Dev\Dev2.Activities.Specs\TestFramework\TestFrameworkSteps.cs:line 645
   at lambda_method(Closure , IContextManager )
   at TechTalk.SpecFlow.Bindings.BindingInvoker.InvokeBinding(IBinding binding, IContextManager contextManager, Object[] arguments, ITestTracer testTracer, TimeSpan&amp; duration)
   at TechTalk.SpecFlow.Infrastructure.TestExecutionEngine.ExecuteStepMatch(BindingMatch match, Object[] arguments)
   at TechTalk.SpecFlow.Infrastructure.TestExecutionEngine.ExecuteStep(StepInstance stepInstance)
   at TechTalk.SpecFlow.Infrastructure.TestExecutionEngine.OnAfterLastStep()
   at TechTalk.SpecFlow.TestRunner.CollectScenarioErrors()
   at Dev2.Activities.Specs.TestFramework.StudioTestFrameworkFeature.ScenarioCleanup()
   at Dev2.Activities.Specs.TestFramework.StudioTestFrameworkFeature.TestWFWithSharepointDeleteFile() in D:\Repos\GENDEV\Warewolf-ESB\Dev\Dev2.Activities.Specs\TestFramework\StudioTestFramework.feature:line 2267
</StackTrace>
        </ErrorInfo>
      </Output>
    </UnitTestResult>
    <UnitTestResult executionId="ea4ed68b-53b7-444e-b273-45e44762760b" testId="d184adf1-d5f2-60c3-6c9d-47ef9934afc4" testName="TestWFWithSharepointDeleteFileList" computerName="ASH" duration="00:00:22.2248791" startTime="2017-03-16T11:51:47.7732229+02:00" endTime="2017-03-16T11:52:09.9995145+02:00" testType="13cdc9d9-ddb5-4fa4-a97d-d965ccfc6d4b" outcome="Failed" testListId="8c84fa94-04c1-424b-9868-57a2d4851a1d" relativeResultsDirectory="ea4ed68b-53b7-444e-b273-45e44762760b">
      <Output>
        <StdOut>Given test folder is cleaned
-&gt; done: StudioTestFrameworkSteps.GivenTestFolderIsCleaned() (0.0s)
And I have "Workflow 1" with inputs as
  --- table step argument ---
  | Input Var Name |
  | [[a]]          |
-&gt; done: StudioTestFrameworkSteps.GivenIHaveWithInputsAs("Workflow 1", &lt;table&gt;) (0.0s)
And "Workflow 1" has outputs as
  --- table step argument ---
  | Ouput Var Name  |
  | [[outputValue]] |
-&gt; done: StudioTestFrameworkSteps.GivenHasOutputsAs("Workflow 1", &lt;table&gt;) (0.2s)
Given I have "Workflow 2" with inputs as
  --- table step argument ---
  | Input Var Name |
  | [[rec().a]]    |
  | [[rec().b]]    |
-&gt; done: StudioTestFrameworkSteps.GivenIHaveWithInputsAs("Workflow 2", &lt;table&gt;) (0.0s)
And "Workflow 2" has outputs as
  --- table step argument ---
  | Ouput Var Name |
  | [[returnVal]]  |
-&gt; done: StudioTestFrameworkSteps.GivenHasOutputsAs("Workflow 2", &lt;table&gt;) (0.1s)
Given I have "Workflow 3" with inputs as
  --- table step argument ---
  | Input Var Name |
  | [[A]]          |
  | [[B]]          |
  | [[C]]          |
-&gt; done: StudioTestFrameworkSteps.GivenIHaveWithInputsAs("Workflow 3", &lt;table&gt;) (0.0s)
And "Workflow 3" has outputs as
  --- table step argument ---
  | Ouput Var Name |
  | [[message]]    |
-&gt; done: StudioTestFrameworkSteps.GivenHasOutputsAs("Workflow 3", &lt;table&gt;) (0.1s)
Given I have "WorkflowWithTests" with inputs as
  --- table step argument ---
  | Input Var Name |
  | [[input]]      |
-&gt; done: StudioTestFrameworkSteps.GivenIHaveWithInputsAs("WorkflowWithTests", &lt;table&gt;) (0.0s)
And "WorkflowWithTests" has outputs as
  --- table step argument ---
  | Ouput Var Name  |
  | [[outputValue]] |
-&gt; done: StudioTestFrameworkSteps.GivenHasOutputsAs("WorkflowWithTests", &lt;table&gt;) (0.2s)
And "WorkflowWithTests" Tests as
  --- table step argument ---
  | TestName | AuthenticationType | Error | TestFailing | TestPending | TestInvalid | TestPassed |
  | Test1    | Windows            | false | false       | false       | false       | true       |
  | Test2    | Windows            | false | true        | false       | false       | false      |
  | Test3    | Windows            | false | false       | false       | true        | false      |
  | Test4    | Windows            | false | false       | true        | false       | false      |
-&gt; done: StudioTestFrameworkSteps.GivenTestsAs("WorkflowWithTests", &lt;table&gt;) (0.0s)
Given I have a workflow "ShapointDeleteFileListTestWF"
-&gt; done: WorkflowExecutionSteps.GivenIHaveAWorkflow("ShapointDeleteFil...") (0.0s)
And "ShapointDeleteFileListTestWF" contains SharepointDeleteFile "TestSharePDeleteFile" as
  --- table step argument ---
  | Server                 | SharepointList | Result        |
  | SharePoint Test Server | AccTesting     | [[delResult]] |
-&gt; done: WorkflowExecutionSteps.GivenContainsSharepointDeleteFileAs("ShapointDeleteFil...", "TestSharePDeleteFile", &lt;table&gt;) (0.0s)
And I save workflow "ShapointDeleteFileListTestWF"
-&gt; done: WorkflowExecutionSteps.Save("ShapointDeleteFil...") (0.2s)
Then the test builder is open with "ShapointDeleteFileListTestWF"
-&gt; done: StudioTestFrameworkSteps.GivenTheTestBuilderIsOpenWith("ShapointDeleteFil...") (0.0s)
And I click New Test
-&gt; done: StudioTestFrameworkSteps.WhenIClickNewTest() (0.0s)
And a new test is added
-&gt; done: StudioTestFrameworkSteps.ThenANewTestIsAdded() (0.0s)
And test name starts with "Test 1"
-&gt; done: StudioTestFrameworkSteps.ThenTestNameStartsWith("Test 1") (0.0s)
And I Add "TestSharePDeleteFile" as TestStep
-&gt; done: StudioTestFrameworkSteps.ThenIAddAsTestStep("TestSharePDeleteFile") (0.0s)
And I add StepOutputs as
  --- table step argument ---
  | Variable Name | Condition | Value |
  | [[delResult]] | =         | 0     |
-&gt; done: StudioTestFrameworkSteps.ThenIAddStepOutputsAs(&lt;table&gt;) (0.0s)
When I save
-&gt; done: StudioTestFrameworkSteps.WhenISave() (0.0s)
And I run the test
-&gt; done: StudioTestFrameworkSteps.WhenIRunTheTest() (21.2s)
Then test result is Passed
-&gt; error: Assert.IsTrue failed. 
When I delete "Test 1"
-&gt; skipped because of previous errors
Then The "DeleteConfirmation" popup is shown I click Ok
-&gt; skipped because of previous errors
Then workflow "ShapointDeleteFileListTestWF" is deleted as cleanup
-&gt; skipped because of previous errors</StdOut>
        <ErrorInfo>
          <Message>Assert.IsTrue failed. </Message>
          <StackTrace>   at Dev2.Activities.Specs.TestFramework.StudioTestFrameworkSteps.ThenTestResultIsPassed() in D:\Repos\GENDEV\Warewolf-ESB\Dev\Dev2.Activities.Specs\TestFramework\TestFrameworkSteps.cs:line 645
   at lambda_method(Closure , IContextManager )
   at TechTalk.SpecFlow.Bindings.BindingInvoker.InvokeBinding(IBinding binding, IContextManager contextManager, Object[] arguments, ITestTracer testTracer, TimeSpan&amp; duration)
   at TechTalk.SpecFlow.Infrastructure.TestExecutionEngine.ExecuteStepMatch(BindingMatch match, Object[] arguments)
   at TechTalk.SpecFlow.Infrastructure.TestExecutionEngine.ExecuteStep(StepInstance stepInstance)
   at TechTalk.SpecFlow.Infrastructure.TestExecutionEngine.OnAfterLastStep()
   at TechTalk.SpecFlow.TestRunner.CollectScenarioErrors()
   at Dev2.Activities.Specs.TestFramework.StudioTestFrameworkFeature.ScenarioCleanup()
   at Dev2.Activities.Specs.TestFramework.StudioTestFrameworkFeature.TestWFWithSharepointDeleteFileList() in D:\Repos\GENDEV\Warewolf-ESB\Dev\Dev2.Activities.Specs\TestFramework\StudioTestFramework.feature:line 2245
</StackTrace>
        </ErrorInfo>
      </Output>
    </UnitTestResult>
    <UnitTestResult executionId="d02cbf06-da07-4da4-bdd9-37df02566243" testId="b2be7eb0-c1c4-c77d-eaf0-d210296c0e8b" testName="TestWFWithSharepointDownloadFile" computerName="ASH" duration="00:00:43.0771036" startTime="2017-03-16T11:52:10.0045121+02:00" endTime="2017-03-16T11:52:53.0817112+02:00" testType="13cdc9d9-ddb5-4fa4-a97d-d965ccfc6d4b" outcome="Failed" testListId="8c84fa94-04c1-424b-9868-57a2d4851a1d" relativeResultsDirectory="d02cbf06-da07-4da4-bdd9-37df02566243">
      <Output>
        <StdOut>Given test folder is cleaned
-&gt; done: StudioTestFrameworkSteps.GivenTestFolderIsCleaned() (0.0s)
And I have "Workflow 1" with inputs as
  --- table step argument ---
  | Input Var Name |
  | [[a]]          |
-&gt; done: StudioTestFrameworkSteps.GivenIHaveWithInputsAs("Workflow 1", &lt;table&gt;) (0.0s)
And "Workflow 1" has outputs as
  --- table step argument ---
  | Ouput Var Name  |
  | [[outputValue]] |
-&gt; done: StudioTestFrameworkSteps.GivenHasOutputsAs("Workflow 1", &lt;table&gt;) (0.2s)
Given I have "Workflow 2" with inputs as
  --- table step argument ---
  | Input Var Name |
  | [[rec().a]]    |
  | [[rec().b]]    |
-&gt; done: StudioTestFrameworkSteps.GivenIHaveWithInputsAs("Workflow 2", &lt;table&gt;) (0.0s)
And "Workflow 2" has outputs as
  --- table step argument ---
  | Ouput Var Name |
  | [[returnVal]]  |
-&gt; done: StudioTestFrameworkSteps.GivenHasOutputsAs("Workflow 2", &lt;table&gt;) (0.1s)
Given I have "Workflow 3" with inputs as
  --- table step argument ---
  | Input Var Name |
  | [[A]]          |
  | [[B]]          |
  | [[C]]          |
-&gt; done: StudioTestFrameworkSteps.GivenIHaveWithInputsAs("Workflow 3", &lt;table&gt;) (0.0s)
And "Workflow 3" has outputs as
  --- table step argument ---
  | Ouput Var Name |
  | [[message]]    |
-&gt; done: StudioTestFrameworkSteps.GivenHasOutputsAs("Workflow 3", &lt;table&gt;) (0.1s)
Given I have "WorkflowWithTests" with inputs as
  --- table step argument ---
  | Input Var Name |
  | [[input]]      |
-&gt; done: StudioTestFrameworkSteps.GivenIHaveWithInputsAs("WorkflowWithTests", &lt;table&gt;) (0.0s)
And "WorkflowWithTests" has outputs as
  --- table step argument ---
  | Ouput Var Name  |
  | [[outputValue]] |
-&gt; done: StudioTestFrameworkSteps.GivenHasOutputsAs("WorkflowWithTests", &lt;table&gt;) (0.2s)
And "WorkflowWithTests" Tests as
  --- table step argument ---
  | TestName | AuthenticationType | Error | TestFailing | TestPending | TestInvalid | TestPassed |
  | Test1    | Windows            | false | false       | false       | false       | true       |
  | Test2    | Windows            | false | true        | false       | false       | false      |
  | Test3    | Windows            | false | false       | false       | true        | false      |
  | Test4    | Windows            | false | false       | true        | false       | false      |
-&gt; done: StudioTestFrameworkSteps.GivenTestsAs("WorkflowWithTests", &lt;table&gt;) (0.0s)
Given I have a workflow "ShapointDownloadFileTestWF"
-&gt; done: WorkflowExecutionSteps.GivenIHaveAWorkflow("ShapointDownloadF...") (0.0s)
And "ShapointUploadFileTestWF" contains SharepointUploadFile "TestSharePUploadFile" as
  --- table step argument ---
  | Server                 | LocalPathFrom                                     | ServerPathTo | Result       |
  | SharePoint Test Server | C:\ProgramData\Warewolf\Resources\Hello World.xml |              | [[Uploaded]] |
-&gt; done: WorkflowExecutionSteps.GivenContainsSharepointUploadFileAs("ShapointUploadFil...", "TestSharePUploadFile", &lt;table&gt;) (0.0s)
And "ShapointDownloadFileTestWF" contains SharepointDownloadFile "TestSharePDownloadFile" as
  --- table step argument ---
  | Server                 | ServerPathFrom  | LocalPathTo                                                                | Overwrite | Result         |
  | SharePoint Test Server | Hello World.xml | C:\ProgramData\Warewolf\Resources\DownloadedFromSharepoint\Hello World.xml | True      | [[Downloaded]] |
-&gt; done: WorkflowExecutionSteps.GivenContainsSharepointDownloadFileAs("ShapointDownloadF...", "TestSharePDownloa...", &lt;table&gt;) (0.0s)
And I save workflow "ShapointDownloadFileTestWF"
-&gt; done: WorkflowExecutionSteps.Save("ShapointDownloadF...") (0.2s)
Then the test builder is open with "ShapointDownloadFileTestWF"
-&gt; done: StudioTestFrameworkSteps.GivenTheTestBuilderIsOpenWith("ShapointDownloadF...") (0.0s)
And I click New Test
-&gt; done: StudioTestFrameworkSteps.WhenIClickNewTest() (0.0s)
And a new test is added
-&gt; done: StudioTestFrameworkSteps.ThenANewTestIsAdded() (0.0s)
And test name starts with "Test 1"
-&gt; done: StudioTestFrameworkSteps.ThenTestNameStartsWith("Test 1") (0.0s)
And I Add "TestSharePDownloadFile" as TestStep
-&gt; done: StudioTestFrameworkSteps.ThenIAddAsTestStep("TestSharePDownloa...") (0.0s)
And I add StepOutputs as
  --- table step argument ---
  | Variable Name  | Condition | Value   |
  | [[Downloaded]] | =         | Success |
-&gt; done: StudioTestFrameworkSteps.ThenIAddStepOutputsAs(&lt;table&gt;) (0.0s)
When I save
-&gt; done: StudioTestFrameworkSteps.WhenISave() (0.0s)
And I run the test
-&gt; done: StudioTestFrameworkSteps.WhenIRunTheTest() (42.1s)
Then test result is Passed
-&gt; error: Assert.IsTrue failed. 
When I delete "Test 1"
-&gt; skipped because of previous errors
Then The "DeleteConfirmation" popup is shown I click Ok
-&gt; skipped because of previous errors
Then workflow "ShapointDownloadFileTestWF" is deleted as cleanup
-&gt; skipped because of previous errors</StdOut>
        <ErrorInfo>
          <Message>Assert.IsTrue failed. </Message>
          <StackTrace>   at Dev2.Activities.Specs.TestFramework.StudioTestFrameworkSteps.ThenTestResultIsPassed() in D:\Repos\GENDEV\Warewolf-ESB\Dev\Dev2.Activities.Specs\TestFramework\TestFrameworkSteps.cs:line 645
   at lambda_method(Closure , IContextManager )
   at TechTalk.SpecFlow.Bindings.BindingInvoker.InvokeBinding(IBinding binding, IContextManager contextManager, Object[] arguments, ITestTracer testTracer, TimeSpan&amp; duration)
   at TechTalk.SpecFlow.Infrastructure.TestExecutionEngine.ExecuteStepMatch(BindingMatch match, Object[] arguments)
   at TechTalk.SpecFlow.Infrastructure.TestExecutionEngine.ExecuteStep(StepInstance stepInstance)
   at TechTalk.SpecFlow.Infrastructure.TestExecutionEngine.OnAfterLastStep()
   at TechTalk.SpecFlow.TestRunner.CollectScenarioErrors()
   at Dev2.Activities.Specs.TestFramework.StudioTestFrameworkFeature.ScenarioCleanup()
   at Dev2.Activities.Specs.TestFramework.StudioTestFrameworkFeature.TestWFWithSharepointDownloadFile() in D:\Repos\GENDEV\Warewolf-ESB\Dev\Dev2.Activities.Specs\TestFramework\StudioTestFramework.feature:line 2291
</StackTrace>
        </ErrorInfo>
      </Output>
    </UnitTestResult>
    <UnitTestResult executionId="4ec3a4cc-6592-4cc1-af38-e330be3ba4e5" testId="d2d52858-c2a0-59a0-ef3e-845d67302963" testName="TestWFWithSharepointMoveFile" computerName="ASH" duration="00:00:43.1230368" startTime="2017-03-16T11:52:53.0867089+02:00" endTime="2017-03-16T11:53:36.2091325+02:00" testType="13cdc9d9-ddb5-4fa4-a97d-d965ccfc6d4b" outcome="Failed" testListId="8c84fa94-04c1-424b-9868-57a2d4851a1d" relativeResultsDirectory="4ec3a4cc-6592-4cc1-af38-e330be3ba4e5">
      <Output>
        <StdOut>Given test folder is cleaned
-&gt; done: StudioTestFrameworkSteps.GivenTestFolderIsCleaned() (0.0s)
And I have "Workflow 1" with inputs as
  --- table step argument ---
  | Input Var Name |
  | [[a]]          |
-&gt; done: StudioTestFrameworkSteps.GivenIHaveWithInputsAs("Workflow 1", &lt;table&gt;) (0.0s)
And "Workflow 1" has outputs as
  --- table step argument ---
  | Ouput Var Name  |
  | [[outputValue]] |
-&gt; done: StudioTestFrameworkSteps.GivenHasOutputsAs("Workflow 1", &lt;table&gt;) (0.1s)
Given I have "Workflow 2" with inputs as
  --- table step argument ---
  | Input Var Name |
  | [[rec().a]]    |
  | [[rec().b]]    |
-&gt; done: StudioTestFrameworkSteps.GivenIHaveWithInputsAs("Workflow 2", &lt;table&gt;) (0.0s)
And "Workflow 2" has outputs as
  --- table step argument ---
  | Ouput Var Name |
  | [[returnVal]]  |
-&gt; done: StudioTestFrameworkSteps.GivenHasOutputsAs("Workflow 2", &lt;table&gt;) (0.2s)
Given I have "Workflow 3" with inputs as
  --- table step argument ---
  | Input Var Name |
  | [[A]]          |
  | [[B]]          |
  | [[C]]          |
-&gt; done: StudioTestFrameworkSteps.GivenIHaveWithInputsAs("Workflow 3", &lt;table&gt;) (0.0s)
And "Workflow 3" has outputs as
  --- table step argument ---
  | Ouput Var Name |
  | [[message]]    |
-&gt; done: StudioTestFrameworkSteps.GivenHasOutputsAs("Workflow 3", &lt;table&gt;) (0.1s)
Given I have "WorkflowWithTests" with inputs as
  --- table step argument ---
  | Input Var Name |
  | [[input]]      |
-&gt; done: StudioTestFrameworkSteps.GivenIHaveWithInputsAs("WorkflowWithTests", &lt;table&gt;) (0.0s)
And "WorkflowWithTests" has outputs as
  --- table step argument ---
  | Ouput Var Name  |
  | [[outputValue]] |
-&gt; done: StudioTestFrameworkSteps.GivenHasOutputsAs("WorkflowWithTests", &lt;table&gt;) (0.2s)
And "WorkflowWithTests" Tests as
  --- table step argument ---
  | TestName | AuthenticationType | Error | TestFailing | TestPending | TestInvalid | TestPassed |
  | Test1    | Windows            | false | false       | false       | false       | true       |
  | Test2    | Windows            | false | true        | false       | false       | false      |
  | Test3    | Windows            | false | false       | false       | true        | false      |
  | Test4    | Windows            | false | false       | true        | false       | false      |
-&gt; done: StudioTestFrameworkSteps.GivenTestsAs("WorkflowWithTests", &lt;table&gt;) (0.0s)
Given I have a workflow "ShapointMoveFileTestWF"
-&gt; done: WorkflowExecutionSteps.GivenIHaveAWorkflow("ShapointMoveFileT...") (0.0s)
And "ShapointMoveFileTestWF" contains SharepointUploadFile "TestSharePUploadFile" as
  --- table step argument ---
  | Server                 | LocalPathFrom                                     | ServerPathTo | Result     |
  | SharePoint Test Server | C:\ProgramData\Warewolf\Resources\Hello World.xml | B.xml        | [[Result]] |
-&gt; done: WorkflowExecutionSteps.GivenContainsSharepointUploadFileAs("ShapointMoveFileT...", "TestSharePUploadFile", &lt;table&gt;) (0.0s)
And "ShapointMoveFileTestWF" contains SharepointMoveFile "TestSharePMoveFile" as
  --- table step argument ---
  | Server                 | ServerPathFrom | ServerPathTo | Overwrite | Result         |
  | SharePoint Test Server | B.xml          | c.xml        | true      | [[MoveResult]] |
-&gt; done: WorkflowExecutionSteps.GivenContainsSharepointMoveFileAs("ShapointMoveFileT...", "TestSharePMoveFile", &lt;table&gt;) (0.0s)
And I save workflow "ShapointMoveFileTestWF"
-&gt; done: WorkflowExecutionSteps.Save("ShapointMoveFileT...") (0.2s)
Then the test builder is open with "ShapointMoveFileTestWF"
-&gt; done: StudioTestFrameworkSteps.GivenTheTestBuilderIsOpenWith("ShapointMoveFileT...") (0.0s)
And I click New Test
-&gt; done: StudioTestFrameworkSteps.WhenIClickNewTest() (0.0s)
And a new test is added
-&gt; done: StudioTestFrameworkSteps.ThenANewTestIsAdded() (0.0s)
And test name starts with "Test 1"
-&gt; done: StudioTestFrameworkSteps.ThenTestNameStartsWith("Test 1") (0.0s)
And I Add "TestSharePMoveFile" as TestStep
-&gt; done: StudioTestFrameworkSteps.ThenIAddAsTestStep("TestSharePMoveFile") (0.0s)
And I add StepOutputs as
  --- table step argument ---
  | Variable Name  | Condition | Value   |
  | [[MoveResult]] | =         | Success |
-&gt; done: StudioTestFrameworkSteps.ThenIAddStepOutputsAs(&lt;table&gt;) (0.0s)
When I save
-&gt; done: StudioTestFrameworkSteps.WhenISave() (0.0s)
And I run the test
-&gt; done: StudioTestFrameworkSteps.WhenIRunTheTest() (42.1s)
Then test result is Passed
-&gt; error: Assert.IsTrue failed. 
When I delete "Test 1"
-&gt; skipped because of previous errors
Then The "DeleteConfirmation" popup is shown I click Ok
-&gt; skipped because of previous errors
Then workflow "ShapointMoveFileTestWF" is deleted as cleanup
-&gt; skipped because of previous errors</StdOut>
        <ErrorInfo>
          <Message>Assert.IsTrue failed. </Message>
          <StackTrace>   at Dev2.Activities.Specs.TestFramework.StudioTestFrameworkSteps.ThenTestResultIsPassed() in D:\Repos\GENDEV\Warewolf-ESB\Dev\Dev2.Activities.Specs\TestFramework\TestFrameworkSteps.cs:line 645
   at lambda_method(Closure , IContextManager )
   at TechTalk.SpecFlow.Bindings.BindingInvoker.InvokeBinding(IBinding binding, IContextManager contextManager, Object[] arguments, ITestTracer testTracer, TimeSpan&amp; duration)
   at TechTalk.SpecFlow.Infrastructure.TestExecutionEngine.ExecuteStepMatch(BindingMatch match, Object[] arguments)
   at TechTalk.SpecFlow.Infrastructure.TestExecutionEngine.ExecuteStep(StepInstance stepInstance)
   at TechTalk.SpecFlow.Infrastructure.TestExecutionEngine.OnAfterLastStep()
   at TechTalk.SpecFlow.TestRunner.CollectScenarioErrors()
   at Dev2.Activities.Specs.TestFramework.StudioTestFrameworkFeature.ScenarioCleanup()
   at Dev2.Activities.Specs.TestFramework.StudioTestFrameworkFeature.TestWFWithSharepointMoveFile() in D:\Repos\GENDEV\Warewolf-ESB\Dev\Dev2.Activities.Specs\TestFramework\StudioTestFramework.feature:line 2336
</StackTrace>
        </ErrorInfo>
      </Output>
    </UnitTestResult>
    <UnitTestResult executionId="fdcf1e2d-b3d9-48e9-ad4e-39e24ea17e02" testId="c4d6f25a-8d47-3573-0917-4b5d1c247b3c" testName="TestWFWithSharepointReadFolder" computerName="ASH" duration="00:00:22.2081512" startTime="2017-03-16T11:53:36.2141299+02:00" endTime="2017-03-16T11:53:58.4239363+02:00" testType="13cdc9d9-ddb5-4fa4-a97d-d965ccfc6d4b" outcome="Failed" testListId="8c84fa94-04c1-424b-9868-57a2d4851a1d" relativeResultsDirectory="fdcf1e2d-b3d9-48e9-ad4e-39e24ea17e02">
      <Output>
        <StdOut>Given test folder is cleaned
-&gt; done: StudioTestFrameworkSteps.GivenTestFolderIsCleaned() (0.1s)
And I have "Workflow 1" with inputs as
  --- table step argument ---
  | Input Var Name |
  | [[a]]          |
-&gt; done: StudioTestFrameworkSteps.GivenIHaveWithInputsAs("Workflow 1", &lt;table&gt;) (0.0s)
And "Workflow 1" has outputs as
  --- table step argument ---
  | Ouput Var Name  |
  | [[outputValue]] |
-&gt; done: StudioTestFrameworkSteps.GivenHasOutputsAs("Workflow 1", &lt;table&gt;) (0.2s)
Given I have "Workflow 2" with inputs as
  --- table step argument ---
  | Input Var Name |
  | [[rec().a]]    |
  | [[rec().b]]    |
-&gt; done: StudioTestFrameworkSteps.GivenIHaveWithInputsAs("Workflow 2", &lt;table&gt;) (0.0s)
And "Workflow 2" has outputs as
  --- table step argument ---
  | Ouput Var Name |
  | [[returnVal]]  |
-&gt; done: StudioTestFrameworkSteps.GivenHasOutputsAs("Workflow 2", &lt;table&gt;) (0.2s)
Given I have "Workflow 3" with inputs as
  --- table step argument ---
  | Input Var Name |
  | [[A]]          |
  | [[B]]          |
  | [[C]]          |
-&gt; done: StudioTestFrameworkSteps.GivenIHaveWithInputsAs("Workflow 3", &lt;table&gt;) (0.0s)
And "Workflow 3" has outputs as
  --- table step argument ---
  | Ouput Var Name |
  | [[message]]    |
-&gt; done: StudioTestFrameworkSteps.GivenHasOutputsAs("Workflow 3", &lt;table&gt;) (0.2s)
Given I have "WorkflowWithTests" with inputs as
  --- table step argument ---
  | Input Var Name |
  | [[input]]      |
-&gt; done: StudioTestFrameworkSteps.GivenIHaveWithInputsAs("WorkflowWithTests", &lt;table&gt;) (0.0s)
And "WorkflowWithTests" has outputs as
  --- table step argument ---
  | Ouput Var Name  |
  | [[outputValue]] |
-&gt; done: StudioTestFrameworkSteps.GivenHasOutputsAs("WorkflowWithTests", &lt;table&gt;) (0.2s)
And "WorkflowWithTests" Tests as
  --- table step argument ---
  | TestName | AuthenticationType | Error | TestFailing | TestPending | TestInvalid | TestPassed |
  | Test1    | Windows            | false | false       | false       | false       | true       |
  | Test2    | Windows            | false | true        | false       | false       | false      |
  | Test3    | Windows            | false | false       | false       | true        | false      |
  | Test4    | Windows            | false | false       | true        | false       | false      |
-&gt; done: StudioTestFrameworkSteps.GivenTestsAs("WorkflowWithTests", &lt;table&gt;) (0.0s)
Given I have a workflow "ShapointReadFolderTestWF"
-&gt; done: WorkflowExecutionSteps.GivenIHaveAWorkflow("ShapointReadFolde...") (0.0s)
And "ShapointReadFolderTestWF" contains SharepointReadFolder "TestSharePReadFolder" as
  --- table step argument ---
  | Server                 | ServerPath | Folders | Result              |
  | SharePoint Test Server |            | True    | [[Folders(*).Name]] |
-&gt; done: WorkflowExecutionSteps.GivenContainsSharepointReadFolderAs("ShapointReadFolde...", "TestSharePReadFolder", &lt;table&gt;) (0.0s)
And I save workflow "ShapointReadFolderTestWF"
-&gt; done: WorkflowExecutionSteps.Save("ShapointReadFolde...") (0.2s)
Then the test builder is open with "ShapointReadFolderTestWF"
-&gt; done: StudioTestFrameworkSteps.GivenTheTestBuilderIsOpenWith("ShapointReadFolde...") (0.0s)
And I click New Test
-&gt; done: StudioTestFrameworkSteps.WhenIClickNewTest() (0.0s)
And a new test is added
-&gt; done: StudioTestFrameworkSteps.ThenANewTestIsAdded() (0.0s)
And test name starts with "Test 1"
-&gt; done: StudioTestFrameworkSteps.ThenTestNameStartsWith("Test 1") (0.0s)
And I Add "TestSharePReadFolder" as TestStep
-&gt; done: StudioTestFrameworkSteps.ThenIAddAsTestStep("TestSharePReadFolder") (0.0s)
And I add StepOutputs as
  --- table step argument ---
  | Variable Name       | Condition | Value                 |
  | [[Folders(1).Name]] | =         | /Shared Documents/bob |
-&gt; done: StudioTestFrameworkSteps.ThenIAddStepOutputsAs(&lt;table&gt;) (0.0s)
When I save
-&gt; done: StudioTestFrameworkSteps.WhenISave() (0.0s)
And I run the test
-&gt; done: StudioTestFrameworkSteps.WhenIRunTheTest() (21.1s)
Then test result is Passed
-&gt; error: Assert.IsTrue failed. 
When I delete "Test 1"
-&gt; skipped because of previous errors
Then The "DeleteConfirmation" popup is shown I click Ok
-&gt; skipped because of previous errors
Then workflow "ShapointReadFolderTestWF" is deleted as cleanup
-&gt; skipped because of previous errors</StdOut>
        <ErrorInfo>
          <Message>Assert.IsTrue failed. </Message>
          <StackTrace>   at Dev2.Activities.Specs.TestFramework.StudioTestFrameworkSteps.ThenTestResultIsPassed() in D:\Repos\GENDEV\Warewolf-ESB\Dev\Dev2.Activities.Specs\TestFramework\TestFrameworkSteps.cs:line 645
   at lambda_method(Closure , IContextManager )
   at TechTalk.SpecFlow.Bindings.BindingInvoker.InvokeBinding(IBinding binding, IContextManager contextManager, Object[] arguments, ITestTracer testTracer, TimeSpan&amp; duration)
   at TechTalk.SpecFlow.Infrastructure.TestExecutionEngine.ExecuteStepMatch(BindingMatch match, Object[] arguments)
   at TechTalk.SpecFlow.Infrastructure.TestExecutionEngine.ExecuteStep(StepInstance stepInstance)
   at TechTalk.SpecFlow.Infrastructure.TestExecutionEngine.OnAfterLastStep()
   at TechTalk.SpecFlow.TestRunner.CollectScenarioErrors()
   at Dev2.Activities.Specs.TestFramework.StudioTestFrameworkFeature.ScenarioCleanup()
   at Dev2.Activities.Specs.TestFramework.StudioTestFrameworkFeature.TestWFWithSharepointReadFolder() in D:\Repos\GENDEV\Warewolf-ESB\Dev\Dev2.Activities.Specs\TestFramework\StudioTestFramework.feature:line 2357
</StackTrace>
        </ErrorInfo>
      </Output>
    </UnitTestResult>
    <UnitTestResult executionId="e0b744b4-0a6e-4778-a6c5-1083d769031a" testId="476fcbbb-ee1d-56d6-b23e-e4b8ceef206a" testName="TestWFWithSharepointReadListItem" computerName="ASH" duration="00:00:21.9098861" startTime="2017-03-16T11:53:58.4285182+02:00" endTime="2017-03-16T11:54:20.3388648+02:00" testType="13cdc9d9-ddb5-4fa4-a97d-d965ccfc6d4b" outcome="Failed" testListId="8c84fa94-04c1-424b-9868-57a2d4851a1d" relativeResultsDirectory="e0b744b4-0a6e-4778-a6c5-1083d769031a">
      <Output>
        <StdOut>Given test folder is cleaned
-&gt; done: StudioTestFrameworkSteps.GivenTestFolderIsCleaned() (0.1s)
And I have "Workflow 1" with inputs as
  --- table step argument ---
  | Input Var Name |
  | [[a]]          |
-&gt; done: StudioTestFrameworkSteps.GivenIHaveWithInputsAs("Workflow 1", &lt;table&gt;) (0.0s)
And "Workflow 1" has outputs as
  --- table step argument ---
  | Ouput Var Name  |
  | [[outputValue]] |
-&gt; done: StudioTestFrameworkSteps.GivenHasOutputsAs("Workflow 1", &lt;table&gt;) (0.2s)
Given I have "Workflow 2" with inputs as
  --- table step argument ---
  | Input Var Name |
  | [[rec().a]]    |
  | [[rec().b]]    |
-&gt; done: StudioTestFrameworkSteps.GivenIHaveWithInputsAs("Workflow 2", &lt;table&gt;) (0.0s)
And "Workflow 2" has outputs as
  --- table step argument ---
  | Ouput Var Name |
  | [[returnVal]]  |
-&gt; done: StudioTestFrameworkSteps.GivenHasOutputsAs("Workflow 2", &lt;table&gt;) (0.2s)
Given I have "Workflow 3" with inputs as
  --- table step argument ---
  | Input Var Name |
  | [[A]]          |
  | [[B]]          |
  | [[C]]          |
-&gt; done: StudioTestFrameworkSteps.GivenIHaveWithInputsAs("Workflow 3", &lt;table&gt;) (0.0s)
And "Workflow 3" has outputs as
  --- table step argument ---
  | Ouput Var Name |
  | [[message]]    |
-&gt; done: StudioTestFrameworkSteps.GivenHasOutputsAs("Workflow 3", &lt;table&gt;) (0.1s)
Given I have "WorkflowWithTests" with inputs as
  --- table step argument ---
  | Input Var Name |
  | [[input]]      |
-&gt; done: StudioTestFrameworkSteps.GivenIHaveWithInputsAs("WorkflowWithTests", &lt;table&gt;) (0.0s)
And "WorkflowWithTests" has outputs as
  --- table step argument ---
  | Ouput Var Name  |
  | [[outputValue]] |
-&gt; done: StudioTestFrameworkSteps.GivenHasOutputsAs("WorkflowWithTests", &lt;table&gt;) (0.2s)
And "WorkflowWithTests" Tests as
  --- table step argument ---
  | TestName | AuthenticationType | Error | TestFailing | TestPending | TestInvalid | TestPassed |
  | Test1    | Windows            | false | false       | false       | false       | true       |
  | Test2    | Windows            | false | true        | false       | false       | false      |
  | Test3    | Windows            | false | false       | false       | true        | false      |
  | Test4    | Windows            | false | false       | true        | false       | false      |
-&gt; done: StudioTestFrameworkSteps.GivenTestsAs("WorkflowWithTests", &lt;table&gt;) (0.1s)
Given I have a workflow "ShapointReadListItemTestWF"
-&gt; done: WorkflowExecutionSteps.GivenIHaveAWorkflow("ShapointReadListI...") (0.0s)
And "ShapointReadListItemTestWF" contains SharepointReadListItem "TestSharePReadListItem" as
  --- table step argument ---
  | Server                 | List       |
  | SharePoint Test Server | AccTesting |
-&gt; error: Value cannot be null.
Parameter name: source
And I save workflow "ShapointReadListItemTestWF"
-&gt; skipped because of previous errors
Then the test builder is open with "ShapointReadListItemTestWF"
-&gt; skipped because of previous errors
And I click New Test
-&gt; skipped because of previous errors
And a new test is added
-&gt; skipped because of previous errors
And test name starts with "Test 1"
-&gt; skipped because of previous errors
And I Add "TestSharePReadListItem" as TestStep
-&gt; skipped because of previous errors
And I add StepOutputs as
  --- table step argument ---
  | Variable Name           | Condition | Value |
  | [[AccTesting(1).Title]] | =         | Mrs   |
-&gt; skipped because of previous errors
When I save
-&gt; skipped because of previous errors
And I run the test
-&gt; skipped because of previous errors
Then test result is Passed
-&gt; skipped because of previous errors
When I delete "Test 1"
-&gt; skipped because of previous errors
Then The "DeleteConfirmation" popup is shown I click Ok
-&gt; skipped because of previous errors
Then workflow "ShapointReadListItemTestWF" is deleted as cleanup
-&gt; skipped because of previous errors</StdOut>
        <ErrorInfo>
          <Message>Test method Dev2.Activities.Specs.TestFramework.StudioTestFrameworkFeature.TestWFWithSharepointReadListItem threw exception: 
System.ArgumentNullException: Value cannot be null.
Parameter name: source</Message>
          <StackTrace>    at System.Linq.Enumerable.Single[TSource](IEnumerable`1 source, Func`2 predicate)
   at Dev2.Activities.Specs.Composition.WorkflowExecutionSteps.GivenContainsSharepointReadListItemAs(String parentName, String activityName, Table table) in D:\Repos\GENDEV\Warewolf-ESB\Dev\Dev2.Activities.Specs\Composition\WorkflowExecutionSteps.cs:line 1570
   at lambda_method(Closure , IContextManager , String , String , Table )
   at TechTalk.SpecFlow.Bindings.BindingInvoker.InvokeBinding(IBinding binding, IContextManager contextManager, Object[] arguments, ITestTracer testTracer, TimeSpan&amp; duration)
   at TechTalk.SpecFlow.Infrastructure.TestExecutionEngine.ExecuteStepMatch(BindingMatch match, Object[] arguments)
   at TechTalk.SpecFlow.Infrastructure.TestExecutionEngine.ExecuteStep(StepInstance stepInstance)
   at TechTalk.SpecFlow.Infrastructure.TestExecutionEngine.OnAfterLastStep()
   at TechTalk.SpecFlow.TestRunner.CollectScenarioErrors()
   at Dev2.Activities.Specs.TestFramework.StudioTestFrameworkFeature.ScenarioCleanup()
   at Dev2.Activities.Specs.TestFramework.StudioTestFrameworkFeature.TestWFWithSharepointReadListItem() in D:\Repos\GENDEV\Warewolf-ESB\Dev\Dev2.Activities.Specs\TestFramework\StudioTestFramework.feature:line 2378
</StackTrace>
        </ErrorInfo>
      </Output>
    </UnitTestResult>
    <UnitTestResult executionId="162ff1b5-a110-4050-8bea-a9c08bd7aa73" testId="9928e76b-881e-723b-8a62-3b9629243985" testName="TestWFWithSharepointUpdateListItem" computerName="ASH" duration="00:00:21.9186739" startTime="2017-03-16T11:54:20.3528640+02:00" endTime="2017-03-16T11:54:42.2717249+02:00" testType="13cdc9d9-ddb5-4fa4-a97d-d965ccfc6d4b" outcome="Failed" testListId="8c84fa94-04c1-424b-9868-57a2d4851a1d" relativeResultsDirectory="162ff1b5-a110-4050-8bea-a9c08bd7aa73">
      <Output>
        <StdOut>Given test folder is cleaned
-&gt; done: StudioTestFrameworkSteps.GivenTestFolderIsCleaned() (0.0s)
And I have "Workflow 1" with inputs as
  --- table step argument ---
  | Input Var Name |
  | [[a]]          |
-&gt; done: StudioTestFrameworkSteps.GivenIHaveWithInputsAs("Workflow 1", &lt;table&gt;) (0.0s)
And "Workflow 1" has outputs as
  --- table step argument ---
  | Ouput Var Name  |
  | [[outputValue]] |
-&gt; done: StudioTestFrameworkSteps.GivenHasOutputsAs("Workflow 1", &lt;table&gt;) (0.2s)
Given I have "Workflow 2" with inputs as
  --- table step argument ---
  | Input Var Name |
  | [[rec().a]]    |
  | [[rec().b]]    |
-&gt; done: StudioTestFrameworkSteps.GivenIHaveWithInputsAs("Workflow 2", &lt;table&gt;) (0.0s)
And "Workflow 2" has outputs as
  --- table step argument ---
  | Ouput Var Name |
  | [[returnVal]]  |
-&gt; done: StudioTestFrameworkSteps.GivenHasOutputsAs("Workflow 2", &lt;table&gt;) (0.2s)
Given I have "Workflow 3" with inputs as
  --- table step argument ---
  | Input Var Name |
  | [[A]]          |
  | [[B]]          |
  | [[C]]          |
-&gt; done: StudioTestFrameworkSteps.GivenIHaveWithInputsAs("Workflow 3", &lt;table&gt;) (0.0s)
And "Workflow 3" has outputs as
  --- table step argument ---
  | Ouput Var Name |
  | [[message]]    |
-&gt; done: StudioTestFrameworkSteps.GivenHasOutputsAs("Workflow 3", &lt;table&gt;) (0.2s)
Given I have "WorkflowWithTests" with inputs as
  --- table step argument ---
  | Input Var Name |
  | [[input]]      |
-&gt; done: StudioTestFrameworkSteps.GivenIHaveWithInputsAs("WorkflowWithTests", &lt;table&gt;) (0.0s)
And "WorkflowWithTests" has outputs as
  --- table step argument ---
  | Ouput Var Name  |
  | [[outputValue]] |
-&gt; done: StudioTestFrameworkSteps.GivenHasOutputsAs("WorkflowWithTests", &lt;table&gt;) (0.2s)
And "WorkflowWithTests" Tests as
  --- table step argument ---
  | TestName | AuthenticationType | Error | TestFailing | TestPending | TestInvalid | TestPassed |
  | Test1    | Windows            | false | false       | false       | false       | true       |
  | Test2    | Windows            | false | true        | false       | false       | false      |
  | Test3    | Windows            | false | false       | false       | true        | false      |
  | Test4    | Windows            | false | false       | true        | false       | false      |
-&gt; done: StudioTestFrameworkSteps.GivenTestsAs("WorkflowWithTests", &lt;table&gt;) (0.1s)
Given I have a workflow "ShapointUpdateListItemTestWF"
-&gt; done: WorkflowExecutionSteps.GivenIHaveAWorkflow("ShapointUpdateLis...") (0.0s)
And "ShapointCreateListItemsTestWF" contains an Assign "MyAssign" as
  --- table step argument ---
  | variable                            | value                                                                |
  | [[AccTesting().Title]]              | Mrs                                                                  |
  | [[AccTesting().Name]]               | Minnie                                                               |
  | [[AccTesting().IntField]]           | 2.0                                                                  |
  | [[AccTesting().CurrencyField]]      | 2211                                                                 |
  | [[AccTesting().DateField]]          | 2016/11/5                                                            |
  | [[AccTesting().DateTimeField]]      | 2016/10/10                                                           |
  | [[AccTesting().BoolField]]          | True                                                                 |
  | [[AccTesting().MultilineTextField]] | &lt;div class="ExternalClassD0D0AB75CC30454599C3D12D077D6D8D"&gt;123&lt;/div&gt; |
  | [[AccTesting().RequiredField]]      | Text                                                                 |
  | [[AccTesting().Loc]]                | True                                                                 |
-&gt; done: WorkflowExecutionSteps.ThenContainsAnAssignAs("ShapointCreateLis...", "MyAssign", &lt;table&gt;) (0.0s)
And "ShapointCreateListItemsTestWF" contains UpdateListItems "TestSharePUpdateListItem" as
  --- table step argument ---
  | Server                 | List       | Result     |
  | SharePoint Test Server | AccTesting | [[Result]] |
-&gt; error: Value cannot be null.
Parameter name: source
And I save workflow "ShapointUpdateListItemTestWF"
-&gt; skipped because of previous errors
Then the test builder is open with "ShapointUpdateListItemTestWF"
-&gt; skipped because of previous errors
And I click New Test
-&gt; skipped because of previous errors
And a new test is added
-&gt; skipped because of previous errors
And test name starts with "Test 1"
-&gt; skipped because of previous errors
And I Add "TestSharePUpdateListItem" as TestStep
-&gt; skipped because of previous errors
And I add StepOutputs as
  --- table step argument ---
  | Variable Name | Condition | Value   |
  | [[Result]]    | =         | Success |
-&gt; skipped because of previous errors
When I save
-&gt; skipped because of previous errors
And I run the test
-&gt; skipped because of previous errors
Then test result is Passed
-&gt; skipped because of previous errors
When I delete "Test 1"
-&gt; skipped because of previous errors
Then The "DeleteConfirmation" popup is shown I click Ok
-&gt; skipped because of previous errors
Then workflow "ShapointUpdateListItemTestWF" is deleted as cleanup
-&gt; skipped because of previous errors</StdOut>
        <ErrorInfo>
          <Message>Test method Dev2.Activities.Specs.TestFramework.StudioTestFrameworkFeature.TestWFWithSharepointUpdateListItem threw exception: 
System.ArgumentNullException: Value cannot be null.
Parameter name: source</Message>
          <StackTrace>    at System.Linq.Enumerable.Single[TSource](IEnumerable`1 source, Func`2 predicate)
   at Dev2.Activities.Specs.Composition.WorkflowExecutionSteps.GivenContainsUpdateListItemsAs(String parentName, String activityName, Table table) in D:\Repos\GENDEV\Warewolf-ESB\Dev\Dev2.Activities.Specs\Composition\WorkflowExecutionSteps.cs:line 1700
   at lambda_method(Closure , IContextManager , String , String , Table )
   at TechTalk.SpecFlow.Bindings.BindingInvoker.InvokeBinding(IBinding binding, IContextManager contextManager, Object[] arguments, ITestTracer testTracer, TimeSpan&amp; duration)
   at TechTalk.SpecFlow.Infrastructure.TestExecutionEngine.ExecuteStepMatch(BindingMatch match, Object[] arguments)
   at TechTalk.SpecFlow.Infrastructure.TestExecutionEngine.ExecuteStep(StepInstance stepInstance)
   at TechTalk.SpecFlow.Infrastructure.TestExecutionEngine.OnAfterLastStep()
   at TechTalk.SpecFlow.TestRunner.CollectScenarioErrors()
   at Dev2.Activities.Specs.TestFramework.StudioTestFrameworkFeature.ScenarioCleanup()
   at Dev2.Activities.Specs.TestFramework.StudioTestFrameworkFeature.TestWFWithSharepointUpdateListItem() in D:\Repos\GENDEV\Warewolf-ESB\Dev\Dev2.Activities.Specs\TestFramework\StudioTestFramework.feature:line 2411
</StackTrace>
        </ErrorInfo>
      </Output>
    </UnitTestResult>
    <UnitTestResult executionId="2d43e7a1-226d-4132-8c3d-928d8b928d4a" testId="5356bc83-3854-454e-e0c3-c2f90675028d" testName="TestWFWithSharepointUploadFile" computerName="ASH" duration="00:00:22.4070740" startTime="2017-03-16T11:54:42.2777204+02:00" endTime="2017-03-16T11:55:04.6857020+02:00" testType="13cdc9d9-ddb5-4fa4-a97d-d965ccfc6d4b" outcome="Failed" testListId="8c84fa94-04c1-424b-9868-57a2d4851a1d" relativeResultsDirectory="2d43e7a1-226d-4132-8c3d-928d8b928d4a">
      <Output>
        <StdOut>Given test folder is cleaned
-&gt; done: StudioTestFrameworkSteps.GivenTestFolderIsCleaned() (0.1s)
And I have "Workflow 1" with inputs as
  --- table step argument ---
  | Input Var Name |
  | [[a]]          |
-&gt; done: StudioTestFrameworkSteps.GivenIHaveWithInputsAs("Workflow 1", &lt;table&gt;) (0.0s)
And "Workflow 1" has outputs as
  --- table step argument ---
  | Ouput Var Name  |
  | [[outputValue]] |
-&gt; done: StudioTestFrameworkSteps.GivenHasOutputsAs("Workflow 1", &lt;table&gt;) (0.2s)
Given I have "Workflow 2" with inputs as
  --- table step argument ---
  | Input Var Name |
  | [[rec().a]]    |
  | [[rec().b]]    |
-&gt; done: StudioTestFrameworkSteps.GivenIHaveWithInputsAs("Workflow 2", &lt;table&gt;) (0.0s)
And "Workflow 2" has outputs as
  --- table step argument ---
  | Ouput Var Name |
  | [[returnVal]]  |
-&gt; done: StudioTestFrameworkSteps.GivenHasOutputsAs("Workflow 2", &lt;table&gt;) (0.4s)
Given I have "Workflow 3" with inputs as
  --- table step argument ---
  | Input Var Name |
  | [[A]]          |
  | [[B]]          |
  | [[C]]          |
-&gt; done: StudioTestFrameworkSteps.GivenIHaveWithInputsAs("Workflow 3", &lt;table&gt;) (0.0s)
And "Workflow 3" has outputs as
  --- table step argument ---
  | Ouput Var Name |
  | [[message]]    |
-&gt; done: StudioTestFrameworkSteps.GivenHasOutputsAs("Workflow 3", &lt;table&gt;) (0.1s)
Given I have "WorkflowWithTests" with inputs as
  --- table step argument ---
  | Input Var Name |
  | [[input]]      |
-&gt; done: StudioTestFrameworkSteps.GivenIHaveWithInputsAs("WorkflowWithTests", &lt;table&gt;) (0.0s)
And "WorkflowWithTests" has outputs as
  --- table step argument ---
  | Ouput Var Name  |
  | [[outputValue]] |
-&gt; done: StudioTestFrameworkSteps.GivenHasOutputsAs("WorkflowWithTests", &lt;table&gt;) (0.2s)
And "WorkflowWithTests" Tests as
  --- table step argument ---
  | TestName | AuthenticationType | Error | TestFailing | TestPending | TestInvalid | TestPassed |
  | Test1    | Windows            | false | false       | false       | false       | true       |
  | Test2    | Windows            | false | true        | false       | false       | false      |
  | Test3    | Windows            | false | false       | false       | true        | false      |
  | Test4    | Windows            | false | false       | true        | false       | false      |
-&gt; done: StudioTestFrameworkSteps.GivenTestsAs("WorkflowWithTests", &lt;table&gt;) (0.0s)
Given I have a workflow "ShapointUploadFileTestWF"
-&gt; done: WorkflowExecutionSteps.GivenIHaveAWorkflow("ShapointUploadFil...") (0.0s)
And "ShapointUploadFileTestWF" contains SharepointUploadFile "TestSharePUploadFile" as
  --- table step argument ---
  | Server                 | LocalPathFrom                                     | ServerPathTo | Result     |
  | SharePoint Test Server | C:\ProgramData\Warewolf\Resources\Hello World.xml | a.xml        | [[Result]] |
-&gt; done: WorkflowExecutionSteps.GivenContainsSharepointUploadFileAs("ShapointUploadFil...", "TestSharePUploadFile", &lt;table&gt;) (0.0s)
And I save workflow "ShapointUploadFileTestWF"
-&gt; done: WorkflowExecutionSteps.Save("ShapointUploadFil...") (0.2s)
Then the test builder is open with "ShapointUploadFileTestWF"
-&gt; done: StudioTestFrameworkSteps.GivenTheTestBuilderIsOpenWith("ShapointUploadFil...") (0.0s)
And I click New Test
-&gt; done: StudioTestFrameworkSteps.WhenIClickNewTest() (0.0s)
And a new test is added
-&gt; done: StudioTestFrameworkSteps.ThenANewTestIsAdded() (0.0s)
And test name starts with "Test 1"
-&gt; done: StudioTestFrameworkSteps.ThenTestNameStartsWith("Test 1") (0.0s)
And I Add "TestSharePUploadFile" as TestStep
-&gt; done: StudioTestFrameworkSteps.ThenIAddAsTestStep("TestSharePUploadFile") (0.0s)
And I add StepOutputs as
  --- table step argument ---
  | Variable Name | Condition | Value   |
  | [[Result]]    | =         | Success |
-&gt; done: StudioTestFrameworkSteps.ThenIAddStepOutputsAs(&lt;table&gt;) (0.0s)
When I save
-&gt; done: StudioTestFrameworkSteps.WhenISave() (0.0s)
And I run the test
-&gt; done: StudioTestFrameworkSteps.WhenIRunTheTest() (21.0s)
Then test result is Passed
-&gt; error: Assert.IsTrue failed. 
When I delete "Test 1"
-&gt; skipped because of previous errors
Then The "DeleteConfirmation" popup is shown I click Ok
-&gt; skipped because of previous errors
Then workflow "ShapointUploadFileTestWF" is deleted as cleanup
-&gt; skipped because of previous errors</StdOut>
        <ErrorInfo>
          <Message>Assert.IsTrue failed. </Message>
          <StackTrace>   at Dev2.Activities.Specs.TestFramework.StudioTestFrameworkSteps.ThenTestResultIsPassed() in D:\Repos\GENDEV\Warewolf-ESB\Dev\Dev2.Activities.Specs\TestFramework\TestFrameworkSteps.cs:line 645
   at lambda_method(Closure , IContextManager )
   at TechTalk.SpecFlow.Bindings.BindingInvoker.InvokeBinding(IBinding binding, IContextManager contextManager, Object[] arguments, ITestTracer testTracer, TimeSpan&amp; duration)
   at TechTalk.SpecFlow.Infrastructure.TestExecutionEngine.ExecuteStepMatch(BindingMatch match, Object[] arguments)
   at TechTalk.SpecFlow.Infrastructure.TestExecutionEngine.ExecuteStep(StepInstance stepInstance)
   at TechTalk.SpecFlow.Infrastructure.TestExecutionEngine.OnAfterLastStep()
   at TechTalk.SpecFlow.TestRunner.CollectScenarioErrors()
   at Dev2.Activities.Specs.TestFramework.StudioTestFrameworkFeature.ScenarioCleanup()
   at Dev2.Activities.Specs.TestFramework.StudioTestFrameworkFeature.TestWFWithSharepointUploadFile() in D:\Repos\GENDEV\Warewolf-ESB\Dev\Dev2.Activities.Specs\TestFramework\StudioTestFramework.feature:line 2312
</StackTrace>
        </ErrorInfo>
      </Output>
    </UnitTestResult>
    <UnitTestResult executionId="41ac1064-e88f-4ec8-b2e1-5244fd7ca290" testId="fb01a075-4f68-da2e-1677-6900e32ac072" testName="TestWFWithSort" computerName="ASH" duration="00:00:01.3705570" startTime="2017-03-16T11:55:04.6907038+02:00" endTime="2017-03-16T11:55:06.0631500+02:00" testType="13cdc9d9-ddb5-4fa4-a97d-d965ccfc6d4b" outcome="Passed" testListId="8c84fa94-04c1-424b-9868-57a2d4851a1d" relativeResultsDirectory="41ac1064-e88f-4ec8-b2e1-5244fd7ca290">
      <Output>
        <StdOut>Given test folder is cleaned
-&gt; done: StudioTestFrameworkSteps.GivenTestFolderIsCleaned() (0.0s)
And I have "Workflow 1" with inputs as
  --- table step argument ---
  | Input Var Name |
  | [[a]]          |
-&gt; done: StudioTestFrameworkSteps.GivenIHaveWithInputsAs("Workflow 1", &lt;table&gt;) (0.0s)
And "Workflow 1" has outputs as
  --- table step argument ---
  | Ouput Var Name  |
  | [[outputValue]] |
-&gt; done: StudioTestFrameworkSteps.GivenHasOutputsAs("Workflow 1", &lt;table&gt;) (0.1s)
Given I have "Workflow 2" with inputs as
  --- table step argument ---
  | Input Var Name |
  | [[rec().a]]    |
  | [[rec().b]]    |
-&gt; done: StudioTestFrameworkSteps.GivenIHaveWithInputsAs("Workflow 2", &lt;table&gt;) (0.0s)
And "Workflow 2" has outputs as
  --- table step argument ---
  | Ouput Var Name |
  | [[returnVal]]  |
-&gt; done: StudioTestFrameworkSteps.GivenHasOutputsAs("Workflow 2", &lt;table&gt;) (0.1s)
Given I have "Workflow 3" with inputs as
  --- table step argument ---
  | Input Var Name |
  | [[A]]          |
  | [[B]]          |
  | [[C]]          |
-&gt; done: StudioTestFrameworkSteps.GivenIHaveWithInputsAs("Workflow 3", &lt;table&gt;) (0.0s)
And "Workflow 3" has outputs as
  --- table step argument ---
  | Ouput Var Name |
  | [[message]]    |
-&gt; done: StudioTestFrameworkSteps.GivenHasOutputsAs("Workflow 3", &lt;table&gt;) (0.2s)
Given I have "WorkflowWithTests" with inputs as
  --- table step argument ---
  | Input Var Name |
  | [[input]]      |
-&gt; done: StudioTestFrameworkSteps.GivenIHaveWithInputsAs("WorkflowWithTests", &lt;table&gt;) (0.0s)
And "WorkflowWithTests" has outputs as
  --- table step argument ---
  | Ouput Var Name  |
  | [[outputValue]] |
-&gt; done: StudioTestFrameworkSteps.GivenHasOutputsAs("WorkflowWithTests", &lt;table&gt;) (0.2s)
And "WorkflowWithTests" Tests as
  --- table step argument ---
  | TestName | AuthenticationType | Error | TestFailing | TestPending | TestInvalid | TestPassed |
  | Test1    | Windows            | false | false       | false       | false       | true       |
  | Test2    | Windows            | false | true        | false       | false       | false      |
  | Test3    | Windows            | false | false       | false       | true        | false      |
  | Test4    | Windows            | false | false       | true        | false       | false      |
-&gt; done: StudioTestFrameworkSteps.GivenTestsAs("WorkflowWithTests", &lt;table&gt;) (0.0s)
Given I have a workflow "SortTestWF"
-&gt; done: WorkflowExecutionSteps.GivenIHaveAWorkflow("SortTestWF") (0.0s)
And "SortTestWF" contains an Assign "sortval5" as
  --- table step argument ---
  | variable    | value |
  | [[rs(1).a]] | 10    |
  | [[rs(2).a]] | 20    |
-&gt; done: WorkflowExecutionSteps.ThenContainsAnAssignAs("SortTestWF", "sortval5", &lt;table&gt;) (0.0s)
And "SortTestWF" contains an Sort "sortRec1" as
  --- table step argument ---
  | Sort Field  | Sort Order |
  | [[rs(*).a]] | Backwards  |
-&gt; done: WorkflowExecutionSteps.GivenContainsAnSortAs("SortTestWF", "sortRec1", &lt;table&gt;) (0.0s)
And I save workflow "SortTestWF"
-&gt; done: WorkflowExecutionSteps.Save("SortTestWF") (0.2s)
Then the test builder is open with "SortTestWF"
-&gt; done: StudioTestFrameworkSteps.GivenTheTestBuilderIsOpenWith("SortTestWF") (0.0s)
And I click New Test
-&gt; done: StudioTestFrameworkSteps.WhenIClickNewTest() (0.0s)
And a new test is added
-&gt; done: StudioTestFrameworkSteps.ThenANewTestIsAdded() (0.0s)
And test name starts with "Test 1"
-&gt; done: StudioTestFrameworkSteps.ThenTestNameStartsWith("Test 1") (0.0s)
And I Add "sortRec1" as TestStep
-&gt; done: StudioTestFrameworkSteps.ThenIAddAsTestStep("sortRec1") (0.0s)
And I add StepOutputs as
  --- table step argument ---
  | Variable Name | Condition | Value |
  | [[rs(1).a]]   | =         | 20    |
  | [[rs(2).a]]   | =         | 10    |
-&gt; done: StudioTestFrameworkSteps.ThenIAddStepOutputsAs(&lt;table&gt;) (0.0s)
When I save
-&gt; done: StudioTestFrameworkSteps.WhenISave() (0.0s)
And I run the test
-&gt; done: StudioTestFrameworkSteps.WhenIRunTheTest() (0.2s)
Then test result is Passed
-&gt; done: StudioTestFrameworkSteps.ThenTestResultIsPassed() (0.0s)
When I delete "Test 1"
-&gt; done: StudioTestFrameworkSteps.WhenIDelete("Test 1") (0.0s)
Then The "DeleteConfirmation" popup is shown I click Ok
-&gt; done: StudioTestFrameworkSteps.ThenThePopupIsShownIClickOk("DeleteConfirmation") (0.0s)
Then workflow "SortTestWF" is deleted as cleanup
-&gt; done: WorkflowExecutionSteps.ThenWorkflowIsDeletedAsCleanup("SortTestWF") (0.1s)</StdOut>
      </Output>
    </UnitTestResult>
    <UnitTestResult executionId="3665bbd6-7149-406c-9854-42d7ce57736a" testId="ecf4be2b-cc76-dc41-12ab-2e6ca71173e3" testName="TestWFWithSqlBulkInsert" computerName="ASH" duration="00:00:01.5650177" startTime="2017-03-16T11:55:06.0681591+02:00" endTime="2017-03-16T11:55:07.6347125+02:00" testType="13cdc9d9-ddb5-4fa4-a97d-d965ccfc6d4b" outcome="Failed" testListId="8c84fa94-04c1-424b-9868-57a2d4851a1d" relativeResultsDirectory="3665bbd6-7149-406c-9854-42d7ce57736a">
      <Output>
        <StdOut>Given test folder is cleaned
-&gt; done: StudioTestFrameworkSteps.GivenTestFolderIsCleaned() (0.0s)
And I have "Workflow 1" with inputs as
  --- table step argument ---
  | Input Var Name |
  | [[a]]          |
-&gt; done: StudioTestFrameworkSteps.GivenIHaveWithInputsAs("Workflow 1", &lt;table&gt;) (0.0s)
And "Workflow 1" has outputs as
  --- table step argument ---
  | Ouput Var Name  |
  | [[outputValue]] |
-&gt; done: StudioTestFrameworkSteps.GivenHasOutputsAs("Workflow 1", &lt;table&gt;) (0.2s)
Given I have "Workflow 2" with inputs as
  --- table step argument ---
  | Input Var Name |
  | [[rec().a]]    |
  | [[rec().b]]    |
-&gt; done: StudioTestFrameworkSteps.GivenIHaveWithInputsAs("Workflow 2", &lt;table&gt;) (0.0s)
And "Workflow 2" has outputs as
  --- table step argument ---
  | Ouput Var Name |
  | [[returnVal]]  |
-&gt; done: StudioTestFrameworkSteps.GivenHasOutputsAs("Workflow 2", &lt;table&gt;) (0.1s)
Given I have "Workflow 3" with inputs as
  --- table step argument ---
  | Input Var Name |
  | [[A]]          |
  | [[B]]          |
  | [[C]]          |
-&gt; done: StudioTestFrameworkSteps.GivenIHaveWithInputsAs("Workflow 3", &lt;table&gt;) (0.0s)
And "Workflow 3" has outputs as
  --- table step argument ---
  | Ouput Var Name |
  | [[message]]    |
-&gt; done: StudioTestFrameworkSteps.GivenHasOutputsAs("Workflow 3", &lt;table&gt;) (0.2s)
Given I have "WorkflowWithTests" with inputs as
  --- table step argument ---
  | Input Var Name |
  | [[input]]      |
-&gt; done: StudioTestFrameworkSteps.GivenIHaveWithInputsAs("WorkflowWithTests", &lt;table&gt;) (0.0s)
And "WorkflowWithTests" has outputs as
  --- table step argument ---
  | Ouput Var Name  |
  | [[outputValue]] |
-&gt; done: StudioTestFrameworkSteps.GivenHasOutputsAs("WorkflowWithTests", &lt;table&gt;) (0.2s)
And "WorkflowWithTests" Tests as
  --- table step argument ---
  | TestName | AuthenticationType | Error | TestFailing | TestPending | TestInvalid | TestPassed |
  | Test1    | Windows            | false | false       | false       | false       | true       |
  | Test2    | Windows            | false | true        | false       | false       | false      |
  | Test3    | Windows            | false | false       | false       | true        | false      |
  | Test4    | Windows            | false | false       | true        | false       | false      |
-&gt; done: StudioTestFrameworkSteps.GivenTestsAs("WorkflowWithTests", &lt;table&gt;) (0.0s)
Given I have a workflow "SqlBulkTestWF"
-&gt; done: WorkflowExecutionSteps.GivenIHaveAWorkflow("SqlBulkTestWF") (0.0s)
And "SqlBulkTestWF" contains an SQL Bulk Insert "BulkInsert" using database "Dev2TestingDB" and table "dbo.MailingList" and KeepIdentity set "true" and Result set "[[result]]" for testing as
  --- table step argument ---
  | Column | Mapping             | IsNullable | DataTypeName | MaxLength | IsAutoIncrement |
  | Name   | Warewolf            | false      | varchar      | 50        | false           |
  | Email  | Warewolf@dev2.co.za | false      | varchar      | 50        | false           |
-&gt; done: WorkflowExecutionSteps.GivenContainsAnSQLBulkInsertUsingDatabaseAndTableAndKeepIdentitySetAndResultSetForTestingAs("SqlBulkTestWF", "BulkInsert", "Dev2TestingDB", "dbo.MailingList", "true", "[[result]]", &lt;table&gt;) (0.1s)
And I save workflow "SqlBulkTestWF"
-&gt; done: WorkflowExecutionSteps.Save("SqlBulkTestWF") (0.4s)
Then the test builder is open with "SqlBulkTestWF"
-&gt; done: StudioTestFrameworkSteps.GivenTheTestBuilderIsOpenWith("SqlBulkTestWF") (0.0s)
And I click New Test
-&gt; done: StudioTestFrameworkSteps.WhenIClickNewTest() (0.0s)
And a new test is added
-&gt; done: StudioTestFrameworkSteps.ThenANewTestIsAdded() (0.0s)
And test name starts with "Test 1"
-&gt; done: StudioTestFrameworkSteps.ThenTestNameStartsWith("Test 1") (0.0s)
And I Add "BulkInsert" as TestStep
-&gt; done: StudioTestFrameworkSteps.ThenIAddAsTestStep("BulkInsert") (0.0s)
And I add StepOutputs as
  --- table step argument ---
  | Variable Name | Condition | Value   |
  | [[result]]    | =         | Success |
-&gt; done: StudioTestFrameworkSteps.ThenIAddStepOutputsAs(&lt;table&gt;) (0.0s)
When I save
-&gt; done: StudioTestFrameworkSteps.WhenISave() (0.0s)
And I run the test
-&gt; done: StudioTestFrameworkSteps.WhenIRunTheTest() (0.3s)
Then test result is Passed
-&gt; error: Assert.IsTrue failed. 
When I delete "Test 1"
-&gt; skipped because of previous errors
Then The "DeleteConfirmation" popup is shown I click Ok
-&gt; skipped because of previous errors
Then workflow "SqlBulkTestWF" is deleted as cleanup
-&gt; skipped because of previous errors</StdOut>
        <ErrorInfo>
          <Message>Assert.IsTrue failed. </Message>
          <StackTrace>   at Dev2.Activities.Specs.TestFramework.StudioTestFrameworkSteps.ThenTestResultIsPassed() in D:\Repos\GENDEV\Warewolf-ESB\Dev\Dev2.Activities.Specs\TestFramework\TestFrameworkSteps.cs:line 645
   at lambda_method(Closure , IContextManager )
   at TechTalk.SpecFlow.Bindings.BindingInvoker.InvokeBinding(IBinding binding, IContextManager contextManager, Object[] arguments, ITestTracer testTracer, TimeSpan&amp; duration)
   at TechTalk.SpecFlow.Infrastructure.TestExecutionEngine.ExecuteStepMatch(BindingMatch match, Object[] arguments)
   at TechTalk.SpecFlow.Infrastructure.TestExecutionEngine.ExecuteStep(StepInstance stepInstance)
   at TechTalk.SpecFlow.Infrastructure.TestExecutionEngine.OnAfterLastStep()
   at TechTalk.SpecFlow.TestRunner.CollectScenarioErrors()
   at Dev2.Activities.Specs.TestFramework.StudioTestFrameworkFeature.ScenarioCleanup()
   at Dev2.Activities.Specs.TestFramework.StudioTestFrameworkFeature.TestWFWithSqlBulkInsert() in D:\Repos\GENDEV\Warewolf-ESB\Dev\Dev2.Activities.Specs\TestFramework\StudioTestFramework.feature:line 1479
</StackTrace>
        </ErrorInfo>
      </Output>
    </UnitTestResult>
    <UnitTestResult executionId="3e8df6b1-7fa0-4408-985a-0e95aacddc85" testId="4bf3632b-2e4a-3ab0-2adc-ac4ab248f075" testName="TestWFWithSqlServer" computerName="ASH" duration="00:00:00.8407573" startTime="2017-03-16T11:55:07.6397140+02:00" endTime="2017-03-16T11:55:08.4821670+02:00" testType="13cdc9d9-ddb5-4fa4-a97d-d965ccfc6d4b" outcome="Failed" testListId="8c84fa94-04c1-424b-9868-57a2d4851a1d" relativeResultsDirectory="3e8df6b1-7fa0-4408-985a-0e95aacddc85">
      <Output>
        <StdOut>Given test folder is cleaned
-&gt; done: StudioTestFrameworkSteps.GivenTestFolderIsCleaned() (0.0s)
And I have "Workflow 1" with inputs as
  --- table step argument ---
  | Input Var Name |
  | [[a]]          |
-&gt; done: StudioTestFrameworkSteps.GivenIHaveWithInputsAs("Workflow 1", &lt;table&gt;) (0.0s)
And "Workflow 1" has outputs as
  --- table step argument ---
  | Ouput Var Name  |
  | [[outputValue]] |
-&gt; done: StudioTestFrameworkSteps.GivenHasOutputsAs("Workflow 1", &lt;table&gt;) (0.2s)
Given I have "Workflow 2" with inputs as
  --- table step argument ---
  | Input Var Name |
  | [[rec().a]]    |
  | [[rec().b]]    |
-&gt; done: StudioTestFrameworkSteps.GivenIHaveWithInputsAs("Workflow 2", &lt;table&gt;) (0.0s)
And "Workflow 2" has outputs as
  --- table step argument ---
  | Ouput Var Name |
  | [[returnVal]]  |
-&gt; done: StudioTestFrameworkSteps.GivenHasOutputsAs("Workflow 2", &lt;table&gt;) (0.1s)
Given I have "Workflow 3" with inputs as
  --- table step argument ---
  | Input Var Name |
  | [[A]]          |
  | [[B]]          |
  | [[C]]          |
-&gt; done: StudioTestFrameworkSteps.GivenIHaveWithInputsAs("Workflow 3", &lt;table&gt;) (0.0s)
And "Workflow 3" has outputs as
  --- table step argument ---
  | Ouput Var Name |
  | [[message]]    |
-&gt; done: StudioTestFrameworkSteps.GivenHasOutputsAs("Workflow 3", &lt;table&gt;) (0.1s)
Given I have "WorkflowWithTests" with inputs as
  --- table step argument ---
  | Input Var Name |
  | [[input]]      |
-&gt; done: StudioTestFrameworkSteps.GivenIHaveWithInputsAs("WorkflowWithTests", &lt;table&gt;) (0.0s)
And "WorkflowWithTests" has outputs as
  --- table step argument ---
  | Ouput Var Name  |
  | [[outputValue]] |
-&gt; done: StudioTestFrameworkSteps.GivenHasOutputsAs("WorkflowWithTests", &lt;table&gt;) (0.2s)
And "WorkflowWithTests" Tests as
  --- table step argument ---
  | TestName | AuthenticationType | Error | TestFailing | TestPending | TestInvalid | TestPassed |
  | Test1    | Windows            | false | false       | false       | false       | true       |
  | Test2    | Windows            | false | true        | false       | false       | false      |
  | Test3    | Windows            | false | false       | false       | true        | false      |
  | Test4    | Windows            | false | false       | true        | false       | false      |
-&gt; done: StudioTestFrameworkSteps.GivenTestsAs("WorkflowWithTests", &lt;table&gt;) (0.0s)
Given I have a workflow "SqlTestWF"
-&gt; done: WorkflowExecutionSteps.GivenIHaveAWorkflow("SqlTestWF") (0.0s)
And "SqlTestWF" contains a sqlserver database service "dbo.FetchPlayers" with mappings for testing as
  --- table step argument ---
  | ParameterName | ParameterValue |
  | GameNumber    | 1              |
-&gt; error: Login failed for user 'testuser'.
And I save workflow "SqlTestWF"
-&gt; skipped because of previous errors
Then the test builder is open with "SqlTestWF"
-&gt; skipped because of previous errors
And I click New Test
-&gt; skipped because of previous errors
And a new test is added
-&gt; skipped because of previous errors
And test name starts with "Test 1"
-&gt; skipped because of previous errors
And I Add "dbo.FetchPlayers" as TestStep
-&gt; skipped because of previous errors
And I add StepOutputs as
  --- table step argument ---
  | Variable Name                    | Condition | Value    |
  | [[dbo_FetchPlayers(1).ID]]       | =         | 285      |
  | [[dbo_FetchPlayers(1).Name]]     | =         | Syed     |
  | [[dbo_FetchPlayers(1).Surname]]  | =         | Abbas    |
  | [[dbo_FetchPlayers(1).Username]] | =         | Abbas285 |
-&gt; skipped because of previous errors
When I save
-&gt; skipped because of previous errors
And I run the test
-&gt; skipped because of previous errors
Then test result is Passed
-&gt; skipped because of previous errors
When I delete "Test 1"
-&gt; skipped because of previous errors
Then The "DeleteConfirmation" popup is shown I click Ok
-&gt; skipped because of previous errors
Then workflow "SqlTestWF" is deleted as cleanup
-&gt; skipped because of previous errors</StdOut>
        <ErrorInfo>
          <Message>Test method Dev2.Activities.Specs.TestFramework.StudioTestFrameworkFeature.TestWFWithSqlServer threw exception: 
Warewolf.Studio.ServerProxyLayer.WarewolfTestException: Login failed for user 'testuser'. ---&gt; System.Exception: Exception of type 'System.Exception' was thrown.</Message>
          <StackTrace> 
 --- End of inner exception stack trace ---
    at Warewolf.Studio.ServerProxyLayer.UpdateProxy.TestDbService(IDatabaseService service) in D:\Repos\GENDEV\Warewolf-ESB\Dev\Warewolf.Studio.ServerProxyLayer\UpdateProxy.cs:line 122
   at Warewolf.Studio.AntiCorruptionLayer.StudioResourceUpdateManager.TestDbService(IDatabaseService inputValues) in D:\Repos\GENDEV\Warewolf-ESB\Dev\Warewolf.Studio.AntiCorruptionLayer\StudioResourceUpdateManager.cs:line 159
   at Warewolf.Studio.ViewModels.ManageDbServiceModel.TestService(IDatabaseService inputValues) in D:\Repos\GENDEV\Warewolf-ESB\Dev\Warewolf.Studio.ViewModels\ManageDbServiceModel.cs:line 95
   at Dev2.Activities.Specs.Composition.WorkflowExecutionSteps.GivenContainsASqlServerDatabaseServiceWithMappingsForTesting(String parentName, String serviceName, Table table) in D:\Repos\GENDEV\Warewolf-ESB\Dev\Dev2.Activities.Specs\Composition\WorkflowExecutionSteps.cs:line 3733
   at lambda_method(Closure , IContextManager , String , String , Table )
   at TechTalk.SpecFlow.Bindings.BindingInvoker.InvokeBinding(IBinding binding, IContextManager contextManager, Object[] arguments, ITestTracer testTracer, TimeSpan&amp; duration)
   at TechTalk.SpecFlow.Infrastructure.TestExecutionEngine.ExecuteStepMatch(BindingMatch match, Object[] arguments)
   at TechTalk.SpecFlow.Infrastructure.TestExecutionEngine.ExecuteStep(StepInstance stepInstance)
   at TechTalk.SpecFlow.Infrastructure.TestExecutionEngine.OnAfterLastStep()
   at TechTalk.SpecFlow.TestRunner.CollectScenarioErrors()
   at Dev2.Activities.Specs.TestFramework.StudioTestFrameworkFeature.ScenarioCleanup()
   at Dev2.Activities.Specs.TestFramework.StudioTestFrameworkFeature.TestWFWithSqlServer() in D:\Repos\GENDEV\Warewolf-ESB\Dev\Dev2.Activities.Specs\TestFramework\StudioTestFramework.feature:line 1387
</StackTrace>
        </ErrorInfo>
      </Output>
    </UnitTestResult>
    <UnitTestResult executionId="3f32744f-2ad8-4add-a164-d8b5c53e74a8" testId="8f86d6a6-8342-4317-8af0-165e722ed5f1" testName="TestWFWithSysInfo" computerName="ASH" duration="00:00:01.2020207" startTime="2017-03-16T11:55:08.4858947+02:00" endTime="2017-03-16T11:55:09.6907292+02:00" testType="13cdc9d9-ddb5-4fa4-a97d-d965ccfc6d4b" outcome="Passed" testListId="8c84fa94-04c1-424b-9868-57a2d4851a1d" relativeResultsDirectory="3f32744f-2ad8-4add-a164-d8b5c53e74a8">
      <Output>
        <StdOut>Given test folder is cleaned
-&gt; done: StudioTestFrameworkSteps.GivenTestFolderIsCleaned() (0.0s)
And I have "Workflow 1" with inputs as
  --- table step argument ---
  | Input Var Name |
  | [[a]]          |
-&gt; done: StudioTestFrameworkSteps.GivenIHaveWithInputsAs("Workflow 1", &lt;table&gt;) (0.0s)
And "Workflow 1" has outputs as
  --- table step argument ---
  | Ouput Var Name  |
  | [[outputValue]] |
-&gt; done: StudioTestFrameworkSteps.GivenHasOutputsAs("Workflow 1", &lt;table&gt;) (0.1s)
Given I have "Workflow 2" with inputs as
  --- table step argument ---
  | Input Var Name |
  | [[rec().a]]    |
  | [[rec().b]]    |
-&gt; done: StudioTestFrameworkSteps.GivenIHaveWithInputsAs("Workflow 2", &lt;table&gt;) (0.0s)
And "Workflow 2" has outputs as
  --- table step argument ---
  | Ouput Var Name |
  | [[returnVal]]  |
-&gt; done: StudioTestFrameworkSteps.GivenHasOutputsAs("Workflow 2", &lt;table&gt;) (0.2s)
Given I have "Workflow 3" with inputs as
  --- table step argument ---
  | Input Var Name |
  | [[A]]          |
  | [[B]]          |
  | [[C]]          |
-&gt; done: StudioTestFrameworkSteps.GivenIHaveWithInputsAs("Workflow 3", &lt;table&gt;) (0.0s)
And "Workflow 3" has outputs as
  --- table step argument ---
  | Ouput Var Name |
  | [[message]]    |
-&gt; done: StudioTestFrameworkSteps.GivenHasOutputsAs("Workflow 3", &lt;table&gt;) (0.2s)
Given I have "WorkflowWithTests" with inputs as
  --- table step argument ---
  | Input Var Name |
  | [[input]]      |
-&gt; done: StudioTestFrameworkSteps.GivenIHaveWithInputsAs("WorkflowWithTests", &lt;table&gt;) (0.0s)
And "WorkflowWithTests" has outputs as
  --- table step argument ---
  | Ouput Var Name  |
  | [[outputValue]] |
-&gt; done: StudioTestFrameworkSteps.GivenHasOutputsAs("WorkflowWithTests", &lt;table&gt;) (0.2s)
And "WorkflowWithTests" Tests as
  --- table step argument ---
  | TestName | AuthenticationType | Error | TestFailing | TestPending | TestInvalid | TestPassed |
  | Test1    | Windows            | false | false       | false       | false       | true       |
  | Test2    | Windows            | false | true        | false       | false       | false      |
  | Test3    | Windows            | false | false       | false       | true        | false      |
  | Test4    | Windows            | false | false       | true        | false       | false      |
-&gt; done: StudioTestFrameworkSteps.GivenTestsAs("WorkflowWithTests", &lt;table&gt;) (0.0s)
Given I have a workflow "SysInfoTestWF"
-&gt; done: WorkflowExecutionSteps.GivenIHaveAWorkflow("SysInfoTestWF") (0.0s)
And "SysInfoTestWF" contains Gather System Info "System info" as
  --- table step argument ---
  | Variable | Selected    |
  | [[a]]    | Date &amp; Time |
-&gt; done: WorkflowExecutionSteps.GivenItContainsGatherSystemInfoAs("SysInfoTestWF", "System info", &lt;table&gt;) (0.0s)
And I save workflow "SysInfoTestWF"
-&gt; done: WorkflowExecutionSteps.Save("SysInfoTestWF") (0.2s)
Then the test builder is open with "SysInfoTestWF"
-&gt; done: StudioTestFrameworkSteps.GivenTheTestBuilderIsOpenWith("SysInfoTestWF") (0.0s)
And I click New Test
-&gt; done: StudioTestFrameworkSteps.WhenIClickNewTest() (0.0s)
And a new test is added
-&gt; done: StudioTestFrameworkSteps.ThenANewTestIsAdded() (0.0s)
And test name starts with "Test 1"
-&gt; done: StudioTestFrameworkSteps.ThenTestNameStartsWith("Test 1") (0.0s)
And I Add "System info" as TestStep
-&gt; done: StudioTestFrameworkSteps.ThenIAddAsTestStep("System info") (0.0s)
And I add StepOutputs as
  --- table step argument ---
  | Variable Name | Condition | Value |
  | [[a]]         | Is Date   |       |
-&gt; done: StudioTestFrameworkSteps.ThenIAddStepOutputsAs(&lt;table&gt;) (0.0s)
When I save
-&gt; done: StudioTestFrameworkSteps.WhenISave() (0.0s)
And I run the test
-&gt; done: StudioTestFrameworkSteps.WhenIRunTheTest() (0.1s)
Then test result is Passed
-&gt; done: StudioTestFrameworkSteps.ThenTestResultIsPassed() (0.0s)
When I delete "Test 1"
-&gt; done: StudioTestFrameworkSteps.WhenIDelete("Test 1") (0.0s)
Then The "DeleteConfirmation" popup is shown I click Ok
-&gt; done: StudioTestFrameworkSteps.ThenThePopupIsShownIClickOk("DeleteConfirmation") (0.0s)
Then workflow "SysInfoTestWF" is deleted as cleanup
-&gt; done: WorkflowExecutionSteps.ThenWorkflowIsDeletedAsCleanup("SysInfoTestWF") (0.1s)</StdOut>
      </Output>
    </UnitTestResult>
    <UnitTestResult executionId="d6bb1f93-255a-4f2d-bcfa-6f1d9673934e" testId="e7d67136-9d6b-41c4-d1cf-3d06fe45c1d5" testName="TestWFWithUniqueRecord" computerName="ASH" duration="00:00:01.5613664" startTime="2017-03-16T11:55:09.6957295+02:00" endTime="2017-03-16T11:55:11.2596143+02:00" testType="13cdc9d9-ddb5-4fa4-a97d-d965ccfc6d4b" outcome="Passed" testListId="8c84fa94-04c1-424b-9868-57a2d4851a1d" relativeResultsDirectory="d6bb1f93-255a-4f2d-bcfa-6f1d9673934e">
      <Output>
        <StdOut>Given test folder is cleaned
-&gt; done: StudioTestFrameworkSteps.GivenTestFolderIsCleaned() (0.0s)
And I have "Workflow 1" with inputs as
  --- table step argument ---
  | Input Var Name |
  | [[a]]          |
-&gt; done: StudioTestFrameworkSteps.GivenIHaveWithInputsAs("Workflow 1", &lt;table&gt;) (0.0s)
And "Workflow 1" has outputs as
  --- table step argument ---
  | Ouput Var Name  |
  | [[outputValue]] |
-&gt; done: StudioTestFrameworkSteps.GivenHasOutputsAs("Workflow 1", &lt;table&gt;) (0.2s)
Given I have "Workflow 2" with inputs as
  --- table step argument ---
  | Input Var Name |
  | [[rec().a]]    |
  | [[rec().b]]    |
-&gt; done: StudioTestFrameworkSteps.GivenIHaveWithInputsAs("Workflow 2", &lt;table&gt;) (0.0s)
And "Workflow 2" has outputs as
  --- table step argument ---
  | Ouput Var Name |
  | [[returnVal]]  |
-&gt; done: StudioTestFrameworkSteps.GivenHasOutputsAs("Workflow 2", &lt;table&gt;) (0.2s)
Given I have "Workflow 3" with inputs as
  --- table step argument ---
  | Input Var Name |
  | [[A]]          |
  | [[B]]          |
  | [[C]]          |
-&gt; done: StudioTestFrameworkSteps.GivenIHaveWithInputsAs("Workflow 3", &lt;table&gt;) (0.0s)
And "Workflow 3" has outputs as
  --- table step argument ---
  | Ouput Var Name |
  | [[message]]    |
-&gt; done: StudioTestFrameworkSteps.GivenHasOutputsAs("Workflow 3", &lt;table&gt;) (0.2s)
Given I have "WorkflowWithTests" with inputs as
  --- table step argument ---
  | Input Var Name |
  | [[input]]      |
-&gt; done: StudioTestFrameworkSteps.GivenIHaveWithInputsAs("WorkflowWithTests", &lt;table&gt;) (0.0s)
And "WorkflowWithTests" has outputs as
  --- table step argument ---
  | Ouput Var Name  |
  | [[outputValue]] |
-&gt; done: StudioTestFrameworkSteps.GivenHasOutputsAs("WorkflowWithTests", &lt;table&gt;) (0.2s)
And "WorkflowWithTests" Tests as
  --- table step argument ---
  | TestName | AuthenticationType | Error | TestFailing | TestPending | TestInvalid | TestPassed |
  | Test1    | Windows            | false | false       | false       | false       | true       |
  | Test2    | Windows            | false | true        | false       | false       | false      |
  | Test3    | Windows            | false | false       | false       | true        | false      |
  | Test4    | Windows            | false | false       | true        | false       | false      |
-&gt; done: StudioTestFrameworkSteps.GivenTestsAs("WorkflowWithTests", &lt;table&gt;) (0.1s)
Given I have a workflow "UniqueTestWF"
-&gt; done: WorkflowExecutionSteps.GivenIHaveAWorkflow("UniqueTestWF") (0.0s)
And "UniqueTestWF" contains an Assign "Records" as
  --- table step argument ---
  | variable      | value |
  | [[rs().row]]  | 10    |
  | [[rs().data]] | 10    |
  | [[rs().row]]  | 40    |
  | [[rs().data]] | 20    |
  | [[rs().row]]  | 20    |
  | [[rs().data]] | 20    |
  | [[rs().row]]  | 30    |
  | [[rs().data]] | 40    |
-&gt; done: WorkflowExecutionSteps.ThenContainsAnAssignAs("UniqueTestWF", "Records", &lt;table&gt;) (0.0s)
And "UniqueTestWF" contains an Unique "Unique rec" as
  --- table step argument ---
  | In Field(s)                  | Return Fields | Result           |
  | [[rs(*).row]],[[rs(*).data]] | [[rs().row]]  | [[rec().unique]] |
-&gt; done: WorkflowExecutionSteps.GivenContainsAnUniqueAs("UniqueTestWF", "Unique rec", &lt;table&gt;) (0.0s)
And I save workflow "UniqueTestWF"
-&gt; done: WorkflowExecutionSteps.Save("UniqueTestWF") (0.3s)
Then the test builder is open with "UniqueTestWF"
-&gt; done: StudioTestFrameworkSteps.GivenTheTestBuilderIsOpenWith("UniqueTestWF") (0.0s)
And I click New Test
-&gt; done: StudioTestFrameworkSteps.WhenIClickNewTest() (0.0s)
And a new test is added
-&gt; done: StudioTestFrameworkSteps.ThenANewTestIsAdded() (0.0s)
And test name starts with "Test 1"
-&gt; done: StudioTestFrameworkSteps.ThenTestNameStartsWith("Test 1") (0.0s)
And I Add "Unique rec" as TestStep
-&gt; done: StudioTestFrameworkSteps.ThenIAddAsTestStep("Unique rec") (0.0s)
And I add StepOutputs as
  --- table step argument ---
  | Variable Name     | Condition | Value |
  | [[rec(1).unique]] | =         | 10    |
  | [[rec(2).unique]] | =         | 40    |
  | [[rec(3).unique]] | =         | 20    |
  | [[rec(4).unique]] | =         | 30    |
-&gt; done: StudioTestFrameworkSteps.ThenIAddStepOutputsAs(&lt;table&gt;) (0.0s)
When I save
-&gt; done: StudioTestFrameworkSteps.WhenISave() (0.0s)
And I run the test
-&gt; done: StudioTestFrameworkSteps.WhenIRunTheTest() (0.2s)
Then test result is Passed
-&gt; done: StudioTestFrameworkSteps.ThenTestResultIsPassed() (0.0s)
When I delete "Test 1"
-&gt; done: StudioTestFrameworkSteps.WhenIDelete("Test 1") (0.0s)
Then The "DeleteConfirmation" popup is shown I click Ok
-&gt; done: StudioTestFrameworkSteps.ThenThePopupIsShownIClickOk("DeleteConfirmation") (0.0s)
Then workflow "UniqueTestWF" is deleted as cleanup
-&gt; done: WorkflowExecutionSteps.ThenWorkflowIsDeletedAsCleanup("UniqueTestWF") (0.1s)</StdOut>
      </Output>
    </UnitTestResult>
    <UnitTestResult executionId="78db62f4-0696-4783-bf4e-c22431febaf7" testId="e56cb2a6-ad81-9ccd-d628-b0d95041463b" testName="TestWFWithUnzipFile" computerName="ASH" duration="00:00:01.3628372" startTime="2017-03-16T11:55:11.2646159+02:00" endTime="2017-03-16T11:55:12.6290581+02:00" testType="13cdc9d9-ddb5-4fa4-a97d-d965ccfc6d4b" outcome="Passed" testListId="8c84fa94-04c1-424b-9868-57a2d4851a1d" relativeResultsDirectory="78db62f4-0696-4783-bf4e-c22431febaf7">
      <Output>
        <StdOut>Given test folder is cleaned
-&gt; done: StudioTestFrameworkSteps.GivenTestFolderIsCleaned() (0.0s)
And I have "Workflow 1" with inputs as
  --- table step argument ---
  | Input Var Name |
  | [[a]]          |
-&gt; done: StudioTestFrameworkSteps.GivenIHaveWithInputsAs("Workflow 1", &lt;table&gt;) (0.0s)
And "Workflow 1" has outputs as
  --- table step argument ---
  | Ouput Var Name  |
  | [[outputValue]] |
-&gt; done: StudioTestFrameworkSteps.GivenHasOutputsAs("Workflow 1", &lt;table&gt;) (0.2s)
Given I have "Workflow 2" with inputs as
  --- table step argument ---
  | Input Var Name |
  | [[rec().a]]    |
  | [[rec().b]]    |
-&gt; done: StudioTestFrameworkSteps.GivenIHaveWithInputsAs("Workflow 2", &lt;table&gt;) (0.0s)
And "Workflow 2" has outputs as
  --- table step argument ---
  | Ouput Var Name |
  | [[returnVal]]  |
-&gt; done: StudioTestFrameworkSteps.GivenHasOutputsAs("Workflow 2", &lt;table&gt;) (0.2s)
Given I have "Workflow 3" with inputs as
  --- table step argument ---
  | Input Var Name |
  | [[A]]          |
  | [[B]]          |
  | [[C]]          |
-&gt; done: StudioTestFrameworkSteps.GivenIHaveWithInputsAs("Workflow 3", &lt;table&gt;) (0.0s)
And "Workflow 3" has outputs as
  --- table step argument ---
  | Ouput Var Name |
  | [[message]]    |
-&gt; done: StudioTestFrameworkSteps.GivenHasOutputsAs("Workflow 3", &lt;table&gt;) (0.1s)
Given I have "WorkflowWithTests" with inputs as
  --- table step argument ---
  | Input Var Name |
  | [[input]]      |
-&gt; done: StudioTestFrameworkSteps.GivenIHaveWithInputsAs("WorkflowWithTests", &lt;table&gt;) (0.0s)
And "WorkflowWithTests" has outputs as
  --- table step argument ---
  | Ouput Var Name  |
  | [[outputValue]] |
-&gt; done: StudioTestFrameworkSteps.GivenHasOutputsAs("WorkflowWithTests", &lt;table&gt;) (0.2s)
And "WorkflowWithTests" Tests as
  --- table step argument ---
  | TestName | AuthenticationType | Error | TestFailing | TestPending | TestInvalid | TestPassed |
  | Test1    | Windows            | false | false       | false       | false       | true       |
  | Test2    | Windows            | false | true        | false       | false       | false      |
  | Test3    | Windows            | false | false       | false       | true        | false      |
  | Test4    | Windows            | false | false       | true        | false       | false      |
-&gt; done: StudioTestFrameworkSteps.GivenTestsAs("WorkflowWithTests", &lt;table&gt;) (0.0s)
Given I have a workflow "UnzipFileTestWF"
-&gt; done: WorkflowExecutionSteps.GivenIHaveAWorkflow("UnzipFileTestWF") (0.0s)
And "UnzipFileTestWF" contains an Create "Create1" as
  --- table step argument ---
  | File or Folder                                          | If it exits | Username | Password | Result   |
  | C:\ProgramData\Warewolf\Resources\FileToZipAndUnzip.txt | True        |          |          | [[res1]] |
-&gt; done: WorkflowExecutionSteps.GivenContainsAnCreateAs("UnzipFileTestWF", "Create1", &lt;table&gt;) (0.0s)
And "UnzipFileTestWF" contains an Zip "ZipFile" as
  --- table step argument ---
  | File or Folder                                          | Destination                                                   | If it exits | Username | Password | Result        | Folders |
  | C:\ProgramData\Warewolf\Resources\FileToZipAndUnzip.txt | C:\ProgramData\Warewolf\Resources\FileToZipAndUnzipZipped.zip | True        |          |          | [[ZipResult]] | True    |
-&gt; done: WorkflowExecutionSteps.GivenContainsAnZipAs("UnzipFileTestWF", "ZipFile", &lt;table&gt;) (0.0s)
And "UnzipFileTestWF" contains an UnZip "UnZipFile" as
  --- table step argument ---
  | File or Folder                                                | Destination                                                | If it exits | Username | Password | Result          | Folders |
  | C:\ProgramData\Warewolf\Resources\FileToZipAndUnzipZipped.zip | C:\ProgramData\Warewolf\Resources\FileToZipAndUnzipZipped1 | True        |          |          | [[UnZipResult]] | True    |
-&gt; done: WorkflowExecutionSteps.GivenContainsAnUnZipAs("UnzipFileTestWF", "UnZipFile", &lt;table&gt;) (0.0s)
And I save workflow "UnzipFileTestWF"
-&gt; done: WorkflowExecutionSteps.Save("UnzipFileTestWF") (0.2s)
Then the test builder is open with "UnzipFileTestWF"
-&gt; done: StudioTestFrameworkSteps.GivenTheTestBuilderIsOpenWith("UnzipFileTestWF") (0.0s)
And I click New Test
-&gt; done: StudioTestFrameworkSteps.WhenIClickNewTest() (0.0s)
And a new test is added
-&gt; done: StudioTestFrameworkSteps.ThenANewTestIsAdded() (0.0s)
And test name starts with "Test 1"
-&gt; done: StudioTestFrameworkSteps.ThenTestNameStartsWith("Test 1") (0.0s)
And I Add "UnZipFile" as TestStep
-&gt; done: StudioTestFrameworkSteps.ThenIAddAsTestStep("UnZipFile") (0.0s)
And I add StepOutputs as
  --- table step argument ---
  | Variable Name   | Condition | Value   |
  | [[UnZipResult]] | =         | Success |
-&gt; done: StudioTestFrameworkSteps.ThenIAddStepOutputsAs(&lt;table&gt;) (0.0s)
When I save
-&gt; done: StudioTestFrameworkSteps.WhenISave() (0.0s)
And I run the test
-&gt; done: StudioTestFrameworkSteps.WhenIRunTheTest() (0.2s)
Then test result is Passed
-&gt; done: StudioTestFrameworkSteps.ThenTestResultIsPassed() (0.0s)
When I delete "Test 1"
-&gt; done: StudioTestFrameworkSteps.WhenIDelete("Test 1") (0.0s)
Then The "DeleteConfirmation" popup is shown I click Ok
-&gt; done: StudioTestFrameworkSteps.ThenThePopupIsShownIClickOk("DeleteConfirmation") (0.0s)
Then workflow "UnzipFileTestWF" is deleted as cleanup
-&gt; done: WorkflowExecutionSteps.ThenWorkflowIsDeletedAsCleanup("UnzipFileTestWF") (0.0s)</StdOut>
      </Output>
    </UnitTestResult>
    <UnitTestResult executionId="9a1a4e8f-4416-4a97-8490-cf2823fbf0a7" testId="5be8f232-547e-ba27-1051-44f206ceb36b" testName="TestWFWithWebDelete" computerName="ASH" duration="00:00:01.5728277" startTime="2017-03-16T11:55:12.6340566+02:00" endTime="2017-03-16T11:55:14.2083218+02:00" testType="13cdc9d9-ddb5-4fa4-a97d-d965ccfc6d4b" outcome="Passed" testListId="8c84fa94-04c1-424b-9868-57a2d4851a1d" relativeResultsDirectory="9a1a4e8f-4416-4a97-8490-cf2823fbf0a7">
      <Output>
        <StdOut>Given test folder is cleaned
-&gt; done: StudioTestFrameworkSteps.GivenTestFolderIsCleaned() (0.0s)
And I have "Workflow 1" with inputs as
  --- table step argument ---
  | Input Var Name |
  | [[a]]          |
-&gt; done: StudioTestFrameworkSteps.GivenIHaveWithInputsAs("Workflow 1", &lt;table&gt;) (0.0s)
And "Workflow 1" has outputs as
  --- table step argument ---
  | Ouput Var Name  |
  | [[outputValue]] |
-&gt; done: StudioTestFrameworkSteps.GivenHasOutputsAs("Workflow 1", &lt;table&gt;) (0.1s)
Given I have "Workflow 2" with inputs as
  --- table step argument ---
  | Input Var Name |
  | [[rec().a]]    |
  | [[rec().b]]    |
-&gt; done: StudioTestFrameworkSteps.GivenIHaveWithInputsAs("Workflow 2", &lt;table&gt;) (0.0s)
And "Workflow 2" has outputs as
  --- table step argument ---
  | Ouput Var Name |
  | [[returnVal]]  |
-&gt; done: StudioTestFrameworkSteps.GivenHasOutputsAs("Workflow 2", &lt;table&gt;) (0.1s)
Given I have "Workflow 3" with inputs as
  --- table step argument ---
  | Input Var Name |
  | [[A]]          |
  | [[B]]          |
  | [[C]]          |
-&gt; done: StudioTestFrameworkSteps.GivenIHaveWithInputsAs("Workflow 3", &lt;table&gt;) (0.0s)
And "Workflow 3" has outputs as
  --- table step argument ---
  | Ouput Var Name |
  | [[message]]    |
-&gt; done: StudioTestFrameworkSteps.GivenHasOutputsAs("Workflow 3", &lt;table&gt;) (0.2s)
Given I have "WorkflowWithTests" with inputs as
  --- table step argument ---
  | Input Var Name |
  | [[input]]      |
-&gt; done: StudioTestFrameworkSteps.GivenIHaveWithInputsAs("WorkflowWithTests", &lt;table&gt;) (0.0s)
And "WorkflowWithTests" has outputs as
  --- table step argument ---
  | Ouput Var Name  |
  | [[outputValue]] |
-&gt; done: StudioTestFrameworkSteps.GivenHasOutputsAs("WorkflowWithTests", &lt;table&gt;) (0.2s)
And "WorkflowWithTests" Tests as
  --- table step argument ---
  | TestName | AuthenticationType | Error | TestFailing | TestPending | TestInvalid | TestPassed |
  | Test1    | Windows            | false | false       | false       | false       | true       |
  | Test2    | Windows            | false | true        | false       | false       | false      |
  | Test3    | Windows            | false | false       | false       | true        | false      |
  | Test4    | Windows            | false | false       | true        | false       | false      |
-&gt; done: StudioTestFrameworkSteps.GivenTestsAs("WorkflowWithTests", &lt;table&gt;) (0.0s)
Given I have a workflow "WebDeleteTestWF"
-&gt; done: WorkflowExecutionSteps.GivenIHaveAWorkflow("WebDeleteTestWF") (0.0s)
And "WebDeleteTestWF" contains a Web Delete "testWebDelete" result as "[[Response]]"
-&gt; done: WorkflowExecutionSteps.GivenContainsAWebDeleteResultAs("WebDeleteTestWF", "testWebDelete", "[[Response]]") (0.4s)
And I save workflow "WebDeleteTestWF"
-&gt; done: WorkflowExecutionSteps.Save("WebDeleteTestWF") (0.2s)
Then the test builder is open with "WebDeleteTestWF"
-&gt; done: StudioTestFrameworkSteps.GivenTheTestBuilderIsOpenWith("WebDeleteTestWF") (0.0s)
And I click New Test
-&gt; done: StudioTestFrameworkSteps.WhenIClickNewTest() (0.0s)
And a new test is added
-&gt; done: StudioTestFrameworkSteps.ThenANewTestIsAdded() (0.0s)
And test name starts with "Test 1"
-&gt; done: StudioTestFrameworkSteps.ThenTestNameStartsWith("Test 1") (0.0s)
And I Add "testWebDelete" as TestStep
-&gt; done: StudioTestFrameworkSteps.ThenIAddAsTestStep("testWebDelete") (0.0s)
And I add StepOutputs as
  --- table step argument ---
  | Variable Name | Condition | Value                                            |
  | [[Response]]  | =         | The task completed due to an unhandled exception |
-&gt; done: StudioTestFrameworkSteps.ThenIAddStepOutputsAs(&lt;table&gt;) (0.0s)
When I save
-&gt; done: StudioTestFrameworkSteps.WhenISave() (0.0s)
And I run the test
-&gt; done: StudioTestFrameworkSteps.WhenIRunTheTest() (0.1s)
Then test result is Passed
-&gt; done: StudioTestFrameworkSteps.ThenTestResultIsPassed() (0.0s)
When I delete "Test 1"
-&gt; done: StudioTestFrameworkSteps.WhenIDelete("Test 1") (0.0s)
Then The "DeleteConfirmation" popup is shown I click Ok
-&gt; done: StudioTestFrameworkSteps.ThenThePopupIsShownIClickOk("DeleteConfirmation") (0.0s)
Then workflow "WebDeleteTestWF" is deleted as cleanup
-&gt; done: WorkflowExecutionSteps.ThenWorkflowIsDeletedAsCleanup("WebDeleteTestWF") (0.0s)</StdOut>
      </Output>
    </UnitTestResult>
    <UnitTestResult executionId="2fa8f48d-265e-42e4-bc00-cb0347cbeded" testId="50e19035-45b2-164a-4d5e-a6469b1529dc" testName="TestWFWithWebGet" computerName="ASH" duration="00:00:01.3530886" startTime="2017-03-16T11:55:14.2143227+02:00" endTime="2017-03-16T11:55:15.5693852+02:00" testType="13cdc9d9-ddb5-4fa4-a97d-d965ccfc6d4b" outcome="Passed" testListId="8c84fa94-04c1-424b-9868-57a2d4851a1d" relativeResultsDirectory="2fa8f48d-265e-42e4-bc00-cb0347cbeded">
      <Output>
        <StdOut>Given test folder is cleaned
-&gt; done: StudioTestFrameworkSteps.GivenTestFolderIsCleaned() (0.0s)
And I have "Workflow 1" with inputs as
  --- table step argument ---
  | Input Var Name |
  | [[a]]          |
-&gt; done: StudioTestFrameworkSteps.GivenIHaveWithInputsAs("Workflow 1", &lt;table&gt;) (0.0s)
And "Workflow 1" has outputs as
  --- table step argument ---
  | Ouput Var Name  |
  | [[outputValue]] |
-&gt; done: StudioTestFrameworkSteps.GivenHasOutputsAs("Workflow 1", &lt;table&gt;) (0.2s)
Given I have "Workflow 2" with inputs as
  --- table step argument ---
  | Input Var Name |
  | [[rec().a]]    |
  | [[rec().b]]    |
-&gt; done: StudioTestFrameworkSteps.GivenIHaveWithInputsAs("Workflow 2", &lt;table&gt;) (0.0s)
And "Workflow 2" has outputs as
  --- table step argument ---
  | Ouput Var Name |
  | [[returnVal]]  |
-&gt; done: StudioTestFrameworkSteps.GivenHasOutputsAs("Workflow 2", &lt;table&gt;) (0.2s)
Given I have "Workflow 3" with inputs as
  --- table step argument ---
  | Input Var Name |
  | [[A]]          |
  | [[B]]          |
  | [[C]]          |
-&gt; done: StudioTestFrameworkSteps.GivenIHaveWithInputsAs("Workflow 3", &lt;table&gt;) (0.0s)
And "Workflow 3" has outputs as
  --- table step argument ---
  | Ouput Var Name |
  | [[message]]    |
-&gt; done: StudioTestFrameworkSteps.GivenHasOutputsAs("Workflow 3", &lt;table&gt;) (0.1s)
Given I have "WorkflowWithTests" with inputs as
  --- table step argument ---
  | Input Var Name |
  | [[input]]      |
-&gt; done: StudioTestFrameworkSteps.GivenIHaveWithInputsAs("WorkflowWithTests", &lt;table&gt;) (0.0s)
And "WorkflowWithTests" has outputs as
  --- table step argument ---
  | Ouput Var Name  |
  | [[outputValue]] |
-&gt; done: StudioTestFrameworkSteps.GivenHasOutputsAs("WorkflowWithTests", &lt;table&gt;) (0.2s)
And "WorkflowWithTests" Tests as
  --- table step argument ---
  | TestName | AuthenticationType | Error | TestFailing | TestPending | TestInvalid | TestPassed |
  | Test1    | Windows            | false | false       | false       | false       | true       |
  | Test2    | Windows            | false | true        | false       | false       | false      |
  | Test3    | Windows            | false | false       | false       | true        | false      |
  | Test4    | Windows            | false | false       | true        | false       | false      |
-&gt; done: StudioTestFrameworkSteps.GivenTestsAs("WorkflowWithTests", &lt;table&gt;) (0.0s)
Given I have a workflow "WebGetTestWF"
-&gt; done: WorkflowExecutionSteps.GivenIHaveAWorkflow("WebGetTestWF") (0.0s)
And "WebGetTestWF" contains a Web Get "testWebGet" result as "[[Response]]"
-&gt; done: WorkflowExecutionSteps.GivenContainsAWebGetResultAs("WebGetTestWF", "testWebGet", "[[Response]]") (0.1s)
And I save workflow "WebGetTestWF"
-&gt; done: WorkflowExecutionSteps.Save("WebGetTestWF") (0.2s)
Then the test builder is open with "WebGetTestWF"
-&gt; done: StudioTestFrameworkSteps.GivenTheTestBuilderIsOpenWith("WebGetTestWF") (0.0s)
And I click New Test
-&gt; done: StudioTestFrameworkSteps.WhenIClickNewTest() (0.0s)
And a new test is added
-&gt; done: StudioTestFrameworkSteps.ThenANewTestIsAdded() (0.0s)
And test name starts with "Test 1"
-&gt; done: StudioTestFrameworkSteps.ThenTestNameStartsWith("Test 1") (0.0s)
And I Add "testWebGet" as TestStep
-&gt; done: StudioTestFrameworkSteps.ThenIAddAsTestStep("testWebGet") (0.0s)
And I add StepOutputs as
  --- table step argument ---
  | Variable Name                    | Condition | Value      |
  | [[UnnamedArrayData(6).Id]]       | =         | 6          |
  | [[UnnamedArrayData(6).Name]]     | =         | Toys       |
  | [[UnnamedArrayData(6).Category]] | =         | Gift Items |
  | [[UnnamedArrayData(6).Price]]    | =         | 15000      |
-&gt; done: StudioTestFrameworkSteps.ThenIAddStepOutputsAs(&lt;table&gt;) (0.0s)
When I save
-&gt; done: StudioTestFrameworkSteps.WhenISave() (0.0s)
And I run the test
-&gt; done: StudioTestFrameworkSteps.WhenIRunTheTest() (0.1s)
Then test result is Passed
-&gt; done: StudioTestFrameworkSteps.ThenTestResultIsPassed() (0.0s)
When I delete "Test 1"
-&gt; done: StudioTestFrameworkSteps.WhenIDelete("Test 1") (0.0s)
Then The "DeleteConfirmation" popup is shown I click Ok
-&gt; done: StudioTestFrameworkSteps.ThenThePopupIsShownIClickOk("DeleteConfirmation") (0.0s)
Then workflow "WebGetTestWF" is deleted as cleanup
-&gt; done: WorkflowExecutionSteps.ThenWorkflowIsDeletedAsCleanup("WebGetTestWF") (0.0s)</StdOut>
      </Output>
    </UnitTestResult>
    <UnitTestResult executionId="fb8eac16-3f80-456e-8aec-3ab695862191" testId="fd05259c-5226-66e5-ecee-42727fe2848d" testName="TestWFWithWebPost" computerName="ASH" duration="00:00:01.2964161" startTime="2017-03-16T11:55:15.5733988+02:00" endTime="2017-03-16T11:55:16.8722746+02:00" testType="13cdc9d9-ddb5-4fa4-a97d-d965ccfc6d4b" outcome="Passed" testListId="8c84fa94-04c1-424b-9868-57a2d4851a1d" relativeResultsDirectory="fb8eac16-3f80-456e-8aec-3ab695862191">
      <Output>
        <StdOut>Given test folder is cleaned
-&gt; done: StudioTestFrameworkSteps.GivenTestFolderIsCleaned() (0.0s)
And I have "Workflow 1" with inputs as
  --- table step argument ---
  | Input Var Name |
  | [[a]]          |
-&gt; done: StudioTestFrameworkSteps.GivenIHaveWithInputsAs("Workflow 1", &lt;table&gt;) (0.0s)
And "Workflow 1" has outputs as
  --- table step argument ---
  | Ouput Var Name  |
  | [[outputValue]] |
-&gt; done: StudioTestFrameworkSteps.GivenHasOutputsAs("Workflow 1", &lt;table&gt;) (0.2s)
Given I have "Workflow 2" with inputs as
  --- table step argument ---
  | Input Var Name |
  | [[rec().a]]    |
  | [[rec().b]]    |
-&gt; done: StudioTestFrameworkSteps.GivenIHaveWithInputsAs("Workflow 2", &lt;table&gt;) (0.0s)
And "Workflow 2" has outputs as
  --- table step argument ---
  | Ouput Var Name |
  | [[returnVal]]  |
-&gt; done: StudioTestFrameworkSteps.GivenHasOutputsAs("Workflow 2", &lt;table&gt;) (0.2s)
Given I have "Workflow 3" with inputs as
  --- table step argument ---
  | Input Var Name |
  | [[A]]          |
  | [[B]]          |
  | [[C]]          |
-&gt; done: StudioTestFrameworkSteps.GivenIHaveWithInputsAs("Workflow 3", &lt;table&gt;) (0.0s)
And "Workflow 3" has outputs as
  --- table step argument ---
  | Ouput Var Name |
  | [[message]]    |
-&gt; done: StudioTestFrameworkSteps.GivenHasOutputsAs("Workflow 3", &lt;table&gt;) (0.1s)
Given I have "WorkflowWithTests" with inputs as
  --- table step argument ---
  | Input Var Name |
  | [[input]]      |
-&gt; done: StudioTestFrameworkSteps.GivenIHaveWithInputsAs("WorkflowWithTests", &lt;table&gt;) (0.0s)
And "WorkflowWithTests" has outputs as
  --- table step argument ---
  | Ouput Var Name  |
  | [[outputValue]] |
-&gt; done: StudioTestFrameworkSteps.GivenHasOutputsAs("WorkflowWithTests", &lt;table&gt;) (0.2s)
And "WorkflowWithTests" Tests as
  --- table step argument ---
  | TestName | AuthenticationType | Error | TestFailing | TestPending | TestInvalid | TestPassed |
  | Test1    | Windows            | false | false       | false       | false       | true       |
  | Test2    | Windows            | false | true        | false       | false       | false      |
  | Test3    | Windows            | false | false       | false       | true        | false      |
  | Test4    | Windows            | false | false       | true        | false       | false      |
-&gt; done: StudioTestFrameworkSteps.GivenTestsAs("WorkflowWithTests", &lt;table&gt;) (0.1s)
Given I have a workflow "WebPostTestWF"
-&gt; done: WorkflowExecutionSteps.GivenIHaveAWorkflow("WebPostTestWF") (0.0s)
And "WebPostTestWF" contains a Web Post "testWebPost" result as "[[Response]]"
-&gt; done: WorkflowExecutionSteps.GivenContainsAWebPostResultAs("WebPostTestWF", "testWebPost", "[[Response]]") (0.1s)
And I save workflow "WebPostTestWF"
-&gt; done: WorkflowExecutionSteps.Save("WebPostTestWF") (0.2s)
Then the test builder is open with "WebPostTestWF"
-&gt; done: StudioTestFrameworkSteps.GivenTheTestBuilderIsOpenWith("WebPostTestWF") (0.0s)
And I click New Test
-&gt; done: StudioTestFrameworkSteps.WhenIClickNewTest() (0.0s)
And a new test is added
-&gt; done: StudioTestFrameworkSteps.ThenANewTestIsAdded() (0.0s)
And test name starts with "Test 1"
-&gt; done: StudioTestFrameworkSteps.ThenTestNameStartsWith("Test 1") (0.0s)
And I Add "testWebPost" as TestStep
-&gt; done: StudioTestFrameworkSteps.ThenIAddAsTestStep("testWebPost") (0.0s)
And I add StepOutputs as
  --- table step argument ---
  | Variable Name | Condition | Value |
  | [[Response]]  | =         |       |
-&gt; done: StudioTestFrameworkSteps.ThenIAddStepOutputsAs(&lt;table&gt;) (0.0s)
When I save
-&gt; done: StudioTestFrameworkSteps.WhenISave() (0.0s)
And I run the test
-&gt; done: StudioTestFrameworkSteps.WhenIRunTheTest() (0.1s)
Then test result is Passed
-&gt; done: StudioTestFrameworkSteps.ThenTestResultIsPassed() (0.0s)
When I delete "Test 1"
-&gt; done: StudioTestFrameworkSteps.WhenIDelete("Test 1") (0.0s)
Then The "DeleteConfirmation" popup is shown I click Ok
-&gt; done: StudioTestFrameworkSteps.ThenThePopupIsShownIClickOk("DeleteConfirmation") (0.0s)
Then workflow "WebPostTestWF" is deleted as cleanup
-&gt; done: WorkflowExecutionSteps.ThenWorkflowIsDeletedAsCleanup("WebPostTestWF") (0.0s)</StdOut>
      </Output>
    </UnitTestResult>
    <UnitTestResult executionId="29e508b4-0db8-4c9c-9ab7-bbcc0ac344f8" testId="f28921f2-625c-600f-f981-4a95c6708989" testName="TestWFWithWebPut" computerName="ASH" duration="00:00:01.2611087" startTime="2017-03-16T11:55:16.8762767+02:00" endTime="2017-03-16T11:55:18.1396881+02:00" testType="13cdc9d9-ddb5-4fa4-a97d-d965ccfc6d4b" outcome="Passed" testListId="8c84fa94-04c1-424b-9868-57a2d4851a1d" relativeResultsDirectory="29e508b4-0db8-4c9c-9ab7-bbcc0ac344f8">
      <Output>
        <StdOut>Given test folder is cleaned
-&gt; done: StudioTestFrameworkSteps.GivenTestFolderIsCleaned() (0.0s)
And I have "Workflow 1" with inputs as
  --- table step argument ---
  | Input Var Name |
  | [[a]]          |
-&gt; done: StudioTestFrameworkSteps.GivenIHaveWithInputsAs("Workflow 1", &lt;table&gt;) (0.0s)
And "Workflow 1" has outputs as
  --- table step argument ---
  | Ouput Var Name  |
  | [[outputValue]] |
-&gt; done: StudioTestFrameworkSteps.GivenHasOutputsAs("Workflow 1", &lt;table&gt;) (0.2s)
Given I have "Workflow 2" with inputs as
  --- table step argument ---
  | Input Var Name |
  | [[rec().a]]    |
  | [[rec().b]]    |
-&gt; done: StudioTestFrameworkSteps.GivenIHaveWithInputsAs("Workflow 2", &lt;table&gt;) (0.0s)
And "Workflow 2" has outputs as
  --- table step argument ---
  | Ouput Var Name |
  | [[returnVal]]  |
-&gt; done: StudioTestFrameworkSteps.GivenHasOutputsAs("Workflow 2", &lt;table&gt;) (0.1s)
Given I have "Workflow 3" with inputs as
  --- table step argument ---
  | Input Var Name |
  | [[A]]          |
  | [[B]]          |
  | [[C]]          |
-&gt; done: StudioTestFrameworkSteps.GivenIHaveWithInputsAs("Workflow 3", &lt;table&gt;) (0.0s)
And "Workflow 3" has outputs as
  --- table step argument ---
  | Ouput Var Name |
  | [[message]]    |
-&gt; done: StudioTestFrameworkSteps.GivenHasOutputsAs("Workflow 3", &lt;table&gt;) (0.2s)
Given I have "WorkflowWithTests" with inputs as
  --- table step argument ---
  | Input Var Name |
  | [[input]]      |
-&gt; done: StudioTestFrameworkSteps.GivenIHaveWithInputsAs("WorkflowWithTests", &lt;table&gt;) (0.0s)
And "WorkflowWithTests" has outputs as
  --- table step argument ---
  | Ouput Var Name  |
  | [[outputValue]] |
-&gt; done: StudioTestFrameworkSteps.GivenHasOutputsAs("WorkflowWithTests", &lt;table&gt;) (0.2s)
And "WorkflowWithTests" Tests as
  --- table step argument ---
  | TestName | AuthenticationType | Error | TestFailing | TestPending | TestInvalid | TestPassed |
  | Test1    | Windows            | false | false       | false       | false       | true       |
  | Test2    | Windows            | false | true        | false       | false       | false      |
  | Test3    | Windows            | false | false       | false       | true        | false      |
  | Test4    | Windows            | false | false       | true        | false       | false      |
-&gt; done: StudioTestFrameworkSteps.GivenTestsAs("WorkflowWithTests", &lt;table&gt;) (0.0s)
Given I have a workflow "WebPutTestWF"
-&gt; done: WorkflowExecutionSteps.GivenIHaveAWorkflow("WebPutTestWF") (0.0s)
And "WebPutTestWF" contains a Web Put "testWebPut" result as "[[Response]]"
-&gt; done: WorkflowExecutionSteps.GivenContainsAWebPutResultAs("WebPutTestWF", "testWebPut", "[[Response]]") (0.1s)
And I save workflow "WebPutTestWF"
-&gt; done: WorkflowExecutionSteps.Save("WebPutTestWF") (0.2s)
Then the test builder is open with "WebPutTestWF"
-&gt; done: StudioTestFrameworkSteps.GivenTheTestBuilderIsOpenWith("WebPutTestWF") (0.0s)
And I click New Test
-&gt; done: StudioTestFrameworkSteps.WhenIClickNewTest() (0.0s)
And a new test is added
-&gt; done: StudioTestFrameworkSteps.ThenANewTestIsAdded() (0.0s)
And test name starts with "Test 1"
-&gt; done: StudioTestFrameworkSteps.ThenTestNameStartsWith("Test 1") (0.0s)
And I Add "testWebPut" as TestStep
-&gt; done: StudioTestFrameworkSteps.ThenIAddAsTestStep("testWebPut") (0.0s)
And I add StepOutputs as
  --- table step argument ---
  | Variable Name | Condition | Value |
  | [[Response]]  | =         |       |
-&gt; done: StudioTestFrameworkSteps.ThenIAddStepOutputsAs(&lt;table&gt;) (0.0s)
When I save
-&gt; done: StudioTestFrameworkSteps.WhenISave() (0.0s)
And I run the test
-&gt; done: StudioTestFrameworkSteps.WhenIRunTheTest() (0.1s)
Then test result is Passed
-&gt; done: StudioTestFrameworkSteps.ThenTestResultIsPassed() (0.0s)
When I delete "Test 1"
-&gt; done: StudioTestFrameworkSteps.WhenIDelete("Test 1") (0.0s)
Then The "DeleteConfirmation" popup is shown I click Ok
-&gt; done: StudioTestFrameworkSteps.ThenThePopupIsShownIClickOk("DeleteConfirmation") (0.0s)
Then workflow "WebPutTestWF" is deleted as cleanup
-&gt; done: WorkflowExecutionSteps.ThenWorkflowIsDeletedAsCleanup("WebPutTestWF") (0.1s)</StdOut>
      </Output>
    </UnitTestResult>
    <UnitTestResult executionId="a5c375b7-0719-4b3c-997f-3f2e8b6d0d3d" testId="ef8acbde-6cb7-01ab-975f-83f03f018b7e" testName="TestWFWithWebRequest" computerName="ASH" duration="00:00:01.4724449" startTime="2017-03-16T11:55:18.1436872+02:00" endTime="2017-03-16T11:55:19.6185738+02:00" testType="13cdc9d9-ddb5-4fa4-a97d-d965ccfc6d4b" outcome="Passed" testListId="8c84fa94-04c1-424b-9868-57a2d4851a1d" relativeResultsDirectory="a5c375b7-0719-4b3c-997f-3f2e8b6d0d3d">
      <Output>
        <StdOut>Given test folder is cleaned
-&gt; done: StudioTestFrameworkSteps.GivenTestFolderIsCleaned() (0.1s)
And I have "Workflow 1" with inputs as
  --- table step argument ---
  | Input Var Name |
  | [[a]]          |
-&gt; done: StudioTestFrameworkSteps.GivenIHaveWithInputsAs("Workflow 1", &lt;table&gt;) (0.0s)
And "Workflow 1" has outputs as
  --- table step argument ---
  | Ouput Var Name  |
  | [[outputValue]] |
-&gt; done: StudioTestFrameworkSteps.GivenHasOutputsAs("Workflow 1", &lt;table&gt;) (0.5s)
Given I have "Workflow 2" with inputs as
  --- table step argument ---
  | Input Var Name |
  | [[rec().a]]    |
  | [[rec().b]]    |
-&gt; done: StudioTestFrameworkSteps.GivenIHaveWithInputsAs("Workflow 2", &lt;table&gt;) (0.0s)
And "Workflow 2" has outputs as
  --- table step argument ---
  | Ouput Var Name |
  | [[returnVal]]  |
-&gt; done: StudioTestFrameworkSteps.GivenHasOutputsAs("Workflow 2", &lt;table&gt;) (0.1s)
Given I have "Workflow 3" with inputs as
  --- table step argument ---
  | Input Var Name |
  | [[A]]          |
  | [[B]]          |
  | [[C]]          |
-&gt; done: StudioTestFrameworkSteps.GivenIHaveWithInputsAs("Workflow 3", &lt;table&gt;) (0.0s)
And "Workflow 3" has outputs as
  --- table step argument ---
  | Ouput Var Name |
  | [[message]]    |
-&gt; done: StudioTestFrameworkSteps.GivenHasOutputsAs("Workflow 3", &lt;table&gt;) (0.1s)
Given I have "WorkflowWithTests" with inputs as
  --- table step argument ---
  | Input Var Name |
  | [[input]]      |
-&gt; done: StudioTestFrameworkSteps.GivenIHaveWithInputsAs("WorkflowWithTests", &lt;table&gt;) (0.0s)
And "WorkflowWithTests" has outputs as
  --- table step argument ---
  | Ouput Var Name  |
  | [[outputValue]] |
-&gt; done: StudioTestFrameworkSteps.GivenHasOutputsAs("WorkflowWithTests", &lt;table&gt;) (0.2s)
And "WorkflowWithTests" Tests as
  --- table step argument ---
  | TestName | AuthenticationType | Error | TestFailing | TestPending | TestInvalid | TestPassed |
  | Test1    | Windows            | false | false       | false       | false       | true       |
  | Test2    | Windows            | false | true        | false       | false       | false      |
  | Test3    | Windows            | false | false       | false       | true        | false      |
  | Test4    | Windows            | false | false       | true        | false       | false      |
-&gt; done: StudioTestFrameworkSteps.GivenTestsAs("WorkflowWithTests", &lt;table&gt;) (0.0s)
Given I have a workflow "WebRequestTestWF"
-&gt; done: WorkflowExecutionSteps.GivenIHaveAWorkflow("WebRequestTestWF") (0.0s)
And "WebRequestTestWF" contains WebRequest "TestWebRequest" as
  --- table step argument ---
  | Result       | Url                                          |
  | "[[Result]]" | http://rsaklfsvrtfsbld:9810/api/products/Get |
-&gt; done: WorkflowExecutionSteps.GivenContainsWebRequestAs("WebRequestTestWF", "TestWebRequest", &lt;table&gt;) (0.0s)
And I save workflow "WebRequestTestWF"
-&gt; done: WorkflowExecutionSteps.Save("WebRequestTestWF") (0.2s)
Then the test builder is open with "WebRequestTestWF"
-&gt; done: StudioTestFrameworkSteps.GivenTheTestBuilderIsOpenWith("WebRequestTestWF") (0.0s)
And I click New Test
-&gt; done: StudioTestFrameworkSteps.WhenIClickNewTest() (0.0s)
And a new test is added
-&gt; done: StudioTestFrameworkSteps.ThenANewTestIsAdded() (0.0s)
And test name starts with "Test 1"
-&gt; done: StudioTestFrameworkSteps.ThenTestNameStartsWith("Test 1") (0.0s)
And I Add "TestWebRequest" as TestStep
-&gt; done: StudioTestFrameworkSteps.ThenIAddAsTestStep("TestWebRequest") (0.0s)
And I add StepOutputs as
  --- table step argument ---
  | Variable Name | Condition | Value                                                                                                                                                                                                                                                                                                                                                                                                            |
  | [[Result]]    | Contains  | [{"Id":1,"Name":"Television","Category":"Electronic","Price":82000.0},{"Id":2,"Name":"Refrigerator","Category":"Electronic","Price":23000.0},{"Id":3,"Name":"Mobiles","Category":"Electronic","Price":20000.0},{"Id":4,"Name":"Laptops","Category":"Electronic","Price":45000.0},{"Id":5,"Name":"iPads","Category":"Electronic","Price":67000.0},{"Id":6,"Name":"Toys","Category":"Gift Items","Price":15000.0}] |
-&gt; done: StudioTestFrameworkSteps.ThenIAddStepOutputsAs(&lt;table&gt;) (0.0s)
When I save
-&gt; done: StudioTestFrameworkSteps.WhenISave() (0.0s)
And I run the test
-&gt; done: StudioTestFrameworkSteps.WhenIRunTheTest() (0.1s)
Then test result is Passed
-&gt; done: StudioTestFrameworkSteps.ThenTestResultIsPassed() (0.0s)
When I delete "Test 1"
-&gt; done: StudioTestFrameworkSteps.WhenIDelete("Test 1") (0.0s)
Then The "DeleteConfirmation" popup is shown I click Ok
-&gt; done: StudioTestFrameworkSteps.ThenThePopupIsShownIClickOk("DeleteConfirmation") (0.0s)
Then workflow "WebRequestTestWF" is deleted as cleanup
-&gt; done: WorkflowExecutionSteps.ThenWorkflowIsDeletedAsCleanup("WebRequestTestWF") (0.0s)</StdOut>
      </Output>
    </UnitTestResult>
    <UnitTestResult executionId="44de032f-ab32-4913-a6e0-ae05aa21c19a" testId="934d7688-a5a0-e549-e852-6734b93cfdbf" testName="TestWFWithXpath" computerName="ASH" duration="00:00:02.6293215" startTime="2017-03-16T11:55:19.6225730+02:00" endTime="2017-03-16T11:55:22.2537987+02:00" testType="13cdc9d9-ddb5-4fa4-a97d-d965ccfc6d4b" outcome="Passed" testListId="8c84fa94-04c1-424b-9868-57a2d4851a1d" relativeResultsDirectory="44de032f-ab32-4913-a6e0-ae05aa21c19a">
      <Output>
        <StdOut>Given test folder is cleaned
-&gt; done: StudioTestFrameworkSteps.GivenTestFolderIsCleaned() (0.0s)
And I have "Workflow 1" with inputs as
  --- table step argument ---
  | Input Var Name |
  | [[a]]          |
-&gt; done: StudioTestFrameworkSteps.GivenIHaveWithInputsAs("Workflow 1", &lt;table&gt;) (0.0s)
And "Workflow 1" has outputs as
  --- table step argument ---
  | Ouput Var Name  |
  | [[outputValue]] |
-&gt; done: StudioTestFrameworkSteps.GivenHasOutputsAs("Workflow 1", &lt;table&gt;) (0.1s)
Given I have "Workflow 2" with inputs as
  --- table step argument ---
  | Input Var Name |
  | [[rec().a]]    |
  | [[rec().b]]    |
-&gt; done: StudioTestFrameworkSteps.GivenIHaveWithInputsAs("Workflow 2", &lt;table&gt;) (0.0s)
And "Workflow 2" has outputs as
  --- table step argument ---
  | Ouput Var Name |
  | [[returnVal]]  |
-&gt; done: StudioTestFrameworkSteps.GivenHasOutputsAs("Workflow 2", &lt;table&gt;) (0.1s)
Given I have "Workflow 3" with inputs as
  --- table step argument ---
  | Input Var Name |
  | [[A]]          |
  | [[B]]          |
  | [[C]]          |
-&gt; done: StudioTestFrameworkSteps.GivenIHaveWithInputsAs("Workflow 3", &lt;table&gt;) (0.0s)
And "Workflow 3" has outputs as
  --- table step argument ---
  | Ouput Var Name |
  | [[message]]    |
-&gt; done: StudioTestFrameworkSteps.GivenHasOutputsAs("Workflow 3", &lt;table&gt;) (0.1s)
Given I have "WorkflowWithTests" with inputs as
  --- table step argument ---
  | Input Var Name |
  | [[input]]      |
-&gt; done: StudioTestFrameworkSteps.GivenIHaveWithInputsAs("WorkflowWithTests", &lt;table&gt;) (0.0s)
And "WorkflowWithTests" has outputs as
  --- table step argument ---
  | Ouput Var Name  |
  | [[outputValue]] |
-&gt; done: StudioTestFrameworkSteps.GivenHasOutputsAs("WorkflowWithTests", &lt;table&gt;) (0.2s)
And "WorkflowWithTests" Tests as
  --- table step argument ---
  | TestName | AuthenticationType | Error | TestFailing | TestPending | TestInvalid | TestPassed |
  | Test1    | Windows            | false | false       | false       | false       | true       |
  | Test2    | Windows            | false | true        | false       | false       | false      |
  | Test3    | Windows            | false | false       | false       | true        | false      |
  | Test4    | Windows            | false | false       | true        | false       | false      |
-&gt; done: StudioTestFrameworkSteps.GivenTestsAs("WorkflowWithTests", &lt;table&gt;) (0.0s)
Given I have a workflow "XPathTestWF"
-&gt; done: WorkflowExecutionSteps.GivenIHaveAWorkflow("XPathTestWF") (0.0s)
And "XPathTestWF" contains XPath \"XPathTest" with source "//XPATH-EXAMPLE/CUSTOMER[@id='2' or @type='C']/text()"
-&gt; done: WorkflowExecutionSteps.GivenContainsXPathWithResultAs("XPathTestWF", "XPathTest", "//XPATH-EXAMPLE/C...") (0.0s)
And I save workflow "XPathTestWF"
-&gt; done: WorkflowExecutionSteps.Save("XPathTestWF") (0.2s)
Then the test builder is open with "XPathTestWF"
-&gt; done: StudioTestFrameworkSteps.GivenTheTestBuilderIsOpenWith("XPathTestWF") (0.0s)
And I click New Test
-&gt; done: StudioTestFrameworkSteps.WhenIClickNewTest() (0.0s)
And a new test is added
-&gt; done: StudioTestFrameworkSteps.ThenANewTestIsAdded() (0.0s)
And test name starts with "Test 1"
-&gt; done: StudioTestFrameworkSteps.ThenTestNameStartsWith("Test 1") (0.0s)
And I Add "XPathTest" as TestStep
-&gt; done: StudioTestFrameworkSteps.ThenIAddAsTestStep("XPathTest") (0.0s)
And I add StepOutputs as
  --- table step argument ---
  | Variable Name   | Condition | Value        |
  | [[singleValue]] | =         | Mr.  Johnson |
-&gt; done: StudioTestFrameworkSteps.ThenIAddStepOutputsAs(&lt;table&gt;) (0.0s)
When I save
-&gt; done: StudioTestFrameworkSteps.WhenISave() (0.0s)
And I run the test
-&gt; done: StudioTestFrameworkSteps.WhenIRunTheTest() (1.5s)
Then test result is Passed
-&gt; done: StudioTestFrameworkSteps.ThenTestResultIsPassed() (0.0s)
When I delete "Test 1"
-&gt; done: StudioTestFrameworkSteps.WhenIDelete("Test 1") (0.0s)
Then The "DeleteConfirmation" popup is shown I click Ok
-&gt; done: StudioTestFrameworkSteps.ThenThePopupIsShownIClickOk("DeleteConfirmation") (0.0s)
Then workflow "XPathTestWF" is deleted as cleanup
-&gt; done: WorkflowExecutionSteps.ThenWorkflowIsDeletedAsCleanup("XPathTestWF") (0.1s)</StdOut>
      </Output>
    </UnitTestResult>
    <UnitTestResult executionId="6d0701ea-f64f-49b0-9260-85413e1fdbd4" testId="8eb6a0a3-f8da-d519-82fb-b6760f249cc7" testName="TestWFWithZipFile" computerName="ASH" duration="00:00:01.4051723" startTime="2017-03-16T11:55:22.2588002+02:00" endTime="2017-03-16T11:55:23.6658567+02:00" testType="13cdc9d9-ddb5-4fa4-a97d-d965ccfc6d4b" outcome="Passed" testListId="8c84fa94-04c1-424b-9868-57a2d4851a1d" relativeResultsDirectory="6d0701ea-f64f-49b0-9260-85413e1fdbd4">
      <Output>
        <StdOut>Given test folder is cleaned
-&gt; done: StudioTestFrameworkSteps.GivenTestFolderIsCleaned() (0.0s)
And I have "Workflow 1" with inputs as
  --- table step argument ---
  | Input Var Name |
  | [[a]]          |
-&gt; done: StudioTestFrameworkSteps.GivenIHaveWithInputsAs("Workflow 1", &lt;table&gt;) (0.0s)
And "Workflow 1" has outputs as
  --- table step argument ---
  | Ouput Var Name  |
  | [[outputValue]] |
-&gt; done: StudioTestFrameworkSteps.GivenHasOutputsAs("Workflow 1", &lt;table&gt;) (0.2s)
Given I have "Workflow 2" with inputs as
  --- table step argument ---
  | Input Var Name |
  | [[rec().a]]    |
  | [[rec().b]]    |
-&gt; done: StudioTestFrameworkSteps.GivenIHaveWithInputsAs("Workflow 2", &lt;table&gt;) (0.0s)
And "Workflow 2" has outputs as
  --- table step argument ---
  | Ouput Var Name |
  | [[returnVal]]  |
-&gt; done: StudioTestFrameworkSteps.GivenHasOutputsAs("Workflow 2", &lt;table&gt;) (0.2s)
Given I have "Workflow 3" with inputs as
  --- table step argument ---
  | Input Var Name |
  | [[A]]          |
  | [[B]]          |
  | [[C]]          |
-&gt; done: StudioTestFrameworkSteps.GivenIHaveWithInputsAs("Workflow 3", &lt;table&gt;) (0.0s)
And "Workflow 3" has outputs as
  --- table step argument ---
  | Ouput Var Name |
  | [[message]]    |
-&gt; done: StudioTestFrameworkSteps.GivenHasOutputsAs("Workflow 3", &lt;table&gt;) (0.2s)
Given I have "WorkflowWithTests" with inputs as
  --- table step argument ---
  | Input Var Name |
  | [[input]]      |
-&gt; done: StudioTestFrameworkSteps.GivenIHaveWithInputsAs("WorkflowWithTests", &lt;table&gt;) (0.0s)
And "WorkflowWithTests" has outputs as
  --- table step argument ---
  | Ouput Var Name  |
  | [[outputValue]] |
-&gt; done: StudioTestFrameworkSteps.GivenHasOutputsAs("WorkflowWithTests", &lt;table&gt;) (0.2s)
And "WorkflowWithTests" Tests as
  --- table step argument ---
  | TestName | AuthenticationType | Error | TestFailing | TestPending | TestInvalid | TestPassed |
  | Test1    | Windows            | false | false       | false       | false       | true       |
  | Test2    | Windows            | false | true        | false       | false       | false      |
  | Test3    | Windows            | false | false       | false       | true        | false      |
  | Test4    | Windows            | false | false       | true        | false       | false      |
-&gt; done: StudioTestFrameworkSteps.GivenTestsAs("WorkflowWithTests", &lt;table&gt;) (0.1s)
Given I have a workflow "ZipFileTestWF"
-&gt; done: WorkflowExecutionSteps.GivenIHaveAWorkflow("ZipFileTestWF") (0.0s)
And "ZipFileTestWF" contains an Create "Create1" as
  --- table step argument ---
  | File or Folder                                  | If it exits | Username | Password | Result   |
  | C:\ProgramData\Warewolf\Resources\FileToZip.txt | True        |          |          | [[res1]] |
-&gt; done: WorkflowExecutionSteps.GivenContainsAnCreateAs("ZipFileTestWF", "Create1", &lt;table&gt;) (0.0s)
And "ZipFileTestWF" contains an Zip "ZipFile" as
  --- table step argument ---
  | File or Folder                                  | Destination                                  | If it exits | Username | Password | Result     | Folders |
  | C:\ProgramData\Warewolf\Resources\FileToZip.txt | C:\ProgramData\Warewolf\Resources\Zipped.txt | True        |          |          | [[result]] | True    |
-&gt; done: WorkflowExecutionSteps.GivenContainsAnZipAs("ZipFileTestWF", "ZipFile", &lt;table&gt;) (0.0s)
And I save workflow "ZipFileTestWF"
-&gt; done: WorkflowExecutionSteps.Save("ZipFileTestWF") (0.2s)
Then the test builder is open with "ZipFileTestWF"
-&gt; done: StudioTestFrameworkSteps.GivenTheTestBuilderIsOpenWith("ZipFileTestWF") (0.0s)
And I click New Test
-&gt; done: StudioTestFrameworkSteps.WhenIClickNewTest() (0.0s)
And a new test is added
-&gt; done: StudioTestFrameworkSteps.ThenANewTestIsAdded() (0.0s)
And test name starts with "Test 1"
-&gt; done: StudioTestFrameworkSteps.ThenTestNameStartsWith("Test 1") (0.0s)
And I Add "ZipFile" as TestStep
-&gt; done: StudioTestFrameworkSteps.ThenIAddAsTestStep("ZipFile") (0.0s)
And I add StepOutputs as
  --- table step argument ---
  | Variable Name | Condition | Value   |
  | [[result]]    | =         | Success |
-&gt; done: StudioTestFrameworkSteps.ThenIAddStepOutputsAs(&lt;table&gt;) (0.0s)
When I save
-&gt; done: StudioTestFrameworkSteps.WhenISave() (0.0s)
And I run the test
-&gt; done: StudioTestFrameworkSteps.WhenIRunTheTest() (0.1s)
Then test result is Passed
-&gt; done: StudioTestFrameworkSteps.ThenTestResultIsPassed() (0.0s)
When I delete "Test 1"
-&gt; done: StudioTestFrameworkSteps.WhenIDelete("Test 1") (0.0s)
Then The "DeleteConfirmation" popup is shown I click Ok
-&gt; done: StudioTestFrameworkSteps.ThenThePopupIsShownIClickOk("DeleteConfirmation") (0.0s)
Then workflow "ZipFileTestWF" is deleted as cleanup
-&gt; done: WorkflowExecutionSteps.ThenWorkflowIsDeletedAsCleanup("ZipFileTestWF") (0.1s)</StdOut>
      </Output>
    </UnitTestResult>
    <UnitTestResult executionId="fc0fdfc8-ce21-41d6-82dc-df0262d9ae59" testId="0dfc2b42-0190-0e70-0fb3-168eae4d0638" testName="InsertForAllFilterTypeAndCalculateProvider_1" computerName="ASH" duration="00:00:00.6219066" startTime="2017-03-16T11:55:23.6733572+02:00" endTime="2017-03-16T11:55:24.5682107+02:00" testType="13cdc9d9-ddb5-4fa4-a97d-d965ccfc6d4b" outcome="Passed" testListId="8c84fa94-04c1-424b-9868-57a2d4851a1d" relativeResultsDirectory="fc0fdfc8-ce21-41d6-82dc-df0262d9ae59">
      <Output>
        <StdOut>Given I have the following variable list '&lt;att/&gt;&lt;sum&gt;&lt;b/&gt;&lt;/sum&gt;'
-&gt; done: IntellisenseProviderSteps.GivenIHaveTheFollowingVariableList("&lt;att/&gt;&lt;sum&gt;&lt;b/&gt;&lt;/...") (0.4s)
And the filter type is 'All'
-&gt; done: IntellisenseProviderSteps.GivenTheFilterTypeIs("All") (0.0s)
And the current text in the textbox is 'at'
-&gt; done: IntellisenseProviderSteps.GivenTheCurrentTextInTheTextboxIs("at") (0.0s)
And the cursor is at index '2'
-&gt; done: IntellisenseProviderSteps.GivenTheCursorIsAtIndex(2) (0.0s)
And the provider used is 'Default, Calculate'
-&gt; done: IntellisenseProviderSteps.GivenTheProviderUsedIs("Default, Calculate") (0.1s)
And the drop down list as '[[att]],atan,atan2,atanh'
-&gt; done: IntellisenseProviderSteps.GivenTheDropDownListAs("[[att]],atan,atan...") (0.1s)
When I select the following option 'atan'
-&gt; done: IntellisenseProviderSteps.WhenISelectTheFollowingOption("atan") (0.0s)
Then the result text should be 'atan'
-&gt; done: IntellisenseProviderSteps.ThenTheResultTextShouldBe("atan") (0.0s)
And the caret position will be '4'
-&gt; done: IntellisenseProviderSteps.ThenTheCaretPositionWillBe(4) (0.0s)</StdOut>
      </Output>
    </UnitTestResult>
    <UnitTestResult executionId="4e4132be-c56f-4737-a8ba-6b2d5fbaa6ef" testId="cbdf00f1-3616-196b-18ec-2b582b895aee" testName="InsertForAllFilterTypeAndCalculateProvider_2" computerName="ASH" duration="00:00:00.0090364" startTime="2017-03-16T11:55:24.5742159+02:00" endTime="2017-03-16T11:55:24.5847155+02:00" testType="13cdc9d9-ddb5-4fa4-a97d-d965ccfc6d4b" outcome="Passed" testListId="8c84fa94-04c1-424b-9868-57a2d4851a1d" relativeResultsDirectory="4e4132be-c56f-4737-a8ba-6b2d5fbaa6ef">
      <Output>
        <StdOut>Given I have the following variable list '&lt;att/&gt;&lt;sum&gt;&lt;b/&gt;&lt;/sum&gt;'
-&gt; done: IntellisenseProviderSteps.GivenIHaveTheFollowingVariableList("&lt;att/&gt;&lt;sum&gt;&lt;b/&gt;&lt;/...") (0.0s)
And the filter type is 'All'
-&gt; done: IntellisenseProviderSteps.GivenTheFilterTypeIs("All") (0.0s)
And the current text in the textbox is 'tan(at'
-&gt; done: IntellisenseProviderSteps.GivenTheCurrentTextInTheTextboxIs("tan(at") (0.0s)
And the cursor is at index '6'
-&gt; done: IntellisenseProviderSteps.GivenTheCursorIsAtIndex(6) (0.0s)
And the provider used is 'Default, Calculate'
-&gt; done: IntellisenseProviderSteps.GivenTheProviderUsedIs("Default, Calculate") (0.0s)
And the drop down list as '[[att]],atan,atan2,atanh'
-&gt; done: IntellisenseProviderSteps.GivenTheDropDownListAs("[[att]],atan,atan...") (0.0s)
When I select the following option '[[att]]'
-&gt; done: IntellisenseProviderSteps.WhenISelectTheFollowingOption("[[att]]") (0.0s)
Then the result text should be 'tan([[att]]'
-&gt; done: IntellisenseProviderSteps.ThenTheResultTextShouldBe("tan([[att]]") (0.0s)
And the caret position will be '11'
-&gt; done: IntellisenseProviderSteps.ThenTheCaretPositionWillBe(11) (0.0s)</StdOut>
      </Output>
    </UnitTestResult>
    <UnitTestResult executionId="96928eb6-8904-4a6e-b7a7-38a10d021a76" testId="dfa5b666-44bc-fb85-9c82-bdfe10cae7f4" testName="InsertForAllFilterTypeAndCalculateProvider_3" computerName="ASH" duration="00:00:00.0420956" startTime="2017-03-16T11:55:24.5892217+02:00" endTime="2017-03-16T11:55:24.6322181+02:00" testType="13cdc9d9-ddb5-4fa4-a97d-d965ccfc6d4b" outcome="Passed" testListId="8c84fa94-04c1-424b-9868-57a2d4851a1d" relativeResultsDirectory="96928eb6-8904-4a6e-b7a7-38a10d021a76">
      <Output>
        <StdOut>Given I have the following variable list '&lt;att/&gt;&lt;sum&gt;&lt;b/&gt;&lt;/sum&gt;'
-&gt; done: IntellisenseProviderSteps.GivenIHaveTheFollowingVariableList("&lt;att/&gt;&lt;sum&gt;&lt;b/&gt;&lt;/...") (0.0s)
And the filter type is 'All'
-&gt; done: IntellisenseProviderSteps.GivenTheFilterTypeIs("All") (0.0s)
And the current text in the textbox is 'tan([[at'
-&gt; done: IntellisenseProviderSteps.GivenTheCurrentTextInTheTextboxIs("tan([[at") (0.0s)
And the cursor is at index '8'
-&gt; done: IntellisenseProviderSteps.GivenTheCursorIsAtIndex(8) (0.0s)
And the provider used is 'Default, Calculate'
-&gt; done: IntellisenseProviderSteps.GivenTheProviderUsedIs("Default, Calculate") (0.0s)
And the drop down list as '[[att]]'
-&gt; done: IntellisenseProviderSteps.GivenTheDropDownListAs("[[att]]") (0.0s)
When I select the following option '[[att]]'
-&gt; done: IntellisenseProviderSteps.WhenISelectTheFollowingOption("[[att]]") (0.0s)
Then the result text should be 'tan([[att]]'
-&gt; done: IntellisenseProviderSteps.ThenTheResultTextShouldBe("tan([[att]]") (0.0s)
And the caret position will be '11'
-&gt; done: IntellisenseProviderSteps.ThenTheCaretPositionWillBe(11) (0.0s)</StdOut>
      </Output>
    </UnitTestResult>
    <UnitTestResult executionId="2e5394e1-1086-4ffb-8e5e-00adaa273bf0" testId="958d3bb1-2692-29a8-2258-6fc8be6e2b68" testName="InsertForAllFilterTypeAndCalculateProvider_4" computerName="ASH" duration="00:00:00.0111513" startTime="2017-03-16T11:55:24.6362202+02:00" endTime="2017-03-16T11:55:24.6492179+02:00" testType="13cdc9d9-ddb5-4fa4-a97d-d965ccfc6d4b" outcome="Passed" testListId="8c84fa94-04c1-424b-9868-57a2d4851a1d" relativeResultsDirectory="2e5394e1-1086-4ffb-8e5e-00adaa273bf0">
      <Output>
        <StdOut>Given I have the following variable list '&lt;att/&gt;&lt;sum&gt;&lt;b/&gt;&lt;/sum&gt;'
-&gt; done: IntellisenseProviderSteps.GivenIHaveTheFollowingVariableList("&lt;att/&gt;&lt;sum&gt;&lt;b/&gt;&lt;/...") (0.0s)
And the filter type is 'All'
-&gt; done: IntellisenseProviderSteps.GivenTheFilterTypeIs("All") (0.0s)
And the current text in the textbox is 'tan([[at]]'
-&gt; done: IntellisenseProviderSteps.GivenTheCurrentTextInTheTextboxIs("tan([[at]]") (0.0s)
And the cursor is at index '8'
-&gt; done: IntellisenseProviderSteps.GivenTheCursorIsAtIndex(8) (0.0s)
And the provider used is 'Default, Calculate'
-&gt; done: IntellisenseProviderSteps.GivenTheProviderUsedIs("Default, Calculate") (0.0s)
And the drop down list as '[[att]]'
-&gt; done: IntellisenseProviderSteps.GivenTheDropDownListAs("[[att]]") (0.0s)
When I select the following option '[[att]]'
-&gt; done: IntellisenseProviderSteps.WhenISelectTheFollowingOption("[[att]]") (0.0s)
Then the result text should be 'tan([[att]]'
-&gt; done: IntellisenseProviderSteps.ThenTheResultTextShouldBe("tan([[att]]") (0.0s)
And the caret position will be '11'
-&gt; done: IntellisenseProviderSteps.ThenTheCaretPositionWillBe(11) (0.0s)</StdOut>
      </Output>
    </UnitTestResult>
    <UnitTestResult executionId="886b2396-ece0-4c0e-ac7f-eee7f7bc5f69" testId="05bf121b-8a79-6502-2f74-2f2f942a8580" testName="InsertForAllFilterTypeAndCalculateProvider_5" computerName="ASH" duration="00:00:00.0042043" startTime="2017-03-16T11:55:24.6532176+02:00" endTime="2017-03-16T11:55:24.6592167+02:00" testType="13cdc9d9-ddb5-4fa4-a97d-d965ccfc6d4b" outcome="Passed" testListId="8c84fa94-04c1-424b-9868-57a2d4851a1d" relativeResultsDirectory="886b2396-ece0-4c0e-ac7f-eee7f7bc5f69">
      <Output>
        <StdOut>Given I have the following variable list '&lt;att/&gt;&lt;sum&gt;&lt;b/&gt;&lt;/sum&gt;'
-&gt; done: IntellisenseProviderSteps.GivenIHaveTheFollowingVariableList("&lt;att/&gt;&lt;sum&gt;&lt;b/&gt;&lt;/...") (0.0s)
And the filter type is 'All'
-&gt; done: IntellisenseProviderSteps.GivenTheFilterTypeIs("All") (0.0s)
And the current text in the textbox is 'tan([[at]])'
-&gt; done: IntellisenseProviderSteps.GivenTheCurrentTextInTheTextboxIs("tan([[at]])") (0.0s)
And the cursor is at index '8'
-&gt; done: IntellisenseProviderSteps.GivenTheCursorIsAtIndex(8) (0.0s)
And the provider used is 'Default, Calculate'
-&gt; done: IntellisenseProviderSteps.GivenTheProviderUsedIs("Default, Calculate") (0.0s)
And the drop down list as '[[att]]'
-&gt; done: IntellisenseProviderSteps.GivenTheDropDownListAs("[[att]]") (0.0s)
When I select the following option '[[att]]'
-&gt; done: IntellisenseProviderSteps.WhenISelectTheFollowingOption("[[att]]") (0.0s)
Then the result text should be 'tan([[att]])'
-&gt; done: IntellisenseProviderSteps.ThenTheResultTextShouldBe("tan([[att]])") (0.0s)
And the caret position will be '11'
-&gt; done: IntellisenseProviderSteps.ThenTheCaretPositionWillBe(11) (0.0s)</StdOut>
      </Output>
    </UnitTestResult>
    <UnitTestResult executionId="1739e09d-27ec-46ba-9d85-ead0693bebc7" testId="6e41fe82-b780-e4fc-dd8c-a460490889b0" testName="InsertForAllFilterTypeAndCalculateProvider_6" computerName="ASH" duration="00:00:00.0040603" startTime="2017-03-16T11:55:24.6632171+02:00" endTime="2017-03-16T11:55:24.6702162+02:00" testType="13cdc9d9-ddb5-4fa4-a97d-d965ccfc6d4b" outcome="Passed" testListId="8c84fa94-04c1-424b-9868-57a2d4851a1d" relativeResultsDirectory="1739e09d-27ec-46ba-9d85-ead0693bebc7">
      <Output>
        <StdOut>Given I have the following variable list '&lt;att/&gt;&lt;sum&gt;&lt;b/&gt;&lt;/sum&gt;'
-&gt; done: IntellisenseProviderSteps.GivenIHaveTheFollowingVariableList("&lt;att/&gt;&lt;sum&gt;&lt;b/&gt;&lt;/...") (0.0s)
And the filter type is 'All'
-&gt; done: IntellisenseProviderSteps.GivenTheFilterTypeIs("All") (0.0s)
And the current text in the textbox is 'tan([[at]])'
-&gt; done: IntellisenseProviderSteps.GivenTheCurrentTextInTheTextboxIs("tan([[at]])") (0.0s)
And the cursor is at index '11'
-&gt; done: IntellisenseProviderSteps.GivenTheCursorIsAtIndex(11) (0.0s)
And the provider used is 'Default, Calculate'
-&gt; done: IntellisenseProviderSteps.GivenTheProviderUsedIs("Default, Calculate") (0.0s)
And the drop down list as ''
-&gt; done: IntellisenseProviderSteps.GivenTheDropDownListAs("") (0.0s)
When I select the following option ''
-&gt; done: IntellisenseProviderSteps.WhenISelectTheFollowingOption("") (0.0s)
Then the result text should be 'tan([[at]])'
-&gt; done: IntellisenseProviderSteps.ThenTheResultTextShouldBe("tan([[at]])") (0.0s)
And the caret position will be '11'
-&gt; done: IntellisenseProviderSteps.ThenTheCaretPositionWillBe(11) (0.0s)</StdOut>
      </Output>
    </UnitTestResult>
    <UnitTestResult executionId="bc2df52c-f787-4939-9c94-56fd2a3ac591" testId="a62898d9-8f94-1004-ca48-bdb836a00a05" testName="InsertForAllFilterTypeAndCalculateProvider_7" computerName="ASH" duration="00:00:00.0058068" startTime="2017-03-16T11:55:24.6742226+02:00" endTime="2017-03-16T11:55:24.6817219+02:00" testType="13cdc9d9-ddb5-4fa4-a97d-d965ccfc6d4b" outcome="Passed" testListId="8c84fa94-04c1-424b-9868-57a2d4851a1d" relativeResultsDirectory="bc2df52c-f787-4939-9c94-56fd2a3ac591">
      <Output>
        <StdOut>Given I have the following variable list '&lt;a/&gt;&lt;b/&gt;&lt;c/&gt;'
-&gt; done: IntellisenseProviderSteps.GivenIHaveTheFollowingVariableList("&lt;a/&gt;&lt;b/&gt;&lt;c/&gt;") (0.0s)
And the filter type is 'All'
-&gt; done: IntellisenseProviderSteps.GivenTheFilterTypeIs("All") (0.0s)
And the current text in the textbox is '=[[b]]+b'
-&gt; done: IntellisenseProviderSteps.GivenTheCurrentTextInTheTextboxIs("=[[b]]+b") (0.0s)
And the cursor is at index '8'
-&gt; done: IntellisenseProviderSteps.GivenTheCursorIsAtIndex(8) (0.0s)
And the provider used is 'Default, Calculate'
-&gt; done: IntellisenseProviderSteps.GivenTheProviderUsedIs("Default, Calculate") (0.0s)
And the drop down list as '[[b]],bin2dec,bin2hex,bin2oct'
-&gt; done: IntellisenseProviderSteps.GivenTheDropDownListAs("[[b]],bin2dec,bin...") (0.0s)
When I select the following option '[[b]]'
-&gt; done: IntellisenseProviderSteps.WhenISelectTheFollowingOption("[[b]]") (0.0s)
Then the result text should be '=[[b]]+[[b]]'
-&gt; done: IntellisenseProviderSteps.ThenTheResultTextShouldBe("=[[b]]+[[b]]") (0.0s)
And the caret position will be '12'
-&gt; done: IntellisenseProviderSteps.ThenTheCaretPositionWillBe(12) (0.0s)</StdOut>
      </Output>
    </UnitTestResult>
    <UnitTestResult executionId="dfee9b53-3204-4d90-bcf9-102e357698c2" testId="a841a69e-d4f5-c397-a237-c245f7952c3d" testName="InsertForAllFilterTypeAndCalculateProvider_8" computerName="ASH" duration="00:00:00.0041617" startTime="2017-03-16T11:55:24.6857210+02:00" endTime="2017-03-16T11:55:24.6912266+02:00" testType="13cdc9d9-ddb5-4fa4-a97d-d965ccfc6d4b" outcome="Passed" testListId="8c84fa94-04c1-424b-9868-57a2d4851a1d" relativeResultsDirectory="dfee9b53-3204-4d90-bcf9-102e357698c2">
      <Output>
        <StdOut>Given I have the following variable list '&lt;a/&gt;&lt;att/&gt;&lt;sum&gt;&lt;b/&gt;&lt;/sum&gt;'
-&gt; done: IntellisenseProviderSteps.GivenIHaveTheFollowingVariableList("&lt;a/&gt;&lt;att/&gt;&lt;sum&gt;&lt;b...") (0.0s)
And the filter type is 'All'
-&gt; done: IntellisenseProviderSteps.GivenTheFilterTypeIs("All") (0.0s)
And the current text in the textbox is 'tan([[at]]) tan([[a]])'
-&gt; done: IntellisenseProviderSteps.GivenTheCurrentTextInTheTextboxIs("tan([[at]]) tan([...") (0.0s)
And the cursor is at index '8'
-&gt; done: IntellisenseProviderSteps.GivenTheCursorIsAtIndex(8) (0.0s)
And the provider used is 'Default, Calculate'
-&gt; done: IntellisenseProviderSteps.GivenTheProviderUsedIs("Default, Calculate") (0.0s)
And the drop down list as '[[att]]'
-&gt; done: IntellisenseProviderSteps.GivenTheDropDownListAs("[[att]]") (0.0s)
When I select the following option '[[att]]'
-&gt; done: IntellisenseProviderSteps.WhenISelectTheFollowingOption("[[att]]") (0.0s)
Then the result text should be 'tan([[att]]) tan([[a]])'
-&gt; done: IntellisenseProviderSteps.ThenTheResultTextShouldBe("tan([[att]]) tan(...") (0.0s)
And the caret position will be '11'
-&gt; done: IntellisenseProviderSteps.ThenTheCaretPositionWillBe(11) (0.0s)</StdOut>
      </Output>
    </UnitTestResult>
    <UnitTestResult executionId="2aaab956-6e8a-40b6-ba15-1d07d4859615" testId="a9d1a851-8109-be69-d125-e5b92f2e9cf8" testName="InsertForAllFilterTypeAndDateTimeProvider_1" computerName="ASH" duration="00:00:00.1336852" startTime="2017-03-16T11:55:24.6952272+02:00" endTime="2017-03-16T11:55:24.8312339+02:00" testType="13cdc9d9-ddb5-4fa4-a97d-d965ccfc6d4b" outcome="Passed" testListId="8c84fa94-04c1-424b-9868-57a2d4851a1d" relativeResultsDirectory="2aaab956-6e8a-40b6-ba15-1d07d4859615">
      <Output>
        <StdOut>Given I have the following variable list '&lt;var/&gt;&lt;var2/&gt;&lt;rec&gt;&lt;var/&gt;&lt;/rec&gt;'
-&gt; done: IntellisenseProviderSteps.GivenIHaveTheFollowingVariableList("&lt;var/&gt;&lt;var2/&gt;&lt;rec...") (0.0s)
And the filter type is 'All'
-&gt; done: IntellisenseProviderSteps.GivenTheFilterTypeIs("All") (0.0s)
And the current text in the textbox is 'a'
-&gt; done: IntellisenseProviderSteps.GivenTheCurrentTextInTheTextboxIs("a") (0.0s)
And the cursor is at index '1'
-&gt; done: IntellisenseProviderSteps.GivenTheCursorIsAtIndex(1) (0.0s)
And the provider used is 'Default, DateTime'
-&gt; done: IntellisenseProviderSteps.GivenTheProviderUsedIs("Default, DateTime") (0.1s)
And the drop down list as '[[rec(*).var]],[[rec().var]],[[var]],[[var2]],am/pm'
-&gt; done: IntellisenseProviderSteps.GivenTheDropDownListAs("[[rec(*).var]],[[...") (0.0s)
When I select the following option 'am/pm'
-&gt; done: IntellisenseProviderSteps.WhenISelectTheFollowingOption("am/pm") (0.0s)
Then the result text should be 'am/pm'
-&gt; done: IntellisenseProviderSteps.ThenTheResultTextShouldBe("am/pm") (0.0s)
And the caret position will be '5'
-&gt; done: IntellisenseProviderSteps.ThenTheCaretPositionWillBe(5) (0.0s)</StdOut>
      </Output>
    </UnitTestResult>
    <UnitTestResult executionId="935c166b-beb9-4aa8-9b53-b94a2133afea" testId="7b5bbfba-e49d-01db-2de8-5f8403e2d0a3" testName="InsertForAllFilterTypeAndDateTimeProvider_2" computerName="ASH" duration="00:00:00.0036135" startTime="2017-03-16T11:55:24.8352321+02:00" endTime="2017-03-16T11:55:24.8412321+02:00" testType="13cdc9d9-ddb5-4fa4-a97d-d965ccfc6d4b" outcome="Passed" testListId="8c84fa94-04c1-424b-9868-57a2d4851a1d" relativeResultsDirectory="935c166b-beb9-4aa8-9b53-b94a2133afea">
      <Output>
        <StdOut>Given I have the following variable list '&lt;ww/&gt;&lt;min/&gt;&lt;rec&gt;&lt;minss/&gt;&lt;/rec&gt;'
-&gt; done: IntellisenseProviderSteps.GivenIHaveTheFollowingVariableList("&lt;ww/&gt;&lt;min/&gt;&lt;rec&gt;&lt;...") (0.0s)
And the filter type is 'All'
-&gt; done: IntellisenseProviderSteps.GivenTheFilterTypeIs("All") (0.0s)
And the current text in the textbox is 'm'
-&gt; done: IntellisenseProviderSteps.GivenTheCurrentTextInTheTextboxIs("m") (0.0s)
And the cursor is at index '1'
-&gt; done: IntellisenseProviderSteps.GivenTheCursorIsAtIndex(1) (0.0s)
And the provider used is 'Default, DateTime'
-&gt; done: IntellisenseProviderSteps.GivenTheProviderUsedIs("Default, DateTime") (0.0s)
And the drop down list as '[[rec(*).minss]],[[rec().minss]],[[min]],m,M,min,mm,MM'
-&gt; done: IntellisenseProviderSteps.GivenTheDropDownListAs("[[rec(*).minss]],...") (0.0s)
When I select the following option 'min'
-&gt; done: IntellisenseProviderSteps.WhenISelectTheFollowingOption("min") (0.0s)
Then the result text should be 'min'
-&gt; done: IntellisenseProviderSteps.ThenTheResultTextShouldBe("min") (0.0s)
And the caret position will be '3'
-&gt; done: IntellisenseProviderSteps.ThenTheCaretPositionWillBe(3) (0.0s)</StdOut>
      </Output>
    </UnitTestResult>
    <UnitTestResult executionId="51a017a5-2e7a-42ce-9698-85c11616d740" testId="a5f68ab3-0b57-72ca-c4ce-0adf6e5c0a49" testName="InsertForAllFilterTypeAndDateTimeProvider_3" computerName="ASH" duration="00:00:00.0032462" startTime="2017-03-16T11:55:24.8462349+02:00" endTime="2017-03-16T11:55:24.8502310+02:00" testType="13cdc9d9-ddb5-4fa4-a97d-d965ccfc6d4b" outcome="Passed" testListId="8c84fa94-04c1-424b-9868-57a2d4851a1d" relativeResultsDirectory="51a017a5-2e7a-42ce-9698-85c11616d740">
      <Output>
        <StdOut>Given I have the following variable list '&lt;ww/&gt;&lt;min/&gt;&lt;rec&gt;&lt;minss/&gt;&lt;/rec&gt;'
-&gt; done: IntellisenseProviderSteps.GivenIHaveTheFollowingVariableList("&lt;ww/&gt;&lt;min/&gt;&lt;rec&gt;&lt;...") (0.0s)
And the filter type is 'All'
-&gt; done: IntellisenseProviderSteps.GivenTheFilterTypeIs("All") (0.0s)
And the current text in the textbox is 'text[[m]]'
-&gt; done: IntellisenseProviderSteps.GivenTheCurrentTextInTheTextboxIs("text[[m]]") (0.0s)
And the cursor is at index '7'
-&gt; done: IntellisenseProviderSteps.GivenTheCursorIsAtIndex(7) (0.0s)
And the provider used is 'Default, DateTime'
-&gt; done: IntellisenseProviderSteps.GivenTheProviderUsedIs("Default, DateTime") (0.0s)
And the drop down list as '[[rec(*).minss]],[[rec().minss]],[[min]]'
-&gt; done: IntellisenseProviderSteps.GivenTheDropDownListAs("[[rec(*).minss]],...") (0.0s)
When I select the following option '[[rec().minss]]'
-&gt; done: IntellisenseProviderSteps.WhenISelectTheFollowingOption("[[rec().minss]]") (0.0s)
Then the result text should be 'text[[rec().minss]]'
-&gt; done: IntellisenseProviderSteps.ThenTheResultTextShouldBe("text[[rec().minss]]") (0.0s)
And the caret position will be '19'
-&gt; done: IntellisenseProviderSteps.ThenTheCaretPositionWillBe(19) (0.0s)</StdOut>
      </Output>
    </UnitTestResult>
    <UnitTestResult executionId="360672a0-ea07-4abb-9aca-cd1542e7c76b" testId="d84ba11b-e99a-1bee-4ab2-96f4eb853466" testName="InsertForAllFilterTypeAndDateTimeProvider_5" computerName="ASH" duration="00:00:00.0029603" startTime="2017-03-16T11:55:24.8552398+02:00" endTime="2017-03-16T11:55:24.8592304+02:00" testType="13cdc9d9-ddb5-4fa4-a97d-d965ccfc6d4b" outcome="Passed" testListId="8c84fa94-04c1-424b-9868-57a2d4851a1d" relativeResultsDirectory="360672a0-ea07-4abb-9aca-cd1542e7c76b">
      <Output>
        <StdOut>Given I have the following variable list '&lt;ww/&gt;&lt;min/&gt;&lt;rec&gt;&lt;minss/&gt;&lt;/rec&gt;'
-&gt; done: IntellisenseProviderSteps.GivenIHaveTheFollowingVariableList("&lt;ww/&gt;&lt;min/&gt;&lt;rec&gt;&lt;...") (0.0s)
And the filter type is 'All'
-&gt; done: IntellisenseProviderSteps.GivenTheFilterTypeIs("All") (0.0s)
And the current text in the textbox is 'text mi'
-&gt; done: IntellisenseProviderSteps.GivenTheCurrentTextInTheTextboxIs("text mi") (0.0s)
And the cursor is at index '7'
-&gt; done: IntellisenseProviderSteps.GivenTheCursorIsAtIndex(7) (0.0s)
And the provider used is 'Default, DateTime'
-&gt; done: IntellisenseProviderSteps.GivenTheProviderUsedIs("Default, DateTime") (0.0s)
And the drop down list as '[[rec(*).minss]],[[rec().minss]],[[min]],min'
-&gt; done: IntellisenseProviderSteps.GivenTheDropDownListAs("[[rec(*).minss]],...") (0.0s)
When I select the following option 'min'
-&gt; done: IntellisenseProviderSteps.WhenISelectTheFollowingOption("min") (0.0s)
Then the result text should be 'text min'
-&gt; done: IntellisenseProviderSteps.ThenTheResultTextShouldBe("text min") (0.0s)
And the caret position will be '8'
-&gt; done: IntellisenseProviderSteps.ThenTheCaretPositionWillBe(8) (0.0s)</StdOut>
      </Output>
    </UnitTestResult>
    <UnitTestResult executionId="487af6ee-ad3a-4883-9370-9066a015706b" testId="81134d24-594e-9ffe-460c-1c95ddebb51b" testName="InsertForAllFilterTypeAndDateTimeProvider_6" computerName="ASH" duration="00:00:00.0037246" startTime="2017-03-16T11:55:24.8662323+02:00" endTime="2017-03-16T11:55:24.8712293+02:00" testType="13cdc9d9-ddb5-4fa4-a97d-d965ccfc6d4b" outcome="Passed" testListId="8c84fa94-04c1-424b-9868-57a2d4851a1d" relativeResultsDirectory="487af6ee-ad3a-4883-9370-9066a015706b">
      <Output>
        <StdOut>Given I have the following variable list '&lt;ww/&gt;&lt;min/&gt;&lt;rec&gt;&lt;minss/&gt;&lt;/rec&gt;'
-&gt; done: IntellisenseProviderSteps.GivenIHaveTheFollowingVariableList("&lt;ww/&gt;&lt;min/&gt;&lt;rec&gt;&lt;...") (0.0s)
And the filter type is 'All'
-&gt; done: IntellisenseProviderSteps.GivenTheFilterTypeIs("All") (0.0s)
And the current text in the textbox is 'text m'
-&gt; done: IntellisenseProviderSteps.GivenTheCurrentTextInTheTextboxIs("text m") (0.0s)
And the cursor is at index '6'
-&gt; done: IntellisenseProviderSteps.GivenTheCursorIsAtIndex(6) (0.0s)
And the provider used is 'Default, DateTime'
-&gt; done: IntellisenseProviderSteps.GivenTheProviderUsedIs("Default, DateTime") (0.0s)
And the drop down list as '[[rec(*).minss]],[[rec().minss]],[[min]],m,M,min,mm,MM'
-&gt; done: IntellisenseProviderSteps.GivenTheDropDownListAs("[[rec(*).minss]],...") (0.0s)
When I select the following option 'min'
-&gt; done: IntellisenseProviderSteps.WhenISelectTheFollowingOption("min") (0.0s)
Then the result text should be 'text min'
-&gt; done: IntellisenseProviderSteps.ThenTheResultTextShouldBe("text min") (0.0s)
And the caret position will be '8'
-&gt; done: IntellisenseProviderSteps.ThenTheCaretPositionWillBe(8) (0.0s)</StdOut>
      </Output>
    </UnitTestResult>
    <UnitTestResult executionId="cd9da82b-bce0-4b0e-9bf2-1fb7bfd59791" testId="2d5115c3-d739-0fc6-a8f7-bb1f8e1b96bf" testName="InsertForAllFilterTypeAndDateTimeProvider_7" computerName="ASH" duration="00:00:00.0030201" startTime="2017-03-16T11:55:24.8752390+02:00" endTime="2017-03-16T11:55:24.8802378+02:00" testType="13cdc9d9-ddb5-4fa4-a97d-d965ccfc6d4b" outcome="Passed" testListId="8c84fa94-04c1-424b-9868-57a2d4851a1d" relativeResultsDirectory="cd9da82b-bce0-4b0e-9bf2-1fb7bfd59791">
      <Output>
        <StdOut>Given I have the following variable list '&lt;ww/&gt;&lt;min/&gt;&lt;rec&gt;&lt;minss/&gt;&lt;/rec&gt;'
-&gt; done: IntellisenseProviderSteps.GivenIHaveTheFollowingVariableList("&lt;ww/&gt;&lt;min/&gt;&lt;rec&gt;&lt;...") (0.0s)
And the filter type is 'All'
-&gt; done: IntellisenseProviderSteps.GivenTheFilterTypeIs("All") (0.0s)
And the current text in the textbox is 'text mute'
-&gt; done: IntellisenseProviderSteps.GivenTheCurrentTextInTheTextboxIs("text mute") (0.0s)
And the cursor is at index '6'
-&gt; done: IntellisenseProviderSteps.GivenTheCursorIsAtIndex(6) (0.0s)
And the provider used is 'Default, DateTime'
-&gt; done: IntellisenseProviderSteps.GivenTheProviderUsedIs("Default, DateTime") (0.0s)
And the drop down list as '[[rec(*).minss]],[[rec().minss]],[[min]],m,M,min,mm,MM'
-&gt; done: IntellisenseProviderSteps.GivenTheDropDownListAs("[[rec(*).minss]],...") (0.0s)
When I select the following option 'min'
-&gt; done: IntellisenseProviderSteps.WhenISelectTheFollowingOption("min") (0.0s)
Then the result text should be 'text min'
-&gt; done: IntellisenseProviderSteps.ThenTheResultTextShouldBe("text min") (0.0s)
And the caret position will be '8'
-&gt; done: IntellisenseProviderSteps.ThenTheCaretPositionWillBe(8) (0.0s)</StdOut>
      </Output>
    </UnitTestResult>
    <UnitTestResult executionId="9fa88c38-48a7-49ec-94a9-445b3e987736" testId="1c1fe023-9759-3151-f103-b3e7f4579746" testName="InsertForAllFilterTypeAndDateTimeProvider_8" computerName="ASH" duration="00:00:00.0034487" startTime="2017-03-16T11:55:24.8842415+02:00" endTime="2017-03-16T11:55:24.8892436+02:00" testType="13cdc9d9-ddb5-4fa4-a97d-d965ccfc6d4b" outcome="Passed" testListId="8c84fa94-04c1-424b-9868-57a2d4851a1d" relativeResultsDirectory="9fa88c38-48a7-49ec-94a9-445b3e987736">
      <Output>
        <StdOut>Given I have the following variable list '&lt;ww/&gt;&lt;min/&gt;&lt;rec&gt;&lt;minss/&gt;&lt;/rec&gt;'
-&gt; done: IntellisenseProviderSteps.GivenIHaveTheFollowingVariableList("&lt;ww/&gt;&lt;min/&gt;&lt;rec&gt;&lt;...") (0.0s)
And the filter type is 'All'
-&gt; done: IntellisenseProviderSteps.GivenTheFilterTypeIs("All") (0.0s)
And the current text in the textbox is 'text mute'
-&gt; done: IntellisenseProviderSteps.GivenTheCurrentTextInTheTextboxIs("text mute") (0.0s)
And the cursor is at index '6'
-&gt; done: IntellisenseProviderSteps.GivenTheCursorIsAtIndex(6) (0.0s)
And the provider used is 'Default, DateTime'
-&gt; done: IntellisenseProviderSteps.GivenTheProviderUsedIs("Default, DateTime") (0.0s)
And the drop down list as '[[rec(*).minss]],[[rec().minss]],[[min]],m,M,min,mm,MM'
-&gt; done: IntellisenseProviderSteps.GivenTheDropDownListAs("[[rec(*).minss]],...") (0.0s)
When I select the following option '[[min]]'
-&gt; done: IntellisenseProviderSteps.WhenISelectTheFollowingOption("[[min]]") (0.0s)
Then the result text should be 'text [[min]]'
-&gt; done: IntellisenseProviderSteps.ThenTheResultTextShouldBe("text [[min]]") (0.0s)
And the caret position will be '12'
-&gt; done: IntellisenseProviderSteps.ThenTheCaretPositionWillBe(12) (0.0s)</StdOut>
      </Output>
    </UnitTestResult>
    <UnitTestResult executionId="8eb1ecaf-0d97-4284-844d-b49cc08c8306" testId="0c623fcf-6724-50a3-75cc-cca96aae94d7" testName="InsertForAllFilterTypeAndDateTimeProvider_9" computerName="ASH" duration="00:00:00.0046444" startTime="2017-03-16T11:55:24.8942464+02:00" endTime="2017-03-16T11:55:24.9012434+02:00" testType="13cdc9d9-ddb5-4fa4-a97d-d965ccfc6d4b" outcome="Passed" testListId="8c84fa94-04c1-424b-9868-57a2d4851a1d" relativeResultsDirectory="8eb1ecaf-0d97-4284-844d-b49cc08c8306">
      <Output>
        <StdOut>Given I have the following variable list '&lt;ww/&gt;&lt;min/&gt;&lt;rec&gt;&lt;minss/&gt;&lt;/rec&gt;'
-&gt; done: IntellisenseProviderSteps.GivenIHaveTheFollowingVariableList("&lt;ww/&gt;&lt;min/&gt;&lt;rec&gt;&lt;...") (0.0s)
And the filter type is 'All'
-&gt; done: IntellisenseProviderSteps.GivenTheFilterTypeIs("All") (0.0s)
And the current text in the textbox is '[[min]]y'
-&gt; done: IntellisenseProviderSteps.GivenTheCurrentTextInTheTextboxIs("[[min]]y") (0.0s)
And the cursor is at index '8'
-&gt; done: IntellisenseProviderSteps.GivenTheCursorIsAtIndex(8) (0.0s)
And the provider used is 'Default, DateTime'
-&gt; done: IntellisenseProviderSteps.GivenTheProviderUsedIs("Default, DateTime") (0.0s)
And the drop down list as 'yy,yyyy'
-&gt; done: IntellisenseProviderSteps.GivenTheDropDownListAs("yy,yyyy") (0.0s)
When I select the following option 'yy'
-&gt; done: IntellisenseProviderSteps.WhenISelectTheFollowingOption("yy") (0.0s)
Then the result text should be '[[min]]yy'
-&gt; done: IntellisenseProviderSteps.ThenTheResultTextShouldBe("[[min]]yy") (0.0s)
And the caret position will be '9'
-&gt; done: IntellisenseProviderSteps.ThenTheCaretPositionWillBe(9) (0.0s)</StdOut>
      </Output>
    </UnitTestResult>
    <UnitTestResult executionId="8ce83317-7df0-4178-923e-e921f323ee7f" testId="28b68618-dee8-0ae3-0b6b-7d40f29603a0" testName="InsertForAllFilterTypeAndDefaultProvider_1" computerName="ASH" duration="00:00:00.0037264" startTime="2017-03-16T11:55:24.9052425+02:00" endTime="2017-03-16T11:55:24.9112425+02:00" testType="13cdc9d9-ddb5-4fa4-a97d-d965ccfc6d4b" outcome="Passed" testListId="8c84fa94-04c1-424b-9868-57a2d4851a1d" relativeResultsDirectory="8ce83317-7df0-4178-923e-e921f323ee7f">
      <Output>
        <StdOut>Given I have the following intellisense options '[[var]],[[var2]],[[rec()]],[[rec().var]],[[rec().var2]]'
-&gt; done: IntellisenseProviderSteps.GivenIHaveTheFollowingIntellisenseOptions("[[var]],[[var2]],...") (0.0s)
And the filter type is 'All'
-&gt; done: IntellisenseProviderSteps.GivenTheFilterTypeIs("All") (0.0s)
And the current text in the textbox is 'text var'
-&gt; done: IntellisenseProviderSteps.GivenTheCurrentTextInTheTextboxIs("text var") (0.0s)
And the cursor is at index '8'
-&gt; done: IntellisenseProviderSteps.GivenTheCursorIsAtIndex(8) (0.0s)
And the provider used is 'Default'
-&gt; done: IntellisenseProviderSteps.GivenTheProviderUsedIs("Default") (0.0s)
And the suggestion list as '[[var]],[[var2]],[[rec().var]],[[rec().var2]]'
-&gt; done: IntellisenseProviderSteps.GivenTheSuggestionListAs("[[var]],[[var2]],...") (0.0s)
When I select the following string option '[[var]]'
-&gt; done: IntellisenseProviderSteps.WhenISelectTheFollowingStringOption("[[var]]") (0.0s)
Then the result text should be "text [[var]]" with caret position will be '12'
-&gt; done: IntellisenseProviderSteps.ThenTheResultTextShouldBeWithCaretPositionWillBe("text [[var]]", 12) (0.0s)</StdOut>
      </Output>
    </UnitTestResult>
    <UnitTestResult executionId="30138cdd-83e1-4080-bec6-08e22b401ccf" testId="a9e64bb1-8447-cc97-c16a-f0f6f9d46526" testName="InsertForAllFilterTypeAndDefaultProvider_10" computerName="ASH" duration="00:00:00.0017888" startTime="2017-03-16T11:55:24.9152426+02:00" endTime="2017-03-16T11:55:24.9182438+02:00" testType="13cdc9d9-ddb5-4fa4-a97d-d965ccfc6d4b" outcome="Passed" testListId="8c84fa94-04c1-424b-9868-57a2d4851a1d" relativeResultsDirectory="30138cdd-83e1-4080-bec6-08e22b401ccf">
      <Output>
        <StdOut>Given I have the following intellisense options '[[var]],[[var2]],[[rec()]],[[rec().var2]],[[rec(*).var2]],[[rec().var]],[[rec(*).var]]'
-&gt; done: IntellisenseProviderSteps.GivenIHaveTheFollowingIntellisenseOptions("[[var]],[[var2]],...") (0.0s)
And the filter type is 'All'
-&gt; done: IntellisenseProviderSteps.GivenTheFilterTypeIs("All") (0.0s)
And the current text in the textbox is '[[var]][[var'
-&gt; done: IntellisenseProviderSteps.GivenTheCurrentTextInTheTextboxIs("[[var]][[var") (0.0s)
And the cursor is at index '12'
-&gt; done: IntellisenseProviderSteps.GivenTheCursorIsAtIndex(12) (0.0s)
And the provider used is 'Default'
-&gt; done: IntellisenseProviderSteps.GivenTheProviderUsedIs("Default") (0.0s)
And the suggestion list as '[[var]],[[var2]],[[rec().var]],[[rec(*).var]],[[rec().var2]],[[rec(*).var2]]'
-&gt; done: IntellisenseProviderSteps.GivenTheSuggestionListAs("[[var]],[[var2]],...") (0.0s)
When I select the following string option '[[rec(*).var2]]'
-&gt; done: IntellisenseProviderSteps.WhenISelectTheFollowingStringOption("[[rec(*).var2]]") (0.0s)
Then the result text should be "[[var]][[rec(*).var2]]" with caret position will be '22'
-&gt; done: IntellisenseProviderSteps.ThenTheResultTextShouldBeWithCaretPositionWillBe("[[var]][[rec(*).v...", 22) (0.0s)</StdOut>
      </Output>
    </UnitTestResult>
    <UnitTestResult executionId="6c8aaadd-fa3c-4ddd-9a48-d4c77dbc8902" testId="fd9775b8-5082-0ae9-609d-327882c7e59b" testName="InsertForAllFilterTypeAndDefaultProvider_11" computerName="ASH" duration="00:00:00.0016083" startTime="2017-03-16T11:55:24.9222399+02:00" endTime="2017-03-16T11:55:24.9262399+02:00" testType="13cdc9d9-ddb5-4fa4-a97d-d965ccfc6d4b" outcome="Passed" testListId="8c84fa94-04c1-424b-9868-57a2d4851a1d" relativeResultsDirectory="6c8aaadd-fa3c-4ddd-9a48-d4c77dbc8902">
      <Output>
        <StdOut>Given I have the following intellisense options '[[var]],[[var2]],[[rec()]],[[rec().var2]],[[rec(*).var2]],[[rec().var]],[[rec(*).var]]'
-&gt; done: IntellisenseProviderSteps.GivenIHaveTheFollowingIntellisenseOptions("[[var]],[[var2]],...") (0.0s)
And the filter type is 'All'
-&gt; done: IntellisenseProviderSteps.GivenTheFilterTypeIs("All") (0.0s)
And the current text in the textbox is '[[var]][[var]]'
-&gt; done: IntellisenseProviderSteps.GivenTheCurrentTextInTheTextboxIs("[[var]][[var]]") (0.0s)
And the cursor is at index '12'
-&gt; done: IntellisenseProviderSteps.GivenTheCursorIsAtIndex(12) (0.0s)
And the provider used is 'Default'
-&gt; done: IntellisenseProviderSteps.GivenTheProviderUsedIs("Default") (0.0s)
And the suggestion list as '[[var]],[[var2]],[[rec().var]],[[rec(*).var]],[[rec().var2]],[[rec(*).var2]]'
-&gt; done: IntellisenseProviderSteps.GivenTheSuggestionListAs("[[var]],[[var2]],...") (0.0s)
When I select the following string option '[[rec(*).var2]]'
-&gt; done: IntellisenseProviderSteps.WhenISelectTheFollowingStringOption("[[rec(*).var2]]") (0.0s)
Then the result text should be "[[var]][[rec(*).var2]]" with caret position will be '22'
-&gt; done: IntellisenseProviderSteps.ThenTheResultTextShouldBeWithCaretPositionWillBe("[[var]][[rec(*).v...", 22) (0.0s)</StdOut>
      </Output>
    </UnitTestResult>
    <UnitTestResult executionId="700350fc-0471-44b4-be00-85c6cb6e6ee8" testId="28c834f1-b045-fb0e-3bfa-be8f4d54f3e8" testName="InsertForAllFilterTypeAndDefaultProvider_12" computerName="ASH" duration="00:00:00.0024508" startTime="2017-03-16T11:55:24.9302397+02:00" endTime="2017-03-16T11:55:24.9342400+02:00" testType="13cdc9d9-ddb5-4fa4-a97d-d965ccfc6d4b" outcome="Passed" testListId="8c84fa94-04c1-424b-9868-57a2d4851a1d" relativeResultsDirectory="700350fc-0471-44b4-be00-85c6cb6e6ee8">
      <Output>
        <StdOut>Given I have the following intellisense options '[[var]],[[var2]],[[rec()]],[[rec().var2]],[[rec().var]]'
-&gt; done: IntellisenseProviderSteps.GivenIHaveTheFollowingIntellisenseOptions("[[var]],[[var2]],...") (0.0s)
And the filter type is 'All'
-&gt; done: IntellisenseProviderSteps.GivenTheFilterTypeIs("All") (0.0s)
And the current text in the textbox is '[[var]]'
-&gt; done: IntellisenseProviderSteps.GivenTheCurrentTextInTheTextboxIs("[[var]]") (0.0s)
And the cursor is at index '7'
-&gt; done: IntellisenseProviderSteps.GivenTheCursorIsAtIndex(7) (0.0s)
And the provider used is 'Default'
-&gt; done: IntellisenseProviderSteps.GivenTheProviderUsedIs("Default") (0.0s)
And the suggestion list as ''
-&gt; done: IntellisenseProviderSteps.GivenTheSuggestionListAs("") (0.0s)
When I select the following string option ''
-&gt; done: IntellisenseProviderSteps.WhenISelectTheFollowingStringOption("") (0.0s)
Then the result text should be "[[var]]" with caret position will be '7'
-&gt; done: IntellisenseProviderSteps.ThenTheResultTextShouldBeWithCaretPositionWillBe("[[var]]", 7) (0.0s)</StdOut>
      </Output>
    </UnitTestResult>
    <UnitTestResult executionId="a661d6e8-4642-4be1-8117-378802de8d98" testId="6592a0d5-60ff-7eb7-3f12-61253b2eac25" testName="InsertForAllFilterTypeAndDefaultProvider_13" computerName="ASH" duration="00:00:00.0012554" startTime="2017-03-16T11:55:24.9382406+02:00" endTime="2017-03-16T11:55:24.9412397+02:00" testType="13cdc9d9-ddb5-4fa4-a97d-d965ccfc6d4b" outcome="Passed" testListId="8c84fa94-04c1-424b-9868-57a2d4851a1d" relativeResultsDirectory="a661d6e8-4642-4be1-8117-378802de8d98">
      <Output>
        <StdOut>Given I have the following intellisense options '[[var]],[[var2]],[[rec()]],[[rec().var2]],[[rec().var]]'
-&gt; done: IntellisenseProviderSteps.GivenIHaveTheFollowingIntellisenseOptions("[[var]],[[var2]],...") (0.0s)
And the filter type is 'All'
-&gt; done: IntellisenseProviderSteps.GivenTheFilterTypeIs("All") (0.0s)
And the current text in the textbox is '[[var]] text'
-&gt; done: IntellisenseProviderSteps.GivenTheCurrentTextInTheTextboxIs("[[var]] text") (0.0s)
And the cursor is at index '13'
-&gt; done: IntellisenseProviderSteps.GivenTheCursorIsAtIndex(13) (0.0s)
And the provider used is 'Default'
-&gt; done: IntellisenseProviderSteps.GivenTheProviderUsedIs("Default") (0.0s)
And the suggestion list as ''
-&gt; done: IntellisenseProviderSteps.GivenTheSuggestionListAs("") (0.0s)
When I select the following string option ''
-&gt; done: IntellisenseProviderSteps.WhenISelectTheFollowingStringOption("") (0.0s)
Then the result text should be "[[var]] text" with caret position will be '13'
-&gt; done: IntellisenseProviderSteps.ThenTheResultTextShouldBeWithCaretPositionWillBe("[[var]] text", 13) (0.0s)</StdOut>
      </Output>
    </UnitTestResult>
    <UnitTestResult executionId="64aa2237-d73b-4ea4-8481-214fdc0f62af" testId="7ce736f3-c51a-5485-41e9-e6ad19c0cbb4" testName="InsertForAllFilterTypeAndDefaultProvider_14" computerName="ASH" duration="00:00:00.0052369" startTime="2017-03-16T11:55:24.9452404+02:00" endTime="2017-03-16T11:55:24.9532401+02:00" testType="13cdc9d9-ddb5-4fa4-a97d-d965ccfc6d4b" outcome="Passed" testListId="8c84fa94-04c1-424b-9868-57a2d4851a1d" relativeResultsDirectory="64aa2237-d73b-4ea4-8481-214fdc0f62af">
      <Output>
        <StdOut>Given I have the following intellisense options '[[var]],[[var2]],[[rec()]],[[rec().var2]],[[rec().var]]'
-&gt; done: IntellisenseProviderSteps.GivenIHaveTheFollowingIntellisenseOptions("[[var]],[[var2]],...") (0.0s)
And the filter type is 'All'
-&gt; done: IntellisenseProviderSteps.GivenTheFilterTypeIs("All") (0.0s)
And the current text in the textbox is 'text[[var2]]text'
-&gt; done: IntellisenseProviderSteps.GivenTheCurrentTextInTheTextboxIs("text[[var2]]text") (0.0s)
And the cursor is at index '10'
-&gt; done: IntellisenseProviderSteps.GivenTheCursorIsAtIndex(10) (0.0s)
And the provider used is 'Default'
-&gt; done: IntellisenseProviderSteps.GivenTheProviderUsedIs("Default") (0.0s)
And the suggestion list as '[[var2]],[[rec().var2]]'
-&gt; done: IntellisenseProviderSteps.GivenTheSuggestionListAs("[[var2]],[[rec()....") (0.0s)
When I select the following string option '[[rec().var2]]'
-&gt; done: IntellisenseProviderSteps.WhenISelectTheFollowingStringOption("[[rec().var2]]") (0.0s)
Then the result text should be "text[[rec().var2]]text" with caret position will be '18'
-&gt; done: IntellisenseProviderSteps.ThenTheResultTextShouldBeWithCaretPositionWillBe("text[[rec().var2]...", 18) (0.0s)</StdOut>
      </Output>
    </UnitTestResult>
    <UnitTestResult executionId="f6f3f1ce-7a4b-4200-9fd1-f65fb1b82d94" testId="e1d69772-4bbb-801f-8158-ce8a5d5c7c12" testName="InsertForAllFilterTypeAndDefaultProvider_15" computerName="ASH" duration="00:00:00.0017411" startTime="2017-03-16T11:55:24.9582389+02:00" endTime="2017-03-16T11:55:24.9622390+02:00" testType="13cdc9d9-ddb5-4fa4-a97d-d965ccfc6d4b" outcome="Passed" testListId="8c84fa94-04c1-424b-9868-57a2d4851a1d" relativeResultsDirectory="f6f3f1ce-7a4b-4200-9fd1-f65fb1b82d94">
      <Output>
        <StdOut>Given I have the following intellisense options '[[var]],[[var2]],[[rec()]],[[rec().var2]],[[rec().var]]'
-&gt; done: IntellisenseProviderSteps.GivenIHaveTheFollowingIntellisenseOptions("[[var]],[[var2]],...") (0.0s)
And the filter type is 'All'
-&gt; done: IntellisenseProviderSteps.GivenTheFilterTypeIs("All") (0.0s)
And the current text in the textbox is 'r'
-&gt; done: IntellisenseProviderSteps.GivenTheCurrentTextInTheTextboxIs("r") (0.0s)
And the cursor is at index '1'
-&gt; done: IntellisenseProviderSteps.GivenTheCursorIsAtIndex(1) (0.0s)
And the provider used is 'Default'
-&gt; done: IntellisenseProviderSteps.GivenTheProviderUsedIs("Default") (0.0s)
And the suggestion list as '[[var]],[[var2]],[[rec().var]],[[rec().var2]]'
-&gt; done: IntellisenseProviderSteps.GivenTheSuggestionListAs("[[var]],[[var2]],...") (0.0s)
When I select the following string option '[[rec().var2]]'
-&gt; done: IntellisenseProviderSteps.WhenISelectTheFollowingStringOption("[[rec().var2]]") (0.0s)
Then the result text should be "[[rec().var2]]" with caret position will be '14'
-&gt; done: IntellisenseProviderSteps.ThenTheResultTextShouldBeWithCaretPositionWillBe("[[rec().var2]]", 14) (0.0s)</StdOut>
      </Output>
    </UnitTestResult>
    <UnitTestResult executionId="84c25419-8b66-4dae-b94b-0b5a4e612de5" testId="57b61720-4c83-d1c5-249b-96e7abb5b199" testName="InsertForAllFilterTypeAndDefaultProvider_16" computerName="ASH" duration="00:00:00.0034040" startTime="2017-03-16T11:55:24.9692420+02:00" endTime="2017-03-16T11:55:24.9752493+02:00" testType="13cdc9d9-ddb5-4fa4-a97d-d965ccfc6d4b" outcome="Passed" testListId="8c84fa94-04c1-424b-9868-57a2d4851a1d" relativeResultsDirectory="84c25419-8b66-4dae-b94b-0b5a4e612de5">
      <Output>
        <StdOut>Given I have the following intellisense options '[[var]],[[var2]],[[rec()]],[[rec().var2]],[[rec().var]]'
-&gt; done: IntellisenseProviderSteps.GivenIHaveTheFollowingIntellisenseOptions("[[var]],[[var2]],...") (0.0s)
And the filter type is 'All'
-&gt; done: IntellisenseProviderSteps.GivenTheFilterTypeIs("All") (0.0s)
And the current text in the textbox is '[[rec([[va]]).var]]'
-&gt; done: IntellisenseProviderSteps.GivenTheCurrentTextInTheTextboxIs("[[rec([[va]]).var]]") (0.0s)
And the cursor is at index '10'
-&gt; done: IntellisenseProviderSteps.GivenTheCursorIsAtIndex(10) (0.0s)
And the provider used is 'Default'
-&gt; done: IntellisenseProviderSteps.GivenTheProviderUsedIs("Default") (0.0s)
And the suggestion list as '[[var]],[[var2]],[[rec().var]],[[rec().var2]]'
-&gt; done: IntellisenseProviderSteps.GivenTheSuggestionListAs("[[var]],[[var2]],...") (0.0s)
When I select the following string option '[[var]]'
-&gt; done: IntellisenseProviderSteps.WhenISelectTheFollowingStringOption("[[var]]") (0.0s)
Then the result text should be "[[rec([[var]]).var]]" with caret position will be '13'
-&gt; done: IntellisenseProviderSteps.ThenTheResultTextShouldBeWithCaretPositionWillBe("[[rec([[var]]).var]]", 13) (0.0s)</StdOut>
      </Output>
    </UnitTestResult>
    <UnitTestResult executionId="61345d89-5387-4237-9d1c-1810783e38a0" testId="ff3aad7e-4287-c1f9-7dd8-79c72d295def" testName="InsertForAllFilterTypeAndDefaultProvider_17" computerName="ASH" duration="00:00:00.0027354" startTime="2017-03-16T11:55:24.9812509+02:00" endTime="2017-03-16T11:55:24.9862494+02:00" testType="13cdc9d9-ddb5-4fa4-a97d-d965ccfc6d4b" outcome="Passed" testListId="8c84fa94-04c1-424b-9868-57a2d4851a1d" relativeResultsDirectory="61345d89-5387-4237-9d1c-1810783e38a0">
      <Output>
        <StdOut>Given I have the following intellisense options '[[var]],[[var2]],[[rec()]],[[rec().var2]],[[rec().var]]'
-&gt; done: IntellisenseProviderSteps.GivenIHaveTheFollowingIntellisenseOptions("[[var]],[[var2]],...") (0.0s)
And the filter type is 'All'
-&gt; done: IntellisenseProviderSteps.GivenTheFilterTypeIs("All") (0.0s)
And the current text in the textbox is '[[[[a]]]]'
-&gt; done: IntellisenseProviderSteps.GivenTheCurrentTextInTheTextboxIs("[[[[a]]]]") (0.0s)
And the cursor is at index '5'
-&gt; done: IntellisenseProviderSteps.GivenTheCursorIsAtIndex(5) (0.0s)
And the provider used is 'Default'
-&gt; done: IntellisenseProviderSteps.GivenTheProviderUsedIs("Default") (0.0s)
And the suggestion list as '[[var]],[[var2]],[[rec().var]],[[rec().var2]]'
-&gt; done: IntellisenseProviderSteps.GivenTheSuggestionListAs("[[var]],[[var2]],...") (0.0s)
When I select the following string option '[[var]]'
-&gt; done: IntellisenseProviderSteps.WhenISelectTheFollowingStringOption("[[var]]") (0.0s)
Then the result text should be "[[var]]]]" with caret position will be '7'
-&gt; done: IntellisenseProviderSteps.ThenTheResultTextShouldBeWithCaretPositionWillBe("[[var]]]]", 7) (0.0s)</StdOut>
      </Output>
    </UnitTestResult>
    <UnitTestResult executionId="2dde27e7-4269-4d49-8771-f4a18ac7a139" testId="f3a866ac-fb80-193a-9798-ab0756bd3be8" testName="InsertForAllFilterTypeAndDefaultProvider_18" computerName="ASH" duration="00:00:00.0046172" startTime="2017-03-16T11:55:24.9902597+02:00" endTime="2017-03-16T11:55:24.9962579+02:00" testType="13cdc9d9-ddb5-4fa4-a97d-d965ccfc6d4b" outcome="Passed" testListId="8c84fa94-04c1-424b-9868-57a2d4851a1d" relativeResultsDirectory="2dde27e7-4269-4d49-8771-f4a18ac7a139">
      <Output>
        <StdOut>Given I have the following intellisense options '[[var]],[[var2]],[[rec()]],[[rec().var2]],[[rec().var]]'
-&gt; done: IntellisenseProviderSteps.GivenIHaveTheFollowingIntellisenseOptions("[[var]],[[var2]],...") (0.0s)
And the filter type is 'All'
-&gt; done: IntellisenseProviderSteps.GivenTheFilterTypeIs("All") (0.0s)
And the current text in the textbox is '[['
-&gt; done: IntellisenseProviderSteps.GivenTheCurrentTextInTheTextboxIs("[[") (0.0s)
And the cursor is at index '2'
-&gt; done: IntellisenseProviderSteps.GivenTheCursorIsAtIndex(2) (0.0s)
And the provider used is 'Default'
-&gt; done: IntellisenseProviderSteps.GivenTheProviderUsedIs("Default") (0.0s)
And the suggestion list as '[[var]],[[var2]],[[rec().var]],[[rec().var2]]'
-&gt; done: IntellisenseProviderSteps.GivenTheSuggestionListAs("[[var]],[[var2]],...") (0.0s)
When I select the following string option '[[var]]'
-&gt; done: IntellisenseProviderSteps.WhenISelectTheFollowingStringOption("[[var]]") (0.0s)
Then the result text should be "[[var]]" with caret position will be '7'
-&gt; done: IntellisenseProviderSteps.ThenTheResultTextShouldBeWithCaretPositionWillBe("[[var]]", 7) (0.0s)</StdOut>
      </Output>
    </UnitTestResult>
    <UnitTestResult executionId="78dc38c6-7b83-477b-b262-9a0d2c227e23" testId="b3759744-a8e1-38d1-68da-f669c5431bfa" testName="InsertForAllFilterTypeAndDefaultProvider_2" computerName="ASH" duration="00:00:00.0014486" startTime="2017-03-16T11:55:25.0002576+02:00" endTime="2017-03-16T11:55:25.0042598+02:00" testType="13cdc9d9-ddb5-4fa4-a97d-d965ccfc6d4b" outcome="Passed" testListId="8c84fa94-04c1-424b-9868-57a2d4851a1d" relativeResultsDirectory="78dc38c6-7b83-477b-b262-9a0d2c227e23">
      <Output>
        <StdOut>Given I have the following intellisense options '[[var]],[[var2]],[[rec()]],[[rec().var2]],[[rec().var]]'
-&gt; done: IntellisenseProviderSteps.GivenIHaveTheFollowingIntellisenseOptions("[[var]],[[var2]],...") (0.0s)
And the filter type is 'All'
-&gt; done: IntellisenseProviderSteps.GivenTheFilterTypeIs("All") (0.0s)
And the current text in the textbox is 'text[[var'
-&gt; done: IntellisenseProviderSteps.GivenTheCurrentTextInTheTextboxIs("text[[var") (0.0s)
And the cursor is at index '9'
-&gt; done: IntellisenseProviderSteps.GivenTheCursorIsAtIndex(9) (0.0s)
And the provider used is 'Default'
-&gt; done: IntellisenseProviderSteps.GivenTheProviderUsedIs("Default") (0.0s)
And the suggestion list as '[[var]],[[var2]],[[rec().var]],[[rec().var2]]'
-&gt; done: IntellisenseProviderSteps.GivenTheSuggestionListAs("[[var]],[[var2]],...") (0.0s)
When I select the following string option '[[var2]]'
-&gt; done: IntellisenseProviderSteps.WhenISelectTheFollowingStringOption("[[var2]]") (0.0s)
Then the result text should be "text[[var2]]" with caret position will be '12'
-&gt; done: IntellisenseProviderSteps.ThenTheResultTextShouldBeWithCaretPositionWillBe("text[[var2]]", 12) (0.0s)</StdOut>
      </Output>
    </UnitTestResult>
    <UnitTestResult executionId="392fb2f1-6eee-4580-af2d-3b216b3ad098" testId="0a1aa2d7-6a07-48c6-e043-333db7349610" testName="InsertForAllFilterTypeAndDefaultProvider_3" computerName="ASH" duration="00:00:00.0075051" startTime="2017-03-16T11:55:25.0242569+02:00" endTime="2017-03-16T11:55:25.0342576+02:00" testType="13cdc9d9-ddb5-4fa4-a97d-d965ccfc6d4b" outcome="Passed" testListId="8c84fa94-04c1-424b-9868-57a2d4851a1d" relativeResultsDirectory="392fb2f1-6eee-4580-af2d-3b216b3ad098">
      <Output>
        <StdOut>Given I have the following intellisense options '[[var]],[[var2]],[[rec()]],[[rec().var2]],[[rec().var]]'
-&gt; done: IntellisenseProviderSteps.GivenIHaveTheFollowingIntellisenseOptions("[[var]],[[var2]],...") (0.0s)
And the filter type is 'All'
-&gt; done: IntellisenseProviderSteps.GivenTheFilterTypeIs("All") (0.0s)
And the current text in the textbox is 'text[[rec().var]]'
-&gt; done: IntellisenseProviderSteps.GivenTheCurrentTextInTheTextboxIs("text[[rec().var]]") (0.0s)
And the cursor is at index '15'
-&gt; done: IntellisenseProviderSteps.GivenTheCursorIsAtIndex(15) (0.0s)
And the provider used is 'Default'
-&gt; done: IntellisenseProviderSteps.GivenTheProviderUsedIs("Default") (0.0s)
And the suggestion list as '[[rec().var]],[[rec().var2]]'
-&gt; done: IntellisenseProviderSteps.GivenTheSuggestionListAs("[[rec().var]],[[r...") (0.0s)
When I select the following string option '[[rec().var2]]'
-&gt; done: IntellisenseProviderSteps.WhenISelectTheFollowingStringOption("[[rec().var2]]") (0.0s)
Then the result text should be "text[[rec().var2]]" with caret position will be '18'
-&gt; done: IntellisenseProviderSteps.ThenTheResultTextShouldBeWithCaretPositionWillBe("text[[rec().var2]]", 18) (0.0s)</StdOut>
      </Output>
    </UnitTestResult>
    <UnitTestResult executionId="b92e5c86-3d75-4250-82c2-4b8706b1a314" testId="b56bdaad-07ca-db09-8758-9303d5ae93d5" testName="InsertForAllFilterTypeAndDefaultProvider_4" computerName="ASH" duration="00:00:00.0018030" startTime="2017-03-16T11:55:25.0393047+02:00" endTime="2017-03-16T11:55:25.0422552+02:00" testType="13cdc9d9-ddb5-4fa4-a97d-d965ccfc6d4b" outcome="Passed" testListId="8c84fa94-04c1-424b-9868-57a2d4851a1d" relativeResultsDirectory="b92e5c86-3d75-4250-82c2-4b8706b1a314">
      <Output>
        <StdOut>Given I have the following intellisense options '[[var]],[[var2]],[[rec()]],[[rec().var2]],[[rec().var]]'
-&gt; done: IntellisenseProviderSteps.GivenIHaveTheFollowingIntellisenseOptions("[[var]],[[var2]],...") (0.0s)
And the filter type is 'All'
-&gt; done: IntellisenseProviderSteps.GivenTheFilterTypeIs("All") (0.0s)
And the current text in the textbox is '[['
-&gt; done: IntellisenseProviderSteps.GivenTheCurrentTextInTheTextboxIs("[[") (0.0s)
And the cursor is at index '2'
-&gt; done: IntellisenseProviderSteps.GivenTheCursorIsAtIndex(2) (0.0s)
And the provider used is 'Default'
-&gt; done: IntellisenseProviderSteps.GivenTheProviderUsedIs("Default") (0.0s)
And the suggestion list as '[[var]],[[var2]],[[rec().var]],[[rec().var2]]'
-&gt; done: IntellisenseProviderSteps.GivenTheSuggestionListAs("[[var]],[[var2]],...") (0.0s)
When I select the following string option '[[var2]]'
-&gt; done: IntellisenseProviderSteps.WhenISelectTheFollowingStringOption("[[var2]]") (0.0s)
Then the result text should be "[[var2]]" with caret position will be '8'
-&gt; done: IntellisenseProviderSteps.ThenTheResultTextShouldBeWithCaretPositionWillBe("[[var2]]", 8) (0.0s)</StdOut>
      </Output>
    </UnitTestResult>
    <UnitTestResult executionId="25bc4174-c994-4c7f-afed-f1f09e92743c" testId="53bceb39-1211-f8e8-53fc-2e5024f27d50" testName="InsertForAllFilterTypeAndDefaultProvider_5" computerName="ASH" duration="00:00:00.0020435" startTime="2017-03-16T11:55:25.0472561+02:00" endTime="2017-03-16T11:55:25.0522553+02:00" testType="13cdc9d9-ddb5-4fa4-a97d-d965ccfc6d4b" outcome="Passed" testListId="8c84fa94-04c1-424b-9868-57a2d4851a1d" relativeResultsDirectory="25bc4174-c994-4c7f-afed-f1f09e92743c">
      <Output>
        <StdOut>Given I have the following intellisense options '[[var]],[[var2]],[[rec()]],[[rec().var2]],[[rec().var]]'
-&gt; done: IntellisenseProviderSteps.GivenIHaveTheFollowingIntellisenseOptions("[[var]],[[var2]],...") (0.0s)
And the filter type is 'All'
-&gt; done: IntellisenseProviderSteps.GivenTheFilterTypeIs("All") (0.0s)
And the current text in the textbox is 'text[[rec().[[var'
-&gt; done: IntellisenseProviderSteps.GivenTheCurrentTextInTheTextboxIs("text[[rec().[[var") (0.0s)
And the cursor is at index '17'
-&gt; done: IntellisenseProviderSteps.GivenTheCursorIsAtIndex(17) (0.0s)
And the provider used is 'Default'
-&gt; done: IntellisenseProviderSteps.GivenTheProviderUsedIs("Default") (0.0s)
And the suggestion list as '[[var]],[[var2]]'
-&gt; done: IntellisenseProviderSteps.GivenTheSuggestionListAs("[[var]],[[var2]]") (0.0s)
When I select the following string option '[[var2]]'
-&gt; done: IntellisenseProviderSteps.WhenISelectTheFollowingStringOption("[[var2]]") (0.0s)
Then the result text should be "text[[rec().[[var2]]" with caret position will be '20'
-&gt; done: IntellisenseProviderSteps.ThenTheResultTextShouldBeWithCaretPositionWillBe("text[[rec().[[var2]]", 20) (0.0s)</StdOut>
      </Output>
    </UnitTestResult>
    <UnitTestResult executionId="f7cd7311-8914-49bd-a2e5-31d13ab4fb2d" testId="e75f89c3-21a9-f53d-a2a2-7b935a684689" testName="InsertForAllFilterTypeAndDefaultProvider_6" computerName="ASH" duration="00:00:00.0022026" startTime="2017-03-16T11:55:25.0582535+02:00" endTime="2017-03-16T11:55:25.0632547+02:00" testType="13cdc9d9-ddb5-4fa4-a97d-d965ccfc6d4b" outcome="Passed" testListId="8c84fa94-04c1-424b-9868-57a2d4851a1d" relativeResultsDirectory="f7cd7311-8914-49bd-a2e5-31d13ab4fb2d">
      <Output>
        <StdOut>Given I have the following intellisense options '[[var]],[[var2]],[[rec()]],[[rec().var2]],[[rec().var]]'
-&gt; done: IntellisenseProviderSteps.GivenIHaveTheFollowingIntellisenseOptions("[[var]],[[var2]],...") (0.0s)
And the filter type is 'All'
-&gt; done: IntellisenseProviderSteps.GivenTheFilterTypeIs("All") (0.0s)
And the current text in the textbox is 'text[[rec().[[var]]'
-&gt; done: IntellisenseProviderSteps.GivenTheCurrentTextInTheTextboxIs("text[[rec().[[var]]") (0.0s)
And the cursor is at index '17'
-&gt; done: IntellisenseProviderSteps.GivenTheCursorIsAtIndex(17) (0.0s)
And the provider used is 'Default'
-&gt; done: IntellisenseProviderSteps.GivenTheProviderUsedIs("Default") (0.0s)
And the suggestion list as '[[var]],[[var2]]'
-&gt; done: IntellisenseProviderSteps.GivenTheSuggestionListAs("[[var]],[[var2]]") (0.0s)
When I select the following string option '[[var2]]'
-&gt; done: IntellisenseProviderSteps.WhenISelectTheFollowingStringOption("[[var2]]") (0.0s)
Then the result text should be "text[[rec().[[var2]]" with caret position will be '20'
-&gt; done: IntellisenseProviderSteps.ThenTheResultTextShouldBeWithCaretPositionWillBe("text[[rec().[[var2]]", 20) (0.0s)</StdOut>
      </Output>
    </UnitTestResult>
    <UnitTestResult executionId="8252de48-f4a4-4f1a-aa41-6b59d7635a42" testId="ee4a8f92-ec95-9923-6b77-4c77d4b86312" testName="InsertForAllFilterTypeAndDefaultProvider_7" computerName="ASH" duration="00:00:00.0014308" startTime="2017-03-16T11:55:25.0672535+02:00" endTime="2017-03-16T11:55:25.0702557+02:00" testType="13cdc9d9-ddb5-4fa4-a97d-d965ccfc6d4b" outcome="Passed" testListId="8c84fa94-04c1-424b-9868-57a2d4851a1d" relativeResultsDirectory="8252de48-f4a4-4f1a-aa41-6b59d7635a42">
      <Output>
        <StdOut>Given I have the following intellisense options '[[var]],[[var2]],[[rec()]],[[rec().var2]],[[rec().var]]'
-&gt; done: IntellisenseProviderSteps.GivenIHaveTheFollowingIntellisenseOptions("[[var]],[[var2]],...") (0.0s)
And the filter type is 'All'
-&gt; done: IntellisenseProviderSteps.GivenTheFilterTypeIs("All") (0.0s)
And the current text in the textbox is 'text[[rec().[[var]]]]'
-&gt; done: IntellisenseProviderSteps.GivenTheCurrentTextInTheTextboxIs("text[[rec().[[var...") (0.0s)
And the cursor is at index '17'
-&gt; done: IntellisenseProviderSteps.GivenTheCursorIsAtIndex(17) (0.0s)
And the provider used is 'Default'
-&gt; done: IntellisenseProviderSteps.GivenTheProviderUsedIs("Default") (0.0s)
And the suggestion list as '[[var]],[[var2]]'
-&gt; done: IntellisenseProviderSteps.GivenTheSuggestionListAs("[[var]],[[var2]]") (0.0s)
When I select the following string option '[[var2]]'
-&gt; done: IntellisenseProviderSteps.WhenISelectTheFollowingStringOption("[[var2]]") (0.0s)
Then the result text should be "text[[rec().[[var2]]]]" with caret position will be '20'
-&gt; done: IntellisenseProviderSteps.ThenTheResultTextShouldBeWithCaretPositionWillBe("text[[rec().[[var...", 20) (0.0s)</StdOut>
      </Output>
    </UnitTestResult>
    <UnitTestResult executionId="c3ebacb6-c960-4a81-b3a7-746b5967e56e" testId="4bf46b0b-07a6-9ff1-1be8-7946a3642e6c" testName="InsertForAllFilterTypeAndDefaultProvider_8" computerName="ASH" duration="00:00:00.0016508" startTime="2017-03-16T11:55:25.0752624+02:00" endTime="2017-03-16T11:55:25.0792606+02:00" testType="13cdc9d9-ddb5-4fa4-a97d-d965ccfc6d4b" outcome="Passed" testListId="8c84fa94-04c1-424b-9868-57a2d4851a1d" relativeResultsDirectory="c3ebacb6-c960-4a81-b3a7-746b5967e56e">
      <Output>
        <StdOut>Given I have the following intellisense options '[[var]],[[var2]],[[rec()]],[[rec().var2]],[[rec(*).var2]],[[rec().var]],[[rec(*).var]]'
-&gt; done: IntellisenseProviderSteps.GivenIHaveTheFollowingIntellisenseOptions("[[var]],[[var2]],...") (0.0s)
And the filter type is 'All'
-&gt; done: IntellisenseProviderSteps.GivenTheFilterTypeIs("All") (0.0s)
And the current text in the textbox is '[[var]]v'
-&gt; done: IntellisenseProviderSteps.GivenTheCurrentTextInTheTextboxIs("[[var]]v") (0.0s)
And the cursor is at index '8'
-&gt; done: IntellisenseProviderSteps.GivenTheCursorIsAtIndex(8) (0.0s)
And the provider used is 'Default'
-&gt; done: IntellisenseProviderSteps.GivenTheProviderUsedIs("Default") (0.0s)
And the suggestion list as '[[var]],[[var2]],[[rec().var]],[[rec(*).var]],[[rec().var2]],[[rec(*).var2]]'
-&gt; done: IntellisenseProviderSteps.GivenTheSuggestionListAs("[[var]],[[var2]],...") (0.0s)
When I select the following string option '[[rec(*).var]]'
-&gt; done: IntellisenseProviderSteps.WhenISelectTheFollowingStringOption("[[rec(*).var]]") (0.0s)
Then the result text should be "[[var]][[rec(*).var]]" with caret position will be '21'
-&gt; done: IntellisenseProviderSteps.ThenTheResultTextShouldBeWithCaretPositionWillBe("[[var]][[rec(*).v...", 21) (0.0s)</StdOut>
      </Output>
    </UnitTestResult>
    <UnitTestResult executionId="66b4b4f8-20b1-41b2-be30-e9f83555dad0" testId="1f298afd-6d6e-c1d4-f1da-d6465923f536" testName="InsertForAllFilterTypeAndDefaultProvider_9" computerName="ASH" duration="00:00:00.0022349" startTime="2017-03-16T11:55:25.0837592+02:00" endTime="2017-03-16T11:55:25.0877614+02:00" testType="13cdc9d9-ddb5-4fa4-a97d-d965ccfc6d4b" outcome="Passed" testListId="8c84fa94-04c1-424b-9868-57a2d4851a1d" relativeResultsDirectory="66b4b4f8-20b1-41b2-be30-e9f83555dad0">
      <Output>
        <StdOut>Given I have the following intellisense options '[[var]],[[var2]],[[rec()]],[[rec().var2]],[[rec().var]]'
-&gt; done: IntellisenseProviderSteps.GivenIHaveTheFollowingIntellisenseOptions("[[var]],[[var2]],...") (0.0s)
And the filter type is 'All'
-&gt; done: IntellisenseProviderSteps.GivenTheFilterTypeIs("All") (0.0s)
And the current text in the textbox is '[[var]][['
-&gt; done: IntellisenseProviderSteps.GivenTheCurrentTextInTheTextboxIs("[[var]][[") (0.0s)
And the cursor is at index '9'
-&gt; done: IntellisenseProviderSteps.GivenTheCursorIsAtIndex(9) (0.0s)
And the provider used is 'Default'
-&gt; done: IntellisenseProviderSteps.GivenTheProviderUsedIs("Default") (0.0s)
And the suggestion list as '[[var]],[[var2]],[[rec().var]],[[rec().var2]]'
-&gt; done: IntellisenseProviderSteps.GivenTheSuggestionListAs("[[var]],[[var2]],...") (0.0s)
When I select the following string option '[[rec().var]]'
-&gt; done: IntellisenseProviderSteps.WhenISelectTheFollowingStringOption("[[rec().var]]") (0.0s)
Then the result text should be "[[var]][[rec().var]]" with caret position will be '20'
-&gt; done: IntellisenseProviderSteps.ThenTheResultTextShouldBeWithCaretPositionWillBe("[[var]][[rec().var]]", 20) (0.0s)</StdOut>
      </Output>
    </UnitTestResult>
    <UnitTestResult executionId="b865d6cb-8adf-4059-9205-ed48faba52bf" testId="a9701ed3-b206-1f54-96be-dc78ce5d0ac0" testName="InsertForAllFilterTypeAndFileProvider_1" computerName="ASH" duration="00:00:00.0105258" startTime="2017-03-16T11:55:25.0932133+02:00" endTime="2017-03-16T11:55:25.1062112+02:00" testType="13cdc9d9-ddb5-4fa4-a97d-d965ccfc6d4b" outcome="Passed" testListId="8c84fa94-04c1-424b-9868-57a2d4851a1d" relativeResultsDirectory="b865d6cb-8adf-4059-9205-ed48faba52bf">
      <Output>
        <StdOut>Given I have the following variable list '&lt;myfile/&gt;&lt;file&gt;&lt;name/&gt;&lt;/file&gt;'
-&gt; done: IntellisenseProviderSteps.GivenIHaveTheFollowingVariableList("&lt;myfile/&gt;&lt;file&gt;&lt;n...") (0.0s)
And the file path structure is ''
-&gt; done: IntellisenseProviderSteps.GivenTheFilePathStructureIs("") (0.0s)
And the filter type is 'All'
-&gt; done: IntellisenseProviderSteps.GivenTheFilterTypeIs("All") (0.0s)
And the current text in the textbox is 'c:\[[fil'
-&gt; done: IntellisenseProviderSteps.GivenTheCurrentTextInTheTextboxIs("c:\[[fil") (0.0s)
And the cursor is at index '8'
-&gt; done: IntellisenseProviderSteps.GivenTheCursorIsAtIndex(8) (0.0s)
And the provider used is 'Default, File'
-&gt; done: IntellisenseProviderSteps.GivenTheProviderUsedIs("Default, File") (0.0s)
And the drop down list as '[[file(*).name]],[[file(*)]],[[file().name]],[[file()]],[[myfile]]'
-&gt; done: IntellisenseProviderSteps.GivenTheDropDownListAs("[[file(*).name]],...") (0.0s)
When I select the following option '[[myfile]]'
-&gt; done: IntellisenseProviderSteps.WhenISelectTheFollowingOption("[[myfile]]") (0.0s)
Then the result text should be 'c:\[[myfile]]'
-&gt; done: IntellisenseProviderSteps.ThenTheResultTextShouldBe("c:\[[myfile]]") (0.0s)
And the caret position will be '13'
-&gt; done: IntellisenseProviderSteps.ThenTheCaretPositionWillBe(13) (0.0s)</StdOut>
      </Output>
    </UnitTestResult>
    <UnitTestResult executionId="409c40eb-2871-4ffb-a1a2-057df2d2d90a" testId="2c11eab4-8957-fb2a-5d0d-57d761165078" testName="InsertForAllFilterTypeAndFileProvider_10" computerName="ASH" duration="00:00:00.0071912" startTime="2017-03-16T11:55:25.1112113+02:00" endTime="2017-03-16T11:55:25.1202119+02:00" testType="13cdc9d9-ddb5-4fa4-a97d-d965ccfc6d4b" outcome="Passed" testListId="8c84fa94-04c1-424b-9868-57a2d4851a1d" relativeResultsDirectory="409c40eb-2871-4ffb-a1a2-057df2d2d90a">
      <Output>
        <StdOut>Given I have the following variable list '&lt;c/&gt;&lt;cd/&gt;'
-&gt; done: IntellisenseProviderSteps.GivenIHaveTheFollowingVariableList("&lt;c/&gt;&lt;cd/&gt;") (0.0s)
And the file path structure is 'c:\,c:\FolderA,c:\FolderA\FileA.txt'
-&gt; done: IntellisenseProviderSteps.GivenTheFilePathStructureIs("c:\,c:\FolderA,c:...") (0.0s)
And the filter type is 'All'
-&gt; done: IntellisenseProviderSteps.GivenTheFilterTypeIs("All") (0.0s)
And the current text in the textbox is 'del c:\FolderA c'
-&gt; done: IntellisenseProviderSteps.GivenTheCurrentTextInTheTextboxIs("del c:\FolderA c") (0.0s)
And the cursor is at index '16'
-&gt; done: IntellisenseProviderSteps.GivenTheCursorIsAtIndex(16) (0.0s)
And the provider used is 'Default, File'
-&gt; done: IntellisenseProviderSteps.GivenTheProviderUsedIs("Default, File") (0.0s)
And the drop down list as '[[c]],[[cd]],c:\,c:\FolderA,c:\FolderA\FileA.txt'
-&gt; done: IntellisenseProviderSteps.GivenTheDropDownListAs("[[c]],[[cd]],c:\,...") (0.0s)
When I select the following option '[[cd]]'
-&gt; done: IntellisenseProviderSteps.WhenISelectTheFollowingOption("[[cd]]") (0.0s)
Then the result text should be 'del c:\FolderA [[cd]]'
-&gt; done: IntellisenseProviderSteps.ThenTheResultTextShouldBe("del c:\FolderA [[...") (0.0s)
And the caret position will be '21'
-&gt; done: IntellisenseProviderSteps.ThenTheCaretPositionWillBe(21) (0.0s)</StdOut>
      </Output>
    </UnitTestResult>
    <UnitTestResult executionId="86712864-ea57-424f-a330-60a08f10d920" testId="cbcda65f-c03c-06db-76bc-50e7ec9e4f5a" testName="InsertForAllFilterTypeAndFileProvider_11" computerName="ASH" duration="00:00:00.0065029" startTime="2017-03-16T11:55:25.1242096+02:00" endTime="2017-03-16T11:55:25.1322087+02:00" testType="13cdc9d9-ddb5-4fa4-a97d-d965ccfc6d4b" outcome="Passed" testListId="8c84fa94-04c1-424b-9868-57a2d4851a1d" relativeResultsDirectory="86712864-ea57-424f-a330-60a08f10d920">
      <Output>
        <StdOut>Given I have the following variable list '&lt;c/&gt;&lt;cd/&gt;'
-&gt; done: IntellisenseProviderSteps.GivenIHaveTheFollowingVariableList("&lt;c/&gt;&lt;cd/&gt;") (0.0s)
And the file path structure is 'c:\,c:\FolderA,c:\FolderA\FileA.txt'
-&gt; done: IntellisenseProviderSteps.GivenTheFilePathStructureIs("c:\,c:\FolderA,c:...") (0.0s)
And the filter type is 'All'
-&gt; done: IntellisenseProviderSteps.GivenTheFilterTypeIs("All") (0.0s)
And the current text in the textbox is 'del c:\FolderA\'
-&gt; done: IntellisenseProviderSteps.GivenTheCurrentTextInTheTextboxIs("del c:\FolderA\") (0.0s)
And the cursor is at index '15'
-&gt; done: IntellisenseProviderSteps.GivenTheCursorIsAtIndex(15) (0.0s)
And the provider used is 'Default, File'
-&gt; done: IntellisenseProviderSteps.GivenTheProviderUsedIs("Default, File") (0.0s)
And the drop down list as 'c:\FolderA\FileA.txt'
-&gt; done: IntellisenseProviderSteps.GivenTheDropDownListAs("c:\FolderA\FileA.txt") (0.0s)
When I select the following option 'c:\FolderA\FileA.txt'
-&gt; done: IntellisenseProviderSteps.WhenISelectTheFollowingOption("c:\FolderA\FileA.txt") (0.0s)
Then the result text should be 'del c:\FolderA\FileA.txt'
-&gt; done: IntellisenseProviderSteps.ThenTheResultTextShouldBe("del c:\FolderA\Fi...") (0.0s)
And the caret position will be '24'
-&gt; done: IntellisenseProviderSteps.ThenTheCaretPositionWillBe(24) (0.0s)</StdOut>
      </Output>
    </UnitTestResult>
    <UnitTestResult executionId="cc57b057-5c61-40ae-835d-12648d8de2ce" testId="5bd468d8-29d7-60e5-7a14-9dbd6e103991" testName="InsertForAllFilterTypeAndFileProvider_2" computerName="ASH" duration="00:00:00.0034049" startTime="2017-03-16T11:55:25.1372090+02:00" endTime="2017-03-16T11:55:25.1422088+02:00" testType="13cdc9d9-ddb5-4fa4-a97d-d965ccfc6d4b" outcome="Passed" testListId="8c84fa94-04c1-424b-9868-57a2d4851a1d" relativeResultsDirectory="cc57b057-5c61-40ae-835d-12648d8de2ce">
      <Output>
        <StdOut>Given I have the following variable list '&lt;myfile/&gt;&lt;file&gt;&lt;name/&gt;&lt;/file&gt;'
-&gt; done: IntellisenseProviderSteps.GivenIHaveTheFollowingVariableList("&lt;myfile/&gt;&lt;file&gt;&lt;n...") (0.0s)
And the file path structure is ''
-&gt; done: IntellisenseProviderSteps.GivenTheFilePathStructureIs("") (0.0s)
And the filter type is 'All'
-&gt; done: IntellisenseProviderSteps.GivenTheFilterTypeIs("All") (0.0s)
And the current text in the textbox is 'c:\[[fil]]'
-&gt; done: IntellisenseProviderSteps.GivenTheCurrentTextInTheTextboxIs("c:\[[fil]]") (0.0s)
And the cursor is at index '8'
-&gt; done: IntellisenseProviderSteps.GivenTheCursorIsAtIndex(8) (0.0s)
And the provider used is 'Default, File'
-&gt; done: IntellisenseProviderSteps.GivenTheProviderUsedIs("Default, File") (0.0s)
And the drop down list as '[[file(*).name]],[[file(*)]],[[file().name]],[[file()]],[[myfile]]'
-&gt; done: IntellisenseProviderSteps.GivenTheDropDownListAs("[[file(*).name]],...") (0.0s)
When I select the following option '[[myfile]]'
-&gt; done: IntellisenseProviderSteps.WhenISelectTheFollowingOption("[[myfile]]") (0.0s)
Then the result text should be 'c:\[[myfile]]'
-&gt; done: IntellisenseProviderSteps.ThenTheResultTextShouldBe("c:\[[myfile]]") (0.0s)
And the caret position will be '13'
-&gt; done: IntellisenseProviderSteps.ThenTheCaretPositionWillBe(13) (0.0s)</StdOut>
      </Output>
    </UnitTestResult>
    <UnitTestResult executionId="bc72205f-1d84-4e4a-9112-c10fcd222924" testId="1a898cb3-fb39-d0df-1eab-d9e3d9b93817" testName="InsertForAllFilterTypeAndFileProvider_3" computerName="ASH" duration="00:00:00.0043929" startTime="2017-03-16T11:55:25.1462088+02:00" endTime="2017-03-16T11:55:25.1532085+02:00" testType="13cdc9d9-ddb5-4fa4-a97d-d965ccfc6d4b" outcome="Passed" testListId="8c84fa94-04c1-424b-9868-57a2d4851a1d" relativeResultsDirectory="bc72205f-1d84-4e4a-9112-c10fcd222924">
      <Output>
        <StdOut>Given I have the following variable list '&lt;myfile/&gt;&lt;file&gt;&lt;name/&gt;&lt;/file&gt;'
-&gt; done: IntellisenseProviderSteps.GivenIHaveTheFollowingVariableList("&lt;myfile/&gt;&lt;file&gt;&lt;n...") (0.0s)
And the file path structure is ''
-&gt; done: IntellisenseProviderSteps.GivenTheFilePathStructureIs("") (0.0s)
And the filter type is 'All'
-&gt; done: IntellisenseProviderSteps.GivenTheFilterTypeIs("All") (0.0s)
And the current text in the textbox is 'c:\[[fil]]'
-&gt; done: IntellisenseProviderSteps.GivenTheCurrentTextInTheTextboxIs("c:\[[fil]]") (0.0s)
And the cursor is at index '8'
-&gt; done: IntellisenseProviderSteps.GivenTheCursorIsAtIndex(8) (0.0s)
And the provider used is 'Default, File'
-&gt; done: IntellisenseProviderSteps.GivenTheProviderUsedIs("Default, File") (0.0s)
And the drop down list as '[[file(*).name]],[[file(*)]],[[file().name]],[[file()]],[[myfile]]'
-&gt; done: IntellisenseProviderSteps.GivenTheDropDownListAs("[[file(*).name]],...") (0.0s)
When I select the following option '[[file().name]]'
-&gt; done: IntellisenseProviderSteps.WhenISelectTheFollowingOption("[[file().name]]") (0.0s)
Then the result text should be 'c:\[[file().name]]'
-&gt; done: IntellisenseProviderSteps.ThenTheResultTextShouldBe("c:\[[file().name]]") (0.0s)
And the caret position will be '18'
-&gt; done: IntellisenseProviderSteps.ThenTheCaretPositionWillBe(18) (0.0s)</StdOut>
      </Output>
    </UnitTestResult>
    <UnitTestResult executionId="1524fb0c-4c61-4a31-9b5d-4d3a525c0405" testId="1b1d140d-7202-652a-29ed-79cfb711d080" testName="InsertForAllFilterTypeAndFileProvider_4" computerName="ASH" duration="00:00:00.0032724" startTime="2017-03-16T11:55:25.1572080+02:00" endTime="2017-03-16T11:55:25.1622068+02:00" testType="13cdc9d9-ddb5-4fa4-a97d-d965ccfc6d4b" outcome="Passed" testListId="8c84fa94-04c1-424b-9868-57a2d4851a1d" relativeResultsDirectory="1524fb0c-4c61-4a31-9b5d-4d3a525c0405">
      <Output>
        <StdOut>Given I have the following variable list '&lt;myfile/&gt;&lt;file&gt;&lt;name/&gt;&lt;/file&gt;'
-&gt; done: IntellisenseProviderSteps.GivenIHaveTheFollowingVariableList("&lt;myfile/&gt;&lt;file&gt;&lt;n...") (0.0s)
And the file path structure is ''
-&gt; done: IntellisenseProviderSteps.GivenTheFilePathStructureIs("") (0.0s)
And the filter type is 'All'
-&gt; done: IntellisenseProviderSteps.GivenTheFilterTypeIs("All") (0.0s)
And the current text in the textbox is 'c:\[[myfile]][['
-&gt; done: IntellisenseProviderSteps.GivenTheCurrentTextInTheTextboxIs("c:\[[myfile]][[") (0.0s)
And the cursor is at index '13'
-&gt; done: IntellisenseProviderSteps.GivenTheCursorIsAtIndex(13) (0.0s)
And the provider used is 'Default, File'
-&gt; done: IntellisenseProviderSteps.GivenTheProviderUsedIs("Default, File") (0.0s)
And the drop down list as ''
-&gt; done: IntellisenseProviderSteps.GivenTheDropDownListAs("") (0.0s)
When I select the following option ''
-&gt; done: IntellisenseProviderSteps.WhenISelectTheFollowingOption("") (0.0s)
Then the result text should be 'c:\[[myfile]][['
-&gt; done: IntellisenseProviderSteps.ThenTheResultTextShouldBe("c:\[[myfile]][[") (0.0s)
And the caret position will be '13'
-&gt; done: IntellisenseProviderSteps.ThenTheCaretPositionWillBe(13) (0.0s)</StdOut>
      </Output>
    </UnitTestResult>
    <UnitTestResult executionId="5485682b-db30-467a-ad6c-a7f930084477" testId="d1ec9805-5953-3f77-a4d2-b6c7261b3c19" testName="InsertForAllFilterTypeAndFileProvider_5" computerName="ASH" duration="00:00:00.0034481" startTime="2017-03-16T11:55:25.1662074+02:00" endTime="2017-03-16T11:55:25.1722066+02:00" testType="13cdc9d9-ddb5-4fa4-a97d-d965ccfc6d4b" outcome="Passed" testListId="8c84fa94-04c1-424b-9868-57a2d4851a1d" relativeResultsDirectory="5485682b-db30-467a-ad6c-a7f930084477">
      <Output>
        <StdOut>Given I have the following variable list '&lt;myfile/&gt;&lt;file&gt;&lt;name/&gt;&lt;/file&gt;'
-&gt; done: IntellisenseProviderSteps.GivenIHaveTheFollowingVariableList("&lt;myfile/&gt;&lt;file&gt;&lt;n...") (0.0s)
And the file path structure is ''
-&gt; done: IntellisenseProviderSteps.GivenTheFilePathStructureIs("") (0.0s)
And the filter type is 'All'
-&gt; done: IntellisenseProviderSteps.GivenTheFilterTypeIs("All") (0.0s)
And the current text in the textbox is 'c:\[[myfile]][[fil'
-&gt; done: IntellisenseProviderSteps.GivenTheCurrentTextInTheTextboxIs("c:\[[myfile]][[fil") (0.0s)
And the cursor is at index '18'
-&gt; done: IntellisenseProviderSteps.GivenTheCursorIsAtIndex(18) (0.0s)
And the provider used is 'Default, File'
-&gt; done: IntellisenseProviderSteps.GivenTheProviderUsedIs("Default, File") (0.0s)
And the drop down list as '[[file(*).name]],[[file(*)]],[[file().name]],[[file()]],[[myfile]]'
-&gt; done: IntellisenseProviderSteps.GivenTheDropDownListAs("[[file(*).name]],...") (0.0s)
When I select the following option '[[file().name]]'
-&gt; done: IntellisenseProviderSteps.WhenISelectTheFollowingOption("[[file().name]]") (0.0s)
Then the result text should be 'c:\[[myfile]][[file().name]]'
-&gt; done: IntellisenseProviderSteps.ThenTheResultTextShouldBe("c:\[[myfile]][[fi...") (0.0s)
And the caret position will be '28'
-&gt; done: IntellisenseProviderSteps.ThenTheCaretPositionWillBe(28) (0.0s)</StdOut>
      </Output>
    </UnitTestResult>
    <UnitTestResult executionId="0ab3813f-a83b-450d-971b-61d0fc9f8cc3" testId="ce9aa5af-e81f-c381-69ee-727b5c31d002" testName="InsertForAllFilterTypeAndFileProvider_6" computerName="ASH" duration="00:00:00.0031918" startTime="2017-03-16T11:55:25.1762156+02:00" endTime="2017-03-16T11:55:25.1817143+02:00" testType="13cdc9d9-ddb5-4fa4-a97d-d965ccfc6d4b" outcome="Passed" testListId="8c84fa94-04c1-424b-9868-57a2d4851a1d" relativeResultsDirectory="0ab3813f-a83b-450d-971b-61d0fc9f8cc3">
      <Output>
        <StdOut>Given I have the following variable list '&lt;myfile/&gt;&lt;file&gt;&lt;name/&gt;&lt;/file&gt;'
-&gt; done: IntellisenseProviderSteps.GivenIHaveTheFollowingVariableList("&lt;myfile/&gt;&lt;file&gt;&lt;n...") (0.0s)
And the file path structure is ''
-&gt; done: IntellisenseProviderSteps.GivenTheFilePathStructureIs("") (0.0s)
And the filter type is 'All'
-&gt; done: IntellisenseProviderSteps.GivenTheFilterTypeIs("All") (0.0s)
And the current text in the textbox is '[[myfile]].'
-&gt; done: IntellisenseProviderSteps.GivenTheCurrentTextInTheTextboxIs("[[myfile]].") (0.0s)
And the cursor is at index '11'
-&gt; done: IntellisenseProviderSteps.GivenTheCursorIsAtIndex(11) (0.0s)
And the provider used is 'Default, File'
-&gt; done: IntellisenseProviderSteps.GivenTheProviderUsedIs("Default, File") (0.0s)
And the drop down list as '[[file(*).name]],[[file().name]]'
-&gt; done: IntellisenseProviderSteps.GivenTheDropDownListAs("[[file(*).name]],...") (0.0s)
When I select the following option ''
-&gt; done: IntellisenseProviderSteps.WhenISelectTheFollowingOption("") (0.0s)
Then the result text should be '[[myfile]].'
-&gt; done: IntellisenseProviderSteps.ThenTheResultTextShouldBe("[[myfile]].") (0.0s)
And the caret position will be '11'
-&gt; done: IntellisenseProviderSteps.ThenTheCaretPositionWillBe(11) (0.0s)</StdOut>
      </Output>
    </UnitTestResult>
    <UnitTestResult executionId="64e88904-c025-47c1-b70a-d8588cb32ea8" testId="bd78dbe2-059a-7409-cf00-cee6dbceb202" testName="InsertForAllFilterTypeAndFileProvider_7" computerName="ASH" duration="00:00:00.0034792" startTime="2017-03-16T11:55:25.1857149+02:00" endTime="2017-03-16T11:55:25.1902260+02:00" testType="13cdc9d9-ddb5-4fa4-a97d-d965ccfc6d4b" outcome="Passed" testListId="8c84fa94-04c1-424b-9868-57a2d4851a1d" relativeResultsDirectory="64e88904-c025-47c1-b70a-d8588cb32ea8">
      <Output>
        <StdOut>Given I have the following variable list ''
-&gt; done: IntellisenseProviderSteps.GivenIHaveTheFollowingVariableList("") (0.0s)
And the file path structure is 'c:\,c:\FolderA,c:\FolderA\FileA.txt'
-&gt; done: IntellisenseProviderSteps.GivenTheFilePathStructureIs("c:\,c:\FolderA,c:...") (0.0s)
And the filter type is 'All'
-&gt; done: IntellisenseProviderSteps.GivenTheFilterTypeIs("All") (0.0s)
And the current text in the textbox is 'del c'
-&gt; done: IntellisenseProviderSteps.GivenTheCurrentTextInTheTextboxIs("del c") (0.0s)
And the cursor is at index '5'
-&gt; done: IntellisenseProviderSteps.GivenTheCursorIsAtIndex(5) (0.0s)
And the provider used is 'Default, File'
-&gt; done: IntellisenseProviderSteps.GivenTheProviderUsedIs("Default, File") (0.0s)
And the drop down list as 'c:\,c:\FolderA,c:\FolderA\FileA.txt'
-&gt; done: IntellisenseProviderSteps.GivenTheDropDownListAs("c:\,c:\FolderA,c:...") (0.0s)
When I select the following option 'c:\FolderA\FileA.txt'
-&gt; done: IntellisenseProviderSteps.WhenISelectTheFollowingOption("c:\FolderA\FileA.txt") (0.0s)
Then the result text should be 'del c:\FolderA\FileA.txt'
-&gt; done: IntellisenseProviderSteps.ThenTheResultTextShouldBe("del c:\FolderA\Fi...") (0.0s)
And the caret position will be '24'
-&gt; done: IntellisenseProviderSteps.ThenTheCaretPositionWillBe(24) (0.0s)</StdOut>
      </Output>
    </UnitTestResult>
    <UnitTestResult executionId="0de44acf-e0bd-48b7-92dd-67b48b1195fb" testId="e0742502-eb90-3b4f-3c63-dc1b824fa086" testName="InsertForAllFilterTypeAndFileProvider_9" computerName="ASH" duration="00:00:00.0046694" startTime="2017-03-16T11:55:25.1952266+02:00" endTime="2017-03-16T11:55:25.2012267+02:00" testType="13cdc9d9-ddb5-4fa4-a97d-d965ccfc6d4b" outcome="Passed" testListId="8c84fa94-04c1-424b-9868-57a2d4851a1d" relativeResultsDirectory="0de44acf-e0bd-48b7-92dd-67b48b1195fb">
      <Output>
        <StdOut>Given I have the following variable list ''
-&gt; done: IntellisenseProviderSteps.GivenIHaveTheFollowingVariableList("") (0.0s)
And the file path structure is 'c:\,c:\FolderA,c:\FolderA\FileA.txt'
-&gt; done: IntellisenseProviderSteps.GivenTheFilePathStructureIs("c:\,c:\FolderA,c:...") (0.0s)
And the filter type is 'All'
-&gt; done: IntellisenseProviderSteps.GivenTheFilterTypeIs("All") (0.0s)
And the current text in the textbox is 'del c:\FolderA c'
-&gt; done: IntellisenseProviderSteps.GivenTheCurrentTextInTheTextboxIs("del c:\FolderA c") (0.0s)
And the cursor is at index '16'
-&gt; done: IntellisenseProviderSteps.GivenTheCursorIsAtIndex(16) (0.0s)
And the provider used is 'Default, File'
-&gt; done: IntellisenseProviderSteps.GivenTheProviderUsedIs("Default, File") (0.0s)
And the drop down list as 'c:\,c:\FolderA,c:\FolderA\FileA.txt'
-&gt; done: IntellisenseProviderSteps.GivenTheDropDownListAs("c:\,c:\FolderA,c:...") (0.0s)
When I select the following option 'c:\FolderA\FileA.txt'
-&gt; done: IntellisenseProviderSteps.WhenISelectTheFollowingOption("c:\FolderA\FileA.txt") (0.0s)
Then the result text should be 'del c:\FolderA c:\FolderA\FileA.txt'
-&gt; done: IntellisenseProviderSteps.ThenTheResultTextShouldBe("del c:\FolderA c:...") (0.0s)
And the caret position will be '35'
-&gt; done: IntellisenseProviderSteps.ThenTheCaretPositionWillBe(35) (0.0s)</StdOut>
      </Output>
    </UnitTestResult>
    <UnitTestResult executionId="530023aa-b6ab-4d4b-93af-2a774e9efba7" testId="9004c837-784e-e491-3ff3-71e973fc0f0d" testName="InsertForJsonFilterTypeAndDefaultProvider_1" computerName="ASH" duration="00:00:00.0072123" startTime="2017-03-16T11:55:25.2052249+02:00" endTime="2017-03-16T11:55:25.2152268+02:00" testType="13cdc9d9-ddb5-4fa4-a97d-d965ccfc6d4b" outcome="Passed" testListId="8c84fa94-04c1-424b-9868-57a2d4851a1d" relativeResultsDirectory="530023aa-b6ab-4d4b-93af-2a774e9efba7">
      <Output>
        <StdOut>Given I have the following intellisense options '[[@Person]],[[@Person.name]]'
-&gt; done: IntellisenseProviderSteps.GivenIHaveTheFollowingIntellisenseOptions("[[@Person]],[[@Pe...") (0.0s)
And the filter type is 'JsonObject'
-&gt; done: IntellisenseProviderSteps.GivenTheFilterTypeIs("JsonObject") (0.0s)
And the current text in the textbox is '@P'
-&gt; done: IntellisenseProviderSteps.GivenTheCurrentTextInTheTextboxIs("@P") (0.0s)
And the cursor is at index '2'
-&gt; done: IntellisenseProviderSteps.GivenTheCursorIsAtIndex(2) (0.0s)
And the provider used is 'Default'
-&gt; done: IntellisenseProviderSteps.GivenTheProviderUsedIs("Default") (0.0s)
And the suggestion list as '[[@Person.name]],[[@Person]]'
-&gt; done: IntellisenseProviderSteps.GivenTheSuggestionListAs("[[@Person.name]],...") (0.0s)
When I select the following string option '[[@Person.name]]'
-&gt; done: IntellisenseProviderSteps.WhenISelectTheFollowingStringOption("[[@Person.name]]") (0.0s)
Then the result text should be "[[@Person.name]]" with caret position will be '16'
-&gt; done: IntellisenseProviderSteps.ThenTheResultTextShouldBeWithCaretPositionWillBe("[[@Person.name]]", 16) (0.0s)</StdOut>
      </Output>
    </UnitTestResult>
    <UnitTestResult executionId="9abc0a10-957a-4744-a7b2-0b2cdaf5256e" testId="5f0c8c93-ef66-6fc3-fdf7-ea38d4792aee" testName="InsertForJsonFilterTypeAndDefaultProvider_10" computerName="ASH" duration="00:00:00.0029235" startTime="2017-03-16T11:55:25.2202226+02:00" endTime="2017-03-16T11:55:25.2252235+02:00" testType="13cdc9d9-ddb5-4fa4-a97d-d965ccfc6d4b" outcome="Passed" testListId="8c84fa94-04c1-424b-9868-57a2d4851a1d" relativeResultsDirectory="9abc0a10-957a-4744-a7b2-0b2cdaf5256e">
      <Output>
        <StdOut>Given I have the following intellisense options '[[@Person]],[[@Person.name]],[[@Person.Age]]'
-&gt; done: IntellisenseProviderSteps.GivenIHaveTheFollowingIntellisenseOptions("[[@Person]],[[@Pe...") (0.0s)
And the filter type is 'JsonObject'
-&gt; done: IntellisenseProviderSteps.GivenTheFilterTypeIs("JsonObject") (0.0s)
And the current text in the textbox is '@P'
-&gt; done: IntellisenseProviderSteps.GivenTheCurrentTextInTheTextboxIs("@P") (0.0s)
And the cursor is at index '2'
-&gt; done: IntellisenseProviderSteps.GivenTheCursorIsAtIndex(2) (0.0s)
And the provider used is 'Default'
-&gt; done: IntellisenseProviderSteps.GivenTheProviderUsedIs("Default") (0.0s)
And the suggestion list as '[[@Person.Age]],[[@Person.name]],[[@Person]]'
-&gt; done: IntellisenseProviderSteps.GivenTheSuggestionListAs("[[@Person.Age]],[...") (0.0s)
When I select the following string option '[[@Person.Age]]'
-&gt; done: IntellisenseProviderSteps.WhenISelectTheFollowingStringOption("[[@Person.Age]]") (0.0s)
Then the result text should be "[[@Person.Age]]" with caret position will be '15'
-&gt; done: IntellisenseProviderSteps.ThenTheResultTextShouldBeWithCaretPositionWillBe("[[@Person.Age]]", 15) (0.0s)</StdOut>
      </Output>
    </UnitTestResult>
    <UnitTestResult executionId="27aed13b-1e33-4fe0-92f8-ad9af8998b99" testId="b562271c-6963-eeb4-6a90-754f22f5f0c5" testName="InsertForJsonFilterTypeAndDefaultProvider_11" computerName="ASH" duration="00:00:00.0018156" startTime="2017-03-16T11:55:25.2302250+02:00" endTime="2017-03-16T11:55:25.2342227+02:00" testType="13cdc9d9-ddb5-4fa4-a97d-d965ccfc6d4b" outcome="Passed" testListId="8c84fa94-04c1-424b-9868-57a2d4851a1d" relativeResultsDirectory="27aed13b-1e33-4fe0-92f8-ad9af8998b99">
      <Output>
        <StdOut>Given I have the following intellisense options '[[@Person]],[[@Person.name]],[[@Person.Age]]'
-&gt; done: IntellisenseProviderSteps.GivenIHaveTheFollowingIntellisenseOptions("[[@Person]],[[@Pe...") (0.0s)
And the filter type is 'JsonObject'
-&gt; done: IntellisenseProviderSteps.GivenTheFilterTypeIs("JsonObject") (0.0s)
And the current text in the textbox is '[['
-&gt; done: IntellisenseProviderSteps.GivenTheCurrentTextInTheTextboxIs("[[") (0.0s)
And the cursor is at index '2'
-&gt; done: IntellisenseProviderSteps.GivenTheCursorIsAtIndex(2) (0.0s)
And the provider used is 'Default'
-&gt; done: IntellisenseProviderSteps.GivenTheProviderUsedIs("Default") (0.0s)
And the suggestion list as '[[@Person.Age]],[[@Person.name]],[[@Person]]'
-&gt; done: IntellisenseProviderSteps.GivenTheSuggestionListAs("[[@Person.Age]],[...") (0.0s)
When I select the following string option '[[@Person.Age]]'
-&gt; done: IntellisenseProviderSteps.WhenISelectTheFollowingStringOption("[[@Person.Age]]") (0.0s)
Then the result text should be "[[@Person.Age]]" with caret position will be '15'
-&gt; done: IntellisenseProviderSteps.ThenTheResultTextShouldBeWithCaretPositionWillBe("[[@Person.Age]]", 15) (0.0s)</StdOut>
      </Output>
    </UnitTestResult>
    <UnitTestResult executionId="9f2658f5-a87a-445f-82bf-59a11aea448b" testId="0a0f94aa-2e17-60a5-8f80-b71ea97ca88e" testName="InsertForJsonFilterTypeAndDefaultProvider_12" computerName="ASH" duration="00:00:00.0015859" startTime="2017-03-16T11:55:25.2392221+02:00" endTime="2017-03-16T11:55:25.2432215+02:00" testType="13cdc9d9-ddb5-4fa4-a97d-d965ccfc6d4b" outcome="Passed" testListId="8c84fa94-04c1-424b-9868-57a2d4851a1d" relativeResultsDirectory="9f2658f5-a87a-445f-82bf-59a11aea448b">
      <Output>
        <StdOut>Given I have the following intellisense options '[[@Person]],[[@Person.name]],[[@Person.Age]]'
-&gt; done: IntellisenseProviderSteps.GivenIHaveTheFollowingIntellisenseOptions("[[@Person]],[[@Pe...") (0.0s)
And the filter type is 'JsonObject'
-&gt; done: IntellisenseProviderSteps.GivenTheFilterTypeIs("JsonObject") (0.0s)
And the current text in the textbox is '[['
-&gt; done: IntellisenseProviderSteps.GivenTheCurrentTextInTheTextboxIs("[[") (0.0s)
And the cursor is at index '2'
-&gt; done: IntellisenseProviderSteps.GivenTheCursorIsAtIndex(2) (0.0s)
And the provider used is 'Default'
-&gt; done: IntellisenseProviderSteps.GivenTheProviderUsedIs("Default") (0.0s)
And the suggestion list as '[[@Person.Age]],[[@Person.name]],[[@Person]]'
-&gt; done: IntellisenseProviderSteps.GivenTheSuggestionListAs("[[@Person.Age]],[...") (0.0s)
When I select the following string option '[[@Person.name]]'
-&gt; done: IntellisenseProviderSteps.WhenISelectTheFollowingStringOption("[[@Person.name]]") (0.0s)
Then the result text should be "[[@Person.name]]" with caret position will be '16'
-&gt; done: IntellisenseProviderSteps.ThenTheResultTextShouldBeWithCaretPositionWillBe("[[@Person.name]]", 16) (0.0s)</StdOut>
      </Output>
    </UnitTestResult>
    <UnitTestResult executionId="ca972239-03d8-4a0c-8988-3d6c174fc099" testId="6b3e35ba-db3b-68c6-c360-a0bdb9565998" testName="InsertForJsonFilterTypeAndDefaultProvider_14" computerName="ASH" duration="00:00:00.0011138" startTime="2017-03-16T11:55:25.2492203+02:00" endTime="2017-03-16T11:55:25.2522201+02:00" testType="13cdc9d9-ddb5-4fa4-a97d-d965ccfc6d4b" outcome="Passed" testListId="8c84fa94-04c1-424b-9868-57a2d4851a1d" relativeResultsDirectory="ca972239-03d8-4a0c-8988-3d6c174fc099">
      <Output>
        <StdOut>Given I have the following intellisense options '[[@Person]],[[@Person.name]],[[@Person.Age]]'
-&gt; done: IntellisenseProviderSteps.GivenIHaveTheFollowingIntellisenseOptions("[[@Person]],[[@Pe...") (0.0s)
And the filter type is 'JsonObject'
-&gt; done: IntellisenseProviderSteps.GivenTheFilterTypeIs("JsonObject") (0.0s)
And the current text in the textbox is '@Person.'
-&gt; done: IntellisenseProviderSteps.GivenTheCurrentTextInTheTextboxIs("@Person.") (0.0s)
And the cursor is at index '8'
-&gt; done: IntellisenseProviderSteps.GivenTheCursorIsAtIndex(8) (0.0s)
And the provider used is 'Default'
-&gt; done: IntellisenseProviderSteps.GivenTheProviderUsedIs("Default") (0.0s)
And the suggestion list as '[[@Person.Age]],[[@Person.name]]'
-&gt; done: IntellisenseProviderSteps.GivenTheSuggestionListAs("[[@Person.Age]],[...") (0.0s)
When I select the following string option '[[@Person.name]]'
-&gt; done: IntellisenseProviderSteps.WhenISelectTheFollowingStringOption("[[@Person.name]]") (0.0s)
Then the result text should be "[[@Person.name]]" with caret position will be '16'
-&gt; done: IntellisenseProviderSteps.ThenTheResultTextShouldBeWithCaretPositionWillBe("[[@Person.name]]", 16) (0.0s)</StdOut>
      </Output>
    </UnitTestResult>
    <UnitTestResult executionId="c69485f0-34e5-4e01-8d1d-09b0e056d15c" testId="f43c24ce-734b-4a88-c6a8-839e29ef4018" testName="InsertForJsonFilterTypeAndDefaultProvider_15" computerName="ASH" duration="00:00:00.0012593" startTime="2017-03-16T11:55:25.2572195+02:00" endTime="2017-03-16T11:55:25.2602201+02:00" testType="13cdc9d9-ddb5-4fa4-a97d-d965ccfc6d4b" outcome="Passed" testListId="8c84fa94-04c1-424b-9868-57a2d4851a1d" relativeResultsDirectory="c69485f0-34e5-4e01-8d1d-09b0e056d15c">
      <Output>
        <StdOut>Given I have the following intellisense options '[[@Person]],[[@Person.name]],[[@Person.Age]]'
-&gt; done: IntellisenseProviderSteps.GivenIHaveTheFollowingIntellisenseOptions("[[@Person]],[[@Pe...") (0.0s)
And the filter type is 'JsonObject'
-&gt; done: IntellisenseProviderSteps.GivenTheFilterTypeIs("JsonObject") (0.0s)
And the current text in the textbox is '@Person.'
-&gt; done: IntellisenseProviderSteps.GivenTheCurrentTextInTheTextboxIs("@Person.") (0.0s)
And the cursor is at index '8'
-&gt; done: IntellisenseProviderSteps.GivenTheCursorIsAtIndex(8) (0.0s)
And the provider used is 'Default'
-&gt; done: IntellisenseProviderSteps.GivenTheProviderUsedIs("Default") (0.0s)
And the suggestion list as '[[@Person.Age]],[[@Person.name]]'
-&gt; done: IntellisenseProviderSteps.GivenTheSuggestionListAs("[[@Person.Age]],[...") (0.0s)
When I select the following string option '[[@Person.Age]]'
-&gt; done: IntellisenseProviderSteps.WhenISelectTheFollowingStringOption("[[@Person.Age]]") (0.0s)
Then the result text should be "[[@Person.Age]]" with caret position will be '15'
-&gt; done: IntellisenseProviderSteps.ThenTheResultTextShouldBeWithCaretPositionWillBe("[[@Person.Age]]", 15) (0.0s)</StdOut>
      </Output>
    </UnitTestResult>
    <UnitTestResult executionId="73ac90d0-bcd3-457a-bee2-647a47d3177e" testId="e7d3f2bc-0d2b-6161-56ff-83390936ce06" testName="InsertForJsonFilterTypeAndDefaultProvider_16" computerName="ASH" duration="00:00:00.0016454" startTime="2017-03-16T11:55:25.2662192+02:00" endTime="2017-03-16T11:55:25.2692205+02:00" testType="13cdc9d9-ddb5-4fa4-a97d-d965ccfc6d4b" outcome="Passed" testListId="8c84fa94-04c1-424b-9868-57a2d4851a1d" relativeResultsDirectory="73ac90d0-bcd3-457a-bee2-647a47d3177e">
      <Output>
        <StdOut>Given I have the following intellisense options '[[@Person]],[[@Person.name]],[[@Person.Age]]'
-&gt; done: IntellisenseProviderSteps.GivenIHaveTheFollowingIntellisenseOptions("[[@Person]],[[@Pe...") (0.0s)
And the filter type is 'JsonObject'
-&gt; done: IntellisenseProviderSteps.GivenTheFilterTypeIs("JsonObject") (0.0s)
And the current text in the textbox is '[[@Person.'
-&gt; done: IntellisenseProviderSteps.GivenTheCurrentTextInTheTextboxIs("[[@Person.") (0.0s)
And the cursor is at index '10'
-&gt; done: IntellisenseProviderSteps.GivenTheCursorIsAtIndex(10) (0.0s)
And the provider used is 'Default'
-&gt; done: IntellisenseProviderSteps.GivenTheProviderUsedIs("Default") (0.0s)
And the suggestion list as '[[@Person.Age]],[[@Person.name]]'
-&gt; done: IntellisenseProviderSteps.GivenTheSuggestionListAs("[[@Person.Age]],[...") (0.0s)
When I select the following string option '[[@Person.name]]'
-&gt; done: IntellisenseProviderSteps.WhenISelectTheFollowingStringOption("[[@Person.name]]") (0.0s)
Then the result text should be "[[@Person.name]]" with caret position will be '16'
-&gt; done: IntellisenseProviderSteps.ThenTheResultTextShouldBeWithCaretPositionWillBe("[[@Person.name]]", 16) (0.0s)</StdOut>
      </Output>
    </UnitTestResult>
    <UnitTestResult executionId="b6cc3a72-f26b-4554-8802-3a1d94f9ef9b" testId="2d73c85f-9c8d-6e04-343e-5da061f14932" testName="InsertForJsonFilterTypeAndDefaultProvider_17" computerName="ASH" duration="00:00:00.0016735" startTime="2017-03-16T11:55:25.2737279+02:00" endTime="2017-03-16T11:55:25.2772272+02:00" testType="13cdc9d9-ddb5-4fa4-a97d-d965ccfc6d4b" outcome="Passed" testListId="8c84fa94-04c1-424b-9868-57a2d4851a1d" relativeResultsDirectory="b6cc3a72-f26b-4554-8802-3a1d94f9ef9b">
      <Output>
        <StdOut>Given I have the following intellisense options '[[@Person]],[[@Person.name]],[[@Person.Age]]'
-&gt; done: IntellisenseProviderSteps.GivenIHaveTheFollowingIntellisenseOptions("[[@Person]],[[@Pe...") (0.0s)
And the filter type is 'JsonObject'
-&gt; done: IntellisenseProviderSteps.GivenTheFilterTypeIs("JsonObject") (0.0s)
And the current text in the textbox is '[[@Person.'
-&gt; done: IntellisenseProviderSteps.GivenTheCurrentTextInTheTextboxIs("[[@Person.") (0.0s)
And the cursor is at index '10'
-&gt; done: IntellisenseProviderSteps.GivenTheCursorIsAtIndex(10) (0.0s)
And the provider used is 'Default'
-&gt; done: IntellisenseProviderSteps.GivenTheProviderUsedIs("Default") (0.0s)
And the suggestion list as '[[@Person.name]],[[@Person.Age]]'
-&gt; done: IntellisenseProviderSteps.GivenTheSuggestionListAs("[[@Person.name]],...") (0.0s)
When I select the following string option '[[@Person.Age]]'
-&gt; done: IntellisenseProviderSteps.WhenISelectTheFollowingStringOption("[[@Person.Age]]") (0.0s)
Then the result text should be "[[@Person.Age]]" with caret position will be '15'
-&gt; done: IntellisenseProviderSteps.ThenTheResultTextShouldBeWithCaretPositionWillBe("[[@Person.Age]]", 15) (0.0s)</StdOut>
      </Output>
    </UnitTestResult>
    <UnitTestResult executionId="2c571210-c6d4-43e6-92a8-44d7b9c498e4" testId="9f824d34-1a6d-ba86-711d-c50a4168aab3" testName="InsertForJsonFilterTypeAndDefaultProvider_18" computerName="ASH" duration="00:00:00.0012684" startTime="2017-03-16T11:55:25.2812263+02:00" endTime="2017-03-16T11:55:25.2842269+02:00" testType="13cdc9d9-ddb5-4fa4-a97d-d965ccfc6d4b" outcome="Passed" testListId="8c84fa94-04c1-424b-9868-57a2d4851a1d" relativeResultsDirectory="2c571210-c6d4-43e6-92a8-44d7b9c498e4">
      <Output>
        <StdOut>Given I have the following intellisense options '[[@Person]],[[@Person.name]],[[@Person.Age]]'
-&gt; done: IntellisenseProviderSteps.GivenIHaveTheFollowingIntellisenseOptions("[[@Person]],[[@Pe...") (0.0s)
And the filter type is 'JsonObject'
-&gt; done: IntellisenseProviderSteps.GivenTheFilterTypeIs("JsonObject") (0.0s)
And the current text in the textbox is '[[@Person.name'
-&gt; done: IntellisenseProviderSteps.GivenTheCurrentTextInTheTextboxIs("[[@Person.name") (0.0s)
And the cursor is at index '15'
-&gt; done: IntellisenseProviderSteps.GivenTheCursorIsAtIndex(15) (0.0s)
And the provider used is 'Default'
-&gt; done: IntellisenseProviderSteps.GivenTheProviderUsedIs("Default") (0.0s)
And the suggestion list as '[[@Person.name]]'
-&gt; done: IntellisenseProviderSteps.GivenTheSuggestionListAs("[[@Person.name]]") (0.0s)
When I select the following string option '[[@Person.name]]'
-&gt; done: IntellisenseProviderSteps.WhenISelectTheFollowingStringOption("[[@Person.name]]") (0.0s)
Then the result text should be "[[@Person.name]]" with caret position will be '16'
-&gt; done: IntellisenseProviderSteps.ThenTheResultTextShouldBeWithCaretPositionWillBe("[[@Person.name]]", 16) (0.0s)</StdOut>
      </Output>
    </UnitTestResult>
    <UnitTestResult executionId="9f5ebe62-6a5f-4558-86f7-f8ee94dc9f15" testId="88591686-e3c8-ba96-90cb-39b27f654779" testName="InsertForJsonFilterTypeAndDefaultProvider_19" computerName="ASH" duration="00:00:00.0010809" startTime="2017-03-16T11:55:25.2892360+02:00" endTime="2017-03-16T11:55:25.2912357+02:00" testType="13cdc9d9-ddb5-4fa4-a97d-d965ccfc6d4b" outcome="Passed" testListId="8c84fa94-04c1-424b-9868-57a2d4851a1d" relativeResultsDirectory="9f5ebe62-6a5f-4558-86f7-f8ee94dc9f15">
      <Output>
        <StdOut>Given I have the following intellisense options '[[@Person]],[[@Person.name]],[[@Person.Age]]'
-&gt; done: IntellisenseProviderSteps.GivenIHaveTheFollowingIntellisenseOptions("[[@Person]],[[@Pe...") (0.0s)
And the filter type is 'JsonObject'
-&gt; done: IntellisenseProviderSteps.GivenTheFilterTypeIs("JsonObject") (0.0s)
And the current text in the textbox is '[[@Person.Age'
-&gt; done: IntellisenseProviderSteps.GivenTheCurrentTextInTheTextboxIs("[[@Person.Age") (0.0s)
And the cursor is at index '10'
-&gt; done: IntellisenseProviderSteps.GivenTheCursorIsAtIndex(10) (0.0s)
And the provider used is 'Default'
-&gt; done: IntellisenseProviderSteps.GivenTheProviderUsedIs("Default") (0.0s)
And the suggestion list as '[[@Person.Age]]'
-&gt; done: IntellisenseProviderSteps.GivenTheSuggestionListAs("[[@Person.Age]]") (0.0s)
When I select the following string option '[[@Person.Age]]'
-&gt; done: IntellisenseProviderSteps.WhenISelectTheFollowingStringOption("[[@Person.Age]]") (0.0s)
Then the result text should be "[[@Person.Age]]" with caret position will be '15'
-&gt; done: IntellisenseProviderSteps.ThenTheResultTextShouldBeWithCaretPositionWillBe("[[@Person.Age]]", 15) (0.0s)</StdOut>
      </Output>
    </UnitTestResult>
    <UnitTestResult executionId="c491d15e-5b56-4578-b317-1d70b23ff116" testId="c51d98ca-9a69-c9b2-568e-ebafba27bfcb" testName="InsertForJsonFilterTypeAndDefaultProvider_2" computerName="ASH" duration="00:00:00.0014528" startTime="2017-03-16T11:55:25.2962357+02:00" endTime="2017-03-16T11:55:25.2992370+02:00" testType="13cdc9d9-ddb5-4fa4-a97d-d965ccfc6d4b" outcome="Passed" testListId="8c84fa94-04c1-424b-9868-57a2d4851a1d" relativeResultsDirectory="c491d15e-5b56-4578-b317-1d70b23ff116">
      <Output>
        <StdOut>Given I have the following intellisense options '[[@Person]],[[@Person.name]]'
-&gt; done: IntellisenseProviderSteps.GivenIHaveTheFollowingIntellisenseOptions("[[@Person]],[[@Pe...") (0.0s)
And the filter type is 'JsonObject'
-&gt; done: IntellisenseProviderSteps.GivenTheFilterTypeIs("JsonObject") (0.0s)
And the current text in the textbox is '[['
-&gt; done: IntellisenseProviderSteps.GivenTheCurrentTextInTheTextboxIs("[[") (0.0s)
And the cursor is at index '3'
-&gt; done: IntellisenseProviderSteps.GivenTheCursorIsAtIndex(3) (0.0s)
And the provider used is 'Default'
-&gt; done: IntellisenseProviderSteps.GivenTheProviderUsedIs("Default") (0.0s)
And the suggestion list as '[[@Person.name]],[[@Person]]'
-&gt; done: IntellisenseProviderSteps.GivenTheSuggestionListAs("[[@Person.name]],...") (0.0s)
When I select the following string option '[[@Person.name]]'
-&gt; done: IntellisenseProviderSteps.WhenISelectTheFollowingStringOption("[[@Person.name]]") (0.0s)
Then the result text should be "[[@Person.name]]" with caret position will be '16'
-&gt; done: IntellisenseProviderSteps.ThenTheResultTextShouldBeWithCaretPositionWillBe("[[@Person.name]]", 16) (0.0s)</StdOut>
      </Output>
    </UnitTestResult>
    <UnitTestResult executionId="e866321a-2a86-4bcf-a305-ed4905f01992" testId="4fb2f292-6bdc-1b52-7977-0e91f763d343" testName="InsertForJsonFilterTypeAndDefaultProvider_20" computerName="ASH" duration="00:00:00.0011289" startTime="2017-03-16T11:55:25.3042340+02:00" endTime="2017-03-16T11:55:25.3072367+02:00" testType="13cdc9d9-ddb5-4fa4-a97d-d965ccfc6d4b" outcome="Passed" testListId="8c84fa94-04c1-424b-9868-57a2d4851a1d" relativeResultsDirectory="e866321a-2a86-4bcf-a305-ed4905f01992">
      <Output>
        <StdOut>Given I have the following intellisense options '[[@Person]],[[@Person.name]],[[@Person.Age]]'
-&gt; done: IntellisenseProviderSteps.GivenIHaveTheFollowingIntellisenseOptions("[[@Person]],[[@Pe...") (0.0s)
And the filter type is 'JsonObject'
-&gt; done: IntellisenseProviderSteps.GivenTheFilterTypeIs("JsonObject") (0.0s)
And the current text in the textbox is 'name'
-&gt; done: IntellisenseProviderSteps.GivenTheCurrentTextInTheTextboxIs("name") (0.0s)
And the cursor is at index '4'
-&gt; done: IntellisenseProviderSteps.GivenTheCursorIsAtIndex(4) (0.0s)
And the provider used is 'Default'
-&gt; done: IntellisenseProviderSteps.GivenTheProviderUsedIs("Default") (0.0s)
And the suggestion list as '[[@Person.name]]'
-&gt; done: IntellisenseProviderSteps.GivenTheSuggestionListAs("[[@Person.name]]") (0.0s)
When I select the following string option '[[@Person.name]]'
-&gt; done: IntellisenseProviderSteps.WhenISelectTheFollowingStringOption("[[@Person.name]]") (0.0s)
Then the result text should be "[[@Person.name]]" with caret position will be '16'
-&gt; done: IntellisenseProviderSteps.ThenTheResultTextShouldBeWithCaretPositionWillBe("[[@Person.name]]", 16) (0.0s)</StdOut>
      </Output>
    </UnitTestResult>
    <UnitTestResult executionId="ade59b23-7652-4547-b1f2-064cc707a545" testId="80ab407f-dec4-bbbc-a187-fd33ed327117" testName="InsertForJsonFilterTypeAndDefaultProvider_21" computerName="ASH" duration="00:00:00.0011244" startTime="2017-03-16T11:55:25.3122353+02:00" endTime="2017-03-16T11:55:25.3152347+02:00" testType="13cdc9d9-ddb5-4fa4-a97d-d965ccfc6d4b" outcome="Passed" testListId="8c84fa94-04c1-424b-9868-57a2d4851a1d" relativeResultsDirectory="ade59b23-7652-4547-b1f2-064cc707a545">
      <Output>
        <StdOut>Given I have the following intellisense options '[[@Person]],[[@Person.name]],[[@Person.Age]]'
-&gt; done: IntellisenseProviderSteps.GivenIHaveTheFollowingIntellisenseOptions("[[@Person]],[[@Pe...") (0.0s)
And the filter type is 'JsonObject'
-&gt; done: IntellisenseProviderSteps.GivenTheFilterTypeIs("JsonObject") (0.0s)
And the current text in the textbox is 'Age'
-&gt; done: IntellisenseProviderSteps.GivenTheCurrentTextInTheTextboxIs("Age") (0.0s)
And the cursor is at index '3'
-&gt; done: IntellisenseProviderSteps.GivenTheCursorIsAtIndex(3) (0.0s)
And the provider used is 'Default'
-&gt; done: IntellisenseProviderSteps.GivenTheProviderUsedIs("Default") (0.0s)
And the suggestion list as '[[@Person.Age]]'
-&gt; done: IntellisenseProviderSteps.GivenTheSuggestionListAs("[[@Person.Age]]") (0.0s)
When I select the following string option '[[@Person.Age]]'
-&gt; done: IntellisenseProviderSteps.WhenISelectTheFollowingStringOption("[[@Person.Age]]") (0.0s)
Then the result text should be "[[@Person.Age]]" with caret position will be '15'
-&gt; done: IntellisenseProviderSteps.ThenTheResultTextShouldBeWithCaretPositionWillBe("[[@Person.Age]]", 15) (0.0s)</StdOut>
      </Output>
    </UnitTestResult>
    <UnitTestResult executionId="ba159815-fff7-45e6-978e-470748e4e00f" testId="8fac3cce-0a7c-fd0c-9451-c21ee3ab3bbd" testName="InsertForJsonFilterTypeAndDefaultProvider_22" computerName="ASH" duration="00:00:00.0029235" startTime="2017-03-16T11:55:25.3192350+02:00" endTime="2017-03-16T11:55:25.3242347+02:00" testType="13cdc9d9-ddb5-4fa4-a97d-d965ccfc6d4b" outcome="Passed" testListId="8c84fa94-04c1-424b-9868-57a2d4851a1d" relativeResultsDirectory="ba159815-fff7-45e6-978e-470748e4e00f">
      <Output>
        <StdOut>Given I have the following intellisense options '[[@Person]],[[@Person.name]],[[@Person.Age]],[[@Person.Child.Name]]'
-&gt; done: IntellisenseProviderSteps.GivenIHaveTheFollowingIntellisenseOptions("[[@Person]],[[@Pe...") (0.0s)
And the filter type is 'JsonObject'
-&gt; done: IntellisenseProviderSteps.GivenTheFilterTypeIs("JsonObject") (0.0s)
And the current text in the textbox is 'Name'
-&gt; done: IntellisenseProviderSteps.GivenTheCurrentTextInTheTextboxIs("Name") (0.0s)
And the cursor is at index '4'
-&gt; done: IntellisenseProviderSteps.GivenTheCursorIsAtIndex(4) (0.0s)
And the provider used is 'Default'
-&gt; done: IntellisenseProviderSteps.GivenTheProviderUsedIs("Default") (0.0s)
And the suggestion list as '[[@Person.Child.Name]]'
-&gt; done: IntellisenseProviderSteps.GivenTheSuggestionListAs("[[@Person.Child.N...") (0.0s)
When I select the following string option '[[@Person.Child.Name]]'
-&gt; done: IntellisenseProviderSteps.WhenISelectTheFollowingStringOption("[[@Person.Child.N...") (0.0s)
Then the result text should be "[[@Person.Child.Name]]" with caret position will be '22'
-&gt; done: IntellisenseProviderSteps.ThenTheResultTextShouldBeWithCaretPositionWillBe("[[@Person.Child.N...", 22) (0.0s)</StdOut>
      </Output>
    </UnitTestResult>
    <UnitTestResult executionId="0716e841-09eb-4991-87fa-2405bbd67772" testId="7b0d0ac0-2e89-a1ac-9c45-d62d679c879e" testName="InsertForJsonFilterTypeAndDefaultProvider_23" computerName="ASH" duration="00:00:00.0015319" startTime="2017-03-16T11:55:25.3292345+02:00" endTime="2017-03-16T11:55:25.3332333+02:00" testType="13cdc9d9-ddb5-4fa4-a97d-d965ccfc6d4b" outcome="Passed" testListId="8c84fa94-04c1-424b-9868-57a2d4851a1d" relativeResultsDirectory="0716e841-09eb-4991-87fa-2405bbd67772">
      <Output>
        <StdOut>Given I have the following intellisense options '[[@Person]],[[@Person.name]],[[@Person.Age]],[[@Person.Child.Name]]'
-&gt; done: IntellisenseProviderSteps.GivenIHaveTheFollowingIntellisenseOptions("[[@Person]],[[@Pe...") (0.0s)
And the filter type is 'JsonObject'
-&gt; done: IntellisenseProviderSteps.GivenTheFilterTypeIs("JsonObject") (0.0s)
And the current text in the textbox is 'Name'
-&gt; done: IntellisenseProviderSteps.GivenTheCurrentTextInTheTextboxIs("Name") (0.0s)
And the cursor is at index '1'
-&gt; done: IntellisenseProviderSteps.GivenTheCursorIsAtIndex(1) (0.0s)
And the provider used is 'Default'
-&gt; done: IntellisenseProviderSteps.GivenTheProviderUsedIs("Default") (0.0s)
And the suggestion list as '[[@Person.Child.Name]]'
-&gt; done: IntellisenseProviderSteps.GivenTheSuggestionListAs("[[@Person.Child.N...") (0.0s)
When I select the following string option '[[@Person.Child.Name]]'
-&gt; done: IntellisenseProviderSteps.WhenISelectTheFollowingStringOption("[[@Person.Child.N...") (0.0s)
Then the result text should be "[[@Person.Child.Name]]" with caret position will be '22'
-&gt; done: IntellisenseProviderSteps.ThenTheResultTextShouldBeWithCaretPositionWillBe("[[@Person.Child.N...", 22) (0.0s)</StdOut>
      </Output>
    </UnitTestResult>
    <UnitTestResult executionId="4c8801bb-1e25-4ead-b0ed-29d50a4b3e42" testId="1b8e37b9-3d35-d2d7-524b-231c50c25a91" testName="InsertForJsonFilterTypeAndDefaultProvider_25" computerName="ASH" duration="00:00:00.0012711" startTime="2017-03-16T11:55:25.3392327+02:00" endTime="2017-03-16T11:55:25.3422327+02:00" testType="13cdc9d9-ddb5-4fa4-a97d-d965ccfc6d4b" outcome="Passed" testListId="8c84fa94-04c1-424b-9868-57a2d4851a1d" relativeResultsDirectory="4c8801bb-1e25-4ead-b0ed-29d50a4b3e42">
      <Output>
        <StdOut>Given I have the following intellisense options '[[@Person]],[[@Person.name]],[[@Person.Age]],[[@Person.Child.Name]]'
-&gt; done: IntellisenseProviderSteps.GivenIHaveTheFollowingIntellisenseOptions("[[@Person]],[[@Pe...") (0.0s)
And the filter type is 'JsonObject'
-&gt; done: IntellisenseProviderSteps.GivenTheFilterTypeIs("JsonObject") (0.0s)
And the current text in the textbox is 'Junk P'
-&gt; done: IntellisenseProviderSteps.GivenTheCurrentTextInTheTextboxIs("Junk P") (0.0s)
And the cursor is at index '6'
-&gt; done: IntellisenseProviderSteps.GivenTheCursorIsAtIndex(6) (0.0s)
And the provider used is 'Default'
-&gt; done: IntellisenseProviderSteps.GivenTheProviderUsedIs("Default") (0.0s)
And the suggestion list as '[[@Person.Age]],[[@Person.name]],[[@Person]],[[@Person.Child.Name]]'
-&gt; done: IntellisenseProviderSteps.GivenTheSuggestionListAs("[[@Person.Age]],[...") (0.0s)
When I select the following string option '[[@Person.Child.Name]]'
-&gt; done: IntellisenseProviderSteps.WhenISelectTheFollowingStringOption("[[@Person.Child.N...") (0.0s)
Then the result text should be "Junk [[@Person.Child.Name]]" with caret position will be '27'
-&gt; done: IntellisenseProviderSteps.ThenTheResultTextShouldBeWithCaretPositionWillBe("Junk [[@Person.Ch...", 27) (0.0s)</StdOut>
      </Output>
    </UnitTestResult>
    <UnitTestResult executionId="d9836fad-8a48-4f9c-a25c-b5d2902d8900" testId="1cfc45be-bf71-665d-da0d-8afc99aa9a8e" testName="InsertForJsonFilterTypeAndDefaultProvider_26" computerName="ASH" duration="00:00:00.0019186" startTime="2017-03-16T11:55:25.3462325+02:00" endTime="2017-03-16T11:55:25.3502334+02:00" testType="13cdc9d9-ddb5-4fa4-a97d-d965ccfc6d4b" outcome="Passed" testListId="8c84fa94-04c1-424b-9868-57a2d4851a1d" relativeResultsDirectory="d9836fad-8a48-4f9c-a25c-b5d2902d8900">
      <Output>
        <StdOut>Given I have the following intellisense options '[[@Person]],[[@Person.name]],[[@Person.Age]],[[@Person.Child.Name]]'
-&gt; done: IntellisenseProviderSteps.GivenIHaveTheFollowingIntellisenseOptions("[[@Person]],[[@Pe...") (0.0s)
And the filter type is 'JsonObject'
-&gt; done: IntellisenseProviderSteps.GivenTheFilterTypeIs("JsonObject") (0.0s)
And the current text in the textbox is '[[Junk]] P'
-&gt; done: IntellisenseProviderSteps.GivenTheCurrentTextInTheTextboxIs("[[Junk]] P") (0.0s)
And the cursor is at index '10'
-&gt; done: IntellisenseProviderSteps.GivenTheCursorIsAtIndex(10) (0.0s)
And the provider used is 'Default'
-&gt; done: IntellisenseProviderSteps.GivenTheProviderUsedIs("Default") (0.0s)
And the suggestion list as '[[@Person.Age]],[[@Person.name]],[[@Person]],[[@Person.Child.Name]]'
-&gt; done: IntellisenseProviderSteps.GivenTheSuggestionListAs("[[@Person.Age]],[...") (0.0s)
When I select the following string option '[[@Person.Child.Name]]'
-&gt; done: IntellisenseProviderSteps.WhenISelectTheFollowingStringOption("[[@Person.Child.N...") (0.0s)
Then the result text should be "[[Junk]] [[@Person.Child.Name]]" with caret position will be '31'
-&gt; done: IntellisenseProviderSteps.ThenTheResultTextShouldBeWithCaretPositionWillBe("[[Junk]] [[@Perso...", 31) (0.0s)</StdOut>
      </Output>
    </UnitTestResult>
    <UnitTestResult executionId="673fdf2a-4094-4b3e-aa5e-6f415cdf5c40" testId="f315fa5d-28ae-754e-776d-64f6ca4cc01e" testName="InsertForJsonFilterTypeAndDefaultProvider_28" computerName="ASH" duration="00:00:00.0012650" startTime="2017-03-16T11:55:25.3532322+02:00" endTime="2017-03-16T11:55:25.3562316+02:00" testType="13cdc9d9-ddb5-4fa4-a97d-d965ccfc6d4b" outcome="Passed" testListId="8c84fa94-04c1-424b-9868-57a2d4851a1d" relativeResultsDirectory="673fdf2a-4094-4b3e-aa5e-6f415cdf5c40">
      <Output>
        <StdOut>Given I have the following intellisense options '[[@Person]],[[@Person.name]],[[@Person.Age]],[[@Person.Child.Name]]'
-&gt; done: IntellisenseProviderSteps.GivenIHaveTheFollowingIntellisenseOptions("[[@Person]],[[@Pe...") (0.0s)
And the filter type is 'JsonObject'
-&gt; done: IntellisenseProviderSteps.GivenTheFilterTypeIs("JsonObject") (0.0s)
And the current text in the textbox is ']] P'
-&gt; done: IntellisenseProviderSteps.GivenTheCurrentTextInTheTextboxIs("]] P") (0.0s)
And the cursor is at index '4'
-&gt; done: IntellisenseProviderSteps.GivenTheCursorIsAtIndex(4) (0.0s)
And the provider used is 'Default'
-&gt; done: IntellisenseProviderSteps.GivenTheProviderUsedIs("Default") (0.0s)
And the suggestion list as '[[@Person.Age]],[[@Person.name]],[[@Person]],[[@Person.Child.Name]]'
-&gt; done: IntellisenseProviderSteps.GivenTheSuggestionListAs("[[@Person.Age]],[...") (0.0s)
When I select the following string option '[[@Person.Child.Name]]'
-&gt; done: IntellisenseProviderSteps.WhenISelectTheFollowingStringOption("[[@Person.Child.N...") (0.0s)
Then the result text should be "]] [[@Person.Child.Name]]" with caret position will be '25'
-&gt; done: IntellisenseProviderSteps.ThenTheResultTextShouldBeWithCaretPositionWillBe("]] [[@Person.Chil...", 25) (0.0s)</StdOut>
      </Output>
    </UnitTestResult>
    <UnitTestResult executionId="d1889707-d804-4e62-9ee5-a4b6bab11195" testId="da0acbef-ce81-4c54-c1d4-603826eb7003" testName="InsertForJsonFilterTypeAndDefaultProvider_29" computerName="ASH" duration="00:00:00.0013103" startTime="2017-03-16T11:55:25.3602322+02:00" endTime="2017-03-16T11:55:25.3632308+02:00" testType="13cdc9d9-ddb5-4fa4-a97d-d965ccfc6d4b" outcome="Passed" testListId="8c84fa94-04c1-424b-9868-57a2d4851a1d" relativeResultsDirectory="d1889707-d804-4e62-9ee5-a4b6bab11195">
      <Output>
        <StdOut>Given I have the following intellisense options '[[@Person]],[[@Person.name]],[[@Person.Age]],[[@Person.Child.Name]]'
-&gt; done: IntellisenseProviderSteps.GivenIHaveTheFollowingIntellisenseOptions("[[@Person]],[[@Pe...") (0.0s)
And the filter type is 'JsonObject'
-&gt; done: IntellisenseProviderSteps.GivenTheFilterTypeIs("JsonObject") (0.0s)
And the current text in the textbox is '( P'
-&gt; done: IntellisenseProviderSteps.GivenTheCurrentTextInTheTextboxIs("( P") (0.0s)
And the cursor is at index '3'
-&gt; done: IntellisenseProviderSteps.GivenTheCursorIsAtIndex(3) (0.0s)
And the provider used is 'Default'
-&gt; done: IntellisenseProviderSteps.GivenTheProviderUsedIs("Default") (0.0s)
And the suggestion list as '[[@Person.Age]],[[@Person.name]],[[@Person]],[[@Person.Child.Name]]'
-&gt; done: IntellisenseProviderSteps.GivenTheSuggestionListAs("[[@Person.Age]],[...") (0.0s)
When I select the following string option '[[@Person.Child.Name]]'
-&gt; done: IntellisenseProviderSteps.WhenISelectTheFollowingStringOption("[[@Person.Child.N...") (0.0s)
Then the result text should be "( [[@Person.Child.Name]]" with caret position will be '24'
-&gt; done: IntellisenseProviderSteps.ThenTheResultTextShouldBeWithCaretPositionWillBe("( [[@Person.Child...", 24) (0.0s)</StdOut>
      </Output>
    </UnitTestResult>
    <UnitTestResult executionId="f1c42843-c456-457a-988d-e1b00277be03" testId="a437a8d1-5a89-43db-b3bf-6049333adf01" testName="InsertForJsonFilterTypeAndDefaultProvider_3" computerName="ASH" duration="00:00:00.0010963" startTime="2017-03-16T11:55:25.3672305+02:00" endTime="2017-03-16T11:55:25.3702308+02:00" testType="13cdc9d9-ddb5-4fa4-a97d-d965ccfc6d4b" outcome="Passed" testListId="8c84fa94-04c1-424b-9868-57a2d4851a1d" relativeResultsDirectory="f1c42843-c456-457a-988d-e1b00277be03">
      <Output>
        <StdOut>Given I have the following intellisense options '[[@Person]],[[@Person.name]]'
-&gt; done: IntellisenseProviderSteps.GivenIHaveTheFollowingIntellisenseOptions("[[@Person]],[[@Pe...") (0.0s)
And the filter type is 'JsonObject'
-&gt; done: IntellisenseProviderSteps.GivenTheFilterTypeIs("JsonObject") (0.0s)
And the current text in the textbox is '@Person.'
-&gt; done: IntellisenseProviderSteps.GivenTheCurrentTextInTheTextboxIs("@Person.") (0.0s)
And the cursor is at index '8'
-&gt; done: IntellisenseProviderSteps.GivenTheCursorIsAtIndex(8) (0.0s)
And the provider used is 'Default'
-&gt; done: IntellisenseProviderSteps.GivenTheProviderUsedIs("Default") (0.0s)
And the suggestion list as '[[@Person.name]]'
-&gt; done: IntellisenseProviderSteps.GivenTheSuggestionListAs("[[@Person.name]]") (0.0s)
When I select the following string option '[[@Person.name]]'
-&gt; done: IntellisenseProviderSteps.WhenISelectTheFollowingStringOption("[[@Person.name]]") (0.0s)
Then the result text should be "[[@Person.name]]" with caret position will be '16'
-&gt; done: IntellisenseProviderSteps.ThenTheResultTextShouldBeWithCaretPositionWillBe("[[@Person.name]]", 16) (0.0s)</StdOut>
      </Output>
    </UnitTestResult>
    <UnitTestResult executionId="24be41d3-6f10-4254-9c4d-b96e8cb55197" testId="ed39981b-88cb-3b23-e3cc-6b6f0a3dd344" testName="InsertForJsonFilterTypeAndDefaultProvider_30" computerName="ASH" duration="00:00:00.0022440" startTime="2017-03-16T11:55:25.3737370+02:00" endTime="2017-03-16T11:55:25.3777376+02:00" testType="13cdc9d9-ddb5-4fa4-a97d-d965ccfc6d4b" outcome="Passed" testListId="8c84fa94-04c1-424b-9868-57a2d4851a1d" relativeResultsDirectory="24be41d3-6f10-4254-9c4d-b96e8cb55197">
      <Output>
        <StdOut>Given I have the following intellisense options '[[@Person]],[[@Person.name]],[[@Person.Age]],[[@Person.Child.Name]]'
-&gt; done: IntellisenseProviderSteps.GivenIHaveTheFollowingIntellisenseOptions("[[@Person]],[[@Pe...") (0.0s)
And the filter type is 'JsonObject'
-&gt; done: IntellisenseProviderSteps.GivenTheFilterTypeIs("JsonObject") (0.0s)
And the current text in the textbox is ') P'
-&gt; done: IntellisenseProviderSteps.GivenTheCurrentTextInTheTextboxIs(") P") (0.0s)
And the cursor is at index '3'
-&gt; done: IntellisenseProviderSteps.GivenTheCursorIsAtIndex(3) (0.0s)
And the provider used is 'Default'
-&gt; done: IntellisenseProviderSteps.GivenTheProviderUsedIs("Default") (0.0s)
And the suggestion list as '[[@Person.Age]],[[@Person.name]],[[@Person]],[[@Person.Child.Name]]'
-&gt; done: IntellisenseProviderSteps.GivenTheSuggestionListAs("[[@Person.Age]],[...") (0.0s)
When I select the following string option '[[@Person.Child.Name]]'
-&gt; done: IntellisenseProviderSteps.WhenISelectTheFollowingStringOption("[[@Person.Child.N...") (0.0s)
Then the result text should be ") [[@Person.Child.Name]]" with caret position will be '24'
-&gt; done: IntellisenseProviderSteps.ThenTheResultTextShouldBeWithCaretPositionWillBe(") [[@Person.Child...", 24) (0.0s)</StdOut>
      </Output>
    </UnitTestResult>
    <UnitTestResult executionId="3f8918d5-d184-4391-993e-92868ea4747f" testId="6e835e09-a0b6-0d8f-9745-5f74d92ed08b" testName="InsertForJsonFilterTypeAndDefaultProvider_35" computerName="ASH" duration="00:00:00.0020997" startTime="2017-03-16T11:55:25.3822378+02:00" endTime="2017-03-16T11:55:25.3862360+02:00" testType="13cdc9d9-ddb5-4fa4-a97d-d965ccfc6d4b" outcome="Passed" testListId="8c84fa94-04c1-424b-9868-57a2d4851a1d" relativeResultsDirectory="3f8918d5-d184-4391-993e-92868ea4747f">
      <Output>
        <StdOut>Given I have the following intellisense options '[[@Person]],[[@Person.name]],[[@Person.Age]],[[@Person.Child.Name]]'
-&gt; done: IntellisenseProviderSteps.GivenIHaveTheFollowingIntellisenseOptions("[[@Person]],[[@Pe...") (0.0s)
And the filter type is 'JsonObject'
-&gt; done: IntellisenseProviderSteps.GivenTheFilterTypeIs("JsonObject") (0.0s)
And the current text in the textbox is '. P [['
-&gt; done: IntellisenseProviderSteps.GivenTheCurrentTextInTheTextboxIs(". P [[") (0.0s)
And the cursor is at index '3'
-&gt; done: IntellisenseProviderSteps.GivenTheCursorIsAtIndex(3) (0.0s)
And the provider used is 'Default'
-&gt; done: IntellisenseProviderSteps.GivenTheProviderUsedIs("Default") (0.0s)
And the suggestion list as '[[@Person.Age]],[[@Person.name]],[[@Person.Child.Name]]'
-&gt; done: IntellisenseProviderSteps.GivenTheSuggestionListAs("[[@Person.Age]],[...") (0.0s)
When I select the following string option '[[@Person.Child.Name]]'
-&gt; done: IntellisenseProviderSteps.WhenISelectTheFollowingStringOption("[[@Person.Child.N...") (0.0s)
Then the result text should be ". [[@Person.Child.Name]] [[" with caret position will be '25'
-&gt; done: IntellisenseProviderSteps.ThenTheResultTextShouldBeWithCaretPositionWillBe(". [[@Person.Child...", 25) (0.0s)</StdOut>
      </Output>
    </UnitTestResult>
    <UnitTestResult executionId="3b1ced1f-b2d6-4e62-8391-c120d6f733ce" testId="793c23eb-dc30-5d5b-ef28-b66f551eceb2" testName="InsertForJsonFilterTypeAndDefaultProvider_39" computerName="ASH" duration="00:00:00.0033536" startTime="2017-03-16T11:55:25.3922427+02:00" endTime="2017-03-16T11:55:25.3972425+02:00" testType="13cdc9d9-ddb5-4fa4-a97d-d965ccfc6d4b" outcome="Passed" testListId="8c84fa94-04c1-424b-9868-57a2d4851a1d" relativeResultsDirectory="3b1ced1f-b2d6-4e62-8391-c120d6f733ce">
      <Output>
        <StdOut>Given I have the following intellisense options '[[@Person]],[[@Person.Childs(*).name]]'
-&gt; done: IntellisenseProviderSteps.GivenIHaveTheFollowingIntellisenseOptions("[[@Person]],[[@Pe...") (0.0s)
And the filter type is 'JsonObject'
-&gt; done: IntellisenseProviderSteps.GivenTheFilterTypeIs("JsonObject") (0.0s)
And the current text in the textbox is '[[P'
-&gt; done: IntellisenseProviderSteps.GivenTheCurrentTextInTheTextboxIs("[[P") (0.0s)
And the cursor is at index '3'
-&gt; done: IntellisenseProviderSteps.GivenTheCursorIsAtIndex(3) (0.0s)
And the provider used is 'Default'
-&gt; done: IntellisenseProviderSteps.GivenTheProviderUsedIs("Default") (0.0s)
And the suggestion list as '[[@Person]],[[@Person.Childs(*).name]]'
-&gt; done: IntellisenseProviderSteps.GivenTheSuggestionListAs("[[@Person]],[[@Pe...") (0.0s)
When I select the following string option '[[@Person.Childs(*).name]]'
-&gt; done: IntellisenseProviderSteps.WhenISelectTheFollowingStringOption("[[@Person.Childs(...") (0.0s)
Then the result text should be "[[@Person.Childs(*).name]]" with caret position will be '26'
-&gt; done: IntellisenseProviderSteps.ThenTheResultTextShouldBeWithCaretPositionWillBe("[[@Person.Childs(...", 26) (0.0s)</StdOut>
      </Output>
    </UnitTestResult>
    <UnitTestResult executionId="7f8f15df-b383-411d-94ce-5b87b8f889db" testId="1c8e4cee-0a69-0ad2-23fc-79b8fcc2236f" testName="InsertForJsonFilterTypeAndDefaultProvider_4" computerName="ASH" duration="00:00:00.0011002" startTime="2017-03-16T11:55:25.4022437+02:00" endTime="2017-03-16T11:55:25.4042419+02:00" testType="13cdc9d9-ddb5-4fa4-a97d-d965ccfc6d4b" outcome="Passed" testListId="8c84fa94-04c1-424b-9868-57a2d4851a1d" relativeResultsDirectory="7f8f15df-b383-411d-94ce-5b87b8f889db">
      <Output>
        <StdOut>Given I have the following intellisense options '[[@Person]],[[@Person.name]]'
-&gt; done: IntellisenseProviderSteps.GivenIHaveTheFollowingIntellisenseOptions("[[@Person]],[[@Pe...") (0.0s)
And the filter type is 'JsonObject'
-&gt; done: IntellisenseProviderSteps.GivenTheFilterTypeIs("JsonObject") (0.0s)
And the current text in the textbox is '[[@Person.'
-&gt; done: IntellisenseProviderSteps.GivenTheCurrentTextInTheTextboxIs("[[@Person.") (0.0s)
And the cursor is at index '10'
-&gt; done: IntellisenseProviderSteps.GivenTheCursorIsAtIndex(10) (0.0s)
And the provider used is 'Default'
-&gt; done: IntellisenseProviderSteps.GivenTheProviderUsedIs("Default") (0.0s)
And the suggestion list as '[[@Person.name]]'
-&gt; done: IntellisenseProviderSteps.GivenTheSuggestionListAs("[[@Person.name]]") (0.0s)
When I select the following string option '[[@Person.name]]'
-&gt; done: IntellisenseProviderSteps.WhenISelectTheFollowingStringOption("[[@Person.name]]") (0.0s)
Then the result text should be "[[@Person.name]]" with caret position will be '16'
-&gt; done: IntellisenseProviderSteps.ThenTheResultTextShouldBeWithCaretPositionWillBe("[[@Person.name]]", 16) (0.0s)</StdOut>
      </Output>
    </UnitTestResult>
    <UnitTestResult executionId="64bba547-a83c-40b7-92e8-f3cd7d3734b0" testId="9acdd79f-edc7-95b2-f6b0-886f6551686b" testName="InsertForJsonFilterTypeAndDefaultProvider_41" computerName="ASH" duration="00:00:00.0023937" startTime="2017-03-16T11:55:25.4092431+02:00" endTime="2017-03-16T11:55:25.4142414+02:00" testType="13cdc9d9-ddb5-4fa4-a97d-d965ccfc6d4b" outcome="Passed" testListId="8c84fa94-04c1-424b-9868-57a2d4851a1d" relativeResultsDirectory="64bba547-a83c-40b7-92e8-f3cd7d3734b0">
      <Output>
        <StdOut>Given I have the following intellisense options '[[@Person]],[[@Person.Childs(*).name]],[[@Person.Childs().name]]'
-&gt; done: IntellisenseProviderSteps.GivenIHaveTheFollowingIntellisenseOptions("[[@Person]],[[@Pe...") (0.0s)
And the filter type is 'JsonObject'
-&gt; done: IntellisenseProviderSteps.GivenTheFilterTypeIs("JsonObject") (0.0s)
And the current text in the textbox is '[[@Person.Childs(*'
-&gt; done: IntellisenseProviderSteps.GivenTheCurrentTextInTheTextboxIs("[[@Person.Childs(*") (0.0s)
And the cursor is at index '19'
-&gt; done: IntellisenseProviderSteps.GivenTheCursorIsAtIndex(19) (0.0s)
And the provider used is 'Default'
-&gt; done: IntellisenseProviderSteps.GivenTheProviderUsedIs("Default") (0.0s)
And the suggestion list as '[[@Person.Childs(*).name]]'
-&gt; done: IntellisenseProviderSteps.GivenTheSuggestionListAs("[[@Person.Childs(...") (0.0s)
When I select the following string option '[[@Person.Childs(*).name]]'
-&gt; done: IntellisenseProviderSteps.WhenISelectTheFollowingStringOption("[[@Person.Childs(...") (0.0s)
Then the result text should be "[[@Person.Childs(*).name]]" with caret position will be '26'
-&gt; done: IntellisenseProviderSteps.ThenTheResultTextShouldBeWithCaretPositionWillBe("[[@Person.Childs(...", 26) (0.0s)</StdOut>
      </Output>
    </UnitTestResult>
    <UnitTestResult executionId="ff89c0c8-2cf8-4fec-b53a-432db55a4860" testId="930f6720-e4db-da3d-3330-ac5a6e4f4acb" testName="InsertForJsonFilterTypeAndDefaultProvider_42" computerName="ASH" duration="00:00:00.0032241" startTime="2017-03-16T11:55:25.4182432+02:00" endTime="2017-03-16T11:55:25.4232444+02:00" testType="13cdc9d9-ddb5-4fa4-a97d-d965ccfc6d4b" outcome="Passed" testListId="8c84fa94-04c1-424b-9868-57a2d4851a1d" relativeResultsDirectory="ff89c0c8-2cf8-4fec-b53a-432db55a4860">
      <Output>
        <StdOut>Given I have the following intellisense options '[[@Person]],[[@Person.Childs(*).name]],[[@Person.Childs().name]]'
-&gt; done: IntellisenseProviderSteps.GivenIHaveTheFollowingIntellisenseOptions("[[@Person]],[[@Pe...") (0.0s)
And the filter type is 'JsonObject'
-&gt; done: IntellisenseProviderSteps.GivenTheFilterTypeIs("JsonObject") (0.0s)
And the current text in the textbox is '[[@Person.Childs([['
-&gt; done: IntellisenseProviderSteps.GivenTheCurrentTextInTheTextboxIs("[[@Person.Childs([[") (0.0s)
And the cursor is at index '19'
-&gt; done: IntellisenseProviderSteps.GivenTheCursorIsAtIndex(19) (0.0s)
And the provider used is 'Default'
-&gt; done: IntellisenseProviderSteps.GivenTheProviderUsedIs("Default") (0.0s)
And the suggestion list as '[[@Person.Childs(*).name]],[[@Person.Childs().name]]'
-&gt; done: IntellisenseProviderSteps.GivenTheSuggestionListAs("[[@Person.Childs(...") (0.0s)
When I select the following string option '[[@Person]]'
-&gt; done: IntellisenseProviderSteps.WhenISelectTheFollowingStringOption("[[@Person]]") (0.0s)
Then the result text should be "[[@Person.Childs([[@Person]]" with caret position will be '28'
-&gt; done: IntellisenseProviderSteps.ThenTheResultTextShouldBeWithCaretPositionWillBe("[[@Person.Childs(...", 28) (0.0s)</StdOut>
      </Output>
    </UnitTestResult>
    <UnitTestResult executionId="98425261-5e0c-4459-888a-a3c89a605af9" testId="f1c74dcb-c1c2-1557-6f7c-608990e09121" testName="InsertForJsonFilterTypeAndDefaultProvider_43" computerName="ASH" duration="00:00:00.0016421" startTime="2017-03-16T11:55:25.4272421+02:00" endTime="2017-03-16T11:55:25.4312391+02:00" testType="13cdc9d9-ddb5-4fa4-a97d-d965ccfc6d4b" outcome="Passed" testListId="8c84fa94-04c1-424b-9868-57a2d4851a1d" relativeResultsDirectory="98425261-5e0c-4459-888a-a3c89a605af9">
      <Output>
        <StdOut>Given I have the following intellisense options '[[@Person]],[[@Person.Childs(*).name]],[[@Person.Childs().name]]'
-&gt; done: IntellisenseProviderSteps.GivenIHaveTheFollowingIntellisenseOptions("[[@Person]],[[@Pe...") (0.0s)
And the filter type is 'JsonObject'
-&gt; done: IntellisenseProviderSteps.GivenTheFilterTypeIs("JsonObject") (0.0s)
And the current text in the textbox is '[[@Person.Childs([['
-&gt; done: IntellisenseProviderSteps.GivenTheCurrentTextInTheTextboxIs("[[@Person.Childs([[") (0.0s)
And the cursor is at index '19'
-&gt; done: IntellisenseProviderSteps.GivenTheCursorIsAtIndex(19) (0.0s)
And the provider used is 'Default'
-&gt; done: IntellisenseProviderSteps.GivenTheProviderUsedIs("Default") (0.0s)
And the suggestion list as '[[@Person.Childs(*).name]],[[@Person.Childs().name]]'
-&gt; done: IntellisenseProviderSteps.GivenTheSuggestionListAs("[[@Person.Childs(...") (0.0s)
When I select the following string option '[[@Person.Childs(*).name]]'
-&gt; done: IntellisenseProviderSteps.WhenISelectTheFollowingStringOption("[[@Person.Childs(...") (0.0s)
Then the result text should be "[[@Person.Childs([[@Person.Childs(*).name]]" with caret position will be '43'
-&gt; done: IntellisenseProviderSteps.ThenTheResultTextShouldBeWithCaretPositionWillBe("[[@Person.Childs(...", 43) (0.0s)</StdOut>
      </Output>
    </UnitTestResult>
    <UnitTestResult executionId="fa8774ff-4080-4938-873e-dd8c44bf46d1" testId="c5fbec34-0868-7bba-abdf-3fdf19d5eb18" testName="InsertForJsonFilterTypeAndDefaultProvider_44" computerName="ASH" duration="00:00:00.0014199" startTime="2017-03-16T11:55:25.4352415+02:00" endTime="2017-03-16T11:55:25.4382424+02:00" testType="13cdc9d9-ddb5-4fa4-a97d-d965ccfc6d4b" outcome="Passed" testListId="8c84fa94-04c1-424b-9868-57a2d4851a1d" relativeResultsDirectory="fa8774ff-4080-4938-873e-dd8c44bf46d1">
      <Output>
        <StdOut>Given I have the following intellisense options '[[@Person]],[[@Person.Childs(*).name]],[[@Person.Childs().name]]'
-&gt; done: IntellisenseProviderSteps.GivenIHaveTheFollowingIntellisenseOptions("[[@Person]],[[@Pe...") (0.0s)
And the filter type is 'JsonObject'
-&gt; done: IntellisenseProviderSteps.GivenTheFilterTypeIs("JsonObject") (0.0s)
And the current text in the textbox is '@'
-&gt; done: IntellisenseProviderSteps.GivenTheCurrentTextInTheTextboxIs("@") (0.0s)
And the cursor is at index '1'
-&gt; done: IntellisenseProviderSteps.GivenTheCursorIsAtIndex(1) (0.0s)
And the provider used is 'Default'
-&gt; done: IntellisenseProviderSteps.GivenTheProviderUsedIs("Default") (0.0s)
And the suggestion list as '[[@Person.Childs(*).name]],[[@Person.Childs().name]]'
-&gt; done: IntellisenseProviderSteps.GivenTheSuggestionListAs("[[@Person.Childs(...") (0.0s)
When I select the following string option '[[@Person.Childs(*).name]]'
-&gt; done: IntellisenseProviderSteps.WhenISelectTheFollowingStringOption("[[@Person.Childs(...") (0.0s)
Then the result text should be "[[@Person.Childs(*).name]]" with caret position will be '26'
-&gt; done: IntellisenseProviderSteps.ThenTheResultTextShouldBeWithCaretPositionWillBe("[[@Person.Childs(...", 26) (0.0s)</StdOut>
      </Output>
    </UnitTestResult>
    <UnitTestResult executionId="32c044bc-23e2-4a7c-b239-6350396722a2" testId="1de4f972-13a0-7d24-0757-90ccbe761829" testName="InsertForJsonFilterTypeAndDefaultProvider_45" computerName="ASH" duration="00:00:00.0015065" startTime="2017-03-16T11:55:25.4422403+02:00" endTime="2017-03-16T11:55:25.4452416+02:00" testType="13cdc9d9-ddb5-4fa4-a97d-d965ccfc6d4b" outcome="Passed" testListId="8c84fa94-04c1-424b-9868-57a2d4851a1d" relativeResultsDirectory="32c044bc-23e2-4a7c-b239-6350396722a2">
      <Output>
        <StdOut>Given I have the following intellisense options '[[@Person]],[[@Person.Childs(*).name]],[[@Person.Childs().name]]'
-&gt; done: IntellisenseProviderSteps.GivenIHaveTheFollowingIntellisenseOptions("[[@Person]],[[@Pe...") (0.0s)
And the filter type is 'JsonObject'
-&gt; done: IntellisenseProviderSteps.GivenTheFilterTypeIs("JsonObject") (0.0s)
And the current text in the textbox is '[[@'
-&gt; done: IntellisenseProviderSteps.GivenTheCurrentTextInTheTextboxIs("[[@") (0.0s)
And the cursor is at index '3'
-&gt; done: IntellisenseProviderSteps.GivenTheCursorIsAtIndex(3) (0.0s)
And the provider used is 'Default'
-&gt; done: IntellisenseProviderSteps.GivenTheProviderUsedIs("Default") (0.0s)
And the suggestion list as '[[@Person.Childs(*).name]],[[@Person.Childs().name]]'
-&gt; done: IntellisenseProviderSteps.GivenTheSuggestionListAs("[[@Person.Childs(...") (0.0s)
When I select the following string option '[[@Person.Childs(*).name]]'
-&gt; done: IntellisenseProviderSteps.WhenISelectTheFollowingStringOption("[[@Person.Childs(...") (0.0s)
Then the result text should be "[[@Person.Childs(*).name]]" with caret position will be '26'
-&gt; done: IntellisenseProviderSteps.ThenTheResultTextShouldBeWithCaretPositionWillBe("[[@Person.Childs(...", 26) (0.0s)</StdOut>
      </Output>
    </UnitTestResult>
    <UnitTestResult executionId="94c84bba-1329-4b4e-92f6-0e70d8496e9d" testId="88f8f36e-45b4-39bc-29d9-c76ee5cffbeb" testName="InsertForJsonFilterTypeAndDefaultProvider_5" computerName="ASH" duration="00:00:00.0011410" startTime="2017-03-16T11:55:25.4492407+02:00" endTime="2017-03-16T11:55:25.4522401+02:00" testType="13cdc9d9-ddb5-4fa4-a97d-d965ccfc6d4b" outcome="Passed" testListId="8c84fa94-04c1-424b-9868-57a2d4851a1d" relativeResultsDirectory="94c84bba-1329-4b4e-92f6-0e70d8496e9d">
      <Output>
        <StdOut>Given I have the following intellisense options '[[@Person]],[[@Person.name]]'
-&gt; done: IntellisenseProviderSteps.GivenIHaveTheFollowingIntellisenseOptions("[[@Person]],[[@Pe...") (0.0s)
And the filter type is 'JsonObject'
-&gt; done: IntellisenseProviderSteps.GivenTheFilterTypeIs("JsonObject") (0.0s)
And the current text in the textbox is '[[@Person.name'
-&gt; done: IntellisenseProviderSteps.GivenTheCurrentTextInTheTextboxIs("[[@Person.name") (0.0s)
And the cursor is at index '15'
-&gt; done: IntellisenseProviderSteps.GivenTheCursorIsAtIndex(15) (0.0s)
And the provider used is 'Default'
-&gt; done: IntellisenseProviderSteps.GivenTheProviderUsedIs("Default") (0.0s)
And the suggestion list as '[[@Person.name]]'
-&gt; done: IntellisenseProviderSteps.GivenTheSuggestionListAs("[[@Person.name]]") (0.0s)
When I select the following string option '[[@Person.name]]'
-&gt; done: IntellisenseProviderSteps.WhenISelectTheFollowingStringOption("[[@Person.name]]") (0.0s)
Then the result text should be "[[@Person.name]]" with caret position will be '16'
-&gt; done: IntellisenseProviderSteps.ThenTheResultTextShouldBeWithCaretPositionWillBe("[[@Person.name]]", 16) (0.0s)</StdOut>
      </Output>
    </UnitTestResult>
    <UnitTestResult executionId="4d13d57a-b345-466f-befc-c3ee003f3836" testId="dbc55623-8471-d595-0e2e-45ec40c84e36" testName="InsertForJsonFilterTypeAndDefaultProvider_6" computerName="ASH" duration="00:00:00.0018283" startTime="2017-03-16T11:55:25.4562419+02:00" endTime="2017-03-16T11:55:25.4602420+02:00" testType="13cdc9d9-ddb5-4fa4-a97d-d965ccfc6d4b" outcome="Passed" testListId="8c84fa94-04c1-424b-9868-57a2d4851a1d" relativeResultsDirectory="4d13d57a-b345-466f-befc-c3ee003f3836">
      <Output>
        <StdOut>Given I have the following intellisense options '[[@Person]],[[@Person.name]]'
-&gt; done: IntellisenseProviderSteps.GivenIHaveTheFollowingIntellisenseOptions("[[@Person]],[[@Pe...") (0.0s)
And the filter type is 'JsonObject'
-&gt; done: IntellisenseProviderSteps.GivenTheFilterTypeIs("JsonObject") (0.0s)
And the current text in the textbox is 'name'
-&gt; done: IntellisenseProviderSteps.GivenTheCurrentTextInTheTextboxIs("name") (0.0s)
And the cursor is at index '4'
-&gt; done: IntellisenseProviderSteps.GivenTheCursorIsAtIndex(4) (0.0s)
And the provider used is 'Default'
-&gt; done: IntellisenseProviderSteps.GivenTheProviderUsedIs("Default") (0.0s)
And the suggestion list as '[[@Person.name]]'
-&gt; done: IntellisenseProviderSteps.GivenTheSuggestionListAs("[[@Person.name]]") (0.0s)
When I select the following string option '[[@Person.name]]'
-&gt; done: IntellisenseProviderSteps.WhenISelectTheFollowingStringOption("[[@Person.name]]") (0.0s)
Then the result text should be "[[@Person.name]]" with caret position will be '16'
-&gt; done: IntellisenseProviderSteps.ThenTheResultTextShouldBeWithCaretPositionWillBe("[[@Person.name]]", 16) (0.0s)</StdOut>
      </Output>
    </UnitTestResult>
    <UnitTestResult executionId="c56e1745-66a5-47b3-9b1c-e9e7be84c128" testId="82f01df8-57f1-9530-6062-645494566b22" testName="InsertForJsonFilterTypeAndDefaultProvider_7" computerName="ASH" duration="00:00:00.0017085" startTime="2017-03-16T11:55:25.4652441+02:00" endTime="2017-03-16T11:55:25.4682381+02:00" testType="13cdc9d9-ddb5-4fa4-a97d-d965ccfc6d4b" outcome="Passed" testListId="8c84fa94-04c1-424b-9868-57a2d4851a1d" relativeResultsDirectory="c56e1745-66a5-47b3-9b1c-e9e7be84c128">
      <Output>
        <StdOut>Given I have the following intellisense options '[[@Person]],[[@Person.name]]'
-&gt; done: IntellisenseProviderSteps.GivenIHaveTheFollowingIntellisenseOptions("[[@Person]],[[@Pe...") (0.0s)
And the filter type is 'JsonObject'
-&gt; done: IntellisenseProviderSteps.GivenTheFilterTypeIs("JsonObject") (0.0s)
And the current text in the textbox is '['
-&gt; done: IntellisenseProviderSteps.GivenTheCurrentTextInTheTextboxIs("[") (0.0s)
And the cursor is at index '1'
-&gt; done: IntellisenseProviderSteps.GivenTheCursorIsAtIndex(1) (0.0s)
And the provider used is 'Default'
-&gt; done: IntellisenseProviderSteps.GivenTheProviderUsedIs("Default") (0.0s)
And the suggestion list as '[[@Person.name]],[[@Person]]'
-&gt; done: IntellisenseProviderSteps.GivenTheSuggestionListAs("[[@Person.name]],...") (0.0s)
When I select the following string option '[[@Person.name]]'
-&gt; done: IntellisenseProviderSteps.WhenISelectTheFollowingStringOption("[[@Person.name]]") (0.0s)
Then the result text should be "[[@Person.name]]" with caret position will be '16'
-&gt; done: IntellisenseProviderSteps.ThenTheResultTextShouldBeWithCaretPositionWillBe("[[@Person.name]]", 16) (0.0s)</StdOut>
      </Output>
    </UnitTestResult>
    <UnitTestResult executionId="057580cf-4640-4bc3-a059-b01d9fd81402" testId="5c7cd0ab-4434-eb66-7ca1-7f9e3aab2862" testName="InsertForJsonFilterTypeAndDefaultProvider_8" computerName="ASH" duration="00:00:00.0014108" startTime="2017-03-16T11:55:25.4732451+02:00" endTime="2017-03-16T11:55:25.4767471+02:00" testType="13cdc9d9-ddb5-4fa4-a97d-d965ccfc6d4b" outcome="Passed" testListId="8c84fa94-04c1-424b-9868-57a2d4851a1d" relativeResultsDirectory="057580cf-4640-4bc3-a059-b01d9fd81402">
      <Output>
        <StdOut>Given I have the following intellisense options '[[@Person]],[[@Person.name]]'
-&gt; done: IntellisenseProviderSteps.GivenIHaveTheFollowingIntellisenseOptions("[[@Person]],[[@Pe...") (0.0s)
And the filter type is 'JsonObject'
-&gt; done: IntellisenseProviderSteps.GivenTheFilterTypeIs("JsonObject") (0.0s)
And the current text in the textbox is 'rson'
-&gt; done: IntellisenseProviderSteps.GivenTheCurrentTextInTheTextboxIs("rson") (0.0s)
And the cursor is at index '3'
-&gt; done: IntellisenseProviderSteps.GivenTheCursorIsAtIndex(3) (0.0s)
And the provider used is 'Default'
-&gt; done: IntellisenseProviderSteps.GivenTheProviderUsedIs("Default") (0.0s)
And the suggestion list as '[[@Person.name]],[[@Person]]'
-&gt; done: IntellisenseProviderSteps.GivenTheSuggestionListAs("[[@Person.name]],...") (0.0s)
When I select the following string option '[[@Person.name]]'
-&gt; done: IntellisenseProviderSteps.WhenISelectTheFollowingStringOption("[[@Person.name]]") (0.0s)
Then the result text should be "[[@Person.name]]" with caret position will be '16'
-&gt; done: IntellisenseProviderSteps.ThenTheResultTextShouldBeWithCaretPositionWillBe("[[@Person.name]]", 16) (0.0s)</StdOut>
      </Output>
    </UnitTestResult>
    <UnitTestResult executionId="d8acf5c7-3c8d-474f-9f73-7b29ddd9e612" testId="8c0fc86a-9c6a-fc31-51b3-d421b501ace0" testName="InsertForJsonFilterTypeAndDefaultProvider_9" computerName="ASH" duration="00:00:00.0017293" startTime="2017-03-16T11:55:25.4827447+02:00" endTime="2017-03-16T11:55:25.4862473+02:00" testType="13cdc9d9-ddb5-4fa4-a97d-d965ccfc6d4b" outcome="Passed" testListId="8c84fa94-04c1-424b-9868-57a2d4851a1d" relativeResultsDirectory="d8acf5c7-3c8d-474f-9f73-7b29ddd9e612">
      <Output>
        <StdOut>Given I have the following intellisense options '[[@Person]],[[@Person.name]],[[@Person.Age]]'
-&gt; done: IntellisenseProviderSteps.GivenIHaveTheFollowingIntellisenseOptions("[[@Person]],[[@Pe...") (0.0s)
And the filter type is 'JsonObject'
-&gt; done: IntellisenseProviderSteps.GivenTheFilterTypeIs("JsonObject") (0.0s)
And the current text in the textbox is '@P'
-&gt; done: IntellisenseProviderSteps.GivenTheCurrentTextInTheTextboxIs("@P") (0.0s)
And the cursor is at index '2'
-&gt; done: IntellisenseProviderSteps.GivenTheCursorIsAtIndex(2) (0.0s)
And the provider used is 'Default'
-&gt; done: IntellisenseProviderSteps.GivenTheProviderUsedIs("Default") (0.0s)
And the suggestion list as '[[@Person.Age]],[[@Person.name]],[[@Person]]'
-&gt; done: IntellisenseProviderSteps.GivenTheSuggestionListAs("[[@Person.Age]],[...") (0.0s)
When I select the following string option '[[@Person.name]]'
-&gt; done: IntellisenseProviderSteps.WhenISelectTheFollowingStringOption("[[@Person.name]]") (0.0s)
Then the result text should be "[[@Person.name]]" with caret position will be '16'
-&gt; done: IntellisenseProviderSteps.ThenTheResultTextShouldBeWithCaretPositionWillBe("[[@Person.name]]", 16) (0.0s)</StdOut>
      </Output>
    </UnitTestResult>
    <UnitTestResult executionId="70002bc2-3b00-400e-b333-234c3c06c63c" testId="35e6c9fc-fecf-66cb-c6b6-1bc0d33ee746" testName="InsertForRecordsetFieldsFilterTypeAndDefaultProvider_1" computerName="ASH" duration="00:00:00.0019171" startTime="2017-03-16T11:55:25.4908513+02:00" endTime="2017-03-16T11:55:25.4953104+02:00" testType="13cdc9d9-ddb5-4fa4-a97d-d965ccfc6d4b" outcome="Passed" testListId="8c84fa94-04c1-424b-9868-57a2d4851a1d" relativeResultsDirectory="70002bc2-3b00-400e-b333-234c3c06c63c">
      <Output>
        <StdOut>Given I have the following intellisense options '[[a]],[[rec()]],[[rec().a]],[[set()]],[[set().z]],[[rec(*)]],[[rec(*).a]],[[set(*)]],[[set(*).z]]'
-&gt; done: IntellisenseProviderSteps.GivenIHaveTheFollowingIntellisenseOptions("[[a]],[[rec()]],[...") (0.0s)
And the filter type is 'RecordsetFields'
-&gt; done: IntellisenseProviderSteps.GivenTheFilterTypeIs("RecordsetFields") (0.0s)
And the current text in the textbox is 'a'
-&gt; done: IntellisenseProviderSteps.GivenTheCurrentTextInTheTextboxIs("a") (0.0s)
And the cursor is at index '1'
-&gt; done: IntellisenseProviderSteps.GivenTheCursorIsAtIndex(1) (0.0s)
And the provider used is 'Default'
-&gt; done: IntellisenseProviderSteps.GivenTheProviderUsedIs("Default") (0.0s)
And the suggestion list as '[[rec().a]],[[rec(*).a]]'
-&gt; done: IntellisenseProviderSteps.GivenTheSuggestionListAs("[[rec().a]],[[rec...") (0.0s)
When I select the following string option '[[rec(*).a]]'
-&gt; done: IntellisenseProviderSteps.WhenISelectTheFollowingStringOption("[[rec(*).a]]") (0.0s)
Then the result text should be "[[rec(*).a]]" with caret position will be '12'
-&gt; done: IntellisenseProviderSteps.ThenTheResultTextShouldBeWithCaretPositionWillBe("[[rec(*).a]]", 12) (0.0s)</StdOut>
      </Output>
    </UnitTestResult>
    <UnitTestResult executionId="55b90dfb-2a0c-487a-a6fa-561ce8125972" testId="0193e41a-bae7-8e20-ee4d-94e82dc866cc" testName="InsertForRecordsetFieldsFilterTypeAndDefaultProvider_10" computerName="ASH" duration="00:00:00.0021915" startTime="2017-03-16T11:55:25.4998523+02:00" endTime="2017-03-16T11:55:25.5038505+02:00" testType="13cdc9d9-ddb5-4fa4-a97d-d965ccfc6d4b" outcome="Passed" testListId="8c84fa94-04c1-424b-9868-57a2d4851a1d" relativeResultsDirectory="55b90dfb-2a0c-487a-a6fa-561ce8125972">
      <Output>
        <StdOut>Given I have the following intellisense options '[[rec()]],[[rec().a]],[[a]],[[rec().z]],[[rec(*)]],[[rec(*).a]],[[rec(*).z]]'
-&gt; done: IntellisenseProviderSteps.GivenIHaveTheFollowingIntellisenseOptions("[[rec()]],[[rec()...") (0.0s)
And the filter type is 'RecordsetFields'
-&gt; done: IntellisenseProviderSteps.GivenTheFilterTypeIs("RecordsetFields") (0.0s)
And the current text in the textbox is '[[rec().a]],[[rec().a]]'
-&gt; done: IntellisenseProviderSteps.GivenTheCurrentTextInTheTextboxIs("[[rec().a]],[[rec...") (0.0s)
And the cursor is at index '5'
-&gt; done: IntellisenseProviderSteps.GivenTheCursorIsAtIndex(5) (0.0s)
And the provider used is 'Default'
-&gt; done: IntellisenseProviderSteps.GivenTheProviderUsedIs("Default") (0.0s)
And the suggestion list as '[[rec().a]],[[rec(*).a]],[[rec().z]],[[rec(*).z]]'
-&gt; done: IntellisenseProviderSteps.GivenTheSuggestionListAs("[[rec().a]],[[rec...") (0.0s)
When I select the following string option '[[rec().z]]'
-&gt; done: IntellisenseProviderSteps.WhenISelectTheFollowingStringOption("[[rec().z]]") (0.0s)
Then the result text should be "[[rec().z]],[[rec().a]]" with caret position will be '11'
-&gt; done: IntellisenseProviderSteps.ThenTheResultTextShouldBeWithCaretPositionWillBe("[[rec().z]],[[rec...", 11) (0.0s)</StdOut>
      </Output>
    </UnitTestResult>
    <UnitTestResult executionId="1104bd8d-134c-4d27-884b-9e3540dea38f" testId="d22dee61-a1f2-be99-b4b6-49e02cd3e47e" testName="InsertForRecordsetFieldsFilterTypeAndDefaultProvider_11" computerName="ASH" duration="00:00:00.0014673" startTime="2017-03-16T11:55:25.5088499+02:00" endTime="2017-03-16T11:55:25.5128496+02:00" testType="13cdc9d9-ddb5-4fa4-a97d-d965ccfc6d4b" outcome="Passed" testListId="8c84fa94-04c1-424b-9868-57a2d4851a1d" relativeResultsDirectory="1104bd8d-134c-4d27-884b-9e3540dea38f">
      <Output>
        <StdOut>Given I have the following intellisense options '[[rec()]],[[rec().a]],[[a]],[[rec().z]],[[rec(*)]],[[rec(*).a]],[[rec(*).z]]'
-&gt; done: IntellisenseProviderSteps.GivenIHaveTheFollowingIntellisenseOptions("[[rec()]],[[rec()...") (0.0s)
And the filter type is 'RecordsetFields'
-&gt; done: IntellisenseProviderSteps.GivenTheFilterTypeIs("RecordsetFields") (0.0s)
And the current text in the textbox is '[[rec [[rec().a]]'
-&gt; done: IntellisenseProviderSteps.GivenTheCurrentTextInTheTextboxIs("[[rec [[rec().a]]") (0.0s)
And the cursor is at index '5'
-&gt; done: IntellisenseProviderSteps.GivenTheCursorIsAtIndex(5) (0.0s)
And the provider used is 'Default'
-&gt; done: IntellisenseProviderSteps.GivenTheProviderUsedIs("Default") (0.0s)
And the suggestion list as '[[rec().a]],[[rec(*).a]],[[rec().z]],[[rec(*).z]]'
-&gt; done: IntellisenseProviderSteps.GivenTheSuggestionListAs("[[rec().a]],[[rec...") (0.0s)
When I select the following string option '[[rec().z]]'
-&gt; done: IntellisenseProviderSteps.WhenISelectTheFollowingStringOption("[[rec().z]]") (0.0s)
Then the result text should be "[[rec().z]] [[rec().a]]" with caret position will be '12'
-&gt; done: IntellisenseProviderSteps.ThenTheResultTextShouldBeWithCaretPositionWillBe("[[rec().z]] [[rec...", 12) (0.0s)</StdOut>
      </Output>
    </UnitTestResult>
    <UnitTestResult executionId="13f3b30b-e79f-4aa9-9abf-9352e58f2a8c" testId="4420bed6-dc3f-4713-6478-0b9805bddd9a" testName="InsertForRecordsetFieldsFilterTypeAndDefaultProvider_2" computerName="ASH" duration="00:00:00.0021939" startTime="2017-03-16T11:55:25.5168487+02:00" endTime="2017-03-16T11:55:25.5208500+02:00" testType="13cdc9d9-ddb5-4fa4-a97d-d965ccfc6d4b" outcome="Passed" testListId="8c84fa94-04c1-424b-9868-57a2d4851a1d" relativeResultsDirectory="13f3b30b-e79f-4aa9-9abf-9352e58f2a8c">
      <Output>
        <StdOut>Given I have the following intellisense options '[[a]],[[rec()]],[[rec().a]],[[set()]],[[set().z]],[[rec(*)]],[[rec(*).a]],[[set(*)]],[[set(*).z]]'
-&gt; done: IntellisenseProviderSteps.GivenIHaveTheFollowingIntellisenseOptions("[[a]],[[rec()]],[...") (0.0s)
And the filter type is 'RecordsetFields'
-&gt; done: IntellisenseProviderSteps.GivenTheFilterTypeIs("RecordsetFields") (0.0s)
And the current text in the textbox is 'b'
-&gt; done: IntellisenseProviderSteps.GivenTheCurrentTextInTheTextboxIs("b") (0.0s)
And the cursor is at index '1'
-&gt; done: IntellisenseProviderSteps.GivenTheCursorIsAtIndex(1) (0.0s)
And the provider used is 'Default'
-&gt; done: IntellisenseProviderSteps.GivenTheProviderUsedIs("Default") (0.0s)
And the suggestion list as ''
-&gt; done: IntellisenseProviderSteps.GivenTheSuggestionListAs("") (0.0s)
When I select the following string option ''
-&gt; done: IntellisenseProviderSteps.WhenISelectTheFollowingStringOption("") (0.0s)
Then the result text should be "b" with caret position will be '1'
-&gt; done: IntellisenseProviderSteps.ThenTheResultTextShouldBeWithCaretPositionWillBe("b", 1) (0.0s)</StdOut>
      </Output>
    </UnitTestResult>
    <UnitTestResult executionId="e9d7336d-3a1f-44a2-93d0-ec9fdba3976d" testId="0c2b0547-7b7a-607a-cf89-123880ec6286" testName="InsertForRecordsetFieldsFilterTypeAndDefaultProvider_3" computerName="ASH" duration="00:00:00.0015416" startTime="2017-03-16T11:55:25.5248497+02:00" endTime="2017-03-16T11:55:25.5278488+02:00" testType="13cdc9d9-ddb5-4fa4-a97d-d965ccfc6d4b" outcome="Passed" testListId="8c84fa94-04c1-424b-9868-57a2d4851a1d" relativeResultsDirectory="e9d7336d-3a1f-44a2-93d0-ec9fdba3976d">
      <Output>
        <StdOut>Given I have the following intellisense options '[[a]],[[rec()]],[[rec().a]],[[set()]],[[set().z]],[[rec(*)]],[[rec(*).a]],[[set(*)]],[[set(*).z]]'
-&gt; done: IntellisenseProviderSteps.GivenIHaveTheFollowingIntellisenseOptions("[[a]],[[rec()]],[...") (0.0s)
And the filter type is 'RecordsetFields'
-&gt; done: IntellisenseProviderSteps.GivenTheFilterTypeIs("RecordsetFields") (0.0s)
And the current text in the textbox is '[[()]]'
-&gt; done: IntellisenseProviderSteps.GivenTheCurrentTextInTheTextboxIs("[[()]]") (0.0s)
And the cursor is at index '3'
-&gt; done: IntellisenseProviderSteps.GivenTheCursorIsAtIndex(3) (0.0s)
And the provider used is 'Default'
-&gt; done: IntellisenseProviderSteps.GivenTheProviderUsedIs("Default") (0.0s)
And the suggestion list as ''
-&gt; done: IntellisenseProviderSteps.GivenTheSuggestionListAs("") (0.0s)
When I select the following string option ''
-&gt; done: IntellisenseProviderSteps.WhenISelectTheFollowingStringOption("") (0.0s)
Then the result text should be "[[()]]" with caret position will be '3'
-&gt; done: IntellisenseProviderSteps.ThenTheResultTextShouldBeWithCaretPositionWillBe("[[()]]", 3) (0.0s)</StdOut>
      </Output>
    </UnitTestResult>
    <UnitTestResult executionId="fa8c06e2-b989-4fd2-ac9d-199fa83d68ea" testId="ee4f42db-de40-7591-422a-6fa057a0b801" testName="InsertForRecordsetFieldsFilterTypeAndDefaultProvider_4" computerName="ASH" duration="00:00:00.0017456" startTime="2017-03-16T11:55:25.5328501+02:00" endTime="2017-03-16T11:55:25.5368486+02:00" testType="13cdc9d9-ddb5-4fa4-a97d-d965ccfc6d4b" outcome="Passed" testListId="8c84fa94-04c1-424b-9868-57a2d4851a1d" relativeResultsDirectory="fa8c06e2-b989-4fd2-ac9d-199fa83d68ea">
      <Output>
        <StdOut>Given I have the following intellisense options '[[a]],[[rec()]],[[rec().a]],[[set()]],[[set().z]],[[rec(*)]],[[rec(*).a]],[[set(*)]],[[set(*).z]]'
-&gt; done: IntellisenseProviderSteps.GivenIHaveTheFollowingIntellisenseOptions("[[a]],[[rec()]],[...") (0.0s)
And the filter type is 'RecordsetFields'
-&gt; done: IntellisenseProviderSteps.GivenTheFilterTypeIs("RecordsetFields") (0.0s)
And the current text in the textbox is '[[rec().a]]'
-&gt; done: IntellisenseProviderSteps.GivenTheCurrentTextInTheTextboxIs("[[rec().a]]") (0.0s)
And the cursor is at index '11'
-&gt; done: IntellisenseProviderSteps.GivenTheCursorIsAtIndex(11) (0.0s)
And the provider used is 'Default'
-&gt; done: IntellisenseProviderSteps.GivenTheProviderUsedIs("Default") (0.0s)
And the suggestion list as ''
-&gt; done: IntellisenseProviderSteps.GivenTheSuggestionListAs("") (0.0s)
When I select the following string option ''
-&gt; done: IntellisenseProviderSteps.WhenISelectTheFollowingStringOption("") (0.0s)
Then the result text should be "[[rec().a]]" with caret position will be '11'
-&gt; done: IntellisenseProviderSteps.ThenTheResultTextShouldBeWithCaretPositionWillBe("[[rec().a]]", 11) (0.0s)</StdOut>
      </Output>
    </UnitTestResult>
    <UnitTestResult executionId="5617de69-c638-4775-ac49-e4e86d555abd" testId="7c5e645a-6e42-f244-0307-a775ac6ec45d" testName="InsertForRecordsetFieldsFilterTypeAndDefaultProvider_5" computerName="ASH" duration="00:00:00.0014326" startTime="2017-03-16T11:55:25.5418492+02:00" endTime="2017-03-16T11:55:25.5448483+02:00" testType="13cdc9d9-ddb5-4fa4-a97d-d965ccfc6d4b" outcome="Passed" testListId="8c84fa94-04c1-424b-9868-57a2d4851a1d" relativeResultsDirectory="5617de69-c638-4775-ac49-e4e86d555abd">
      <Output>
        <StdOut>Given I have the following intellisense options '[[rec()]],[[rec().a]],[[a]],[[rec().z]],[[rec(*)]],[[rec(*).a]],[[rec(*).z]]'
-&gt; done: IntellisenseProviderSteps.GivenIHaveTheFollowingIntellisenseOptions("[[rec()]],[[rec()...") (0.0s)
And the filter type is 'RecordsetFields'
-&gt; done: IntellisenseProviderSteps.GivenTheFilterTypeIs("RecordsetFields") (0.0s)
And the current text in the textbox is '[[rec().a]]'
-&gt; done: IntellisenseProviderSteps.GivenTheCurrentTextInTheTextboxIs("[[rec().a]]") (0.0s)
And the cursor is at index '5'
-&gt; done: IntellisenseProviderSteps.GivenTheCursorIsAtIndex(5) (0.0s)
And the provider used is 'Default'
-&gt; done: IntellisenseProviderSteps.GivenTheProviderUsedIs("Default") (0.0s)
And the suggestion list as '[[rec().a]],[[rec(*).a]],[[rec().z]],[[rec(*).z]]'
-&gt; done: IntellisenseProviderSteps.GivenTheSuggestionListAs("[[rec().a]],[[rec...") (0.0s)
When I select the following string option '[[rec().z]]'
-&gt; done: IntellisenseProviderSteps.WhenISelectTheFollowingStringOption("[[rec().z]]") (0.0s)
Then the result text should be "[[rec().z]]" with caret position will be '11'
-&gt; done: IntellisenseProviderSteps.ThenTheResultTextShouldBeWithCaretPositionWillBe("[[rec().z]]", 11) (0.0s)</StdOut>
      </Output>
    </UnitTestResult>
    <UnitTestResult executionId="2245f50a-9f8c-4a14-b16a-0949a0a224e1" testId="d601df32-b7bc-fb3a-10f7-34746c593c3a" testName="InsertForRecordsetFieldsFilterTypeAndDefaultProvider_6" computerName="ASH" duration="00:00:00.0013469" startTime="2017-03-16T11:55:25.5498478+02:00" endTime="2017-03-16T11:55:25.5538478+02:00" testType="13cdc9d9-ddb5-4fa4-a97d-d965ccfc6d4b" outcome="Passed" testListId="8c84fa94-04c1-424b-9868-57a2d4851a1d" relativeResultsDirectory="2245f50a-9f8c-4a14-b16a-0949a0a224e1">
      <Output>
        <StdOut>Given I have the following intellisense options '[[rec()]],[[rec().a]],[[a]],[[rec().z]],[[rec(*)]],[[rec(*).a]],[[rec(*).z]]'
-&gt; done: IntellisenseProviderSteps.GivenIHaveTheFollowingIntellisenseOptions("[[rec()]],[[rec()...") (0.0s)
And the filter type is 'RecordsetFields'
-&gt; done: IntellisenseProviderSteps.GivenTheFilterTypeIs("RecordsetFields") (0.0s)
And the current text in the textbox is '[[rec'
-&gt; done: IntellisenseProviderSteps.GivenTheCurrentTextInTheTextboxIs("[[rec") (0.0s)
And the cursor is at index '5'
-&gt; done: IntellisenseProviderSteps.GivenTheCursorIsAtIndex(5) (0.0s)
And the provider used is 'Default'
-&gt; done: IntellisenseProviderSteps.GivenTheProviderUsedIs("Default") (0.0s)
And the suggestion list as '[[rec().a]],[[rec(*).a]],[[rec().z]],[[rec(*).z]]'
-&gt; done: IntellisenseProviderSteps.GivenTheSuggestionListAs("[[rec().a]],[[rec...") (0.0s)
When I select the following string option '[[rec().z]]'
-&gt; done: IntellisenseProviderSteps.WhenISelectTheFollowingStringOption("[[rec().z]]") (0.0s)
Then the result text should be "[[rec().z]]" with caret position will be '11'
-&gt; done: IntellisenseProviderSteps.ThenTheResultTextShouldBeWithCaretPositionWillBe("[[rec().z]]", 11) (0.0s)</StdOut>
      </Output>
    </UnitTestResult>
    <UnitTestResult executionId="096ef535-11e3-4166-a3bb-732e9d2d6682" testId="499d9b1f-7bcc-91e6-2438-a5390c0e7f4b" testName="InsertForRecordsetFieldsFilterTypeAndDefaultProvider_7" computerName="ASH" duration="00:00:00.0017963" startTime="2017-03-16T11:55:25.5578472+02:00" endTime="2017-03-16T11:55:25.5658482+02:00" testType="13cdc9d9-ddb5-4fa4-a97d-d965ccfc6d4b" outcome="Passed" testListId="8c84fa94-04c1-424b-9868-57a2d4851a1d" relativeResultsDirectory="096ef535-11e3-4166-a3bb-732e9d2d6682">
      <Output>
        <StdOut>Given I have the following intellisense options '[[a]],[[rec()]],[[rec().a]],[[set()]],[[set().z]],[[rec(*)]],[[rec(*).a]],[[set(*)]],[[set(*).z]]'
-&gt; done: IntellisenseProviderSteps.GivenIHaveTheFollowingIntellisenseOptions("[[a]],[[rec()]],[...") (0.0s)
And the filter type is 'RecordsetFields'
-&gt; done: IntellisenseProviderSteps.GivenTheFilterTypeIs("RecordsetFields") (0.0s)
And the current text in the textbox is 'rec e'
-&gt; done: IntellisenseProviderSteps.GivenTheCurrentTextInTheTextboxIs("rec e") (0.0s)
And the cursor is at index '5'
-&gt; done: IntellisenseProviderSteps.GivenTheCursorIsAtIndex(5) (0.0s)
And the provider used is 'Default'
-&gt; done: IntellisenseProviderSteps.GivenTheProviderUsedIs("Default") (0.0s)
And the suggestion list as '[[rec().a]],[[rec(*).a]],[[set().z]],[[set(*).z]]'
-&gt; done: IntellisenseProviderSteps.GivenTheSuggestionListAs("[[rec().a]],[[rec...") (0.0s)
When I select the following string option '[[rec().a]]'
-&gt; done: IntellisenseProviderSteps.WhenISelectTheFollowingStringOption("[[rec().a]]") (0.0s)
Then the result text should be "rec [[rec().a]]" with caret position will be '15'
-&gt; done: IntellisenseProviderSteps.ThenTheResultTextShouldBeWithCaretPositionWillBe("rec [[rec().a]]", 15) (0.0s)</StdOut>
      </Output>
    </UnitTestResult>
    <UnitTestResult executionId="c1ec0ffb-f098-498f-a49b-7245337654f3" testId="957790de-fbcb-20ce-4f00-8a7bfe34f8d6" testName="InsertForRecordsetFieldsFilterTypeAndDefaultProvider_8" computerName="ASH" duration="00:00:00.0014190" startTime="2017-03-16T11:55:25.5708482+02:00" endTime="2017-03-16T11:55:25.5743568+02:00" testType="13cdc9d9-ddb5-4fa4-a97d-d965ccfc6d4b" outcome="Passed" testListId="8c84fa94-04c1-424b-9868-57a2d4851a1d" relativeResultsDirectory="c1ec0ffb-f098-498f-a49b-7245337654f3">
      <Output>
        <StdOut>Given I have the following intellisense options '[[a]],[[rec()]],[[rec().a]],[[set()]],[[set().z]],[[rec(*)]],[[rec(*).a]],[[set(*)]],[[set(*).z]]'
-&gt; done: IntellisenseProviderSteps.GivenIHaveTheFollowingIntellisenseOptions("[[a]],[[rec()]],[...") (0.0s)
And the filter type is 'RecordsetFields'
-&gt; done: IntellisenseProviderSteps.GivenTheFilterTypeIs("RecordsetFields") (0.0s)
And the current text in the textbox is 'a a'
-&gt; done: IntellisenseProviderSteps.GivenTheCurrentTextInTheTextboxIs("a a") (0.0s)
And the cursor is at index '1'
-&gt; done: IntellisenseProviderSteps.GivenTheCursorIsAtIndex(1) (0.0s)
And the provider used is 'Default'
-&gt; done: IntellisenseProviderSteps.GivenTheProviderUsedIs("Default") (0.0s)
And the suggestion list as '[[rec().a]],[[rec(*).a]]'
-&gt; done: IntellisenseProviderSteps.GivenTheSuggestionListAs("[[rec().a]],[[rec...") (0.0s)
When I select the following string option '[[rec(*).a]]'
-&gt; done: IntellisenseProviderSteps.WhenISelectTheFollowingStringOption("[[rec(*).a]]") (0.0s)
Then the result text should be "[[rec(*).a]] a" with caret position will be '12'
-&gt; done: IntellisenseProviderSteps.ThenTheResultTextShouldBeWithCaretPositionWillBe("[[rec(*).a]] a", 12) (0.0s)</StdOut>
      </Output>
    </UnitTestResult>
    <UnitTestResult executionId="5cf73772-44c4-4729-b226-d83981a41aa8" testId="6bf711d3-a313-842f-3e22-f13bee72686e" testName="InsertForRecordsetFieldsFilterTypeAndDefaultProvider_9" computerName="ASH" duration="00:00:00.0019240" startTime="2017-03-16T11:55:25.5788594+02:00" endTime="2017-03-16T11:55:25.5833584+02:00" testType="13cdc9d9-ddb5-4fa4-a97d-d965ccfc6d4b" outcome="Passed" testListId="8c84fa94-04c1-424b-9868-57a2d4851a1d" relativeResultsDirectory="5cf73772-44c4-4729-b226-d83981a41aa8">
      <Output>
        <StdOut>Given I have the following intellisense options '[[a]],[[rec()]],[[rec().a]],[[set()]],[[set().z]],[[rec(*)]],[[rec(*).a]],[[set(*)]],[[set(*).z]]'
-&gt; done: IntellisenseProviderSteps.GivenIHaveTheFollowingIntellisenseOptions("[[a]],[[rec()]],[...") (0.0s)
And the filter type is 'RecordsetFields'
-&gt; done: IntellisenseProviderSteps.GivenTheFilterTypeIs("RecordsetFields") (0.0s)
And the current text in the textbox is 'b b'
-&gt; done: IntellisenseProviderSteps.GivenTheCurrentTextInTheTextboxIs("b b") (0.0s)
And the cursor is at index '1'
-&gt; done: IntellisenseProviderSteps.GivenTheCursorIsAtIndex(1) (0.0s)
And the provider used is 'Default'
-&gt; done: IntellisenseProviderSteps.GivenTheProviderUsedIs("Default") (0.0s)
And the suggestion list as ''
-&gt; done: IntellisenseProviderSteps.GivenTheSuggestionListAs("") (0.0s)
When I select the following string option ''
-&gt; done: IntellisenseProviderSteps.WhenISelectTheFollowingStringOption("") (0.0s)
Then the result text should be "b b" with caret position will be '1'
-&gt; done: IntellisenseProviderSteps.ThenTheResultTextShouldBeWithCaretPositionWillBe("b b", 1) (0.0s)</StdOut>
      </Output>
    </UnitTestResult>
    <UnitTestResult executionId="dfb74306-e892-4eb4-9f6c-e97da567083a" testId="326bce6f-337e-4f26-f512-f2e299a5520f" testName="InsertForRecordsetsOnlyFilterTypeAndDefaultProvider_1" computerName="ASH" duration="00:00:00.0015748" startTime="2017-03-16T11:55:25.5878553+02:00" endTime="2017-03-16T11:55:25.5919310+02:00" testType="13cdc9d9-ddb5-4fa4-a97d-d965ccfc6d4b" outcome="Passed" testListId="8c84fa94-04c1-424b-9868-57a2d4851a1d" relativeResultsDirectory="dfb74306-e892-4eb4-9f6c-e97da567083a">
      <Output>
        <StdOut>Given I have the following intellisense options '[[b]],[[sum().b]],[[mus().b]],[[sum()]],[[mus()]]'
-&gt; done: IntellisenseProviderSteps.GivenIHaveTheFollowingIntellisenseOptions("[[b]],[[sum().b]]...") (0.0s)
And the filter type is 'RecordsetsOnly'
-&gt; done: IntellisenseProviderSteps.GivenTheFilterTypeIs("RecordsetsOnly") (0.0s)
And the current text in the textbox is 'u'
-&gt; done: IntellisenseProviderSteps.GivenTheCurrentTextInTheTextboxIs("u") (0.0s)
And the cursor is at index '1'
-&gt; done: IntellisenseProviderSteps.GivenTheCursorIsAtIndex(1) (0.0s)
And the provider used is 'Default'
-&gt; done: IntellisenseProviderSteps.GivenTheProviderUsedIs("Default") (0.0s)
And the suggestion list as '[[sum()]],[[mus()]]'
-&gt; done: IntellisenseProviderSteps.GivenTheSuggestionListAs("[[sum()]],[[mus()]]") (0.0s)
When I select the following string option '[[sum()]]'
-&gt; done: IntellisenseProviderSteps.WhenISelectTheFollowingStringOption("[[sum()]]") (0.0s)
Then the result text should be "[[sum()]]" with caret position will be '9'
-&gt; done: IntellisenseProviderSteps.ThenTheResultTextShouldBeWithCaretPositionWillBe("[[sum()]]", 9) (0.0s)</StdOut>
      </Output>
    </UnitTestResult>
    <UnitTestResult executionId="8cc1d1ee-ac89-4559-99d6-3f398cd13f06" testId="78213eb9-f281-c7aa-d80b-5e27d2007c6a" testName="InsertForRecordsetsOnlyFilterTypeAndDefaultProvider_10" computerName="ASH" duration="00:00:00.0016813" startTime="2017-03-16T11:55:25.5959290+02:00" endTime="2017-03-16T11:55:25.5989272+02:00" testType="13cdc9d9-ddb5-4fa4-a97d-d965ccfc6d4b" outcome="Passed" testListId="8c84fa94-04c1-424b-9868-57a2d4851a1d" relativeResultsDirectory="8cc1d1ee-ac89-4559-99d6-3f398cd13f06">
      <Output>
        <StdOut>Given I have the following intellisense options '[[ba]],[[b]],[[sum().b]],[[mus().b]],[[sum()]],[[mus()]],[[sum().ba]]'
-&gt; done: IntellisenseProviderSteps.GivenIHaveTheFollowingIntellisenseOptions("[[ba]],[[b]],[[su...") (0.0s)
And the filter type is 'All'
-&gt; done: IntellisenseProviderSteps.GivenTheFilterTypeIs("All") (0.0s)
And the current text in the textbox is '[[sum([[b]]).b]]'
-&gt; done: IntellisenseProviderSteps.GivenTheCurrentTextInTheTextboxIs("[[sum([[b]]).b]]") (0.0s)
And the cursor is at index '14'
-&gt; done: IntellisenseProviderSteps.GivenTheCursorIsAtIndex(14) (0.0s)
And the provider used is 'Default'
-&gt; done: IntellisenseProviderSteps.GivenTheProviderUsedIs("Default") (0.0s)
And the suggestion list as '[[sum().b]],[[sum().ba]]'
-&gt; done: IntellisenseProviderSteps.GivenTheSuggestionListAs("[[sum().b]],[[sum...") (0.0s)
When I select the following string option '[[sum().b]]'
-&gt; done: IntellisenseProviderSteps.WhenISelectTheFollowingStringOption("[[sum().b]]") (0.0s)
Then the result text should be "[[sum().b]]" with caret position will be '11'
-&gt; done: IntellisenseProviderSteps.ThenTheResultTextShouldBeWithCaretPositionWillBe("[[sum().b]]", 11) (0.0s)</StdOut>
      </Output>
    </UnitTestResult>
    <UnitTestResult executionId="6bd6a800-bcb4-4306-9287-a353b2248f7b" testId="34116ec1-2473-90cc-708a-bfdd543f612b" testName="InsertForRecordsetsOnlyFilterTypeAndDefaultProvider_11" computerName="ASH" duration="00:00:00.0012340" startTime="2017-03-16T11:55:25.6039266+02:00" endTime="2017-03-16T11:55:25.6069281+02:00" testType="13cdc9d9-ddb5-4fa4-a97d-d965ccfc6d4b" outcome="Passed" testListId="8c84fa94-04c1-424b-9868-57a2d4851a1d" relativeResultsDirectory="6bd6a800-bcb4-4306-9287-a353b2248f7b">
      <Output>
        <StdOut>Given I have the following intellisense options '[[b]],[[sum().b]],[[mus().b]],[[sum()]],[[mus()]]'
-&gt; done: IntellisenseProviderSteps.GivenIHaveTheFollowingIntellisenseOptions("[[b]],[[sum().b]]...") (0.0s)
And the filter type is 'RecordsetsOnly'
-&gt; done: IntellisenseProviderSteps.GivenTheFilterTypeIs("RecordsetsOnly") (0.0s)
And the current text in the textbox is 'u u'
-&gt; done: IntellisenseProviderSteps.GivenTheCurrentTextInTheTextboxIs("u u") (0.0s)
And the cursor is at index '3'
-&gt; done: IntellisenseProviderSteps.GivenTheCursorIsAtIndex(3) (0.0s)
And the provider used is 'Default'
-&gt; done: IntellisenseProviderSteps.GivenTheProviderUsedIs("Default") (0.0s)
And the suggestion list as '[[sum()]],[[mus()]]'
-&gt; done: IntellisenseProviderSteps.GivenTheSuggestionListAs("[[sum()]],[[mus()]]") (0.0s)
When I select the following string option '[[sum()]]'
-&gt; done: IntellisenseProviderSteps.WhenISelectTheFollowingStringOption("[[sum()]]") (0.0s)
Then the result text should be "u [[sum()]]" with caret position will be '11'
-&gt; done: IntellisenseProviderSteps.ThenTheResultTextShouldBeWithCaretPositionWillBe("u [[sum()]]", 11) (0.0s)</StdOut>
      </Output>
    </UnitTestResult>
    <UnitTestResult executionId="989fe204-00cb-4349-b971-a608988a9597" testId="3b35be7d-3067-f341-3f67-a46e0588a1f9" testName="InsertForRecordsetsOnlyFilterTypeAndDefaultProvider_12" computerName="ASH" duration="00:00:00.0013970" startTime="2017-03-16T11:55:25.6109266+02:00" endTime="2017-03-16T11:55:25.6139279+02:00" testType="13cdc9d9-ddb5-4fa4-a97d-d965ccfc6d4b" outcome="Passed" testListId="8c84fa94-04c1-424b-9868-57a2d4851a1d" relativeResultsDirectory="989fe204-00cb-4349-b971-a608988a9597">
      <Output>
        <StdOut>Given I have the following intellisense options '[[b]],[[sum().b]],[[mus().b]],[[sum()]],[[mus()]]'
-&gt; done: IntellisenseProviderSteps.GivenIHaveTheFollowingIntellisenseOptions("[[b]],[[sum().b]]...") (0.0s)
And the filter type is 'RecordsetsOnly'
-&gt; done: IntellisenseProviderSteps.GivenTheFilterTypeIs("RecordsetsOnly") (0.0s)
And the current text in the textbox is '[[sum()]] s'
-&gt; done: IntellisenseProviderSteps.GivenTheCurrentTextInTheTextboxIs("[[sum()]] s") (0.0s)
And the cursor is at index '11'
-&gt; done: IntellisenseProviderSteps.GivenTheCursorIsAtIndex(11) (0.0s)
And the provider used is 'Default'
-&gt; done: IntellisenseProviderSteps.GivenTheProviderUsedIs("Default") (0.0s)
And the suggestion list as '[[sum()]],[[mus()]]'
-&gt; done: IntellisenseProviderSteps.GivenTheSuggestionListAs("[[sum()]],[[mus()]]") (0.0s)
When I select the following string option '[[mus()]]'
-&gt; done: IntellisenseProviderSteps.WhenISelectTheFollowingStringOption("[[mus()]]") (0.0s)
Then the result text should be "[[sum()]] [[mus()]]" with caret position will be '19'
-&gt; done: IntellisenseProviderSteps.ThenTheResultTextShouldBeWithCaretPositionWillBe("[[sum()]] [[mus()]]", 19) (0.0s)</StdOut>
      </Output>
    </UnitTestResult>
    <UnitTestResult executionId="8c4d3f8b-960c-4269-b2b5-179838433d1a" testId="5e78e0eb-0868-66d9-a6fd-b7e44fdf5dec" testName="InsertForRecordsetsOnlyFilterTypeAndDefaultProvider_13" computerName="ASH" duration="00:00:00.0016055" startTime="2017-03-16T11:55:25.6179276+02:00" endTime="2017-03-16T11:55:25.6219273+02:00" testType="13cdc9d9-ddb5-4fa4-a97d-d965ccfc6d4b" outcome="Passed" testListId="8c84fa94-04c1-424b-9868-57a2d4851a1d" relativeResultsDirectory="8c4d3f8b-960c-4269-b2b5-179838433d1a">
      <Output>
        <StdOut>Given I have the following intellisense options '[[b]],[[sum().b]],[[mus().b]],[[sum()]],[[mus()]],[[sum().ba]]'
-&gt; done: IntellisenseProviderSteps.GivenIHaveTheFollowingIntellisenseOptions("[[b]],[[sum().b]]...") (0.0s)
And the filter type is 'RecordsetFields'
-&gt; done: IntellisenseProviderSteps.GivenTheFilterTypeIs("RecordsetFields") (0.0s)
And the current text in the textbox is '[[sum().b]][[sum().b]]'
-&gt; done: IntellisenseProviderSteps.GivenTheCurrentTextInTheTextboxIs("[[sum().b]][[sum(...") (0.0s)
And the cursor is at index '20'
-&gt; done: IntellisenseProviderSteps.GivenTheCursorIsAtIndex(20) (0.0s)
And the provider used is 'Default'
-&gt; done: IntellisenseProviderSteps.GivenTheProviderUsedIs("Default") (0.0s)
And the suggestion list as '[[sum().b]],[[sum().ba]],[[mus().b]]'
-&gt; done: IntellisenseProviderSteps.GivenTheSuggestionListAs("[[sum().b]],[[sum...") (0.0s)
When I select the following string option '[[sum().ba]]'
-&gt; done: IntellisenseProviderSteps.WhenISelectTheFollowingStringOption("[[sum().ba]]") (0.0s)
Then the result text should be "[[sum().b]][[sum().ba]]" with caret position will be '23'
-&gt; done: IntellisenseProviderSteps.ThenTheResultTextShouldBeWithCaretPositionWillBe("[[sum().b]][[sum(...", 23) (0.0s)</StdOut>
      </Output>
    </UnitTestResult>
    <UnitTestResult executionId="d4e8fa0b-a022-4591-8316-f66b5a3bb75b" testId="5463758d-dd21-47ff-9ad5-28a585ea0ccd" testName="InsertForRecordsetsOnlyFilterTypeAndDefaultProvider_14" computerName="ASH" duration="00:00:00.0013903" startTime="2017-03-16T11:55:25.6299271+02:00" endTime="2017-03-16T11:55:25.6329280+02:00" testType="13cdc9d9-ddb5-4fa4-a97d-d965ccfc6d4b" outcome="Passed" testListId="8c84fa94-04c1-424b-9868-57a2d4851a1d" relativeResultsDirectory="d4e8fa0b-a022-4591-8316-f66b5a3bb75b">
      <Output>
        <StdOut>Given I have the following intellisense options '[[ba]],[[b]],[[sum().b]],[[mus().b]],[[sum()]],[[mus()]],[[sum().ba]]'
-&gt; done: IntellisenseProviderSteps.GivenIHaveTheFollowingIntellisenseOptions("[[ba]],[[b]],[[su...") (0.0s)
And the filter type is 'All'
-&gt; done: IntellisenseProviderSteps.GivenTheFilterTypeIs("All") (0.0s)
And the current text in the textbox is '[[sum().b]]'
-&gt; done: IntellisenseProviderSteps.GivenTheCurrentTextInTheTextboxIs("[[sum().b]]") (0.0s)
And the cursor is at index '9'
-&gt; done: IntellisenseProviderSteps.GivenTheCursorIsAtIndex(9) (0.0s)
And the provider used is 'Default'
-&gt; done: IntellisenseProviderSteps.GivenTheProviderUsedIs("Default") (0.0s)
And the suggestion list as '[[sum().b]],[[sum().ba]]'
-&gt; done: IntellisenseProviderSteps.GivenTheSuggestionListAs("[[sum().b]],[[sum...") (0.0s)
When I select the following string option '[[sum().ba]]'
-&gt; done: IntellisenseProviderSteps.WhenISelectTheFollowingStringOption("[[sum().ba]]") (0.0s)
Then the result text should be "[[sum().ba]]" with caret position will be '12'
-&gt; done: IntellisenseProviderSteps.ThenTheResultTextShouldBeWithCaretPositionWillBe("[[sum().ba]]", 12) (0.0s)</StdOut>
      </Output>
    </UnitTestResult>
    <UnitTestResult executionId="fde768c8-45fd-47bd-88e9-7842ce78b0bd" testId="169b7852-776e-1f41-3fc5-1f49dd6f0dda" testName="InsertForRecordsetsOnlyFilterTypeAndDefaultProvider_15" computerName="ASH" duration="00:00:00.0015497" startTime="2017-03-16T11:55:25.6369283+02:00" endTime="2017-03-16T11:55:25.6409286+02:00" testType="13cdc9d9-ddb5-4fa4-a97d-d965ccfc6d4b" outcome="Passed" testListId="8c84fa94-04c1-424b-9868-57a2d4851a1d" relativeResultsDirectory="fde768c8-45fd-47bd-88e9-7842ce78b0bd">
      <Output>
        <StdOut>Given I have the following intellisense options '[[ba]],[[b]],[[sum().b]],[[mus().b]],[[sum()]],[[mus()]],[[sum().ba]]'
-&gt; done: IntellisenseProviderSteps.GivenIHaveTheFollowingIntellisenseOptions("[[ba]],[[b]],[[su...") (0.0s)
And the filter type is 'All'
-&gt; done: IntellisenseProviderSteps.GivenTheFilterTypeIs("All") (0.0s)
And the current text in the textbox is '[[sum().b]]b'
-&gt; done: IntellisenseProviderSteps.GivenTheCurrentTextInTheTextboxIs("[[sum().b]]b") (0.0s)
And the cursor is at index '12'
-&gt; done: IntellisenseProviderSteps.GivenTheCursorIsAtIndex(12) (0.0s)
And the provider used is 'Default'
-&gt; done: IntellisenseProviderSteps.GivenTheProviderUsedIs("Default") (0.0s)
And the suggestion list as '[[b]],[[ba]],[[sum().b]],[[sum().ba]],[[mus().b]]'
-&gt; done: IntellisenseProviderSteps.GivenTheSuggestionListAs("[[b]],[[ba]],[[su...") (0.0s)
When I select the following string option '[[ba]]'
-&gt; done: IntellisenseProviderSteps.WhenISelectTheFollowingStringOption("[[ba]]") (0.0s)
Then the result text should be "[[sum().b]][[ba]]" with caret position will be '17'
-&gt; done: IntellisenseProviderSteps.ThenTheResultTextShouldBeWithCaretPositionWillBe("[[sum().b]][[ba]]", 17) (0.0s)</StdOut>
      </Output>
    </UnitTestResult>
    <UnitTestResult executionId="c93f1bd2-9f7c-4941-b63f-7c5cec536a31" testId="b2674236-ed13-6c43-25ae-d6ee515d70f3" testName="InsertForRecordsetsOnlyFilterTypeAndDefaultProvider_16" computerName="ASH" duration="00:00:00.0016499" startTime="2017-03-16T11:55:25.6459257+02:00" endTime="2017-03-16T11:55:25.6499248+02:00" testType="13cdc9d9-ddb5-4fa4-a97d-d965ccfc6d4b" outcome="Passed" testListId="8c84fa94-04c1-424b-9868-57a2d4851a1d" relativeResultsDirectory="c93f1bd2-9f7c-4941-b63f-7c5cec536a31">
      <Output>
        <StdOut>Given I have the following intellisense options '[[b]],[[sum().b]],[[mus().b]],[[sum()]],[[mus()]]'
-&gt; done: IntellisenseProviderSteps.GivenIHaveTheFollowingIntellisenseOptions("[[b]],[[sum().b]]...") (0.0s)
And the filter type is 'RecordsetsOnly'
-&gt; done: IntellisenseProviderSteps.GivenTheFilterTypeIs("RecordsetsOnly") (0.0s)
And the current text in the textbox is '=u'
-&gt; done: IntellisenseProviderSteps.GivenTheCurrentTextInTheTextboxIs("=u") (0.0s)
And the cursor is at index '2'
-&gt; done: IntellisenseProviderSteps.GivenTheCursorIsAtIndex(2) (0.0s)
And the provider used is 'Default'
-&gt; done: IntellisenseProviderSteps.GivenTheProviderUsedIs("Default") (0.0s)
And the suggestion list as '[[sum()]],[[mus()]]'
-&gt; done: IntellisenseProviderSteps.GivenTheSuggestionListAs("[[sum()]],[[mus()]]") (0.0s)
When I select the following string option '[[sum()]]'
-&gt; done: IntellisenseProviderSteps.WhenISelectTheFollowingStringOption("[[sum()]]") (0.0s)
Then the result text should be "=[[sum()]]" with caret position will be '10'
-&gt; done: IntellisenseProviderSteps.ThenTheResultTextShouldBeWithCaretPositionWillBe("=[[sum()]]", 10) (0.0s)</StdOut>
      </Output>
    </UnitTestResult>
    <UnitTestResult executionId="b4cf1cd2-ebf6-480f-87eb-378b062fafff" testId="9398219e-e347-2b85-5a22-d27163ae56ee" testName="InsertForRecordsetsOnlyFilterTypeAndDefaultProvider_2" computerName="ASH" duration="00:00:00.0013127" startTime="2017-03-16T11:55:25.6539278+02:00" endTime="2017-03-16T11:55:25.6569254+02:00" testType="13cdc9d9-ddb5-4fa4-a97d-d965ccfc6d4b" outcome="Passed" testListId="8c84fa94-04c1-424b-9868-57a2d4851a1d" relativeResultsDirectory="b4cf1cd2-ebf6-480f-87eb-378b062fafff">
      <Output>
        <StdOut>Given I have the following intellisense options '[[b]],[[sum().b]],[[mus().b]],[[sum()]],[[mus()]]'
-&gt; done: IntellisenseProviderSteps.GivenIHaveTheFollowingIntellisenseOptions("[[b]],[[sum().b]]...") (0.0s)
And the filter type is 'RecordsetsOnly'
-&gt; done: IntellisenseProviderSteps.GivenTheFilterTypeIs("RecordsetsOnly") (0.0s)
And the current text in the textbox is 'b'
-&gt; done: IntellisenseProviderSteps.GivenTheCurrentTextInTheTextboxIs("b") (0.0s)
And the cursor is at index '1'
-&gt; done: IntellisenseProviderSteps.GivenTheCursorIsAtIndex(1) (0.0s)
And the provider used is 'Default'
-&gt; done: IntellisenseProviderSteps.GivenTheProviderUsedIs("Default") (0.0s)
And the suggestion list as ''
-&gt; done: IntellisenseProviderSteps.GivenTheSuggestionListAs("") (0.0s)
When I select the following string option ''
-&gt; done: IntellisenseProviderSteps.WhenISelectTheFollowingStringOption("") (0.0s)
Then the result text should be "b" with caret position will be '1'
-&gt; done: IntellisenseProviderSteps.ThenTheResultTextShouldBeWithCaretPositionWillBe("b", 1) (0.0s)</StdOut>
      </Output>
    </UnitTestResult>
    <UnitTestResult executionId="01838e52-4956-4481-ad83-f51d87d4c740" testId="ed432c94-8144-b268-683f-f81335c92738" testName="InsertForRecordsetsOnlyFilterTypeAndDefaultProvider_3" computerName="ASH" duration="00:00:00.0014371" startTime="2017-03-16T11:55:25.6619255+02:00" endTime="2017-03-16T11:55:25.6649249+02:00" testType="13cdc9d9-ddb5-4fa4-a97d-d965ccfc6d4b" outcome="Passed" testListId="8c84fa94-04c1-424b-9868-57a2d4851a1d" relativeResultsDirectory="01838e52-4956-4481-ad83-f51d87d4c740">
      <Output>
        <StdOut>Given I have the following intellisense options '[[b]],[[sum().b]],[[mus().b]],[[sum()]],[[mus()]]'
-&gt; done: IntellisenseProviderSteps.GivenIHaveTheFollowingIntellisenseOptions("[[b]],[[sum().b]]...") (0.0s)
And the filter type is 'RecordsetsOnly'
-&gt; done: IntellisenseProviderSteps.GivenTheFilterTypeIs("RecordsetsOnly") (0.0s)
And the current text in the textbox is '[[()]]'
-&gt; done: IntellisenseProviderSteps.GivenTheCurrentTextInTheTextboxIs("[[()]]") (0.0s)
And the cursor is at index '3'
-&gt; done: IntellisenseProviderSteps.GivenTheCursorIsAtIndex(3) (0.0s)
And the provider used is 'Default'
-&gt; done: IntellisenseProviderSteps.GivenTheProviderUsedIs("Default") (0.0s)
And the suggestion list as ''
-&gt; done: IntellisenseProviderSteps.GivenTheSuggestionListAs("") (0.0s)
When I select the following string option ''
-&gt; done: IntellisenseProviderSteps.WhenISelectTheFollowingStringOption("") (0.0s)
Then the result text should be "[[()]]" with caret position will be '3'
-&gt; done: IntellisenseProviderSteps.ThenTheResultTextShouldBeWithCaretPositionWillBe("[[()]]", 3) (0.0s)</StdOut>
      </Output>
    </UnitTestResult>
    <UnitTestResult executionId="c1733230-fec1-4bb5-bbd2-f9ea17c7e19b" testId="dbe1e08e-a5be-b3c2-3f4b-a0879dd82739" testName="InsertForRecordsetsOnlyFilterTypeAndDefaultProvider_4" computerName="ASH" duration="00:00:00.0018078" startTime="2017-03-16T11:55:25.6689246+02:00" endTime="2017-03-16T11:55:25.6734323+02:00" testType="13cdc9d9-ddb5-4fa4-a97d-d965ccfc6d4b" outcome="Passed" testListId="8c84fa94-04c1-424b-9868-57a2d4851a1d" relativeResultsDirectory="c1733230-fec1-4bb5-bbd2-f9ea17c7e19b">
      <Output>
        <StdOut>Given I have the following intellisense options '[[b]],[[sum().b]],[[mus().b]],[[sum()]],[[mus()]]'
-&gt; done: IntellisenseProviderSteps.GivenIHaveTheFollowingIntellisenseOptions("[[b]],[[sum().b]]...") (0.0s)
And the filter type is 'RecordsetsOnly'
-&gt; done: IntellisenseProviderSteps.GivenTheFilterTypeIs("RecordsetsOnly") (0.0s)
And the current text in the textbox is '[[sum()]] s'
-&gt; done: IntellisenseProviderSteps.GivenTheCurrentTextInTheTextboxIs("[[sum()]] s") (0.0s)
And the cursor is at index '11'
-&gt; done: IntellisenseProviderSteps.GivenTheCursorIsAtIndex(11) (0.0s)
And the provider used is 'Default'
-&gt; done: IntellisenseProviderSteps.GivenTheProviderUsedIs("Default") (0.0s)
And the suggestion list as '[[sum()]],[[mus()]]'
-&gt; done: IntellisenseProviderSteps.GivenTheSuggestionListAs("[[sum()]],[[mus()]]") (0.0s)
When I select the following string option ''
-&gt; done: IntellisenseProviderSteps.WhenISelectTheFollowingStringOption("") (0.0s)
Then the result text should be "[[sum()]] s" with caret position will be '11'
-&gt; done: IntellisenseProviderSteps.ThenTheResultTextShouldBeWithCaretPositionWillBe("[[sum()]] s", 11) (0.0s)</StdOut>
      </Output>
    </UnitTestResult>
    <UnitTestResult executionId="33f6861d-bc6b-454d-940e-f53834ec63cd" testId="ffeec795-d22d-1d6f-3282-54a80365f3e4" testName="InsertForRecordsetsOnlyFilterTypeAndDefaultProvider_5" computerName="ASH" duration="00:00:00.0014142" startTime="2017-03-16T11:55:25.6779331+02:00" endTime="2017-03-16T11:55:25.6809337+02:00" testType="13cdc9d9-ddb5-4fa4-a97d-d965ccfc6d4b" outcome="Passed" testListId="8c84fa94-04c1-424b-9868-57a2d4851a1d" relativeResultsDirectory="33f6861d-bc6b-454d-940e-f53834ec63cd">
      <Output>
        <StdOut>Given I have the following intellisense options '[[b]],[[sum().b]],[[mus().b]],[[sum()]],[[mus()]]'
-&gt; done: IntellisenseProviderSteps.GivenIHaveTheFollowingIntellisenseOptions("[[b]],[[sum().b]]...") (0.0s)
And the filter type is 'RecordsetsOnly'
-&gt; done: IntellisenseProviderSteps.GivenTheFilterTypeIs("RecordsetsOnly") (0.0s)
And the current text in the textbox is '[[sum()]] [['
-&gt; done: IntellisenseProviderSteps.GivenTheCurrentTextInTheTextboxIs("[[sum()]] [[") (0.0s)
And the cursor is at index '12'
-&gt; done: IntellisenseProviderSteps.GivenTheCursorIsAtIndex(12) (0.0s)
And the provider used is 'Default'
-&gt; done: IntellisenseProviderSteps.GivenTheProviderUsedIs("Default") (0.0s)
And the suggestion list as '[[sum()]],[[mus()]]'
-&gt; done: IntellisenseProviderSteps.GivenTheSuggestionListAs("[[sum()]],[[mus()]]") (0.0s)
When I select the following string option '[[mus()]]'
-&gt; done: IntellisenseProviderSteps.WhenISelectTheFollowingStringOption("[[mus()]]") (0.0s)
Then the result text should be "[[sum()]] [[mus()]]" with caret position will be '19'
-&gt; done: IntellisenseProviderSteps.ThenTheResultTextShouldBeWithCaretPositionWillBe("[[sum()]] [[mus()]]", 19) (0.0s)</StdOut>
      </Output>
    </UnitTestResult>
    <UnitTestResult executionId="879e0b65-e819-4ae7-b206-84d4c7299d01" testId="38db7356-f80c-a43c-1425-6b33b50a6ca8" testName="InsertForRecordsetsOnlyFilterTypeAndDefaultProvider_6" computerName="ASH" duration="00:00:00.0021217" startTime="2017-03-16T11:55:25.6854312+02:00" endTime="2017-03-16T11:55:25.6894424+02:00" testType="13cdc9d9-ddb5-4fa4-a97d-d965ccfc6d4b" outcome="Passed" testListId="8c84fa94-04c1-424b-9868-57a2d4851a1d" relativeResultsDirectory="879e0b65-e819-4ae7-b206-84d4c7299d01">
      <Output>
        <StdOut>Given I have the following intellisense options '[[b]],[[sum().b]],[[mus().b]],[[sum()]],[[mus()]]'
-&gt; done: IntellisenseProviderSteps.GivenIHaveTheFollowingIntellisenseOptions("[[b]],[[sum().b]]...") (0.0s)
And the filter type is 'RecordsetsOnly'
-&gt; done: IntellisenseProviderSteps.GivenTheFilterTypeIs("RecordsetsOnly") (0.0s)
And the current text in the textbox is 'rec s'
-&gt; done: IntellisenseProviderSteps.GivenTheCurrentTextInTheTextboxIs("rec s") (0.0s)
And the cursor is at index '5'
-&gt; done: IntellisenseProviderSteps.GivenTheCursorIsAtIndex(5) (0.0s)
And the provider used is 'Default'
-&gt; done: IntellisenseProviderSteps.GivenTheProviderUsedIs("Default") (0.0s)
And the suggestion list as '[[sum()]],[[mus()]]'
-&gt; done: IntellisenseProviderSteps.GivenTheSuggestionListAs("[[sum()]],[[mus()]]") (0.0s)
When I select the following string option '[[mus()]]'
-&gt; done: IntellisenseProviderSteps.WhenISelectTheFollowingStringOption("[[mus()]]") (0.0s)
Then the result text should be "rec [[mus()]]" with caret position will be '13'
-&gt; done: IntellisenseProviderSteps.ThenTheResultTextShouldBeWithCaretPositionWillBe("rec [[mus()]]", 13) (0.0s)</StdOut>
      </Output>
    </UnitTestResult>
    <UnitTestResult executionId="eef001f6-48a9-4b98-8c8c-9c107733aa7d" testId="c3c77014-a8c9-87f6-f066-244031fa7224" testName="InsertForRecordsetsOnlyFilterTypeAndDefaultProvider_7" computerName="ASH" duration="00:00:00.0026621" startTime="2017-03-16T11:55:25.6944394+02:00" endTime="2017-03-16T11:55:25.6994382+02:00" testType="13cdc9d9-ddb5-4fa4-a97d-d965ccfc6d4b" outcome="Passed" testListId="8c84fa94-04c1-424b-9868-57a2d4851a1d" relativeResultsDirectory="eef001f6-48a9-4b98-8c8c-9c107733aa7d">
      <Output>
        <StdOut>Given I have the following intellisense options '[[b]],[[sum().b]],[[mus().b]],[[sum()]],[[mus()]],[[sum().ba]]'
-&gt; done: IntellisenseProviderSteps.GivenIHaveTheFollowingIntellisenseOptions("[[b]],[[sum().b]]...") (0.0s)
And the filter type is 'RecordsetFields'
-&gt; done: IntellisenseProviderSteps.GivenTheFilterTypeIs("RecordsetFields") (0.0s)
And the current text in the textbox is '[[sum().b]]'
-&gt; done: IntellisenseProviderSteps.GivenTheCurrentTextInTheTextboxIs("[[sum().b]]") (0.0s)
And the cursor is at index '9'
-&gt; done: IntellisenseProviderSteps.GivenTheCursorIsAtIndex(9) (0.0s)
And the provider used is 'Default'
-&gt; done: IntellisenseProviderSteps.GivenTheProviderUsedIs("Default") (0.0s)
And the suggestion list as '[[sum().b]],[[sum().ba]]'
-&gt; done: IntellisenseProviderSteps.GivenTheSuggestionListAs("[[sum().b]],[[sum...") (0.0s)
When I select the following string option '[[sum().ba]]'
-&gt; done: IntellisenseProviderSteps.WhenISelectTheFollowingStringOption("[[sum().ba]]") (0.0s)
Then the result text should be "[[sum().ba]]" with caret position will be '12'
-&gt; done: IntellisenseProviderSteps.ThenTheResultTextShouldBeWithCaretPositionWillBe("[[sum().ba]]", 12) (0.0s)</StdOut>
      </Output>
    </UnitTestResult>
    <UnitTestResult executionId="ccdf8f43-038b-4e33-97eb-8ebf463ab430" testId="13b68975-120e-7665-e3c1-c48367338e4f" testName="InsertForRecordsetsOnlyFilterTypeAndDefaultProvider_8" computerName="ASH" duration="00:00:00.0026977" startTime="2017-03-16T11:55:25.7034416+02:00" endTime="2017-03-16T11:55:25.7094395+02:00" testType="13cdc9d9-ddb5-4fa4-a97d-d965ccfc6d4b" outcome="Passed" testListId="8c84fa94-04c1-424b-9868-57a2d4851a1d" relativeResultsDirectory="ccdf8f43-038b-4e33-97eb-8ebf463ab430">
      <Output>
        <StdOut>Given I have the following intellisense options '[[b]],[[sum().b]],[[mus().b]],[[sum()]],[[mus()]],[[sum().ba]]'
-&gt; done: IntellisenseProviderSteps.GivenIHaveTheFollowingIntellisenseOptions("[[b]],[[sum().b]]...") (0.0s)
And the filter type is 'All'
-&gt; done: IntellisenseProviderSteps.GivenTheFilterTypeIs("All") (0.0s)
And the current text in the textbox is '[[sum(b).b]]'
-&gt; done: IntellisenseProviderSteps.GivenTheCurrentTextInTheTextboxIs("[[sum(b).b]]") (0.0s)
And the cursor is at index '7'
-&gt; done: IntellisenseProviderSteps.GivenTheCursorIsAtIndex(7) (0.0s)
And the provider used is 'Default'
-&gt; done: IntellisenseProviderSteps.GivenTheProviderUsedIs("Default") (0.0s)
And the suggestion list as '[[b]],[[sum().b]],[[sum().ba]],[[mus().b]]'
-&gt; done: IntellisenseProviderSteps.GivenTheSuggestionListAs("[[b]],[[sum().b]]...") (0.0s)
When I select the following string option '[[b]]'
-&gt; done: IntellisenseProviderSteps.WhenISelectTheFollowingStringOption("[[b]]") (0.0s)
Then the result text should be "[[sum([[b]]).b]]" with caret position will be '11'
-&gt; done: IntellisenseProviderSteps.ThenTheResultTextShouldBeWithCaretPositionWillBe("[[sum([[b]]).b]]", 11) (0.0s)</StdOut>
      </Output>
    </UnitTestResult>
    <UnitTestResult executionId="7ef31b5c-525e-4150-89b4-491d2a188869" testId="492f7dcc-8891-4e48-94e4-155ba2b38b23" testName="InsertForRecordsetsOnlyFilterTypeAndDefaultProvider_9" computerName="ASH" duration="00:00:00.0018965" startTime="2017-03-16T11:55:25.7154384+02:00" endTime="2017-03-16T11:55:25.7204375+02:00" testType="13cdc9d9-ddb5-4fa4-a97d-d965ccfc6d4b" outcome="Passed" testListId="8c84fa94-04c1-424b-9868-57a2d4851a1d" relativeResultsDirectory="7ef31b5c-525e-4150-89b4-491d2a188869">
      <Output>
        <StdOut>Given I have the following intellisense options '[[ba]],[[b]],[[sum().b]],[[mus().b]],[[sum()]],[[mus()]],[[sum().ba]]'
-&gt; done: IntellisenseProviderSteps.GivenIHaveTheFollowingIntellisenseOptions("[[ba]],[[b]],[[su...") (0.0s)
And the filter type is 'All'
-&gt; done: IntellisenseProviderSteps.GivenTheFilterTypeIs("All") (0.0s)
And the current text in the textbox is '[[sum([[b]]).b]]'
-&gt; done: IntellisenseProviderSteps.GivenTheCurrentTextInTheTextboxIs("[[sum([[b]]).b]]") (0.0s)
And the cursor is at index '14'
-&gt; done: IntellisenseProviderSteps.GivenTheCursorIsAtIndex(14) (0.0s)
And the provider used is 'Default'
-&gt; done: IntellisenseProviderSteps.GivenTheProviderUsedIs("Default") (0.0s)
And the suggestion list as '[[sum().b]],[[sum().ba]]'
-&gt; done: IntellisenseProviderSteps.GivenTheSuggestionListAs("[[sum().b]],[[sum...") (0.0s)
When I select the following string option '[[sum().ba]]'
-&gt; done: IntellisenseProviderSteps.WhenISelectTheFollowingStringOption("[[sum().ba]]") (0.0s)
Then the result text should be "[[sum().ba]]" with caret position will be '12'
-&gt; done: IntellisenseProviderSteps.ThenTheResultTextShouldBeWithCaretPositionWillBe("[[sum().ba]]", 12) (0.0s)</StdOut>
      </Output>
    </UnitTestResult>
    <UnitTestResult executionId="18b3a368-d711-4c95-afc0-98ee804e0304" testId="ffd05fc4-15e9-3384-2b07-bbffa2887ac2" testName="RecsetOnlyHasNoErrorsForValidVariableIndexes_Variant0" computerName="ASH" duration="00:00:00.0057356" startTime="2017-03-16T11:55:25.7244372+02:00" endTime="2017-03-16T11:55:25.7324385+02:00" testType="13cdc9d9-ddb5-4fa4-a97d-d965ccfc6d4b" outcome="Passed" testListId="8c84fa94-04c1-424b-9868-57a2d4851a1d" relativeResultsDirectory="18b3a368-d711-4c95-afc0-98ee804e0304">
      <Output>
        <StdOut>Given I have the following variable list '&lt;x/&gt;&lt;sum&gt;&lt;b/&gt;&lt;/sum&gt;&lt;mus&gt;&lt;b/&gt;&lt;/mus&gt;'
-&gt; done: IntellisenseProviderSteps.GivenIHaveTheFollowingVariableList("&lt;x/&gt;&lt;sum&gt;&lt;b/&gt;&lt;/su...") (0.0s)
And the filter type is 'RecordsetsOnly'
-&gt; done: IntellisenseProviderSteps.GivenTheFilterTypeIs("RecordsetsOnly") (0.0s)
And the current text in the textbox is '[[sum([[x]])]]'
-&gt; done: IntellisenseProviderSteps.GivenTheCurrentTextInTheTextboxIs("[[sum([[x]])]]") (0.0s)
And the cursor is at index '11'
-&gt; done: IntellisenseProviderSteps.GivenTheCursorIsAtIndex(11) (0.0s)
And the provider used is 'Default'
-&gt; done: IntellisenseProviderSteps.GivenTheProviderUsedIs("Default") (0.0s)
Then the result has 'true' errors
-&gt; done: IntellisenseProviderSteps.ThenTheResultHasErrors("true") (0.0s)</StdOut>
      </Output>
    </UnitTestResult>
    <UnitTestResult executionId="00ca8efd-66a9-404a-a3de-f2a1b662c27a" testId="f463da5c-7268-2fe2-b4fc-4d2a6e22eda4" testName="RecsetOnlyHasNoErrorsForValidVariableIndexes_Variant1" computerName="ASH" duration="00:00:00.0034768" startTime="2017-03-16T11:55:25.7364361+02:00" endTime="2017-03-16T11:55:25.7414376+02:00" testType="13cdc9d9-ddb5-4fa4-a97d-d965ccfc6d4b" outcome="Passed" testListId="8c84fa94-04c1-424b-9868-57a2d4851a1d" relativeResultsDirectory="00ca8efd-66a9-404a-a3de-f2a1b662c27a">
      <Output>
        <StdOut>Given I have the following variable list '&lt;x/&gt;&lt;sum&gt;&lt;b/&gt;&lt;/sum&gt;&lt;mus&gt;&lt;b/&gt;&lt;/mus&gt;'
-&gt; done: IntellisenseProviderSteps.GivenIHaveTheFollowingVariableList("&lt;x/&gt;&lt;sum&gt;&lt;b/&gt;&lt;/su...") (0.0s)
And the filter type is 'RecordsetsOnly'
-&gt; done: IntellisenseProviderSteps.GivenTheFilterTypeIs("RecordsetsOnly") (0.0s)
And the current text in the textbox is '[[sum([[assc]])]]'
-&gt; done: IntellisenseProviderSteps.GivenTheCurrentTextInTheTextboxIs("[[sum([[assc]])]]") (0.0s)
And the cursor is at index '11'
-&gt; done: IntellisenseProviderSteps.GivenTheCursorIsAtIndex(11) (0.0s)
And the provider used is 'Default'
-&gt; done: IntellisenseProviderSteps.GivenTheProviderUsedIs("Default") (0.0s)
Then the result has 'true' errors
-&gt; done: IntellisenseProviderSteps.ThenTheResultHasErrors("true") (0.0s)</StdOut>
      </Output>
    </UnitTestResult>
    <UnitTestResult executionId="7f2b4a2d-9fc8-459f-aff2-4f5f51919bc9" testId="ba8cb559-23f6-7ce3-b178-4c5b1484b9f8" testName="ValidationMessagesWhenInvalidVariables_1" computerName="ASH" duration="00:00:00.0114205" startTime="2017-03-16T11:55:25.7454376+02:00" endTime="2017-03-16T11:55:25.7594359+02:00" testType="13cdc9d9-ddb5-4fa4-a97d-d965ccfc6d4b" outcome="Passed" testListId="8c84fa94-04c1-424b-9868-57a2d4851a1d" relativeResultsDirectory="7f2b4a2d-9fc8-459f-aff2-4f5f51919bc9">
      <Output>
        <StdOut>Given the current text in the textbox is '[[my(-1).var]]'
-&gt; done: IntellisenseProviderSteps.GivenTheCurrentTextInTheTextboxIs("[[my(-1).var]]") (0.0s)
And the provider used is 'Default'
-&gt; done: IntellisenseProviderSteps.GivenTheProviderUsedIs("Default") (0.0s)
Then the result has the error 'Recordset index [ -1 ] is not greater than zero'
-&gt; done: IntellisenseProviderSteps.ThenTheResultHasTheError("Recordset index [...") (0.0s)</StdOut>
      </Output>
    </UnitTestResult>
    <UnitTestResult executionId="d19eecf5-9cbd-4d2d-971f-65759acf21d1" testId="22e0e1a4-b370-68c3-abfa-a3a431384a5c" testName="ValidationMessagesWhenInvalidVariables_10" computerName="ASH" duration="00:00:00.0052092" startTime="2017-03-16T11:55:25.7644357+02:00" endTime="2017-03-16T11:55:25.7729419+02:00" testType="13cdc9d9-ddb5-4fa4-a97d-d965ccfc6d4b" outcome="Passed" testListId="8c84fa94-04c1-424b-9868-57a2d4851a1d" relativeResultsDirectory="d19eecf5-9cbd-4d2d-971f-65759acf21d1">
      <Output>
        <StdOut>Given the current text in the textbox is '[[var]]00[['
-&gt; done: IntellisenseProviderSteps.GivenTheCurrentTextInTheTextboxIs("[[var]]00[[") (0.0s)
And the provider used is 'Default'
-&gt; done: IntellisenseProviderSteps.GivenTheProviderUsedIs("Default") (0.0s)
Then the result has the error 'Invalid region detected: An open [[ without a related close ]]'
-&gt; done: IntellisenseProviderSteps.ThenTheResultHasTheError("Invalid region de...") (0.0s)</StdOut>
      </Output>
    </UnitTestResult>
    <UnitTestResult executionId="73886556-f3ea-43c1-ad09-584721b288f7" testId="429fd901-2126-fd21-2e6a-a04914fa3003" testName="ValidationMessagesWhenInvalidVariables_2" computerName="ASH" duration="00:00:00.0013770" startTime="2017-03-16T11:55:25.7769413+02:00" endTime="2017-03-16T11:55:25.7799441+02:00" testType="13cdc9d9-ddb5-4fa4-a97d-d965ccfc6d4b" outcome="Passed" testListId="8c84fa94-04c1-424b-9868-57a2d4851a1d" relativeResultsDirectory="73886556-f3ea-43c1-ad09-584721b288f7">
      <Output>
        <StdOut>Given the current text in the textbox is '[[rec"()".a]]'
-&gt; done: IntellisenseProviderSteps.GivenTheCurrentTextInTheTextboxIs("[[rec"()".a]]") (0.0s)
And the provider used is 'Default'
-&gt; done: IntellisenseProviderSteps.GivenTheProviderUsedIs("Default") (0.0s)
Then the result has the error 'Variable name [[rec"()".a]] contains invalid character(s). Only use alphanumeric _ and -'
-&gt; done: IntellisenseProviderSteps.ThenTheResultHasTheError("Variable name [[r...") (0.0s)</StdOut>
      </Output>
    </UnitTestResult>
    <UnitTestResult executionId="604f4347-bb97-4015-b056-0f10747ae401" testId="377a0a1f-ee8f-e032-dfa9-4c5f3358fd78" testName="ValidationMessagesWhenInvalidVariables_3" computerName="ASH" duration="00:00:00.0009879" startTime="2017-03-16T11:55:25.7854452+02:00" endTime="2017-03-16T11:55:25.7879408+02:00" testType="13cdc9d9-ddb5-4fa4-a97d-d965ccfc6d4b" outcome="Passed" testListId="8c84fa94-04c1-424b-9868-57a2d4851a1d" relativeResultsDirectory="604f4347-bb97-4015-b056-0f10747ae401">
      <Output>
        <StdOut>Given the current text in the textbox is '[[rec.a]]'
-&gt; done: IntellisenseProviderSteps.GivenTheCurrentTextInTheTextboxIs("[[rec.a]]") (0.0s)
And the provider used is 'Default'
-&gt; done: IntellisenseProviderSteps.GivenTheProviderUsedIs("Default") (0.0s)
Then the result has the error 'Variable name [[rec.a]] contains invalid character(s). Only use alphanumeric _ and -'
-&gt; done: IntellisenseProviderSteps.ThenTheResultHasTheError("Variable name [[r...") (0.0s)</StdOut>
      </Output>
    </UnitTestResult>
    <UnitTestResult executionId="69971d6a-123e-4159-99b6-0e765fd5cce7" testId="6414cf03-7edd-c303-d741-f048b9ee4ce8" testName="ValidationMessagesWhenInvalidVariables_4" computerName="ASH" duration="00:00:00.0071284" startTime="2017-03-16T11:55:25.7914479+02:00" endTime="2017-03-16T11:55:25.8004501+02:00" testType="13cdc9d9-ddb5-4fa4-a97d-d965ccfc6d4b" outcome="Passed" testListId="8c84fa94-04c1-424b-9868-57a2d4851a1d" relativeResultsDirectory="69971d6a-123e-4159-99b6-0e765fd5cce7">
      <Output>
        <StdOut>Given the current text in the textbox is '[[1]]'
-&gt; done: IntellisenseProviderSteps.GivenTheCurrentTextInTheTextboxIs("[[1]]") (0.0s)
And the provider used is 'Default'
-&gt; done: IntellisenseProviderSteps.GivenTheProviderUsedIs("Default") (0.0s)
Then the result has the error 'Recordset field [[1]] begins with a number'
-&gt; done: IntellisenseProviderSteps.ThenTheResultHasTheError("Recordset field [...") (0.0s)</StdOut>
      </Output>
    </UnitTestResult>
    <UnitTestResult executionId="1b35bd1f-7687-478d-ba23-55759df9d33d" testId="5f8bec46-c9e9-482e-b321-1c69409ab622" testName="ValidationMessagesWhenInvalidVariables_5" computerName="ASH" duration="00:00:00.0009819" startTime="2017-03-16T11:55:25.8054498+02:00" endTime="2017-03-16T11:55:25.8094486+02:00" testType="13cdc9d9-ddb5-4fa4-a97d-d965ccfc6d4b" outcome="Passed" testListId="8c84fa94-04c1-424b-9868-57a2d4851a1d" relativeResultsDirectory="1b35bd1f-7687-478d-ba23-55759df9d33d">
      <Output>
        <StdOut>Given the current text in the textbox is '[[@]]'
-&gt; done: IntellisenseProviderSteps.GivenTheCurrentTextInTheTextboxIs("[[@]]") (0.0s)
And the provider used is 'Default'
-&gt; done: IntellisenseProviderSteps.GivenTheProviderUsedIs("Default") (0.0s)
Then the result has the error 'Variable name [[@]] contains invalid character(s). Only use alphanumeric _ and -'
-&gt; done: IntellisenseProviderSteps.ThenTheResultHasTheError("Variable name [[@...") (0.0s)</StdOut>
      </Output>
    </UnitTestResult>
    <UnitTestResult executionId="be7510ae-4f6e-4047-b156-287f2e6dbd97" testId="f8e54e4b-7982-278f-ab74-4f161d60ad25" testName="ValidationMessagesWhenInvalidVariables_6" computerName="ASH" duration="00:00:00.0009116" startTime="2017-03-16T11:55:25.8134475+02:00" endTime="2017-03-16T11:55:25.8164496+02:00" testType="13cdc9d9-ddb5-4fa4-a97d-d965ccfc6d4b" outcome="Passed" testListId="8c84fa94-04c1-424b-9868-57a2d4851a1d" relativeResultsDirectory="be7510ae-4f6e-4047-b156-287f2e6dbd97">
      <Output>
        <StdOut>Given the current text in the textbox is '[[var#]]'
-&gt; done: IntellisenseProviderSteps.GivenTheCurrentTextInTheTextboxIs("[[var#]]") (0.0s)
And the provider used is 'Default'
-&gt; done: IntellisenseProviderSteps.GivenTheProviderUsedIs("Default") (0.0s)
Then the result has the error 'Variable name [[var#]] contains invalid character(s). Only use alphanumeric _ and -'
-&gt; done: IntellisenseProviderSteps.ThenTheResultHasTheError("Variable name [[v...") (0.0s)</StdOut>
      </Output>
    </UnitTestResult>
    <UnitTestResult executionId="d4c0f115-a7c5-4dd7-ad70-4ef4ed4daef8" testId="f41e8652-a1eb-247b-c6db-dcd7f67cf994" testName="ValidationMessagesWhenInvalidVariables_7" computerName="ASH" duration="00:00:00.0011515" startTime="2017-03-16T11:55:25.8204508+02:00" endTime="2017-03-16T11:55:25.8234457+02:00" testType="13cdc9d9-ddb5-4fa4-a97d-d965ccfc6d4b" outcome="Passed" testListId="8c84fa94-04c1-424b-9868-57a2d4851a1d" relativeResultsDirectory="d4c0f115-a7c5-4dd7-ad70-4ef4ed4daef8">
      <Output>
        <StdOut>Given the current text in the textbox is '[[var]]00]]'
-&gt; done: IntellisenseProviderSteps.GivenTheCurrentTextInTheTextboxIs("[[var]]00]]") (0.0s)
And the provider used is 'Default'
-&gt; done: IntellisenseProviderSteps.GivenTheProviderUsedIs("Default") (0.0s)
Then the result has the error 'Invalid region detected: A close ]] without a related open [['
-&gt; done: IntellisenseProviderSteps.ThenTheResultHasTheError("Invalid region de...") (0.0s)</StdOut>
      </Output>
    </UnitTestResult>
    <UnitTestResult executionId="fe65536c-6a67-4f1a-80f4-a5496db6bfe0" testId="1a77bd44-a2b9-d12b-49cd-1c4fc7219e1d" testName="ValidationMessagesWhenInvalidVariables_8" computerName="ASH" duration="00:00:00.0008778" startTime="2017-03-16T11:55:25.8274460+02:00" endTime="2017-03-16T11:55:25.8304461+02:00" testType="13cdc9d9-ddb5-4fa4-a97d-d965ccfc6d4b" outcome="Passed" testListId="8c84fa94-04c1-424b-9868-57a2d4851a1d" relativeResultsDirectory="fe65536c-6a67-4f1a-80f4-a5496db6bfe0">
      <Output>
        <StdOut>Given the current text in the textbox is '[[]]'
-&gt; done: IntellisenseProviderSteps.GivenTheCurrentTextInTheTextboxIs("[[]]") (0.0s)
And the provider used is 'Default'
-&gt; done: IntellisenseProviderSteps.GivenTheProviderUsedIs("Default") (0.0s)
Then the result has the error 'Variable name [[]] contains invalid character(s). Only use alphanumeric _ and -'
-&gt; done: IntellisenseProviderSteps.ThenTheResultHasTheError("Variable name [[]...") (0.0s)</StdOut>
      </Output>
    </UnitTestResult>
    <UnitTestResult executionId="79f423c2-c9cd-4c23-a968-0bd7c7c5ac9a" testId="013d94d6-dee4-f359-85e4-b802a8022eda" testName="ValidationMessagesWhenInvalidVariables_9" computerName="ASH" duration="00:00:00.0009568" startTime="2017-03-16T11:55:25.8344446+02:00" endTime="2017-03-16T11:55:25.8364455+02:00" testType="13cdc9d9-ddb5-4fa4-a97d-d965ccfc6d4b" outcome="Passed" testListId="8c84fa94-04c1-424b-9868-57a2d4851a1d" relativeResultsDirectory="79f423c2-c9cd-4c23-a968-0bd7c7c5ac9a">
      <Output>
        <StdOut>Given the current text in the textbox is '[[r(q).a]][[r()..]][[r"]][[r()]][[]][[1]]'
-&gt; done: IntellisenseProviderSteps.GivenTheCurrentTextInTheTextboxIs("[[r(q).a]][[r().....") (0.0s)
And the provider used is 'Default'
-&gt; done: IntellisenseProviderSteps.GivenTheProviderUsedIs("Default") (0.0s)
Then the result has the error 'Variable name [[r(q).a]][[r()..]][[r"]][[r()]][[]][[1]] contains invalid character(s). Only use alphanumeric _ and -'
-&gt; done: IntellisenseProviderSteps.ThenTheResultHasTheError("Variable name [[r...") (0.0s)</StdOut>
      </Output>
    </UnitTestResult>
  </Results>
</TestRun>